TIMESTAMP: 5, UE_ID: 248, CELL_SOURCE_ID: 8, CELL_TARGET_ID: 1, RSRP_SOURCE: -58.60, RSRP_TARGET: -46.92, RSRQ_SOURCE: -3.00, RSRQ_TARGET: -3.00, SINR_SOURCE: 51.32, SINR_TARGET: 63.39, TIME_TO_TRIGGER: 8.00, A3_OFFSET: 8.00, HOF: 1
TIMESTAMP: 6, UE_ID: 210, CELL_SOURCE_ID: 8, CELL_TARGET_ID: 1, RSRP_SOURCE: -85.27, RSRP_TARGET: -72.16, RSRQ_SOURCE: -3.00, RSRQ_TARGET: -3.00, SINR_SOURCE: 22.24, SINR_TARGET: 42.63, TIME_TO_TRIGGER: 8.00, A3_OFFSET: 8.00, HOF: 1
TIMESTAMP: 7, UE_ID: 105, CELL_SOURCE_ID: 20, CELL_TARGET_ID: 1, RSRP_SOURCE: -83.59, RSRP_TARGET: -66.75, RSRQ_SOURCE: -3.00, RSRQ_TARGET: -3.00, SINR_SOURCE: 15.06, SINR_TARGET: 40.45, TIME_TO_TRIGGER: 8.00, A3_OFFSET: 8.00, HOF: 1
TIMESTAMP: 7, UE_ID: 247, CELL_SOURCE_ID: 20, CELL_TARGET_ID: 1, RSRP_SOURCE: -58.57, RSRP_TARGET: -44.57, RSRQ_SOURCE: -3.00, RSRQ_TARGET: -3.00, SINR_SOURCE: 39.81, SINR_TARGET: 62.85, TIME_TO_TRIGGER: 8.00, A3_OFFSET: 8.00, HOF: 0
TIMESTAMP: 7, UE_ID: 273, CELL_SOURCE_ID: 20, CELL_TARGET_ID: 1, RSRP_SOURCE: -78.88, RSRP_TARGET: -57.33, RSRQ_SOURCE: -3.00, RSRQ_TARGET: -3.00, SINR_SOURCE: 16.15, SINR_TARGET: 52.86, TIME_TO_TRIGGER: 8.00, A3_OFFSET: 8.00, HOF: 0
TIMESTAMP: 7, UE_ID: 279, CELL_SOURCE_ID: 20, CELL_TARGET_ID: 1, RSRP_SOURCE: -88.34, RSRP_TARGET: -61.45, RSRQ_SOURCE: -3.00, RSRQ_TARGET: -3.00, SINR_SOURCE: 11.23, SINR_TARGET: 48.60, TIME_TO_TRIGGER: 8.00, A3_OFFSET: 8.00, HOF: 1
TIMESTAMP: 10, UE_ID: 210, CELL_SOURCE_ID: 1, CELL_TARGET_ID: 2, RSRP_SOURCE: -84.32, RSRP_TARGET: -76.01, RSRQ_SOURCE: -3.00, RSRQ_TARGET: -3.00, SINR_SOURCE: 24.97, SINR_TARGET: 35.89, TIME_TO_TRIGGER: 8.00, A3_OFFSET: 8.00, HOF: 0
TIMESTAMP: 11, UE_ID: 96, CELL_SOURCE_ID: 20, CELL_TARGET_ID: 1, RSRP_SOURCE: -73.09, RSRP_TARGET: -54.08, RSRQ_SOURCE: -3.00, RSRQ_TARGET: -3.00, SINR_SOURCE: 31.68, SINR_TARGET: 57.51, TIME_TO_TRIGGER: 8.00, A3_OFFSET: 8.00, HOF: 1
TIMESTAMP: 11, UE_ID: 105, CELL_SOURCE_ID: 1, CELL_TARGET_ID: 3, RSRP_SOURCE: -77.51, RSRP_TARGET: -68.74, RSRQ_SOURCE: -3.00, RSRQ_TARGET: -3.00, SINR_SOURCE: 33.41, SINR_TARGET: 40.15, TIME_TO_TRIGGER: 8.00, A3_OFFSET: 8.00, HOF: 1
TIMESTAMP: 11, UE_ID: 121, CELL_SOURCE_ID: 20, CELL_TARGET_ID: 1, RSRP_SOURCE: -62.63, RSRP_TARGET: -54.03, RSRQ_SOURCE: -3.00, RSRQ_TARGET: -3.00, SINR_SOURCE: 39.71, SINR_TARGET: 55.39, TIME_TO_TRIGGER: 8.00, A3_OFFSET: 8.00, HOF: 1
TIMESTAMP: 11, UE_ID: 247, CELL_SOURCE_ID: 20, CELL_TARGET_ID: 1, RSRP_SOURCE: -56.04, RSRP_TARGET: -43.47, RSRQ_SOURCE: -3.00, RSRQ_TARGET: -3.00, SINR_SOURCE: 41.01, SINR_TARGET: 67.58, TIME_TO_TRIGGER: 8.00, A3_OFFSET: 8.00, HOF: 1
TIMESTAMP: 11, UE_ID: 249, CELL_SOURCE_ID: 2, CELL_TARGET_ID: 1, RSRP_SOURCE: -95.02, RSRP_TARGET: -71.14, RSRQ_SOURCE: -3.00, RSRQ_TARGET: -3.00, SINR_SOURCE: 3.35, SINR_TARGET: 39.30, TIME_TO_TRIGGER: 8.00, A3_OFFSET: 8.00, HOF: 0
TIMESTAMP: 11, UE_ID: 251, CELL_SOURCE_ID: 20, CELL_TARGET_ID: 1, RSRP_SOURCE: -96.06, RSRP_TARGET: -78.27, RSRQ_SOURCE: -3.00, RSRQ_TARGET: -3.00, SINR_SOURCE: 9.40, SINR_TARGET: 29.29, TIME_TO_TRIGGER: 8.00, A3_OFFSET: 8.00, HOF: 1
TIMESTAMP: 11, UE_ID: 266, CELL_SOURCE_ID: 20, CELL_TARGET_ID: 1, RSRP_SOURCE: -98.54, RSRP_TARGET: -85.88, RSRQ_SOURCE: -3.00, RSRQ_TARGET: -3.00, SINR_SOURCE: 3.19, SINR_TARGET: 24.52, TIME_TO_TRIGGER: 8.00, A3_OFFSET: 8.00, HOF: 1
TIMESTAMP: 11, UE_ID: 275, CELL_SOURCE_ID: 20, CELL_TARGET_ID: 1, RSRP_SOURCE: -86.95, RSRP_TARGET: -75.61, RSRQ_SOURCE: -3.00, RSRQ_TARGET: -3.00, SINR_SOURCE: 9.93, SINR_TARGET: 38.67, TIME_TO_TRIGGER: 8.00, A3_OFFSET: 8.00, HOF: 1
TIMESTAMP: 11, UE_ID: 294, CELL_SOURCE_ID: 20, CELL_TARGET_ID: 1, RSRP_SOURCE: -93.64, RSRP_TARGET: -68.96, RSRQ_SOURCE: -3.00, RSRQ_TARGET: -3.00, SINR_SOURCE: 6.97, SINR_TARGET: 41.50, TIME_TO_TRIGGER: 8.00, A3_OFFSET: 8.00, HOF: 1
TIMESTAMP: 11, UE_ID: 297, CELL_SOURCE_ID: 20, CELL_TARGET_ID: 1, RSRP_SOURCE: -97.88, RSRP_TARGET: -81.99, RSRQ_SOURCE: -3.00, RSRQ_TARGET: -3.00, SINR_SOURCE: 4.76, SINR_TARGET: 26.63, TIME_TO_TRIGGER: 8.00, A3_OFFSET: 8.00, HOF: 1
TIMESTAMP: 12, UE_ID: 7, CELL_SOURCE_ID: 2, CELL_TARGET_ID: 1, RSRP_SOURCE: -61.14, RSRP_TARGET: -22.28, RSRQ_SOURCE: -3.00, RSRQ_TARGET: -3.00, SINR_SOURCE: 36.81, SINR_TARGET: 86.61, TIME_TO_TRIGGER: 8.00, A3_OFFSET: 8.00, HOF: 1
TIMESTAMP: 12, UE_ID: 100, CELL_SOURCE_ID: 2, CELL_TARGET_ID: 1, RSRP_SOURCE: -64.89, RSRP_TARGET: -35.63, RSRQ_SOURCE: -3.00, RSRQ_TARGET: -3.00, SINR_SOURCE: 31.48, SINR_TARGET: 75.54, TIME_TO_TRIGGER: 8.00, A3_OFFSET: 8.00, HOF: 1
TIMESTAMP: 12, UE_ID: 103, CELL_SOURCE_ID: 2, CELL_TARGET_ID: 1, RSRP_SOURCE: -76.54, RSRP_TARGET: -45.02, RSRQ_SOURCE: -3.00, RSRQ_TARGET: -3.00, SINR_SOURCE: 22.13, SINR_TARGET: 64.46, TIME_TO_TRIGGER: 8.00, A3_OFFSET: 8.00, HOF: 1
TIMESTAMP: 12, UE_ID: 172, CELL_SOURCE_ID: 2, CELL_TARGET_ID: 1, RSRP_SOURCE: -73.06, RSRP_TARGET: -40.31, RSRQ_SOURCE: -3.00, RSRQ_TARGET: -3.00, SINR_SOURCE: 26.98, SINR_TARGET: 69.46, TIME_TO_TRIGGER: 8.00, A3_OFFSET: 8.00, HOF: 1
TIMESTAMP: 12, UE_ID: 192, CELL_SOURCE_ID: 2, CELL_TARGET_ID: 1, RSRP_SOURCE: -43.67, RSRP_TARGET: -18.80, RSRQ_SOURCE: -3.00, RSRQ_TARGET: -3.00, SINR_SOURCE: 54.98, SINR_TARGET: 92.31, TIME_TO_TRIGGER: 8.00, A3_OFFSET: 8.00, HOF: 1
TIMESTAMP: 12, UE_ID: 237, CELL_SOURCE_ID: 2, CELL_TARGET_ID: 1, RSRP_SOURCE: -99.43, RSRP_TARGET: -68.97, RSRQ_SOURCE: -3.00, RSRQ_TARGET: -3.00, SINR_SOURCE: -4.20, SINR_TARGET: 44.99, TIME_TO_TRIGGER: 8.00, A3_OFFSET: 8.00, HOF: 1
TIMESTAMP: 12, UE_ID: 262, CELL_SOURCE_ID: 2, CELL_TARGET_ID: 1, RSRP_SOURCE: -67.16, RSRP_TARGET: -36.35, RSRQ_SOURCE: -3.00, RSRQ_TARGET: -3.00, SINR_SOURCE: 32.10, SINR_TARGET: 75.14, TIME_TO_TRIGGER: 8.00, A3_OFFSET: 8.00, HOF: 1
TIMESTAMP: 12, UE_ID: 265, CELL_SOURCE_ID: 2, CELL_TARGET_ID: 1, RSRP_SOURCE: -92.34, RSRP_TARGET: -54.87, RSRQ_SOURCE: -3.00, RSRQ_TARGET: -3.00, SINR_SOURCE: 3.78, SINR_TARGET: 55.37, TIME_TO_TRIGGER: 8.00, A3_OFFSET: 8.00, HOF: 1
TIMESTAMP: 12, UE_ID: 289, CELL_SOURCE_ID: 2, CELL_TARGET_ID: 1, RSRP_SOURCE: -94.56, RSRP_TARGET: -59.38, RSRQ_SOURCE: -3.00, RSRQ_TARGET: -3.00, SINR_SOURCE: 3.59, SINR_TARGET: 50.44, TIME_TO_TRIGGER: 8.00, A3_OFFSET: 8.00, HOF: 1
TIMESTAMP: 12, UE_ID: 290, CELL_SOURCE_ID: 2, CELL_TARGET_ID: 1, RSRP_SOURCE: -91.19, RSRP_TARGET: -61.09, RSRQ_SOURCE: -3.00, RSRQ_TARGET: -3.00, SINR_SOURCE: 4.62, SINR_TARGET: 51.16, TIME_TO_TRIGGER: 8.00, A3_OFFSET: 8.00, HOF: 1
TIMESTAMP: 13, UE_ID: 249, CELL_SOURCE_ID: 2, CELL_TARGET_ID: 1, RSRP_SOURCE: -94.89, RSRP_TARGET: -68.91, RSRQ_SOURCE: -3.00, RSRQ_TARGET: -3.00, SINR_SOURCE: 1.69, SINR_TARGET: 43.21, TIME_TO_TRIGGER: 8.00, A3_OFFSET: 8.00, HOF: 1
TIMESTAMP: 14, UE_ID: 105, CELL_SOURCE_ID: 3, CELL_TARGET_ID: 1, RSRP_SOURCE: -81.29, RSRP_TARGET: -73.06, RSRQ_SOURCE: -3.00, RSRQ_TARGET: -3.00, SINR_SOURCE: 28.42, SINR_TARGET: 39.81, TIME_TO_TRIGGER: 8.00, A3_OFFSET: 8.00, HOF: 1
TIMESTAMP: 16, UE_ID: 121, CELL_SOURCE_ID: 1, CELL_TARGET_ID: 2, RSRP_SOURCE: -65.81, RSRP_TARGET: -48.35, RSRQ_SOURCE: -3.00, RSRQ_TARGET: -3.00, SINR_SOURCE: 45.19, SINR_TARGET: 59.54, TIME_TO_TRIGGER: 8.00, A3_OFFSET: 8.00, HOF: 1
TIMESTAMP: 16, UE_ID: 210, CELL_SOURCE_ID: 1, CELL_TARGET_ID: 2, RSRP_SOURCE: -89.01, RSRP_TARGET: -75.34, RSRQ_SOURCE: -3.00, RSRQ_TARGET: -3.00, SINR_SOURCE: 24.27, SINR_TARGET: 32.58, TIME_TO_TRIGGER: 8.00, A3_OFFSET: 8.00, HOF: 0
TIMESTAMP: 16, UE_ID: 251, CELL_SOURCE_ID: 1, CELL_TARGET_ID: 2, RSRP_SOURCE: -68.61, RSRP_TARGET: -56.36, RSRQ_SOURCE: -3.00, RSRQ_TARGET: -3.00, SINR_SOURCE: 44.05, SINR_TARGET: 49.76, TIME_TO_TRIGGER: 8.00, A3_OFFSET: 8.00, HOF: 1
TIMESTAMP: 16, UE_ID: 266, CELL_SOURCE_ID: 1, CELL_TARGET_ID: 2, RSRP_SOURCE: -90.46, RSRP_TARGET: -78.47, RSRQ_SOURCE: -3.00, RSRQ_TARGET: -3.00, SINR_SOURCE: 19.71, SINR_TARGET: 32.66, TIME_TO_TRIGGER: 8.00, A3_OFFSET: 8.00, HOF: 1
TIMESTAMP: 16, UE_ID: 278, CELL_SOURCE_ID: 10, CELL_TARGET_ID: 1, RSRP_SOURCE: -97.14, RSRP_TARGET: -52.03, RSRQ_SOURCE: -3.00, RSRQ_TARGET: -3.00, SINR_SOURCE: -0.13, SINR_TARGET: 54.39, TIME_TO_TRIGGER: 8.00, A3_OFFSET: 8.00, HOF: 0
TIMESTAMP: 16, UE_ID: 297, CELL_SOURCE_ID: 1, CELL_TARGET_ID: 2, RSRP_SOURCE: -92.72, RSRP_TARGET: -78.59, RSRQ_SOURCE: -3.00, RSRQ_TARGET: -3.00, SINR_SOURCE: 17.02, SINR_TARGET: 33.19, TIME_TO_TRIGGER: 8.00, A3_OFFSET: 8.00, HOF: 0
TIMESTAMP: 17, UE_ID: 105, CELL_SOURCE_ID: 1, CELL_TARGET_ID: 2, RSRP_SOURCE: -100.03, RSRP_TARGET: -82.64, RSRQ_SOURCE: -3.00, RSRQ_TARGET: -3.00, SINR_SOURCE: -3.70, SINR_TARGET: 28.05, TIME_TO_TRIGGER: 8.00, A3_OFFSET: 8.00, HOF: 1
TIMESTAMP: 17, UE_ID: 247, CELL_SOURCE_ID: 1, CELL_TARGET_ID: 2, RSRP_SOURCE: -98.03, RSRP_TARGET: -81.06, RSRQ_SOURCE: -3.00, RSRQ_TARGET: -3.00, SINR_SOURCE: -0.40, SINR_TARGET: 30.24, TIME_TO_TRIGGER: 8.00, A3_OFFSET: 8.00, HOF: 0
TIMESTAMP: 17, UE_ID: 275, CELL_SOURCE_ID: 1, CELL_TARGET_ID: 2, RSRP_SOURCE: -109.08, RSRP_TARGET: -96.97, RSRQ_SOURCE: -3.00, RSRQ_TARGET: -3.00, SINR_SOURCE: -10.28, SINR_TARGET: 7.63, TIME_TO_TRIGGER: 8.00, A3_OFFSET: 8.00, HOF: 1
TIMESTAMP: 18, UE_ID: 96, CELL_SOURCE_ID: 1, CELL_TARGET_ID: 3, RSRP_SOURCE: -89.38, RSRP_TARGET: -81.18, RSRQ_SOURCE: -3.00, RSRQ_TARGET: -3.00, SINR_SOURCE: 25.26, SINR_TARGET: 30.61, TIME_TO_TRIGGER: 8.00, A3_OFFSET: 8.00, HOF: 0
TIMESTAMP: 18, UE_ID: 246, CELL_SOURCE_ID: 14, CELL_TARGET_ID: 1, RSRP_SOURCE: -69.54, RSRP_TARGET: -39.70, RSRQ_SOURCE: -3.00, RSRQ_TARGET: -3.00, SINR_SOURCE: 29.32, SINR_TARGET: 67.18, TIME_TO_TRIGGER: 8.00, A3_OFFSET: 8.00, HOF: 1
TIMESTAMP: 18, UE_ID: 251, CELL_SOURCE_ID: 2, CELL_TARGET_ID: 1, RSRP_SOURCE: -106.97, RSRP_TARGET: -85.45, RSRQ_SOURCE: -3.00, RSRQ_TARGET: -3.00, SINR_SOURCE: -10.19, SINR_TARGET: 22.35, TIME_TO_TRIGGER: 8.00, A3_OFFSET: 8.00, HOF: 1
TIMESTAMP: 18, UE_ID: 266, CELL_SOURCE_ID: 2, CELL_TARGET_ID: 1, RSRP_SOURCE: -85.41, RSRP_TARGET: -65.59, RSRQ_SOURCE: -3.00, RSRQ_TARGET: -3.00, SINR_SOURCE: 11.32, SINR_TARGET: 43.69, TIME_TO_TRIGGER: 8.00, A3_OFFSET: 8.00, HOF: 1
TIMESTAMP: 18, UE_ID: 298, CELL_SOURCE_ID: 1, CELL_TARGET_ID: 3, RSRP_SOURCE: -86.35, RSRP_TARGET: -76.57, RSRQ_SOURCE: -3.00, RSRQ_TARGET: -3.00, SINR_SOURCE: 24.72, SINR_TARGET: 34.56, TIME_TO_TRIGGER: 8.00, A3_OFFSET: 8.00, HOF: 1
TIMESTAMP: 20, UE_ID: 3, CELL_SOURCE_ID: 20, CELL_TARGET_ID: 1, RSRP_SOURCE: -49.75, RSRP_TARGET: -41.44, RSRQ_SOURCE: -3.00, RSRQ_TARGET: -3.00, SINR_SOURCE: 47.35, SINR_TARGET: 68.04, TIME_TO_TRIGGER: 8.00, A3_OFFSET: 8.00, HOF: 1
TIMESTAMP: 20, UE_ID: 47, CELL_SOURCE_ID: 20, CELL_TARGET_ID: 1, RSRP_SOURCE: -81.44, RSRP_TARGET: -63.99, RSRQ_SOURCE: -3.00, RSRQ_TARGET: -3.00, SINR_SOURCE: 18.30, SINR_TARGET: 42.82, TIME_TO_TRIGGER: 8.00, A3_OFFSET: 8.00, HOF: 1
TIMESTAMP: 20, UE_ID: 70, CELL_SOURCE_ID: 20, CELL_TARGET_ID: 1, RSRP_SOURCE: -59.89, RSRP_TARGET: -46.84, RSRQ_SOURCE: -3.00, RSRQ_TARGET: -3.00, SINR_SOURCE: 35.01, SINR_TARGET: 64.45, TIME_TO_TRIGGER: 8.00, A3_OFFSET: 8.00, HOF: 1
TIMESTAMP: 20, UE_ID: 106, CELL_SOURCE_ID: 20, CELL_TARGET_ID: 1, RSRP_SOURCE: -81.59, RSRP_TARGET: -67.52, RSRQ_SOURCE: -3.00, RSRQ_TARGET: -3.00, SINR_SOURCE: 17.67, SINR_TARGET: 42.71, TIME_TO_TRIGGER: 8.00, A3_OFFSET: 8.00, HOF: 1
TIMESTAMP: 20, UE_ID: 119, CELL_SOURCE_ID: 20, CELL_TARGET_ID: 1, RSRP_SOURCE: -77.54, RSRP_TARGET: -67.82, RSRQ_SOURCE: -3.00, RSRQ_TARGET: -3.00, SINR_SOURCE: 19.33, SINR_TARGET: 41.92, TIME_TO_TRIGGER: 8.00, A3_OFFSET: 8.00, HOF: 0
TIMESTAMP: 20, UE_ID: 253, CELL_SOURCE_ID: 17, CELL_TARGET_ID: 1, RSRP_SOURCE: -92.07, RSRP_TARGET: -83.86, RSRQ_SOURCE: -3.00, RSRQ_TARGET: -3.00, SINR_SOURCE: 16.53, SINR_TARGET: 29.88, TIME_TO_TRIGGER: 8.00, A3_OFFSET: 8.00, HOF: 1
TIMESTAMP: 20, UE_ID: 254, CELL_SOURCE_ID: 17, CELL_TARGET_ID: 1, RSRP_SOURCE: -81.71, RSRP_TARGET: -70.20, RSRQ_SOURCE: -3.00, RSRQ_TARGET: -3.00, SINR_SOURCE: 33.27, SINR_TARGET: 37.94, TIME_TO_TRIGGER: 8.00, A3_OFFSET: 8.00, HOF: 1
TIMESTAMP: 20, UE_ID: 257, CELL_SOURCE_ID: 20, CELL_TARGET_ID: 1, RSRP_SOURCE: -80.77, RSRP_TARGET: -69.79, RSRQ_SOURCE: -3.00, RSRQ_TARGET: -3.00, SINR_SOURCE: 17.49, SINR_TARGET: 43.14, TIME_TO_TRIGGER: 8.00, A3_OFFSET: 8.00, HOF: 1
TIMESTAMP: 20, UE_ID: 273, CELL_SOURCE_ID: 20, CELL_TARGET_ID: 1, RSRP_SOURCE: -91.77, RSRP_TARGET: -75.39, RSRQ_SOURCE: -3.00, RSRQ_TARGET: -3.00, SINR_SOURCE: 7.22, SINR_TARGET: 39.03, TIME_TO_TRIGGER: 8.00, A3_OFFSET: 8.00, HOF: 1
TIMESTAMP: 20, UE_ID: 298, CELL_SOURCE_ID: 3, CELL_TARGET_ID: 1, RSRP_SOURCE: -80.64, RSRP_TARGET: -62.93, RSRQ_SOURCE: -3.00, RSRQ_TARGET: -3.00, SINR_SOURCE: 28.67, SINR_TARGET: 44.78, TIME_TO_TRIGGER: 8.00, A3_OFFSET: 8.00, HOF: 1
TIMESTAMP: 21, UE_ID: 22, CELL_SOURCE_ID: 20, CELL_TARGET_ID: 1, RSRP_SOURCE: -76.74, RSRP_TARGET: -68.27, RSRQ_SOURCE: -3.00, RSRQ_TARGET: -3.00, SINR_SOURCE: 25.00, SINR_TARGET: 43.57, TIME_TO_TRIGGER: 8.00, A3_OFFSET: 8.00, HOF: 1
TIMESTAMP: 21, UE_ID: 28, CELL_SOURCE_ID: 20, CELL_TARGET_ID: 1, RSRP_SOURCE: -92.98, RSRP_TARGET: -78.49, RSRQ_SOURCE: -3.00, RSRQ_TARGET: -3.00, SINR_SOURCE: 4.72, SINR_TARGET: 29.35, TIME_TO_TRIGGER: 8.00, A3_OFFSET: 8.00, HOF: 1
TIMESTAMP: 21, UE_ID: 99, CELL_SOURCE_ID: 20, CELL_TARGET_ID: 1, RSRP_SOURCE: -78.63, RSRP_TARGET: -68.94, RSRQ_SOURCE: -3.00, RSRQ_TARGET: -3.00, SINR_SOURCE: 17.14, SINR_TARGET: 39.04, TIME_TO_TRIGGER: 8.00, A3_OFFSET: 8.00, HOF: 1
TIMESTAMP: 21, UE_ID: 105, CELL_SOURCE_ID: 2, CELL_TARGET_ID: 1, RSRP_SOURCE: -79.04, RSRP_TARGET: -67.69, RSRQ_SOURCE: -3.00, RSRQ_TARGET: -3.00, SINR_SOURCE: 31.81, SINR_TARGET: 44.84, TIME_TO_TRIGGER: 8.00, A3_OFFSET: 8.00, HOF: 1
TIMESTAMP: 21, UE_ID: 135, CELL_SOURCE_ID: 20, CELL_TARGET_ID: 1, RSRP_SOURCE: -56.71, RSRP_TARGET: -46.44, RSRQ_SOURCE: -3.00, RSRQ_TARGET: -3.00, SINR_SOURCE: 42.19, SINR_TARGET: 66.08, TIME_TO_TRIGGER: 8.00, A3_OFFSET: 8.00, HOF: 1
TIMESTAMP: 21, UE_ID: 229, CELL_SOURCE_ID: 20, CELL_TARGET_ID: 1, RSRP_SOURCE: -77.50, RSRP_TARGET: -67.93, RSRQ_SOURCE: -3.00, RSRQ_TARGET: -3.00, SINR_SOURCE: 24.04, SINR_TARGET: 38.94, TIME_TO_TRIGGER: 8.00, A3_OFFSET: 8.00, HOF: 1
TIMESTAMP: 21, UE_ID: 270, CELL_SOURCE_ID: 5, CELL_TARGET_ID: 1, RSRP_SOURCE: -87.33, RSRP_TARGET: -73.05, RSRQ_SOURCE: -3.00, RSRQ_TARGET: -3.00, SINR_SOURCE: 3.81, SINR_TARGET: 34.95, TIME_TO_TRIGGER: 8.00, A3_OFFSET: 8.00, HOF: 1
TIMESTAMP: 22, UE_ID: 70, CELL_SOURCE_ID: 1, CELL_TARGET_ID: 2, RSRP_SOURCE: -83.93, RSRP_TARGET: -72.45, RSRQ_SOURCE: -3.00, RSRQ_TARGET: -3.00, SINR_SOURCE: 31.05, SINR_TARGET: 34.99, TIME_TO_TRIGGER: 8.00, A3_OFFSET: 8.00, HOF: 1
TIMESTAMP: 22, UE_ID: 97, CELL_SOURCE_ID: 9, CELL_TARGET_ID: 1, RSRP_SOURCE: -107.65, RSRP_TARGET: -85.46, RSRQ_SOURCE: -3.00, RSRQ_TARGET: -3.00, SINR_SOURCE: -8.64, SINR_TARGET: 21.38, TIME_TO_TRIGGER: 8.00, A3_OFFSET: 8.00, HOF: 1
TIMESTAMP: 22, UE_ID: 254, CELL_SOURCE_ID: 1, CELL_TARGET_ID: 2, RSRP_SOURCE: -87.70, RSRP_TARGET: -79.27, RSRQ_SOURCE: -3.00, RSRQ_TARGET: -3.00, SINR_SOURCE: 19.44, SINR_TARGET: 32.11, TIME_TO_TRIGGER: 8.00, A3_OFFSET: 8.00, HOF: 1
TIMESTAMP: 22, UE_ID: 260, CELL_SOURCE_ID: 10, CELL_TARGET_ID: 1, RSRP_SOURCE: -106.07, RSRP_TARGET: -66.61, RSRQ_SOURCE: -3.00, RSRQ_TARGET: -3.00, SINR_SOURCE: -7.24, SINR_TARGET: 44.33, TIME_TO_TRIGGER: 8.00, A3_OFFSET: 8.00, HOF: 0
TIMESTAMP: 22, UE_ID: 264, CELL_SOURCE_ID: 9, CELL_TARGET_ID: 1, RSRP_SOURCE: -98.60, RSRP_TARGET: -83.74, RSRQ_SOURCE: -3.00, RSRQ_TARGET: -3.00, SINR_SOURCE: 0.19, SINR_TARGET: 25.47, TIME_TO_TRIGGER: 8.00, A3_OFFSET: 8.00, HOF: 1
TIMESTAMP: 23, UE_ID: 157, CELL_SOURCE_ID: 8, CELL_TARGET_ID: 1, RSRP_SOURCE: -95.59, RSRP_TARGET: -60.44, RSRQ_SOURCE: -3.00, RSRQ_TARGET: -3.00, SINR_SOURCE: 2.65, SINR_TARGET: 48.61, TIME_TO_TRIGGER: 8.00, A3_OFFSET: 8.00, HOF: 0
TIMESTAMP: 23, UE_ID: 252, CELL_SOURCE_ID: 17, CELL_TARGET_ID: 1, RSRP_SOURCE: -98.00, RSRP_TARGET: -77.95, RSRQ_SOURCE: -3.00, RSRQ_TARGET: -3.00, SINR_SOURCE: -0.24, SINR_TARGET: 29.96, TIME_TO_TRIGGER: 8.00, A3_OFFSET: 8.00, HOF: 1
TIMESTAMP: 23, UE_ID: 267, CELL_SOURCE_ID: 17, CELL_TARGET_ID: 1, RSRP_SOURCE: -106.78, RSRP_TARGET: -80.52, RSRQ_SOURCE: -3.00, RSRQ_TARGET: -3.00, SINR_SOURCE: -7.11, SINR_TARGET: 32.91, TIME_TO_TRIGGER: 8.00, A3_OFFSET: 8.00, HOF: 1
TIMESTAMP: 23, UE_ID: 269, CELL_SOURCE_ID: 8, CELL_TARGET_ID: 1, RSRP_SOURCE: -106.53, RSRP_TARGET: -84.09, RSRQ_SOURCE: -3.00, RSRQ_TARGET: -3.00, SINR_SOURCE: -9.28, SINR_TARGET: 25.07, TIME_TO_TRIGGER: 8.00, A3_OFFSET: 8.00, HOF: 0
TIMESTAMP: 23, UE_ID: 274, CELL_SOURCE_ID: 4, CELL_TARGET_ID: 1, RSRP_SOURCE: -85.52, RSRP_TARGET: -74.99, RSRQ_SOURCE: -3.00, RSRQ_TARGET: -3.00, SINR_SOURCE: 11.36, SINR_TARGET: 35.25, TIME_TO_TRIGGER: 8.00, A3_OFFSET: 8.00, HOF: 1
TIMESTAMP: 23, UE_ID: 276, CELL_SOURCE_ID: 8, CELL_TARGET_ID: 1, RSRP_SOURCE: -99.58, RSRP_TARGET: -73.36, RSRQ_SOURCE: -3.00, RSRQ_TARGET: -3.00, SINR_SOURCE: 0.09, SINR_TARGET: 36.82, TIME_TO_TRIGGER: 8.00, A3_OFFSET: 8.00, HOF: 1
TIMESTAMP: 24, UE_ID: 241, CELL_SOURCE_ID: 17, CELL_TARGET_ID: 1, RSRP_SOURCE: -77.99, RSRP_TARGET: -62.44, RSRQ_SOURCE: -3.00, RSRQ_TARGET: -3.00, SINR_SOURCE: 34.12, SINR_TARGET: 46.25, TIME_TO_TRIGGER: 8.00, A3_OFFSET: 8.00, HOF: 1
TIMESTAMP: 24, UE_ID: 245, CELL_SOURCE_ID: 8, CELL_TARGET_ID: 1, RSRP_SOURCE: -105.48, RSRP_TARGET: -89.34, RSRQ_SOURCE: -3.00, RSRQ_TARGET: -3.00, SINR_SOURCE: -7.95, SINR_TARGET: 18.38, TIME_TO_TRIGGER: 8.00, A3_OFFSET: 8.00, HOF: 1
TIMESTAMP: 24, UE_ID: 260, CELL_SOURCE_ID: 10, CELL_TARGET_ID: 1, RSRP_SOURCE: -79.19, RSRP_TARGET: -38.93, RSRQ_SOURCE: -3.00, RSRQ_TARGET: -3.00, SINR_SOURCE: 30.66, SINR_TARGET: 74.50, TIME_TO_TRIGGER: 8.00, A3_OFFSET: 8.00, HOF: 1
TIMESTAMP: 24, UE_ID: 263, CELL_SOURCE_ID: 8, CELL_TARGET_ID: 1, RSRP_SOURCE: -103.75, RSRP_TARGET: -74.99, RSRQ_SOURCE: -3.00, RSRQ_TARGET: -3.00, SINR_SOURCE: -5.67, SINR_TARGET: 35.40, TIME_TO_TRIGGER: 8.00, A3_OFFSET: 8.00, HOF: 1
TIMESTAMP: 24, UE_ID: 275, CELL_SOURCE_ID: 19, CELL_TARGET_ID: 1, RSRP_SOURCE: -106.87, RSRP_TARGET: -82.87, RSRQ_SOURCE: -3.00, RSRQ_TARGET: -3.00, SINR_SOURCE: -6.14, SINR_TARGET: 29.58, TIME_TO_TRIGGER: 8.00, A3_OFFSET: 8.00, HOF: 1
TIMESTAMP: 24, UE_ID: 278, CELL_SOURCE_ID: 10, CELL_TARGET_ID: 1, RSRP_SOURCE: -84.28, RSRP_TARGET: -65.57, RSRQ_SOURCE: -3.00, RSRQ_TARGET: -3.00, SINR_SOURCE: 23.07, SINR_TARGET: 43.36, TIME_TO_TRIGGER: 8.00, A3_OFFSET: 8.00, HOF: 1
TIMESTAMP: 24, UE_ID: 282, CELL_SOURCE_ID: 8, CELL_TARGET_ID: 1, RSRP_SOURCE: -86.66, RSRP_TARGET: -71.56, RSRQ_SOURCE: -3.00, RSRQ_TARGET: -3.00, SINR_SOURCE: 10.13, SINR_TARGET: 39.26, TIME_TO_TRIGGER: 8.00, A3_OFFSET: 8.00, HOF: 1
TIMESTAMP: 24, UE_ID: 287, CELL_SOURCE_ID: 17, CELL_TARGET_ID: 1, RSRP_SOURCE: -76.49, RSRP_TARGET: -65.72, RSRQ_SOURCE: -3.00, RSRQ_TARGET: -3.00, SINR_SOURCE: 30.57, SINR_TARGET: 41.63, TIME_TO_TRIGGER: 8.00, A3_OFFSET: 8.00, HOF: 1
TIMESTAMP: 24, UE_ID: 300, CELL_SOURCE_ID: 8, CELL_TARGET_ID: 1, RSRP_SOURCE: -105.97, RSRP_TARGET: -75.72, RSRQ_SOURCE: -3.00, RSRQ_TARGET: -3.00, SINR_SOURCE: -6.97, SINR_TARGET: 33.23, TIME_TO_TRIGGER: 8.00, A3_OFFSET: 8.00, HOF: 1
TIMESTAMP: 25, UE_ID: 295, CELL_SOURCE_ID: 21, CELL_TARGET_ID: 1, RSRP_SOURCE: -79.71, RSRP_TARGET: -62.59, RSRQ_SOURCE: -3.00, RSRQ_TARGET: -3.00, SINR_SOURCE: 23.49, SINR_TARGET: 50.07, TIME_TO_TRIGGER: 8.00, A3_OFFSET: 8.00, HOF: 1
TIMESTAMP: 26, UE_ID: 70, CELL_SOURCE_ID: 2, CELL_TARGET_ID: 1, RSRP_SOURCE: -98.43, RSRP_TARGET: -64.78, RSRQ_SOURCE: -3.00, RSRQ_TARGET: -3.00, SINR_SOURCE: 0.17, SINR_TARGET: 46.61, TIME_TO_TRIGGER: 8.00, A3_OFFSET: 8.00, HOF: 1
TIMESTAMP: 26, UE_ID: 254, CELL_SOURCE_ID: 2, CELL_TARGET_ID: 1, RSRP_SOURCE: -103.28, RSRP_TARGET: -75.16, RSRQ_SOURCE: -3.00, RSRQ_TARGET: -3.00, SINR_SOURCE: -4.81, SINR_TARGET: 37.48, TIME_TO_TRIGGER: 8.00, A3_OFFSET: 8.00, HOF: 0
TIMESTAMP: 26, UE_ID: 259, CELL_SOURCE_ID: 12, CELL_TARGET_ID: 1, RSRP_SOURCE: -96.20, RSRP_TARGET: -71.97, RSRQ_SOURCE: -3.00, RSRQ_TARGET: -3.00, SINR_SOURCE: 7.23, SINR_TARGET: 38.56, TIME_TO_TRIGGER: 8.00, A3_OFFSET: 8.00, HOF: 1
TIMESTAMP: 26, UE_ID: 272, CELL_SOURCE_ID: 12, CELL_TARGET_ID: 1, RSRP_SOURCE: -103.75, RSRP_TARGET: -79.89, RSRQ_SOURCE: -3.00, RSRQ_TARGET: -3.00, SINR_SOURCE: -3.16, SINR_TARGET: 30.02, TIME_TO_TRIGGER: 8.00, A3_OFFSET: 8.00, HOF: 1
TIMESTAMP: 26, UE_ID: 274, CELL_SOURCE_ID: 1, CELL_TARGET_ID: 4, RSRP_SOURCE: -75.17, RSRP_TARGET: -50.53, RSRQ_SOURCE: -3.00, RSRQ_TARGET: -3.00, SINR_SOURCE: 37.59, SINR_TARGET: 62.59, TIME_TO_TRIGGER: 8.00, A3_OFFSET: 8.00, HOF: 1
TIMESTAMP: 26, UE_ID: 291, CELL_SOURCE_ID: 13, CELL_TARGET_ID: 1, RSRP_SOURCE: -84.14, RSRP_TARGET: -72.03, RSRQ_SOURCE: -3.00, RSRQ_TARGET: -3.00, SINR_SOURCE: 23.10, SINR_TARGET: 37.35, TIME_TO_TRIGGER: 8.00, A3_OFFSET: 8.00, HOF: 1
TIMESTAMP: 26, UE_ID: 293, CELL_SOURCE_ID: 12, CELL_TARGET_ID: 1, RSRP_SOURCE: -101.53, RSRP_TARGET: -63.27, RSRQ_SOURCE: -3.00, RSRQ_TARGET: -3.00, SINR_SOURCE: -3.07, SINR_TARGET: 47.65, TIME_TO_TRIGGER: 8.00, A3_OFFSET: 8.00, HOF: 1
TIMESTAMP: 28, UE_ID: 77, CELL_SOURCE_ID: 9, CELL_TARGET_ID: 1, RSRP_SOURCE: -85.57, RSRP_TARGET: -75.97, RSRQ_SOURCE: -3.00, RSRQ_TARGET: -3.00, SINR_SOURCE: 21.77, SINR_TARGET: 37.15, TIME_TO_TRIGGER: 8.00, A3_OFFSET: 8.00, HOF: 1
TIMESTAMP: 29, UE_ID: 23, CELL_SOURCE_ID: 20, CELL_TARGET_ID: 1, RSRP_SOURCE: -58.86, RSRP_TARGET: -44.92, RSRQ_SOURCE: -3.00, RSRQ_TARGET: -3.00, SINR_SOURCE: 37.59, SINR_TARGET: 65.72, TIME_TO_TRIGGER: 8.00, A3_OFFSET: 8.00, HOF: 1
TIMESTAMP: 29, UE_ID: 57, CELL_SOURCE_ID: 20, CELL_TARGET_ID: 1, RSRP_SOURCE: -73.17, RSRP_TARGET: -59.91, RSRQ_SOURCE: -3.00, RSRQ_TARGET: -3.00, SINR_SOURCE: 26.23, SINR_TARGET: 54.37, TIME_TO_TRIGGER: 8.00, A3_OFFSET: 8.00, HOF: 1
TIMESTAMP: 29, UE_ID: 119, CELL_SOURCE_ID: 20, CELL_TARGET_ID: 1, RSRP_SOURCE: -81.60, RSRP_TARGET: -73.14, RSRQ_SOURCE: -3.00, RSRQ_TARGET: -3.00, SINR_SOURCE: 19.86, SINR_TARGET: 37.81, TIME_TO_TRIGGER: 8.00, A3_OFFSET: 8.00, HOF: 1
TIMESTAMP: 29, UE_ID: 243, CELL_SOURCE_ID: 2, CELL_TARGET_ID: 1, RSRP_SOURCE: -68.18, RSRP_TARGET: -59.92, RSRQ_SOURCE: -3.00, RSRQ_TARGET: -3.00, SINR_SOURCE: 38.57, SINR_TARGET: 47.96, TIME_TO_TRIGGER: 8.00, A3_OFFSET: 8.00, HOF: 1
TIMESTAMP: 29, UE_ID: 256, CELL_SOURCE_ID: 20, CELL_TARGET_ID: 1, RSRP_SOURCE: -103.74, RSRP_TARGET: -77.34, RSRQ_SOURCE: -3.00, RSRQ_TARGET: -3.00, SINR_SOURCE: -6.48, SINR_TARGET: 34.94, TIME_TO_TRIGGER: 8.00, A3_OFFSET: 8.00, HOF: 1
TIMESTAMP: 31, UE_ID: 3, CELL_SOURCE_ID: 1, CELL_TARGET_ID: 2, RSRP_SOURCE: -58.28, RSRP_TARGET: -49.41, RSRQ_SOURCE: -3.00, RSRQ_TARGET: -3.00, SINR_SOURCE: 51.27, SINR_TARGET: 60.82, TIME_TO_TRIGGER: 8.00, A3_OFFSET: 8.00, HOF: 1
TIMESTAMP: 31, UE_ID: 22, CELL_SOURCE_ID: 1, CELL_TARGET_ID: 2, RSRP_SOURCE: -69.00, RSRP_TARGET: -59.91, RSRQ_SOURCE: -3.00, RSRQ_TARGET: -3.00, SINR_SOURCE: 40.21, SINR_TARGET: 49.96, TIME_TO_TRIGGER: 8.00, A3_OFFSET: 8.00, HOF: 1
TIMESTAMP: 31, UE_ID: 23, CELL_SOURCE_ID: 1, CELL_TARGET_ID: 2, RSRP_SOURCE: -77.16, RSRP_TARGET: -65.98, RSRQ_SOURCE: -3.00, RSRQ_TARGET: -3.00, SINR_SOURCE: 32.70, SINR_TARGET: 41.19, TIME_TO_TRIGGER: 8.00, A3_OFFSET: 8.00, HOF: 1
TIMESTAMP: 31, UE_ID: 28, CELL_SOURCE_ID: 1, CELL_TARGET_ID: 2, RSRP_SOURCE: -90.93, RSRP_TARGET: -78.54, RSRQ_SOURCE: -3.00, RSRQ_TARGET: -3.00, SINR_SOURCE: 20.40, SINR_TARGET: 30.69, TIME_TO_TRIGGER: 8.00, A3_OFFSET: 8.00, HOF: 1
TIMESTAMP: 31, UE_ID: 47, CELL_SOURCE_ID: 1, CELL_TARGET_ID: 2, RSRP_SOURCE: -57.41, RSRP_TARGET: -44.40, RSRQ_SOURCE: -3.00, RSRQ_TARGET: -3.00, SINR_SOURCE: 49.59, SINR_TARGET: 67.82, TIME_TO_TRIGGER: 8.00, A3_OFFSET: 8.00, HOF: 1
TIMESTAMP: 31, UE_ID: 57, CELL_SOURCE_ID: 1, CELL_TARGET_ID: 2, RSRP_SOURCE: -80.99, RSRP_TARGET: -69.84, RSRQ_SOURCE: -3.00, RSRQ_TARGET: -3.00, SINR_SOURCE: 30.94, SINR_TARGET: 36.69, TIME_TO_TRIGGER: 8.00, A3_OFFSET: 8.00, HOF: 1
TIMESTAMP: 31, UE_ID: 70, CELL_SOURCE_ID: 1, CELL_TARGET_ID: 2, RSRP_SOURCE: -57.16, RSRP_TARGET: -48.25, RSRQ_SOURCE: -3.00, RSRQ_TARGET: -3.00, SINR_SOURCE: 51.92, SINR_TARGET: 63.41, TIME_TO_TRIGGER: 8.00, A3_OFFSET: 8.00, HOF: 1
TIMESTAMP: 31, UE_ID: 106, CELL_SOURCE_ID: 1, CELL_TARGET_ID: 2, RSRP_SOURCE: -86.01, RSRP_TARGET: -73.34, RSRQ_SOURCE: -3.00, RSRQ_TARGET: -3.00, SINR_SOURCE: 24.08, SINR_TARGET: 38.61, TIME_TO_TRIGGER: 8.00, A3_OFFSET: 8.00, HOF: 1
TIMESTAMP: 31, UE_ID: 119, CELL_SOURCE_ID: 1, CELL_TARGET_ID: 2, RSRP_SOURCE: -75.23, RSRP_TARGET: -63.62, RSRQ_SOURCE: -3.00, RSRQ_TARGET: -3.00, SINR_SOURCE: 35.39, SINR_TARGET: 43.64, TIME_TO_TRIGGER: 8.00, A3_OFFSET: 8.00, HOF: 1
TIMESTAMP: 31, UE_ID: 135, CELL_SOURCE_ID: 1, CELL_TARGET_ID: 2, RSRP_SOURCE: -88.43, RSRP_TARGET: -74.03, RSRQ_SOURCE: -3.00, RSRQ_TARGET: -3.00, SINR_SOURCE: 21.36, SINR_TARGET: 39.65, TIME_TO_TRIGGER: 8.00, A3_OFFSET: 8.00, HOF: 1
TIMESTAMP: 31, UE_ID: 157, CELL_SOURCE_ID: 8, CELL_TARGET_ID: 1, RSRP_SOURCE: -103.80, RSRP_TARGET: -81.55, RSRQ_SOURCE: -3.00, RSRQ_TARGET: -3.00, SINR_SOURCE: -8.01, SINR_TARGET: 29.76, TIME_TO_TRIGGER: 8.00, A3_OFFSET: 8.00, HOF: 1
TIMESTAMP: 31, UE_ID: 229, CELL_SOURCE_ID: 1, CELL_TARGET_ID: 2, RSRP_SOURCE: -79.16, RSRP_TARGET: -68.20, RSRQ_SOURCE: -3.00, RSRQ_TARGET: -3.00, SINR_SOURCE: 28.93, SINR_TARGET: 43.00, TIME_TO_TRIGGER: 8.00, A3_OFFSET: 8.00, HOF: 1
TIMESTAMP: 31, UE_ID: 250, CELL_SOURCE_ID: 7, CELL_TARGET_ID: 1, RSRP_SOURCE: -105.40, RSRP_TARGET: -86.61, RSRQ_SOURCE: -3.00, RSRQ_TARGET: -3.00, SINR_SOURCE: -5.46, SINR_TARGET: 23.18, TIME_TO_TRIGGER: 8.00, A3_OFFSET: 8.00, HOF: 1
TIMESTAMP: 31, UE_ID: 262, CELL_SOURCE_ID: 1, CELL_TARGET_ID: 2, RSRP_SOURCE: -83.72, RSRP_TARGET: -73.14, RSRQ_SOURCE: -3.00, RSRQ_TARGET: -3.00, SINR_SOURCE: 22.33, SINR_TARGET: 32.72, TIME_TO_TRIGGER: 8.00, A3_OFFSET: 8.00, HOF: 1
TIMESTAMP: 31, UE_ID: 292, CELL_SOURCE_ID: 8, CELL_TARGET_ID: 1, RSRP_SOURCE: -77.75, RSRP_TARGET: -61.58, RSRQ_SOURCE: -3.00, RSRQ_TARGET: -3.00, SINR_SOURCE: 19.74, SINR_TARGET: 46.90, TIME_TO_TRIGGER: 8.00, A3_OFFSET: 8.00, HOF: 1
TIMESTAMP: 31, UE_ID: 295, CELL_SOURCE_ID: 1, CELL_TARGET_ID: 2, RSRP_SOURCE: -94.04, RSRP_TARGET: -85.27, RSRQ_SOURCE: -3.00, RSRQ_TARGET: -3.00, SINR_SOURCE: 16.97, SINR_TARGET: 25.28, TIME_TO_TRIGGER: 8.00, A3_OFFSET: 8.00, HOF: 1
TIMESTAMP: 32, UE_ID: 193, CELL_SOURCE_ID: 17, CELL_TARGET_ID: 1, RSRP_SOURCE: -98.92, RSRP_TARGET: -88.18, RSRQ_SOURCE: -3.00, RSRQ_TARGET: -3.00, SINR_SOURCE: -0.67, SINR_TARGET: 21.42, TIME_TO_TRIGGER: 8.00, A3_OFFSET: 8.00, HOF: 1
TIMESTAMP: 32, UE_ID: 268, CELL_SOURCE_ID: 17, CELL_TARGET_ID: 1, RSRP_SOURCE: -96.59, RSRP_TARGET: -67.01, RSRQ_SOURCE: -3.00, RSRQ_TARGET: -3.00, SINR_SOURCE: 3.63, SINR_TARGET: 46.93, TIME_TO_TRIGGER: 8.00, A3_OFFSET: 8.00, HOF: 1
TIMESTAMP: 32, UE_ID: 283, CELL_SOURCE_ID: 17, CELL_TARGET_ID: 1, RSRP_SOURCE: -103.61, RSRP_TARGET: -92.54, RSRQ_SOURCE: -3.00, RSRQ_TARGET: -3.00, SINR_SOURCE: -5.27, SINR_TARGET: 18.05, TIME_TO_TRIGGER: 8.00, A3_OFFSET: 8.00, HOF: 1
TIMESTAMP: 34, UE_ID: 23, CELL_SOURCE_ID: 2, CELL_TARGET_ID: 1, RSRP_SOURCE: -72.33, RSRP_TARGET: -63.25, RSRQ_SOURCE: -3.00, RSRQ_TARGET: -3.00, SINR_SOURCE: 37.16, SINR_TARGET: 48.46, TIME_TO_TRIGGER: 8.00, A3_OFFSET: 8.00, HOF: 1
TIMESTAMP: 34, UE_ID: 236, CELL_SOURCE_ID: 20, CELL_TARGET_ID: 1, RSRP_SOURCE: -73.50, RSRP_TARGET: -59.80, RSRQ_SOURCE: -3.00, RSRQ_TARGET: -3.00, SINR_SOURCE: 25.63, SINR_TARGET: 54.33, TIME_TO_TRIGGER: 8.00, A3_OFFSET: 8.00, HOF: 1
