TIMESTAMP: 6, UE_ID: 245, CELL_SOURCE_ID: 11, CELL_TARGET_ID: 2, RSRP_SOURCE: -101.69, RSRP_TARGET: -89.08, RSRQ_SOURCE: -3.00, RSRQ_TARGET: -3.00, SINR_SOURCE: -1.64, SINR_TARGET: 20.58, TIME_TO_TRIGGER: 8.00, A3_OFFSET: 8.00, HOF: 1
TIMESTAMP: 6, UE_ID: 250, CELL_SOURCE_ID: 11, CELL_TARGET_ID: 2, RSRP_SOURCE: -99.53, RSRP_TARGET: -90.39, RSRQ_SOURCE: -3.00, RSRQ_TARGET: -3.00, SINR_SOURCE: -2.70, SINR_TARGET: 16.33, TIME_TO_TRIGGER: 8.00, A3_OFFSET: 8.00, HOF: 1
TIMESTAMP: 6, UE_ID: 258, CELL_SOURCE_ID: 11, CELL_TARGET_ID: 2, RSRP_SOURCE: -106.69, RSRP_TARGET: -95.15, RSRQ_SOURCE: -3.00, RSRQ_TARGET: -3.00, SINR_SOURCE: -6.54, SINR_TARGET: 12.44, TIME_TO_TRIGGER: 8.00, A3_OFFSET: 8.00, HOF: 0
TIMESTAMP: 6, UE_ID: 299, CELL_SOURCE_ID: 11, CELL_TARGET_ID: 2, RSRP_SOURCE: -108.99, RSRP_TARGET: -99.25, RSRQ_SOURCE: -3.00, RSRQ_TARGET: -3.00, SINR_SOURCE: -12.14, SINR_TARGET: 12.32, TIME_TO_TRIGGER: 8.00, A3_OFFSET: 8.00, HOF: 1
TIMESTAMP: 8, UE_ID: 263, CELL_SOURCE_ID: 11, CELL_TARGET_ID: 2, RSRP_SOURCE: -96.82, RSRP_TARGET: -85.56, RSRQ_SOURCE: -3.00, RSRQ_TARGET: -3.00, SINR_SOURCE: -1.14, SINR_TARGET: 24.37, TIME_TO_TRIGGER: 8.00, A3_OFFSET: 8.00, HOF: 1
TIMESTAMP: 11, UE_ID: 246, CELL_SOURCE_ID: 11, CELL_TARGET_ID: 1, RSRP_SOURCE: -71.34, RSRP_TARGET: -48.53, RSRQ_SOURCE: -3.00, RSRQ_TARGET: -3.00, SINR_SOURCE: 35.94, SINR_TARGET: 62.89, TIME_TO_TRIGGER: 8.00, A3_OFFSET: 8.00, HOF: 1
TIMESTAMP: 12, UE_ID: 105, CELL_SOURCE_ID: 20, CELL_TARGET_ID: 1, RSRP_SOURCE: -73.28, RSRP_TARGET: -60.12, RSRQ_SOURCE: -3.00, RSRQ_TARGET: -3.00, SINR_SOURCE: 24.12, SINR_TARGET: 46.31, TIME_TO_TRIGGER: 8.00, A3_OFFSET: 8.00, HOF: 1
TIMESTAMP: 12, UE_ID: 161, CELL_SOURCE_ID: 20, CELL_TARGET_ID: 1, RSRP_SOURCE: -70.40, RSRP_TARGET: -57.60, RSRQ_SOURCE: -3.00, RSRQ_TARGET: -3.00, SINR_SOURCE: 28.35, SINR_TARGET: 52.75, TIME_TO_TRIGGER: 8.00, A3_OFFSET: 8.00, HOF: 1
TIMESTAMP: 12, UE_ID: 207, CELL_SOURCE_ID: 20, CELL_TARGET_ID: 1, RSRP_SOURCE: -57.41, RSRP_TARGET: -41.02, RSRQ_SOURCE: -3.00, RSRQ_TARGET: -3.00, SINR_SOURCE: 39.98, SINR_TARGET: 70.88, TIME_TO_TRIGGER: 8.00, A3_OFFSET: 8.00, HOF: 1
TIMESTAMP: 12, UE_ID: 236, CELL_SOURCE_ID: 20, CELL_TARGET_ID: 1, RSRP_SOURCE: -85.61, RSRP_TARGET: -75.03, RSRQ_SOURCE: -3.00, RSRQ_TARGET: -3.00, SINR_SOURCE: 12.82, SINR_TARGET: 34.32, TIME_TO_TRIGGER: 8.00, A3_OFFSET: 8.00, HOF: 1
TIMESTAMP: 12, UE_ID: 247, CELL_SOURCE_ID: 20, CELL_TARGET_ID: 1, RSRP_SOURCE: -84.38, RSRP_TARGET: -71.42, RSRQ_SOURCE: -3.00, RSRQ_TARGET: -3.00, SINR_SOURCE: 11.75, SINR_TARGET: 36.05, TIME_TO_TRIGGER: 8.00, A3_OFFSET: 8.00, HOF: 1
TIMESTAMP: 12, UE_ID: 251, CELL_SOURCE_ID: 20, CELL_TARGET_ID: 1, RSRP_SOURCE: -101.72, RSRP_TARGET: -81.60, RSRQ_SOURCE: -3.00, RSRQ_TARGET: -3.00, SINR_SOURCE: -3.73, SINR_TARGET: 29.16, TIME_TO_TRIGGER: 8.00, A3_OFFSET: 8.00, HOF: 1
TIMESTAMP: 12, UE_ID: 266, CELL_SOURCE_ID: 20, CELL_TARGET_ID: 1, RSRP_SOURCE: -98.52, RSRP_TARGET: -84.40, RSRQ_SOURCE: -3.00, RSRQ_TARGET: -3.00, SINR_SOURCE: -2.58, SINR_TARGET: 25.64, TIME_TO_TRIGGER: 8.00, A3_OFFSET: 8.00, HOF: 1
TIMESTAMP: 12, UE_ID: 273, CELL_SOURCE_ID: 20, CELL_TARGET_ID: 1, RSRP_SOURCE: -84.71, RSRP_TARGET: -75.44, RSRQ_SOURCE: -3.00, RSRQ_TARGET: -3.00, SINR_SOURCE: 15.67, SINR_TARGET: 34.64, TIME_TO_TRIGGER: 8.00, A3_OFFSET: 8.00, HOF: 1
TIMESTAMP: 12, UE_ID: 275, CELL_SOURCE_ID: 20, CELL_TARGET_ID: 1, RSRP_SOURCE: -90.24, RSRP_TARGET: -71.87, RSRQ_SOURCE: -3.00, RSRQ_TARGET: -3.00, SINR_SOURCE: 8.96, SINR_TARGET: 39.58, TIME_TO_TRIGGER: 8.00, A3_OFFSET: 8.00, HOF: 1
TIMESTAMP: 12, UE_ID: 294, CELL_SOURCE_ID: 20, CELL_TARGET_ID: 1, RSRP_SOURCE: -100.95, RSRP_TARGET: -70.75, RSRQ_SOURCE: -3.00, RSRQ_TARGET: -3.00, SINR_SOURCE: -3.16, SINR_TARGET: 36.35, TIME_TO_TRIGGER: 8.00, A3_OFFSET: 8.00, HOF: 1
TIMESTAMP: 12, UE_ID: 297, CELL_SOURCE_ID: 20, CELL_TARGET_ID: 1, RSRP_SOURCE: -97.92, RSRP_TARGET: -82.88, RSRQ_SOURCE: -3.00, RSRQ_TARGET: -3.00, SINR_SOURCE: -1.12, SINR_TARGET: 25.08, TIME_TO_TRIGGER: 8.00, A3_OFFSET: 8.00, HOF: 1
TIMESTAMP: 14, UE_ID: 161, CELL_SOURCE_ID: 1, CELL_TARGET_ID: 2, RSRP_SOURCE: -108.19, RSRP_TARGET: -72.23, RSRQ_SOURCE: -3.00, RSRQ_TARGET: -3.00, SINR_SOURCE: -9.76, SINR_TARGET: 36.79, TIME_TO_TRIGGER: 8.00, A3_OFFSET: 8.00, HOF: 1
TIMESTAMP: 14, UE_ID: 207, CELL_SOURCE_ID: 1, CELL_TARGET_ID: 2, RSRP_SOURCE: -100.01, RSRP_TARGET: -66.80, RSRQ_SOURCE: -3.00, RSRQ_TARGET: -3.00, SINR_SOURCE: -1.96, SINR_TARGET: 44.42, TIME_TO_TRIGGER: 8.00, A3_OFFSET: 8.00, HOF: 1
TIMESTAMP: 14, UE_ID: 236, CELL_SOURCE_ID: 1, CELL_TARGET_ID: 2, RSRP_SOURCE: -96.66, RSRP_TARGET: -67.74, RSRQ_SOURCE: -3.00, RSRQ_TARGET: -3.00, SINR_SOURCE: 1.52, SINR_TARGET: 43.09, TIME_TO_TRIGGER: 8.00, A3_OFFSET: 8.00, HOF: 1
TIMESTAMP: 14, UE_ID: 247, CELL_SOURCE_ID: 1, CELL_TARGET_ID: 2, RSRP_SOURCE: -101.19, RSRP_TARGET: -69.42, RSRQ_SOURCE: -3.00, RSRQ_TARGET: -3.00, SINR_SOURCE: -4.70, SINR_TARGET: 38.76, TIME_TO_TRIGGER: 8.00, A3_OFFSET: 8.00, HOF: 1
TIMESTAMP: 15, UE_ID: 249, CELL_SOURCE_ID: 3, CELL_TARGET_ID: 1, RSRP_SOURCE: -80.58, RSRP_TARGET: -71.43, RSRQ_SOURCE: -3.00, RSRQ_TARGET: -3.00, SINR_SOURCE: 27.25, SINR_TARGET: 37.80, TIME_TO_TRIGGER: 8.00, A3_OFFSET: 8.00, HOF: 1
TIMESTAMP: 15, UE_ID: 254, CELL_SOURCE_ID: 17, CELL_TARGET_ID: 1, RSRP_SOURCE: -57.37, RSRP_TARGET: -48.37, RSRQ_SOURCE: -3.00, RSRQ_TARGET: -3.00, SINR_SOURCE: 52.99, SINR_TARGET: 61.87, TIME_TO_TRIGGER: 8.00, A3_OFFSET: 8.00, HOF: 1
TIMESTAMP: 16, UE_ID: 266, CELL_SOURCE_ID: 1, CELL_TARGET_ID: 2, RSRP_SOURCE: -106.27, RSRP_TARGET: -82.33, RSRQ_SOURCE: -3.00, RSRQ_TARGET: -3.00, SINR_SOURCE: -7.38, SINR_TARGET: 28.80, TIME_TO_TRIGGER: 8.00, A3_OFFSET: 8.00, HOF: 1
TIMESTAMP: 17, UE_ID: 161, CELL_SOURCE_ID: 2, CELL_TARGET_ID: 1, RSRP_SOURCE: -78.12, RSRP_TARGET: -69.29, RSRQ_SOURCE: -3.00, RSRQ_TARGET: -3.00, SINR_SOURCE: 33.50, SINR_TARGET: 39.79, TIME_TO_TRIGGER: 8.00, A3_OFFSET: 8.00, HOF: 1
TIMESTAMP: 18, UE_ID: 207, CELL_SOURCE_ID: 2, CELL_TARGET_ID: 1, RSRP_SOURCE: -77.35, RSRP_TARGET: -69.03, RSRQ_SOURCE: -3.00, RSRQ_TARGET: -3.00, SINR_SOURCE: 30.57, SINR_TARGET: 41.58, TIME_TO_TRIGGER: 8.00, A3_OFFSET: 8.00, HOF: 1
TIMESTAMP: 19, UE_ID: 236, CELL_SOURCE_ID: 2, CELL_TARGET_ID: 1, RSRP_SOURCE: -105.08, RSRP_TARGET: -73.00, RSRQ_SOURCE: -3.00, RSRQ_TARGET: -3.00, SINR_SOURCE: -3.78, SINR_TARGET: 37.56, TIME_TO_TRIGGER: 8.00, A3_OFFSET: 8.00, HOF: 1
TIMESTAMP: 19, UE_ID: 247, CELL_SOURCE_ID: 2, CELL_TARGET_ID: 1, RSRP_SOURCE: -101.90, RSRP_TARGET: -75.75, RSRQ_SOURCE: -3.00, RSRQ_TARGET: -3.00, SINR_SOURCE: -5.34, SINR_TARGET: 37.30, TIME_TO_TRIGGER: 8.00, A3_OFFSET: 8.00, HOF: 1
TIMESTAMP: 19, UE_ID: 253, CELL_SOURCE_ID: 17, CELL_TARGET_ID: 1, RSRP_SOURCE: -107.26, RSRP_TARGET: -81.36, RSRQ_SOURCE: -3.00, RSRQ_TARGET: -3.00, SINR_SOURCE: -7.04, SINR_TARGET: 24.90, TIME_TO_TRIGGER: 8.00, A3_OFFSET: 8.00, HOF: 1
TIMESTAMP: 19, UE_ID: 300, CELL_SOURCE_ID: 7, CELL_TARGET_ID: 1, RSRP_SOURCE: -95.30, RSRP_TARGET: -73.98, RSRQ_SOURCE: -3.00, RSRQ_TARGET: -3.00, SINR_SOURCE: 3.24, SINR_TARGET: 33.46, TIME_TO_TRIGGER: 8.00, A3_OFFSET: 8.00, HOF: 1
TIMESTAMP: 20, UE_ID: 161, CELL_SOURCE_ID: 1, CELL_TARGET_ID: 2, RSRP_SOURCE: -91.58, RSRP_TARGET: -70.06, RSRQ_SOURCE: -3.00, RSRQ_TARGET: -3.00, SINR_SOURCE: 11.46, SINR_TARGET: 37.71, TIME_TO_TRIGGER: 8.00, A3_OFFSET: 8.00, HOF: 1
TIMESTAMP: 20, UE_ID: 207, CELL_SOURCE_ID: 1, CELL_TARGET_ID: 2, RSRP_SOURCE: -96.45, RSRP_TARGET: -68.24, RSRQ_SOURCE: -3.00, RSRQ_TARGET: -3.00, SINR_SOURCE: 7.27, SINR_TARGET: 43.10, TIME_TO_TRIGGER: 8.00, A3_OFFSET: 8.00, HOF: 1
TIMESTAMP: 20, UE_ID: 249, CELL_SOURCE_ID: 1, CELL_TARGET_ID: 2, RSRP_SOURCE: -99.52, RSRP_TARGET: -74.52, RSRQ_SOURCE: -3.00, RSRQ_TARGET: -3.00, SINR_SOURCE: 5.09, SINR_TARGET: 37.87, TIME_TO_TRIGGER: 8.00, A3_OFFSET: 8.00, HOF: 1
TIMESTAMP: 20, UE_ID: 297, CELL_SOURCE_ID: 21, CELL_TARGET_ID: 2, RSRP_SOURCE: -102.55, RSRP_TARGET: -81.68, RSRQ_SOURCE: -3.00, RSRQ_TARGET: -3.00, SINR_SOURCE: -2.56, SINR_TARGET: 26.03, TIME_TO_TRIGGER: 8.00, A3_OFFSET: 8.00, HOF: 1
