TIMESTAMP: 10, UE_ID: 71, CELL_SOURCE_ID: 6, CELL_TARGET_ID: 4, RSRP_SOURCE: -96.01, RSRP_TARGET: -86.78, RSRQ_SOURCE: -3.00, RSRQ_TARGET: -3.00, SINR_SOURCE: 5.03, SINR_TARGET: 11.13, TIME_TO_TRIGGER: 8.00, A3_OFFSET: 8.00, HOF: 0
TIMESTAMP: 16, UE_ID: 40, CELL_SOURCE_ID: 2, CELL_TARGET_ID: 1, RSRP_SOURCE: -102.32, RSRP_TARGET: -93.61, RSRQ_SOURCE: -3.00, RSRQ_TARGET: -3.00, SINR_SOURCE: -5.02, SINR_TARGET: 4.09, TIME_TO_TRIGGER: 8.00, A3_OFFSET: 8.00, HOF: 0
TIMESTAMP: 17, UE_ID: 26, CELL_SOURCE_ID: 16, CELL_TARGET_ID: 18, RSRP_SOURCE: -102.87, RSRP_TARGET: -94.02, RSRQ_SOURCE: -3.00, RSRQ_TARGET: -3.00, SINR_SOURCE: -7.77, SINR_TARGET: 5.42, TIME_TO_TRIGGER: 8.00, A3_OFFSET: 8.00, HOF: 0
TIMESTAMP: 20, UE_ID: 142, CELL_SOURCE_ID: 17, CELL_TARGET_ID: 13, RSRP_SOURCE: -109.99, RSRP_TARGET: -98.26, RSRQ_SOURCE: -3.00, RSRQ_TARGET: -3.00, SINR_SOURCE: -9.81, SINR_TARGET: -0.99, TIME_TO_TRIGGER: 8.00, A3_OFFSET: 8.00, HOF: 1
TIMESTAMP: 22, UE_ID: 146, CELL_SOURCE_ID: 7, CELL_TARGET_ID: 10, RSRP_SOURCE: -108.19, RSRP_TARGET: -95.96, RSRQ_SOURCE: -3.00, RSRQ_TARGET: -3.00, SINR_SOURCE: -9.81, SINR_TARGET: 1.13, TIME_TO_TRIGGER: 8.00, A3_OFFSET: 8.00, HOF: 0
TIMESTAMP: 23, UE_ID: 63, CELL_SOURCE_ID: 8, CELL_TARGET_ID: 7, RSRP_SOURCE: -104.13, RSRP_TARGET: -95.81, RSRQ_SOURCE: -3.00, RSRQ_TARGET: -3.00, SINR_SOURCE: -8.45, SINR_TARGET: -2.08, TIME_TO_TRIGGER: 8.00, A3_OFFSET: 8.00, HOF: 0
TIMESTAMP: 27, UE_ID: 62, CELL_SOURCE_ID: 13, CELL_TARGET_ID: 14, RSRP_SOURCE: -103.69, RSRP_TARGET: -95.23, RSRQ_SOURCE: -3.00, RSRQ_TARGET: -3.00, SINR_SOURCE: -9.32, SINR_TARGET: -0.66, TIME_TO_TRIGGER: 8.00, A3_OFFSET: 8.00, HOF: 0
TIMESTAMP: 28, UE_ID: 20, CELL_SOURCE_ID: 20, CELL_TARGET_ID: 19, RSRP_SOURCE: -107.18, RSRP_TARGET: -98.88, RSRQ_SOURCE: -3.00, RSRQ_TARGET: -3.00, SINR_SOURCE: -11.46, SINR_TARGET: -3.18, TIME_TO_TRIGGER: 8.00, A3_OFFSET: 8.00, HOF: 0
TIMESTAMP: 28, UE_ID: 26, CELL_SOURCE_ID: 14, CELL_TARGET_ID: 13, RSRP_SOURCE: -106.43, RSRP_TARGET: -98.13, RSRQ_SOURCE: -3.00, RSRQ_TARGET: -3.00, SINR_SOURCE: -10.71, SINR_TARGET: -2.43, TIME_TO_TRIGGER: 8.00, A3_OFFSET: 8.00, HOF: 0
TIMESTAMP: 28, UE_ID: 164, CELL_SOURCE_ID: 16, CELL_TARGET_ID: 17, RSRP_SOURCE: -88.29, RSRP_TARGET: -79.75, RSRQ_SOURCE: -3.00, RSRQ_TARGET: -3.00, SINR_SOURCE: 10.46, SINR_TARGET: 20.77, TIME_TO_TRIGGER: 8.00, A3_OFFSET: 8.00, HOF: 0
TIMESTAMP: 29, UE_ID: 62, CELL_SOURCE_ID: 13, CELL_TARGET_ID: 16, RSRP_SOURCE: -103.79, RSRP_TARGET: -93.78, RSRQ_SOURCE: -3.00, RSRQ_TARGET: -3.00, SINR_SOURCE: -4.20, SINR_TARGET: 3.94, TIME_TO_TRIGGER: 8.00, A3_OFFSET: 8.00, HOF: 0
TIMESTAMP: 29, UE_ID: 74, CELL_SOURCE_ID: 9, CELL_TARGET_ID: 1, RSRP_SOURCE: -96.00, RSRP_TARGET: -69.95, RSRQ_SOURCE: -3.00, RSRQ_TARGET: -3.00, SINR_SOURCE: 2.09, SINR_TARGET: 29.64, TIME_TO_TRIGGER: 8.00, A3_OFFSET: 8.00, HOF: 0
TIMESTAMP: 30, UE_ID: 146, CELL_SOURCE_ID: 7, CELL_TARGET_ID: 10, RSRP_SOURCE: -108.04, RSRP_TARGET: -70.64, RSRQ_SOURCE: -3.00, RSRQ_TARGET: -3.00, SINR_SOURCE: -12.33, SINR_TARGET: 26.70, TIME_TO_TRIGGER: 8.00, A3_OFFSET: 8.00, HOF: 0
TIMESTAMP: 32, UE_ID: 62, CELL_SOURCE_ID: 13, CELL_TARGET_ID: 18, RSRP_SOURCE: -103.57, RSRP_TARGET: -95.33, RSRQ_SOURCE: -3.00, RSRQ_TARGET: -3.00, SINR_SOURCE: -5.16, SINR_TARGET: 1.21, TIME_TO_TRIGGER: 8.00, A3_OFFSET: 8.00, HOF: 0
TIMESTAMP: 32, UE_ID: 146, CELL_SOURCE_ID: 7, CELL_TARGET_ID: 10, RSRP_SOURCE: -106.65, RSRP_TARGET: -91.19, RSRQ_SOURCE: -3.00, RSRQ_TARGET: -3.00, SINR_SOURCE: -8.12, SINR_TARGET: 5.02, TIME_TO_TRIGGER: 8.00, A3_OFFSET: 8.00, HOF: 0
TIMESTAMP: 32, UE_ID: 168, CELL_SOURCE_ID: 15, CELL_TARGET_ID: 16, RSRP_SOURCE: -108.82, RSRP_TARGET: -99.57, RSRQ_SOURCE: -3.00, RSRQ_TARGET: -3.00, SINR_SOURCE: -7.55, SINR_TARGET: -0.13, TIME_TO_TRIGGER: 8.00, A3_OFFSET: 8.00, HOF: 1
TIMESTAMP: 32, UE_ID: 169, CELL_SOURCE_ID: 10, CELL_TARGET_ID: 11, RSRP_SOURCE: -55.54, RSRP_TARGET: -46.34, RSRQ_SOURCE: -3.00, RSRQ_TARGET: -3.00, SINR_SOURCE: 41.73, SINR_TARGET: 52.68, TIME_TO_TRIGGER: 8.00, A3_OFFSET: 8.00, HOF: 0
TIMESTAMP: 34, UE_ID: 146, CELL_SOURCE_ID: 7, CELL_TARGET_ID: 10, RSRP_SOURCE: -106.08, RSRP_TARGET: -94.71, RSRQ_SOURCE: -3.00, RSRQ_TARGET: -3.00, SINR_SOURCE: -5.65, SINR_TARGET: 0.36, TIME_TO_TRIGGER: 8.00, A3_OFFSET: 8.00, HOF: 0
TIMESTAMP: 36, UE_ID: 187, CELL_SOURCE_ID: 11, CELL_TARGET_ID: 10, RSRP_SOURCE: -107.88, RSRP_TARGET: -96.62, RSRQ_SOURCE: -3.00, RSRQ_TARGET: -3.00, SINR_SOURCE: -11.62, SINR_TARGET: 1.05, TIME_TO_TRIGGER: 8.00, A3_OFFSET: 8.00, HOF: 0
TIMESTAMP: 37, UE_ID: 52, CELL_SOURCE_ID: 19, CELL_TARGET_ID: 20, RSRP_SOURCE: -108.75, RSRP_TARGET: -98.39, RSRQ_SOURCE: -3.00, RSRQ_TARGET: -3.00, SINR_SOURCE: -7.30, SINR_TARGET: -0.41, TIME_TO_TRIGGER: 8.00, A3_OFFSET: 8.00, HOF: 0
TIMESTAMP: 37, UE_ID: 151, CELL_SOURCE_ID: 1, CELL_TARGET_ID: 3, RSRP_SOURCE: -109.20, RSRP_TARGET: -98.28, RSRQ_SOURCE: -3.00, RSRQ_TARGET: -3.00, SINR_SOURCE: -12.25, SINR_TARGET: -0.94, TIME_TO_TRIGGER: 8.00, A3_OFFSET: 8.00, HOF: 1
TIMESTAMP: 38, UE_ID: 90, CELL_SOURCE_ID: 8, CELL_TARGET_ID: 7, RSRP_SOURCE: -108.81, RSRP_TARGET: -99.83, RSRQ_SOURCE: -3.00, RSRQ_TARGET: -3.00, SINR_SOURCE: -11.32, SINR_TARGET: -5.76, TIME_TO_TRIGGER: 8.00, A3_OFFSET: 8.00, HOF: 0
TIMESTAMP: 38, UE_ID: 153, CELL_SOURCE_ID: 10, CELL_TARGET_ID: 11, RSRP_SOURCE: -109.47, RSRP_TARGET: -92.59, RSRQ_SOURCE: -3.00, RSRQ_TARGET: -3.00, SINR_SOURCE: -13.81, SINR_TARGET: 7.09, TIME_TO_TRIGGER: 8.00, A3_OFFSET: 8.00, HOF: 0
TIMESTAMP: 39, UE_ID: 111, CELL_SOURCE_ID: 10, CELL_TARGET_ID: 1, RSRP_SOURCE: -105.32, RSRP_TARGET: -91.16, RSRQ_SOURCE: -3.00, RSRQ_TARGET: -3.00, SINR_SOURCE: -6.75, SINR_TARGET: 9.30, TIME_TO_TRIGGER: 8.00, A3_OFFSET: 8.00, HOF: 0
TIMESTAMP: 41, UE_ID: 63, CELL_SOURCE_ID: 8, CELL_TARGET_ID: 4, RSRP_SOURCE: -109.12, RSRP_TARGET: -98.42, RSRQ_SOURCE: -3.00, RSRQ_TARGET: -3.00, SINR_SOURCE: -12.71, SINR_TARGET: -2.40, TIME_TO_TRIGGER: 8.00, A3_OFFSET: 8.00, HOF: 0
TIMESTAMP: 41, UE_ID: 192, CELL_SOURCE_ID: 1, CELL_TARGET_ID: 10, RSRP_SOURCE: -106.07, RSRP_TARGET: -93.46, RSRQ_SOURCE: -3.00, RSRQ_TARGET: -3.00, SINR_SOURCE: -11.95, SINR_TARGET: 5.58, TIME_TO_TRIGGER: 8.00, A3_OFFSET: 8.00, HOF: 0
TIMESTAMP: 42, UE_ID: 111, CELL_SOURCE_ID: 10, CELL_TARGET_ID: 1, RSRP_SOURCE: -99.95, RSRP_TARGET: -86.13, RSRQ_SOURCE: -3.00, RSRQ_TARGET: -3.00, SINR_SOURCE: -2.36, SINR_TARGET: 10.38, TIME_TO_TRIGGER: 8.00, A3_OFFSET: 8.00, HOF: 0
TIMESTAMP: 43, UE_ID: 51, CELL_SOURCE_ID: 8, CELL_TARGET_ID: 4, RSRP_SOURCE: -107.22, RSRP_TARGET: -94.50, RSRQ_SOURCE: -3.00, RSRQ_TARGET: -3.00, SINR_SOURCE: -7.08, SINR_TARGET: 7.45, TIME_TO_TRIGGER: 8.00, A3_OFFSET: 8.00, HOF: 0
TIMESTAMP: 43, UE_ID: 154, CELL_SOURCE_ID: 15, CELL_TARGET_ID: 13, RSRP_SOURCE: -97.85, RSRP_TARGET: -88.92, RSRQ_SOURCE: -3.00, RSRQ_TARGET: -3.00, SINR_SOURCE: 2.48, SINR_TARGET: 7.87, TIME_TO_TRIGGER: 8.00, A3_OFFSET: 8.00, HOF: 1
TIMESTAMP: 44, UE_ID: 16, CELL_SOURCE_ID: 5, CELL_TARGET_ID: 6, RSRP_SOURCE: -107.45, RSRP_TARGET: -98.06, RSRQ_SOURCE: -3.00, RSRQ_TARGET: -3.00, SINR_SOURCE: -6.59, SINR_TARGET: 3.54, TIME_TO_TRIGGER: 8.00, A3_OFFSET: 8.00, HOF: 1
TIMESTAMP: 44, UE_ID: 109, CELL_SOURCE_ID: 12, CELL_TARGET_ID: 14, RSRP_SOURCE: -98.26, RSRP_TARGET: -89.53, RSRQ_SOURCE: -3.00, RSRQ_TARGET: -3.00, SINR_SOURCE: -3.06, SINR_TARGET: 10.02, TIME_TO_TRIGGER: 8.00, A3_OFFSET: 8.00, HOF: 0
TIMESTAMP: 44, UE_ID: 111, CELL_SOURCE_ID: 10, CELL_TARGET_ID: 1, RSRP_SOURCE: -104.30, RSRP_TARGET: -93.32, RSRQ_SOURCE: -3.00, RSRQ_TARGET: -3.00, SINR_SOURCE: -9.11, SINR_TARGET: 5.62, TIME_TO_TRIGGER: 8.00, A3_OFFSET: 8.00, HOF: 0
TIMESTAMP: 45, UE_ID: 19, CELL_SOURCE_ID: 3, CELL_TARGET_ID: 1, RSRP_SOURCE: -103.97, RSRP_TARGET: -94.05, RSRQ_SOURCE: -3.00, RSRQ_TARGET: -3.00, SINR_SOURCE: -5.54, SINR_TARGET: 4.38, TIME_TO_TRIGGER: 8.00, A3_OFFSET: 8.00, HOF: 1
TIMESTAMP: 47, UE_ID: 109, CELL_SOURCE_ID: 12, CELL_TARGET_ID: 13, RSRP_SOURCE: -106.45, RSRP_TARGET: -69.92, RSRQ_SOURCE: -3.00, RSRQ_TARGET: -3.00, SINR_SOURCE: -9.79, SINR_TARGET: 29.91, TIME_TO_TRIGGER: 8.00, A3_OFFSET: 8.00, HOF: 0
TIMESTAMP: 51, UE_ID: 134, CELL_SOURCE_ID: 16, CELL_TARGET_ID: 17, RSRP_SOURCE: -70.98, RSRP_TARGET: -60.66, RSRQ_SOURCE: -3.00, RSRQ_TARGET: -3.00, SINR_SOURCE: 22.83, SINR_TARGET: 40.24, TIME_TO_TRIGGER: 8.00, A3_OFFSET: 8.00, HOF: 0
TIMESTAMP: 52, UE_ID: 37, CELL_SOURCE_ID: 13, CELL_TARGET_ID: 14, RSRP_SOURCE: -76.94, RSRP_TARGET: -66.62, RSRQ_SOURCE: -3.00, RSRQ_TARGET: -3.00, SINR_SOURCE: 16.87, SINR_TARGET: 34.28, TIME_TO_TRIGGER: 8.00, A3_OFFSET: 8.00, HOF: 0
TIMESTAMP: 52, UE_ID: 138, CELL_SOURCE_ID: 14, CELL_TARGET_ID: 1, RSRP_SOURCE: -103.68, RSRP_TARGET: -89.60, RSRQ_SOURCE: -3.00, RSRQ_TARGET: -3.00, SINR_SOURCE: -6.35, SINR_TARGET: 8.05, TIME_TO_TRIGGER: 8.00, A3_OFFSET: 8.00, HOF: 1
TIMESTAMP: 53, UE_ID: 203, CELL_SOURCE_ID: 15, CELL_TARGET_ID: 1, RSRP_SOURCE: -100.67, RSRP_TARGET: -91.09, RSRQ_SOURCE: -3.00, RSRQ_TARGET: -3.00, SINR_SOURCE: -6.47, SINR_TARGET: 5.70, TIME_TO_TRIGGER: 8.00, A3_OFFSET: 8.00, HOF: 0
TIMESTAMP: 56, UE_ID: 4, CELL_SOURCE_ID: 20, CELL_TARGET_ID: 1, RSRP_SOURCE: -107.52, RSRP_TARGET: -93.99, RSRQ_SOURCE: -3.00, RSRQ_TARGET: -3.00, SINR_SOURCE: -10.36, SINR_TARGET: 1.16, TIME_TO_TRIGGER: 8.00, A3_OFFSET: 8.00, HOF: 0
TIMESTAMP: 58, UE_ID: 183, CELL_SOURCE_ID: 18, CELL_TARGET_ID: 1, RSRP_SOURCE: -106.05, RSRP_TARGET: -94.86, RSRQ_SOURCE: -3.00, RSRQ_TARGET: -3.00, SINR_SOURCE: -5.57, SINR_TARGET: 2.47, TIME_TO_TRIGGER: 8.00, A3_OFFSET: 8.00, HOF: 0
TIMESTAMP: 60, UE_ID: 36, CELL_SOURCE_ID: 1, CELL_TARGET_ID: 2, RSRP_SOURCE: -93.47, RSRP_TARGET: -83.66, RSRQ_SOURCE: -3.00, RSRQ_TARGET: -3.00, SINR_SOURCE: 7.43, SINR_TARGET: 16.87, TIME_TO_TRIGGER: 8.00, A3_OFFSET: 8.00, HOF: 0
TIMESTAMP: 60, UE_ID: 57, CELL_SOURCE_ID: 2, CELL_TARGET_ID: 3, RSRP_SOURCE: -103.36, RSRP_TARGET: -94.88, RSRQ_SOURCE: -3.00, RSRQ_TARGET: -3.00, SINR_SOURCE: -4.63, SINR_TARGET: 6.10, TIME_TO_TRIGGER: 8.00, A3_OFFSET: 8.00, HOF: 0
TIMESTAMP: 60, UE_ID: 90, CELL_SOURCE_ID: 8, CELL_TARGET_ID: 7, RSRP_SOURCE: -105.84, RSRP_TARGET: -96.42, RSRQ_SOURCE: -3.00, RSRQ_TARGET: -3.00, SINR_SOURCE: -7.02, SINR_TARGET: 2.63, TIME_TO_TRIGGER: 8.00, A3_OFFSET: 8.00, HOF: 0
TIMESTAMP: 64, UE_ID: 183, CELL_SOURCE_ID: 18, CELL_TARGET_ID: 1, RSRP_SOURCE: -101.15, RSRP_TARGET: -92.62, RSRQ_SOURCE: -3.00, RSRQ_TARGET: -3.00, SINR_SOURCE: -1.97, SINR_TARGET: 9.30, TIME_TO_TRIGGER: 8.00, A3_OFFSET: 8.00, HOF: 0
TIMESTAMP: 64, UE_ID: 190, CELL_SOURCE_ID: 16, CELL_TARGET_ID: 15, RSRP_SOURCE: -104.93, RSRP_TARGET: -95.88, RSRQ_SOURCE: -3.00, RSRQ_TARGET: -3.00, SINR_SOURCE: -6.25, SINR_TARGET: -0.50, TIME_TO_TRIGGER: 8.00, A3_OFFSET: 8.00, HOF: 0
TIMESTAMP: 67, UE_ID: 129, CELL_SOURCE_ID: 1, CELL_TARGET_ID: 2, RSRP_SOURCE: -106.25, RSRP_TARGET: -94.20, RSRQ_SOURCE: -3.00, RSRQ_TARGET: -3.00, SINR_SOURCE: -7.81, SINR_TARGET: 2.29, TIME_TO_TRIGGER: 8.00, A3_OFFSET: 8.00, HOF: 0
TIMESTAMP: 68, UE_ID: 57, CELL_SOURCE_ID: 2, CELL_TARGET_ID: 19, RSRP_SOURCE: -108.70, RSRP_TARGET: -82.40, RSRQ_SOURCE: -3.00, RSRQ_TARGET: -3.00, SINR_SOURCE: -13.50, SINR_TARGET: 16.48, TIME_TO_TRIGGER: 8.00, A3_OFFSET: 8.00, HOF: 0
TIMESTAMP: 68, UE_ID: 183, CELL_SOURCE_ID: 18, CELL_TARGET_ID: 1, RSRP_SOURCE: -107.01, RSRP_TARGET: -95.84, RSRQ_SOURCE: -3.00, RSRQ_TARGET: -3.00, SINR_SOURCE: -7.71, SINR_TARGET: 1.32, TIME_TO_TRIGGER: 8.00, A3_OFFSET: 8.00, HOF: 0
TIMESTAMP: 69, UE_ID: 114, CELL_SOURCE_ID: 17, CELL_TARGET_ID: 13, RSRP_SOURCE: -104.70, RSRP_TARGET: -95.59, RSRQ_SOURCE: -3.00, RSRQ_TARGET: -3.00, SINR_SOURCE: -6.56, SINR_TARGET: 4.16, TIME_TO_TRIGGER: 8.00, A3_OFFSET: 8.00, HOF: 1
TIMESTAMP: 73, UE_ID: 142, CELL_SOURCE_ID: 13, CELL_TARGET_ID: 14, RSRP_SOURCE: -85.71, RSRP_TARGET: -76.22, RSRQ_SOURCE: -3.00, RSRQ_TARGET: -3.00, SINR_SOURCE: 11.64, SINR_TARGET: 21.51, TIME_TO_TRIGGER: 8.00, A3_OFFSET: 8.00, HOF: 0
TIMESTAMP: 75, UE_ID: 4, CELL_SOURCE_ID: 20, CELL_TARGET_ID: 4, RSRP_SOURCE: -101.82, RSRP_TARGET: -93.01, RSRQ_SOURCE: -3.00, RSRQ_TARGET: -3.00, SINR_SOURCE: -4.06, SINR_TARGET: 4.95, TIME_TO_TRIGGER: 8.00, A3_OFFSET: 8.00, HOF: 0
TIMESTAMP: 76, UE_ID: 34, CELL_SOURCE_ID: 1, CELL_TARGET_ID: 8, RSRP_SOURCE: -106.16, RSRP_TARGET: -95.30, RSRQ_SOURCE: -3.00, RSRQ_TARGET: -3.00, SINR_SOURCE: -6.32, SINR_TARGET: 0.75, TIME_TO_TRIGGER: 8.00, A3_OFFSET: 8.00, HOF: 0
TIMESTAMP: 77, UE_ID: 4, CELL_SOURCE_ID: 20, CELL_TARGET_ID: 4, RSRP_SOURCE: -103.12, RSRP_TARGET: -94.24, RSRQ_SOURCE: -3.00, RSRQ_TARGET: -3.00, SINR_SOURCE: -5.84, SINR_TARGET: 7.31, TIME_TO_TRIGGER: 8.00, A3_OFFSET: 8.00, HOF: 0
TIMESTAMP: 79, UE_ID: 178, CELL_SOURCE_ID: 5, CELL_TARGET_ID: 7, RSRP_SOURCE: -108.21, RSRP_TARGET: -96.83, RSRQ_SOURCE: -3.00, RSRQ_TARGET: -3.00, SINR_SOURCE: -8.50, SINR_TARGET: 1.09, TIME_TO_TRIGGER: 8.00, A3_OFFSET: 8.00, HOF: 0
TIMESTAMP: 82, UE_ID: 81, CELL_SOURCE_ID: 13, CELL_TARGET_ID: 14, RSRP_SOURCE: -91.13, RSRP_TARGET: -81.46, RSRQ_SOURCE: -3.00, RSRQ_TARGET: -3.00, SINR_SOURCE: 5.26, SINR_TARGET: 19.12, TIME_TO_TRIGGER: 8.00, A3_OFFSET: 8.00, HOF: 1
TIMESTAMP: 86, UE_ID: 105, CELL_SOURCE_ID: 2, CELL_TARGET_ID: 1, RSRP_SOURCE: -58.22, RSRP_TARGET: -46.70, RSRQ_SOURCE: -3.00, RSRQ_TARGET: -3.00, SINR_SOURCE: 38.50, SINR_TARGET: 51.61, TIME_TO_TRIGGER: 8.00, A3_OFFSET: 8.00, HOF: 1
TIMESTAMP: 86, UE_ID: 178, CELL_SOURCE_ID: 5, CELL_TARGET_ID: 7, RSRP_SOURCE: -109.42, RSRP_TARGET: -99.66, RSRQ_SOURCE: -3.00, RSRQ_TARGET: -3.00, SINR_SOURCE: -11.21, SINR_TARGET: -3.79, TIME_TO_TRIGGER: 8.00, A3_OFFSET: 8.00, HOF: 1
TIMESTAMP: 88, UE_ID: 19, CELL_SOURCE_ID: 20, CELL_TARGET_ID: 1, RSRP_SOURCE: -107.40, RSRP_TARGET: -95.90, RSRQ_SOURCE: -3.00, RSRQ_TARGET: -3.00, SINR_SOURCE: -8.93, SINR_TARGET: 1.98, TIME_TO_TRIGGER: 8.00, A3_OFFSET: 8.00, HOF: 0
TIMESTAMP: 91, UE_ID: 138, CELL_SOURCE_ID: 18, CELL_TARGET_ID: 2, RSRP_SOURCE: -108.94, RSRP_TARGET: -98.90, RSRQ_SOURCE: -3.00, RSRQ_TARGET: -3.00, SINR_SOURCE: -10.62, SINR_TARGET: -2.41, TIME_TO_TRIGGER: 8.00, A3_OFFSET: 8.00, HOF: 1
TIMESTAMP: 93, UE_ID: 76, CELL_SOURCE_ID: 9, CELL_TARGET_ID: 7, RSRP_SOURCE: -101.97, RSRP_TARGET: -93.36, RSRQ_SOURCE: -3.00, RSRQ_TARGET: -3.00, SINR_SOURCE: -3.01, SINR_TARGET: 5.29, TIME_TO_TRIGGER: 8.00, A3_OFFSET: 8.00, HOF: 0
TIMESTAMP: 94, UE_ID: 74, CELL_SOURCE_ID: 3, CELL_TARGET_ID: 16, RSRP_SOURCE: -108.38, RSRP_TARGET: -97.84, RSRQ_SOURCE: -3.00, RSRQ_TARGET: -3.00, SINR_SOURCE: -8.86, SINR_TARGET: -0.15, TIME_TO_TRIGGER: 8.00, A3_OFFSET: 8.00, HOF: 0
TIMESTAMP: 99, UE_ID: 114, CELL_SOURCE_ID: 17, CELL_TARGET_ID: 13, RSRP_SOURCE: -98.90, RSRP_TARGET: -89.30, RSRQ_SOURCE: -3.00, RSRQ_TARGET: -3.00, SINR_SOURCE: -0.80, SINR_TARGET: 7.10, TIME_TO_TRIGGER: 8.00, A3_OFFSET: 8.00, HOF: 1
TIMESTAMP: 100, UE_ID: 25, CELL_SOURCE_ID: 18, CELL_TARGET_ID: 13, RSRP_SOURCE: -102.46, RSRP_TARGET: -91.13, RSRQ_SOURCE: -3.00, RSRQ_TARGET: -3.00, SINR_SOURCE: -3.51, SINR_TARGET: 4.44, TIME_TO_TRIGGER: 8.00, A3_OFFSET: 8.00, HOF: 0
TIMESTAMP: 101, UE_ID: 103, CELL_SOURCE_ID: 7, CELL_TARGET_ID: 8, RSRP_SOURCE: -108.60, RSRP_TARGET: -98.79, RSRQ_SOURCE: -3.00, RSRQ_TARGET: -3.00, SINR_SOURCE: -9.64, SINR_TARGET: -0.25, TIME_TO_TRIGGER: 8.00, A3_OFFSET: 8.00, HOF: 0
TIMESTAMP: 101, UE_ID: 111, CELL_SOURCE_ID: 3, CELL_TARGET_ID: 5, RSRP_SOURCE: -109.55, RSRP_TARGET: -98.97, RSRQ_SOURCE: -3.00, RSRQ_TARGET: -3.00, SINR_SOURCE: -12.52, SINR_TARGET: 2.68, TIME_TO_TRIGGER: 8.00, A3_OFFSET: 8.00, HOF: 0
TIMESTAMP: 103, UE_ID: 111, CELL_SOURCE_ID: 3, CELL_TARGET_ID: 4, RSRP_SOURCE: -105.33, RSRP_TARGET: -97.01, RSRQ_SOURCE: -3.00, RSRQ_TARGET: -3.00, SINR_SOURCE: -3.06, SINR_TARGET: 0.48, TIME_TO_TRIGGER: 8.00, A3_OFFSET: 8.00, HOF: 1
TIMESTAMP: 104, UE_ID: 188, CELL_SOURCE_ID: 10, CELL_TARGET_ID: 7, RSRP_SOURCE: -99.94, RSRP_TARGET: -87.77, RSRQ_SOURCE: -3.00, RSRQ_TARGET: -3.00, SINR_SOURCE: 0.45, SINR_TARGET: 13.62, TIME_TO_TRIGGER: 8.00, A3_OFFSET: 8.00, HOF: 0
TIMESTAMP: 106, UE_ID: 188, CELL_SOURCE_ID: 10, CELL_TARGET_ID: 7, RSRP_SOURCE: -102.40, RSRP_TARGET: -91.23, RSRQ_SOURCE: -3.00, RSRQ_TARGET: -3.00, SINR_SOURCE: -6.29, SINR_TARGET: 7.71, TIME_TO_TRIGGER: 8.00, A3_OFFSET: 8.00, HOF: 1
TIMESTAMP: 107, UE_ID: 172, CELL_SOURCE_ID: 14, CELL_TARGET_ID: 13, RSRP_SOURCE: -107.78, RSRP_TARGET: -97.63, RSRQ_SOURCE: -3.00, RSRQ_TARGET: -3.00, SINR_SOURCE: -12.69, SINR_TARGET: -1.01, TIME_TO_TRIGGER: 8.00, A3_OFFSET: 8.00, HOF: 1
TIMESTAMP: 110, UE_ID: 115, CELL_SOURCE_ID: 11, CELL_TARGET_ID: 9, RSRP_SOURCE: -105.24, RSRP_TARGET: -94.76, RSRQ_SOURCE: -3.00, RSRQ_TARGET: -3.00, SINR_SOURCE: -8.70, SINR_TARGET: -1.78, TIME_TO_TRIGGER: 8.00, A3_OFFSET: 8.00, HOF: 0
TIMESTAMP: 113, UE_ID: 125, CELL_SOURCE_ID: 7, CELL_TARGET_ID: 8, RSRP_SOURCE: -57.64, RSRP_TARGET: -47.78, RSRQ_SOURCE: -3.00, RSRQ_TARGET: -3.00, SINR_SOURCE: 39.14, SINR_TARGET: 46.02, TIME_TO_TRIGGER: 8.00, A3_OFFSET: 8.00, HOF: 0
TIMESTAMP: 115, UE_ID: 190, CELL_SOURCE_ID: 16, CELL_TARGET_ID: 18, RSRP_SOURCE: -104.96, RSRP_TARGET: -95.99, RSRQ_SOURCE: -3.00, RSRQ_TARGET: -3.00, SINR_SOURCE: -6.75, SINR_TARGET: 1.63, TIME_TO_TRIGGER: 8.00, A3_OFFSET: 8.00, HOF: 0
TIMESTAMP: 118, UE_ID: 111, CELL_SOURCE_ID: 4, CELL_TARGET_ID: 6, RSRP_SOURCE: -106.44, RSRP_TARGET: -91.41, RSRQ_SOURCE: -3.00, RSRQ_TARGET: -3.00, SINR_SOURCE: -7.39, SINR_TARGET: 5.70, TIME_TO_TRIGGER: 8.00, A3_OFFSET: 8.00, HOF: 0
TIMESTAMP: 119, UE_ID: 10, CELL_SOURCE_ID: 5, CELL_TARGET_ID: 7, RSRP_SOURCE: -107.37, RSRP_TARGET: -97.99, RSRQ_SOURCE: -3.00, RSRQ_TARGET: -3.00, SINR_SOURCE: -8.32, SINR_TARGET: -0.88, TIME_TO_TRIGGER: 8.00, A3_OFFSET: 8.00, HOF: 0
TIMESTAMP: 122, UE_ID: 25, CELL_SOURCE_ID: 18, CELL_TARGET_ID: 13, RSRP_SOURCE: -105.58, RSRP_TARGET: -70.73, RSRQ_SOURCE: -3.00, RSRQ_TARGET: -3.00, SINR_SOURCE: -7.23, SINR_TARGET: 27.76, TIME_TO_TRIGGER: 8.00, A3_OFFSET: 8.00, HOF: 1
TIMESTAMP: 127, UE_ID: 206, CELL_SOURCE_ID: 7, CELL_TARGET_ID: 1, RSRP_SOURCE: -109.08, RSRP_TARGET: -93.76, RSRQ_SOURCE: -3.00, RSRQ_TARGET: -3.00, SINR_SOURCE: -9.25, SINR_TARGET: 2.34, TIME_TO_TRIGGER: 8.00, A3_OFFSET: 8.00, HOF: 0
TIMESTAMP: 137, UE_ID: 101, CELL_SOURCE_ID: 15, CELL_TARGET_ID: 13, RSRP_SOURCE: -101.31, RSRP_TARGET: -91.05, RSRQ_SOURCE: -3.00, RSRQ_TARGET: -3.00, SINR_SOURCE: -5.12, SINR_TARGET: 10.81, TIME_TO_TRIGGER: 8.00, A3_OFFSET: 8.00, HOF: 0
TIMESTAMP: 140, UE_ID: 67, CELL_SOURCE_ID: 9, CELL_TARGET_ID: 10, RSRP_SOURCE: -107.86, RSRP_TARGET: -96.58, RSRQ_SOURCE: -3.00, RSRQ_TARGET: -3.00, SINR_SOURCE: -8.43, SINR_TARGET: -0.37, TIME_TO_TRIGGER: 8.00, A3_OFFSET: 8.00, HOF: 0
TIMESTAMP: 154, UE_ID: 169, CELL_SOURCE_ID: 11, CELL_TARGET_ID: 10, RSRP_SOURCE: -44.90, RSRP_TARGET: -34.12, RSRQ_SOURCE: -3.00, RSRQ_TARGET: -3.00, SINR_SOURCE: 52.77, SINR_TARGET: 65.02, TIME_TO_TRIGGER: 8.00, A3_OFFSET: 8.00, HOF: 1
TIMESTAMP: 162, UE_ID: 37, CELL_SOURCE_ID: 15, CELL_TARGET_ID: 13, RSRP_SOURCE: -87.26, RSRP_TARGET: -72.91, RSRQ_SOURCE: -3.00, RSRQ_TARGET: -3.00, SINR_SOURCE: 14.47, SINR_TARGET: 21.16, TIME_TO_TRIGGER: 8.00, A3_OFFSET: 8.00, HOF: 0
TIMESTAMP: 164, UE_ID: 65, CELL_SOURCE_ID: 18, CELL_TARGET_ID: 16, RSRP_SOURCE: -103.65, RSRP_TARGET: -94.27, RSRQ_SOURCE: -3.00, RSRQ_TARGET: -3.00, SINR_SOURCE: -4.99, SINR_TARGET: 6.22, TIME_TO_TRIGGER: 8.00, A3_OFFSET: 8.00, HOF: 1
TIMESTAMP: 165, UE_ID: 67, CELL_SOURCE_ID: 12, CELL_TARGET_ID: 7, RSRP_SOURCE: -98.00, RSRP_TARGET: -88.17, RSRQ_SOURCE: -3.00, RSRQ_TARGET: -3.00, SINR_SOURCE: -2.64, SINR_TARGET: 11.15, TIME_TO_TRIGGER: 8.00, A3_OFFSET: 8.00, HOF: 0
TIMESTAMP: 177, UE_ID: 72, CELL_SOURCE_ID: 7, CELL_TARGET_ID: 9, RSRP_SOURCE: -107.36, RSRP_TARGET: -96.58, RSRQ_SOURCE: -3.00, RSRQ_TARGET: -3.00, SINR_SOURCE: -8.29, SINR_TARGET: 3.58, TIME_TO_TRIGGER: 8.00, A3_OFFSET: 8.00, HOF: 0
TIMESTAMP: 179, UE_ID: 57, CELL_SOURCE_ID: 1, CELL_TARGET_ID: 3, RSRP_SOURCE: -100.96, RSRP_TARGET: -91.33, RSRQ_SOURCE: -3.00, RSRQ_TARGET: -3.00, SINR_SOURCE: -5.56, SINR_TARGET: 8.12, TIME_TO_TRIGGER: 8.00, A3_OFFSET: 8.00, HOF: 0
TIMESTAMP: 182, UE_ID: 67, CELL_SOURCE_ID: 7, CELL_TARGET_ID: 10, RSRP_SOURCE: -105.07, RSRP_TARGET: -94.05, RSRQ_SOURCE: -3.00, RSRQ_TARGET: -3.00, SINR_SOURCE: -8.33, SINR_TARGET: 2.53, TIME_TO_TRIGGER: 8.00, A3_OFFSET: 8.00, HOF: 0
TIMESTAMP: 195, UE_ID: 46, CELL_SOURCE_ID: 12, CELL_TARGET_ID: 11, RSRP_SOURCE: -104.69, RSRP_TARGET: -94.89, RSRQ_SOURCE: -3.00, RSRQ_TARGET: -3.00, SINR_SOURCE: -6.54, SINR_TARGET: 3.62, TIME_TO_TRIGGER: 8.00, A3_OFFSET: 8.00, HOF: 0
TIMESTAMP: 200, UE_ID: 210, CELL_SOURCE_ID: 19, CELL_TARGET_ID: 21, RSRP_SOURCE: -105.60, RSRP_TARGET: -91.51, RSRQ_SOURCE: -3.00, RSRQ_TARGET: -3.00, SINR_SOURCE: -9.93, SINR_TARGET: 6.56, TIME_TO_TRIGGER: 8.00, A3_OFFSET: 8.00, HOF: 1
TIMESTAMP: 219, UE_ID: 55, CELL_SOURCE_ID: 15, CELL_TARGET_ID: 13, RSRP_SOURCE: -93.99, RSRP_TARGET: -84.74, RSRQ_SOURCE: -3.00, RSRQ_TARGET: -3.00, SINR_SOURCE: 5.06, SINR_TARGET: 14.44, TIME_TO_TRIGGER: 8.00, A3_OFFSET: 8.00, HOF: 0
TIMESTAMP: 224, UE_ID: 200, CELL_SOURCE_ID: 19, CELL_TARGET_ID: 20, RSRP_SOURCE: -102.17, RSRP_TARGET: -91.88, RSRQ_SOURCE: -3.00, RSRQ_TARGET: -3.00, SINR_SOURCE: -4.14, SINR_TARGET: 4.31, TIME_TO_TRIGGER: 8.00, A3_OFFSET: 8.00, HOF: 0
TIMESTAMP: 243, UE_ID: 145, CELL_SOURCE_ID: 19, CELL_TARGET_ID: 20, RSRP_SOURCE: -50.01, RSRP_TARGET: -40.88, RSRQ_SOURCE: -3.00, RSRQ_TARGET: -3.00, SINR_SOURCE: 48.25, SINR_TARGET: 59.84, TIME_TO_TRIGGER: 8.00, A3_OFFSET: 8.00, HOF: 0
TIMESTAMP: 273, UE_ID: 2, CELL_SOURCE_ID: 14, CELL_TARGET_ID: 10, RSRP_SOURCE: -103.69, RSRP_TARGET: -92.71, RSRQ_SOURCE: -3.00, RSRQ_TARGET: -3.00, SINR_SOURCE: -5.25, SINR_TARGET: 7.00, TIME_TO_TRIGGER: 8.00, A3_OFFSET: 8.00, HOF: 0
TIMESTAMP: 275, UE_ID: 61, CELL_SOURCE_ID: 1, CELL_TARGET_ID: 2, RSRP_SOURCE: -88.55, RSRP_TARGET: -79.99, RSRQ_SOURCE: -3.00, RSRQ_TARGET: -3.00, SINR_SOURCE: 10.01, SINR_TARGET: 17.74, TIME_TO_TRIGGER: 8.00, A3_OFFSET: 8.00, HOF: 1
TIMESTAMP: 277, UE_ID: 2, CELL_SOURCE_ID: 14, CELL_TARGET_ID: 10, RSRP_SOURCE: -103.95, RSRP_TARGET: -94.15, RSRQ_SOURCE: -3.00, RSRQ_TARGET: -3.00, SINR_SOURCE: -10.43, SINR_TARGET: 5.07, TIME_TO_TRIGGER: 8.00, A3_OFFSET: 8.00, HOF: 0
TIMESTAMP: 283, UE_ID: 169, CELL_SOURCE_ID: 11, CELL_TARGET_ID: 10, RSRP_SOURCE: -87.44, RSRP_TARGET: -76.07, RSRQ_SOURCE: -3.00, RSRQ_TARGET: -3.00, SINR_SOURCE: 9.61, SINR_TARGET: 25.07, TIME_TO_TRIGGER: 8.00, A3_OFFSET: 8.00, HOF: 0
TIMESTAMP: 284, UE_ID: 108, CELL_SOURCE_ID: 8, CELL_TARGET_ID: 7, RSRP_SOURCE: -68.55, RSRP_TARGET: -60.12, RSRQ_SOURCE: -3.00, RSRQ_TARGET: -3.00, SINR_SOURCE: 30.29, SINR_TARGET: 36.40, TIME_TO_TRIGGER: 8.00, A3_OFFSET: 8.00, HOF: 0
TIMESTAMP: 288, UE_ID: 206, CELL_SOURCE_ID: 10, CELL_TARGET_ID: 1, RSRP_SOURCE: -70.05, RSRP_TARGET: -61.00, RSRQ_SOURCE: -3.00, RSRQ_TARGET: -3.00, SINR_SOURCE: 26.52, SINR_TARGET: 36.92, TIME_TO_TRIGGER: 8.00, A3_OFFSET: 8.00, HOF: 0
TIMESTAMP: 290, UE_ID: 117, CELL_SOURCE_ID: 11, CELL_TARGET_ID: 1, RSRP_SOURCE: -103.62, RSRP_TARGET: -94.44, RSRQ_SOURCE: -3.00, RSRQ_TARGET: -3.00, SINR_SOURCE: -1.59, SINR_TARGET: 2.27, TIME_TO_TRIGGER: 8.00, A3_OFFSET: 8.00, HOF: 0
TIMESTAMP: 290, UE_ID: 159, CELL_SOURCE_ID: 12, CELL_TARGET_ID: 10, RSRP_SOURCE: -85.49, RSRP_TARGET: -71.55, RSRQ_SOURCE: -3.00, RSRQ_TARGET: -3.00, SINR_SOURCE: 14.10, SINR_TARGET: 26.17, TIME_TO_TRIGGER: 8.00, A3_OFFSET: 8.00, HOF: 1
TIMESTAMP: 298, UE_ID: 49, CELL_SOURCE_ID: 20, CELL_TARGET_ID: 19, RSRP_SOURCE: -105.10, RSRP_TARGET: -96.91, RSRQ_SOURCE: -3.00, RSRQ_TARGET: -3.00, SINR_SOURCE: -6.89, SINR_TARGET: -1.91, TIME_TO_TRIGGER: 8.00, A3_OFFSET: 8.00, HOF: 0
