TIMESTAMP: 5, UE_ID: 282, CELL_SOURCE_ID: 6, CELL_TARGET_ID: 1, RSRP_SOURCE: -97.16, RSRP_TARGET: -81.92, RSRQ_SOURCE: -3.00, RSRQ_TARGET: -3.00, SINR_SOURCE: 2.92, SINR_TARGET: 25.24, TIME_TO_TRIGGER: 8.00, A3_OFFSET: 8.00, HOF: 1
TIMESTAMP: 6, UE_ID: 246, CELL_SOURCE_ID: 14, CELL_TARGET_ID: 1, RSRP_SOURCE: -68.51, RSRP_TARGET: -55.13, RSRQ_SOURCE: -3.00, RSRQ_TARGET: -3.00, SINR_SOURCE: 39.08, SINR_TARGET: 54.53, TIME_TO_TRIGGER: 8.00, A3_OFFSET: 8.00, HOF: 1
TIMESTAMP: 8, UE_ID: 250, CELL_SOURCE_ID: 11, CELL_TARGET_ID: 2, RSRP_SOURCE: -97.76, RSRP_TARGET: -88.62, RSRQ_SOURCE: -3.00, RSRQ_TARGET: -3.00, SINR_SOURCE: -2.14, SINR_TARGET: 21.31, TIME_TO_TRIGGER: 8.00, A3_OFFSET: 8.00, HOF: 1
TIMESTAMP: 8, UE_ID: 256, CELL_SOURCE_ID: 18, CELL_TARGET_ID: 2, RSRP_SOURCE: -94.67, RSRP_TARGET: -83.52, RSRQ_SOURCE: -3.00, RSRQ_TARGET: -3.00, SINR_SOURCE: 3.81, SINR_TARGET: 28.62, TIME_TO_TRIGGER: 8.00, A3_OFFSET: 8.00, HOF: 0
TIMESTAMP: 8, UE_ID: 288, CELL_SOURCE_ID: 18, CELL_TARGET_ID: 2, RSRP_SOURCE: -105.42, RSRP_TARGET: -95.63, RSRQ_SOURCE: -3.00, RSRQ_TARGET: -3.00, SINR_SOURCE: -1.65, SINR_TARGET: 14.57, TIME_TO_TRIGGER: 8.00, A3_OFFSET: 8.00, HOF: 1
TIMESTAMP: 9, UE_ID: 219, CELL_SOURCE_ID: 18, CELL_TARGET_ID: 1, RSRP_SOURCE: -75.89, RSRP_TARGET: -62.73, RSRQ_SOURCE: -3.00, RSRQ_TARGET: -3.00, SINR_SOURCE: 25.51, SINR_TARGET: 48.96, TIME_TO_TRIGGER: 8.00, A3_OFFSET: 8.00, HOF: 1
TIMESTAMP: 9, UE_ID: 223, CELL_SOURCE_ID: 18, CELL_TARGET_ID: 1, RSRP_SOURCE: -93.80, RSRP_TARGET: -77.75, RSRQ_SOURCE: -3.00, RSRQ_TARGET: -3.00, SINR_SOURCE: 5.99, SINR_TARGET: 31.38, TIME_TO_TRIGGER: 8.00, A3_OFFSET: 8.00, HOF: 1
TIMESTAMP: 9, UE_ID: 246, CELL_SOURCE_ID: 1, CELL_TARGET_ID: 2, RSRP_SOURCE: -67.50, RSRP_TARGET: -58.39, RSRQ_SOURCE: -3.00, RSRQ_TARGET: -3.00, SINR_SOURCE: 42.90, SINR_TARGET: 49.90, TIME_TO_TRIGGER: 8.00, A3_OFFSET: 8.00, HOF: 1
TIMESTAMP: 9, UE_ID: 253, CELL_SOURCE_ID: 18, CELL_TARGET_ID: 1, RSRP_SOURCE: -91.72, RSRP_TARGET: -81.00, RSRQ_SOURCE: -3.00, RSRQ_TARGET: -3.00, SINR_SOURCE: 8.12, SINR_TARGET: 29.47, TIME_TO_TRIGGER: 8.00, A3_OFFSET: 8.00, HOF: 1
TIMESTAMP: 9, UE_ID: 282, CELL_SOURCE_ID: 1, CELL_TARGET_ID: 2, RSRP_SOURCE: -86.25, RSRP_TARGET: -76.45, RSRQ_SOURCE: -3.00, RSRQ_TARGET: -3.00, SINR_SOURCE: 26.78, SINR_TARGET: 33.64, TIME_TO_TRIGGER: 8.00, A3_OFFSET: 8.00, HOF: 1
TIMESTAMP: 9, UE_ID: 297, CELL_SOURCE_ID: 5, CELL_TARGET_ID: 1, RSRP_SOURCE: -97.80, RSRP_TARGET: -89.02, RSRQ_SOURCE: -3.00, RSRQ_TARGET: -3.00, SINR_SOURCE: 1.50, SINR_TARGET: 22.92, TIME_TO_TRIGGER: 8.00, A3_OFFSET: 8.00, HOF: 1
TIMESTAMP: 11, UE_ID: 297, CELL_SOURCE_ID: 1, CELL_TARGET_ID: 2, RSRP_SOURCE: -109.13, RSRP_TARGET: -81.98, RSRQ_SOURCE: -3.00, RSRQ_TARGET: -3.00, SINR_SOURCE: -9.14, SINR_TARGET: 28.54, TIME_TO_TRIGGER: 8.00, A3_OFFSET: 8.00, HOF: 0
TIMESTAMP: 12, UE_ID: 284, CELL_SOURCE_ID: 13, CELL_TARGET_ID: 1, RSRP_SOURCE: -107.38, RSRP_TARGET: -73.91, RSRQ_SOURCE: -3.00, RSRQ_TARGET: -3.00, SINR_SOURCE: -8.23, SINR_TARGET: 38.14, TIME_TO_TRIGGER: 8.00, A3_OFFSET: 8.00, HOF: 1
TIMESTAMP: 12, UE_ID: 287, CELL_SOURCE_ID: 13, CELL_TARGET_ID: 1, RSRP_SOURCE: -95.29, RSRP_TARGET: -68.16, RSRQ_SOURCE: -3.00, RSRQ_TARGET: -3.00, SINR_SOURCE: -0.74, SINR_TARGET: 38.60, TIME_TO_TRIGGER: 8.00, A3_OFFSET: 8.00, HOF: 1
TIMESTAMP: 13, UE_ID: 92, CELL_SOURCE_ID: 2, CELL_TARGET_ID: 1, RSRP_SOURCE: -34.69, RSRP_TARGET: -24.87, RSRQ_SOURCE: -3.00, RSRQ_TARGET: -3.00, SINR_SOURCE: 73.44, SINR_TARGET: 86.23, TIME_TO_TRIGGER: 8.00, A3_OFFSET: 8.00, HOF: 1
TIMESTAMP: 13, UE_ID: 172, CELL_SOURCE_ID: 2, CELL_TARGET_ID: 1, RSRP_SOURCE: -52.97, RSRP_TARGET: -41.41, RSRQ_SOURCE: -3.00, RSRQ_TARGET: -3.00, SINR_SOURCE: 57.11, SINR_TARGET: 70.31, TIME_TO_TRIGGER: 8.00, A3_OFFSET: 8.00, HOF: 1
TIMESTAMP: 13, UE_ID: 173, CELL_SOURCE_ID: 2, CELL_TARGET_ID: 1, RSRP_SOURCE: -53.24, RSRP_TARGET: -44.65, RSRQ_SOURCE: -3.00, RSRQ_TARGET: -3.00, SINR_SOURCE: 58.94, SINR_TARGET: 65.43, TIME_TO_TRIGGER: 8.00, A3_OFFSET: 8.00, HOF: 1
TIMESTAMP: 13, UE_ID: 200, CELL_SOURCE_ID: 2, CELL_TARGET_ID: 1, RSRP_SOURCE: -67.42, RSRP_TARGET: -56.45, RSRQ_SOURCE: -3.00, RSRQ_TARGET: -3.00, SINR_SOURCE: 40.72, SINR_TARGET: 54.83, TIME_TO_TRIGGER: 8.00, A3_OFFSET: 8.00, HOF: 1
TIMESTAMP: 13, UE_ID: 243, CELL_SOURCE_ID: 7, CELL_TARGET_ID: 1, RSRP_SOURCE: -71.82, RSRP_TARGET: -22.45, RSRQ_SOURCE: -3.00, RSRQ_TARGET: -3.00, SINR_SOURCE: 40.29, SINR_TARGET: 91.37, TIME_TO_TRIGGER: 8.00, A3_OFFSET: 8.00, HOF: 1
TIMESTAMP: 13, UE_ID: 248, CELL_SOURCE_ID: 7, CELL_TARGET_ID: 1, RSRP_SOURCE: -51.46, RSRP_TARGET: -42.77, RSRQ_SOURCE: -3.00, RSRQ_TARGET: -3.00, SINR_SOURCE: 53.16, SINR_TARGET: 71.30, TIME_TO_TRIGGER: 8.00, A3_OFFSET: 8.00, HOF: 1
TIMESTAMP: 13, UE_ID: 250, CELL_SOURCE_ID: 2, CELL_TARGET_ID: 1, RSRP_SOURCE: -92.35, RSRP_TARGET: -80.22, RSRQ_SOURCE: -3.00, RSRQ_TARGET: -3.00, SINR_SOURCE: 18.02, SINR_TARGET: 29.19, TIME_TO_TRIGGER: 8.00, A3_OFFSET: 8.00, HOF: 1
TIMESTAMP: 13, UE_ID: 254, CELL_SOURCE_ID: 2, CELL_TARGET_ID: 1, RSRP_SOURCE: -87.70, RSRP_TARGET: -77.07, RSRQ_SOURCE: -3.00, RSRQ_TARGET: -3.00, SINR_SOURCE: 20.17, SINR_TARGET: 27.54, TIME_TO_TRIGGER: 8.00, A3_OFFSET: 8.00, HOF: 1
TIMESTAMP: 13, UE_ID: 262, CELL_SOURCE_ID: 2, CELL_TARGET_ID: 1, RSRP_SOURCE: -65.31, RSRP_TARGET: -56.28, RSRQ_SOURCE: -3.00, RSRQ_TARGET: -3.00, SINR_SOURCE: 43.97, SINR_TARGET: 52.75, TIME_TO_TRIGGER: 8.00, A3_OFFSET: 8.00, HOF: 1
TIMESTAMP: 13, UE_ID: 265, CELL_SOURCE_ID: 2, CELL_TARGET_ID: 1, RSRP_SOURCE: -52.28, RSRP_TARGET: -43.80, RSRQ_SOURCE: -3.00, RSRQ_TARGET: -3.00, SINR_SOURCE: 59.68, SINR_TARGET: 69.35, TIME_TO_TRIGGER: 8.00, A3_OFFSET: 8.00, HOF: 1
TIMESTAMP: 13, UE_ID: 282, CELL_SOURCE_ID: 2, CELL_TARGET_ID: 1, RSRP_SOURCE: -84.34, RSRP_TARGET: -73.20, RSRQ_SOURCE: -3.00, RSRQ_TARGET: -3.00, SINR_SOURCE: 25.88, SINR_TARGET: 36.43, TIME_TO_TRIGGER: 8.00, A3_OFFSET: 8.00, HOF: 1
TIMESTAMP: 13, UE_ID: 288, CELL_SOURCE_ID: 2, CELL_TARGET_ID: 1, RSRP_SOURCE: -96.81, RSRP_TARGET: -84.25, RSRQ_SOURCE: -3.00, RSRQ_TARGET: -3.00, SINR_SOURCE: 12.97, SINR_TARGET: 29.65, TIME_TO_TRIGGER: 8.00, A3_OFFSET: 8.00, HOF: 1
TIMESTAMP: 13, UE_ID: 289, CELL_SOURCE_ID: 2, CELL_TARGET_ID: 1, RSRP_SOURCE: -80.87, RSRP_TARGET: -72.29, RSRQ_SOURCE: -3.00, RSRQ_TARGET: -3.00, SINR_SOURCE: 31.07, SINR_TARGET: 37.49, TIME_TO_TRIGGER: 8.00, A3_OFFSET: 8.00, HOF: 1
TIMESTAMP: 13, UE_ID: 290, CELL_SOURCE_ID: 2, CELL_TARGET_ID: 1, RSRP_SOURCE: -89.28, RSRP_TARGET: -78.02, RSRQ_SOURCE: -3.00, RSRQ_TARGET: -3.00, SINR_SOURCE: 21.21, SINR_TARGET: 33.93, TIME_TO_TRIGGER: 8.00, A3_OFFSET: 8.00, HOF: 1
TIMESTAMP: 13, UE_ID: 298, CELL_SOURCE_ID: 2, CELL_TARGET_ID: 1, RSRP_SOURCE: -53.60, RSRP_TARGET: -43.30, RSRQ_SOURCE: -3.00, RSRQ_TARGET: -3.00, SINR_SOURCE: 58.97, SINR_TARGET: 64.22, TIME_TO_TRIGGER: 8.00, A3_OFFSET: 8.00, HOF: 1
TIMESTAMP: 14, UE_ID: 258, CELL_SOURCE_ID: 14, CELL_TARGET_ID: 1, RSRP_SOURCE: -105.86, RSRP_TARGET: -83.20, RSRQ_SOURCE: -3.00, RSRQ_TARGET: -3.00, SINR_SOURCE: -9.85, SINR_TARGET: 26.79, TIME_TO_TRIGGER: 8.00, A3_OFFSET: 8.00, HOF: 1
TIMESTAMP: 15, UE_ID: 249, CELL_SOURCE_ID: 2, CELL_TARGET_ID: 1, RSRP_SOURCE: -100.52, RSRP_TARGET: -82.80, RSRQ_SOURCE: -3.00, RSRQ_TARGET: -3.00, SINR_SOURCE: -2.46, SINR_TARGET: 26.43, TIME_TO_TRIGGER: 8.00, A3_OFFSET: 8.00, HOF: 1
TIMESTAMP: 15, UE_ID: 253, CELL_SOURCE_ID: 1, CELL_TARGET_ID: 3, RSRP_SOURCE: -88.96, RSRP_TARGET: -76.60, RSRQ_SOURCE: -3.00, RSRQ_TARGET: -3.00, SINR_SOURCE: 19.61, SINR_TARGET: 33.27, TIME_TO_TRIGGER: 8.00, A3_OFFSET: 8.00, HOF: 1
TIMESTAMP: 15, UE_ID: 297, CELL_SOURCE_ID: 1, CELL_TARGET_ID: 3, RSRP_SOURCE: -89.06, RSRP_TARGET: -77.28, RSRQ_SOURCE: -3.00, RSRQ_TARGET: -3.00, SINR_SOURCE: 21.40, SINR_TARGET: 31.42, TIME_TO_TRIGGER: 8.00, A3_OFFSET: 8.00, HOF: 1
TIMESTAMP: 16, UE_ID: 103, CELL_SOURCE_ID: 2, CELL_TARGET_ID: 1, RSRP_SOURCE: -72.37, RSRP_TARGET: -39.13, RSRQ_SOURCE: -3.00, RSRQ_TARGET: -3.00, SINR_SOURCE: 27.70, SINR_TARGET: 71.24, TIME_TO_TRIGGER: 8.00, A3_OFFSET: 8.00, HOF: 1
TIMESTAMP: 16, UE_ID: 160, CELL_SOURCE_ID: 2, CELL_TARGET_ID: 1, RSRP_SOURCE: -66.82, RSRP_TARGET: -42.94, RSRQ_SOURCE: -3.00, RSRQ_TARGET: -3.00, SINR_SOURCE: 29.38, SINR_TARGET: 63.79, TIME_TO_TRIGGER: 8.00, A3_OFFSET: 8.00, HOF: 1
TIMESTAMP: 16, UE_ID: 246, CELL_SOURCE_ID: 2, CELL_TARGET_ID: 1, RSRP_SOURCE: -85.10, RSRP_TARGET: -50.41, RSRQ_SOURCE: -3.00, RSRQ_TARGET: -3.00, SINR_SOURCE: 11.39, SINR_TARGET: 60.38, TIME_TO_TRIGGER: 8.00, A3_OFFSET: 8.00, HOF: 1
TIMESTAMP: 18, UE_ID: 249, CELL_SOURCE_ID: 1, CELL_TARGET_ID: 2, RSRP_SOURCE: -82.09, RSRP_TARGET: -71.16, RSRQ_SOURCE: -3.00, RSRQ_TARGET: -3.00, SINR_SOURCE: 27.99, SINR_TARGET: 37.13, TIME_TO_TRIGGER: 8.00, A3_OFFSET: 8.00, HOF: 1
TIMESTAMP: 18, UE_ID: 251, CELL_SOURCE_ID: 16, CELL_TARGET_ID: 1, RSRP_SOURCE: -94.48, RSRP_TARGET: -84.60, RSRQ_SOURCE: -3.00, RSRQ_TARGET: -3.00, SINR_SOURCE: 5.76, SINR_TARGET: 23.20, TIME_TO_TRIGGER: 8.00, A3_OFFSET: 8.00, HOF: 1
TIMESTAMP: 18, UE_ID: 254, CELL_SOURCE_ID: 1, CELL_TARGET_ID: 2, RSRP_SOURCE: -82.49, RSRP_TARGET: -69.63, RSRQ_SOURCE: -3.00, RSRQ_TARGET: -3.00, SINR_SOURCE: 26.42, SINR_TARGET: 40.73, TIME_TO_TRIGGER: 8.00, A3_OFFSET: 8.00, HOF: 0
TIMESTAMP: 20, UE_ID: 11, CELL_SOURCE_ID: 2, CELL_TARGET_ID: 1, RSRP_SOURCE: -73.80, RSRP_TARGET: -44.85, RSRQ_SOURCE: -3.00, RSRQ_TARGET: -3.00, SINR_SOURCE: 23.98, SINR_TARGET: 65.99, TIME_TO_TRIGGER: 8.00, A3_OFFSET: 8.00, HOF: 1
TIMESTAMP: 20, UE_ID: 100, CELL_SOURCE_ID: 2, CELL_TARGET_ID: 1, RSRP_SOURCE: -57.98, RSRP_TARGET: -33.23, RSRQ_SOURCE: -3.00, RSRQ_TARGET: -3.00, SINR_SOURCE: 41.65, SINR_TARGET: 77.90, TIME_TO_TRIGGER: 8.00, A3_OFFSET: 8.00, HOF: 1
TIMESTAMP: 20, UE_ID: 219, CELL_SOURCE_ID: 1, CELL_TARGET_ID: 3, RSRP_SOURCE: -80.18, RSRP_TARGET: -70.11, RSRQ_SOURCE: -3.00, RSRQ_TARGET: -3.00, SINR_SOURCE: 26.09, SINR_TARGET: 40.75, TIME_TO_TRIGGER: 8.00, A3_OFFSET: 8.00, HOF: 0
TIMESTAMP: 20, UE_ID: 249, CELL_SOURCE_ID: 2, CELL_TARGET_ID: 1, RSRP_SOURCE: -104.93, RSRP_TARGET: -85.67, RSRQ_SOURCE: -3.00, RSRQ_TARGET: -3.00, SINR_SOURCE: -7.78, SINR_TARGET: 22.94, TIME_TO_TRIGGER: 8.00, A3_OFFSET: 8.00, HOF: 1
TIMESTAMP: 20, UE_ID: 278, CELL_SOURCE_ID: 2, CELL_TARGET_ID: 1, RSRP_SOURCE: -85.17, RSRP_TARGET: -62.94, RSRQ_SOURCE: -3.00, RSRQ_TARGET: -3.00, SINR_SOURCE: 10.89, SINR_TARGET: 49.57, TIME_TO_TRIGGER: 8.00, A3_OFFSET: 8.00, HOF: 1
TIMESTAMP: 20, UE_ID: 284, CELL_SOURCE_ID: 1, CELL_TARGET_ID: 3, RSRP_SOURCE: -83.95, RSRP_TARGET: -75.65, RSRQ_SOURCE: -3.00, RSRQ_TARGET: -3.00, SINR_SOURCE: 26.91, SINR_TARGET: 37.78, TIME_TO_TRIGGER: 8.00, A3_OFFSET: 8.00, HOF: 1
TIMESTAMP: 20, UE_ID: 288, CELL_SOURCE_ID: 1, CELL_TARGET_ID: 3, RSRP_SOURCE: -89.36, RSRP_TARGET: -79.71, RSRQ_SOURCE: -3.00, RSRQ_TARGET: -3.00, SINR_SOURCE: 22.38, SINR_TARGET: 29.28, TIME_TO_TRIGGER: 8.00, A3_OFFSET: 8.00, HOF: 1
TIMESTAMP: 20, UE_ID: 291, CELL_SOURCE_ID: 13, CELL_TARGET_ID: 1, RSRP_SOURCE: -91.36, RSRP_TARGET: -76.21, RSRQ_SOURCE: -3.00, RSRQ_TARGET: -3.00, SINR_SOURCE: 8.17, SINR_TARGET: 31.33, TIME_TO_TRIGGER: 8.00, A3_OFFSET: 8.00, HOF: 0
TIMESTAMP: 20, UE_ID: 296, CELL_SOURCE_ID: 2, CELL_TARGET_ID: 1, RSRP_SOURCE: -70.18, RSRP_TARGET: -42.24, RSRQ_SOURCE: -3.00, RSRQ_TARGET: -3.00, SINR_SOURCE: 28.31, SINR_TARGET: 69.08, TIME_TO_TRIGGER: 8.00, A3_OFFSET: 8.00, HOF: 1
TIMESTAMP: 22, UE_ID: 254, CELL_SOURCE_ID: 1, CELL_TARGET_ID: 2, RSRP_SOURCE: -86.57, RSRP_TARGET: -76.68, RSRQ_SOURCE: -3.00, RSRQ_TARGET: -3.00, SINR_SOURCE: 20.57, SINR_TARGET: 34.70, TIME_TO_TRIGGER: 8.00, A3_OFFSET: 8.00, HOF: 0
TIMESTAMP: 23, UE_ID: 237, CELL_SOURCE_ID: 6, CELL_TARGET_ID: 2, RSRP_SOURCE: -83.91, RSRP_TARGET: -70.19, RSRQ_SOURCE: -3.00, RSRQ_TARGET: -3.00, SINR_SOURCE: 10.85, SINR_TARGET: 40.23, TIME_TO_TRIGGER: 8.00, A3_OFFSET: 8.00, HOF: 1
TIMESTAMP: 23, UE_ID: 249, CELL_SOURCE_ID: 1, CELL_TARGET_ID: 2, RSRP_SOURCE: -94.83, RSRP_TARGET: -71.01, RSRQ_SOURCE: -3.00, RSRQ_TARGET: -3.00, SINR_SOURCE: 4.31, SINR_TARGET: 37.81, TIME_TO_TRIGGER: 8.00, A3_OFFSET: 8.00, HOF: 1
TIMESTAMP: 23, UE_ID: 253, CELL_SOURCE_ID: 3, CELL_TARGET_ID: 2, RSRP_SOURCE: -83.79, RSRP_TARGET: -74.64, RSRQ_SOURCE: -3.00, RSRQ_TARGET: -3.00, SINR_SOURCE: 30.23, SINR_TARGET: 38.76, TIME_TO_TRIGGER: 8.00, A3_OFFSET: 8.00, HOF: 1
TIMESTAMP: 23, UE_ID: 262, CELL_SOURCE_ID: 1, CELL_TARGET_ID: 2, RSRP_SOURCE: -88.67, RSRP_TARGET: -60.08, RSRQ_SOURCE: -3.00, RSRQ_TARGET: -3.00, SINR_SOURCE: 8.06, SINR_TARGET: 51.85, TIME_TO_TRIGGER: 8.00, A3_OFFSET: 8.00, HOF: 1
TIMESTAMP: 23, UE_ID: 275, CELL_SOURCE_ID: 21, CELL_TARGET_ID: 2, RSRP_SOURCE: -100.74, RSRP_TARGET: -77.80, RSRQ_SOURCE: -3.00, RSRQ_TARGET: -3.00, SINR_SOURCE: -5.70, SINR_TARGET: 32.38, TIME_TO_TRIGGER: 8.00, A3_OFFSET: 8.00, HOF: 1
TIMESTAMP: 24, UE_ID: 28, CELL_SOURCE_ID: 21, CELL_TARGET_ID: 1, RSRP_SOURCE: -82.04, RSRP_TARGET: -73.53, RSRQ_SOURCE: -3.00, RSRQ_TARGET: -3.00, SINR_SOURCE: 15.17, SINR_TARGET: 37.30, TIME_TO_TRIGGER: 8.00, A3_OFFSET: 8.00, HOF: 1
TIMESTAMP: 24, UE_ID: 33, CELL_SOURCE_ID: 21, CELL_TARGET_ID: 1, RSRP_SOURCE: -58.36, RSRP_TARGET: -43.43, RSRQ_SOURCE: -3.00, RSRQ_TARGET: -3.00, SINR_SOURCE: 41.49, SINR_TARGET: 65.11, TIME_TO_TRIGGER: 8.00, A3_OFFSET: 8.00, HOF: 1
TIMESTAMP: 24, UE_ID: 47, CELL_SOURCE_ID: 21, CELL_TARGET_ID: 1, RSRP_SOURCE: -84.43, RSRP_TARGET: -67.42, RSRQ_SOURCE: -3.00, RSRQ_TARGET: -3.00, SINR_SOURCE: 14.80, SINR_TARGET: 43.79, TIME_TO_TRIGGER: 8.00, A3_OFFSET: 8.00, HOF: 1
TIMESTAMP: 24, UE_ID: 49, CELL_SOURCE_ID: 21, CELL_TARGET_ID: 1, RSRP_SOURCE: -79.71, RSRP_TARGET: -66.38, RSRQ_SOURCE: -3.00, RSRQ_TARGET: -3.00, SINR_SOURCE: 19.11, SINR_TARGET: 45.49, TIME_TO_TRIGGER: 8.00, A3_OFFSET: 8.00, HOF: 1
TIMESTAMP: 24, UE_ID: 57, CELL_SOURCE_ID: 21, CELL_TARGET_ID: 1, RSRP_SOURCE: -72.45, RSRP_TARGET: -63.52, RSRQ_SOURCE: -3.00, RSRQ_TARGET: -3.00, SINR_SOURCE: 26.84, SINR_TARGET: 45.53, TIME_TO_TRIGGER: 8.00, A3_OFFSET: 8.00, HOF: 1
TIMESTAMP: 24, UE_ID: 99, CELL_SOURCE_ID: 21, CELL_TARGET_ID: 1, RSRP_SOURCE: -66.49, RSRP_TARGET: -45.96, RSRQ_SOURCE: -3.00, RSRQ_TARGET: -3.00, SINR_SOURCE: 34.01, SINR_TARGET: 63.29, TIME_TO_TRIGGER: 8.00, A3_OFFSET: 8.00, HOF: 1
TIMESTAMP: 24, UE_ID: 105, CELL_SOURCE_ID: 21, CELL_TARGET_ID: 1, RSRP_SOURCE: -74.88, RSRP_TARGET: -54.52, RSRQ_SOURCE: -3.00, RSRQ_TARGET: -3.00, SINR_SOURCE: 22.99, SINR_TARGET: 57.86, TIME_TO_TRIGGER: 8.00, A3_OFFSET: 8.00, HOF: 1
TIMESTAMP: 24, UE_ID: 106, CELL_SOURCE_ID: 21, CELL_TARGET_ID: 1, RSRP_SOURCE: -85.73, RSRP_TARGET: -72.92, RSRQ_SOURCE: -3.00, RSRQ_TARGET: -3.00, SINR_SOURCE: 14.22, SINR_TARGET: 36.88, TIME_TO_TRIGGER: 8.00, A3_OFFSET: 8.00, HOF: 1
TIMESTAMP: 24, UE_ID: 259, CELL_SOURCE_ID: 11, CELL_TARGET_ID: 1, RSRP_SOURCE: -97.08, RSRP_TARGET: -74.92, RSRQ_SOURCE: -3.00, RSRQ_TARGET: -3.00, SINR_SOURCE: 0.98, SINR_TARGET: 37.81, TIME_TO_TRIGGER: 8.00, A3_OFFSET: 8.00, HOF: 1
TIMESTAMP: 24, UE_ID: 260, CELL_SOURCE_ID: 11, CELL_TARGET_ID: 1, RSRP_SOURCE: -108.82, RSRP_TARGET: -37.46, RSRQ_SOURCE: -3.00, RSRQ_TARGET: -3.00, SINR_SOURCE: -10.74, SINR_TARGET: 75.98, TIME_TO_TRIGGER: 8.00, A3_OFFSET: 8.00, HOF: 1
TIMESTAMP: 24, UE_ID: 261, CELL_SOURCE_ID: 11, CELL_TARGET_ID: 1, RSRP_SOURCE: -104.77, RSRP_TARGET: -81.80, RSRQ_SOURCE: -3.00, RSRQ_TARGET: -3.00, SINR_SOURCE: -6.18, SINR_TARGET: 30.19, TIME_TO_TRIGGER: 8.00, A3_OFFSET: 8.00, HOF: 1
TIMESTAMP: 24, UE_ID: 266, CELL_SOURCE_ID: 21, CELL_TARGET_ID: 1, RSRP_SOURCE: -101.11, RSRP_TARGET: -77.53, RSRQ_SOURCE: -3.00, RSRQ_TARGET: -3.00, SINR_SOURCE: -5.75, SINR_TARGET: 28.04, TIME_TO_TRIGGER: 8.00, A3_OFFSET: 8.00, HOF: 1
TIMESTAMP: 24, UE_ID: 273, CELL_SOURCE_ID: 21, CELL_TARGET_ID: 1, RSRP_SOURCE: -105.45, RSRP_TARGET: -79.28, RSRQ_SOURCE: -3.00, RSRQ_TARGET: -3.00, SINR_SOURCE: -4.72, SINR_TARGET: 30.00, TIME_TO_TRIGGER: 8.00, A3_OFFSET: 8.00, HOF: 1
TIMESTAMP: 24, UE_ID: 291, CELL_SOURCE_ID: 13, CELL_TARGET_ID: 1, RSRP_SOURCE: -76.73, RSRP_TARGET: -66.61, RSRQ_SOURCE: -3.00, RSRQ_TARGET: -3.00, SINR_SOURCE: 30.34, SINR_TARGET: 40.57, TIME_TO_TRIGGER: 8.00, A3_OFFSET: 8.00, HOF: 1
TIMESTAMP: 24, UE_ID: 293, CELL_SOURCE_ID: 11, CELL_TARGET_ID: 1, RSRP_SOURCE: -98.50, RSRP_TARGET: -60.38, RSRQ_SOURCE: -3.00, RSRQ_TARGET: -3.00, SINR_SOURCE: -2.00, SINR_TARGET: 51.24, TIME_TO_TRIGGER: 8.00, A3_OFFSET: 8.00, HOF: 1
TIMESTAMP: 25, UE_ID: 275, CELL_SOURCE_ID: 2, CELL_TARGET_ID: 1, RSRP_SOURCE: -88.46, RSRP_TARGET: -79.08, RSRQ_SOURCE: -3.00, RSRQ_TARGET: -3.00, SINR_SOURCE: 20.57, SINR_TARGET: 27.87, TIME_TO_TRIGGER: 8.00, A3_OFFSET: 8.00, HOF: 1
TIMESTAMP: 28, UE_ID: 28, CELL_SOURCE_ID: 1, CELL_TARGET_ID: 3, RSRP_SOURCE: -97.65, RSRP_TARGET: -81.69, RSRQ_SOURCE: -3.00, RSRQ_TARGET: -3.00, SINR_SOURCE: 8.61, SINR_TARGET: 28.58, TIME_TO_TRIGGER: 8.00, A3_OFFSET: 8.00, HOF: 1
TIMESTAMP: 28, UE_ID: 49, CELL_SOURCE_ID: 1, CELL_TARGET_ID: 3, RSRP_SOURCE: -94.22, RSRP_TARGET: -78.52, RSRQ_SOURCE: -3.00, RSRQ_TARGET: -3.00, SINR_SOURCE: 7.76, SINR_TARGET: 33.38, TIME_TO_TRIGGER: 8.00, A3_OFFSET: 8.00, HOF: 1
TIMESTAMP: 28, UE_ID: 57, CELL_SOURCE_ID: 1, CELL_TARGET_ID: 3, RSRP_SOURCE: -95.76, RSRP_TARGET: -78.98, RSRQ_SOURCE: -3.00, RSRQ_TARGET: -3.00, SINR_SOURCE: 3.03, SINR_TARGET: 31.55, TIME_TO_TRIGGER: 8.00, A3_OFFSET: 8.00, HOF: 1
TIMESTAMP: 28, UE_ID: 99, CELL_SOURCE_ID: 1, CELL_TARGET_ID: 3, RSRP_SOURCE: -86.63, RSRP_TARGET: -70.15, RSRQ_SOURCE: -3.00, RSRQ_TARGET: -3.00, SINR_SOURCE: 18.08, SINR_TARGET: 41.16, TIME_TO_TRIGGER: 8.00, A3_OFFSET: 8.00, HOF: 1
TIMESTAMP: 28, UE_ID: 106, CELL_SOURCE_ID: 1, CELL_TARGET_ID: 3, RSRP_SOURCE: -94.45, RSRP_TARGET: -81.62, RSRQ_SOURCE: -3.00, RSRQ_TARGET: -3.00, SINR_SOURCE: 10.49, SINR_TARGET: 28.05, TIME_TO_TRIGGER: 8.00, A3_OFFSET: 8.00, HOF: 0
TIMESTAMP: 28, UE_ID: 249, CELL_SOURCE_ID: 2, CELL_TARGET_ID: 1, RSRP_SOURCE: -108.02, RSRP_TARGET: -92.61, RSRQ_SOURCE: -3.00, RSRQ_TARGET: -3.00, SINR_SOURCE: -4.89, SINR_TARGET: 8.58, TIME_TO_TRIGGER: 8.00, A3_OFFSET: 8.00, HOF: 0
TIMESTAMP: 28, UE_ID: 254, CELL_SOURCE_ID: 1, CELL_TARGET_ID: 3, RSRP_SOURCE: -103.24, RSRP_TARGET: -83.11, RSRQ_SOURCE: -3.00, RSRQ_TARGET: -3.00, SINR_SOURCE: -0.28, SINR_TARGET: 27.91, TIME_TO_TRIGGER: 8.00, A3_OFFSET: 8.00, HOF: 1
TIMESTAMP: 28, UE_ID: 275, CELL_SOURCE_ID: 1, CELL_TARGET_ID: 3, RSRP_SOURCE: -103.91, RSRP_TARGET: -82.81, RSRQ_SOURCE: -3.00, RSRQ_TARGET: -3.00, SINR_SOURCE: -3.87, SINR_TARGET: 31.21, TIME_TO_TRIGGER: 8.00, A3_OFFSET: 8.00, HOF: 1
TIMESTAMP: 29, UE_ID: 33, CELL_SOURCE_ID: 1, CELL_TARGET_ID: 2, RSRP_SOURCE: -104.31, RSRP_TARGET: -69.56, RSRQ_SOURCE: -3.00, RSRQ_TARGET: -3.00, SINR_SOURCE: -8.09, SINR_TARGET: 42.71, TIME_TO_TRIGGER: 8.00, A3_OFFSET: 8.00, HOF: 1
TIMESTAMP: 29, UE_ID: 47, CELL_SOURCE_ID: 1, CELL_TARGET_ID: 2, RSRP_SOURCE: -98.79, RSRP_TARGET: -64.54, RSRQ_SOURCE: -3.00, RSRQ_TARGET: -3.00, SINR_SOURCE: -1.07, SINR_TARGET: 42.44, TIME_TO_TRIGGER: 8.00, A3_OFFSET: 8.00, HOF: 1
TIMESTAMP: 29, UE_ID: 103, CELL_SOURCE_ID: 1, CELL_TARGET_ID: 2, RSRP_SOURCE: -69.69, RSRP_TARGET: -31.29, RSRQ_SOURCE: -3.00, RSRQ_TARGET: -3.00, SINR_SOURCE: 27.81, SINR_TARGET: 78.89, TIME_TO_TRIGGER: 8.00, A3_OFFSET: 8.00, HOF: 1
TIMESTAMP: 29, UE_ID: 105, CELL_SOURCE_ID: 1, CELL_TARGET_ID: 2, RSRP_SOURCE: -75.26, RSRP_TARGET: -45.38, RSRQ_SOURCE: -3.00, RSRQ_TARGET: -3.00, SINR_SOURCE: 21.11, SINR_TARGET: 68.52, TIME_TO_TRIGGER: 8.00, A3_OFFSET: 8.00, HOF: 1
TIMESTAMP: 29, UE_ID: 160, CELL_SOURCE_ID: 1, CELL_TARGET_ID: 2, RSRP_SOURCE: -77.88, RSRP_TARGET: -50.06, RSRQ_SOURCE: -3.00, RSRQ_TARGET: -3.00, SINR_SOURCE: 23.02, SINR_TARGET: 57.94, TIME_TO_TRIGGER: 8.00, A3_OFFSET: 8.00, HOF: 1
TIMESTAMP: 29, UE_ID: 172, CELL_SOURCE_ID: 1, CELL_TARGET_ID: 2, RSRP_SOURCE: -59.73, RSRP_TARGET: -35.16, RSRQ_SOURCE: -3.00, RSRQ_TARGET: -3.00, SINR_SOURCE: 39.21, SINR_TARGET: 75.02, TIME_TO_TRIGGER: 8.00, A3_OFFSET: 8.00, HOF: 1
TIMESTAMP: 29, UE_ID: 219, CELL_SOURCE_ID: 1, CELL_TARGET_ID: 2, RSRP_SOURCE: -104.58, RSRP_TARGET: -68.28, RSRQ_SOURCE: -3.00, RSRQ_TARGET: -3.00, SINR_SOURCE: -6.19, SINR_TARGET: 41.04, TIME_TO_TRIGGER: 8.00, A3_OFFSET: 8.00, HOF: 1
TIMESTAMP: 29, UE_ID: 223, CELL_SOURCE_ID: 1, CELL_TARGET_ID: 2, RSRP_SOURCE: -103.25, RSRP_TARGET: -64.32, RSRQ_SOURCE: -3.00, RSRQ_TARGET: -3.00, SINR_SOURCE: -7.09, SINR_TARGET: 42.85, TIME_TO_TRIGGER: 8.00, A3_OFFSET: 8.00, HOF: 1
TIMESTAMP: 29, UE_ID: 243, CELL_SOURCE_ID: 1, CELL_TARGET_ID: 2, RSRP_SOURCE: -95.57, RSRP_TARGET: -62.38, RSRQ_SOURCE: -3.00, RSRQ_TARGET: -3.00, SINR_SOURCE: 4.22, SINR_TARGET: 44.37, TIME_TO_TRIGGER: 8.00, A3_OFFSET: 8.00, HOF: 1
TIMESTAMP: 29, UE_ID: 246, CELL_SOURCE_ID: 1, CELL_TARGET_ID: 2, RSRP_SOURCE: -71.13, RSRP_TARGET: -39.96, RSRQ_SOURCE: -3.00, RSRQ_TARGET: -3.00, SINR_SOURCE: 27.57, SINR_TARGET: 67.05, TIME_TO_TRIGGER: 8.00, A3_OFFSET: 8.00, HOF: 0
TIMESTAMP: 29, UE_ID: 253, CELL_SOURCE_ID: 21, CELL_TARGET_ID: 2, RSRP_SOURCE: -87.37, RSRP_TARGET: -75.64, RSRQ_SOURCE: -3.00, RSRQ_TARGET: -3.00, SINR_SOURCE: 8.11, SINR_TARGET: 37.50, TIME_TO_TRIGGER: 8.00, A3_OFFSET: 8.00, HOF: 1
TIMESTAMP: 29, UE_ID: 259, CELL_SOURCE_ID: 1, CELL_TARGET_ID: 2, RSRP_SOURCE: -106.95, RSRP_TARGET: -77.19, RSRQ_SOURCE: -3.00, RSRQ_TARGET: -3.00, SINR_SOURCE: -4.12, SINR_TARGET: 33.36, TIME_TO_TRIGGER: 8.00, A3_OFFSET: 8.00, HOF: 0
TIMESTAMP: 29, UE_ID: 265, CELL_SOURCE_ID: 1, CELL_TARGET_ID: 2, RSRP_SOURCE: -72.25, RSRP_TARGET: -47.04, RSRQ_SOURCE: -3.00, RSRQ_TARGET: -3.00, SINR_SOURCE: 20.77, SINR_TARGET: 65.78, TIME_TO_TRIGGER: 8.00, A3_OFFSET: 8.00, HOF: 1
TIMESTAMP: 29, UE_ID: 273, CELL_SOURCE_ID: 1, CELL_TARGET_ID: 2, RSRP_SOURCE: -95.83, RSRP_TARGET: -73.00, RSRQ_SOURCE: -3.00, RSRQ_TARGET: -3.00, SINR_SOURCE: -0.36, SINR_TARGET: 37.62, TIME_TO_TRIGGER: 8.00, A3_OFFSET: 8.00, HOF: 1
TIMESTAMP: 29, UE_ID: 278, CELL_SOURCE_ID: 1, CELL_TARGET_ID: 2, RSRP_SOURCE: -91.59, RSRP_TARGET: -60.51, RSRQ_SOURCE: -3.00, RSRQ_TARGET: -3.00, SINR_SOURCE: 4.80, SINR_TARGET: 46.12, TIME_TO_TRIGGER: 8.00, A3_OFFSET: 8.00, HOF: 1
TIMESTAMP: 29, UE_ID: 290, CELL_SOURCE_ID: 1, CELL_TARGET_ID: 2, RSRP_SOURCE: -108.90, RSRP_TARGET: -77.84, RSRQ_SOURCE: -3.00, RSRQ_TARGET: -3.00, SINR_SOURCE: -9.58, SINR_TARGET: 32.91, TIME_TO_TRIGGER: 8.00, A3_OFFSET: 8.00, HOF: 1
TIMESTAMP: 29, UE_ID: 291, CELL_SOURCE_ID: 1, CELL_TARGET_ID: 2, RSRP_SOURCE: -96.72, RSRP_TARGET: -69.67, RSRQ_SOURCE: -3.00, RSRQ_TARGET: -3.00, SINR_SOURCE: 2.25, SINR_TARGET: 36.37, TIME_TO_TRIGGER: 8.00, A3_OFFSET: 8.00, HOF: 1
TIMESTAMP: 29, UE_ID: 296, CELL_SOURCE_ID: 1, CELL_TARGET_ID: 2, RSRP_SOURCE: -102.25, RSRP_TARGET: -65.08, RSRQ_SOURCE: -3.00, RSRQ_TARGET: -3.00, SINR_SOURCE: -4.11, SINR_TARGET: 48.89, TIME_TO_TRIGGER: 8.00, A3_OFFSET: 8.00, HOF: 1
TIMESTAMP: 29, UE_ID: 298, CELL_SOURCE_ID: 1, CELL_TARGET_ID: 2, RSRP_SOURCE: -100.05, RSRP_TARGET: -72.17, RSRQ_SOURCE: -3.00, RSRQ_TARGET: -3.00, SINR_SOURCE: 0.37, SINR_TARGET: 39.87, TIME_TO_TRIGGER: 8.00, A3_OFFSET: 8.00, HOF: 1
TIMESTAMP: 30, UE_ID: 250, CELL_SOURCE_ID: 11, CELL_TARGET_ID: 1, RSRP_SOURCE: -81.89, RSRP_TARGET: -55.80, RSRQ_SOURCE: -3.00, RSRQ_TARGET: -3.00, SINR_SOURCE: 16.80, SINR_TARGET: 53.23, TIME_TO_TRIGGER: 8.00, A3_OFFSET: 8.00, HOF: 1
TIMESTAMP: 30, UE_ID: 261, CELL_SOURCE_ID: 11, CELL_TARGET_ID: 1, RSRP_SOURCE: -99.62, RSRP_TARGET: -76.32, RSRQ_SOURCE: -3.00, RSRQ_TARGET: -3.00, SINR_SOURCE: -2.60, SINR_TARGET: 33.52, TIME_TO_TRIGGER: 8.00, A3_OFFSET: 8.00, HOF: 1
TIMESTAMP: 30, UE_ID: 262, CELL_SOURCE_ID: 2, CELL_TARGET_ID: 1, RSRP_SOURCE: -80.50, RSRP_TARGET: -69.26, RSRQ_SOURCE: -3.00, RSRQ_TARGET: -3.00, SINR_SOURCE: 29.73, SINR_TARGET: 41.20, TIME_TO_TRIGGER: 8.00, A3_OFFSET: 8.00, HOF: 1
TIMESTAMP: 32, UE_ID: 57, CELL_SOURCE_ID: 3, CELL_TARGET_ID: 1, RSRP_SOURCE: -93.10, RSRP_TARGET: -79.09, RSRQ_SOURCE: -3.00, RSRQ_TARGET: -3.00, SINR_SOURCE: 14.92, SINR_TARGET: 32.22, TIME_TO_TRIGGER: 8.00, A3_OFFSET: 8.00, HOF: 0
TIMESTAMP: 32, UE_ID: 99, CELL_SOURCE_ID: 3, CELL_TARGET_ID: 1, RSRP_SOURCE: -91.27, RSRP_TARGET: -76.03, RSRQ_SOURCE: -3.00, RSRQ_TARGET: -3.00, SINR_SOURCE: 17.44, SINR_TARGET: 32.72, TIME_TO_TRIGGER: 8.00, A3_OFFSET: 8.00, HOF: 1
TIMESTAMP: 32, UE_ID: 268, CELL_SOURCE_ID: 18, CELL_TARGET_ID: 1, RSRP_SOURCE: -71.17, RSRP_TARGET: -62.41, RSRQ_SOURCE: -3.00, RSRQ_TARGET: -3.00, SINR_SOURCE: 38.77, SINR_TARGET: 51.53, TIME_TO_TRIGGER: 8.00, A3_OFFSET: 8.00, HOF: 1
TIMESTAMP: 33, UE_ID: 106, CELL_SOURCE_ID: 1, CELL_TARGET_ID: 2, RSRP_SOURCE: -99.65, RSRP_TARGET: -79.84, RSRQ_SOURCE: -3.00, RSRQ_TARGET: -3.00, SINR_SOURCE: -2.02, SINR_TARGET: 27.92, TIME_TO_TRIGGER: 8.00, A3_OFFSET: 8.00, HOF: 0
TIMESTAMP: 33, UE_ID: 247, CELL_SOURCE_ID: 6, CELL_TARGET_ID: 2, RSRP_SOURCE: -101.51, RSRP_TARGET: -88.95, RSRQ_SOURCE: -3.00, RSRQ_TARGET: -3.00, SINR_SOURCE: -1.08, SINR_TARGET: 19.26, TIME_TO_TRIGGER: 8.00, A3_OFFSET: 8.00, HOF: 1
TIMESTAMP: 33, UE_ID: 262, CELL_SOURCE_ID: 1, CELL_TARGET_ID: 2, RSRP_SOURCE: -106.64, RSRP_TARGET: -84.76, RSRQ_SOURCE: -3.00, RSRQ_TARGET: -3.00, SINR_SOURCE: -9.07, SINR_TARGET: 26.30, TIME_TO_TRIGGER: 8.00, A3_OFFSET: 8.00, HOF: 1
TIMESTAMP: 33, UE_ID: 276, CELL_SOURCE_ID: 7, CELL_TARGET_ID: 2, RSRP_SOURCE: -108.17, RSRP_TARGET: -84.77, RSRQ_SOURCE: -3.00, RSRQ_TARGET: -3.00, SINR_SOURCE: -12.07, SINR_TARGET: 27.34, TIME_TO_TRIGGER: 8.00, A3_OFFSET: 8.00, HOF: 1
TIMESTAMP: 34, UE_ID: 33, CELL_SOURCE_ID: 2, CELL_TARGET_ID: 1, RSRP_SOURCE: -99.72, RSRP_TARGET: -73.31, RSRQ_SOURCE: -3.00, RSRQ_TARGET: -3.00, SINR_SOURCE: -3.03, SINR_TARGET: 33.89, TIME_TO_TRIGGER: 8.00, A3_OFFSET: 8.00, HOF: 1
TIMESTAMP: 34, UE_ID: 47, CELL_SOURCE_ID: 2, CELL_TARGET_ID: 1, RSRP_SOURCE: -105.38, RSRP_TARGET: -79.91, RSRQ_SOURCE: -3.00, RSRQ_TARGET: -3.00, SINR_SOURCE: -11.57, SINR_TARGET: 33.79, TIME_TO_TRIGGER: 8.00, A3_OFFSET: 8.00, HOF: 1
TIMESTAMP: 34, UE_ID: 105, CELL_SOURCE_ID: 2, CELL_TARGET_ID: 1, RSRP_SOURCE: -93.10, RSRP_TARGET: -68.43, RSRQ_SOURCE: -3.00, RSRQ_TARGET: -3.00, SINR_SOURCE: 4.35, SINR_TARGET: 40.10, TIME_TO_TRIGGER: 8.00, A3_OFFSET: 8.00, HOF: 1
TIMESTAMP: 34, UE_ID: 219, CELL_SOURCE_ID: 2, CELL_TARGET_ID: 1, RSRP_SOURCE: -101.98, RSRP_TARGET: -74.87, RSRQ_SOURCE: -3.00, RSRQ_TARGET: -3.00, SINR_SOURCE: -1.83, SINR_TARGET: 32.95, TIME_TO_TRIGGER: 8.00, A3_OFFSET: 8.00, HOF: 1
TIMESTAMP: 34, UE_ID: 237, CELL_SOURCE_ID: 2, CELL_TARGET_ID: 1, RSRP_SOURCE: -90.35, RSRP_TARGET: -69.24, RSRQ_SOURCE: -3.00, RSRQ_TARGET: -3.00, SINR_SOURCE: 9.17, SINR_TARGET: 41.79, TIME_TO_TRIGGER: 8.00, A3_OFFSET: 8.00, HOF: 1
TIMESTAMP: 34, UE_ID: 243, CELL_SOURCE_ID: 2, CELL_TARGET_ID: 1, RSRP_SOURCE: -96.62, RSRP_TARGET: -73.20, RSRQ_SOURCE: -3.00, RSRQ_TARGET: -3.00, SINR_SOURCE: -1.04, SINR_TARGET: 34.50, TIME_TO_TRIGGER: 8.00, A3_OFFSET: 8.00, HOF: 1
TIMESTAMP: 34, UE_ID: 249, CELL_SOURCE_ID: 2, CELL_TARGET_ID: 1, RSRP_SOURCE: -105.99, RSRP_TARGET: -77.77, RSRQ_SOURCE: -3.00, RSRQ_TARGET: -3.00, SINR_SOURCE: -7.36, SINR_TARGET: 37.01, TIME_TO_TRIGGER: 8.00, A3_OFFSET: 8.00, HOF: 1
TIMESTAMP: 34, UE_ID: 274, CELL_SOURCE_ID: 6, CELL_TARGET_ID: 1, RSRP_SOURCE: -73.66, RSRP_TARGET: -56.67, RSRQ_SOURCE: -3.00, RSRQ_TARGET: -3.00, SINR_SOURCE: 25.82, SINR_TARGET: 53.23, TIME_TO_TRIGGER: 8.00, A3_OFFSET: 8.00, HOF: 1
TIMESTAMP: 34, UE_ID: 286, CELL_SOURCE_ID: 5, CELL_TARGET_ID: 1, RSRP_SOURCE: -87.58, RSRP_TARGET: -78.27, RSRQ_SOURCE: -3.00, RSRQ_TARGET: -3.00, SINR_SOURCE: 23.01, SINR_TARGET: 29.14, TIME_TO_TRIGGER: 8.00, A3_OFFSET: 8.00, HOF: 1
TIMESTAMP: 34, UE_ID: 296, CELL_SOURCE_ID: 2, CELL_TARGET_ID: 1, RSRP_SOURCE: -93.74, RSRP_TARGET: -75.14, RSRQ_SOURCE: -3.00, RSRQ_TARGET: -3.00, SINR_SOURCE: 4.03, SINR_TARGET: 34.37, TIME_TO_TRIGGER: 8.00, A3_OFFSET: 8.00, HOF: 1
TIMESTAMP: 35, UE_ID: 49, CELL_SOURCE_ID: 3, CELL_TARGET_ID: 1, RSRP_SOURCE: -93.70, RSRP_TARGET: -84.55, RSRQ_SOURCE: -3.00, RSRQ_TARGET: -3.00, SINR_SOURCE: 14.56, SINR_TARGET: 26.96, TIME_TO_TRIGGER: 8.00, A3_OFFSET: 8.00, HOF: 1
TIMESTAMP: 35, UE_ID: 253, CELL_SOURCE_ID: 17, CELL_TARGET_ID: 1, RSRP_SOURCE: -104.59, RSRP_TARGET: -82.58, RSRQ_SOURCE: -3.00, RSRQ_TARGET: -3.00, SINR_SOURCE: -3.78, SINR_TARGET: 23.52, TIME_TO_TRIGGER: 8.00, A3_OFFSET: 8.00, HOF: 1
TIMESTAMP: 39, UE_ID: 28, CELL_SOURCE_ID: 3, CELL_TARGET_ID: 1, RSRP_SOURCE: -108.81, RSRP_TARGET: -90.16, RSRQ_SOURCE: -3.00, RSRQ_TARGET: -3.00, SINR_SOURCE: -10.12, SINR_TARGET: 19.15, TIME_TO_TRIGGER: 8.00, A3_OFFSET: 8.00, HOF: 1
TIMESTAMP: 39, UE_ID: 33, CELL_SOURCE_ID: 1, CELL_TARGET_ID: 2, RSRP_SOURCE: -87.45, RSRP_TARGET: -76.16, RSRQ_SOURCE: -3.00, RSRQ_TARGET: -3.00, SINR_SOURCE: 25.43, SINR_TARGET: 34.26, TIME_TO_TRIGGER: 8.00, A3_OFFSET: 8.00, HOF: 1
TIMESTAMP: 39, UE_ID: 47, CELL_SOURCE_ID: 1, CELL_TARGET_ID: 2, RSRP_SOURCE: -60.91, RSRP_TARGET: -46.96, RSRQ_SOURCE: -3.00, RSRQ_TARGET: -3.00, SINR_SOURCE: 50.27, SINR_TARGET: 64.32, TIME_TO_TRIGGER: 8.00, A3_OFFSET: 8.00, HOF: 1
TIMESTAMP: 39, UE_ID: 49, CELL_SOURCE_ID: 1, CELL_TARGET_ID: 2, RSRP_SOURCE: -83.75, RSRP_TARGET: -73.70, RSRQ_SOURCE: -3.00, RSRQ_TARGET: -3.00, SINR_SOURCE: 23.67, SINR_TARGET: 38.19, TIME_TO_TRIGGER: 8.00, A3_OFFSET: 8.00, HOF: 1
TIMESTAMP: 39, UE_ID: 57, CELL_SOURCE_ID: 3, CELL_TARGET_ID: 1, RSRP_SOURCE: -98.51, RSRP_TARGET: -83.36, RSRQ_SOURCE: -3.00, RSRQ_TARGET: -3.00, SINR_SOURCE: 1.38, SINR_TARGET: 29.09, TIME_TO_TRIGGER: 8.00, A3_OFFSET: 8.00, HOF: 1
TIMESTAMP: 39, UE_ID: 99, CELL_SOURCE_ID: 1, CELL_TARGET_ID: 2, RSRP_SOURCE: -79.35, RSRP_TARGET: -70.85, RSRQ_SOURCE: -3.00, RSRQ_TARGET: -3.00, SINR_SOURCE: 31.02, SINR_TARGET: 40.77, TIME_TO_TRIGGER: 8.00, A3_OFFSET: 8.00, HOF: 1
TIMESTAMP: 39, UE_ID: 105, CELL_SOURCE_ID: 1, CELL_TARGET_ID: 2, RSRP_SOURCE: -77.73, RSRP_TARGET: -67.11, RSRQ_SOURCE: -3.00, RSRQ_TARGET: -3.00, SINR_SOURCE: 29.45, SINR_TARGET: 42.47, TIME_TO_TRIGGER: 8.00, A3_OFFSET: 8.00, HOF: 1
TIMESTAMP: 39, UE_ID: 106, CELL_SOURCE_ID: 1, CELL_TARGET_ID: 2, RSRP_SOURCE: -87.28, RSRP_TARGET: -78.36, RSRQ_SOURCE: -3.00, RSRQ_TARGET: -3.00, SINR_SOURCE: 22.30, SINR_TARGET: 29.69, TIME_TO_TRIGGER: 8.00, A3_OFFSET: 8.00, HOF: 1
TIMESTAMP: 39, UE_ID: 243, CELL_SOURCE_ID: 1, CELL_TARGET_ID: 2, RSRP_SOURCE: -83.82, RSRP_TARGET: -71.56, RSRQ_SOURCE: -3.00, RSRQ_TARGET: -3.00, SINR_SOURCE: 25.85, SINR_TARGET: 38.98, TIME_TO_TRIGGER: 8.00, A3_OFFSET: 8.00, HOF: 1
TIMESTAMP: 39, UE_ID: 246, CELL_SOURCE_ID: 1, CELL_TARGET_ID: 2, RSRP_SOURCE: -77.63, RSRP_TARGET: -67.95, RSRQ_SOURCE: -3.00, RSRQ_TARGET: -3.00, SINR_SOURCE: 30.13, SINR_TARGET: 41.58, TIME_TO_TRIGGER: 8.00, A3_OFFSET: 8.00, HOF: 1
TIMESTAMP: 39, UE_ID: 249, CELL_SOURCE_ID: 1, CELL_TARGET_ID: 2, RSRP_SOURCE: -92.46, RSRP_TARGET: -82.75, RSRQ_SOURCE: -3.00, RSRQ_TARGET: -3.00, SINR_SOURCE: 16.97, SINR_TARGET: 26.71, TIME_TO_TRIGGER: 8.00, A3_OFFSET: 8.00, HOF: 1
TIMESTAMP: 39, UE_ID: 253, CELL_SOURCE_ID: 1, CELL_TARGET_ID: 2, RSRP_SOURCE: -92.65, RSRP_TARGET: -79.61, RSRQ_SOURCE: -3.00, RSRQ_TARGET: -3.00, SINR_SOURCE: 18.31, SINR_TARGET: 30.23, TIME_TO_TRIGGER: 8.00, A3_OFFSET: 8.00, HOF: 1
TIMESTAMP: 39, UE_ID: 274, CELL_SOURCE_ID: 1, CELL_TARGET_ID: 2, RSRP_SOURCE: -99.10, RSRP_TARGET: -90.56, RSRQ_SOURCE: -3.00, RSRQ_TARGET: -3.00, SINR_SOURCE: 8.61, SINR_TARGET: 17.45, TIME_TO_TRIGGER: 8.00, A3_OFFSET: 8.00, HOF: 1
TIMESTAMP: 39, UE_ID: 296, CELL_SOURCE_ID: 1, CELL_TARGET_ID: 2, RSRP_SOURCE: -85.09, RSRP_TARGET: -73.74, RSRQ_SOURCE: -3.00, RSRQ_TARGET: -3.00, SINR_SOURCE: 21.62, SINR_TARGET: 35.50, TIME_TO_TRIGGER: 8.00, A3_OFFSET: 8.00, HOF: 1
TIMESTAMP: 39, UE_ID: 300, CELL_SOURCE_ID: 7, CELL_TARGET_ID: 1, RSRP_SOURCE: -107.54, RSRP_TARGET: -91.29, RSRQ_SOURCE: -3.00, RSRQ_TARGET: -3.00, SINR_SOURCE: -12.40, SINR_TARGET: 20.27, TIME_TO_TRIGGER: 8.00, A3_OFFSET: 8.00, HOF: 0
TIMESTAMP: 40, UE_ID: 140, CELL_SOURCE_ID: 18, CELL_TARGET_ID: 1, RSRP_SOURCE: -69.38, RSRP_TARGET: -60.33, RSRQ_SOURCE: -3.00, RSRQ_TARGET: -3.00, SINR_SOURCE: 28.84, SINR_TARGET: 50.80, TIME_TO_TRIGGER: 8.00, A3_OFFSET: 8.00, HOF: 1
TIMESTAMP: 40, UE_ID: 261, CELL_SOURCE_ID: 1, CELL_TARGET_ID: 2, RSRP_SOURCE: -100.06, RSRP_TARGET: -85.05, RSRQ_SOURCE: -3.00, RSRQ_TARGET: -3.00, SINR_SOURCE: 12.27, SINR_TARGET: 23.69, TIME_TO_TRIGGER: 8.00, A3_OFFSET: 8.00, HOF: 1
TIMESTAMP: 40, UE_ID: 280, CELL_SOURCE_ID: 18, CELL_TARGET_ID: 1, RSRP_SOURCE: -109.65, RSRP_TARGET: -90.50, RSRQ_SOURCE: -3.00, RSRQ_TARGET: -3.00, SINR_SOURCE: -10.53, SINR_TARGET: 19.71, TIME_TO_TRIGGER: 8.00, A3_OFFSET: 8.00, HOF: 1
TIMESTAMP: 41, UE_ID: 28, CELL_SOURCE_ID: 1, CELL_TARGET_ID: 2, RSRP_SOURCE: -94.71, RSRP_TARGET: -83.53, RSRQ_SOURCE: -3.00, RSRQ_TARGET: -3.00, SINR_SOURCE: 14.07, SINR_TARGET: 29.50, TIME_TO_TRIGGER: 8.00, A3_OFFSET: 8.00, HOF: 0
TIMESTAMP: 41, UE_ID: 57, CELL_SOURCE_ID: 1, CELL_TARGET_ID: 2, RSRP_SOURCE: -87.93, RSRP_TARGET: -77.54, RSRQ_SOURCE: -3.00, RSRQ_TARGET: -3.00, SINR_SOURCE: 21.46, SINR_TARGET: 35.34, TIME_TO_TRIGGER: 8.00, A3_OFFSET: 8.00, HOF: 0
TIMESTAMP: 41, UE_ID: 219, CELL_SOURCE_ID: 1, CELL_TARGET_ID: 2, RSRP_SOURCE: -98.99, RSRP_TARGET: -84.03, RSRQ_SOURCE: -3.00, RSRQ_TARGET: -3.00, SINR_SOURCE: 11.67, SINR_TARGET: 22.77, TIME_TO_TRIGGER: 8.00, A3_OFFSET: 8.00, HOF: 1
TIMESTAMP: 41, UE_ID: 237, CELL_SOURCE_ID: 1, CELL_TARGET_ID: 2, RSRP_SOURCE: -84.17, RSRP_TARGET: -69.40, RSRQ_SOURCE: -3.00, RSRQ_TARGET: -3.00, SINR_SOURCE: 29.53, SINR_TARGET: 38.61, TIME_TO_TRIGGER: 8.00, A3_OFFSET: 8.00, HOF: 1
TIMESTAMP: 41, UE_ID: 244, CELL_SOURCE_ID: 13, CELL_TARGET_ID: 1, RSRP_SOURCE: -101.98, RSRP_TARGET: -83.25, RSRQ_SOURCE: -3.00, RSRQ_TARGET: -3.00, SINR_SOURCE: -2.60, SINR_TARGET: 29.97, TIME_TO_TRIGGER: 8.00, A3_OFFSET: 8.00, HOF: 1
TIMESTAMP: 41, UE_ID: 254, CELL_SOURCE_ID: 20, CELL_TARGET_ID: 1, RSRP_SOURCE: -103.87, RSRP_TARGET: -93.24, RSRQ_SOURCE: -3.00, RSRQ_TARGET: -3.00, SINR_SOURCE: -5.68, SINR_TARGET: 19.88, TIME_TO_TRIGGER: 8.00, A3_OFFSET: 8.00, HOF: 1
TIMESTAMP: 41, UE_ID: 259, CELL_SOURCE_ID: 1, CELL_TARGET_ID: 2, RSRP_SOURCE: -95.55, RSRP_TARGET: -84.83, RSRQ_SOURCE: -3.00, RSRQ_TARGET: -3.00, SINR_SOURCE: 15.17, SINR_TARGET: 22.98, TIME_TO_TRIGGER: 8.00, A3_OFFSET: 8.00, HOF: 1
TIMESTAMP: 41, UE_ID: 260, CELL_SOURCE_ID: 1, CELL_TARGET_ID: 2, RSRP_SOURCE: -65.58, RSRP_TARGET: -53.23, RSRQ_SOURCE: -3.00, RSRQ_TARGET: -3.00, SINR_SOURCE: 42.14, SINR_TARGET: 56.33, TIME_TO_TRIGGER: 8.00, A3_OFFSET: 8.00, HOF: 1
TIMESTAMP: 41, UE_ID: 267, CELL_SOURCE_ID: 20, CELL_TARGET_ID: 1, RSRP_SOURCE: -106.17, RSRP_TARGET: -96.41, RSRQ_SOURCE: -3.00, RSRQ_TARGET: -3.00, SINR_SOURCE: -11.29, SINR_TARGET: 11.29, TIME_TO_TRIGGER: 8.00, A3_OFFSET: 8.00, HOF: 1
TIMESTAMP: 41, UE_ID: 268, CELL_SOURCE_ID: 1, CELL_TARGET_ID: 2, RSRP_SOURCE: -80.22, RSRP_TARGET: -67.53, RSRQ_SOURCE: -3.00, RSRQ_TARGET: -3.00, SINR_SOURCE: 27.93, SINR_TARGET: 42.55, TIME_TO_TRIGGER: 8.00, A3_OFFSET: 8.00, HOF: 1
TIMESTAMP: 41, UE_ID: 271, CELL_SOURCE_ID: 13, CELL_TARGET_ID: 1, RSRP_SOURCE: -99.82, RSRP_TARGET: -88.17, RSRQ_SOURCE: -3.00, RSRQ_TARGET: -3.00, SINR_SOURCE: -1.58, SINR_TARGET: 23.23, TIME_TO_TRIGGER: 8.00, A3_OFFSET: 8.00, HOF: 1
TIMESTAMP: 41, UE_ID: 293, CELL_SOURCE_ID: 1, CELL_TARGET_ID: 2, RSRP_SOURCE: -81.66, RSRP_TARGET: -73.24, RSRQ_SOURCE: -3.00, RSRQ_TARGET: -3.00, SINR_SOURCE: 28.26, SINR_TARGET: 38.11, TIME_TO_TRIGGER: 8.00, A3_OFFSET: 8.00, HOF: 1
TIMESTAMP: 42, UE_ID: 49, CELL_SOURCE_ID: 2, CELL_TARGET_ID: 3, RSRP_SOURCE: -90.88, RSRP_TARGET: -79.73, RSRQ_SOURCE: -3.00, RSRQ_TARGET: -3.00, SINR_SOURCE: 18.57, SINR_TARGET: 28.11, TIME_TO_TRIGGER: 8.00, A3_OFFSET: 8.00, HOF: 1
TIMESTAMP: 42, UE_ID: 140, CELL_SOURCE_ID: 1, CELL_TARGET_ID: 2, RSRP_SOURCE: -97.54, RSRP_TARGET: -81.64, RSRQ_SOURCE: -3.00, RSRQ_TARGET: -3.00, SINR_SOURCE: -0.48, SINR_TARGET: 26.40, TIME_TO_TRIGGER: 8.00, A3_OFFSET: 8.00, HOF: 0
TIMESTAMP: 42, UE_ID: 243, CELL_SOURCE_ID: 2, CELL_TARGET_ID: 3, RSRP_SOURCE: -82.85, RSRP_TARGET: -69.71, RSRQ_SOURCE: -3.00, RSRQ_TARGET: -3.00, SINR_SOURCE: 29.27, SINR_TARGET: 36.18, TIME_TO_TRIGGER: 8.00, A3_OFFSET: 8.00, HOF: 1
TIMESTAMP: 42, UE_ID: 246, CELL_SOURCE_ID: 2, CELL_TARGET_ID: 3, RSRP_SOURCE: -89.58, RSRP_TARGET: -76.19, RSRQ_SOURCE: -3.00, RSRQ_TARGET: -3.00, SINR_SOURCE: 16.85, SINR_TARGET: 36.23, TIME_TO_TRIGGER: 8.00, A3_OFFSET: 8.00, HOF: 1
TIMESTAMP: 42, UE_ID: 249, CELL_SOURCE_ID: 2, CELL_TARGET_ID: 3, RSRP_SOURCE: -93.82, RSRP_TARGET: -78.53, RSRQ_SOURCE: -3.00, RSRQ_TARGET: -3.00, SINR_SOURCE: 15.66, SINR_TARGET: 33.95, TIME_TO_TRIGGER: 8.00, A3_OFFSET: 8.00, HOF: 1
TIMESTAMP: 42, UE_ID: 253, CELL_SOURCE_ID: 2, CELL_TARGET_ID: 3, RSRP_SOURCE: -97.67, RSRP_TARGET: -80.41, RSRQ_SOURCE: -3.00, RSRQ_TARGET: -3.00, SINR_SOURCE: 16.52, SINR_TARGET: 29.81, TIME_TO_TRIGGER: 8.00, A3_OFFSET: 8.00, HOF: 1
TIMESTAMP: 42, UE_ID: 257, CELL_SOURCE_ID: 21, CELL_TARGET_ID: 2, RSRP_SOURCE: -109.16, RSRP_TARGET: -94.73, RSRQ_SOURCE: -3.00, RSRQ_TARGET: -3.00, SINR_SOURCE: -7.49, SINR_TARGET: 18.28, TIME_TO_TRIGGER: 8.00, A3_OFFSET: 8.00, HOF: 1
TIMESTAMP: 42, UE_ID: 262, CELL_SOURCE_ID: 2, CELL_TARGET_ID: 3, RSRP_SOURCE: -88.37, RSRP_TARGET: -77.62, RSRQ_SOURCE: -3.00, RSRQ_TARGET: -3.00, SINR_SOURCE: 19.99, SINR_TARGET: 33.32, TIME_TO_TRIGGER: 8.00, A3_OFFSET: 8.00, HOF: 1
TIMESTAMP: 42, UE_ID: 274, CELL_SOURCE_ID: 2, CELL_TARGET_ID: 3, RSRP_SOURCE: -91.33, RSRP_TARGET: -78.58, RSRQ_SOURCE: -3.00, RSRQ_TARGET: -3.00, SINR_SOURCE: 20.06, SINR_TARGET: 30.69, TIME_TO_TRIGGER: 8.00, A3_OFFSET: 8.00, HOF: 1
TIMESTAMP: 42, UE_ID: 280, CELL_SOURCE_ID: 1, CELL_TARGET_ID: 2, RSRP_SOURCE: -99.59, RSRP_TARGET: -84.28, RSRQ_SOURCE: -3.00, RSRQ_TARGET: -3.00, SINR_SOURCE: -1.40, SINR_TARGET: 22.99, TIME_TO_TRIGGER: 8.00, A3_OFFSET: 8.00, HOF: 1
TIMESTAMP: 42, UE_ID: 296, CELL_SOURCE_ID: 2, CELL_TARGET_ID: 3, RSRP_SOURCE: -88.15, RSRP_TARGET: -72.86, RSRQ_SOURCE: -3.00, RSRQ_TARGET: -3.00, SINR_SOURCE: 22.62, SINR_TARGET: 37.75, TIME_TO_TRIGGER: 8.00, A3_OFFSET: 8.00, HOF: 1
TIMESTAMP: 43, UE_ID: 28, CELL_SOURCE_ID: 1, CELL_TARGET_ID: 2, RSRP_SOURCE: -96.69, RSRP_TARGET: -69.19, RSRQ_SOURCE: -3.00, RSRQ_TARGET: -3.00, SINR_SOURCE: 7.67, SINR_TARGET: 39.56, TIME_TO_TRIGGER: 8.00, A3_OFFSET: 8.00, HOF: 1
TIMESTAMP: 43, UE_ID: 57, CELL_SOURCE_ID: 1, CELL_TARGET_ID: 2, RSRP_SOURCE: -67.40, RSRP_TARGET: -47.62, RSRQ_SOURCE: -3.00, RSRQ_TARGET: -3.00, SINR_SOURCE: 34.63, SINR_TARGET: 60.98, TIME_TO_TRIGGER: 8.00, A3_OFFSET: 8.00, HOF: 1
TIMESTAMP: 43, UE_ID: 267, CELL_SOURCE_ID: 1, CELL_TARGET_ID: 2, RSRP_SOURCE: -103.29, RSRP_TARGET: -86.95, RSRQ_SOURCE: -3.00, RSRQ_TARGET: -3.00, SINR_SOURCE: 0.54, SINR_TARGET: 23.36, TIME_TO_TRIGGER: 8.00, A3_OFFSET: 8.00, HOF: 1
TIMESTAMP: 43, UE_ID: 286, CELL_SOURCE_ID: 1, CELL_TARGET_ID: 2, RSRP_SOURCE: -100.30, RSRP_TARGET: -84.05, RSRQ_SOURCE: -3.00, RSRQ_TARGET: -3.00, SINR_SOURCE: 6.87, SINR_TARGET: 26.91, TIME_TO_TRIGGER: 8.00, A3_OFFSET: 8.00, HOF: 1
TIMESTAMP: 44, UE_ID: 33, CELL_SOURCE_ID: 2, CELL_TARGET_ID: 1, RSRP_SOURCE: -78.01, RSRP_TARGET: -67.99, RSRQ_SOURCE: -3.00, RSRQ_TARGET: -3.00, SINR_SOURCE: 32.80, SINR_TARGET: 44.51, TIME_TO_TRIGGER: 8.00, A3_OFFSET: 8.00, HOF: 1
TIMESTAMP: 44, UE_ID: 47, CELL_SOURCE_ID: 2, CELL_TARGET_ID: 1, RSRP_SOURCE: -84.09, RSRP_TARGET: -72.19, RSRQ_SOURCE: -3.00, RSRQ_TARGET: -3.00, SINR_SOURCE: 28.33, SINR_TARGET: 34.24, TIME_TO_TRIGGER: 8.00, A3_OFFSET: 8.00, HOF: 0
TIMESTAMP: 44, UE_ID: 99, CELL_SOURCE_ID: 2, CELL_TARGET_ID: 1, RSRP_SOURCE: -80.83, RSRP_TARGET: -71.77, RSRQ_SOURCE: -3.00, RSRQ_TARGET: -3.00, SINR_SOURCE: 30.29, SINR_TARGET: 37.71, TIME_TO_TRIGGER: 8.00, A3_OFFSET: 8.00, HOF: 1
TIMESTAMP: 44, UE_ID: 105, CELL_SOURCE_ID: 2, CELL_TARGET_ID: 1, RSRP_SOURCE: -81.29, RSRP_TARGET: -71.65, RSRQ_SOURCE: -3.00, RSRQ_TARGET: -3.00, SINR_SOURCE: 26.51, SINR_TARGET: 40.07, TIME_TO_TRIGGER: 8.00, A3_OFFSET: 8.00, HOF: 0
TIMESTAMP: 44, UE_ID: 106, CELL_SOURCE_ID: 2, CELL_TARGET_ID: 1, RSRP_SOURCE: -80.30, RSRP_TARGET: -69.23, RSRQ_SOURCE: -3.00, RSRQ_TARGET: -3.00, SINR_SOURCE: 32.44, SINR_TARGET: 38.57, TIME_TO_TRIGGER: 8.00, A3_OFFSET: 8.00, HOF: 1
TIMESTAMP: 44, UE_ID: 253, CELL_SOURCE_ID: 3, CELL_TARGET_ID: 1, RSRP_SOURCE: -93.74, RSRP_TARGET: -85.56, RSRQ_SOURCE: -3.00, RSRQ_TARGET: -3.00, SINR_SOURCE: 17.83, SINR_TARGET: 24.32, TIME_TO_TRIGGER: 8.00, A3_OFFSET: 8.00, HOF: 1
TIMESTAMP: 44, UE_ID: 257, CELL_SOURCE_ID: 2, CELL_TARGET_ID: 1, RSRP_SOURCE: -93.94, RSRP_TARGET: -80.99, RSRQ_SOURCE: -3.00, RSRQ_TARGET: -3.00, SINR_SOURCE: 18.43, SINR_TARGET: 29.91, TIME_TO_TRIGGER: 8.00, A3_OFFSET: 8.00, HOF: 1
TIMESTAMP: 44, UE_ID: 296, CELL_SOURCE_ID: 3, CELL_TARGET_ID: 1, RSRP_SOURCE: -75.24, RSRP_TARGET: -66.86, RSRQ_SOURCE: -3.00, RSRQ_TARGET: -3.00, SINR_SOURCE: 34.40, SINR_TARGET: 47.37, TIME_TO_TRIGGER: 8.00, A3_OFFSET: 8.00, HOF: 1
TIMESTAMP: 47, UE_ID: 49, CELL_SOURCE_ID: 3, CELL_TARGET_ID: 1, RSRP_SOURCE: -97.57, RSRP_TARGET: -82.36, RSRQ_SOURCE: -3.00, RSRQ_TARGET: -3.00, SINR_SOURCE: 5.21, SINR_TARGET: 24.36, TIME_TO_TRIGGER: 8.00, A3_OFFSET: 8.00, HOF: 1
TIMESTAMP: 47, UE_ID: 243, CELL_SOURCE_ID: 3, CELL_TARGET_ID: 1, RSRP_SOURCE: -93.55, RSRP_TARGET: -75.60, RSRQ_SOURCE: -3.00, RSRQ_TARGET: -3.00, SINR_SOURCE: 12.48, SINR_TARGET: 34.12, TIME_TO_TRIGGER: 8.00, A3_OFFSET: 8.00, HOF: 1
TIMESTAMP: 47, UE_ID: 246, CELL_SOURCE_ID: 3, CELL_TARGET_ID: 1, RSRP_SOURCE: -99.81, RSRP_TARGET: -80.45, RSRQ_SOURCE: -3.00, RSRQ_TARGET: -3.00, SINR_SOURCE: 2.02, SINR_TARGET: 31.68, TIME_TO_TRIGGER: 8.00, A3_OFFSET: 8.00, HOF: 1
TIMESTAMP: 47, UE_ID: 249, CELL_SOURCE_ID: 3, CELL_TARGET_ID: 1, RSRP_SOURCE: -106.01, RSRP_TARGET: -87.28, RSRQ_SOURCE: -3.00, RSRQ_TARGET: -3.00, SINR_SOURCE: -3.69, SINR_TARGET: 22.28, TIME_TO_TRIGGER: 8.00, A3_OFFSET: 8.00, HOF: 1
TIMESTAMP: 47, UE_ID: 250, CELL_SOURCE_ID: 9, CELL_TARGET_ID: 1, RSRP_SOURCE: -99.40, RSRP_TARGET: -87.74, RSRQ_SOURCE: -3.00, RSRQ_TARGET: -3.00, SINR_SOURCE: -0.19, SINR_TARGET: 22.53, TIME_TO_TRIGGER: 8.00, A3_OFFSET: 8.00, HOF: 1
TIMESTAMP: 47, UE_ID: 262, CELL_SOURCE_ID: 3, CELL_TARGET_ID: 1, RSRP_SOURCE: -99.88, RSRP_TARGET: -83.05, RSRQ_SOURCE: -3.00, RSRQ_TARGET: -3.00, SINR_SOURCE: 3.26, SINR_TARGET: 27.67, TIME_TO_TRIGGER: 8.00, A3_OFFSET: 8.00, HOF: 0
TIMESTAMP: 47, UE_ID: 270, CELL_SOURCE_ID: 9, CELL_TARGET_ID: 1, RSRP_SOURCE: -109.50, RSRP_TARGET: -88.04, RSRQ_SOURCE: -3.00, RSRQ_TARGET: -3.00, SINR_SOURCE: -12.55, SINR_TARGET: 24.07, TIME_TO_TRIGGER: 8.00, A3_OFFSET: 8.00, HOF: 1
TIMESTAMP: 47, UE_ID: 274, CELL_SOURCE_ID: 3, CELL_TARGET_ID: 1, RSRP_SOURCE: -109.63, RSRP_TARGET: -90.31, RSRQ_SOURCE: -3.00, RSRQ_TARGET: -3.00, SINR_SOURCE: -3.93, SINR_TARGET: 23.56, TIME_TO_TRIGGER: 8.00, A3_OFFSET: 8.00, HOF: 1
TIMESTAMP: 47, UE_ID: 277, CELL_SOURCE_ID: 10, CELL_TARGET_ID: 1, RSRP_SOURCE: -99.60, RSRP_TARGET: -83.32, RSRQ_SOURCE: -3.00, RSRQ_TARGET: -3.00, SINR_SOURCE: -3.11, SINR_TARGET: 25.36, TIME_TO_TRIGGER: 8.00, A3_OFFSET: 8.00, HOF: 1
TIMESTAMP: 49, UE_ID: 28, CELL_SOURCE_ID: 20, CELL_TARGET_ID: 1, RSRP_SOURCE: -74.37, RSRP_TARGET: -63.15, RSRQ_SOURCE: -3.00, RSRQ_TARGET: -3.00, SINR_SOURCE: 19.94, SINR_TARGET: 45.06, TIME_TO_TRIGGER: 8.00, A3_OFFSET: 8.00, HOF: 1
TIMESTAMP: 49, UE_ID: 253, CELL_SOURCE_ID: 20, CELL_TARGET_ID: 1, RSRP_SOURCE: -101.97, RSRP_TARGET: -93.90, RSRQ_SOURCE: -3.00, RSRQ_TARGET: -3.00, SINR_SOURCE: -5.09, SINR_TARGET: 17.61, TIME_TO_TRIGGER: 8.00, A3_OFFSET: 8.00, HOF: 1
TIMESTAMP: 49, UE_ID: 254, CELL_SOURCE_ID: 20, CELL_TARGET_ID: 1, RSRP_SOURCE: -101.38, RSRP_TARGET: -85.70, RSRQ_SOURCE: -3.00, RSRQ_TARGET: -3.00, SINR_SOURCE: -1.58, SINR_TARGET: 26.55, TIME_TO_TRIGGER: 8.00, A3_OFFSET: 8.00, HOF: 1
TIMESTAMP: 50, UE_ID: 47, CELL_SOURCE_ID: 2, CELL_TARGET_ID: 1, RSRP_SOURCE: -101.18, RSRP_TARGET: -76.36, RSRQ_SOURCE: -3.00, RSRQ_TARGET: -3.00, SINR_SOURCE: -2.99, SINR_TARGET: 32.40, TIME_TO_TRIGGER: 8.00, A3_OFFSET: 8.00, HOF: 0
TIMESTAMP: 50, UE_ID: 57, CELL_SOURCE_ID: 2, CELL_TARGET_ID: 1, RSRP_SOURCE: -100.63, RSRP_TARGET: -75.25, RSRQ_SOURCE: -3.00, RSRQ_TARGET: -3.00, SINR_SOURCE: -0.38, SINR_TARGET: 33.75, TIME_TO_TRIGGER: 8.00, A3_OFFSET: 8.00, HOF: 0
TIMESTAMP: 50, UE_ID: 99, CELL_SOURCE_ID: 1, CELL_TARGET_ID: 4, RSRP_SOURCE: -78.90, RSRP_TARGET: -70.66, RSRQ_SOURCE: -3.00, RSRQ_TARGET: -3.00, SINR_SOURCE: 32.37, SINR_TARGET: 37.25, TIME_TO_TRIGGER: 8.00, A3_OFFSET: 8.00, HOF: 0
TIMESTAMP: 50, UE_ID: 105, CELL_SOURCE_ID: 2, CELL_TARGET_ID: 1, RSRP_SOURCE: -101.63, RSRP_TARGET: -73.04, RSRQ_SOURCE: -3.00, RSRQ_TARGET: -3.00, SINR_SOURCE: -2.37, SINR_TARGET: 37.41, TIME_TO_TRIGGER: 8.00, A3_OFFSET: 8.00, HOF: 1
TIMESTAMP: 50, UE_ID: 106, CELL_SOURCE_ID: 1, CELL_TARGET_ID: 4, RSRP_SOURCE: -81.11, RSRP_TARGET: -71.49, RSRQ_SOURCE: -3.00, RSRQ_TARGET: -3.00, SINR_SOURCE: 28.45, SINR_TARGET: 37.93, TIME_TO_TRIGGER: 8.00, A3_OFFSET: 8.00, HOF: 1
TIMESTAMP: 50, UE_ID: 262, CELL_SOURCE_ID: 3, CELL_TARGET_ID: 1, RSRP_SOURCE: -103.57, RSRP_TARGET: -86.89, RSRQ_SOURCE: -3.00, RSRQ_TARGET: -3.00, SINR_SOURCE: -3.33, SINR_TARGET: 24.09, TIME_TO_TRIGGER: 8.00, A3_OFFSET: 8.00, HOF: 1
TIMESTAMP: 50, UE_ID: 267, CELL_SOURCE_ID: 2, CELL_TARGET_ID: 1, RSRP_SOURCE: -106.79, RSRP_TARGET: -83.48, RSRQ_SOURCE: -3.00, RSRQ_TARGET: -3.00, SINR_SOURCE: -5.15, SINR_TARGET: 26.43, TIME_TO_TRIGGER: 8.00, A3_OFFSET: 8.00, HOF: 1
TIMESTAMP: 50, UE_ID: 274, CELL_SOURCE_ID: 1, CELL_TARGET_ID: 4, RSRP_SOURCE: -90.64, RSRP_TARGET: -77.29, RSRQ_SOURCE: -3.00, RSRQ_TARGET: -3.00, SINR_SOURCE: 22.45, SINR_TARGET: 34.38, TIME_TO_TRIGGER: 8.00, A3_OFFSET: 8.00, HOF: 1
TIMESTAMP: 50, UE_ID: 293, CELL_SOURCE_ID: 2, CELL_TARGET_ID: 1, RSRP_SOURCE: -101.22, RSRP_TARGET: -79.62, RSRQ_SOURCE: -3.00, RSRQ_TARGET: -3.00, SINR_SOURCE: -1.31, SINR_TARGET: 30.59, TIME_TO_TRIGGER: 8.00, A3_OFFSET: 8.00, HOF: 0
TIMESTAMP: 51, UE_ID: 28, CELL_SOURCE_ID: 1, CELL_TARGET_ID: 2, RSRP_SOURCE: -107.68, RSRP_TARGET: -76.12, RSRQ_SOURCE: -3.00, RSRQ_TARGET: -3.00, SINR_SOURCE: -11.13, SINR_TARGET: 31.48, TIME_TO_TRIGGER: 8.00, A3_OFFSET: 8.00, HOF: 1
TIMESTAMP: 51, UE_ID: 33, CELL_SOURCE_ID: 1, CELL_TARGET_ID: 2, RSRP_SOURCE: -90.98, RSRP_TARGET: -65.34, RSRQ_SOURCE: -3.00, RSRQ_TARGET: -3.00, SINR_SOURCE: 7.43, SINR_TARGET: 43.48, TIME_TO_TRIGGER: 8.00, A3_OFFSET: 8.00, HOF: 0
TIMESTAMP: 51, UE_ID: 243, CELL_SOURCE_ID: 1, CELL_TARGET_ID: 2, RSRP_SOURCE: -82.84, RSRP_TARGET: -60.07, RSRQ_SOURCE: -3.00, RSRQ_TARGET: -3.00, SINR_SOURCE: 16.37, SINR_TARGET: 50.37, TIME_TO_TRIGGER: 8.00, A3_OFFSET: 8.00, HOF: 1
TIMESTAMP: 51, UE_ID: 244, CELL_SOURCE_ID: 1, CELL_TARGET_ID: 2, RSRP_SOURCE: -95.23, RSRP_TARGET: -71.72, RSRQ_SOURCE: -3.00, RSRQ_TARGET: -3.00, SINR_SOURCE: 3.49, SINR_TARGET: 39.31, TIME_TO_TRIGGER: 8.00, A3_OFFSET: 8.00, HOF: 1
TIMESTAMP: 51, UE_ID: 254, CELL_SOURCE_ID: 1, CELL_TARGET_ID: 2, RSRP_SOURCE: -107.57, RSRP_TARGET: -85.92, RSRQ_SOURCE: -3.00, RSRQ_TARGET: -3.00, SINR_SOURCE: -10.70, SINR_TARGET: 25.53, TIME_TO_TRIGGER: 8.00, A3_OFFSET: 8.00, HOF: 1
TIMESTAMP: 51, UE_ID: 266, CELL_SOURCE_ID: 16, CELL_TARGET_ID: 2, RSRP_SOURCE: -104.76, RSRP_TARGET: -85.94, RSRQ_SOURCE: -3.00, RSRQ_TARGET: -3.00, SINR_SOURCE: -4.50, SINR_TARGET: 24.40, TIME_TO_TRIGGER: 8.00, A3_OFFSET: 8.00, HOF: 1
TIMESTAMP: 51, UE_ID: 298, CELL_SOURCE_ID: 16, CELL_TARGET_ID: 2, RSRP_SOURCE: -98.83, RSRP_TARGET: -80.68, RSRQ_SOURCE: -3.00, RSRQ_TARGET: -3.00, SINR_SOURCE: 0.21, SINR_TARGET: 24.81, TIME_TO_TRIGGER: 8.00, A3_OFFSET: 8.00, HOF: 1
TIMESTAMP: 52, UE_ID: 11, CELL_SOURCE_ID: 1, CELL_TARGET_ID: 2, RSRP_SOURCE: -61.21, RSRP_TARGET: -40.73, RSRQ_SOURCE: -3.00, RSRQ_TARGET: -3.00, SINR_SOURCE: 36.96, SINR_TARGET: 67.63, TIME_TO_TRIGGER: 8.00, A3_OFFSET: 8.00, HOF: 1
TIMESTAMP: 52, UE_ID: 57, CELL_SOURCE_ID: 2, CELL_TARGET_ID: 3, RSRP_SOURCE: -81.56, RSRP_TARGET: -68.14, RSRQ_SOURCE: -3.00, RSRQ_TARGET: -3.00, SINR_SOURCE: 24.81, SINR_TARGET: 42.60, TIME_TO_TRIGGER: 8.00, A3_OFFSET: 8.00, HOF: 1
TIMESTAMP: 52, UE_ID: 99, CELL_SOURCE_ID: 1, CELL_TARGET_ID: 2, RSRP_SOURCE: -96.36, RSRP_TARGET: -75.91, RSRQ_SOURCE: -3.00, RSRQ_TARGET: -3.00, SINR_SOURCE: 3.21, SINR_TARGET: 34.33, TIME_TO_TRIGGER: 8.00, A3_OFFSET: 8.00, HOF: 1
TIMESTAMP: 52, UE_ID: 287, CELL_SOURCE_ID: 1, CELL_TARGET_ID: 2, RSRP_SOURCE: -97.34, RSRP_TARGET: -75.37, RSRQ_SOURCE: -3.00, RSRQ_TARGET: -3.00, SINR_SOURCE: 1.36, SINR_TARGET: 36.50, TIME_TO_TRIGGER: 8.00, A3_OFFSET: 8.00, HOF: 1
TIMESTAMP: 53, UE_ID: 28, CELL_SOURCE_ID: 2, CELL_TARGET_ID: 1, RSRP_SOURCE: -85.32, RSRP_TARGET: -77.17, RSRQ_SOURCE: -3.00, RSRQ_TARGET: -3.00, SINR_SOURCE: 26.35, SINR_TARGET: 32.11, TIME_TO_TRIGGER: 8.00, A3_OFFSET: 8.00, HOF: 1
TIMESTAMP: 53, UE_ID: 47, CELL_SOURCE_ID: 2, CELL_TARGET_ID: 1, RSRP_SOURCE: -80.17, RSRP_TARGET: -70.63, RSRQ_SOURCE: -3.00, RSRQ_TARGET: -3.00, SINR_SOURCE: 31.04, SINR_TARGET: 42.06, TIME_TO_TRIGGER: 8.00, A3_OFFSET: 8.00, HOF: 0
TIMESTAMP: 53, UE_ID: 106, CELL_SOURCE_ID: 4, CELL_TARGET_ID: 1, RSRP_SOURCE: -108.51, RSRP_TARGET: -75.23, RSRQ_SOURCE: -3.00, RSRQ_TARGET: -3.00, SINR_SOURCE: -10.52, SINR_TARGET: 32.24, TIME_TO_TRIGGER: 8.00, A3_OFFSET: 8.00, HOF: 1
TIMESTAMP: 53, UE_ID: 135, CELL_SOURCE_ID: 19, CELL_TARGET_ID: 1, RSRP_SOURCE: -63.53, RSRP_TARGET: -51.50, RSRQ_SOURCE: -3.00, RSRQ_TARGET: -3.00, SINR_SOURCE: 31.47, SINR_TARGET: 55.71, TIME_TO_TRIGGER: 8.00, A3_OFFSET: 8.00, HOF: 0
TIMESTAMP: 53, UE_ID: 193, CELL_SOURCE_ID: 18, CELL_TARGET_ID: 1, RSRP_SOURCE: -75.99, RSRP_TARGET: -53.11, RSRQ_SOURCE: -3.00, RSRQ_TARGET: -3.00, SINR_SOURCE: 23.75, SINR_TARGET: 53.85, TIME_TO_TRIGGER: 8.00, A3_OFFSET: 8.00, HOF: 0
TIMESTAMP: 53, UE_ID: 246, CELL_SOURCE_ID: 19, CELL_TARGET_ID: 1, RSRP_SOURCE: -96.07, RSRP_TARGET: -83.69, RSRQ_SOURCE: -3.00, RSRQ_TARGET: -3.00, SINR_SOURCE: 1.37, SINR_TARGET: 28.97, TIME_TO_TRIGGER: 8.00, A3_OFFSET: 8.00, HOF: 1
TIMESTAMP: 53, UE_ID: 262, CELL_SOURCE_ID: 19, CELL_TARGET_ID: 1, RSRP_SOURCE: -103.24, RSRP_TARGET: -86.68, RSRQ_SOURCE: -3.00, RSRQ_TARGET: -3.00, SINR_SOURCE: -7.17, SINR_TARGET: 22.22, TIME_TO_TRIGGER: 8.00, A3_OFFSET: 8.00, HOF: 0
TIMESTAMP: 54, UE_ID: 243, CELL_SOURCE_ID: 2, CELL_TARGET_ID: 3, RSRP_SOURCE: -107.93, RSRP_TARGET: -85.34, RSRQ_SOURCE: -3.00, RSRQ_TARGET: -3.00, SINR_SOURCE: -3.28, SINR_TARGET: 23.66, TIME_TO_TRIGGER: 8.00, A3_OFFSET: 8.00, HOF: 1
TIMESTAMP: 54, UE_ID: 244, CELL_SOURCE_ID: 2, CELL_TARGET_ID: 3, RSRP_SOURCE: -103.66, RSRP_TARGET: -80.53, RSRQ_SOURCE: -3.00, RSRQ_TARGET: -3.00, SINR_SOURCE: 1.07, SINR_TARGET: 27.27, TIME_TO_TRIGGER: 8.00, A3_OFFSET: 8.00, HOF: 1
TIMESTAMP: 54, UE_ID: 254, CELL_SOURCE_ID: 2, CELL_TARGET_ID: 3, RSRP_SOURCE: -107.78, RSRP_TARGET: -85.19, RSRQ_SOURCE: -3.00, RSRQ_TARGET: -3.00, SINR_SOURCE: -6.29, SINR_TARGET: 26.57, TIME_TO_TRIGGER: 8.00, A3_OFFSET: 8.00, HOF: 0
TIMESTAMP: 54, UE_ID: 279, CELL_SOURCE_ID: 4, CELL_TARGET_ID: 2, RSRP_SOURCE: -107.64, RSRP_TARGET: -95.60, RSRQ_SOURCE: -3.00, RSRQ_TARGET: -3.00, SINR_SOURCE: -10.30, SINR_TARGET: 2.61, TIME_TO_TRIGGER: 8.00, A3_OFFSET: 8.00, HOF: 1
TIMESTAMP: 55, UE_ID: 28, CELL_SOURCE_ID: 1, CELL_TARGET_ID: 4, RSRP_SOURCE: -83.72, RSRP_TARGET: -70.51, RSRQ_SOURCE: -3.00, RSRQ_TARGET: -3.00, SINR_SOURCE: 27.96, SINR_TARGET: 38.97, TIME_TO_TRIGGER: 8.00, A3_OFFSET: 8.00, HOF: 1
TIMESTAMP: 55, UE_ID: 47, CELL_SOURCE_ID: 2, CELL_TARGET_ID: 1, RSRP_SOURCE: -97.98, RSRP_TARGET: -71.32, RSRQ_SOURCE: -3.00, RSRQ_TARGET: -3.00, SINR_SOURCE: 2.64, SINR_TARGET: 40.58, TIME_TO_TRIGGER: 8.00, A3_OFFSET: 8.00, HOF: 1
TIMESTAMP: 55, UE_ID: 99, CELL_SOURCE_ID: 2, CELL_TARGET_ID: 1, RSRP_SOURCE: -93.89, RSRP_TARGET: -70.60, RSRQ_SOURCE: -3.00, RSRQ_TARGET: -3.00, SINR_SOURCE: 5.51, SINR_TARGET: 40.81, TIME_TO_TRIGGER: 8.00, A3_OFFSET: 8.00, HOF: 0
TIMESTAMP: 55, UE_ID: 223, CELL_SOURCE_ID: 2, CELL_TARGET_ID: 1, RSRP_SOURCE: -96.47, RSRP_TARGET: -75.16, RSRQ_SOURCE: -3.00, RSRQ_TARGET: -3.00, SINR_SOURCE: 0.80, SINR_TARGET: 36.46, TIME_TO_TRIGGER: 8.00, A3_OFFSET: 8.00, HOF: 0
TIMESTAMP: 55, UE_ID: 237, CELL_SOURCE_ID: 2, CELL_TARGET_ID: 1, RSRP_SOURCE: -72.54, RSRP_TARGET: -50.44, RSRQ_SOURCE: -3.00, RSRQ_TARGET: -3.00, SINR_SOURCE: 25.25, SINR_TARGET: 62.34, TIME_TO_TRIGGER: 8.00, A3_OFFSET: 8.00, HOF: 0
TIMESTAMP: 55, UE_ID: 260, CELL_SOURCE_ID: 2, CELL_TARGET_ID: 1, RSRP_SOURCE: -105.64, RSRP_TARGET: -81.30, RSRQ_SOURCE: -3.00, RSRQ_TARGET: -3.00, SINR_SOURCE: -7.58, SINR_TARGET: 29.05, TIME_TO_TRIGGER: 8.00, A3_OFFSET: 8.00, HOF: 0
TIMESTAMP: 55, UE_ID: 273, CELL_SOURCE_ID: 5, CELL_TARGET_ID: 1, RSRP_SOURCE: -95.36, RSRP_TARGET: -78.61, RSRQ_SOURCE: -3.00, RSRQ_TARGET: -3.00, SINR_SOURCE: 4.29, SINR_TARGET: 32.03, TIME_TO_TRIGGER: 8.00, A3_OFFSET: 8.00, HOF: 1
TIMESTAMP: 55, UE_ID: 287, CELL_SOURCE_ID: 2, CELL_TARGET_ID: 1, RSRP_SOURCE: -101.44, RSRP_TARGET: -78.58, RSRQ_SOURCE: -3.00, RSRQ_TARGET: -3.00, SINR_SOURCE: -3.94, SINR_TARGET: 31.00, TIME_TO_TRIGGER: 8.00, A3_OFFSET: 8.00, HOF: 1
TIMESTAMP: 55, UE_ID: 291, CELL_SOURCE_ID: 2, CELL_TARGET_ID: 1, RSRP_SOURCE: -104.57, RSRP_TARGET: -86.46, RSRQ_SOURCE: -3.00, RSRQ_TARGET: -3.00, SINR_SOURCE: -4.82, SINR_TARGET: 26.16, TIME_TO_TRIGGER: 8.00, A3_OFFSET: 8.00, HOF: 1
TIMESTAMP: 55, UE_ID: 293, CELL_SOURCE_ID: 2, CELL_TARGET_ID: 1, RSRP_SOURCE: -108.00, RSRP_TARGET: -87.50, RSRQ_SOURCE: -3.00, RSRQ_TARGET: -3.00, SINR_SOURCE: -10.90, SINR_TARGET: 21.69, TIME_TO_TRIGGER: 8.00, A3_OFFSET: 8.00, HOF: 1
TIMESTAMP: 55, UE_ID: 300, CELL_SOURCE_ID: 5, CELL_TARGET_ID: 1, RSRP_SOURCE: -100.72, RSRP_TARGET: -91.69, RSRQ_SOURCE: -3.00, RSRQ_TARGET: -3.00, SINR_SOURCE: -0.11, SINR_TARGET: 20.68, TIME_TO_TRIGGER: 8.00, A3_OFFSET: 8.00, HOF: 1
TIMESTAMP: 56, UE_ID: 57, CELL_SOURCE_ID: 19, CELL_TARGET_ID: 1, RSRP_SOURCE: -65.41, RSRP_TARGET: -46.73, RSRQ_SOURCE: -3.00, RSRQ_TARGET: -3.00, SINR_SOURCE: 32.96, SINR_TARGET: 67.52, TIME_TO_TRIGGER: 8.00, A3_OFFSET: 8.00, HOF: 1
TIMESTAMP: 57, UE_ID: 99, CELL_SOURCE_ID: 2, CELL_TARGET_ID: 1, RSRP_SOURCE: -71.16, RSRP_TARGET: -47.61, RSRQ_SOURCE: -3.00, RSRQ_TARGET: -3.00, SINR_SOURCE: 30.91, SINR_TARGET: 59.47, TIME_TO_TRIGGER: 8.00, A3_OFFSET: 8.00, HOF: 1
TIMESTAMP: 57, UE_ID: 103, CELL_SOURCE_ID: 2, CELL_TARGET_ID: 1, RSRP_SOURCE: -54.54, RSRP_TARGET: -36.11, RSRQ_SOURCE: -3.00, RSRQ_TARGET: -3.00, SINR_SOURCE: 48.99, SINR_TARGET: 75.00, TIME_TO_TRIGGER: 8.00, A3_OFFSET: 8.00, HOF: 1
TIMESTAMP: 57, UE_ID: 172, CELL_SOURCE_ID: 2, CELL_TARGET_ID: 1, RSRP_SOURCE: -60.51, RSRP_TARGET: -38.88, RSRQ_SOURCE: -3.00, RSRQ_TARGET: -3.00, SINR_SOURCE: 41.46, SINR_TARGET: 71.24, TIME_TO_TRIGGER: 8.00, A3_OFFSET: 8.00, HOF: 1
TIMESTAMP: 57, UE_ID: 223, CELL_SOURCE_ID: 2, CELL_TARGET_ID: 1, RSRP_SOURCE: -99.57, RSRP_TARGET: -71.77, RSRQ_SOURCE: -3.00, RSRQ_TARGET: -3.00, SINR_SOURCE: -2.29, SINR_TARGET: 37.57, TIME_TO_TRIGGER: 8.00, A3_OFFSET: 8.00, HOF: 1
TIMESTAMP: 57, UE_ID: 236, CELL_SOURCE_ID: 21, CELL_TARGET_ID: 1, RSRP_SOURCE: -84.40, RSRP_TARGET: -73.80, RSRQ_SOURCE: -3.00, RSRQ_TARGET: -3.00, SINR_SOURCE: 17.07, SINR_TARGET: 37.48, TIME_TO_TRIGGER: 8.00, A3_OFFSET: 8.00, HOF: 1
TIMESTAMP: 57, UE_ID: 237, CELL_SOURCE_ID: 2, CELL_TARGET_ID: 1, RSRP_SOURCE: -92.29, RSRP_TARGET: -72.28, RSRQ_SOURCE: -3.00, RSRQ_TARGET: -3.00, SINR_SOURCE: 8.21, SINR_TARGET: 36.29, TIME_TO_TRIGGER: 8.00, A3_OFFSET: 8.00, HOF: 1
TIMESTAMP: 57, UE_ID: 260, CELL_SOURCE_ID: 2, CELL_TARGET_ID: 1, RSRP_SOURCE: -75.14, RSRP_TARGET: -51.24, RSRQ_SOURCE: -3.00, RSRQ_TARGET: -3.00, SINR_SOURCE: 27.33, SINR_TARGET: 60.34, TIME_TO_TRIGGER: 8.00, A3_OFFSET: 8.00, HOF: 1
TIMESTAMP: 57, UE_ID: 268, CELL_SOURCE_ID: 11, CELL_TARGET_ID: 1, RSRP_SOURCE: -68.67, RSRP_TARGET: -57.22, RSRQ_SOURCE: -3.00, RSRQ_TARGET: -3.00, SINR_SOURCE: 30.66, SINR_TARGET: 48.46, TIME_TO_TRIGGER: 8.00, A3_OFFSET: 8.00, HOF: 1
TIMESTAMP: 58, UE_ID: 33, CELL_SOURCE_ID: 1, CELL_TARGET_ID: 2, RSRP_SOURCE: -88.94, RSRP_TARGET: -76.63, RSRQ_SOURCE: -3.00, RSRQ_TARGET: -3.00, SINR_SOURCE: 24.05, SINR_TARGET: 35.03, TIME_TO_TRIGGER: 8.00, A3_OFFSET: 8.00, HOF: 1
TIMESTAMP: 58, UE_ID: 281, CELL_SOURCE_ID: 7, CELL_TARGET_ID: 2, RSRP_SOURCE: -107.85, RSRP_TARGET: -89.49, RSRQ_SOURCE: -3.00, RSRQ_TARGET: -3.00, SINR_SOURCE: -9.09, SINR_TARGET: 23.52, TIME_TO_TRIGGER: 8.00, A3_OFFSET: 8.00, HOF: 1
TIMESTAMP: 58, UE_ID: 286, CELL_SOURCE_ID: 7, CELL_TARGET_ID: 1, RSRP_SOURCE: -107.09, RSRP_TARGET: -96.27, RSRQ_SOURCE: -3.00, RSRQ_TARGET: -3.00, SINR_SOURCE: -7.18, SINR_TARGET: 13.95, TIME_TO_TRIGGER: 8.00, A3_OFFSET: 8.00, HOF: 1
TIMESTAMP: 58, UE_ID: 300, CELL_SOURCE_ID: 1, CELL_TARGET_ID: 2, RSRP_SOURCE: -99.22, RSRP_TARGET: -87.43, RSRQ_SOURCE: -3.00, RSRQ_TARGET: -3.00, SINR_SOURCE: 14.16, SINR_TARGET: 20.31, TIME_TO_TRIGGER: 8.00, A3_OFFSET: 8.00, HOF: 1
