TIMESTAMP: 5, UE_ID: 26, CELL_SOURCE_ID: 11, CELL_TARGET_ID: 1, RSRP_SOURCE: -69.31, RSRP_TARGET: -47.90, RSRQ_SOURCE: -3.00, RSRQ_TARGET: -3.00, SINR_SOURCE: 42.09, SINR_TARGET: 62.22, TIME_TO_TRIGGER: 4.00, A3_OFFSET: 6.00, HOF: 1
TIMESTAMP: 5, UE_ID: 85, CELL_SOURCE_ID: 11, CELL_TARGET_ID: 1, RSRP_SOURCE: -74.26, RSRP_TARGET: -66.63, RSRQ_SOURCE: -3.00, RSRQ_TARGET: -3.00, SINR_SOURCE: 34.94, SINR_TARGET: 42.27, TIME_TO_TRIGGER: 4.00, A3_OFFSET: 6.00, HOF: 1
TIMESTAMP: 5, UE_ID: 86, CELL_SOURCE_ID: 11, CELL_TARGET_ID: 1, RSRP_SOURCE: -64.06, RSRP_TARGET: -55.87, RSRQ_SOURCE: -3.00, RSRQ_TARGET: -3.00, SINR_SOURCE: 49.02, SINR_TARGET: 53.61, TIME_TO_TRIGGER: 4.00, A3_OFFSET: 6.00, HOF: 0
TIMESTAMP: 5, UE_ID: 101, CELL_SOURCE_ID: 11, CELL_TARGET_ID: 1, RSRP_SOURCE: -75.41, RSRP_TARGET: -48.12, RSRQ_SOURCE: -3.00, RSRQ_TARGET: -3.00, SINR_SOURCE: 34.75, SINR_TARGET: 62.20, TIME_TO_TRIGGER: 4.00, A3_OFFSET: 6.00, HOF: 0
TIMESTAMP: 7, UE_ID: 4, CELL_SOURCE_ID: 7, CELL_TARGET_ID: 1, RSRP_SOURCE: -72.25, RSRP_TARGET: -63.13, RSRQ_SOURCE: -3.00, RSRQ_TARGET: -3.00, SINR_SOURCE: 28.21, SINR_TARGET: 47.49, TIME_TO_TRIGGER: 4.00, A3_OFFSET: 6.00, HOF: 1
TIMESTAMP: 7, UE_ID: 43, CELL_SOURCE_ID: 7, CELL_TARGET_ID: 1, RSRP_SOURCE: -83.27, RSRP_TARGET: -66.54, RSRQ_SOURCE: -3.00, RSRQ_TARGET: -3.00, SINR_SOURCE: 15.35, SINR_TARGET: 40.89, TIME_TO_TRIGGER: 4.00, A3_OFFSET: 6.00, HOF: 1
TIMESTAMP: 7, UE_ID: 46, CELL_SOURCE_ID: 7, CELL_TARGET_ID: 1, RSRP_SOURCE: -77.47, RSRP_TARGET: -61.45, RSRQ_SOURCE: -3.00, RSRQ_TARGET: -3.00, SINR_SOURCE: 16.98, SINR_TARGET: 49.08, TIME_TO_TRIGGER: 4.00, A3_OFFSET: 6.00, HOF: 1
TIMESTAMP: 7, UE_ID: 99, CELL_SOURCE_ID: 7, CELL_TARGET_ID: 1, RSRP_SOURCE: -87.32, RSRP_TARGET: -77.12, RSRQ_SOURCE: -3.00, RSRQ_TARGET: -3.00, SINR_SOURCE: 13.76, SINR_TARGET: 30.68, TIME_TO_TRIGGER: 4.00, A3_OFFSET: 6.00, HOF: 0
TIMESTAMP: 7, UE_ID: 107, CELL_SOURCE_ID: 7, CELL_TARGET_ID: 1, RSRP_SOURCE: -73.47, RSRP_TARGET: -66.13, RSRQ_SOURCE: -3.00, RSRQ_TARGET: -3.00, SINR_SOURCE: 21.24, SINR_TARGET: 48.39, TIME_TO_TRIGGER: 4.00, A3_OFFSET: 6.00, HOF: 0
TIMESTAMP: 7, UE_ID: 114, CELL_SOURCE_ID: 7, CELL_TARGET_ID: 1, RSRP_SOURCE: -85.10, RSRP_TARGET: -58.92, RSRQ_SOURCE: -3.00, RSRQ_TARGET: -3.00, SINR_SOURCE: 11.38, SINR_TARGET: 54.36, TIME_TO_TRIGGER: 4.00, A3_OFFSET: 6.00, HOF: 1
TIMESTAMP: 8, UE_ID: 18, CELL_SOURCE_ID: 7, CELL_TARGET_ID: 1, RSRP_SOURCE: -64.09, RSRP_TARGET: -50.93, RSRQ_SOURCE: -3.00, RSRQ_TARGET: -3.00, SINR_SOURCE: 34.56, SINR_TARGET: 57.65, TIME_TO_TRIGGER: 4.00, A3_OFFSET: 6.00, HOF: 1
TIMESTAMP: 8, UE_ID: 49, CELL_SOURCE_ID: 11, CELL_TARGET_ID: 1, RSRP_SOURCE: -79.27, RSRP_TARGET: -52.89, RSRQ_SOURCE: -3.00, RSRQ_TARGET: -3.00, SINR_SOURCE: 28.31, SINR_TARGET: 57.07, TIME_TO_TRIGGER: 4.00, A3_OFFSET: 6.00, HOF: 1
TIMESTAMP: 8, UE_ID: 61, CELL_SOURCE_ID: 7, CELL_TARGET_ID: 1, RSRP_SOURCE: -85.30, RSRP_TARGET: -57.55, RSRQ_SOURCE: -3.00, RSRQ_TARGET: -3.00, SINR_SOURCE: 15.73, SINR_TARGET: 49.33, TIME_TO_TRIGGER: 4.00, A3_OFFSET: 6.00, HOF: 1
TIMESTAMP: 8, UE_ID: 86, CELL_SOURCE_ID: 11, CELL_TARGET_ID: 1, RSRP_SOURCE: -61.48, RSRP_TARGET: -46.70, RSRQ_SOURCE: -3.00, RSRQ_TARGET: -3.00, SINR_SOURCE: 47.69, SINR_TARGET: 66.38, TIME_TO_TRIGGER: 4.00, A3_OFFSET: 6.00, HOF: 1
TIMESTAMP: 8, UE_ID: 101, CELL_SOURCE_ID: 11, CELL_TARGET_ID: 1, RSRP_SOURCE: -63.06, RSRP_TARGET: -48.39, RSRQ_SOURCE: -3.00, RSRQ_TARGET: -3.00, SINR_SOURCE: 47.57, SINR_TARGET: 58.51, TIME_TO_TRIGGER: 4.00, A3_OFFSET: 6.00, HOF: 1
TIMESTAMP: 9, UE_ID: 1, CELL_SOURCE_ID: 8, CELL_TARGET_ID: 1, RSRP_SOURCE: -65.72, RSRP_TARGET: -58.39, RSRQ_SOURCE: -3.00, RSRQ_TARGET: -3.00, SINR_SOURCE: 27.21, SINR_TARGET: 48.51, TIME_TO_TRIGGER: 4.00, A3_OFFSET: 6.00, HOF: 1
TIMESTAMP: 9, UE_ID: 6, CELL_SOURCE_ID: 8, CELL_TARGET_ID: 1, RSRP_SOURCE: -60.12, RSRP_TARGET: -51.00, RSRQ_SOURCE: -3.00, RSRQ_TARGET: -3.00, SINR_SOURCE: 36.09, SINR_TARGET: 57.34, TIME_TO_TRIGGER: 4.00, A3_OFFSET: 6.00, HOF: 1
TIMESTAMP: 9, UE_ID: 11, CELL_SOURCE_ID: 8, CELL_TARGET_ID: 1, RSRP_SOURCE: -77.96, RSRP_TARGET: -61.57, RSRQ_SOURCE: -3.00, RSRQ_TARGET: -3.00, SINR_SOURCE: 17.80, SINR_TARGET: 49.06, TIME_TO_TRIGGER: 4.00, A3_OFFSET: 6.00, HOF: 1
TIMESTAMP: 9, UE_ID: 12, CELL_SOURCE_ID: 8, CELL_TARGET_ID: 1, RSRP_SOURCE: -64.65, RSRP_TARGET: -57.44, RSRQ_SOURCE: -3.00, RSRQ_TARGET: -3.00, SINR_SOURCE: 31.04, SINR_TARGET: 49.67, TIME_TO_TRIGGER: 4.00, A3_OFFSET: 6.00, HOF: 1
TIMESTAMP: 9, UE_ID: 15, CELL_SOURCE_ID: 7, CELL_TARGET_ID: 1, RSRP_SOURCE: -78.57, RSRP_TARGET: -61.73, RSRQ_SOURCE: -3.00, RSRQ_TARGET: -3.00, SINR_SOURCE: 17.27, SINR_TARGET: 48.87, TIME_TO_TRIGGER: 4.00, A3_OFFSET: 6.00, HOF: 1
TIMESTAMP: 9, UE_ID: 38, CELL_SOURCE_ID: 8, CELL_TARGET_ID: 1, RSRP_SOURCE: -80.11, RSRP_TARGET: -63.24, RSRQ_SOURCE: -3.00, RSRQ_TARGET: -3.00, SINR_SOURCE: 17.89, SINR_TARGET: 43.40, TIME_TO_TRIGGER: 4.00, A3_OFFSET: 6.00, HOF: 1
TIMESTAMP: 9, UE_ID: 47, CELL_SOURCE_ID: 8, CELL_TARGET_ID: 1, RSRP_SOURCE: -69.73, RSRP_TARGET: -59.40, RSRQ_SOURCE: -3.00, RSRQ_TARGET: -3.00, SINR_SOURCE: 28.44, SINR_TARGET: 48.01, TIME_TO_TRIGGER: 4.00, A3_OFFSET: 6.00, HOF: 1
TIMESTAMP: 9, UE_ID: 66, CELL_SOURCE_ID: 8, CELL_TARGET_ID: 1, RSRP_SOURCE: -81.52, RSRP_TARGET: -63.70, RSRQ_SOURCE: -3.00, RSRQ_TARGET: -3.00, SINR_SOURCE: 18.30, SINR_TARGET: 45.16, TIME_TO_TRIGGER: 4.00, A3_OFFSET: 6.00, HOF: 1
TIMESTAMP: 9, UE_ID: 67, CELL_SOURCE_ID: 8, CELL_TARGET_ID: 1, RSRP_SOURCE: -77.15, RSRP_TARGET: -63.68, RSRQ_SOURCE: -3.00, RSRQ_TARGET: -3.00, SINR_SOURCE: 21.42, SINR_TARGET: 48.43, TIME_TO_TRIGGER: 4.00, A3_OFFSET: 6.00, HOF: 1
TIMESTAMP: 9, UE_ID: 73, CELL_SOURCE_ID: 8, CELL_TARGET_ID: 1, RSRP_SOURCE: -74.91, RSRP_TARGET: -68.26, RSRQ_SOURCE: -3.00, RSRQ_TARGET: -3.00, SINR_SOURCE: 25.21, SINR_TARGET: 41.93, TIME_TO_TRIGGER: 4.00, A3_OFFSET: 6.00, HOF: 1
TIMESTAMP: 9, UE_ID: 75, CELL_SOURCE_ID: 7, CELL_TARGET_ID: 1, RSRP_SOURCE: -78.17, RSRP_TARGET: -54.94, RSRQ_SOURCE: -3.00, RSRQ_TARGET: -3.00, SINR_SOURCE: 19.75, SINR_TARGET: 54.57, TIME_TO_TRIGGER: 4.00, A3_OFFSET: 6.00, HOF: 1
TIMESTAMP: 9, UE_ID: 87, CELL_SOURCE_ID: 2, CELL_TARGET_ID: 1, RSRP_SOURCE: -39.84, RSRP_TARGET: -33.48, RSRQ_SOURCE: -3.00, RSRQ_TARGET: -3.00, SINR_SOURCE: 68.78, SINR_TARGET: 75.31, TIME_TO_TRIGGER: 4.00, A3_OFFSET: 6.00, HOF: 1
TIMESTAMP: 9, UE_ID: 93, CELL_SOURCE_ID: 7, CELL_TARGET_ID: 1, RSRP_SOURCE: -91.76, RSRP_TARGET: -78.42, RSRQ_SOURCE: -3.00, RSRQ_TARGET: -3.00, SINR_SOURCE: 4.97, SINR_TARGET: 33.85, TIME_TO_TRIGGER: 4.00, A3_OFFSET: 6.00, HOF: 1
TIMESTAMP: 9, UE_ID: 97, CELL_SOURCE_ID: 7, CELL_TARGET_ID: 1, RSRP_SOURCE: -70.33, RSRP_TARGET: -55.21, RSRQ_SOURCE: -3.00, RSRQ_TARGET: -3.00, SINR_SOURCE: 26.37, SINR_TARGET: 54.50, TIME_TO_TRIGGER: 4.00, A3_OFFSET: 6.00, HOF: 1
TIMESTAMP: 9, UE_ID: 107, CELL_SOURCE_ID: 7, CELL_TARGET_ID: 1, RSRP_SOURCE: -79.77, RSRP_TARGET: -72.04, RSRQ_SOURCE: -3.00, RSRQ_TARGET: -3.00, SINR_SOURCE: 18.35, SINR_TARGET: 35.31, TIME_TO_TRIGGER: 4.00, A3_OFFSET: 6.00, HOF: 1
TIMESTAMP: 9, UE_ID: 112, CELL_SOURCE_ID: 8, CELL_TARGET_ID: 1, RSRP_SOURCE: -72.32, RSRP_TARGET: -60.09, RSRQ_SOURCE: -3.00, RSRQ_TARGET: -3.00, SINR_SOURCE: 25.00, SINR_TARGET: 49.59, TIME_TO_TRIGGER: 4.00, A3_OFFSET: 6.00, HOF: 1
TIMESTAMP: 11, UE_ID: 4, CELL_SOURCE_ID: 1, CELL_TARGET_ID: 2, RSRP_SOURCE: -77.38, RSRP_TARGET: -58.20, RSRQ_SOURCE: -3.00, RSRQ_TARGET: -3.00, SINR_SOURCE: 32.51, SINR_TARGET: 53.93, TIME_TO_TRIGGER: 4.00, A3_OFFSET: 6.00, HOF: 1
TIMESTAMP: 11, UE_ID: 6, CELL_SOURCE_ID: 1, CELL_TARGET_ID: 2, RSRP_SOURCE: -75.59, RSRP_TARGET: -57.37, RSRQ_SOURCE: -3.00, RSRQ_TARGET: -3.00, SINR_SOURCE: 33.53, SINR_TARGET: 52.16, TIME_TO_TRIGGER: 4.00, A3_OFFSET: 6.00, HOF: 1
TIMESTAMP: 11, UE_ID: 11, CELL_SOURCE_ID: 1, CELL_TARGET_ID: 2, RSRP_SOURCE: -90.43, RSRP_TARGET: -74.88, RSRQ_SOURCE: -3.00, RSRQ_TARGET: -3.00, SINR_SOURCE: 18.92, SINR_TARGET: 33.72, TIME_TO_TRIGGER: 4.00, A3_OFFSET: 6.00, HOF: 1
TIMESTAMP: 11, UE_ID: 18, CELL_SOURCE_ID: 1, CELL_TARGET_ID: 2, RSRP_SOURCE: -70.77, RSRP_TARGET: -53.92, RSRQ_SOURCE: -3.00, RSRQ_TARGET: -3.00, SINR_SOURCE: 35.55, SINR_TARGET: 57.78, TIME_TO_TRIGGER: 4.00, A3_OFFSET: 6.00, HOF: 1
TIMESTAMP: 11, UE_ID: 38, CELL_SOURCE_ID: 1, CELL_TARGET_ID: 2, RSRP_SOURCE: -82.97, RSRP_TARGET: -63.52, RSRQ_SOURCE: -3.00, RSRQ_TARGET: -3.00, SINR_SOURCE: 28.49, SINR_TARGET: 45.38, TIME_TO_TRIGGER: 4.00, A3_OFFSET: 6.00, HOF: 1
TIMESTAMP: 11, UE_ID: 47, CELL_SOURCE_ID: 1, CELL_TARGET_ID: 2, RSRP_SOURCE: -89.85, RSRP_TARGET: -72.81, RSRQ_SOURCE: -3.00, RSRQ_TARGET: -3.00, SINR_SOURCE: 18.45, SINR_TARGET: 36.26, TIME_TO_TRIGGER: 4.00, A3_OFFSET: 6.00, HOF: 1
TIMESTAMP: 13, UE_ID: 6, CELL_SOURCE_ID: 2, CELL_TARGET_ID: 1, RSRP_SOURCE: -102.65, RSRP_TARGET: -75.41, RSRQ_SOURCE: -3.00, RSRQ_TARGET: -3.00, SINR_SOURCE: -2.87, SINR_TARGET: 33.05, TIME_TO_TRIGGER: 4.00, A3_OFFSET: 6.00, HOF: 1
TIMESTAMP: 13, UE_ID: 66, CELL_SOURCE_ID: 1, CELL_TARGET_ID: 3, RSRP_SOURCE: -81.37, RSRP_TARGET: -73.74, RSRQ_SOURCE: -3.00, RSRQ_TARGET: -3.00, SINR_SOURCE: 29.04, SINR_TARGET: 35.38, TIME_TO_TRIGGER: 4.00, A3_OFFSET: 6.00, HOF: 1
TIMESTAMP: 13, UE_ID: 73, CELL_SOURCE_ID: 1, CELL_TARGET_ID: 3, RSRP_SOURCE: -80.27, RSRP_TARGET: -73.99, RSRQ_SOURCE: -3.00, RSRQ_TARGET: -3.00, SINR_SOURCE: 30.43, SINR_TARGET: 40.29, TIME_TO_TRIGGER: 4.00, A3_OFFSET: 6.00, HOF: 1
TIMESTAMP: 13, UE_ID: 112, CELL_SOURCE_ID: 1, CELL_TARGET_ID: 3, RSRP_SOURCE: -79.03, RSRP_TARGET: -59.14, RSRQ_SOURCE: -3.00, RSRQ_TARGET: -3.00, SINR_SOURCE: 28.80, SINR_TARGET: 54.17, TIME_TO_TRIGGER: 4.00, A3_OFFSET: 6.00, HOF: 1
TIMESTAMP: 14, UE_ID: 12, CELL_SOURCE_ID: 1, CELL_TARGET_ID: 2, RSRP_SOURCE: -90.59, RSRP_TARGET: -78.46, RSRQ_SOURCE: -3.00, RSRQ_TARGET: -3.00, SINR_SOURCE: 17.25, SINR_TARGET: 33.06, TIME_TO_TRIGGER: 4.00, A3_OFFSET: 6.00, HOF: 1
TIMESTAMP: 14, UE_ID: 28, CELL_SOURCE_ID: 6, CELL_TARGET_ID: 1, RSRP_SOURCE: -72.57, RSRP_TARGET: -66.52, RSRQ_SOURCE: -3.00, RSRQ_TARGET: -3.00, SINR_SOURCE: 24.46, SINR_TARGET: 45.25, TIME_TO_TRIGGER: 4.00, A3_OFFSET: 6.00, HOF: 1
TIMESTAMP: 15, UE_ID: 15, CELL_SOURCE_ID: 1, CELL_TARGET_ID: 2, RSRP_SOURCE: -61.34, RSRP_TARGET: -50.22, RSRQ_SOURCE: -3.00, RSRQ_TARGET: -3.00, SINR_SOURCE: 47.33, SINR_TARGET: 60.55, TIME_TO_TRIGGER: 4.00, A3_OFFSET: 6.00, HOF: 1
TIMESTAMP: 15, UE_ID: 67, CELL_SOURCE_ID: 1, CELL_TARGET_ID: 2, RSRP_SOURCE: -70.24, RSRP_TARGET: -63.84, RSRQ_SOURCE: -3.00, RSRQ_TARGET: -3.00, SINR_SOURCE: 37.89, SINR_TARGET: 43.05, TIME_TO_TRIGGER: 4.00, A3_OFFSET: 6.00, HOF: 1
TIMESTAMP: 16, UE_ID: 6, CELL_SOURCE_ID: 1, CELL_TARGET_ID: 3, RSRP_SOURCE: -86.19, RSRP_TARGET: -64.53, RSRQ_SOURCE: -3.00, RSRQ_TARGET: -3.00, SINR_SOURCE: 23.68, SINR_TARGET: 46.69, TIME_TO_TRIGGER: 4.00, A3_OFFSET: 6.00, HOF: 1
TIMESTAMP: 16, UE_ID: 38, CELL_SOURCE_ID: 2, CELL_TARGET_ID: 1, RSRP_SOURCE: -87.65, RSRP_TARGET: -68.32, RSRQ_SOURCE: -3.00, RSRQ_TARGET: -3.00, SINR_SOURCE: 8.12, SINR_TARGET: 39.39, TIME_TO_TRIGGER: 4.00, A3_OFFSET: 6.00, HOF: 0
TIMESTAMP: 16, UE_ID: 47, CELL_SOURCE_ID: 2, CELL_TARGET_ID: 1, RSRP_SOURCE: -96.23, RSRP_TARGET: -87.70, RSRQ_SOURCE: -3.00, RSRQ_TARGET: -3.00, SINR_SOURCE: 1.00, SINR_TARGET: 25.07, TIME_TO_TRIGGER: 4.00, A3_OFFSET: 6.00, HOF: 1
TIMESTAMP: 16, UE_ID: 93, CELL_SOURCE_ID: 1, CELL_TARGET_ID: 2, RSRP_SOURCE: -93.23, RSRP_TARGET: -85.36, RSRQ_SOURCE: -3.00, RSRQ_TARGET: -3.00, SINR_SOURCE: 16.74, SINR_TARGET: 13.24, TIME_TO_TRIGGER: 4.00, A3_OFFSET: 6.00, HOF: 1
TIMESTAMP: 17, UE_ID: 4, CELL_SOURCE_ID: 2, CELL_TARGET_ID: 1, RSRP_SOURCE: -76.92, RSRP_TARGET: -69.66, RSRQ_SOURCE: -3.00, RSRQ_TARGET: -3.00, SINR_SOURCE: 23.63, SINR_TARGET: 39.05, TIME_TO_TRIGGER: 4.00, A3_OFFSET: 6.00, HOF: 1
TIMESTAMP: 17, UE_ID: 15, CELL_SOURCE_ID: 2, CELL_TARGET_ID: 1, RSRP_SOURCE: -85.29, RSRP_TARGET: -64.89, RSRQ_SOURCE: -3.00, RSRQ_TARGET: -3.00, SINR_SOURCE: 11.76, SINR_TARGET: 44.01, TIME_TO_TRIGGER: 4.00, A3_OFFSET: 6.00, HOF: 1
TIMESTAMP: 17, UE_ID: 18, CELL_SOURCE_ID: 2, CELL_TARGET_ID: 1, RSRP_SOURCE: -75.24, RSRP_TARGET: -55.81, RSRQ_SOURCE: -3.00, RSRQ_TARGET: -3.00, SINR_SOURCE: 24.58, SINR_TARGET: 49.74, TIME_TO_TRIGGER: 4.00, A3_OFFSET: 6.00, HOF: 1
TIMESTAMP: 17, UE_ID: 56, CELL_SOURCE_ID: 2, CELL_TARGET_ID: 1, RSRP_SOURCE: -65.32, RSRP_TARGET: -50.45, RSRQ_SOURCE: -3.00, RSRQ_TARGET: -3.00, SINR_SOURCE: 31.15, SINR_TARGET: 61.42, TIME_TO_TRIGGER: 4.00, A3_OFFSET: 6.00, HOF: 1
TIMESTAMP: 17, UE_ID: 87, CELL_SOURCE_ID: 2, CELL_TARGET_ID: 1, RSRP_SOURCE: -75.21, RSRP_TARGET: -48.90, RSRQ_SOURCE: -3.00, RSRQ_TARGET: -3.00, SINR_SOURCE: 19.49, SINR_TARGET: 59.85, TIME_TO_TRIGGER: 4.00, A3_OFFSET: 6.00, HOF: 1
TIMESTAMP: 18, UE_ID: 47, CELL_SOURCE_ID: 1, CELL_TARGET_ID: 2, RSRP_SOURCE: -97.80, RSRP_TARGET: -76.16, RSRQ_SOURCE: -3.00, RSRQ_TARGET: -3.00, SINR_SOURCE: 10.09, SINR_TARGET: 31.50, TIME_TO_TRIGGER: 4.00, A3_OFFSET: 6.00, HOF: 1
TIMESTAMP: 18, UE_ID: 73, CELL_SOURCE_ID: 3, CELL_TARGET_ID: 1, RSRP_SOURCE: -99.68, RSRP_TARGET: -92.56, RSRQ_SOURCE: -3.00, RSRQ_TARGET: -3.00, SINR_SOURCE: 1.52, SINR_TARGET: 16.23, TIME_TO_TRIGGER: 4.00, A3_OFFSET: 6.00, HOF: 1
TIMESTAMP: 18, UE_ID: 97, CELL_SOURCE_ID: 1, CELL_TARGET_ID: 2, RSRP_SOURCE: -83.43, RSRP_TARGET: -54.88, RSRQ_SOURCE: -3.00, RSRQ_TARGET: -3.00, SINR_SOURCE: 27.44, SINR_TARGET: 56.90, TIME_TO_TRIGGER: 4.00, A3_OFFSET: 6.00, HOF: 1
TIMESTAMP: 19, UE_ID: 4, CELL_SOURCE_ID: 1, CELL_TARGET_ID: 2, RSRP_SOURCE: -66.33, RSRP_TARGET: -48.30, RSRQ_SOURCE: -3.00, RSRQ_TARGET: -3.00, SINR_SOURCE: 42.17, SINR_TARGET: 58.50, TIME_TO_TRIGGER: 4.00, A3_OFFSET: 6.00, HOF: 1
TIMESTAMP: 19, UE_ID: 18, CELL_SOURCE_ID: 1, CELL_TARGET_ID: 2, RSRP_SOURCE: -53.58, RSRP_TARGET: -47.24, RSRQ_SOURCE: -3.00, RSRQ_TARGET: -3.00, SINR_SOURCE: 58.93, SINR_TARGET: 65.85, TIME_TO_TRIGGER: 4.00, A3_OFFSET: 6.00, HOF: 1
TIMESTAMP: 19, UE_ID: 28, CELL_SOURCE_ID: 1, CELL_TARGET_ID: 2, RSRP_SOURCE: -51.05, RSRP_TARGET: -44.77, RSRQ_SOURCE: -3.00, RSRQ_TARGET: -3.00, SINR_SOURCE: 58.84, SINR_TARGET: 62.60, TIME_TO_TRIGGER: 4.00, A3_OFFSET: 6.00, HOF: 1
TIMESTAMP: 20, UE_ID: 47, CELL_SOURCE_ID: 2, CELL_TARGET_ID: 3, RSRP_SOURCE: -78.78, RSRP_TARGET: -57.82, RSRQ_SOURCE: -3.00, RSRQ_TARGET: -3.00, SINR_SOURCE: 30.26, SINR_TARGET: 52.26, TIME_TO_TRIGGER: 4.00, A3_OFFSET: 6.00, HOF: 1
TIMESTAMP: 21, UE_ID: 6, CELL_SOURCE_ID: 3, CELL_TARGET_ID: 2, RSRP_SOURCE: -71.07, RSRP_TARGET: -52.93, RSRQ_SOURCE: -3.00, RSRQ_TARGET: -3.00, SINR_SOURCE: 28.86, SINR_TARGET: 58.80, TIME_TO_TRIGGER: 4.00, A3_OFFSET: 6.00, HOF: 1
TIMESTAMP: 21, UE_ID: 15, CELL_SOURCE_ID: 1, CELL_TARGET_ID: 2, RSRP_SOURCE: -109.76, RSRP_TARGET: -70.57, RSRQ_SOURCE: -3.00, RSRQ_TARGET: -3.00, SINR_SOURCE: -14.26, SINR_TARGET: 38.05, TIME_TO_TRIGGER: 4.00, A3_OFFSET: 6.00, HOF: 1
TIMESTAMP: 21, UE_ID: 26, CELL_SOURCE_ID: 1, CELL_TARGET_ID: 2, RSRP_SOURCE: -107.02, RSRP_TARGET: -77.77, RSRQ_SOURCE: -3.00, RSRQ_TARGET: -3.00, SINR_SOURCE: -8.63, SINR_TARGET: 32.03, TIME_TO_TRIGGER: 4.00, A3_OFFSET: 6.00, HOF: 1
TIMESTAMP: 21, UE_ID: 43, CELL_SOURCE_ID: 1, CELL_TARGET_ID: 2, RSRP_SOURCE: -67.30, RSRP_TARGET: -47.35, RSRQ_SOURCE: -3.00, RSRQ_TARGET: -3.00, SINR_SOURCE: 30.18, SINR_TARGET: 65.32, TIME_TO_TRIGGER: 4.00, A3_OFFSET: 6.00, HOF: 1
TIMESTAMP: 21, UE_ID: 46, CELL_SOURCE_ID: 1, CELL_TARGET_ID: 2, RSRP_SOURCE: -78.26, RSRP_TARGET: -41.52, RSRQ_SOURCE: -3.00, RSRQ_TARGET: -3.00, SINR_SOURCE: 19.49, SINR_TARGET: 71.52, TIME_TO_TRIGGER: 4.00, A3_OFFSET: 6.00, HOF: 1
TIMESTAMP: 21, UE_ID: 53, CELL_SOURCE_ID: 1, CELL_TARGET_ID: 2, RSRP_SOURCE: -75.16, RSRP_TARGET: -49.04, RSRQ_SOURCE: -3.00, RSRQ_TARGET: -3.00, SINR_SOURCE: 24.12, SINR_TARGET: 61.11, TIME_TO_TRIGGER: 4.00, A3_OFFSET: 6.00, HOF: 0
TIMESTAMP: 21, UE_ID: 56, CELL_SOURCE_ID: 1, CELL_TARGET_ID: 2, RSRP_SOURCE: -88.48, RSRP_TARGET: -49.22, RSRQ_SOURCE: -3.00, RSRQ_TARGET: -3.00, SINR_SOURCE: 7.89, SINR_TARGET: 62.05, TIME_TO_TRIGGER: 4.00, A3_OFFSET: 6.00, HOF: 1
TIMESTAMP: 21, UE_ID: 57, CELL_SOURCE_ID: 1, CELL_TARGET_ID: 2, RSRP_SOURCE: -86.41, RSRP_TARGET: -80.27, RSRQ_SOURCE: -3.00, RSRQ_TARGET: -3.00, SINR_SOURCE: 15.88, SINR_TARGET: 29.24, TIME_TO_TRIGGER: 4.00, A3_OFFSET: 6.00, HOF: 1
TIMESTAMP: 21, UE_ID: 61, CELL_SOURCE_ID: 1, CELL_TARGET_ID: 2, RSRP_SOURCE: -85.26, RSRP_TARGET: -59.22, RSRQ_SOURCE: -3.00, RSRQ_TARGET: -3.00, SINR_SOURCE: 11.80, SINR_TARGET: 48.55, TIME_TO_TRIGGER: 4.00, A3_OFFSET: 6.00, HOF: 1
TIMESTAMP: 21, UE_ID: 77, CELL_SOURCE_ID: 1, CELL_TARGET_ID: 2, RSRP_SOURCE: -78.39, RSRP_TARGET: -55.63, RSRQ_SOURCE: -3.00, RSRQ_TARGET: -3.00, SINR_SOURCE: 19.69, SINR_TARGET: 52.29, TIME_TO_TRIGGER: 4.00, A3_OFFSET: 6.00, HOF: 0
TIMESTAMP: 21, UE_ID: 87, CELL_SOURCE_ID: 1, CELL_TARGET_ID: 2, RSRP_SOURCE: -81.29, RSRP_TARGET: -49.06, RSRQ_SOURCE: -3.00, RSRQ_TARGET: -3.00, SINR_SOURCE: 14.27, SINR_TARGET: 62.78, TIME_TO_TRIGGER: 4.00, A3_OFFSET: 6.00, HOF: 0
TIMESTAMP: 21, UE_ID: 91, CELL_SOURCE_ID: 1, CELL_TARGET_ID: 2, RSRP_SOURCE: -78.87, RSRP_TARGET: -65.54, RSRQ_SOURCE: -3.00, RSRQ_TARGET: -3.00, SINR_SOURCE: 15.99, SINR_TARGET: 40.74, TIME_TO_TRIGGER: 4.00, A3_OFFSET: 6.00, HOF: 1
TIMESTAMP: 21, UE_ID: 95, CELL_SOURCE_ID: 1, CELL_TARGET_ID: 2, RSRP_SOURCE: -81.08, RSRP_TARGET: -61.03, RSRQ_SOURCE: -3.00, RSRQ_TARGET: -3.00, SINR_SOURCE: 15.44, SINR_TARGET: 46.03, TIME_TO_TRIGGER: 4.00, A3_OFFSET: 6.00, HOF: 0
TIMESTAMP: 21, UE_ID: 113, CELL_SOURCE_ID: 3, CELL_TARGET_ID: 2, RSRP_SOURCE: -81.02, RSRP_TARGET: -70.54, RSRQ_SOURCE: -3.00, RSRQ_TARGET: -3.00, SINR_SOURCE: 18.69, SINR_TARGET: 40.89, TIME_TO_TRIGGER: 4.00, A3_OFFSET: 6.00, HOF: 1
TIMESTAMP: 21, UE_ID: 114, CELL_SOURCE_ID: 1, CELL_TARGET_ID: 2, RSRP_SOURCE: -76.05, RSRP_TARGET: -54.02, RSRQ_SOURCE: -3.00, RSRQ_TARGET: -3.00, SINR_SOURCE: 20.98, SINR_TARGET: 55.97, TIME_TO_TRIGGER: 4.00, A3_OFFSET: 6.00, HOF: 0
TIMESTAMP: 23, UE_ID: 30, CELL_SOURCE_ID: 11, CELL_TARGET_ID: 1, RSRP_SOURCE: -78.30, RSRP_TARGET: -68.80, RSRQ_SOURCE: -3.00, RSRQ_TARGET: -3.00, SINR_SOURCE: 22.18, SINR_TARGET: 42.03, TIME_TO_TRIGGER: 4.00, A3_OFFSET: 6.00, HOF: 1
TIMESTAMP: 23, UE_ID: 36, CELL_SOURCE_ID: 4, CELL_TARGET_ID: 1, RSRP_SOURCE: -82.31, RSRP_TARGET: -75.96, RSRQ_SOURCE: -3.00, RSRQ_TARGET: -3.00, SINR_SOURCE: 17.46, SINR_TARGET: 32.37, TIME_TO_TRIGGER: 4.00, A3_OFFSET: 6.00, HOF: 1
TIMESTAMP: 23, UE_ID: 111, CELL_SOURCE_ID: 11, CELL_TARGET_ID: 1, RSRP_SOURCE: -100.80, RSRP_TARGET: -88.78, RSRQ_SOURCE: -3.00, RSRQ_TARGET: -3.00, SINR_SOURCE: -0.33, SINR_TARGET: 20.84, TIME_TO_TRIGGER: 4.00, A3_OFFSET: 6.00, HOF: 1
TIMESTAMP: 24, UE_ID: 29, CELL_SOURCE_ID: 11, CELL_TARGET_ID: 1, RSRP_SOURCE: -66.31, RSRP_TARGET: -60.23, RSRQ_SOURCE: -3.00, RSRQ_TARGET: -3.00, SINR_SOURCE: 46.46, SINR_TARGET: 47.69, TIME_TO_TRIGGER: 4.00, A3_OFFSET: 6.00, HOF: 1
TIMESTAMP: 25, UE_ID: 36, CELL_SOURCE_ID: 1, CELL_TARGET_ID: 2, RSRP_SOURCE: -98.96, RSRP_TARGET: -76.29, RSRQ_SOURCE: -3.00, RSRQ_TARGET: -3.00, SINR_SOURCE: 8.44, SINR_TARGET: 34.69, TIME_TO_TRIGGER: 4.00, A3_OFFSET: 6.00, HOF: 1
TIMESTAMP: 25, UE_ID: 111, CELL_SOURCE_ID: 1, CELL_TARGET_ID: 2, RSRP_SOURCE: -82.71, RSRP_TARGET: -75.33, RSRQ_SOURCE: -3.00, RSRQ_TARGET: -3.00, SINR_SOURCE: 27.59, SINR_TARGET: 34.43, TIME_TO_TRIGGER: 4.00, A3_OFFSET: 6.00, HOF: 1
TIMESTAMP: 27, UE_ID: 30, CELL_SOURCE_ID: 1, CELL_TARGET_ID: 2, RSRP_SOURCE: -66.50, RSRP_TARGET: -57.74, RSRQ_SOURCE: -3.00, RSRQ_TARGET: -3.00, SINR_SOURCE: 45.10, SINR_TARGET: 53.69, TIME_TO_TRIGGER: 4.00, A3_OFFSET: 6.00, HOF: 1
TIMESTAMP: 28, UE_ID: 6, CELL_SOURCE_ID: 2, CELL_TARGET_ID: 1, RSRP_SOURCE: -100.64, RSRP_TARGET: -78.75, RSRQ_SOURCE: -3.00, RSRQ_TARGET: -3.00, SINR_SOURCE: -3.43, SINR_TARGET: 33.91, TIME_TO_TRIGGER: 4.00, A3_OFFSET: 6.00, HOF: 0
TIMESTAMP: 28, UE_ID: 36, CELL_SOURCE_ID: 2, CELL_TARGET_ID: 1, RSRP_SOURCE: -94.59, RSRP_TARGET: -70.79, RSRQ_SOURCE: -3.00, RSRQ_TARGET: -3.00, SINR_SOURCE: 2.26, SINR_TARGET: 40.85, TIME_TO_TRIGGER: 4.00, A3_OFFSET: 6.00, HOF: 1
TIMESTAMP: 28, UE_ID: 113, CELL_SOURCE_ID: 2, CELL_TARGET_ID: 1, RSRP_SOURCE: -95.94, RSRP_TARGET: -76.57, RSRQ_SOURCE: -3.00, RSRQ_TARGET: -3.00, SINR_SOURCE: 3.87, SINR_TARGET: 28.44, TIME_TO_TRIGGER: 4.00, A3_OFFSET: 6.00, HOF: 1
TIMESTAMP: 29, UE_ID: 93, CELL_SOURCE_ID: 2, CELL_TARGET_ID: 3, RSRP_SOURCE: -74.03, RSRP_TARGET: -52.90, RSRQ_SOURCE: -3.00, RSRQ_TARGET: -3.00, SINR_SOURCE: 34.67, SINR_TARGET: 55.80, TIME_TO_TRIGGER: 4.00, A3_OFFSET: 6.00, HOF: 0
TIMESTAMP: 29, UE_ID: 111, CELL_SOURCE_ID: 2, CELL_TARGET_ID: 3, RSRP_SOURCE: -78.21, RSRP_TARGET: -71.36, RSRQ_SOURCE: -3.00, RSRQ_TARGET: -3.00, SINR_SOURCE: 33.54, SINR_TARGET: 37.04, TIME_TO_TRIGGER: 4.00, A3_OFFSET: 6.00, HOF: 1
TIMESTAMP: 30, UE_ID: 113, CELL_SOURCE_ID: 1, CELL_TARGET_ID: 4, RSRP_SOURCE: -108.80, RSRP_TARGET: -74.19, RSRQ_SOURCE: -3.00, RSRQ_TARGET: -3.00, SINR_SOURCE: -7.69, SINR_TARGET: 35.69, TIME_TO_TRIGGER: 4.00, A3_OFFSET: 6.00, HOF: 1
TIMESTAMP: 31, UE_ID: 15, CELL_SOURCE_ID: 2, CELL_TARGET_ID: 1, RSRP_SOURCE: -92.95, RSRP_TARGET: -72.46, RSRQ_SOURCE: -3.00, RSRQ_TARGET: -3.00, SINR_SOURCE: 7.55, SINR_TARGET: 37.17, TIME_TO_TRIGGER: 4.00, A3_OFFSET: 6.00, HOF: 1
TIMESTAMP: 31, UE_ID: 17, CELL_SOURCE_ID: 2, CELL_TARGET_ID: 1, RSRP_SOURCE: -80.69, RSRP_TARGET: -56.93, RSRQ_SOURCE: -3.00, RSRQ_TARGET: -3.00, SINR_SOURCE: 20.00, SINR_TARGET: 51.94, TIME_TO_TRIGGER: 4.00, A3_OFFSET: 6.00, HOF: 1
TIMESTAMP: 31, UE_ID: 18, CELL_SOURCE_ID: 2, CELL_TARGET_ID: 1, RSRP_SOURCE: -87.74, RSRP_TARGET: -67.69, RSRQ_SOURCE: -3.00, RSRQ_TARGET: -3.00, SINR_SOURCE: 10.66, SINR_TARGET: 43.71, TIME_TO_TRIGGER: 4.00, A3_OFFSET: 6.00, HOF: 1
TIMESTAMP: 31, UE_ID: 30, CELL_SOURCE_ID: 2, CELL_TARGET_ID: 1, RSRP_SOURCE: -101.05, RSRP_TARGET: -63.68, RSRQ_SOURCE: -3.00, RSRQ_TARGET: -3.00, SINR_SOURCE: 0.04, SINR_TARGET: 50.16, TIME_TO_TRIGGER: 4.00, A3_OFFSET: 6.00, HOF: 1
TIMESTAMP: 31, UE_ID: 51, CELL_SOURCE_ID: 2, CELL_TARGET_ID: 1, RSRP_SOURCE: -75.68, RSRP_TARGET: -66.89, RSRQ_SOURCE: -3.00, RSRQ_TARGET: -3.00, SINR_SOURCE: 20.04, SINR_TARGET: 43.64, TIME_TO_TRIGGER: 4.00, A3_OFFSET: 6.00, HOF: 1
TIMESTAMP: 31, UE_ID: 57, CELL_SOURCE_ID: 2, CELL_TARGET_ID: 1, RSRP_SOURCE: -85.33, RSRP_TARGET: -51.93, RSRQ_SOURCE: -3.00, RSRQ_TARGET: -3.00, SINR_SOURCE: 11.77, SINR_TARGET: 60.00, TIME_TO_TRIGGER: 4.00, A3_OFFSET: 6.00, HOF: 1
TIMESTAMP: 31, UE_ID: 61, CELL_SOURCE_ID: 2, CELL_TARGET_ID: 1, RSRP_SOURCE: -85.15, RSRP_TARGET: -57.92, RSRQ_SOURCE: -3.00, RSRQ_TARGET: -3.00, SINR_SOURCE: 15.87, SINR_TARGET: 53.29, TIME_TO_TRIGGER: 4.00, A3_OFFSET: 6.00, HOF: 1
TIMESTAMP: 31, UE_ID: 91, CELL_SOURCE_ID: 2, CELL_TARGET_ID: 1, RSRP_SOURCE: -92.39, RSRP_TARGET: -68.14, RSRQ_SOURCE: -3.00, RSRQ_TARGET: -3.00, SINR_SOURCE: 5.70, SINR_TARGET: 42.61, TIME_TO_TRIGGER: 4.00, A3_OFFSET: 6.00, HOF: 1
TIMESTAMP: 31, UE_ID: 93, CELL_SOURCE_ID: 2, CELL_TARGET_ID: 1, RSRP_SOURCE: -103.31, RSRP_TARGET: -77.39, RSRQ_SOURCE: -3.00, RSRQ_TARGET: -3.00, SINR_SOURCE: -3.92, SINR_TARGET: 35.46, TIME_TO_TRIGGER: 4.00, A3_OFFSET: 6.00, HOF: 1
TIMESTAMP: 31, UE_ID: 105, CELL_SOURCE_ID: 2, CELL_TARGET_ID: 1, RSRP_SOURCE: -70.57, RSRP_TARGET: -49.64, RSRQ_SOURCE: -3.00, RSRQ_TARGET: -3.00, SINR_SOURCE: 25.12, SINR_TARGET: 59.43, TIME_TO_TRIGGER: 4.00, A3_OFFSET: 6.00, HOF: 1
TIMESTAMP: 33, UE_ID: 12, CELL_SOURCE_ID: 4, CELL_TARGET_ID: 2, RSRP_SOURCE: -94.49, RSRP_TARGET: -78.28, RSRQ_SOURCE: -3.00, RSRQ_TARGET: -3.00, SINR_SOURCE: 5.61, SINR_TARGET: 28.74, TIME_TO_TRIGGER: 4.00, A3_OFFSET: 6.00, HOF: 1
TIMESTAMP: 33, UE_ID: 15, CELL_SOURCE_ID: 1, CELL_TARGET_ID: 2, RSRP_SOURCE: -104.46, RSRP_TARGET: -57.65, RSRQ_SOURCE: -3.00, RSRQ_TARGET: -3.00, SINR_SOURCE: -4.35, SINR_TARGET: 53.86, TIME_TO_TRIGGER: 4.00, A3_OFFSET: 6.00, HOF: 1
TIMESTAMP: 33, UE_ID: 30, CELL_SOURCE_ID: 1, CELL_TARGET_ID: 2, RSRP_SOURCE: -103.19, RSRP_TARGET: -82.68, RSRQ_SOURCE: -3.00, RSRQ_TARGET: -3.00, SINR_SOURCE: -6.67, SINR_TARGET: 29.16, TIME_TO_TRIGGER: 4.00, A3_OFFSET: 6.00, HOF: 1
TIMESTAMP: 33, UE_ID: 51, CELL_SOURCE_ID: 1, CELL_TARGET_ID: 2, RSRP_SOURCE: -88.25, RSRP_TARGET: -54.50, RSRQ_SOURCE: -3.00, RSRQ_TARGET: -3.00, SINR_SOURCE: 8.27, SINR_TARGET: 54.95, TIME_TO_TRIGGER: 4.00, A3_OFFSET: 6.00, HOF: 1
TIMESTAMP: 33, UE_ID: 93, CELL_SOURCE_ID: 1, CELL_TARGET_ID: 2, RSRP_SOURCE: -108.17, RSRP_TARGET: -82.25, RSRQ_SOURCE: -3.00, RSRQ_TARGET: -3.00, SINR_SOURCE: -14.47, SINR_TARGET: 27.81, TIME_TO_TRIGGER: 4.00, A3_OFFSET: 6.00, HOF: 1
TIMESTAMP: 33, UE_ID: 105, CELL_SOURCE_ID: 1, CELL_TARGET_ID: 2, RSRP_SOURCE: -67.73, RSRP_TARGET: -46.93, RSRQ_SOURCE: -3.00, RSRQ_TARGET: -3.00, SINR_SOURCE: 27.08, SINR_TARGET: 62.01, TIME_TO_TRIGGER: 4.00, A3_OFFSET: 6.00, HOF: 1
TIMESTAMP: 34, UE_ID: 61, CELL_SOURCE_ID: 1, CELL_TARGET_ID: 2, RSRP_SOURCE: -68.42, RSRP_TARGET: -55.16, RSRQ_SOURCE: -3.00, RSRQ_TARGET: -3.00, SINR_SOURCE: 35.83, SINR_TARGET: 55.09, TIME_TO_TRIGGER: 4.00, A3_OFFSET: 6.00, HOF: 1
TIMESTAMP: 34, UE_ID: 114, CELL_SOURCE_ID: 1, CELL_TARGET_ID: 2, RSRP_SOURCE: -60.25, RSRP_TARGET: -45.97, RSRQ_SOURCE: -3.00, RSRQ_TARGET: -3.00, SINR_SOURCE: 47.40, SINR_TARGET: 65.04, TIME_TO_TRIGGER: 4.00, A3_OFFSET: 6.00, HOF: 1
TIMESTAMP: 35, UE_ID: 30, CELL_SOURCE_ID: 2, CELL_TARGET_ID: 1, RSRP_SOURCE: -76.09, RSRP_TARGET: -68.45, RSRQ_SOURCE: -3.00, RSRQ_TARGET: -3.00, SINR_SOURCE: 33.88, SINR_TARGET: 40.45, TIME_TO_TRIGGER: 4.00, A3_OFFSET: 6.00, HOF: 1
TIMESTAMP: 35, UE_ID: 83, CELL_SOURCE_ID: 11, CELL_TARGET_ID: 1, RSRP_SOURCE: -69.90, RSRP_TARGET: -45.92, RSRQ_SOURCE: -3.00, RSRQ_TARGET: -3.00, SINR_SOURCE: 37.01, SINR_TARGET: 64.74, TIME_TO_TRIGGER: 4.00, A3_OFFSET: 6.00, HOF: 1
TIMESTAMP: 35, UE_ID: 93, CELL_SOURCE_ID: 2, CELL_TARGET_ID: 1, RSRP_SOURCE: -77.86, RSRP_TARGET: -71.64, RSRQ_SOURCE: -3.00, RSRQ_TARGET: -3.00, SINR_SOURCE: 33.79, SINR_TARGET: 35.27, TIME_TO_TRIGGER: 4.00, A3_OFFSET: 6.00, HOF: 1
TIMESTAMP: 37, UE_ID: 38, CELL_SOURCE_ID: 8, CELL_TARGET_ID: 1, RSRP_SOURCE: -102.26, RSRP_TARGET: -93.34, RSRQ_SOURCE: -3.00, RSRQ_TARGET: -3.00, SINR_SOURCE: 1.24, SINR_TARGET: 14.86, TIME_TO_TRIGGER: 4.00, A3_OFFSET: 6.00, HOF: 0
TIMESTAMP: 37, UE_ID: 93, CELL_SOURCE_ID: 1, CELL_TARGET_ID: 2, RSRP_SOURCE: -69.75, RSRP_TARGET: -53.27, RSRQ_SOURCE: -3.00, RSRQ_TARGET: -3.00, SINR_SOURCE: 39.93, SINR_TARGET: 55.62, TIME_TO_TRIGGER: 4.00, A3_OFFSET: 6.00, HOF: 1
