TIMESTAMP: 22, UE_ID: 248, CELL_SOURCE_ID: 9, CELL_TARGET_ID: 1, RSRP_SOURCE: -86.48, RSRP_TARGET: -77.52, RSRQ_SOURCE: -3.00, RSRQ_TARGET: -3.00, SINR_SOURCE: 21.50, SINR_TARGET: 32.07, TIME_TO_TRIGGER: 8.00, A3_OFFSET: 8.00, HOF: 1
TIMESTAMP: 25, UE_ID: 246, CELL_SOURCE_ID: 10, CELL_TARGET_ID: 1, RSRP_SOURCE: -78.62, RSRP_TARGET: -50.28, RSRQ_SOURCE: -3.00, RSRQ_TARGET: -3.00, SINR_SOURCE: 33.15, SINR_TARGET: 60.02, TIME_TO_TRIGGER: 8.00, A3_OFFSET: 8.00, HOF: 1
TIMESTAMP: 25, UE_ID: 254, CELL_SOURCE_ID: 1, CELL_TARGET_ID: 2, RSRP_SOURCE: -92.80, RSRP_TARGET: -80.67, RSRQ_SOURCE: -3.00, RSRQ_TARGET: -3.00, SINR_SOURCE: 19.70, SINR_TARGET: 31.11, TIME_TO_TRIGGER: 8.00, A3_OFFSET: 8.00, HOF: 1
TIMESTAMP: 27, UE_ID: 249, CELL_SOURCE_ID: 1, CELL_TARGET_ID: 2, RSRP_SOURCE: -90.28, RSRP_TARGET: -80.55, RSRQ_SOURCE: -3.00, RSRQ_TARGET: -3.00, SINR_SOURCE: 16.15, SINR_TARGET: 33.16, TIME_TO_TRIGGER: 8.00, A3_OFFSET: 8.00, HOF: 1
TIMESTAMP: 28, UE_ID: 241, CELL_SOURCE_ID: 18, CELL_TARGET_ID: 1, RSRP_SOURCE: -86.68, RSRP_TARGET: -70.01, RSRQ_SOURCE: -3.00, RSRQ_TARGET: -3.00, SINR_SOURCE: 20.41, SINR_TARGET: 37.26, TIME_TO_TRIGGER: 8.00, A3_OFFSET: 8.00, HOF: 1
TIMESTAMP: 28, UE_ID: 260, CELL_SOURCE_ID: 11, CELL_TARGET_ID: 1, RSRP_SOURCE: -81.29, RSRP_TARGET: -71.24, RSRQ_SOURCE: -3.00, RSRQ_TARGET: -3.00, SINR_SOURCE: 29.75, SINR_TARGET: 37.44, TIME_TO_TRIGGER: 8.00, A3_OFFSET: 8.00, HOF: 1
TIMESTAMP: 31, UE_ID: 262, CELL_SOURCE_ID: 1, CELL_TARGET_ID: 2, RSRP_SOURCE: -84.49, RSRP_TARGET: -75.54, RSRQ_SOURCE: -3.00, RSRQ_TARGET: -3.00, SINR_SOURCE: 21.55, SINR_TARGET: 30.32, TIME_TO_TRIGGER: 8.00, A3_OFFSET: 8.00, HOF: 1
TIMESTAMP: 31, UE_ID: 296, CELL_SOURCE_ID: 1, CELL_TARGET_ID: 2, RSRP_SOURCE: -75.32, RSRP_TARGET: -66.28, RSRQ_SOURCE: -3.00, RSRQ_TARGET: -3.00, SINR_SOURCE: 35.23, SINR_TARGET: 41.95, TIME_TO_TRIGGER: 8.00, A3_OFFSET: 8.00, HOF: 1
TIMESTAMP: 33, UE_ID: 296, CELL_SOURCE_ID: 2, CELL_TARGET_ID: 1, RSRP_SOURCE: -57.39, RSRP_TARGET: -49.24, RSRQ_SOURCE: -3.00, RSRQ_TARGET: -3.00, SINR_SOURCE: 52.21, SINR_TARGET: 55.63, TIME_TO_TRIGGER: 8.00, A3_OFFSET: 8.00, HOF: 1
TIMESTAMP: 36, UE_ID: 278, CELL_SOURCE_ID: 10, CELL_TARGET_ID: 1, RSRP_SOURCE: -87.82, RSRP_TARGET: -76.43, RSRQ_SOURCE: -3.00, RSRQ_TARGET: -3.00, SINR_SOURCE: 24.27, SINR_TARGET: 33.66, TIME_TO_TRIGGER: 8.00, A3_OFFSET: 8.00, HOF: 1
TIMESTAMP: 36, UE_ID: 287, CELL_SOURCE_ID: 18, CELL_TARGET_ID: 1, RSRP_SOURCE: -80.73, RSRP_TARGET: -64.42, RSRQ_SOURCE: -3.00, RSRQ_TARGET: -3.00, SINR_SOURCE: 29.01, SINR_TARGET: 47.67, TIME_TO_TRIGGER: 8.00, A3_OFFSET: 8.00, HOF: 1
TIMESTAMP: 38, UE_ID: 243, CELL_SOURCE_ID: 1, CELL_TARGET_ID: 2, RSRP_SOURCE: -82.32, RSRP_TARGET: -73.11, RSRQ_SOURCE: -3.00, RSRQ_TARGET: -3.00, SINR_SOURCE: 27.71, SINR_TARGET: 37.85, TIME_TO_TRIGGER: 8.00, A3_OFFSET: 8.00, HOF: 1
TIMESTAMP: 38, UE_ID: 296, CELL_SOURCE_ID: 1, CELL_TARGET_ID: 2, RSRP_SOURCE: -78.39, RSRP_TARGET: -67.47, RSRQ_SOURCE: -3.00, RSRQ_TARGET: -3.00, SINR_SOURCE: 32.68, SINR_TARGET: 40.17, TIME_TO_TRIGGER: 8.00, A3_OFFSET: 8.00, HOF: 1
TIMESTAMP: 39, UE_ID: 293, CELL_SOURCE_ID: 11, CELL_TARGET_ID: 1, RSRP_SOURCE: -84.82, RSRP_TARGET: -58.94, RSRQ_SOURCE: -3.00, RSRQ_TARGET: -3.00, SINR_SOURCE: 23.23, SINR_TARGET: 52.43, TIME_TO_TRIGGER: 8.00, A3_OFFSET: 8.00, HOF: 1
TIMESTAMP: 40, UE_ID: 249, CELL_SOURCE_ID: 2, CELL_TARGET_ID: 1, RSRP_SOURCE: -95.48, RSRP_TARGET: -86.92, RSRQ_SOURCE: -3.00, RSRQ_TARGET: -3.00, SINR_SOURCE: 13.96, SINR_TARGET: 21.17, TIME_TO_TRIGGER: 8.00, A3_OFFSET: 8.00, HOF: 1
TIMESTAMP: 43, UE_ID: 243, CELL_SOURCE_ID: 2, CELL_TARGET_ID: 1, RSRP_SOURCE: -93.20, RSRP_TARGET: -83.97, RSRQ_SOURCE: -3.00, RSRQ_TARGET: -3.00, SINR_SOURCE: 17.11, SINR_TARGET: 24.69, TIME_TO_TRIGGER: 8.00, A3_OFFSET: 8.00, HOF: 1
TIMESTAMP: 43, UE_ID: 244, CELL_SOURCE_ID: 13, CELL_TARGET_ID: 1, RSRP_SOURCE: -86.78, RSRP_TARGET: -76.11, RSRQ_SOURCE: -3.00, RSRQ_TARGET: -3.00, SINR_SOURCE: 24.67, SINR_TARGET: 34.20, TIME_TO_TRIGGER: 8.00, A3_OFFSET: 8.00, HOF: 1
TIMESTAMP: 43, UE_ID: 254, CELL_SOURCE_ID: 2, CELL_TARGET_ID: 1, RSRP_SOURCE: -95.49, RSRP_TARGET: -84.04, RSRQ_SOURCE: -3.00, RSRQ_TARGET: -3.00, SINR_SOURCE: 15.07, SINR_TARGET: 25.53, TIME_TO_TRIGGER: 8.00, A3_OFFSET: 8.00, HOF: 1
TIMESTAMP: 43, UE_ID: 296, CELL_SOURCE_ID: 2, CELL_TARGET_ID: 1, RSRP_SOURCE: -85.46, RSRP_TARGET: -76.22, RSRQ_SOURCE: -3.00, RSRQ_TARGET: -3.00, SINR_SOURCE: 26.99, SINR_TARGET: 34.94, TIME_TO_TRIGGER: 8.00, A3_OFFSET: 8.00, HOF: 1
TIMESTAMP: 44, UE_ID: 246, CELL_SOURCE_ID: 1, CELL_TARGET_ID: 2, RSRP_SOURCE: -57.73, RSRP_TARGET: -48.55, RSRQ_SOURCE: -3.00, RSRQ_TARGET: -3.00, SINR_SOURCE: 52.01, SINR_TARGET: 61.53, TIME_TO_TRIGGER: 8.00, A3_OFFSET: 8.00, HOF: 1
TIMESTAMP: 48, UE_ID: 253, CELL_SOURCE_ID: 18, CELL_TARGET_ID: 1, RSRP_SOURCE: -95.63, RSRP_TARGET: -87.18, RSRQ_SOURCE: -3.00, RSRQ_TARGET: -3.00, SINR_SOURCE: 16.86, SINR_TARGET: 21.95, TIME_TO_TRIGGER: 8.00, A3_OFFSET: 8.00, HOF: 1
TIMESTAMP: 50, UE_ID: 246, CELL_SOURCE_ID: 2, CELL_TARGET_ID: 1, RSRP_SOURCE: -82.61, RSRP_TARGET: -74.38, RSRQ_SOURCE: -3.00, RSRQ_TARGET: -3.00, SINR_SOURCE: 24.68, SINR_TARGET: 33.79, TIME_TO_TRIGGER: 8.00, A3_OFFSET: 8.00, HOF: 1
TIMESTAMP: 51, UE_ID: 273, CELL_SOURCE_ID: 21, CELL_TARGET_ID: 1, RSRP_SOURCE: -83.42, RSRP_TARGET: -74.25, RSRQ_SOURCE: -3.00, RSRQ_TARGET: -3.00, SINR_SOURCE: 26.71, SINR_TARGET: 34.08, TIME_TO_TRIGGER: 8.00, A3_OFFSET: 8.00, HOF: 1
TIMESTAMP: 53, UE_ID: 272, CELL_SOURCE_ID: 11, CELL_TARGET_ID: 1, RSRP_SOURCE: -103.27, RSRP_TARGET: -91.74, RSRQ_SOURCE: -3.00, RSRQ_TARGET: -3.00, SINR_SOURCE: 8.25, SINR_TARGET: 19.88, TIME_TO_TRIGGER: 8.00, A3_OFFSET: 8.00, HOF: 1
TIMESTAMP: 56, UE_ID: 249, CELL_SOURCE_ID: 1, CELL_TARGET_ID: 2, RSRP_SOURCE: -96.47, RSRP_TARGET: -87.71, RSRQ_SOURCE: -3.00, RSRQ_TARGET: -3.00, SINR_SOURCE: 13.44, SINR_TARGET: 21.79, TIME_TO_TRIGGER: 8.00, A3_OFFSET: 8.00, HOF: 1
TIMESTAMP: 56, UE_ID: 254, CELL_SOURCE_ID: 1, CELL_TARGET_ID: 2, RSRP_SOURCE: -101.54, RSRP_TARGET: -90.92, RSRQ_SOURCE: -3.00, RSRQ_TARGET: -3.00, SINR_SOURCE: 7.69, SINR_TARGET: 17.71, TIME_TO_TRIGGER: 8.00, A3_OFFSET: 8.00, HOF: 1
TIMESTAMP: 56, UE_ID: 272, CELL_SOURCE_ID: 1, CELL_TARGET_ID: 2, RSRP_SOURCE: -94.13, RSRP_TARGET: -85.97, RSRQ_SOURCE: -3.00, RSRQ_TARGET: -3.00, SINR_SOURCE: 15.99, SINR_TARGET: 25.76, TIME_TO_TRIGGER: 8.00, A3_OFFSET: 8.00, HOF: 1
TIMESTAMP: 56, UE_ID: 278, CELL_SOURCE_ID: 1, CELL_TARGET_ID: 2, RSRP_SOURCE: -91.15, RSRP_TARGET: -80.06, RSRQ_SOURCE: -3.00, RSRQ_TARGET: -3.00, SINR_SOURCE: 18.30, SINR_TARGET: 30.02, TIME_TO_TRIGGER: 8.00, A3_OFFSET: 8.00, HOF: 1
TIMESTAMP: 56, UE_ID: 296, CELL_SOURCE_ID: 1, CELL_TARGET_ID: 2, RSRP_SOURCE: -93.38, RSRP_TARGET: -82.19, RSRQ_SOURCE: -3.00, RSRQ_TARGET: -3.00, SINR_SOURCE: 14.68, SINR_TARGET: 28.28, TIME_TO_TRIGGER: 8.00, A3_OFFSET: 8.00, HOF: 1
TIMESTAMP: 56, UE_ID: 298, CELL_SOURCE_ID: 1, CELL_TARGET_ID: 2, RSRP_SOURCE: -90.76, RSRP_TARGET: -81.34, RSRQ_SOURCE: -3.00, RSRQ_TARGET: -3.00, SINR_SOURCE: 16.71, SINR_TARGET: 27.19, TIME_TO_TRIGGER: 8.00, A3_OFFSET: 8.00, HOF: 1
TIMESTAMP: 57, UE_ID: 244, CELL_SOURCE_ID: 1, CELL_TARGET_ID: 2, RSRP_SOURCE: -89.19, RSRP_TARGET: -78.78, RSRQ_SOURCE: -3.00, RSRQ_TARGET: -3.00, SINR_SOURCE: 20.22, SINR_TARGET: 31.46, TIME_TO_TRIGGER: 8.00, A3_OFFSET: 8.00, HOF: 1
TIMESTAMP: 57, UE_ID: 246, CELL_SOURCE_ID: 1, CELL_TARGET_ID: 2, RSRP_SOURCE: -89.06, RSRP_TARGET: -80.96, RSRQ_SOURCE: -3.00, RSRQ_TARGET: -3.00, SINR_SOURCE: 20.38, SINR_TARGET: 28.66, TIME_TO_TRIGGER: 8.00, A3_OFFSET: 8.00, HOF: 1
TIMESTAMP: 57, UE_ID: 260, CELL_SOURCE_ID: 1, CELL_TARGET_ID: 2, RSRP_SOURCE: -59.90, RSRP_TARGET: -49.17, RSRQ_SOURCE: -3.00, RSRQ_TARGET: -3.00, SINR_SOURCE: 51.68, SINR_TARGET: 62.19, TIME_TO_TRIGGER: 8.00, A3_OFFSET: 8.00, HOF: 1
TIMESTAMP: 57, UE_ID: 290, CELL_SOURCE_ID: 1, CELL_TARGET_ID: 2, RSRP_SOURCE: -92.87, RSRP_TARGET: -84.72, RSRQ_SOURCE: -3.00, RSRQ_TARGET: -3.00, SINR_SOURCE: 12.83, SINR_TARGET: 28.23, TIME_TO_TRIGGER: 8.00, A3_OFFSET: 8.00, HOF: 1
TIMESTAMP: 57, UE_ID: 300, CELL_SOURCE_ID: 8, CELL_TARGET_ID: 2, RSRP_SOURCE: -99.02, RSRP_TARGET: -89.70, RSRQ_SOURCE: -3.00, RSRQ_TARGET: -3.00, SINR_SOURCE: 11.28, SINR_TARGET: 22.14, TIME_TO_TRIGGER: 8.00, A3_OFFSET: 8.00, HOF: 1
TIMESTAMP: 60, UE_ID: 246, CELL_SOURCE_ID: 2, CELL_TARGET_ID: 1, RSRP_SOURCE: -85.57, RSRP_TARGET: -76.91, RSRQ_SOURCE: -3.00, RSRQ_TARGET: -3.00, SINR_SOURCE: 24.98, SINR_TARGET: 34.98, TIME_TO_TRIGGER: 8.00, A3_OFFSET: 8.00, HOF: 1
TIMESTAMP: 63, UE_ID: 256, CELL_SOURCE_ID: 18, CELL_TARGET_ID: 2, RSRP_SOURCE: -106.84, RSRP_TARGET: -95.90, RSRQ_SOURCE: -3.00, RSRQ_TARGET: -3.00, SINR_SOURCE: 6.74, SINR_TARGET: 15.58, TIME_TO_TRIGGER: 8.00, A3_OFFSET: 8.00, HOF: 1
TIMESTAMP: 68, UE_ID: 244, CELL_SOURCE_ID: 2, CELL_TARGET_ID: 1, RSRP_SOURCE: -91.41, RSRP_TARGET: -80.74, RSRQ_SOURCE: -3.00, RSRQ_TARGET: -3.00, SINR_SOURCE: 18.51, SINR_TARGET: 29.20, TIME_TO_TRIGGER: 8.00, A3_OFFSET: 8.00, HOF: 1
TIMESTAMP: 68, UE_ID: 252, CELL_SOURCE_ID: 18, CELL_TARGET_ID: 1, RSRP_SOURCE: -103.84, RSRP_TARGET: -94.33, RSRQ_SOURCE: -3.00, RSRQ_TARGET: -3.00, SINR_SOURCE: 5.92, SINR_TARGET: 17.53, TIME_TO_TRIGGER: 8.00, A3_OFFSET: 8.00, HOF: 1
TIMESTAMP: 68, UE_ID: 267, CELL_SOURCE_ID: 18, CELL_TARGET_ID: 1, RSRP_SOURCE: -97.53, RSRP_TARGET: -85.19, RSRQ_SOURCE: -3.00, RSRQ_TARGET: -3.00, SINR_SOURCE: 14.41, SINR_TARGET: 22.89, TIME_TO_TRIGGER: 8.00, A3_OFFSET: 8.00, HOF: 1
TIMESTAMP: 68, UE_ID: 296, CELL_SOURCE_ID: 2, CELL_TARGET_ID: 1, RSRP_SOURCE: -91.54, RSRP_TARGET: -81.96, RSRQ_SOURCE: -3.00, RSRQ_TARGET: -3.00, SINR_SOURCE: 18.13, SINR_TARGET: 33.40, TIME_TO_TRIGGER: 8.00, A3_OFFSET: 8.00, HOF: 1
TIMESTAMP: 69, UE_ID: 256, CELL_SOURCE_ID: 2, CELL_TARGET_ID: 1, RSRP_SOURCE: -103.59, RSRP_TARGET: -94.87, RSRQ_SOURCE: -3.00, RSRQ_TARGET: -3.00, SINR_SOURCE: 6.48, SINR_TARGET: 14.28, TIME_TO_TRIGGER: 8.00, A3_OFFSET: 8.00, HOF: 1
TIMESTAMP: 75, UE_ID: 267, CELL_SOURCE_ID: 1, CELL_TARGET_ID: 2, RSRP_SOURCE: -95.98, RSRP_TARGET: -85.83, RSRQ_SOURCE: -3.00, RSRQ_TARGET: -3.00, SINR_SOURCE: 15.43, SINR_TARGET: 25.64, TIME_TO_TRIGGER: 8.00, A3_OFFSET: 8.00, HOF: 1
TIMESTAMP: 76, UE_ID: 256, CELL_SOURCE_ID: 1, CELL_TARGET_ID: 4, RSRP_SOURCE: -103.99, RSRP_TARGET: -95.64, RSRQ_SOURCE: -3.00, RSRQ_TARGET: -3.00, SINR_SOURCE: 7.55, SINR_TARGET: 18.47, TIME_TO_TRIGGER: 8.00, A3_OFFSET: 8.00, HOF: 1
TIMESTAMP: 78, UE_ID: 278, CELL_SOURCE_ID: 2, CELL_TARGET_ID: 4, RSRP_SOURCE: -96.63, RSRP_TARGET: -88.26, RSRQ_SOURCE: -3.00, RSRQ_TARGET: -3.00, SINR_SOURCE: 14.23, SINR_TARGET: 19.02, TIME_TO_TRIGGER: 8.00, A3_OFFSET: 8.00, HOF: 1
TIMESTAMP: 79, UE_ID: 295, CELL_SOURCE_ID: 4, CELL_TARGET_ID: 2, RSRP_SOURCE: -101.59, RSRP_TARGET: -93.30, RSRQ_SOURCE: -3.00, RSRQ_TARGET: -3.00, SINR_SOURCE: 11.85, SINR_TARGET: 12.85, TIME_TO_TRIGGER: 8.00, A3_OFFSET: 8.00, HOF: 1
TIMESTAMP: 83, UE_ID: 295, CELL_SOURCE_ID: 6, CELL_TARGET_ID: 4, RSRP_SOURCE: -109.10, RSRP_TARGET: -96.44, RSRQ_SOURCE: -3.00, RSRQ_TARGET: -3.00, SINR_SOURCE: 2.52, SINR_TARGET: 13.01, TIME_TO_TRIGGER: 8.00, A3_OFFSET: 8.00, HOF: 1
TIMESTAMP: 84, UE_ID: 249, CELL_SOURCE_ID: 2, CELL_TARGET_ID: 1, RSRP_SOURCE: -107.71, RSRP_TARGET: -99.06, RSRQ_SOURCE: -3.00, RSRQ_TARGET: -3.00, SINR_SOURCE: -1.07, SINR_TARGET: 8.17, TIME_TO_TRIGGER: 8.00, A3_OFFSET: 8.00, HOF: 1
TIMESTAMP: 84, UE_ID: 254, CELL_SOURCE_ID: 2, CELL_TARGET_ID: 1, RSRP_SOURCE: -96.50, RSRP_TARGET: -87.43, RSRQ_SOURCE: -3.00, RSRQ_TARGET: -3.00, SINR_SOURCE: 12.15, SINR_TARGET: 20.66, TIME_TO_TRIGGER: 8.00, A3_OFFSET: 8.00, HOF: 1
TIMESTAMP: 84, UE_ID: 260, CELL_SOURCE_ID: 2, CELL_TARGET_ID: 1, RSRP_SOURCE: -101.50, RSRP_TARGET: -91.98, RSRQ_SOURCE: -3.00, RSRQ_TARGET: -3.00, SINR_SOURCE: 9.80, SINR_TARGET: 16.74, TIME_TO_TRIGGER: 8.00, A3_OFFSET: 8.00, HOF: 1
TIMESTAMP: 84, UE_ID: 262, CELL_SOURCE_ID: 2, CELL_TARGET_ID: 5, RSRP_SOURCE: -107.09, RSRP_TARGET: -96.86, RSRQ_SOURCE: -3.00, RSRQ_TARGET: -3.00, SINR_SOURCE: 3.60, SINR_TARGET: 11.27, TIME_TO_TRIGGER: 8.00, A3_OFFSET: 8.00, HOF: 1
TIMESTAMP: 84, UE_ID: 292, CELL_SOURCE_ID: 9, CELL_TARGET_ID: 1, RSRP_SOURCE: -100.02, RSRP_TARGET: -90.78, RSRQ_SOURCE: -3.00, RSRQ_TARGET: -3.00, SINR_SOURCE: 10.69, SINR_TARGET: 19.58, TIME_TO_TRIGGER: 8.00, A3_OFFSET: 8.00, HOF: 1
TIMESTAMP: 85, UE_ID: 267, CELL_SOURCE_ID: 2, CELL_TARGET_ID: 4, RSRP_SOURCE: -108.58, RSRP_TARGET: -99.68, RSRQ_SOURCE: -3.00, RSRQ_TARGET: -3.00, SINR_SOURCE: -0.46, SINR_TARGET: 11.38, TIME_TO_TRIGGER: 8.00, A3_OFFSET: 8.00, HOF: 1
TIMESTAMP: 85, UE_ID: 272, CELL_SOURCE_ID: 2, CELL_TARGET_ID: 4, RSRP_SOURCE: -103.33, RSRP_TARGET: -90.06, RSRQ_SOURCE: -3.00, RSRQ_TARGET: -3.00, SINR_SOURCE: 6.50, SINR_TARGET: 22.34, TIME_TO_TRIGGER: 8.00, A3_OFFSET: 8.00, HOF: 1
TIMESTAMP: 85, UE_ID: 299, CELL_SOURCE_ID: 8, CELL_TARGET_ID: 7, RSRP_SOURCE: -107.82, RSRP_TARGET: -98.54, RSRQ_SOURCE: -3.00, RSRQ_TARGET: -3.00, SINR_SOURCE: 4.59, SINR_TARGET: 13.40, TIME_TO_TRIGGER: 8.00, A3_OFFSET: 8.00, HOF: 1
TIMESTAMP: 86, UE_ID: 246, CELL_SOURCE_ID: 1, CELL_TARGET_ID: 2, RSRP_SOURCE: -101.20, RSRP_TARGET: -92.47, RSRQ_SOURCE: -3.00, RSRQ_TARGET: -3.00, SINR_SOURCE: 6.97, SINR_TARGET: 13.71, TIME_TO_TRIGGER: 8.00, A3_OFFSET: 8.00, HOF: 1
TIMESTAMP: 88, UE_ID: 253, CELL_SOURCE_ID: 17, CELL_TARGET_ID: 3, RSRP_SOURCE: -109.15, RSRP_TARGET: -98.85, RSRQ_SOURCE: -3.00, RSRQ_TARGET: -3.00, SINR_SOURCE: -0.23, SINR_TARGET: 13.42, TIME_TO_TRIGGER: 8.00, A3_OFFSET: 8.00, HOF: 1
TIMESTAMP: 88, UE_ID: 285, CELL_SOURCE_ID: 4, CELL_TARGET_ID: 3, RSRP_SOURCE: -107.51, RSRP_TARGET: -99.08, RSRQ_SOURCE: -3.00, RSRQ_TARGET: -3.00, SINR_SOURCE: 1.41, SINR_TARGET: 12.44, TIME_TO_TRIGGER: 8.00, A3_OFFSET: 8.00, HOF: 1
TIMESTAMP: 94, UE_ID: 253, CELL_SOURCE_ID: 3, CELL_TARGET_ID: 18, RSRP_SOURCE: -107.90, RSRP_TARGET: -97.80, RSRQ_SOURCE: -3.00, RSRQ_TARGET: -3.00, SINR_SOURCE: -1.70, SINR_TARGET: 15.33, TIME_TO_TRIGGER: 8.00, A3_OFFSET: 8.00, HOF: 1
TIMESTAMP: 95, UE_ID: 246, CELL_SOURCE_ID: 2, CELL_TARGET_ID: 1, RSRP_SOURCE: -97.54, RSRP_TARGET: -89.08, RSRQ_SOURCE: -3.00, RSRQ_TARGET: -3.00, SINR_SOURCE: 10.71, SINR_TARGET: 20.36, TIME_TO_TRIGGER: 8.00, A3_OFFSET: 8.00, HOF: 1
TIMESTAMP: 95, UE_ID: 298, CELL_SOURCE_ID: 2, CELL_TARGET_ID: 1, RSRP_SOURCE: -102.29, RSRP_TARGET: -91.48, RSRQ_SOURCE: -3.00, RSRQ_TARGET: -3.00, SINR_SOURCE: 8.03, SINR_TARGET: 15.55, TIME_TO_TRIGGER: 8.00, A3_OFFSET: 8.00, HOF: 1
TIMESTAMP: 95, UE_ID: 300, CELL_SOURCE_ID: 2, CELL_TARGET_ID: 1, RSRP_SOURCE: -99.59, RSRP_TARGET: -91.17, RSRQ_SOURCE: -3.00, RSRQ_TARGET: -3.00, SINR_SOURCE: 11.45, SINR_TARGET: 21.06, TIME_TO_TRIGGER: 8.00, A3_OFFSET: 8.00, HOF: 1
TIMESTAMP: 98, UE_ID: 268, CELL_SOURCE_ID: 18, CELL_TARGET_ID: 2, RSRP_SOURCE: -104.66, RSRP_TARGET: -93.34, RSRQ_SOURCE: -3.00, RSRQ_TARGET: -3.00, SINR_SOURCE: 5.08, SINR_TARGET: 18.28, TIME_TO_TRIGGER: 8.00, A3_OFFSET: 8.00, HOF: 1
TIMESTAMP: 98, UE_ID: 284, CELL_SOURCE_ID: 18, CELL_TARGET_ID: 16, RSRP_SOURCE: -109.34, RSRP_TARGET: -97.88, RSRQ_SOURCE: -3.00, RSRQ_TARGET: -3.00, SINR_SOURCE: 4.61, SINR_TARGET: 13.96, TIME_TO_TRIGGER: 8.00, A3_OFFSET: 8.00, HOF: 1
TIMESTAMP: 99, UE_ID: 288, CELL_SOURCE_ID: 18, CELL_TARGET_ID: 1, RSRP_SOURCE: -100.97, RSRP_TARGET: -92.25, RSRQ_SOURCE: -3.00, RSRQ_TARGET: -3.00, SINR_SOURCE: 11.27, SINR_TARGET: 19.64, TIME_TO_TRIGGER: 8.00, A3_OFFSET: 8.00, HOF: 1
TIMESTAMP: 99, UE_ID: 298, CELL_SOURCE_ID: 1, CELL_TARGET_ID: 15, RSRP_SOURCE: -108.15, RSRP_TARGET: -99.13, RSRQ_SOURCE: -3.00, RSRQ_TARGET: -3.00, SINR_SOURCE: 2.43, SINR_TARGET: 8.86, TIME_TO_TRIGGER: 8.00, A3_OFFSET: 8.00, HOF: 1
TIMESTAMP: 104, UE_ID: 244, CELL_SOURCE_ID: 1, CELL_TARGET_ID: 2, RSRP_SOURCE: -99.23, RSRP_TARGET: -90.42, RSRQ_SOURCE: -3.00, RSRQ_TARGET: -3.00, SINR_SOURCE: 8.33, SINR_TARGET: 19.97, TIME_TO_TRIGGER: 8.00, A3_OFFSET: 8.00, HOF: 1
TIMESTAMP: 104, UE_ID: 246, CELL_SOURCE_ID: 1, CELL_TARGET_ID: 2, RSRP_SOURCE: -106.35, RSRP_TARGET: -95.40, RSRQ_SOURCE: -3.00, RSRQ_TARGET: -3.00, SINR_SOURCE: 7.57, SINR_TARGET: 14.65, TIME_TO_TRIGGER: 8.00, A3_OFFSET: 8.00, HOF: 1
TIMESTAMP: 104, UE_ID: 252, CELL_SOURCE_ID: 1, CELL_TARGET_ID: 2, RSRP_SOURCE: -103.17, RSRP_TARGET: -93.60, RSRQ_SOURCE: -3.00, RSRQ_TARGET: -3.00, SINR_SOURCE: 8.54, SINR_TARGET: 15.13, TIME_TO_TRIGGER: 8.00, A3_OFFSET: 8.00, HOF: 1
TIMESTAMP: 104, UE_ID: 260, CELL_SOURCE_ID: 1, CELL_TARGET_ID: 2, RSRP_SOURCE: -104.96, RSRP_TARGET: -96.72, RSRQ_SOURCE: -3.00, RSRQ_TARGET: -3.00, SINR_SOURCE: 5.65, SINR_TARGET: 13.52, TIME_TO_TRIGGER: 8.00, A3_OFFSET: 8.00, HOF: 1
TIMESTAMP: 104, UE_ID: 288, CELL_SOURCE_ID: 1, CELL_TARGET_ID: 2, RSRP_SOURCE: -102.92, RSRP_TARGET: -94.61, RSRQ_SOURCE: -3.00, RSRQ_TARGET: -3.00, SINR_SOURCE: 8.32, SINR_TARGET: 15.80, TIME_TO_TRIGGER: 8.00, A3_OFFSET: 8.00, HOF: 1
TIMESTAMP: 104, UE_ID: 292, CELL_SOURCE_ID: 1, CELL_TARGET_ID: 2, RSRP_SOURCE: -106.08, RSRP_TARGET: -97.17, RSRQ_SOURCE: -3.00, RSRQ_TARGET: -3.00, SINR_SOURCE: 6.67, SINR_TARGET: 14.55, TIME_TO_TRIGGER: 8.00, A3_OFFSET: 8.00, HOF: 1
TIMESTAMP: 105, UE_ID: 247, CELL_SOURCE_ID: 5, CELL_TARGET_ID: 19, RSRP_SOURCE: -105.61, RSRP_TARGET: -94.69, RSRQ_SOURCE: -3.00, RSRQ_TARGET: -3.00, SINR_SOURCE: 1.33, SINR_TARGET: 15.19, TIME_TO_TRIGGER: 8.00, A3_OFFSET: 8.00, HOF: 1
TIMESTAMP: 106, UE_ID: 288, CELL_SOURCE_ID: 2, CELL_TARGET_ID: 11, RSRP_SOURCE: -106.32, RSRP_TARGET: -96.36, RSRQ_SOURCE: -3.00, RSRQ_TARGET: -3.00, SINR_SOURCE: 3.73, SINR_TARGET: 14.22, TIME_TO_TRIGGER: 8.00, A3_OFFSET: 8.00, HOF: 1
TIMESTAMP: 106, UE_ID: 295, CELL_SOURCE_ID: 6, CELL_TARGET_ID: 4, RSRP_SOURCE: -102.27, RSRP_TARGET: -90.46, RSRQ_SOURCE: -3.00, RSRQ_TARGET: -3.00, SINR_SOURCE: 6.35, SINR_TARGET: 20.12, TIME_TO_TRIGGER: 8.00, A3_OFFSET: 8.00, HOF: 1
TIMESTAMP: 110, UE_ID: 248, CELL_SOURCE_ID: 1, CELL_TARGET_ID: 2, RSRP_SOURCE: -106.53, RSRP_TARGET: -97.98, RSRQ_SOURCE: -3.00, RSRQ_TARGET: -3.00, SINR_SOURCE: 2.54, SINR_TARGET: 7.85, TIME_TO_TRIGGER: 8.00, A3_OFFSET: 8.00, HOF: 1
TIMESTAMP: 110, UE_ID: 288, CELL_SOURCE_ID: 11, CELL_TARGET_ID: 8, RSRP_SOURCE: -108.62, RSRP_TARGET: -99.86, RSRQ_SOURCE: -3.00, RSRQ_TARGET: -3.00, SINR_SOURCE: 2.73, SINR_TARGET: 14.08, TIME_TO_TRIGGER: 8.00, A3_OFFSET: 8.00, HOF: 1
TIMESTAMP: 113, UE_ID: 275, CELL_SOURCE_ID: 21, CELL_TARGET_ID: 2, RSRP_SOURCE: -103.73, RSRP_TARGET: -95.57, RSRQ_SOURCE: -3.00, RSRQ_TARGET: -3.00, SINR_SOURCE: 3.40, SINR_TARGET: 12.39, TIME_TO_TRIGGER: 8.00, A3_OFFSET: 8.00, HOF: 1
TIMESTAMP: 113, UE_ID: 294, CELL_SOURCE_ID: 21, CELL_TARGET_ID: 7, RSRP_SOURCE: -109.40, RSRP_TARGET: -98.86, RSRQ_SOURCE: -3.00, RSRQ_TARGET: -3.00, SINR_SOURCE: 0.54, SINR_TARGET: 12.75, TIME_TO_TRIGGER: 8.00, A3_OFFSET: 8.00, HOF: 1
TIMESTAMP: 116, UE_ID: 274, CELL_SOURCE_ID: 20, CELL_TARGET_ID: 1, RSRP_SOURCE: -104.80, RSRP_TARGET: -94.80, RSRQ_SOURCE: -3.00, RSRQ_TARGET: -3.00, SINR_SOURCE: 2.61, SINR_TARGET: 15.36, TIME_TO_TRIGGER: 8.00, A3_OFFSET: 8.00, HOF: 1
TIMESTAMP: 118, UE_ID: 244, CELL_SOURCE_ID: 2, CELL_TARGET_ID: 5, RSRP_SOURCE: -107.59, RSRP_TARGET: -98.24, RSRQ_SOURCE: -3.00, RSRQ_TARGET: -3.00, SINR_SOURCE: 4.93, SINR_TARGET: 11.32, TIME_TO_TRIGGER: 8.00, A3_OFFSET: 8.00, HOF: 1
TIMESTAMP: 118, UE_ID: 246, CELL_SOURCE_ID: 2, CELL_TARGET_ID: 5, RSRP_SOURCE: -104.54, RSRP_TARGET: -93.87, RSRQ_SOURCE: -3.00, RSRQ_TARGET: -3.00, SINR_SOURCE: 5.62, SINR_TARGET: 16.85, TIME_TO_TRIGGER: 8.00, A3_OFFSET: 8.00, HOF: 1
TIMESTAMP: 118, UE_ID: 279, CELL_SOURCE_ID: 6, CELL_TARGET_ID: 5, RSRP_SOURCE: -105.65, RSRP_TARGET: -95.17, RSRQ_SOURCE: -3.00, RSRQ_TARGET: -3.00, SINR_SOURCE: 1.38, SINR_TARGET: 18.39, TIME_TO_TRIGGER: 8.00, A3_OFFSET: 8.00, HOF: 1
TIMESTAMP: 118, UE_ID: 282, CELL_SOURCE_ID: 8, CELL_TARGET_ID: 9, RSRP_SOURCE: -107.83, RSRP_TARGET: -99.59, RSRQ_SOURCE: -3.00, RSRQ_TARGET: -3.00, SINR_SOURCE: 5.84, SINR_TARGET: 8.65, TIME_TO_TRIGGER: 8.00, A3_OFFSET: 8.00, HOF: 1
TIMESTAMP: 119, UE_ID: 274, CELL_SOURCE_ID: 1, CELL_TARGET_ID: 2, RSRP_SOURCE: -76.58, RSRP_TARGET: -63.52, RSRQ_SOURCE: -3.00, RSRQ_TARGET: -3.00, SINR_SOURCE: 32.81, SINR_TARGET: 44.71, TIME_TO_TRIGGER: 8.00, A3_OFFSET: 8.00, HOF: 1
TIMESTAMP: 121, UE_ID: 256, CELL_SOURCE_ID: 21, CELL_TARGET_ID: 1, RSRP_SOURCE: -101.42, RSRP_TARGET: -93.12, RSRQ_SOURCE: -3.00, RSRQ_TARGET: -3.00, SINR_SOURCE: 8.30, SINR_TARGET: 15.55, TIME_TO_TRIGGER: 8.00, A3_OFFSET: 8.00, HOF: 1
TIMESTAMP: 121, UE_ID: 271, CELL_SOURCE_ID: 15, CELL_TARGET_ID: 1, RSRP_SOURCE: -101.99, RSRP_TARGET: -92.60, RSRQ_SOURCE: -3.00, RSRQ_TARGET: -3.00, SINR_SOURCE: 5.91, SINR_TARGET: 17.55, TIME_TO_TRIGGER: 8.00, A3_OFFSET: 8.00, HOF: 1
TIMESTAMP: 121, UE_ID: 291, CELL_SOURCE_ID: 15, CELL_TARGET_ID: 1, RSRP_SOURCE: -107.03, RSRP_TARGET: -96.35, RSRQ_SOURCE: -3.00, RSRQ_TARGET: -3.00, SINR_SOURCE: 5.97, SINR_TARGET: 14.21, TIME_TO_TRIGGER: 8.00, A3_OFFSET: 8.00, HOF: 1
TIMESTAMP: 123, UE_ID: 270, CELL_SOURCE_ID: 1, CELL_TARGET_ID: 4, RSRP_SOURCE: -108.40, RSRP_TARGET: -99.35, RSRQ_SOURCE: -3.00, RSRQ_TARGET: -3.00, SINR_SOURCE: 3.68, SINR_TARGET: 10.69, TIME_TO_TRIGGER: 8.00, A3_OFFSET: 8.00, HOF: 1
TIMESTAMP: 123, UE_ID: 274, CELL_SOURCE_ID: 1, CELL_TARGET_ID: 4, RSRP_SOURCE: -108.08, RSRP_TARGET: -94.54, RSRQ_SOURCE: -3.00, RSRQ_TARGET: -3.00, SINR_SOURCE: 1.20, SINR_TARGET: 16.75, TIME_TO_TRIGGER: 8.00, A3_OFFSET: 8.00, HOF: 1
TIMESTAMP: 126, UE_ID: 244, CELL_SOURCE_ID: 5, CELL_TARGET_ID: 4, RSRP_SOURCE: -97.26, RSRP_TARGET: -89.10, RSRQ_SOURCE: -3.00, RSRQ_TARGET: -3.00, SINR_SOURCE: 8.86, SINR_TARGET: 19.13, TIME_TO_TRIGGER: 8.00, A3_OFFSET: 8.00, HOF: 1
TIMESTAMP: 126, UE_ID: 246, CELL_SOURCE_ID: 5, CELL_TARGET_ID: 4, RSRP_SOURCE: -103.22, RSRP_TARGET: -94.05, RSRQ_SOURCE: -3.00, RSRQ_TARGET: -3.00, SINR_SOURCE: 5.10, SINR_TARGET: 20.14, TIME_TO_TRIGGER: 8.00, A3_OFFSET: 8.00, HOF: 1
TIMESTAMP: 126, UE_ID: 262, CELL_SOURCE_ID: 5, CELL_TARGET_ID: 4, RSRP_SOURCE: -107.49, RSRP_TARGET: -97.01, RSRQ_SOURCE: -3.00, RSRQ_TARGET: -3.00, SINR_SOURCE: 3.94, SINR_TARGET: 14.58, TIME_TO_TRIGGER: 8.00, A3_OFFSET: 8.00, HOF: 1
TIMESTAMP: 127, UE_ID: 271, CELL_SOURCE_ID: 1, CELL_TARGET_ID: 13, RSRP_SOURCE: -107.74, RSRP_TARGET: -95.26, RSRQ_SOURCE: -3.00, RSRQ_TARGET: -3.00, SINR_SOURCE: 1.02, SINR_TARGET: 14.19, TIME_TO_TRIGGER: 8.00, A3_OFFSET: 8.00, HOF: 1
TIMESTAMP: 127, UE_ID: 296, CELL_SOURCE_ID: 21, CELL_TARGET_ID: 18, RSRP_SOURCE: -104.97, RSRP_TARGET: -95.50, RSRQ_SOURCE: -3.00, RSRQ_TARGET: -3.00, SINR_SOURCE: 3.64, SINR_TARGET: 13.44, TIME_TO_TRIGGER: 8.00, A3_OFFSET: 8.00, HOF: 1
TIMESTAMP: 128, UE_ID: 250, CELL_SOURCE_ID: 12, CELL_TARGET_ID: 8, RSRP_SOURCE: -108.50, RSRP_TARGET: -96.03, RSRQ_SOURCE: -3.00, RSRQ_TARGET: -3.00, SINR_SOURCE: 4.23, SINR_TARGET: 11.41, TIME_TO_TRIGGER: 8.00, A3_OFFSET: 8.00, HOF: 1
TIMESTAMP: 128, UE_ID: 269, CELL_SOURCE_ID: 6, CELL_TARGET_ID: 1, RSRP_SOURCE: -105.44, RSRP_TARGET: -97.33, RSRQ_SOURCE: -3.00, RSRQ_TARGET: -3.00, SINR_SOURCE: 2.20, SINR_TARGET: 15.87, TIME_TO_TRIGGER: 8.00, A3_OFFSET: 8.00, HOF: 1
TIMESTAMP: 129, UE_ID: 258, CELL_SOURCE_ID: 15, CELL_TARGET_ID: 10, RSRP_SOURCE: -109.23, RSRP_TARGET: -99.63, RSRQ_SOURCE: -3.00, RSRQ_TARGET: -3.00, SINR_SOURCE: 2.05, SINR_TARGET: 11.19, TIME_TO_TRIGGER: 8.00, A3_OFFSET: 8.00, HOF: 1
TIMESTAMP: 132, UE_ID: 243, CELL_SOURCE_ID: 17, CELL_TARGET_ID: 18, RSRP_SOURCE: -106.56, RSRP_TARGET: -95.82, RSRQ_SOURCE: -3.00, RSRQ_TARGET: -3.00, SINR_SOURCE: 3.72, SINR_TARGET: 12.79, TIME_TO_TRIGGER: 8.00, A3_OFFSET: 8.00, HOF: 0
TIMESTAMP: 132, UE_ID: 253, CELL_SOURCE_ID: 21, CELL_TARGET_ID: 5, RSRP_SOURCE: -109.12, RSRP_TARGET: -98.52, RSRQ_SOURCE: -3.00, RSRQ_TARGET: -3.00, SINR_SOURCE: -0.05, SINR_TARGET: 7.95, TIME_TO_TRIGGER: 8.00, A3_OFFSET: 8.00, HOF: 1
TIMESTAMP: 132, UE_ID: 255, CELL_SOURCE_ID: 8, CELL_TARGET_ID: 5, RSRP_SOURCE: -108.68, RSRP_TARGET: -99.65, RSRQ_SOURCE: -3.00, RSRQ_TARGET: -3.00, SINR_SOURCE: 4.57, SINR_TARGET: 10.62, TIME_TO_TRIGGER: 8.00, A3_OFFSET: 8.00, HOF: 1
TIMESTAMP: 134, UE_ID: 243, CELL_SOURCE_ID: 17, CELL_TARGET_ID: 1, RSRP_SOURCE: -100.55, RSRP_TARGET: -92.13, RSRQ_SOURCE: -3.00, RSRQ_TARGET: -3.00, SINR_SOURCE: 8.85, SINR_TARGET: 17.66, TIME_TO_TRIGGER: 8.00, A3_OFFSET: 8.00, HOF: 1
TIMESTAMP: 134, UE_ID: 296, CELL_SOURCE_ID: 18, CELL_TARGET_ID: 1, RSRP_SOURCE: -101.63, RSRP_TARGET: -93.35, RSRQ_SOURCE: -3.00, RSRQ_TARGET: -3.00, SINR_SOURCE: 4.46, SINR_TARGET: 16.42, TIME_TO_TRIGGER: 8.00, A3_OFFSET: 8.00, HOF: 1
TIMESTAMP: 135, UE_ID: 280, CELL_SOURCE_ID: 11, CELL_TARGET_ID: 7, RSRP_SOURCE: -105.80, RSRP_TARGET: -97.68, RSRQ_SOURCE: -3.00, RSRQ_TARGET: -3.00, SINR_SOURCE: 2.88, SINR_TARGET: 13.69, TIME_TO_TRIGGER: 8.00, A3_OFFSET: 8.00, HOF: 1
TIMESTAMP: 136, UE_ID: 263, CELL_SOURCE_ID: 1, CELL_TARGET_ID: 10, RSRP_SOURCE: -106.88, RSRP_TARGET: -96.93, RSRQ_SOURCE: -3.00, RSRQ_TARGET: -3.00, SINR_SOURCE: 5.76, SINR_TARGET: 13.47, TIME_TO_TRIGGER: 8.00, A3_OFFSET: 8.00, HOF: 1
TIMESTAMP: 137, UE_ID: 248, CELL_SOURCE_ID: 18, CELL_TARGET_ID: 13, RSRP_SOURCE: -107.91, RSRP_TARGET: -99.64, RSRQ_SOURCE: -3.00, RSRQ_TARGET: -3.00, SINR_SOURCE: 3.01, SINR_TARGET: 6.55, TIME_TO_TRIGGER: 8.00, A3_OFFSET: 8.00, HOF: 1
TIMESTAMP: 137, UE_ID: 267, CELL_SOURCE_ID: 6, CELL_TARGET_ID: 16, RSRP_SOURCE: -108.31, RSRP_TARGET: -99.77, RSRQ_SOURCE: -3.00, RSRQ_TARGET: -3.00, SINR_SOURCE: 2.22, SINR_TARGET: 11.35, TIME_TO_TRIGGER: 8.00, A3_OFFSET: 8.00, HOF: 1
TIMESTAMP: 138, UE_ID: 241, CELL_SOURCE_ID: 1, CELL_TARGET_ID: 9, RSRP_SOURCE: -106.40, RSRP_TARGET: -92.38, RSRQ_SOURCE: -3.00, RSRQ_TARGET: -3.00, SINR_SOURCE: 2.83, SINR_TARGET: 19.58, TIME_TO_TRIGGER: 8.00, A3_OFFSET: 8.00, HOF: 1
TIMESTAMP: 138, UE_ID: 270, CELL_SOURCE_ID: 4, CELL_TARGET_ID: 9, RSRP_SOURCE: -106.42, RSRP_TARGET: -96.44, RSRQ_SOURCE: -3.00, RSRQ_TARGET: -3.00, SINR_SOURCE: 4.34, SINR_TARGET: 15.18, TIME_TO_TRIGGER: 8.00, A3_OFFSET: 8.00, HOF: 1
TIMESTAMP: 138, UE_ID: 300, CELL_SOURCE_ID: 5, CELL_TARGET_ID: 21, RSRP_SOURCE: -108.39, RSRP_TARGET: -98.59, RSRQ_SOURCE: -3.00, RSRQ_TARGET: -3.00, SINR_SOURCE: 0.75, SINR_TARGET: 11.66, TIME_TO_TRIGGER: 8.00, A3_OFFSET: 8.00, HOF: 1
TIMESTAMP: 139, UE_ID: 260, CELL_SOURCE_ID: 14, CELL_TARGET_ID: 16, RSRP_SOURCE: -106.61, RSRP_TARGET: -96.75, RSRQ_SOURCE: -3.00, RSRQ_TARGET: -3.00, SINR_SOURCE: 5.64, SINR_TARGET: 13.52, TIME_TO_TRIGGER: 8.00, A3_OFFSET: 8.00, HOF: 1
TIMESTAMP: 139, UE_ID: 297, CELL_SOURCE_ID: 17, CELL_TARGET_ID: 21, RSRP_SOURCE: -109.85, RSRP_TARGET: -99.37, RSRQ_SOURCE: -3.00, RSRQ_TARGET: -3.00, SINR_SOURCE: 2.67, SINR_TARGET: 6.48, TIME_TO_TRIGGER: 8.00, A3_OFFSET: 8.00, HOF: 0
TIMESTAMP: 141, UE_ID: 290, CELL_SOURCE_ID: 15, CELL_TARGET_ID: 18, RSRP_SOURCE: -107.42, RSRP_TARGET: -97.54, RSRQ_SOURCE: -3.00, RSRQ_TARGET: -3.00, SINR_SOURCE: 2.65, SINR_TARGET: 14.22, TIME_TO_TRIGGER: 8.00, A3_OFFSET: 8.00, HOF: 1
TIMESTAMP: 144, UE_ID: 300, CELL_SOURCE_ID: 21, CELL_TARGET_ID: 6, RSRP_SOURCE: -108.64, RSRP_TARGET: -98.45, RSRQ_SOURCE: -3.00, RSRQ_TARGET: -3.00, SINR_SOURCE: 3.33, SINR_TARGET: 11.38, TIME_TO_TRIGGER: 8.00, A3_OFFSET: 8.00, HOF: 1
TIMESTAMP: 146, UE_ID: 264, CELL_SOURCE_ID: 12, CELL_TARGET_ID: 10, RSRP_SOURCE: -108.03, RSRP_TARGET: -97.02, RSRQ_SOURCE: -3.00, RSRQ_TARGET: -3.00, SINR_SOURCE: 1.42, SINR_TARGET: 13.66, TIME_TO_TRIGGER: 8.00, A3_OFFSET: 8.00, HOF: 1
TIMESTAMP: 147, UE_ID: 244, CELL_SOURCE_ID: 7, CELL_TARGET_ID: 6, RSRP_SOURCE: -107.98, RSRP_TARGET: -99.62, RSRQ_SOURCE: -3.00, RSRQ_TARGET: -3.00, SINR_SOURCE: 2.90, SINR_TARGET: 5.27, TIME_TO_TRIGGER: 8.00, A3_OFFSET: 8.00, HOF: 1
TIMESTAMP: 147, UE_ID: 272, CELL_SOURCE_ID: 7, CELL_TARGET_ID: 4, RSRP_SOURCE: -109.45, RSRP_TARGET: -99.19, RSRQ_SOURCE: -3.00, RSRQ_TARGET: -3.00, SINR_SOURCE: -0.49, SINR_TARGET: 12.52, TIME_TO_TRIGGER: 8.00, A3_OFFSET: 8.00, HOF: 1
TIMESTAMP: 147, UE_ID: 284, CELL_SOURCE_ID: 16, CELL_TARGET_ID: 1, RSRP_SOURCE: -107.22, RSRP_TARGET: -98.76, RSRQ_SOURCE: -3.00, RSRQ_TARGET: -3.00, SINR_SOURCE: 3.65, SINR_TARGET: 14.53, TIME_TO_TRIGGER: 8.00, A3_OFFSET: 8.00, HOF: 1
TIMESTAMP: 149, UE_ID: 247, CELL_SOURCE_ID: 5, CELL_TARGET_ID: 4, RSRP_SOURCE: -103.63, RSRP_TARGET: -94.88, RSRQ_SOURCE: -3.00, RSRQ_TARGET: -3.00, SINR_SOURCE: 5.99, SINR_TARGET: 19.13, TIME_TO_TRIGGER: 8.00, A3_OFFSET: 8.00, HOF: 1
TIMESTAMP: 150, UE_ID: 276, CELL_SOURCE_ID: 15, CELL_TARGET_ID: 1, RSRP_SOURCE: -109.14, RSRP_TARGET: -99.94, RSRQ_SOURCE: -3.00, RSRQ_TARGET: -3.00, SINR_SOURCE: -4.71, SINR_TARGET: 11.39, TIME_TO_TRIGGER: 8.00, A3_OFFSET: 8.00, HOF: 1
TIMESTAMP: 151, UE_ID: 262, CELL_SOURCE_ID: 21, CELL_TARGET_ID: 4, RSRP_SOURCE: -107.38, RSRP_TARGET: -98.65, RSRQ_SOURCE: -3.00, RSRQ_TARGET: -3.00, SINR_SOURCE: 4.10, SINR_TARGET: 10.54, TIME_TO_TRIGGER: 8.00, A3_OFFSET: 8.00, HOF: 1
TIMESTAMP: 154, UE_ID: 243, CELL_SOURCE_ID: 2, CELL_TARGET_ID: 3, RSRP_SOURCE: -103.91, RSRP_TARGET: -93.95, RSRQ_SOURCE: -3.00, RSRQ_TARGET: -3.00, SINR_SOURCE: 7.97, SINR_TARGET: 17.92, TIME_TO_TRIGGER: 8.00, A3_OFFSET: 8.00, HOF: 1
TIMESTAMP: 157, UE_ID: 291, CELL_SOURCE_ID: 5, CELL_TARGET_ID: 9, RSRP_SOURCE: -109.45, RSRP_TARGET: -98.60, RSRQ_SOURCE: -3.00, RSRQ_TARGET: -3.00, SINR_SOURCE: -0.02, SINR_TARGET: 12.35, TIME_TO_TRIGGER: 8.00, A3_OFFSET: 8.00, HOF: 0
TIMESTAMP: 158, UE_ID: 259, CELL_SOURCE_ID: 13, CELL_TARGET_ID: 16, RSRP_SOURCE: -107.26, RSRP_TARGET: -96.82, RSRQ_SOURCE: -3.00, RSRQ_TARGET: -3.00, SINR_SOURCE: 3.33, SINR_TARGET: 13.06, TIME_TO_TRIGGER: 8.00, A3_OFFSET: 8.00, HOF: 1
TIMESTAMP: 161, UE_ID: 258, CELL_SOURCE_ID: 11, CELL_TARGET_ID: 14, RSRP_SOURCE: -108.78, RSRP_TARGET: -98.97, RSRQ_SOURCE: -3.00, RSRQ_TARGET: -3.00, SINR_SOURCE: -3.04, SINR_TARGET: 12.18, TIME_TO_TRIGGER: 8.00, A3_OFFSET: 8.00, HOF: 1
TIMESTAMP: 161, UE_ID: 260, CELL_SOURCE_ID: 1, CELL_TARGET_ID: 3, RSRP_SOURCE: -109.42, RSRP_TARGET: -99.67, RSRQ_SOURCE: -3.00, RSRQ_TARGET: -3.00, SINR_SOURCE: -1.01, SINR_TARGET: 9.61, TIME_TO_TRIGGER: 8.00, A3_OFFSET: 8.00, HOF: 1
TIMESTAMP: 163, UE_ID: 243, CELL_SOURCE_ID: 3, CELL_TARGET_ID: 6, RSRP_SOURCE: -107.58, RSRP_TARGET: -98.22, RSRQ_SOURCE: -3.00, RSRQ_TARGET: -3.00, SINR_SOURCE: 0.97, SINR_TARGET: 8.67, TIME_TO_TRIGGER: 8.00, A3_OFFSET: 8.00, HOF: 1
TIMESTAMP: 169, UE_ID: 254, CELL_SOURCE_ID: 21, CELL_TARGET_ID: 3, RSRP_SOURCE: -105.81, RSRP_TARGET: -96.57, RSRQ_SOURCE: -3.00, RSRQ_TARGET: -3.00, SINR_SOURCE: 4.44, SINR_TARGET: 11.65, TIME_TO_TRIGGER: 8.00, A3_OFFSET: 8.00, HOF: 1
TIMESTAMP: 169, UE_ID: 265, CELL_SOURCE_ID: 13, CELL_TARGET_ID: 3, RSRP_SOURCE: -108.55, RSRP_TARGET: -98.75, RSRQ_SOURCE: -3.00, RSRQ_TARGET: -3.00, SINR_SOURCE: -2.88, SINR_TARGET: 9.68, TIME_TO_TRIGGER: 8.00, A3_OFFSET: 8.00, HOF: 1
TIMESTAMP: 170, UE_ID: 266, CELL_SOURCE_ID: 13, CELL_TARGET_ID: 14, RSRP_SOURCE: -107.47, RSRP_TARGET: -96.07, RSRQ_SOURCE: -3.00, RSRQ_TARGET: -3.00, SINR_SOURCE: 2.52, SINR_TARGET: 17.61, TIME_TO_TRIGGER: 8.00, A3_OFFSET: 8.00, HOF: 1
TIMESTAMP: 171, UE_ID: 243, CELL_SOURCE_ID: 21, CELL_TARGET_ID: 5, RSRP_SOURCE: -108.52, RSRP_TARGET: -99.92, RSRQ_SOURCE: -3.00, RSRQ_TARGET: -3.00, SINR_SOURCE: -0.07, SINR_TARGET: 12.41, TIME_TO_TRIGGER: 8.00, A3_OFFSET: 8.00, HOF: 1
TIMESTAMP: 172, UE_ID: 268, CELL_SOURCE_ID: 3, CELL_TARGET_ID: 14, RSRP_SOURCE: -109.92, RSRP_TARGET: -99.82, RSRQ_SOURCE: -3.00, RSRQ_TARGET: -3.00, SINR_SOURCE: 1.81, SINR_TARGET: 7.02, TIME_TO_TRIGGER: 8.00, A3_OFFSET: 8.00, HOF: 1
TIMESTAMP: 172, UE_ID: 278, CELL_SOURCE_ID: 21, CELL_TARGET_ID: 4, RSRP_SOURCE: -104.54, RSRP_TARGET: -95.63, RSRQ_SOURCE: -3.00, RSRQ_TARGET: -3.00, SINR_SOURCE: 8.88, SINR_TARGET: 11.21, TIME_TO_TRIGGER: 8.00, A3_OFFSET: 8.00, HOF: 1
TIMESTAMP: 173, UE_ID: 249, CELL_SOURCE_ID: 18, CELL_TARGET_ID: 16, RSRP_SOURCE: -109.02, RSRP_TARGET: -96.40, RSRQ_SOURCE: -3.00, RSRQ_TARGET: -3.00, SINR_SOURCE: 4.91, SINR_TARGET: 9.98, TIME_TO_TRIGGER: 8.00, A3_OFFSET: 8.00, HOF: 1
TIMESTAMP: 175, UE_ID: 269, CELL_SOURCE_ID: 5, CELL_TARGET_ID: 3, RSRP_SOURCE: -105.09, RSRP_TARGET: -97.02, RSRQ_SOURCE: -3.00, RSRQ_TARGET: -3.00, SINR_SOURCE: 7.70, SINR_TARGET: 12.65, TIME_TO_TRIGGER: 8.00, A3_OFFSET: 8.00, HOF: 0
TIMESTAMP: 176, UE_ID: 279, CELL_SOURCE_ID: 5, CELL_TARGET_ID: 9, RSRP_SOURCE: -106.52, RSRP_TARGET: -94.38, RSRQ_SOURCE: -3.00, RSRQ_TARGET: -3.00, SINR_SOURCE: 0.49, SINR_TARGET: 14.60, TIME_TO_TRIGGER: 8.00, A3_OFFSET: 8.00, HOF: 1
TIMESTAMP: 177, UE_ID: 291, CELL_SOURCE_ID: 5, CELL_TARGET_ID: 8, RSRP_SOURCE: -107.37, RSRP_TARGET: -98.14, RSRQ_SOURCE: -3.00, RSRQ_TARGET: -3.00, SINR_SOURCE: 0.79, SINR_TARGET: 12.76, TIME_TO_TRIGGER: 8.00, A3_OFFSET: 8.00, HOF: 1
TIMESTAMP: 178, UE_ID: 257, CELL_SOURCE_ID: 14, CELL_TARGET_ID: 17, RSRP_SOURCE: -108.62, RSRP_TARGET: -98.01, RSRQ_SOURCE: -3.00, RSRQ_TARGET: -3.00, SINR_SOURCE: 0.17, SINR_TARGET: 9.14, TIME_TO_TRIGGER: 8.00, A3_OFFSET: 8.00, HOF: 1
TIMESTAMP: 181, UE_ID: 256, CELL_SOURCE_ID: 21, CELL_TARGET_ID: 16, RSRP_SOURCE: -109.94, RSRP_TARGET: -99.73, RSRQ_SOURCE: -3.00, RSRQ_TARGET: -3.00, SINR_SOURCE: -1.48, SINR_TARGET: 8.24, TIME_TO_TRIGGER: 8.00, A3_OFFSET: 8.00, HOF: 1
TIMESTAMP: 181, UE_ID: 273, CELL_SOURCE_ID: 12, CELL_TARGET_ID: 6, RSRP_SOURCE: -109.78, RSRP_TARGET: -99.69, RSRQ_SOURCE: -3.00, RSRQ_TARGET: -3.00, SINR_SOURCE: -2.30, SINR_TARGET: 10.51, TIME_TO_TRIGGER: 8.00, A3_OFFSET: 8.00, HOF: 1
TIMESTAMP: 181, UE_ID: 274, CELL_SOURCE_ID: 21, CELL_TARGET_ID: 5, RSRP_SOURCE: -108.74, RSRP_TARGET: -97.95, RSRQ_SOURCE: -3.00, RSRQ_TARGET: -3.00, SINR_SOURCE: 3.24, SINR_TARGET: 12.25, TIME_TO_TRIGGER: 8.00, A3_OFFSET: 8.00, HOF: 1
TIMESTAMP: 186, UE_ID: 296, CELL_SOURCE_ID: 6, CELL_TARGET_ID: 16, RSRP_SOURCE: -108.20, RSRP_TARGET: -99.85, RSRQ_SOURCE: -3.00, RSRQ_TARGET: -3.00, SINR_SOURCE: 4.16, SINR_TARGET: 12.62, TIME_TO_TRIGGER: 8.00, A3_OFFSET: 8.00, HOF: 1
TIMESTAMP: 187, UE_ID: 253, CELL_SOURCE_ID: 20, CELL_TARGET_ID: 2, RSRP_SOURCE: -108.17, RSRP_TARGET: -97.11, RSRQ_SOURCE: -3.00, RSRQ_TARGET: -3.00, SINR_SOURCE: 2.21, SINR_TARGET: 12.60, TIME_TO_TRIGGER: 8.00, A3_OFFSET: 8.00, HOF: 1
TIMESTAMP: 193, UE_ID: 242, CELL_SOURCE_ID: 18, CELL_TARGET_ID: 1, RSRP_SOURCE: -107.40, RSRP_TARGET: -98.99, RSRQ_SOURCE: -3.00, RSRQ_TARGET: -3.00, SINR_SOURCE: 3.10, SINR_TARGET: 7.63, TIME_TO_TRIGGER: 8.00, A3_OFFSET: 8.00, HOF: 1
TIMESTAMP: 200, UE_ID: 282, CELL_SOURCE_ID: 13, CELL_TARGET_ID: 11, RSRP_SOURCE: -109.09, RSRP_TARGET: -99.13, RSRQ_SOURCE: -3.00, RSRQ_TARGET: -3.00, SINR_SOURCE: 1.60, SINR_TARGET: 9.37, TIME_TO_TRIGGER: 8.00, A3_OFFSET: 8.00, HOF: 1
TIMESTAMP: 205, UE_ID: 287, CELL_SOURCE_ID: 1, CELL_TARGET_ID: 2, RSRP_SOURCE: -102.97, RSRP_TARGET: -94.52, RSRQ_SOURCE: -3.00, RSRQ_TARGET: -3.00, SINR_SOURCE: 5.62, SINR_TARGET: 16.24, TIME_TO_TRIGGER: 8.00, A3_OFFSET: 8.00, HOF: 1
TIMESTAMP: 211, UE_ID: 251, CELL_SOURCE_ID: 20, CELL_TARGET_ID: 6, RSRP_SOURCE: -106.65, RSRP_TARGET: -98.29, RSRQ_SOURCE: -3.00, RSRQ_TARGET: -3.00, SINR_SOURCE: 1.80, SINR_TARGET: 13.45, TIME_TO_TRIGGER: 8.00, A3_OFFSET: 8.00, HOF: 1
TIMESTAMP: 213, UE_ID: 292, CELL_SOURCE_ID: 6, CELL_TARGET_ID: 10, RSRP_SOURCE: -108.28, RSRP_TARGET: -99.83, RSRQ_SOURCE: -3.00, RSRQ_TARGET: -3.00, SINR_SOURCE: 0.67, SINR_TARGET: 7.10, TIME_TO_TRIGGER: 8.00, A3_OFFSET: 8.00, HOF: 1
TIMESTAMP: 249, UE_ID: 272, CELL_SOURCE_ID: 6, CELL_TARGET_ID: 21, RSRP_SOURCE: -109.72, RSRP_TARGET: -99.51, RSRQ_SOURCE: -3.00, RSRQ_TARGET: -3.00, SINR_SOURCE: 2.14, SINR_TARGET: 12.07, TIME_TO_TRIGGER: 8.00, A3_OFFSET: 8.00, HOF: 1
TIMESTAMP: 252, UE_ID: 244, CELL_SOURCE_ID: 8, CELL_TARGET_ID: 2, RSRP_SOURCE: -107.52, RSRP_TARGET: -97.24, RSRQ_SOURCE: -3.00, RSRQ_TARGET: -3.00, SINR_SOURCE: 3.15, SINR_TARGET: 13.27, TIME_TO_TRIGGER: 8.00, A3_OFFSET: 8.00, HOF: 1
TIMESTAMP: 265, UE_ID: 260, CELL_SOURCE_ID: 16, CELL_TARGET_ID: 21, RSRP_SOURCE: -109.56, RSRP_TARGET: -99.27, RSRQ_SOURCE: -3.00, RSRQ_TARGET: -3.00, SINR_SOURCE: -3.36, SINR_TARGET: 12.45, TIME_TO_TRIGGER: 8.00, A3_OFFSET: 8.00, HOF: 1
