TIMESTAMP: 16, UE_ID: 69, CELL_SOURCE_ID: 23, CELL_TARGET_ID: 4, RSRP_SOURCE: -107.48, RSRP_TARGET: -86.78, RSRQ_SOURCE: -3.00, RSRQ_TARGET: -3.00, SINR_SOURCE: -8.03, SINR_TARGET: 22.89, TIME_TO_TRIGGER: 12.00, A3_OFFSET: 10.00, HOF: 1
TIMESTAMP: 17, UE_ID: 17, CELL_SOURCE_ID: 55, CELL_TARGET_ID: 3, RSRP_SOURCE: -107.73, RSRP_TARGET: -97.26, RSRQ_SOURCE: -3.00, RSRQ_TARGET: -3.00, SINR_SOURCE: -1.96, SINR_TARGET: 13.03, TIME_TO_TRIGGER: 12.00, A3_OFFSET: 10.00, HOF: 1
TIMESTAMP: 27, UE_ID: 19, CELL_SOURCE_ID: 42, CELL_TARGET_ID: 1, RSRP_SOURCE: -110.95, RSRP_TARGET: -98.78, RSRQ_SOURCE: -3.00, RSRQ_TARGET: -3.00, SINR_SOURCE: -12.71, SINR_TARGET: 7.99, TIME_TO_TRIGGER: 12.00, A3_OFFSET: 10.00, HOF: 1
TIMESTAMP: 28, UE_ID: 91, CELL_SOURCE_ID: 28, CELL_TARGET_ID: 5, RSRP_SOURCE: -114.92, RSRP_TARGET: -104.06, RSRQ_SOURCE: -3.00, RSRQ_TARGET: -3.00, SINR_SOURCE: -18.93, SINR_TARGET: 7.45, TIME_TO_TRIGGER: 12.00, A3_OFFSET: 10.00, HOF: 1
TIMESTAMP: 29, UE_ID: 76, CELL_SOURCE_ID: 3, CELL_TARGET_ID: 1, RSRP_SOURCE: -97.82, RSRP_TARGET: -80.76, RSRQ_SOURCE: -3.00, RSRQ_TARGET: -3.00, SINR_SOURCE: 7.40, SINR_TARGET: 28.59, TIME_TO_TRIGGER: 12.00, A3_OFFSET: 10.00, HOF: 1
TIMESTAMP: 31, UE_ID: 48, CELL_SOURCE_ID: 5, CELL_TARGET_ID: 1, RSRP_SOURCE: -82.92, RSRP_TARGET: -72.29, RSRQ_SOURCE: -3.00, RSRQ_TARGET: -3.00, SINR_SOURCE: 26.32, SINR_TARGET: 39.93, TIME_TO_TRIGGER: 12.00, A3_OFFSET: 10.00, HOF: 1
TIMESTAMP: 33, UE_ID: 2, CELL_SOURCE_ID: 54, CELL_TARGET_ID: 2, RSRP_SOURCE: -111.58, RSRP_TARGET: -100.90, RSRQ_SOURCE: -3.00, RSRQ_TARGET: -3.00, SINR_SOURCE: -15.37, SINR_TARGET: 7.69, TIME_TO_TRIGGER: 12.00, A3_OFFSET: 10.00, HOF: 1
TIMESTAMP: 36, UE_ID: 36, CELL_SOURCE_ID: 54, CELL_TARGET_ID: 1, RSRP_SOURCE: -95.00, RSRP_TARGET: -84.92, RSRQ_SOURCE: -3.00, RSRQ_TARGET: -3.00, SINR_SOURCE: 0.17, SINR_TARGET: 29.22, TIME_TO_TRIGGER: 12.00, A3_OFFSET: 10.00, HOF: 1
TIMESTAMP: 39, UE_ID: 92, CELL_SOURCE_ID: 18, CELL_TARGET_ID: 1, RSRP_SOURCE: -83.38, RSRP_TARGET: -60.20, RSRQ_SOURCE: -3.00, RSRQ_TARGET: -3.00, SINR_SOURCE: 26.72, SINR_TARGET: 48.30, TIME_TO_TRIGGER: 12.00, A3_OFFSET: 10.00, HOF: 1
TIMESTAMP: 41, UE_ID: 55, CELL_SOURCE_ID: 40, CELL_TARGET_ID: 2, RSRP_SOURCE: -110.92, RSRP_TARGET: -99.07, RSRQ_SOURCE: -3.00, RSRQ_TARGET: -3.00, SINR_SOURCE: -12.28, SINR_TARGET: 10.27, TIME_TO_TRIGGER: 12.00, A3_OFFSET: 10.00, HOF: 1
TIMESTAMP: 43, UE_ID: 38, CELL_SOURCE_ID: 20, CELL_TARGET_ID: 1, RSRP_SOURCE: -108.36, RSRP_TARGET: -95.63, RSRQ_SOURCE: -3.00, RSRQ_TARGET: -3.00, SINR_SOURCE: -13.02, SINR_TARGET: 12.38, TIME_TO_TRIGGER: 12.00, A3_OFFSET: 10.00, HOF: 1
TIMESTAMP: 43, UE_ID: 64, CELL_SOURCE_ID: 20, CELL_TARGET_ID: 1, RSRP_SOURCE: -109.79, RSRP_TARGET: -86.03, RSRQ_SOURCE: -3.00, RSRQ_TARGET: -3.00, SINR_SOURCE: -11.54, SINR_TARGET: 24.76, TIME_TO_TRIGGER: 12.00, A3_OFFSET: 10.00, HOF: 0
TIMESTAMP: 45, UE_ID: 36, CELL_SOURCE_ID: 57, CELL_TARGET_ID: 2, RSRP_SOURCE: -110.82, RSRP_TARGET: -96.50, RSRQ_SOURCE: -3.00, RSRQ_TARGET: -3.00, SINR_SOURCE: -13.28, SINR_TARGET: 14.79, TIME_TO_TRIGGER: 12.00, A3_OFFSET: 10.00, HOF: 1
TIMESTAMP: 46, UE_ID: 30, CELL_SOURCE_ID: 57, CELL_TARGET_ID: 1, RSRP_SOURCE: -104.49, RSRP_TARGET: -90.83, RSRQ_SOURCE: -3.00, RSRQ_TARGET: -3.00, SINR_SOURCE: -6.95, SINR_TARGET: 21.44, TIME_TO_TRIGGER: 12.00, A3_OFFSET: 10.00, HOF: 1
TIMESTAMP: 48, UE_ID: 30, CELL_SOURCE_ID: 1, CELL_TARGET_ID: 4, RSRP_SOURCE: -112.18, RSRP_TARGET: -97.81, RSRQ_SOURCE: -3.00, RSRQ_TARGET: -3.00, SINR_SOURCE: -3.72, SINR_TARGET: 16.46, TIME_TO_TRIGGER: 12.00, A3_OFFSET: 10.00, HOF: 1
TIMESTAMP: 49, UE_ID: 37, CELL_SOURCE_ID: 55, CELL_TARGET_ID: 3, RSRP_SOURCE: -114.81, RSRP_TARGET: -103.00, RSRQ_SOURCE: -3.00, RSRQ_TARGET: -3.00, SINR_SOURCE: -16.41, SINR_TARGET: 8.40, TIME_TO_TRIGGER: 12.00, A3_OFFSET: 10.00, HOF: 0
TIMESTAMP: 50, UE_ID: 13, CELL_SOURCE_ID: 55, CELL_TARGET_ID: 1, RSRP_SOURCE: -109.56, RSRP_TARGET: -90.15, RSRQ_SOURCE: -3.00, RSRQ_TARGET: -3.00, SINR_SOURCE: -11.11, SINR_TARGET: 18.69, TIME_TO_TRIGGER: 12.00, A3_OFFSET: 10.00, HOF: 1
TIMESTAMP: 50, UE_ID: 90, CELL_SOURCE_ID: 15, CELL_TARGET_ID: 1, RSRP_SOURCE: -81.71, RSRP_TARGET: -68.38, RSRQ_SOURCE: -3.00, RSRQ_TARGET: -3.00, SINR_SOURCE: 28.34, SINR_TARGET: 40.59, TIME_TO_TRIGGER: 12.00, A3_OFFSET: 10.00, HOF: 1
TIMESTAMP: 56, UE_ID: 87, CELL_SOURCE_ID: 18, CELL_TARGET_ID: 1, RSRP_SOURCE: -96.11, RSRP_TARGET: -80.57, RSRQ_SOURCE: -3.00, RSRQ_TARGET: -3.00, SINR_SOURCE: 10.84, SINR_TARGET: 29.54, TIME_TO_TRIGGER: 12.00, A3_OFFSET: 10.00, HOF: 1
TIMESTAMP: 60, UE_ID: 17, CELL_SOURCE_ID: 23, CELL_TARGET_ID: 2, RSRP_SOURCE: -106.13, RSRP_TARGET: -95.61, RSRQ_SOURCE: -3.00, RSRQ_TARGET: -3.00, SINR_SOURCE: -9.08, SINR_TARGET: 14.73, TIME_TO_TRIGGER: 12.00, A3_OFFSET: 10.00, HOF: 1
TIMESTAMP: 60, UE_ID: 47, CELL_SOURCE_ID: 23, CELL_TARGET_ID: 1, RSRP_SOURCE: -113.12, RSRP_TARGET: -93.57, RSRQ_SOURCE: -3.00, RSRQ_TARGET: -3.00, SINR_SOURCE: -13.83, SINR_TARGET: 16.59, TIME_TO_TRIGGER: 12.00, A3_OFFSET: 10.00, HOF: 1
TIMESTAMP: 63, UE_ID: 7, CELL_SOURCE_ID: 32, CELL_TARGET_ID: 3, RSRP_SOURCE: -106.17, RSRP_TARGET: -95.85, RSRQ_SOURCE: -3.00, RSRQ_TARGET: -3.00, SINR_SOURCE: -7.24, SINR_TARGET: 14.86, TIME_TO_TRIGGER: 12.00, A3_OFFSET: 10.00, HOF: 1
TIMESTAMP: 63, UE_ID: 47, CELL_SOURCE_ID: 1, CELL_TARGET_ID: 3, RSRP_SOURCE: -104.77, RSRP_TARGET: -83.58, RSRQ_SOURCE: -3.00, RSRQ_TARGET: -3.00, SINR_SOURCE: 2.78, SINR_TARGET: 29.27, TIME_TO_TRIGGER: 12.00, A3_OFFSET: 10.00, HOF: 1
TIMESTAMP: 63, UE_ID: 51, CELL_SOURCE_ID: 53, CELL_TARGET_ID: 3, RSRP_SOURCE: -107.73, RSRP_TARGET: -97.66, RSRQ_SOURCE: -3.00, RSRQ_TARGET: -3.00, SINR_SOURCE: -3.75, SINR_TARGET: 13.30, TIME_TO_TRIGGER: 12.00, A3_OFFSET: 10.00, HOF: 1
TIMESTAMP: 63, UE_ID: 87, CELL_SOURCE_ID: 1, CELL_TARGET_ID: 3, RSRP_SOURCE: -103.65, RSRP_TARGET: -91.56, RSRQ_SOURCE: -3.00, RSRQ_TARGET: -3.00, SINR_SOURCE: 6.51, SINR_TARGET: 19.44, TIME_TO_TRIGGER: 12.00, A3_OFFSET: 10.00, HOF: 1
TIMESTAMP: 66, UE_ID: 95, CELL_SOURCE_ID: 18, CELL_TARGET_ID: 1, RSRP_SOURCE: -106.92, RSRP_TARGET: -92.83, RSRQ_SOURCE: -3.00, RSRQ_TARGET: -3.00, SINR_SOURCE: -11.25, SINR_TARGET: 18.93, TIME_TO_TRIGGER: 12.00, A3_OFFSET: 10.00, HOF: 0
TIMESTAMP: 67, UE_ID: 51, CELL_SOURCE_ID: 3, CELL_TARGET_ID: 4, RSRP_SOURCE: -114.18, RSRP_TARGET: -95.68, RSRQ_SOURCE: -3.00, RSRQ_TARGET: -3.00, SINR_SOURCE: -7.77, SINR_TARGET: 17.45, TIME_TO_TRIGGER: 12.00, A3_OFFSET: 10.00, HOF: 1
TIMESTAMP: 70, UE_ID: 87, CELL_SOURCE_ID: 3, CELL_TARGET_ID: 4, RSRP_SOURCE: -85.54, RSRP_TARGET: -73.57, RSRQ_SOURCE: -3.00, RSRQ_TARGET: -3.00, SINR_SOURCE: 26.08, SINR_TARGET: 31.75, TIME_TO_TRIGGER: 12.00, A3_OFFSET: 10.00, HOF: 1
TIMESTAMP: 72, UE_ID: 21, CELL_SOURCE_ID: 53, CELL_TARGET_ID: 3, RSRP_SOURCE: -113.29, RSRP_TARGET: -100.12, RSRQ_SOURCE: -3.00, RSRQ_TARGET: -3.00, SINR_SOURCE: -17.51, SINR_TARGET: 10.50, TIME_TO_TRIGGER: 12.00, A3_OFFSET: 10.00, HOF: 1
TIMESTAMP: 73, UE_ID: 96, CELL_SOURCE_ID: 15, CELL_TARGET_ID: 2, RSRP_SOURCE: -98.18, RSRP_TARGET: -85.10, RSRQ_SOURCE: -3.00, RSRQ_TARGET: -3.00, SINR_SOURCE: -0.78, SINR_TARGET: 24.68, TIME_TO_TRIGGER: 12.00, A3_OFFSET: 10.00, HOF: 1
TIMESTAMP: 74, UE_ID: 45, CELL_SOURCE_ID: 39, CELL_TARGET_ID: 4, RSRP_SOURCE: -113.32, RSRP_TARGET: -102.64, RSRQ_SOURCE: -3.00, RSRQ_TARGET: -3.00, SINR_SOURCE: -14.44, SINR_TARGET: 13.77, TIME_TO_TRIGGER: 12.00, A3_OFFSET: 10.00, HOF: 0
TIMESTAMP: 75, UE_ID: 47, CELL_SOURCE_ID: 3, CELL_TARGET_ID: 1, RSRP_SOURCE: -99.89, RSRP_TARGET: -84.00, RSRQ_SOURCE: -3.00, RSRQ_TARGET: -3.00, SINR_SOURCE: -1.82, SINR_TARGET: 25.98, TIME_TO_TRIGGER: 12.00, A3_OFFSET: 10.00, HOF: 1
TIMESTAMP: 75, UE_ID: 74, CELL_SOURCE_ID: 56, CELL_TARGET_ID: 2, RSRP_SOURCE: -110.46, RSRP_TARGET: -97.88, RSRQ_SOURCE: -3.00, RSRQ_TARGET: -3.00, SINR_SOURCE: -12.40, SINR_TARGET: 10.85, TIME_TO_TRIGGER: 12.00, A3_OFFSET: 10.00, HOF: 1
TIMESTAMP: 77, UE_ID: 37, CELL_SOURCE_ID: 55, CELL_TARGET_ID: 5, RSRP_SOURCE: -111.90, RSRP_TARGET: -100.45, RSRQ_SOURCE: -3.00, RSRQ_TARGET: -3.00, SINR_SOURCE: -8.23, SINR_TARGET: 10.20, TIME_TO_TRIGGER: 12.00, A3_OFFSET: 10.00, HOF: 0
TIMESTAMP: 79, UE_ID: 76, CELL_SOURCE_ID: 1, CELL_TARGET_ID: 2, RSRP_SOURCE: -100.58, RSRP_TARGET: -79.25, RSRQ_SOURCE: -3.00, RSRQ_TARGET: -3.00, SINR_SOURCE: -3.19, SINR_TARGET: 31.63, TIME_TO_TRIGGER: 12.00, A3_OFFSET: 10.00, HOF: 1
TIMESTAMP: 88, UE_ID: 80, CELL_SOURCE_ID: 35, CELL_TARGET_ID: 37, RSRP_SOURCE: -114.05, RSRP_TARGET: -99.92, RSRQ_SOURCE: -3.00, RSRQ_TARGET: -3.00, SINR_SOURCE: -6.38, SINR_TARGET: 7.41, TIME_TO_TRIGGER: 12.00, A3_OFFSET: 10.00, HOF: 1
TIMESTAMP: 93, UE_ID: 4, CELL_SOURCE_ID: 18, CELL_TARGET_ID: 1, RSRP_SOURCE: -99.38, RSRP_TARGET: -88.39, RSRQ_SOURCE: -3.00, RSRQ_TARGET: -3.00, SINR_SOURCE: 2.78, SINR_TARGET: 18.65, TIME_TO_TRIGGER: 12.00, A3_OFFSET: 10.00, HOF: 0
TIMESTAMP: 94, UE_ID: 47, CELL_SOURCE_ID: 5, CELL_TARGET_ID: 1, RSRP_SOURCE: -85.94, RSRP_TARGET: -74.35, RSRQ_SOURCE: -3.00, RSRQ_TARGET: -3.00, SINR_SOURCE: 24.29, SINR_TARGET: 36.10, TIME_TO_TRIGGER: 12.00, A3_OFFSET: 10.00, HOF: 1
TIMESTAMP: 104, UE_ID: 38, CELL_SOURCE_ID: 52, CELL_TARGET_ID: 1, RSRP_SOURCE: -107.44, RSRP_TARGET: -96.45, RSRQ_SOURCE: -3.00, RSRQ_TARGET: -3.00, SINR_SOURCE: -12.03, SINR_TARGET: 12.81, TIME_TO_TRIGGER: 12.00, A3_OFFSET: 10.00, HOF: 1
TIMESTAMP: 105, UE_ID: 87, CELL_SOURCE_ID: 53, CELL_TARGET_ID: 1, RSRP_SOURCE: -114.11, RSRP_TARGET: -102.89, RSRQ_SOURCE: -3.00, RSRQ_TARGET: -3.00, SINR_SOURCE: -16.73, SINR_TARGET: 7.86, TIME_TO_TRIGGER: 12.00, A3_OFFSET: 10.00, HOF: 0
TIMESTAMP: 107, UE_ID: 82, CELL_SOURCE_ID: 32, CELL_TARGET_ID: 3, RSRP_SOURCE: -111.02, RSRP_TARGET: -100.44, RSRQ_SOURCE: -3.00, RSRQ_TARGET: -3.00, SINR_SOURCE: -12.73, SINR_TARGET: 9.35, TIME_TO_TRIGGER: 12.00, A3_OFFSET: 10.00, HOF: 1
TIMESTAMP: 108, UE_ID: 17, CELL_SOURCE_ID: 22, CELL_TARGET_ID: 2, RSRP_SOURCE: -111.33, RSRP_TARGET: -99.38, RSRQ_SOURCE: -3.00, RSRQ_TARGET: -3.00, SINR_SOURCE: -12.13, SINR_TARGET: 12.33, TIME_TO_TRIGGER: 12.00, A3_OFFSET: 10.00, HOF: 0
TIMESTAMP: 115, UE_ID: 4, CELL_SOURCE_ID: 21, CELL_TARGET_ID: 1, RSRP_SOURCE: -100.93, RSRP_TARGET: -85.83, RSRQ_SOURCE: -3.00, RSRQ_TARGET: -3.00, SINR_SOURCE: -1.74, SINR_TARGET: 24.57, TIME_TO_TRIGGER: 12.00, A3_OFFSET: 10.00, HOF: 1
TIMESTAMP: 115, UE_ID: 54, CELL_SOURCE_ID: 21, CELL_TARGET_ID: 1, RSRP_SOURCE: -105.78, RSRP_TARGET: -84.03, RSRQ_SOURCE: -3.00, RSRQ_TARGET: -3.00, SINR_SOURCE: -8.06, SINR_TARGET: 22.71, TIME_TO_TRIGGER: 12.00, A3_OFFSET: 10.00, HOF: 1
TIMESTAMP: 126, UE_ID: 12, CELL_SOURCE_ID: 16, CELL_TARGET_ID: 1, RSRP_SOURCE: -109.37, RSRP_TARGET: -97.07, RSRQ_SOURCE: -3.00, RSRQ_TARGET: -3.00, SINR_SOURCE: -8.94, SINR_TARGET: 2.55, TIME_TO_TRIGGER: 12.00, A3_OFFSET: 10.00, HOF: 1
TIMESTAMP: 126, UE_ID: 42, CELL_SOURCE_ID: 42, CELL_TARGET_ID: 41, RSRP_SOURCE: -113.26, RSRP_TARGET: -102.56, RSRQ_SOURCE: -3.00, RSRQ_TARGET: -3.00, SINR_SOURCE: -4.68, SINR_TARGET: 5.72, TIME_TO_TRIGGER: 12.00, A3_OFFSET: 10.00, HOF: 1
TIMESTAMP: 127, UE_ID: 4, CELL_SOURCE_ID: 20, CELL_TARGET_ID: 1, RSRP_SOURCE: -104.83, RSRP_TARGET: -92.81, RSRQ_SOURCE: -3.00, RSRQ_TARGET: -3.00, SINR_SOURCE: -9.24, SINR_TARGET: 15.75, TIME_TO_TRIGGER: 12.00, A3_OFFSET: 10.00, HOF: 1
TIMESTAMP: 129, UE_ID: 34, CELL_SOURCE_ID: 14, CELL_TARGET_ID: 1, RSRP_SOURCE: -114.37, RSRP_TARGET: -95.70, RSRQ_SOURCE: -3.00, RSRQ_TARGET: -3.00, SINR_SOURCE: -14.13, SINR_TARGET: 14.37, TIME_TO_TRIGGER: 12.00, A3_OFFSET: 10.00, HOF: 1
TIMESTAMP: 130, UE_ID: 62, CELL_SOURCE_ID: 23, CELL_TARGET_ID: 1, RSRP_SOURCE: -110.50, RSRP_TARGET: -91.97, RSRQ_SOURCE: -3.00, RSRQ_TARGET: -3.00, SINR_SOURCE: -9.59, SINR_TARGET: 19.16, TIME_TO_TRIGGER: 12.00, A3_OFFSET: 10.00, HOF: 0
TIMESTAMP: 131, UE_ID: 32, CELL_SOURCE_ID: 45, CELL_TARGET_ID: 2, RSRP_SOURCE: -111.42, RSRP_TARGET: -94.62, RSRQ_SOURCE: -3.00, RSRQ_TARGET: -3.00, SINR_SOURCE: -11.84, SINR_TARGET: 14.31, TIME_TO_TRIGGER: 12.00, A3_OFFSET: 10.00, HOF: 1
TIMESTAMP: 132, UE_ID: 19, CELL_SOURCE_ID: 37, CELL_TARGET_ID: 3, RSRP_SOURCE: -114.48, RSRP_TARGET: -103.18, RSRQ_SOURCE: -3.00, RSRQ_TARGET: -3.00, SINR_SOURCE: -15.50, SINR_TARGET: 7.25, TIME_TO_TRIGGER: 12.00, A3_OFFSET: 10.00, HOF: 0
TIMESTAMP: 133, UE_ID: 95, CELL_SOURCE_ID: 54, CELL_TARGET_ID: 1, RSRP_SOURCE: -107.00, RSRP_TARGET: -96.59, RSRQ_SOURCE: -3.00, RSRQ_TARGET: -3.00, SINR_SOURCE: -12.98, SINR_TARGET: 12.61, TIME_TO_TRIGGER: 12.00, A3_OFFSET: 10.00, HOF: 1
TIMESTAMP: 135, UE_ID: 95, CELL_SOURCE_ID: 1, CELL_TARGET_ID: 5, RSRP_SOURCE: -109.76, RSRP_TARGET: -98.28, RSRQ_SOURCE: -3.00, RSRQ_TARGET: -3.00, SINR_SOURCE: -2.75, SINR_TARGET: 13.09, TIME_TO_TRIGGER: 12.00, A3_OFFSET: 10.00, HOF: 1
TIMESTAMP: 143, UE_ID: 95, CELL_SOURCE_ID: 5, CELL_TARGET_ID: 1, RSRP_SOURCE: -111.46, RSRP_TARGET: -91.83, RSRQ_SOURCE: -3.00, RSRQ_TARGET: -3.00, SINR_SOURCE: -13.66, SINR_TARGET: 14.74, TIME_TO_TRIGGER: 12.00, A3_OFFSET: 10.00, HOF: 1
TIMESTAMP: 147, UE_ID: 95, CELL_SOURCE_ID: 1, CELL_TARGET_ID: 4, RSRP_SOURCE: -113.42, RSRP_TARGET: -99.14, RSRQ_SOURCE: -3.00, RSRQ_TARGET: -3.00, SINR_SOURCE: -2.18, SINR_TARGET: 12.09, TIME_TO_TRIGGER: 12.00, A3_OFFSET: 10.00, HOF: 1
TIMESTAMP: 148, UE_ID: 4, CELL_SOURCE_ID: 54, CELL_TARGET_ID: 1, RSRP_SOURCE: -105.44, RSRP_TARGET: -91.64, RSRQ_SOURCE: -3.00, RSRQ_TARGET: -3.00, SINR_SOURCE: -8.77, SINR_TARGET: 17.89, TIME_TO_TRIGGER: 12.00, A3_OFFSET: 10.00, HOF: 1
TIMESTAMP: 157, UE_ID: 10, CELL_SOURCE_ID: 20, CELL_TARGET_ID: 1, RSRP_SOURCE: -109.34, RSRP_TARGET: -93.98, RSRQ_SOURCE: -3.00, RSRQ_TARGET: -3.00, SINR_SOURCE: -12.59, SINR_TARGET: 17.44, TIME_TO_TRIGGER: 12.00, A3_OFFSET: 10.00, HOF: 1
TIMESTAMP: 163, UE_ID: 17, CELL_SOURCE_ID: 23, CELL_TARGET_ID: 2, RSRP_SOURCE: -108.04, RSRP_TARGET: -90.68, RSRQ_SOURCE: -3.00, RSRQ_TARGET: -3.00, SINR_SOURCE: -11.15, SINR_TARGET: 20.08, TIME_TO_TRIGGER: 12.00, A3_OFFSET: 10.00, HOF: 1
TIMESTAMP: 165, UE_ID: 4, CELL_SOURCE_ID: 57, CELL_TARGET_ID: 4, RSRP_SOURCE: -108.48, RSRP_TARGET: -97.01, RSRQ_SOURCE: -3.00, RSRQ_TARGET: -3.00, SINR_SOURCE: -12.50, SINR_TARGET: 14.12, TIME_TO_TRIGGER: 12.00, A3_OFFSET: 10.00, HOF: 1
TIMESTAMP: 166, UE_ID: 21, CELL_SOURCE_ID: 53, CELL_TARGET_ID: 1, RSRP_SOURCE: -111.54, RSRP_TARGET: -99.90, RSRQ_SOURCE: -3.00, RSRQ_TARGET: -3.00, SINR_SOURCE: -17.15, SINR_TARGET: 13.06, TIME_TO_TRIGGER: 12.00, A3_OFFSET: 10.00, HOF: 1
TIMESTAMP: 174, UE_ID: 10, CELL_SOURCE_ID: 53, CELL_TARGET_ID: 5, RSRP_SOURCE: -114.12, RSRP_TARGET: -98.05, RSRQ_SOURCE: -3.00, RSRQ_TARGET: -3.00, SINR_SOURCE: -19.26, SINR_TARGET: 13.23, TIME_TO_TRIGGER: 12.00, A3_OFFSET: 10.00, HOF: 0
TIMESTAMP: 175, UE_ID: 1, CELL_SOURCE_ID: 6, CELL_TARGET_ID: 1, RSRP_SOURCE: -108.40, RSRP_TARGET: -89.85, RSRQ_SOURCE: -3.00, RSRQ_TARGET: -3.00, SINR_SOURCE: -9.34, SINR_TARGET: 17.27, TIME_TO_TRIGGER: 12.00, A3_OFFSET: 10.00, HOF: 1
TIMESTAMP: 205, UE_ID: 76, CELL_SOURCE_ID: 2, CELL_TARGET_ID: 1, RSRP_SOURCE: -111.68, RSRP_TARGET: -77.19, RSRQ_SOURCE: -3.00, RSRQ_TARGET: -3.00, SINR_SOURCE: -10.31, SINR_TARGET: 29.77, TIME_TO_TRIGGER: 12.00, A3_OFFSET: 10.00, HOF: 1
TIMESTAMP: 206, UE_ID: 17, CELL_SOURCE_ID: 22, CELL_TARGET_ID: 1, RSRP_SOURCE: -111.94, RSRP_TARGET: -95.37, RSRQ_SOURCE: -3.00, RSRQ_TARGET: -3.00, SINR_SOURCE: -12.75, SINR_TARGET: 15.08, TIME_TO_TRIGGER: 12.00, A3_OFFSET: 10.00, HOF: 1
TIMESTAMP: 206, UE_ID: 69, CELL_SOURCE_ID: 22, CELL_TARGET_ID: 1, RSRP_SOURCE: -106.69, RSRP_TARGET: -94.91, RSRQ_SOURCE: -3.00, RSRQ_TARGET: -3.00, SINR_SOURCE: -8.09, SINR_TARGET: 17.07, TIME_TO_TRIGGER: 12.00, A3_OFFSET: 10.00, HOF: 1
TIMESTAMP: 225, UE_ID: 23, CELL_SOURCE_ID: 13, CELL_TARGET_ID: 1, RSRP_SOURCE: -98.71, RSRP_TARGET: -84.48, RSRQ_SOURCE: -3.00, RSRQ_TARGET: -3.00, SINR_SOURCE: 4.36, SINR_TARGET: 21.65, TIME_TO_TRIGGER: 12.00, A3_OFFSET: 10.00, HOF: 1
TIMESTAMP: 226, UE_ID: 51, CELL_SOURCE_ID: 27, CELL_TARGET_ID: 2, RSRP_SOURCE: -112.22, RSRP_TARGET: -101.60, RSRQ_SOURCE: -3.00, RSRQ_TARGET: -3.00, SINR_SOURCE: -14.37, SINR_TARGET: 11.84, TIME_TO_TRIGGER: 12.00, A3_OFFSET: 10.00, HOF: 1
TIMESTAMP: 232, UE_ID: 32, CELL_SOURCE_ID: 48, CELL_TARGET_ID: 3, RSRP_SOURCE: -106.09, RSRP_TARGET: -95.22, RSRQ_SOURCE: -3.00, RSRQ_TARGET: -3.00, SINR_SOURCE: -8.38, SINR_TARGET: 14.25, TIME_TO_TRIGGER: 12.00, A3_OFFSET: 10.00, HOF: 0
TIMESTAMP: 239, UE_ID: 54, CELL_SOURCE_ID: 18, CELL_TARGET_ID: 1, RSRP_SOURCE: -111.03, RSRP_TARGET: -90.18, RSRQ_SOURCE: -3.00, RSRQ_TARGET: -3.00, SINR_SOURCE: -10.77, SINR_TARGET: 18.34, TIME_TO_TRIGGER: 12.00, A3_OFFSET: 10.00, HOF: 1
TIMESTAMP: 247, UE_ID: 87, CELL_SOURCE_ID: 22, CELL_TARGET_ID: 26, RSRP_SOURCE: -114.77, RSRP_TARGET: -104.05, RSRQ_SOURCE: -3.00, RSRQ_TARGET: -3.00, SINR_SOURCE: -6.10, SINR_TARGET: 4.82, TIME_TO_TRIGGER: 12.00, A3_OFFSET: 10.00, HOF: 1
TIMESTAMP: 256, UE_ID: 10, CELL_SOURCE_ID: 54, CELL_TARGET_ID: 1, RSRP_SOURCE: -109.53, RSRP_TARGET: -97.47, RSRQ_SOURCE: -3.00, RSRQ_TARGET: -3.00, SINR_SOURCE: -5.45, SINR_TARGET: 13.03, TIME_TO_TRIGGER: 12.00, A3_OFFSET: 10.00, HOF: 1
TIMESTAMP: 258, UE_ID: 10, CELL_SOURCE_ID: 1, CELL_TARGET_ID: 19, RSRP_SOURCE: -111.38, RSRP_TARGET: -99.65, RSRQ_SOURCE: -3.00, RSRQ_TARGET: -3.00, SINR_SOURCE: 1.30, SINR_TARGET: 11.14, TIME_TO_TRIGGER: 12.00, A3_OFFSET: 10.00, HOF: 1
TIMESTAMP: 261, UE_ID: 62, CELL_SOURCE_ID: 57, CELL_TARGET_ID: 2, RSRP_SOURCE: -114.66, RSRP_TARGET: -101.20, RSRQ_SOURCE: -3.00, RSRQ_TARGET: -3.00, SINR_SOURCE: -12.56, SINR_TARGET: 9.28, TIME_TO_TRIGGER: 12.00, A3_OFFSET: 10.00, HOF: 1
TIMESTAMP: 262, UE_ID: 1, CELL_SOURCE_ID: 23, CELL_TARGET_ID: 4, RSRP_SOURCE: -114.25, RSRP_TARGET: -96.87, RSRQ_SOURCE: -3.00, RSRQ_TARGET: -3.00, SINR_SOURCE: -17.79, SINR_TARGET: 11.45, TIME_TO_TRIGGER: 12.00, A3_OFFSET: 10.00, HOF: 1
TIMESTAMP: 282, UE_ID: 36, CELL_SOURCE_ID: 52, CELL_TARGET_ID: 1, RSRP_SOURCE: -106.53, RSRP_TARGET: -96.25, RSRQ_SOURCE: -3.00, RSRQ_TARGET: -3.00, SINR_SOURCE: -9.88, SINR_TARGET: 16.62, TIME_TO_TRIGGER: 12.00, A3_OFFSET: 10.00, HOF: 1
TIMESTAMP: 284, UE_ID: 34, CELL_SOURCE_ID: 41, CELL_TARGET_ID: 1, RSRP_SOURCE: -108.30, RSRP_TARGET: -93.95, RSRQ_SOURCE: -3.00, RSRQ_TARGET: -3.00, SINR_SOURCE: -12.43, SINR_TARGET: 13.27, TIME_TO_TRIGGER: 12.00, A3_OFFSET: 10.00, HOF: 1
TIMESTAMP: 288, UE_ID: 36, CELL_SOURCE_ID: 1, CELL_TARGET_ID: 5, RSRP_SOURCE: -104.45, RSRP_TARGET: -94.02, RSRQ_SOURCE: -3.00, RSRQ_TARGET: -3.00, SINR_SOURCE: 5.21, SINR_TARGET: 14.39, TIME_TO_TRIGGER: 12.00, A3_OFFSET: 10.00, HOF: 1
