TIMESTAMP: 56, UE_ID: 9, CELL_SOURCE_ID: 53, CELL_TARGET_ID: 55, RSRP_SOURCE: -106.46, RSRP_TARGET: -65.56, RSRQ_SOURCE: -3.00, RSRQ_TARGET: -3.00, SINR_SOURCE: 1.81, SINR_TARGET: 44.03, TIME_TO_TRIGGER: 12.00, A3_OFFSET: 10.00, HOF: 1
TIMESTAMP: 59, UE_ID: 45, CELL_SOURCE_ID: 36, CELL_TARGET_ID: 37, RSRP_SOURCE: -104.65, RSRP_TARGET: -91.20, RSRQ_SOURCE: -3.00, RSRQ_TARGET: -3.00, SINR_SOURCE: 5.09, SINR_TARGET: 14.43, TIME_TO_TRIGGER: 12.00, A3_OFFSET: 10.00, HOF: 1
TIMESTAMP: 62, UE_ID: 74, CELL_SOURCE_ID: 53, CELL_TARGET_ID: 55, RSRP_SOURCE: -111.65, RSRP_TARGET: -90.89, RSRQ_SOURCE: -3.00, RSRQ_TARGET: -3.00, SINR_SOURCE: 0.64, SINR_TARGET: 22.42, TIME_TO_TRIGGER: 12.00, A3_OFFSET: 10.00, HOF: 1
TIMESTAMP: 76, UE_ID: 2, CELL_SOURCE_ID: 53, CELL_TARGET_ID: 55, RSRP_SOURCE: -103.66, RSRP_TARGET: -88.79, RSRQ_SOURCE: -3.00, RSRQ_TARGET: -3.00, SINR_SOURCE: 7.22, SINR_TARGET: 21.73, TIME_TO_TRIGGER: 12.00, A3_OFFSET: 10.00, HOF: 1
TIMESTAMP: 79, UE_ID: 35, CELL_SOURCE_ID: 53, CELL_TARGET_ID: 55, RSRP_SOURCE: -110.15, RSRP_TARGET: -94.62, RSRQ_SOURCE: -3.00, RSRQ_TARGET: -3.00, SINR_SOURCE: 0.46, SINR_TARGET: 16.62, TIME_TO_TRIGGER: 12.00, A3_OFFSET: 10.00, HOF: 1
TIMESTAMP: 82, UE_ID: 63, CELL_SOURCE_ID: 43, CELL_TARGET_ID: 10, RSRP_SOURCE: -111.20, RSRP_TARGET: -100.65, RSRQ_SOURCE: -3.00, RSRQ_TARGET: -3.00, SINR_SOURCE: -1.21, SINR_TARGET: 8.73, TIME_TO_TRIGGER: 12.00, A3_OFFSET: 10.00, HOF: 1
TIMESTAMP: 84, UE_ID: 92, CELL_SOURCE_ID: 16, CELL_TARGET_ID: 1, RSRP_SOURCE: -105.35, RSRP_TARGET: -95.23, RSRQ_SOURCE: -3.00, RSRQ_TARGET: -3.00, SINR_SOURCE: 7.71, SINR_TARGET: 13.37, TIME_TO_TRIGGER: 12.00, A3_OFFSET: 10.00, HOF: 1
TIMESTAMP: 87, UE_ID: 29, CELL_SOURCE_ID: 6, CELL_TARGET_ID: 21, RSRP_SOURCE: -113.20, RSRP_TARGET: -102.41, RSRQ_SOURCE: -3.00, RSRQ_TARGET: -3.00, SINR_SOURCE: -0.42, SINR_TARGET: 6.99, TIME_TO_TRIGGER: 12.00, A3_OFFSET: 10.00, HOF: 0
TIMESTAMP: 92, UE_ID: 29, CELL_SOURCE_ID: 6, CELL_TARGET_ID: 52, RSRP_SOURCE: -110.29, RSRP_TARGET: -89.95, RSRQ_SOURCE: -3.00, RSRQ_TARGET: -3.00, SINR_SOURCE: 2.08, SINR_TARGET: 17.84, TIME_TO_TRIGGER: 12.00, A3_OFFSET: 10.00, HOF: 1
TIMESTAMP: 92, UE_ID: 61, CELL_SOURCE_ID: 38, CELL_TARGET_ID: 2, RSRP_SOURCE: -110.05, RSRP_TARGET: -100.02, RSRQ_SOURCE: -3.00, RSRQ_TARGET: -3.00, SINR_SOURCE: -1.70, SINR_TARGET: 9.66, TIME_TO_TRIGGER: 12.00, A3_OFFSET: 10.00, HOF: 1
TIMESTAMP: 97, UE_ID: 38, CELL_SOURCE_ID: 20, CELL_TARGET_ID: 52, RSRP_SOURCE: -111.18, RSRP_TARGET: -99.37, RSRQ_SOURCE: -3.00, RSRQ_TARGET: -3.00, SINR_SOURCE: -5.05, SINR_TARGET: 13.23, TIME_TO_TRIGGER: 12.00, A3_OFFSET: 10.00, HOF: 1
TIMESTAMP: 99, UE_ID: 19, CELL_SOURCE_ID: 41, CELL_TARGET_ID: 34, RSRP_SOURCE: -114.09, RSRP_TARGET: -101.95, RSRQ_SOURCE: -3.00, RSRQ_TARGET: -3.00, SINR_SOURCE: -3.28, SINR_TARGET: 4.78, TIME_TO_TRIGGER: 12.00, A3_OFFSET: 10.00, HOF: 0
TIMESTAMP: 100, UE_ID: 59, CELL_SOURCE_ID: 27, CELL_TARGET_ID: 1, RSRP_SOURCE: -107.05, RSRP_TARGET: -96.59, RSRQ_SOURCE: -3.00, RSRQ_TARGET: -3.00, SINR_SOURCE: 2.69, SINR_TARGET: 11.93, TIME_TO_TRIGGER: 12.00, A3_OFFSET: 10.00, HOF: 1
TIMESTAMP: 101, UE_ID: 44, CELL_SOURCE_ID: 1, CELL_TARGET_ID: 13, RSRP_SOURCE: -110.67, RSRP_TARGET: -100.19, RSRQ_SOURCE: -3.00, RSRQ_TARGET: -3.00, SINR_SOURCE: -0.91, SINR_TARGET: 11.04, TIME_TO_TRIGGER: 12.00, A3_OFFSET: 10.00, HOF: 0
TIMESTAMP: 102, UE_ID: 19, CELL_SOURCE_ID: 41, CELL_TARGET_ID: 37, RSRP_SOURCE: -111.06, RSRP_TARGET: -85.49, RSRQ_SOURCE: -3.00, RSRQ_TARGET: -3.00, SINR_SOURCE: -1.64, SINR_TARGET: 24.51, TIME_TO_TRIGGER: 12.00, A3_OFFSET: 10.00, HOF: 1
TIMESTAMP: 109, UE_ID: 47, CELL_SOURCE_ID: 23, CELL_TARGET_ID: 1, RSRP_SOURCE: -103.56, RSRP_TARGET: -65.34, RSRQ_SOURCE: -3.00, RSRQ_TARGET: -3.00, SINR_SOURCE: 5.92, SINR_TARGET: 46.02, TIME_TO_TRIGGER: 12.00, A3_OFFSET: 10.00, HOF: 1
TIMESTAMP: 112, UE_ID: 18, CELL_SOURCE_ID: 5, CELL_TARGET_ID: 22, RSRP_SOURCE: -113.85, RSRP_TARGET: -101.45, RSRQ_SOURCE: -3.00, RSRQ_TARGET: -3.00, SINR_SOURCE: -3.03, SINR_TARGET: 9.20, TIME_TO_TRIGGER: 12.00, A3_OFFSET: 10.00, HOF: 0
TIMESTAMP: 114, UE_ID: 10, CELL_SOURCE_ID: 12, CELL_TARGET_ID: 1, RSRP_SOURCE: -106.51, RSRP_TARGET: -96.31, RSRQ_SOURCE: -3.00, RSRQ_TARGET: -3.00, SINR_SOURCE: 3.28, SINR_TARGET: 10.76, TIME_TO_TRIGGER: 12.00, A3_OFFSET: 10.00, HOF: 1
TIMESTAMP: 115, UE_ID: 14, CELL_SOURCE_ID: 36, CELL_TARGET_ID: 31, RSRP_SOURCE: -109.39, RSRP_TARGET: -97.01, RSRQ_SOURCE: -3.00, RSRQ_TARGET: -3.00, SINR_SOURCE: -0.33, SINR_TARGET: 10.84, TIME_TO_TRIGGER: 12.00, A3_OFFSET: 10.00, HOF: 1
TIMESTAMP: 124, UE_ID: 82, CELL_SOURCE_ID: 34, CELL_TARGET_ID: 31, RSRP_SOURCE: -108.71, RSRP_TARGET: -94.80, RSRQ_SOURCE: -3.00, RSRQ_TARGET: -3.00, SINR_SOURCE: 3.63, SINR_TARGET: 15.27, TIME_TO_TRIGGER: 12.00, A3_OFFSET: 10.00, HOF: 1
TIMESTAMP: 126, UE_ID: 83, CELL_SOURCE_ID: 34, CELL_TARGET_ID: 1, RSRP_SOURCE: -110.55, RSRP_TARGET: -98.51, RSRQ_SOURCE: -3.00, RSRQ_TARGET: -3.00, SINR_SOURCE: -4.30, SINR_TARGET: 10.07, TIME_TO_TRIGGER: 12.00, A3_OFFSET: 10.00, HOF: 1
TIMESTAMP: 127, UE_ID: 53, CELL_SOURCE_ID: 5, CELL_TARGET_ID: 22, RSRP_SOURCE: -114.60, RSRP_TARGET: -103.91, RSRQ_SOURCE: -3.00, RSRQ_TARGET: -3.00, SINR_SOURCE: -5.49, SINR_TARGET: 6.47, TIME_TO_TRIGGER: 12.00, A3_OFFSET: 10.00, HOF: 1
TIMESTAMP: 128, UE_ID: 11, CELL_SOURCE_ID: 24, CELL_TARGET_ID: 1, RSRP_SOURCE: -105.54, RSRP_TARGET: -89.05, RSRQ_SOURCE: -3.00, RSRQ_TARGET: -3.00, SINR_SOURCE: 3.82, SINR_TARGET: 18.61, TIME_TO_TRIGGER: 12.00, A3_OFFSET: 10.00, HOF: 1
TIMESTAMP: 131, UE_ID: 93, CELL_SOURCE_ID: 33, CELL_TARGET_ID: 11, RSRP_SOURCE: -114.86, RSRP_TARGET: -104.52, RSRQ_SOURCE: -3.00, RSRQ_TARGET: -3.00, SINR_SOURCE: -6.48, SINR_TARGET: 6.73, TIME_TO_TRIGGER: 12.00, A3_OFFSET: 10.00, HOF: 1
TIMESTAMP: 136, UE_ID: 4, CELL_SOURCE_ID: 47, CELL_TARGET_ID: 3, RSRP_SOURCE: -114.57, RSRP_TARGET: -104.26, RSRQ_SOURCE: -3.00, RSRQ_TARGET: -3.00, SINR_SOURCE: -2.02, SINR_TARGET: 5.37, TIME_TO_TRIGGER: 12.00, A3_OFFSET: 10.00, HOF: 1
TIMESTAMP: 137, UE_ID: 93, CELL_SOURCE_ID: 11, CELL_TARGET_ID: 34, RSRP_SOURCE: -109.81, RSRP_TARGET: -96.74, RSRQ_SOURCE: -3.00, RSRQ_TARGET: -3.00, SINR_SOURCE: -1.20, SINR_TARGET: 13.21, TIME_TO_TRIGGER: 12.00, A3_OFFSET: 10.00, HOF: 1
TIMESTAMP: 154, UE_ID: 1, CELL_SOURCE_ID: 47, CELL_TARGET_ID: 1, RSRP_SOURCE: -108.96, RSRP_TARGET: -97.29, RSRQ_SOURCE: -3.00, RSRQ_TARGET: -3.00, SINR_SOURCE: 1.79, SINR_TARGET: 11.42, TIME_TO_TRIGGER: 12.00, A3_OFFSET: 10.00, HOF: 1
TIMESTAMP: 159, UE_ID: 61, CELL_SOURCE_ID: 2, CELL_TARGET_ID: 6, RSRP_SOURCE: -114.98, RSRP_TARGET: -104.26, RSRQ_SOURCE: -3.00, RSRQ_TARGET: -3.00, SINR_SOURCE: -3.83, SINR_TARGET: 9.54, TIME_TO_TRIGGER: 12.00, A3_OFFSET: 10.00, HOF: 1
TIMESTAMP: 162, UE_ID: 29, CELL_SOURCE_ID: 52, CELL_TARGET_ID: 55, RSRP_SOURCE: -107.78, RSRP_TARGET: -94.85, RSRQ_SOURCE: -3.00, RSRQ_TARGET: -3.00, SINR_SOURCE: 4.50, SINR_TARGET: 11.41, TIME_TO_TRIGGER: 12.00, A3_OFFSET: 10.00, HOF: 1
TIMESTAMP: 162, UE_ID: 38, CELL_SOURCE_ID: 52, CELL_TARGET_ID: 55, RSRP_SOURCE: -110.53, RSRP_TARGET: -95.88, RSRQ_SOURCE: -3.00, RSRQ_TARGET: -3.00, SINR_SOURCE: -0.14, SINR_TARGET: 15.10, TIME_TO_TRIGGER: 12.00, A3_OFFSET: 10.00, HOF: 1
TIMESTAMP: 169, UE_ID: 13, CELL_SOURCE_ID: 55, CELL_TARGET_ID: 22, RSRP_SOURCE: -111.46, RSRP_TARGET: -100.75, RSRQ_SOURCE: -3.00, RSRQ_TARGET: -3.00, SINR_SOURCE: -2.32, SINR_TARGET: 11.14, TIME_TO_TRIGGER: 12.00, A3_OFFSET: 10.00, HOF: 1
TIMESTAMP: 169, UE_ID: 92, CELL_SOURCE_ID: 1, CELL_TARGET_ID: 28, RSRP_SOURCE: -114.64, RSRP_TARGET: -100.92, RSRQ_SOURCE: -3.00, RSRQ_TARGET: -3.00, SINR_SOURCE: -4.10, SINR_TARGET: 11.55, TIME_TO_TRIGGER: 12.00, A3_OFFSET: 10.00, HOF: 0
TIMESTAMP: 169, UE_ID: 93, CELL_SOURCE_ID: 34, CELL_TARGET_ID: 37, RSRP_SOURCE: -106.66, RSRP_TARGET: -91.67, RSRQ_SOURCE: -3.00, RSRQ_TARGET: -3.00, SINR_SOURCE: 0.31, SINR_TARGET: 20.21, TIME_TO_TRIGGER: 12.00, A3_OFFSET: 10.00, HOF: 1
TIMESTAMP: 174, UE_ID: 87, CELL_SOURCE_ID: 19, CELL_TARGET_ID: 23, RSRP_SOURCE: -112.92, RSRP_TARGET: -101.51, RSRQ_SOURCE: -3.00, RSRQ_TARGET: -3.00, SINR_SOURCE: -2.92, SINR_TARGET: 4.85, TIME_TO_TRIGGER: 12.00, A3_OFFSET: 10.00, HOF: 1
TIMESTAMP: 193, UE_ID: 5, CELL_SOURCE_ID: 52, CELL_TARGET_ID: 55, RSRP_SOURCE: -105.52, RSRP_TARGET: -90.31, RSRQ_SOURCE: -3.00, RSRQ_TARGET: -3.00, SINR_SOURCE: 7.35, SINR_TARGET: 21.95, TIME_TO_TRIGGER: 12.00, A3_OFFSET: 10.00, HOF: 1
TIMESTAMP: 202, UE_ID: 61, CELL_SOURCE_ID: 6, CELL_TARGET_ID: 25, RSRP_SOURCE: -111.08, RSRP_TARGET: -97.81, RSRQ_SOURCE: -3.00, RSRQ_TARGET: -3.00, SINR_SOURCE: 0.71, SINR_TARGET: 13.99, TIME_TO_TRIGGER: 12.00, A3_OFFSET: 10.00, HOF: 1
TIMESTAMP: 212, UE_ID: 64, CELL_SOURCE_ID: 29, CELL_TARGET_ID: 31, RSRP_SOURCE: -103.07, RSRP_TARGET: -90.86, RSRQ_SOURCE: -3.00, RSRQ_TARGET: -3.00, SINR_SOURCE: 3.00, SINR_TARGET: 17.54, TIME_TO_TRIGGER: 12.00, A3_OFFSET: 10.00, HOF: 1
TIMESTAMP: 218, UE_ID: 51, CELL_SOURCE_ID: 24, CELL_TARGET_ID: 25, RSRP_SOURCE: -109.88, RSRP_TARGET: -97.76, RSRQ_SOURCE: -3.00, RSRQ_TARGET: -3.00, SINR_SOURCE: 2.68, SINR_TARGET: 10.00, TIME_TO_TRIGGER: 12.00, A3_OFFSET: 10.00, HOF: 1
TIMESTAMP: 220, UE_ID: 12, CELL_SOURCE_ID: 20, CELL_TARGET_ID: 1, RSRP_SOURCE: -111.82, RSRP_TARGET: -101.54, RSRQ_SOURCE: -3.00, RSRQ_TARGET: -3.00, SINR_SOURCE: -2.44, SINR_TARGET: 7.91, TIME_TO_TRIGGER: 12.00, A3_OFFSET: 10.00, HOF: 1
TIMESTAMP: 287, UE_ID: 25, CELL_SOURCE_ID: 7, CELL_TARGET_ID: 28, RSRP_SOURCE: -106.89, RSRP_TARGET: -93.75, RSRQ_SOURCE: -3.00, RSRQ_TARGET: -3.00, SINR_SOURCE: 1.95, SINR_TARGET: 16.90, TIME_TO_TRIGGER: 12.00, A3_OFFSET: 10.00, HOF: 1
TIMESTAMP: 293, UE_ID: 48, CELL_SOURCE_ID: 46, CELL_TARGET_ID: 49, RSRP_SOURCE: -112.37, RSRP_TARGET: -98.30, RSRQ_SOURCE: -3.00, RSRQ_TARGET: -3.00, SINR_SOURCE: -0.58, SINR_TARGET: 12.69, TIME_TO_TRIGGER: 12.00, A3_OFFSET: 10.00, HOF: 1
