TIMESTAMP: 87, UE_ID: 30, CELL_SOURCE_ID: 53, CELL_TARGET_ID: 54, RSRP_SOURCE: -111.44, RSRP_TARGET: -101.08, RSRQ_SOURCE: -3.00, RSRQ_TARGET: -3.00, SINR_SOURCE: -2.34, SINR_TARGET: 9.37, TIME_TO_TRIGGER: 12.00, A3_OFFSET: 10.00, HOF: 1
TIMESTAMP: 93, UE_ID: 35, CELL_SOURCE_ID: 53, CELL_TARGET_ID: 55, RSRP_SOURCE: -108.70, RSRP_TARGET: -98.49, RSRQ_SOURCE: -3.00, RSRQ_TARGET: -3.00, SINR_SOURCE: 0.45, SINR_TARGET: 13.21, TIME_TO_TRIGGER: 12.00, A3_OFFSET: 10.00, HOF: 1
TIMESTAMP: 96, UE_ID: 2, CELL_SOURCE_ID: 54, CELL_TARGET_ID: 55, RSRP_SOURCE: -109.38, RSRP_TARGET: -91.66, RSRQ_SOURCE: -3.00, RSRQ_TARGET: -3.00, SINR_SOURCE: -3.18, SINR_TARGET: 19.62, TIME_TO_TRIGGER: 12.00, A3_OFFSET: 10.00, HOF: 1
TIMESTAMP: 97, UE_ID: 64, CELL_SOURCE_ID: 20, CELL_TARGET_ID: 1, RSRP_SOURCE: -98.44, RSRP_TARGET: -85.93, RSRQ_SOURCE: -3.00, RSRQ_TARGET: -3.00, SINR_SOURCE: 14.04, SINR_TARGET: 21.93, TIME_TO_TRIGGER: 12.00, A3_OFFSET: 10.00, HOF: 1
TIMESTAMP: 101, UE_ID: 10, CELL_SOURCE_ID: 12, CELL_TARGET_ID: 1, RSRP_SOURCE: -100.72, RSRP_TARGET: -83.50, RSRQ_SOURCE: -3.00, RSRQ_TARGET: -3.00, SINR_SOURCE: 7.67, SINR_TARGET: 26.21, TIME_TO_TRIGGER: 12.00, A3_OFFSET: 10.00, HOF: 1
TIMESTAMP: 101, UE_ID: 44, CELL_SOURCE_ID: 1, CELL_TARGET_ID: 13, RSRP_SOURCE: -102.42, RSRP_TARGET: -91.20, RSRQ_SOURCE: -3.00, RSRQ_TARGET: -3.00, SINR_SOURCE: 7.34, SINR_TARGET: 20.02, TIME_TO_TRIGGER: 12.00, A3_OFFSET: 10.00, HOF: 1
TIMESTAMP: 102, UE_ID: 38, CELL_SOURCE_ID: 20, CELL_TARGET_ID: 52, RSRP_SOURCE: -114.06, RSRP_TARGET: -102.13, RSRQ_SOURCE: -3.00, RSRQ_TARGET: -3.00, SINR_SOURCE: -4.88, SINR_TARGET: 11.26, TIME_TO_TRIGGER: 12.00, A3_OFFSET: 10.00, HOF: 1
TIMESTAMP: 115, UE_ID: 48, CELL_SOURCE_ID: 6, CELL_TARGET_ID: 1, RSRP_SOURCE: -95.75, RSRP_TARGET: -85.75, RSRQ_SOURCE: -3.00, RSRQ_TARGET: -3.00, SINR_SOURCE: 19.96, SINR_TARGET: 24.12, TIME_TO_TRIGGER: 12.00, A3_OFFSET: 10.00, HOF: 1
TIMESTAMP: 115, UE_ID: 96, CELL_SOURCE_ID: 1, CELL_TARGET_ID: 13, RSRP_SOURCE: -110.16, RSRP_TARGET: -96.77, RSRQ_SOURCE: -3.00, RSRQ_TARGET: -3.00, SINR_SOURCE: -0.17, SINR_TARGET: 10.69, TIME_TO_TRIGGER: 12.00, A3_OFFSET: 10.00, HOF: 1
TIMESTAMP: 120, UE_ID: 4, CELL_SOURCE_ID: 46, CELL_TARGET_ID: 1, RSRP_SOURCE: -109.03, RSRP_TARGET: -94.79, RSRQ_SOURCE: -3.00, RSRQ_TARGET: -3.00, SINR_SOURCE: 0.48, SINR_TARGET: 14.84, TIME_TO_TRIGGER: 12.00, A3_OFFSET: 10.00, HOF: 1
TIMESTAMP: 120, UE_ID: 5, CELL_SOURCE_ID: 51, CELL_TARGET_ID: 1, RSRP_SOURCE: -113.71, RSRP_TARGET: -102.96, RSRQ_SOURCE: -3.00, RSRQ_TARGET: -3.00, SINR_SOURCE: -4.77, SINR_TARGET: 7.65, TIME_TO_TRIGGER: 12.00, A3_OFFSET: 10.00, HOF: 1
TIMESTAMP: 122, UE_ID: 59, CELL_SOURCE_ID: 27, CELL_TARGET_ID: 1, RSRP_SOURCE: -99.91, RSRP_TARGET: -88.22, RSRQ_SOURCE: -3.00, RSRQ_TARGET: -3.00, SINR_SOURCE: 11.17, SINR_TARGET: 20.64, TIME_TO_TRIGGER: 12.00, A3_OFFSET: 10.00, HOF: 1
TIMESTAMP: 123, UE_ID: 62, CELL_SOURCE_ID: 9, CELL_TARGET_ID: 2, RSRP_SOURCE: -113.25, RSRP_TARGET: -101.09, RSRQ_SOURCE: -3.00, RSRQ_TARGET: -3.00, SINR_SOURCE: -3.00, SINR_TARGET: 9.39, TIME_TO_TRIGGER: 12.00, A3_OFFSET: 10.00, HOF: 1
TIMESTAMP: 125, UE_ID: 5, CELL_SOURCE_ID: 1, CELL_TARGET_ID: 4, RSRP_SOURCE: -114.18, RSRP_TARGET: -104.14, RSRQ_SOURCE: -3.00, RSRQ_TARGET: -3.00, SINR_SOURCE: -1.92, SINR_TARGET: 8.73, TIME_TO_TRIGGER: 12.00, A3_OFFSET: 10.00, HOF: 1
TIMESTAMP: 126, UE_ID: 29, CELL_SOURCE_ID: 6, CELL_TARGET_ID: 20, RSRP_SOURCE: -114.56, RSRP_TARGET: -104.46, RSRQ_SOURCE: -3.00, RSRQ_TARGET: -3.00, SINR_SOURCE: -6.01, SINR_TARGET: 5.03, TIME_TO_TRIGGER: 12.00, A3_OFFSET: 10.00, HOF: 1
TIMESTAMP: 126, UE_ID: 62, CELL_SOURCE_ID: 2, CELL_TARGET_ID: 4, RSRP_SOURCE: -114.00, RSRP_TARGET: -102.67, RSRQ_SOURCE: -3.00, RSRQ_TARGET: -3.00, SINR_SOURCE: -4.61, SINR_TARGET: 9.60, TIME_TO_TRIGGER: 12.00, A3_OFFSET: 10.00, HOF: 1
TIMESTAMP: 131, UE_ID: 74, CELL_SOURCE_ID: 52, CELL_TARGET_ID: 56, RSRP_SOURCE: -114.12, RSRP_TARGET: -103.94, RSRQ_SOURCE: -3.00, RSRQ_TARGET: -3.00, SINR_SOURCE: -5.74, SINR_TARGET: 8.57, TIME_TO_TRIGGER: 12.00, A3_OFFSET: 10.00, HOF: 1
TIMESTAMP: 132, UE_ID: 83, CELL_SOURCE_ID: 34, CELL_TARGET_ID: 1, RSRP_SOURCE: -106.76, RSRP_TARGET: -93.05, RSRQ_SOURCE: -3.00, RSRQ_TARGET: -3.00, SINR_SOURCE: 5.32, SINR_TARGET: 16.69, TIME_TO_TRIGGER: 12.00, A3_OFFSET: 10.00, HOF: 1
TIMESTAMP: 139, UE_ID: 38, CELL_SOURCE_ID: 52, CELL_TARGET_ID: 55, RSRP_SOURCE: -108.69, RSRP_TARGET: -88.65, RSRQ_SOURCE: -3.00, RSRQ_TARGET: -3.00, SINR_SOURCE: 3.01, SINR_TARGET: 20.47, TIME_TO_TRIGGER: 12.00, A3_OFFSET: 10.00, HOF: 1
TIMESTAMP: 140, UE_ID: 47, CELL_SOURCE_ID: 23, CELL_TARGET_ID: 1, RSRP_SOURCE: -98.80, RSRP_TARGET: -75.21, RSRQ_SOURCE: -3.00, RSRQ_TARGET: -3.00, SINR_SOURCE: 11.07, SINR_TARGET: 35.63, TIME_TO_TRIGGER: 12.00, A3_OFFSET: 10.00, HOF: 1
TIMESTAMP: 143, UE_ID: 12, CELL_SOURCE_ID: 51, CELL_TARGET_ID: 1, RSRP_SOURCE: -105.40, RSRP_TARGET: -75.56, RSRQ_SOURCE: -3.00, RSRQ_TARGET: -3.00, SINR_SOURCE: 5.06, SINR_TARGET: 32.83, TIME_TO_TRIGGER: 12.00, A3_OFFSET: 10.00, HOF: 1
TIMESTAMP: 143, UE_ID: 67, CELL_SOURCE_ID: 1, CELL_TARGET_ID: 16, RSRP_SOURCE: -105.20, RSRP_TARGET: -95.09, RSRQ_SOURCE: -3.00, RSRQ_TARGET: -3.00, SINR_SOURCE: 3.46, SINR_TARGET: 13.56, TIME_TO_TRIGGER: 12.00, A3_OFFSET: 10.00, HOF: 1
TIMESTAMP: 146, UE_ID: 11, CELL_SOURCE_ID: 24, CELL_TARGET_ID: 1, RSRP_SOURCE: -113.84, RSRP_TARGET: -96.14, RSRQ_SOURCE: -3.00, RSRQ_TARGET: -3.00, SINR_SOURCE: 0.56, SINR_TARGET: 14.50, TIME_TO_TRIGGER: 12.00, A3_OFFSET: 10.00, HOF: 0
TIMESTAMP: 146, UE_ID: 82, CELL_SOURCE_ID: 35, CELL_TARGET_ID: 31, RSRP_SOURCE: -109.32, RSRP_TARGET: -94.47, RSRQ_SOURCE: -3.00, RSRQ_TARGET: -3.00, SINR_SOURCE: 1.85, SINR_TARGET: 16.23, TIME_TO_TRIGGER: 12.00, A3_OFFSET: 10.00, HOF: 1
TIMESTAMP: 152, UE_ID: 1, CELL_SOURCE_ID: 47, CELL_TARGET_ID: 1, RSRP_SOURCE: -102.87, RSRP_TARGET: -89.27, RSRQ_SOURCE: -3.00, RSRQ_TARGET: -3.00, SINR_SOURCE: 5.84, SINR_TARGET: 21.77, TIME_TO_TRIGGER: 12.00, A3_OFFSET: 10.00, HOF: 1
TIMESTAMP: 154, UE_ID: 11, CELL_SOURCE_ID: 24, CELL_TARGET_ID: 1, RSRP_SOURCE: -107.32, RSRP_TARGET: -88.69, RSRQ_SOURCE: -3.00, RSRQ_TARGET: -3.00, SINR_SOURCE: -0.28, SINR_TARGET: 21.41, TIME_TO_TRIGGER: 12.00, A3_OFFSET: 10.00, HOF: 1
TIMESTAMP: 156, UE_ID: 95, CELL_SOURCE_ID: 18, CELL_TARGET_ID: 4, RSRP_SOURCE: -111.41, RSRP_TARGET: -99.94, RSRQ_SOURCE: -3.00, RSRQ_TARGET: -3.00, SINR_SOURCE: -1.29, SINR_TARGET: 8.38, TIME_TO_TRIGGER: 12.00, A3_OFFSET: 10.00, HOF: 0
TIMESTAMP: 165, UE_ID: 9, CELL_SOURCE_ID: 53, CELL_TARGET_ID: 22, RSRP_SOURCE: -114.86, RSRP_TARGET: -101.05, RSRQ_SOURCE: -3.00, RSRQ_TARGET: -3.00, SINR_SOURCE: -0.93, SINR_TARGET: 9.45, TIME_TO_TRIGGER: 12.00, A3_OFFSET: 10.00, HOF: 1
TIMESTAMP: 165, UE_ID: 30, CELL_SOURCE_ID: 53, CELL_TARGET_ID: 56, RSRP_SOURCE: -111.68, RSRP_TARGET: -101.04, RSRQ_SOURCE: -3.00, RSRQ_TARGET: -3.00, SINR_SOURCE: -4.12, SINR_TARGET: 9.52, TIME_TO_TRIGGER: 12.00, A3_OFFSET: 10.00, HOF: 1
TIMESTAMP: 166, UE_ID: 62, CELL_SOURCE_ID: 4, CELL_TARGET_ID: 19, RSRP_SOURCE: -111.84, RSRP_TARGET: -101.24, RSRQ_SOURCE: -3.00, RSRQ_TARGET: -3.00, SINR_SOURCE: -1.29, SINR_TARGET: 7.62, TIME_TO_TRIGGER: 12.00, A3_OFFSET: 10.00, HOF: 1
TIMESTAMP: 179, UE_ID: 5, CELL_SOURCE_ID: 4, CELL_TARGET_ID: 6, RSRP_SOURCE: -110.86, RSRP_TARGET: -99.29, RSRQ_SOURCE: -3.00, RSRQ_TARGET: -3.00, SINR_SOURCE: -3.19, SINR_TARGET: 6.86, TIME_TO_TRIGGER: 12.00, A3_OFFSET: 10.00, HOF: 1
TIMESTAMP: 179, UE_ID: 35, CELL_SOURCE_ID: 54, CELL_TARGET_ID: 55, RSRP_SOURCE: -111.29, RSRP_TARGET: -100.01, RSRQ_SOURCE: -3.00, RSRQ_TARGET: -3.00, SINR_SOURCE: -0.61, SINR_TARGET: 8.45, TIME_TO_TRIGGER: 12.00, A3_OFFSET: 10.00, HOF: 1
TIMESTAMP: 180, UE_ID: 87, CELL_SOURCE_ID: 19, CELL_TARGET_ID: 5, RSRP_SOURCE: -111.19, RSRP_TARGET: -98.85, RSRQ_SOURCE: -3.00, RSRQ_TARGET: -3.00, SINR_SOURCE: -0.56, SINR_TARGET: 10.54, TIME_TO_TRIGGER: 12.00, A3_OFFSET: 10.00, HOF: 1
TIMESTAMP: 182, UE_ID: 63, CELL_SOURCE_ID: 42, CELL_TARGET_ID: 1, RSRP_SOURCE: -110.56, RSRP_TARGET: -91.95, RSRQ_SOURCE: -3.00, RSRQ_TARGET: -3.00, SINR_SOURCE: -1.28, SINR_TARGET: 17.86, TIME_TO_TRIGGER: 12.00, A3_OFFSET: 10.00, HOF: 1
TIMESTAMP: 185, UE_ID: 62, CELL_SOURCE_ID: 19, CELL_TARGET_ID: 52, RSRP_SOURCE: -113.29, RSRP_TARGET: -102.41, RSRQ_SOURCE: -3.00, RSRQ_TARGET: -3.00, SINR_SOURCE: -3.58, SINR_TARGET: 8.15, TIME_TO_TRIGGER: 12.00, A3_OFFSET: 10.00, HOF: 1
TIMESTAMP: 186, UE_ID: 4, CELL_SOURCE_ID: 1, CELL_TARGET_ID: 19, RSRP_SOURCE: -110.54, RSRP_TARGET: -99.12, RSRQ_SOURCE: -3.00, RSRQ_TARGET: -3.00, SINR_SOURCE: -0.13, SINR_TARGET: 11.97, TIME_TO_TRIGGER: 12.00, A3_OFFSET: 10.00, HOF: 1
TIMESTAMP: 186, UE_ID: 5, CELL_SOURCE_ID: 6, CELL_TARGET_ID: 52, RSRP_SOURCE: -113.64, RSRP_TARGET: -97.66, RSRQ_SOURCE: -3.00, RSRQ_TARGET: -3.00, SINR_SOURCE: -4.35, SINR_TARGET: 14.34, TIME_TO_TRIGGER: 12.00, A3_OFFSET: 10.00, HOF: 1
TIMESTAMP: 190, UE_ID: 31, CELL_SOURCE_ID: 29, CELL_TARGET_ID: 28, RSRP_SOURCE: -112.96, RSRP_TARGET: -102.86, RSRQ_SOURCE: -3.00, RSRQ_TARGET: -3.00, SINR_SOURCE: -1.32, SINR_TARGET: 5.97, TIME_TO_TRIGGER: 12.00, A3_OFFSET: 10.00, HOF: 1
TIMESTAMP: 199, UE_ID: 5, CELL_SOURCE_ID: 52, CELL_TARGET_ID: 55, RSRP_SOURCE: -106.92, RSRP_TARGET: -91.00, RSRQ_SOURCE: -3.00, RSRQ_TARGET: -3.00, SINR_SOURCE: 2.64, SINR_TARGET: 20.62, TIME_TO_TRIGGER: 12.00, A3_OFFSET: 10.00, HOF: 1
TIMESTAMP: 203, UE_ID: 58, CELL_SOURCE_ID: 47, CELL_TARGET_ID: 45, RSRP_SOURCE: -112.16, RSRP_TARGET: -100.70, RSRQ_SOURCE: -3.00, RSRQ_TARGET: -3.00, SINR_SOURCE: 0.47, SINR_TARGET: 10.45, TIME_TO_TRIGGER: 12.00, A3_OFFSET: 10.00, HOF: 1
TIMESTAMP: 208, UE_ID: 83, CELL_SOURCE_ID: 1, CELL_TARGET_ID: 4, RSRP_SOURCE: -103.88, RSRP_TARGET: -92.96, RSRQ_SOURCE: -3.00, RSRQ_TARGET: -3.00, SINR_SOURCE: 4.66, SINR_TARGET: 15.24, TIME_TO_TRIGGER: 12.00, A3_OFFSET: 10.00, HOF: 1
TIMESTAMP: 210, UE_ID: 25, CELL_SOURCE_ID: 18, CELL_TARGET_ID: 1, RSRP_SOURCE: -105.77, RSRP_TARGET: -94.12, RSRQ_SOURCE: -3.00, RSRQ_TARGET: -3.00, SINR_SOURCE: 4.54, SINR_TARGET: 15.42, TIME_TO_TRIGGER: 12.00, A3_OFFSET: 10.00, HOF: 1
TIMESTAMP: 212, UE_ID: 4, CELL_SOURCE_ID: 19, CELL_TARGET_ID: 6, RSRP_SOURCE: -108.71, RSRP_TARGET: -98.37, RSRQ_SOURCE: -3.00, RSRQ_TARGET: -3.00, SINR_SOURCE: 0.06, SINR_TARGET: 12.93, TIME_TO_TRIGGER: 12.00, A3_OFFSET: 10.00, HOF: 1
TIMESTAMP: 214, UE_ID: 62, CELL_SOURCE_ID: 52, CELL_TARGET_ID: 55, RSRP_SOURCE: -107.24, RSRP_TARGET: -96.86, RSRQ_SOURCE: -3.00, RSRQ_TARGET: -3.00, SINR_SOURCE: 4.21, SINR_TARGET: 10.55, TIME_TO_TRIGGER: 12.00, A3_OFFSET: 10.00, HOF: 1
TIMESTAMP: 221, UE_ID: 1, CELL_SOURCE_ID: 1, CELL_TARGET_ID: 4, RSRP_SOURCE: -110.60, RSRP_TARGET: -98.68, RSRQ_SOURCE: -3.00, RSRQ_TARGET: -3.00, SINR_SOURCE: 2.23, SINR_TARGET: 12.93, TIME_TO_TRIGGER: 12.00, A3_OFFSET: 10.00, HOF: 1
TIMESTAMP: 237, UE_ID: 4, CELL_SOURCE_ID: 6, CELL_TARGET_ID: 24, RSRP_SOURCE: -113.03, RSRP_TARGET: -102.63, RSRQ_SOURCE: -3.00, RSRQ_TARGET: -3.00, SINR_SOURCE: 0.10, SINR_TARGET: 10.20, TIME_TO_TRIGGER: 12.00, A3_OFFSET: 10.00, HOF: 1
TIMESTAMP: 241, UE_ID: 83, CELL_SOURCE_ID: 4, CELL_TARGET_ID: 22, RSRP_SOURCE: -106.24, RSRP_TARGET: -94.25, RSRQ_SOURCE: -3.00, RSRQ_TARGET: -3.00, SINR_SOURCE: 3.28, SINR_TARGET: 16.87, TIME_TO_TRIGGER: 12.00, A3_OFFSET: 10.00, HOF: 1
TIMESTAMP: 246, UE_ID: 53, CELL_SOURCE_ID: 22, CELL_TARGET_ID: 25, RSRP_SOURCE: -113.32, RSRP_TARGET: -101.35, RSRQ_SOURCE: -3.00, RSRQ_TARGET: -3.00, SINR_SOURCE: 0.46, SINR_TARGET: 9.40, TIME_TO_TRIGGER: 12.00, A3_OFFSET: 10.00, HOF: 1
TIMESTAMP: 254, UE_ID: 30, CELL_SOURCE_ID: 55, CELL_TARGET_ID: 57, RSRP_SOURCE: -111.94, RSRP_TARGET: -100.36, RSRQ_SOURCE: -3.00, RSRQ_TARGET: -3.00, SINR_SOURCE: -3.68, SINR_TARGET: 6.81, TIME_TO_TRIGGER: 12.00, A3_OFFSET: 10.00, HOF: 1
TIMESTAMP: 263, UE_ID: 63, CELL_SOURCE_ID: 1, CELL_TARGET_ID: 8, RSRP_SOURCE: -114.19, RSRP_TARGET: -100.66, RSRQ_SOURCE: -3.00, RSRQ_TARGET: -3.00, SINR_SOURCE: -2.60, SINR_TARGET: 11.49, TIME_TO_TRIGGER: 12.00, A3_OFFSET: 10.00, HOF: 1
TIMESTAMP: 271, UE_ID: 61, CELL_SOURCE_ID: 30, CELL_TARGET_ID: 22, RSRP_SOURCE: -114.11, RSRP_TARGET: -103.51, RSRQ_SOURCE: -3.00, RSRQ_TARGET: -3.00, SINR_SOURCE: -4.12, SINR_TARGET: 7.90, TIME_TO_TRIGGER: 12.00, A3_OFFSET: 10.00, HOF: 1
TIMESTAMP: 281, UE_ID: 1, CELL_SOURCE_ID: 4, CELL_TARGET_ID: 22, RSRP_SOURCE: -112.21, RSRP_TARGET: -101.20, RSRQ_SOURCE: -3.00, RSRQ_TARGET: -3.00, SINR_SOURCE: -1.34, SINR_TARGET: 9.20, TIME_TO_TRIGGER: 12.00, A3_OFFSET: 10.00, HOF: 1
