TIMESTAMP: 12, UE_ID: 249, CELL_SOURCE_ID: 2, CELL_TARGET_ID: 1, RSRP_SOURCE: -56.95, RSRP_TARGET: -48.06, RSRQ_SOURCE: -3.00, RSRQ_TARGET: -3.00, SINR_SOURCE: 53.31, SINR_TARGET: 64.07, TIME_TO_TRIGGER: 8.00, A3_OFFSET: 8.00, HOF: 1
TIMESTAMP: 24, UE_ID: 246, CELL_SOURCE_ID: 11, CELL_TARGET_ID: 1, RSRP_SOURCE: -80.14, RSRP_TARGET: -60.90, RSRQ_SOURCE: -3.00, RSRQ_TARGET: -3.00, SINR_SOURCE: 27.12, SINR_TARGET: 52.63, TIME_TO_TRIGGER: 8.00, A3_OFFSET: 8.00, HOF: 1
TIMESTAMP: 25, UE_ID: 274, CELL_SOURCE_ID: 7, CELL_TARGET_ID: 1, RSRP_SOURCE: -87.64, RSRP_TARGET: -78.83, RSRQ_SOURCE: -3.00, RSRQ_TARGET: -3.00, SINR_SOURCE: 20.05, SINR_TARGET: 31.69, TIME_TO_TRIGGER: 8.00, A3_OFFSET: 8.00, HOF: 1
TIMESTAMP: 27, UE_ID: 254, CELL_SOURCE_ID: 2, CELL_TARGET_ID: 1, RSRP_SOURCE: -91.44, RSRP_TARGET: -81.99, RSRQ_SOURCE: -3.00, RSRQ_TARGET: -3.00, SINR_SOURCE: 18.54, SINR_TARGET: 27.03, TIME_TO_TRIGGER: 8.00, A3_OFFSET: 8.00, HOF: 1
TIMESTAMP: 33, UE_ID: 249, CELL_SOURCE_ID: 1, CELL_TARGET_ID: 2, RSRP_SOURCE: -94.72, RSRP_TARGET: -86.40, RSRQ_SOURCE: -3.00, RSRQ_TARGET: -3.00, SINR_SOURCE: 16.78, SINR_TARGET: 22.17, TIME_TO_TRIGGER: 8.00, A3_OFFSET: 8.00, HOF: 1
TIMESTAMP: 33, UE_ID: 260, CELL_SOURCE_ID: 11, CELL_TARGET_ID: 1, RSRP_SOURCE: -64.13, RSRP_TARGET: -55.10, RSRQ_SOURCE: -3.00, RSRQ_TARGET: -3.00, SINR_SOURCE: 46.83, SINR_TARGET: 57.12, TIME_TO_TRIGGER: 8.00, A3_OFFSET: 8.00, HOF: 1
TIMESTAMP: 34, UE_ID: 278, CELL_SOURCE_ID: 11, CELL_TARGET_ID: 1, RSRP_SOURCE: -87.02, RSRP_TARGET: -73.32, RSRQ_SOURCE: -3.00, RSRQ_TARGET: -3.00, SINR_SOURCE: 21.60, SINR_TARGET: 34.69, TIME_TO_TRIGGER: 8.00, A3_OFFSET: 8.00, HOF: 1
TIMESTAMP: 36, UE_ID: 243, CELL_SOURCE_ID: 2, CELL_TARGET_ID: 1, RSRP_SOURCE: -85.47, RSRP_TARGET: -76.53, RSRQ_SOURCE: -3.00, RSRQ_TARGET: -3.00, SINR_SOURCE: 23.91, SINR_TARGET: 31.99, TIME_TO_TRIGGER: 8.00, A3_OFFSET: 8.00, HOF: 1
TIMESTAMP: 38, UE_ID: 267, CELL_SOURCE_ID: 16, CELL_TARGET_ID: 1, RSRP_SOURCE: -68.28, RSRP_TARGET: -60.09, RSRQ_SOURCE: -3.00, RSRQ_TARGET: -3.00, SINR_SOURCE: 37.42, SINR_TARGET: 46.73, TIME_TO_TRIGGER: 8.00, A3_OFFSET: 8.00, HOF: 1
TIMESTAMP: 44, UE_ID: 287, CELL_SOURCE_ID: 16, CELL_TARGET_ID: 1, RSRP_SOURCE: -89.35, RSRP_TARGET: -66.70, RSRQ_SOURCE: -3.00, RSRQ_TARGET: -3.00, SINR_SOURCE: 20.29, SINR_TARGET: 42.87, TIME_TO_TRIGGER: 8.00, A3_OFFSET: 8.00, HOF: 1
TIMESTAMP: 44, UE_ID: 293, CELL_SOURCE_ID: 12, CELL_TARGET_ID: 1, RSRP_SOURCE: -91.88, RSRP_TARGET: -76.15, RSRQ_SOURCE: -3.00, RSRQ_TARGET: -3.00, SINR_SOURCE: 17.71, SINR_TARGET: 30.05, TIME_TO_TRIGGER: 8.00, A3_OFFSET: 8.00, HOF: 1
TIMESTAMP: 45, UE_ID: 244, CELL_SOURCE_ID: 13, CELL_TARGET_ID: 1, RSRP_SOURCE: -91.01, RSRP_TARGET: -80.58, RSRQ_SOURCE: -3.00, RSRQ_TARGET: -3.00, SINR_SOURCE: 21.75, SINR_TARGET: 28.48, TIME_TO_TRIGGER: 8.00, A3_OFFSET: 8.00, HOF: 1
TIMESTAMP: 46, UE_ID: 243, CELL_SOURCE_ID: 1, CELL_TARGET_ID: 2, RSRP_SOURCE: -88.29, RSRP_TARGET: -79.46, RSRQ_SOURCE: -3.00, RSRQ_TARGET: -3.00, SINR_SOURCE: 18.19, SINR_TARGET: 32.81, TIME_TO_TRIGGER: 8.00, A3_OFFSET: 8.00, HOF: 1
TIMESTAMP: 50, UE_ID: 251, CELL_SOURCE_ID: 19, CELL_TARGET_ID: 1, RSRP_SOURCE: -96.05, RSRP_TARGET: -87.88, RSRQ_SOURCE: -3.00, RSRQ_TARGET: -3.00, SINR_SOURCE: 13.34, SINR_TARGET: 21.70, TIME_TO_TRIGGER: 8.00, A3_OFFSET: 8.00, HOF: 1
TIMESTAMP: 53, UE_ID: 253, CELL_SOURCE_ID: 16, CELL_TARGET_ID: 3, RSRP_SOURCE: -104.29, RSRP_TARGET: -95.94, RSRQ_SOURCE: -3.00, RSRQ_TARGET: -3.00, SINR_SOURCE: 2.65, SINR_TARGET: 14.61, TIME_TO_TRIGGER: 8.00, A3_OFFSET: 8.00, HOF: 1
TIMESTAMP: 53, UE_ID: 267, CELL_SOURCE_ID: 1, CELL_TARGET_ID: 3, RSRP_SOURCE: -96.81, RSRP_TARGET: -88.59, RSRQ_SOURCE: -3.00, RSRQ_TARGET: -3.00, SINR_SOURCE: 14.86, SINR_TARGET: 21.46, TIME_TO_TRIGGER: 8.00, A3_OFFSET: 8.00, HOF: 1
TIMESTAMP: 56, UE_ID: 272, CELL_SOURCE_ID: 12, CELL_TARGET_ID: 1, RSRP_SOURCE: -99.90, RSRP_TARGET: -90.13, RSRQ_SOURCE: -3.00, RSRQ_TARGET: -3.00, SINR_SOURCE: 11.62, SINR_TARGET: 19.99, TIME_TO_TRIGGER: 8.00, A3_OFFSET: 8.00, HOF: 1
TIMESTAMP: 68, UE_ID: 296, CELL_SOURCE_ID: 3, CELL_TARGET_ID: 1, RSRP_SOURCE: -97.93, RSRP_TARGET: -86.76, RSRQ_SOURCE: -3.00, RSRQ_TARGET: -3.00, SINR_SOURCE: 14.96, SINR_TARGET: 28.60, TIME_TO_TRIGGER: 8.00, A3_OFFSET: 8.00, HOF: 1
TIMESTAMP: 72, UE_ID: 242, CELL_SOURCE_ID: 11, CELL_TARGET_ID: 12, RSRP_SOURCE: -107.91, RSRP_TARGET: -99.87, RSRQ_SOURCE: -3.00, RSRQ_TARGET: -3.00, SINR_SOURCE: 1.67, SINR_TARGET: 12.08, TIME_TO_TRIGGER: 8.00, A3_OFFSET: 8.00, HOF: 1
TIMESTAMP: 81, UE_ID: 267, CELL_SOURCE_ID: 3, CELL_TARGET_ID: 4, RSRP_SOURCE: -108.15, RSRP_TARGET: -71.22, RSRQ_SOURCE: -3.00, RSRQ_TARGET: -3.00, SINR_SOURCE: 0.62, SINR_TARGET: 35.63, TIME_TO_TRIGGER: 8.00, A3_OFFSET: 8.00, HOF: 1
TIMESTAMP: 83, UE_ID: 293, CELL_SOURCE_ID: 1, CELL_TARGET_ID: 2, RSRP_SOURCE: -95.95, RSRP_TARGET: -86.76, RSRQ_SOURCE: -3.00, RSRQ_TARGET: -3.00, SINR_SOURCE: 17.31, SINR_TARGET: 24.17, TIME_TO_TRIGGER: 8.00, A3_OFFSET: 8.00, HOF: 1
TIMESTAMP: 87, UE_ID: 280, CELL_SOURCE_ID: 16, CELL_TARGET_ID: 3, RSRP_SOURCE: -107.68, RSRP_TARGET: -99.63, RSRQ_SOURCE: -3.00, RSRQ_TARGET: -3.00, SINR_SOURCE: 4.38, SINR_TARGET: 8.41, TIME_TO_TRIGGER: 8.00, A3_OFFSET: 8.00, HOF: 0
TIMESTAMP: 89, UE_ID: 296, CELL_SOURCE_ID: 1, CELL_TARGET_ID: 19, RSRP_SOURCE: -105.64, RSRP_TARGET: -97.40, RSRQ_SOURCE: -3.00, RSRQ_TARGET: -3.00, SINR_SOURCE: 3.64, SINR_TARGET: 14.20, TIME_TO_TRIGGER: 8.00, A3_OFFSET: 8.00, HOF: 1
TIMESTAMP: 90, UE_ID: 269, CELL_SOURCE_ID: 4, CELL_TARGET_ID: 5, RSRP_SOURCE: -109.97, RSRP_TARGET: -97.95, RSRQ_SOURCE: -3.00, RSRQ_TARGET: -3.00, SINR_SOURCE: -2.86, SINR_TARGET: 11.85, TIME_TO_TRIGGER: 8.00, A3_OFFSET: 8.00, HOF: 1
TIMESTAMP: 96, UE_ID: 244, CELL_SOURCE_ID: 1, CELL_TARGET_ID: 2, RSRP_SOURCE: -96.58, RSRP_TARGET: -88.45, RSRQ_SOURCE: -3.00, RSRQ_TARGET: -3.00, SINR_SOURCE: 15.67, SINR_TARGET: 21.80, TIME_TO_TRIGGER: 8.00, A3_OFFSET: 8.00, HOF: 1
TIMESTAMP: 96, UE_ID: 274, CELL_SOURCE_ID: 1, CELL_TARGET_ID: 2, RSRP_SOURCE: -104.75, RSRP_TARGET: -94.74, RSRQ_SOURCE: -3.00, RSRQ_TARGET: -3.00, SINR_SOURCE: 4.51, SINR_TARGET: 17.30, TIME_TO_TRIGGER: 8.00, A3_OFFSET: 8.00, HOF: 1
TIMESTAMP: 99, UE_ID: 244, CELL_SOURCE_ID: 2, CELL_TARGET_ID: 4, RSRP_SOURCE: -107.93, RSRP_TARGET: -97.96, RSRQ_SOURCE: -3.00, RSRQ_TARGET: -3.00, SINR_SOURCE: 2.46, SINR_TARGET: 13.82, TIME_TO_TRIGGER: 8.00, A3_OFFSET: 8.00, HOF: 1
TIMESTAMP: 101, UE_ID: 259, CELL_SOURCE_ID: 11, CELL_TARGET_ID: 16, RSRP_SOURCE: -105.96, RSRP_TARGET: -95.49, RSRQ_SOURCE: -3.00, RSRQ_TARGET: -3.00, SINR_SOURCE: 6.77, SINR_TARGET: 15.11, TIME_TO_TRIGGER: 8.00, A3_OFFSET: 8.00, HOF: 1
TIMESTAMP: 106, UE_ID: 250, CELL_SOURCE_ID: 11, CELL_TARGET_ID: 4, RSRP_SOURCE: -109.82, RSRP_TARGET: -99.51, RSRQ_SOURCE: -3.00, RSRQ_TARGET: -3.00, SINR_SOURCE: -1.84, SINR_TARGET: 12.98, TIME_TO_TRIGGER: 8.00, A3_OFFSET: 8.00, HOF: 1
TIMESTAMP: 112, UE_ID: 290, CELL_SOURCE_ID: 13, CELL_TARGET_ID: 14, RSRP_SOURCE: -109.40, RSRP_TARGET: -96.18, RSRQ_SOURCE: -3.00, RSRQ_TARGET: -3.00, SINR_SOURCE: 1.46, SINR_TARGET: 13.14, TIME_TO_TRIGGER: 8.00, A3_OFFSET: 8.00, HOF: 1
TIMESTAMP: 125, UE_ID: 250, CELL_SOURCE_ID: 4, CELL_TARGET_ID: 12, RSRP_SOURCE: -108.38, RSRP_TARGET: -98.61, RSRQ_SOURCE: -3.00, RSRQ_TARGET: -3.00, SINR_SOURCE: 0.02, SINR_TARGET: 13.47, TIME_TO_TRIGGER: 8.00, A3_OFFSET: 8.00, HOF: 1
TIMESTAMP: 129, UE_ID: 300, CELL_SOURCE_ID: 6, CELL_TARGET_ID: 4, RSRP_SOURCE: -106.25, RSRP_TARGET: -98.12, RSRQ_SOURCE: -3.00, RSRQ_TARGET: -3.00, SINR_SOURCE: 5.05, SINR_TARGET: 13.13, TIME_TO_TRIGGER: 8.00, A3_OFFSET: 8.00, HOF: 1
TIMESTAMP: 134, UE_ID: 248, CELL_SOURCE_ID: 17, CELL_TARGET_ID: 13, RSRP_SOURCE: -107.99, RSRP_TARGET: -97.20, RSRQ_SOURCE: -3.00, RSRQ_TARGET: -3.00, SINR_SOURCE: 1.18, SINR_TARGET: 14.72, TIME_TO_TRIGGER: 8.00, A3_OFFSET: 8.00, HOF: 1
TIMESTAMP: 176, UE_ID: 268, CELL_SOURCE_ID: 15, CELL_TARGET_ID: 2, RSRP_SOURCE: -101.11, RSRP_TARGET: -91.93, RSRQ_SOURCE: -3.00, RSRQ_TARGET: -3.00, SINR_SOURCE: 6.63, SINR_TARGET: 16.55, TIME_TO_TRIGGER: 8.00, A3_OFFSET: 8.00, HOF: 1
