TIMESTAMP: 14, UE_ID: 249, CELL_SOURCE_ID: 2, CELL_TARGET_ID: 1, RSRP_SOURCE: -81.74, RSRP_TARGET: -73.16, RSRQ_SOURCE: -3.00, RSRQ_TARGET: -3.00, SINR_SOURCE: 29.73, SINR_TARGET: 38.18, TIME_TO_TRIGGER: 8.00, A3_OFFSET: 8.00, HOF: 1
TIMESTAMP: 16, UE_ID: 246, CELL_SOURCE_ID: 10, CELL_TARGET_ID: 1, RSRP_SOURCE: -82.85, RSRP_TARGET: -53.00, RSRQ_SOURCE: -3.00, RSRQ_TARGET: -3.00, SINR_SOURCE: 22.02, SINR_TARGET: 57.80, TIME_TO_TRIGGER: 8.00, A3_OFFSET: 8.00, HOF: 1
TIMESTAMP: 20, UE_ID: 243, CELL_SOURCE_ID: 9, CELL_TARGET_ID: 1, RSRP_SOURCE: -79.04, RSRP_TARGET: -36.64, RSRQ_SOURCE: -3.00, RSRQ_TARGET: -3.00, SINR_SOURCE: 31.77, SINR_TARGET: 74.52, TIME_TO_TRIGGER: 8.00, A3_OFFSET: 8.00, HOF: 1
TIMESTAMP: 20, UE_ID: 249, CELL_SOURCE_ID: 1, CELL_TARGET_ID: 2, RSRP_SOURCE: -87.05, RSRP_TARGET: -76.92, RSRQ_SOURCE: -3.00, RSRQ_TARGET: -3.00, SINR_SOURCE: 21.56, SINR_TARGET: 35.47, TIME_TO_TRIGGER: 8.00, A3_OFFSET: 8.00, HOF: 1
TIMESTAMP: 31, UE_ID: 248, CELL_SOURCE_ID: 9, CELL_TARGET_ID: 1, RSRP_SOURCE: -91.94, RSRP_TARGET: -73.87, RSRQ_SOURCE: -3.00, RSRQ_TARGET: -3.00, SINR_SOURCE: 15.70, SINR_TARGET: 36.56, TIME_TO_TRIGGER: 8.00, A3_OFFSET: 8.00, HOF: 1
TIMESTAMP: 35, UE_ID: 249, CELL_SOURCE_ID: 2, CELL_TARGET_ID: 1, RSRP_SOURCE: -61.67, RSRP_TARGET: -52.96, RSRQ_SOURCE: -3.00, RSRQ_TARGET: -3.00, SINR_SOURCE: 50.96, SINR_TARGET: 58.37, TIME_TO_TRIGGER: 8.00, A3_OFFSET: 8.00, HOF: 1
TIMESTAMP: 35, UE_ID: 260, CELL_SOURCE_ID: 10, CELL_TARGET_ID: 1, RSRP_SOURCE: -84.41, RSRP_TARGET: -67.21, RSRQ_SOURCE: -3.00, RSRQ_TARGET: -3.00, SINR_SOURCE: 24.05, SINR_TARGET: 43.85, TIME_TO_TRIGGER: 8.00, A3_OFFSET: 8.00, HOF: 1
TIMESTAMP: 35, UE_ID: 293, CELL_SOURCE_ID: 12, CELL_TARGET_ID: 1, RSRP_SOURCE: -76.48, RSRP_TARGET: -64.92, RSRQ_SOURCE: -3.00, RSRQ_TARGET: -3.00, SINR_SOURCE: 31.99, SINR_TARGET: 44.75, TIME_TO_TRIGGER: 8.00, A3_OFFSET: 8.00, HOF: 1
TIMESTAMP: 36, UE_ID: 262, CELL_SOURCE_ID: 2, CELL_TARGET_ID: 1, RSRP_SOURCE: -84.97, RSRP_TARGET: -76.60, RSRQ_SOURCE: -3.00, RSRQ_TARGET: -3.00, SINR_SOURCE: 27.13, SINR_TARGET: 31.60, TIME_TO_TRIGGER: 8.00, A3_OFFSET: 8.00, HOF: 1
TIMESTAMP: 39, UE_ID: 243, CELL_SOURCE_ID: 1, CELL_TARGET_ID: 2, RSRP_SOURCE: -81.04, RSRP_TARGET: -69.99, RSRQ_SOURCE: -3.00, RSRQ_TARGET: -3.00, SINR_SOURCE: 28.63, SINR_TARGET: 40.54, TIME_TO_TRIGGER: 8.00, A3_OFFSET: 8.00, HOF: 1
TIMESTAMP: 39, UE_ID: 246, CELL_SOURCE_ID: 1, CELL_TARGET_ID: 2, RSRP_SOURCE: -74.85, RSRP_TARGET: -66.38, RSRQ_SOURCE: -3.00, RSRQ_TARGET: -3.00, SINR_SOURCE: 32.91, SINR_TARGET: 43.15, TIME_TO_TRIGGER: 8.00, A3_OFFSET: 8.00, HOF: 1
TIMESTAMP: 39, UE_ID: 249, CELL_SOURCE_ID: 1, CELL_TARGET_ID: 2, RSRP_SOURCE: -89.68, RSRP_TARGET: -81.19, RSRQ_SOURCE: -3.00, RSRQ_TARGET: -3.00, SINR_SOURCE: 19.76, SINR_TARGET: 28.28, TIME_TO_TRIGGER: 8.00, A3_OFFSET: 8.00, HOF: 1
TIMESTAMP: 39, UE_ID: 262, CELL_SOURCE_ID: 1, CELL_TARGET_ID: 2, RSRP_SOURCE: -84.96, RSRP_TARGET: -74.74, RSRQ_SOURCE: -3.00, RSRQ_TARGET: -3.00, SINR_SOURCE: 23.43, SINR_TARGET: 34.45, TIME_TO_TRIGGER: 8.00, A3_OFFSET: 8.00, HOF: 1
TIMESTAMP: 40, UE_ID: 241, CELL_SOURCE_ID: 17, CELL_TARGET_ID: 1, RSRP_SOURCE: -81.84, RSRP_TARGET: -68.88, RSRQ_SOURCE: -3.00, RSRQ_TARGET: -3.00, SINR_SOURCE: 29.62, SINR_TARGET: 43.15, TIME_TO_TRIGGER: 8.00, A3_OFFSET: 8.00, HOF: 1
TIMESTAMP: 45, UE_ID: 244, CELL_SOURCE_ID: 13, CELL_TARGET_ID: 1, RSRP_SOURCE: -88.95, RSRP_TARGET: -75.67, RSRQ_SOURCE: -3.00, RSRQ_TARGET: -3.00, SINR_SOURCE: 23.81, SINR_TARGET: 33.40, TIME_TO_TRIGGER: 8.00, A3_OFFSET: 8.00, HOF: 1
TIMESTAMP: 48, UE_ID: 287, CELL_SOURCE_ID: 17, CELL_TARGET_ID: 1, RSRP_SOURCE: -66.52, RSRP_TARGET: -58.42, RSRQ_SOURCE: -3.00, RSRQ_TARGET: -3.00, SINR_SOURCE: 44.02, SINR_TARGET: 50.48, TIME_TO_TRIGGER: 8.00, A3_OFFSET: 8.00, HOF: 1
TIMESTAMP: 49, UE_ID: 243, CELL_SOURCE_ID: 2, CELL_TARGET_ID: 1, RSRP_SOURCE: -88.06, RSRP_TARGET: -79.28, RSRQ_SOURCE: -3.00, RSRQ_TARGET: -3.00, SINR_SOURCE: 20.06, SINR_TARGET: 30.37, TIME_TO_TRIGGER: 8.00, A3_OFFSET: 8.00, HOF: 1
TIMESTAMP: 49, UE_ID: 246, CELL_SOURCE_ID: 2, CELL_TARGET_ID: 1, RSRP_SOURCE: -89.41, RSRP_TARGET: -80.88, RSRQ_SOURCE: -3.00, RSRQ_TARGET: -3.00, SINR_SOURCE: 20.67, SINR_TARGET: 29.92, TIME_TO_TRIGGER: 8.00, A3_OFFSET: 8.00, HOF: 1
TIMESTAMP: 49, UE_ID: 249, CELL_SOURCE_ID: 2, CELL_TARGET_ID: 1, RSRP_SOURCE: -86.15, RSRP_TARGET: -77.12, RSRQ_SOURCE: -3.00, RSRQ_TARGET: -3.00, SINR_SOURCE: 23.55, SINR_TARGET: 27.63, TIME_TO_TRIGGER: 8.00, A3_OFFSET: 8.00, HOF: 1
TIMESTAMP: 49, UE_ID: 280, CELL_SOURCE_ID: 16, CELL_TARGET_ID: 1, RSRP_SOURCE: -97.24, RSRP_TARGET: -87.86, RSRQ_SOURCE: -3.00, RSRQ_TARGET: -3.00, SINR_SOURCE: 13.84, SINR_TARGET: 23.95, TIME_TO_TRIGGER: 8.00, A3_OFFSET: 8.00, HOF: 1
TIMESTAMP: 50, UE_ID: 253, CELL_SOURCE_ID: 17, CELL_TARGET_ID: 1, RSRP_SOURCE: -95.81, RSRP_TARGET: -83.03, RSRQ_SOURCE: -3.00, RSRQ_TARGET: -3.00, SINR_SOURCE: 13.58, SINR_TARGET: 27.11, TIME_TO_TRIGGER: 8.00, A3_OFFSET: 8.00, HOF: 1
TIMESTAMP: 50, UE_ID: 259, CELL_SOURCE_ID: 11, CELL_TARGET_ID: 1, RSRP_SOURCE: -91.01, RSRP_TARGET: -77.48, RSRQ_SOURCE: -3.00, RSRQ_TARGET: -3.00, SINR_SOURCE: 18.38, SINR_TARGET: 33.27, TIME_TO_TRIGGER: 8.00, A3_OFFSET: 8.00, HOF: 1
TIMESTAMP: 50, UE_ID: 274, CELL_SOURCE_ID: 9, CELL_TARGET_ID: 1, RSRP_SOURCE: -95.82, RSRP_TARGET: -85.33, RSRQ_SOURCE: -3.00, RSRQ_TARGET: -3.00, SINR_SOURCE: 17.13, SINR_TARGET: 27.76, TIME_TO_TRIGGER: 8.00, A3_OFFSET: 8.00, HOF: 1
TIMESTAMP: 50, UE_ID: 296, CELL_SOURCE_ID: 3, CELL_TARGET_ID: 1, RSRP_SOURCE: -85.41, RSRP_TARGET: -75.38, RSRQ_SOURCE: -3.00, RSRQ_TARGET: -3.00, SINR_SOURCE: 20.60, SINR_TARGET: 37.48, TIME_TO_TRIGGER: 8.00, A3_OFFSET: 8.00, HOF: 1
TIMESTAMP: 52, UE_ID: 267, CELL_SOURCE_ID: 17, CELL_TARGET_ID: 5, RSRP_SOURCE: -101.71, RSRP_TARGET: -88.67, RSRQ_SOURCE: -3.00, RSRQ_TARGET: -3.00, SINR_SOURCE: 10.69, SINR_TARGET: 23.77, TIME_TO_TRIGGER: 8.00, A3_OFFSET: 8.00, HOF: 1
TIMESTAMP: 53, UE_ID: 265, CELL_SOURCE_ID: 3, CELL_TARGET_ID: 1, RSRP_SOURCE: -97.90, RSRP_TARGET: -88.10, RSRQ_SOURCE: -3.00, RSRQ_TARGET: -3.00, SINR_SOURCE: 13.78, SINR_TARGET: 22.22, TIME_TO_TRIGGER: 8.00, A3_OFFSET: 8.00, HOF: 1
TIMESTAMP: 53, UE_ID: 278, CELL_SOURCE_ID: 10, CELL_TARGET_ID: 1, RSRP_SOURCE: -88.72, RSRP_TARGET: -76.45, RSRQ_SOURCE: -3.00, RSRQ_TARGET: -3.00, SINR_SOURCE: 24.41, SINR_TARGET: 33.15, TIME_TO_TRIGGER: 8.00, A3_OFFSET: 8.00, HOF: 1
TIMESTAMP: 53, UE_ID: 300, CELL_SOURCE_ID: 9, CELL_TARGET_ID: 1, RSRP_SOURCE: -91.18, RSRP_TARGET: -78.53, RSRQ_SOURCE: -3.00, RSRQ_TARGET: -3.00, SINR_SOURCE: 18.54, SINR_TARGET: 28.44, TIME_TO_TRIGGER: 8.00, A3_OFFSET: 8.00, HOF: 1
TIMESTAMP: 57, UE_ID: 244, CELL_SOURCE_ID: 1, CELL_TARGET_ID: 2, RSRP_SOURCE: -90.25, RSRP_TARGET: -78.78, RSRQ_SOURCE: -3.00, RSRQ_TARGET: -3.00, SINR_SOURCE: 19.16, SINR_TARGET: 31.46, TIME_TO_TRIGGER: 8.00, A3_OFFSET: 8.00, HOF: 1
TIMESTAMP: 57, UE_ID: 246, CELL_SOURCE_ID: 1, CELL_TARGET_ID: 2, RSRP_SOURCE: -90.12, RSRP_TARGET: -80.96, RSRQ_SOURCE: -3.00, RSRQ_TARGET: -3.00, SINR_SOURCE: 19.32, SINR_TARGET: 28.66, TIME_TO_TRIGGER: 8.00, A3_OFFSET: 8.00, HOF: 1
TIMESTAMP: 57, UE_ID: 253, CELL_SOURCE_ID: 1, CELL_TARGET_ID: 2, RSRP_SOURCE: -97.48, RSRP_TARGET: -89.26, RSRQ_SOURCE: -3.00, RSRQ_TARGET: -3.00, SINR_SOURCE: 11.83, SINR_TARGET: 20.01, TIME_TO_TRIGGER: 8.00, A3_OFFSET: 8.00, HOF: 1
TIMESTAMP: 57, UE_ID: 274, CELL_SOURCE_ID: 1, CELL_TARGET_ID: 2, RSRP_SOURCE: -98.04, RSRP_TARGET: -89.20, RSRQ_SOURCE: -3.00, RSRQ_TARGET: -3.00, SINR_SOURCE: 11.65, SINR_TARGET: 21.28, TIME_TO_TRIGGER: 8.00, A3_OFFSET: 8.00, HOF: 1
TIMESTAMP: 59, UE_ID: 257, CELL_SOURCE_ID: 19, CELL_TARGET_ID: 1, RSRP_SOURCE: -95.15, RSRP_TARGET: -85.50, RSRQ_SOURCE: -3.00, RSRQ_TARGET: -3.00, SINR_SOURCE: 14.96, SINR_TARGET: 27.04, TIME_TO_TRIGGER: 8.00, A3_OFFSET: 8.00, HOF: 1
TIMESTAMP: 59, UE_ID: 273, CELL_SOURCE_ID: 19, CELL_TARGET_ID: 1, RSRP_SOURCE: -106.65, RSRP_TARGET: -90.90, RSRQ_SOURCE: -3.00, RSRQ_TARGET: -3.00, SINR_SOURCE: 5.22, SINR_TARGET: 17.36, TIME_TO_TRIGGER: 8.00, A3_OFFSET: 8.00, HOF: 1
TIMESTAMP: 59, UE_ID: 294, CELL_SOURCE_ID: 19, CELL_TARGET_ID: 1, RSRP_SOURCE: -98.19, RSRP_TARGET: -84.48, RSRQ_SOURCE: -3.00, RSRQ_TARGET: -3.00, SINR_SOURCE: 14.17, SINR_TARGET: 24.19, TIME_TO_TRIGGER: 8.00, A3_OFFSET: 8.00, HOF: 1
TIMESTAMP: 65, UE_ID: 272, CELL_SOURCE_ID: 12, CELL_TARGET_ID: 1, RSRP_SOURCE: -90.15, RSRP_TARGET: -76.43, RSRQ_SOURCE: -3.00, RSRQ_TARGET: -3.00, SINR_SOURCE: 15.03, SINR_TARGET: 32.71, TIME_TO_TRIGGER: 8.00, A3_OFFSET: 8.00, HOF: 1
TIMESTAMP: 69, UE_ID: 244, CELL_SOURCE_ID: 2, CELL_TARGET_ID: 1, RSRP_SOURCE: -88.41, RSRP_TARGET: -77.55, RSRQ_SOURCE: -3.00, RSRQ_TARGET: -3.00, SINR_SOURCE: 19.90, SINR_TARGET: 32.14, TIME_TO_TRIGGER: 8.00, A3_OFFSET: 8.00, HOF: 1
TIMESTAMP: 69, UE_ID: 246, CELL_SOURCE_ID: 2, CELL_TARGET_ID: 1, RSRP_SOURCE: -93.70, RSRP_TARGET: -84.57, RSRQ_SOURCE: -3.00, RSRQ_TARGET: -3.00, SINR_SOURCE: 16.22, SINR_TARGET: 21.33, TIME_TO_TRIGGER: 8.00, A3_OFFSET: 8.00, HOF: 1
TIMESTAMP: 69, UE_ID: 253, CELL_SOURCE_ID: 2, CELL_TARGET_ID: 1, RSRP_SOURCE: -100.03, RSRP_TARGET: -91.79, RSRQ_SOURCE: -3.00, RSRQ_TARGET: -3.00, SINR_SOURCE: 8.21, SINR_TARGET: 20.32, TIME_TO_TRIGGER: 8.00, A3_OFFSET: 8.00, HOF: 1
TIMESTAMP: 72, UE_ID: 249, CELL_SOURCE_ID: 1, CELL_TARGET_ID: 3, RSRP_SOURCE: -101.81, RSRP_TARGET: -92.41, RSRQ_SOURCE: -3.00, RSRQ_TARGET: -3.00, SINR_SOURCE: 6.70, SINR_TARGET: 15.75, TIME_TO_TRIGGER: 8.00, A3_OFFSET: 8.00, HOF: 1
TIMESTAMP: 77, UE_ID: 292, CELL_SOURCE_ID: 9, CELL_TARGET_ID: 10, RSRP_SOURCE: -108.54, RSRP_TARGET: -94.70, RSRQ_SOURCE: -3.00, RSRQ_TARGET: -3.00, SINR_SOURCE: 1.28, SINR_TARGET: 16.61, TIME_TO_TRIGGER: 8.00, A3_OFFSET: 8.00, HOF: 1
TIMESTAMP: 77, UE_ID: 296, CELL_SOURCE_ID: 1, CELL_TARGET_ID: 2, RSRP_SOURCE: -94.29, RSRP_TARGET: -84.89, RSRQ_SOURCE: -3.00, RSRQ_TARGET: -3.00, SINR_SOURCE: 10.91, SINR_TARGET: 21.34, TIME_TO_TRIGGER: 8.00, A3_OFFSET: 8.00, HOF: 1
TIMESTAMP: 77, UE_ID: 298, CELL_SOURCE_ID: 1, CELL_TARGET_ID: 13, RSRP_SOURCE: -109.84, RSRP_TARGET: -96.11, RSRQ_SOURCE: -3.00, RSRQ_TARGET: -3.00, SINR_SOURCE: 0.45, SINR_TARGET: 14.80, TIME_TO_TRIGGER: 8.00, A3_OFFSET: 8.00, HOF: 1
TIMESTAMP: 77, UE_ID: 300, CELL_SOURCE_ID: 1, CELL_TARGET_ID: 2, RSRP_SOURCE: -95.85, RSRP_TARGET: -86.78, RSRQ_SOURCE: -3.00, RSRQ_TARGET: -3.00, SINR_SOURCE: 13.97, SINR_TARGET: 24.53, TIME_TO_TRIGGER: 8.00, A3_OFFSET: 8.00, HOF: 1
TIMESTAMP: 80, UE_ID: 249, CELL_SOURCE_ID: 3, CELL_TARGET_ID: 1, RSRP_SOURCE: -102.89, RSRP_TARGET: -91.57, RSRQ_SOURCE: -3.00, RSRQ_TARGET: -3.00, SINR_SOURCE: 2.61, SINR_TARGET: 18.20, TIME_TO_TRIGGER: 8.00, A3_OFFSET: 8.00, HOF: 1
TIMESTAMP: 80, UE_ID: 262, CELL_SOURCE_ID: 2, CELL_TARGET_ID: 1, RSRP_SOURCE: -101.08, RSRP_TARGET: -92.91, RSRQ_SOURCE: -3.00, RSRQ_TARGET: -3.00, SINR_SOURCE: 10.28, SINR_TARGET: 14.10, TIME_TO_TRIGGER: 8.00, A3_OFFSET: 8.00, HOF: 1
TIMESTAMP: 80, UE_ID: 268, CELL_SOURCE_ID: 17, CELL_TARGET_ID: 1, RSRP_SOURCE: -95.43, RSRP_TARGET: -87.31, RSRQ_SOURCE: -3.00, RSRQ_TARGET: -3.00, SINR_SOURCE: 15.64, SINR_TARGET: 21.13, TIME_TO_TRIGGER: 8.00, A3_OFFSET: 8.00, HOF: 1
TIMESTAMP: 80, UE_ID: 300, CELL_SOURCE_ID: 2, CELL_TARGET_ID: 1, RSRP_SOURCE: -99.10, RSRP_TARGET: -88.73, RSRQ_SOURCE: -3.00, RSRQ_TARGET: -3.00, SINR_SOURCE: 11.68, SINR_TARGET: 18.38, TIME_TO_TRIGGER: 8.00, A3_OFFSET: 8.00, HOF: 1
TIMESTAMP: 81, UE_ID: 251, CELL_SOURCE_ID: 19, CELL_TARGET_ID: 2, RSRP_SOURCE: -102.77, RSRP_TARGET: -91.82, RSRQ_SOURCE: -3.00, RSRQ_TARGET: -3.00, SINR_SOURCE: 6.00, SINR_TARGET: 20.94, TIME_TO_TRIGGER: 8.00, A3_OFFSET: 8.00, HOF: 1
TIMESTAMP: 81, UE_ID: 253, CELL_SOURCE_ID: 1, CELL_TARGET_ID: 2, RSRP_SOURCE: -103.06, RSRP_TARGET: -94.00, RSRQ_SOURCE: -3.00, RSRQ_TARGET: -3.00, SINR_SOURCE: 10.23, SINR_TARGET: 18.73, TIME_TO_TRIGGER: 8.00, A3_OFFSET: 8.00, HOF: 1
TIMESTAMP: 83, UE_ID: 253, CELL_SOURCE_ID: 2, CELL_TARGET_ID: 4, RSRP_SOURCE: -100.22, RSRP_TARGET: -90.42, RSRQ_SOURCE: -3.00, RSRQ_TARGET: -3.00, SINR_SOURCE: 7.95, SINR_TARGET: 21.98, TIME_TO_TRIGGER: 8.00, A3_OFFSET: 8.00, HOF: 1
TIMESTAMP: 83, UE_ID: 265, CELL_SOURCE_ID: 1, CELL_TARGET_ID: 4, RSRP_SOURCE: -107.81, RSRP_TARGET: -96.78, RSRQ_SOURCE: -3.00, RSRQ_TARGET: -3.00, SINR_SOURCE: 2.09, SINR_TARGET: 13.18, TIME_TO_TRIGGER: 8.00, A3_OFFSET: 8.00, HOF: 1
TIMESTAMP: 83, UE_ID: 296, CELL_SOURCE_ID: 2, CELL_TARGET_ID: 4, RSRP_SOURCE: -103.26, RSRP_TARGET: -93.11, RSRQ_SOURCE: -3.00, RSRQ_TARGET: -3.00, SINR_SOURCE: 5.76, SINR_TARGET: 14.33, TIME_TO_TRIGGER: 8.00, A3_OFFSET: 8.00, HOF: 1
TIMESTAMP: 84, UE_ID: 244, CELL_SOURCE_ID: 1, CELL_TARGET_ID: 2, RSRP_SOURCE: -102.05, RSRP_TARGET: -93.29, RSRQ_SOURCE: -3.00, RSRQ_TARGET: -3.00, SINR_SOURCE: 5.84, SINR_TARGET: 18.72, TIME_TO_TRIGGER: 8.00, A3_OFFSET: 8.00, HOF: 1
TIMESTAMP: 84, UE_ID: 259, CELL_SOURCE_ID: 1, CELL_TARGET_ID: 2, RSRP_SOURCE: -101.00, RSRP_TARGET: -92.66, RSRQ_SOURCE: -3.00, RSRQ_TARGET: -3.00, SINR_SOURCE: 7.73, SINR_TARGET: 16.06, TIME_TO_TRIGGER: 8.00, A3_OFFSET: 8.00, HOF: 1
TIMESTAMP: 84, UE_ID: 262, CELL_SOURCE_ID: 1, CELL_TARGET_ID: 2, RSRP_SOURCE: -109.21, RSRP_TARGET: -98.29, RSRQ_SOURCE: -3.00, RSRQ_TARGET: -3.00, SINR_SOURCE: -1.17, SINR_TARGET: 12.40, TIME_TO_TRIGGER: 8.00, A3_OFFSET: 8.00, HOF: 1
TIMESTAMP: 85, UE_ID: 243, CELL_SOURCE_ID: 1, CELL_TARGET_ID: 2, RSRP_SOURCE: -92.58, RSRP_TARGET: -81.81, RSRQ_SOURCE: -3.00, RSRQ_TARGET: -3.00, SINR_SOURCE: 21.89, SINR_TARGET: 25.69, TIME_TO_TRIGGER: 8.00, A3_OFFSET: 8.00, HOF: 1
TIMESTAMP: 85, UE_ID: 257, CELL_SOURCE_ID: 1, CELL_TARGET_ID: 2, RSRP_SOURCE: -101.21, RSRP_TARGET: -91.57, RSRQ_SOURCE: -3.00, RSRQ_TARGET: -3.00, SINR_SOURCE: 8.64, SINR_TARGET: 16.86, TIME_TO_TRIGGER: 8.00, A3_OFFSET: 8.00, HOF: 1
TIMESTAMP: 85, UE_ID: 260, CELL_SOURCE_ID: 1, CELL_TARGET_ID: 2, RSRP_SOURCE: -92.11, RSRP_TARGET: -82.73, RSRQ_SOURCE: -3.00, RSRQ_TARGET: -3.00, SINR_SOURCE: 17.43, SINR_TARGET: 29.53, TIME_TO_TRIGGER: 8.00, A3_OFFSET: 8.00, HOF: 1
TIMESTAMP: 85, UE_ID: 267, CELL_SOURCE_ID: 5, CELL_TARGET_ID: 2, RSRP_SOURCE: -108.31, RSRP_TARGET: -99.78, RSRQ_SOURCE: -3.00, RSRQ_TARGET: -3.00, SINR_SOURCE: 1.24, SINR_TARGET: 8.34, TIME_TO_TRIGGER: 8.00, A3_OFFSET: 8.00, HOF: 1
TIMESTAMP: 85, UE_ID: 272, CELL_SOURCE_ID: 1, CELL_TARGET_ID: 2, RSRP_SOURCE: -104.81, RSRP_TARGET: -94.53, RSRQ_SOURCE: -3.00, RSRQ_TARGET: -3.00, SINR_SOURCE: -1.15, SINR_TARGET: 15.30, TIME_TO_TRIGGER: 8.00, A3_OFFSET: 8.00, HOF: 1
TIMESTAMP: 85, UE_ID: 278, CELL_SOURCE_ID: 1, CELL_TARGET_ID: 2, RSRP_SOURCE: -98.89, RSRP_TARGET: -90.30, RSRQ_SOURCE: -3.00, RSRQ_TARGET: -3.00, SINR_SOURCE: 11.28, SINR_TARGET: 19.86, TIME_TO_TRIGGER: 8.00, A3_OFFSET: 8.00, HOF: 1
TIMESTAMP: 85, UE_ID: 293, CELL_SOURCE_ID: 1, CELL_TARGET_ID: 2, RSRP_SOURCE: -95.02, RSRP_TARGET: -84.63, RSRQ_SOURCE: -3.00, RSRQ_TARGET: -3.00, SINR_SOURCE: 11.08, SINR_TARGET: 28.48, TIME_TO_TRIGGER: 8.00, A3_OFFSET: 8.00, HOF: 1
TIMESTAMP: 89, UE_ID: 253, CELL_SOURCE_ID: 4, CELL_TARGET_ID: 5, RSRP_SOURCE: -104.94, RSRP_TARGET: -95.95, RSRQ_SOURCE: -3.00, RSRQ_TARGET: -3.00, SINR_SOURCE: 2.49, SINR_TARGET: 14.28, TIME_TO_TRIGGER: 8.00, A3_OFFSET: 8.00, HOF: 1
TIMESTAMP: 93, UE_ID: 266, CELL_SOURCE_ID: 15, CELL_TARGET_ID: 1, RSRP_SOURCE: -65.91, RSRP_TARGET: -56.66, RSRQ_SOURCE: -3.00, RSRQ_TARGET: -3.00, SINR_SOURCE: 43.76, SINR_TARGET: 56.62, TIME_TO_TRIGGER: 8.00, A3_OFFSET: 8.00, HOF: 1
TIMESTAMP: 97, UE_ID: 243, CELL_SOURCE_ID: 2, CELL_TARGET_ID: 6, RSRP_SOURCE: -104.33, RSRP_TARGET: -94.48, RSRQ_SOURCE: -3.00, RSRQ_TARGET: -3.00, SINR_SOURCE: 5.25, SINR_TARGET: 14.14, TIME_TO_TRIGGER: 8.00, A3_OFFSET: 8.00, HOF: 1
TIMESTAMP: 97, UE_ID: 267, CELL_SOURCE_ID: 2, CELL_TARGET_ID: 6, RSRP_SOURCE: -106.97, RSRP_TARGET: -94.01, RSRQ_SOURCE: -3.00, RSRQ_TARGET: -3.00, SINR_SOURCE: 7.15, SINR_TARGET: 14.51, TIME_TO_TRIGGER: 8.00, A3_OFFSET: 8.00, HOF: 1
TIMESTAMP: 97, UE_ID: 293, CELL_SOURCE_ID: 2, CELL_TARGET_ID: 5, RSRP_SOURCE: -106.71, RSRP_TARGET: -98.71, RSRQ_SOURCE: -3.00, RSRQ_TARGET: -3.00, SINR_SOURCE: 5.41, SINR_TARGET: 13.47, TIME_TO_TRIGGER: 8.00, A3_OFFSET: 8.00, HOF: 1
TIMESTAMP: 98, UE_ID: 300, CELL_SOURCE_ID: 1, CELL_TARGET_ID: 3, RSRP_SOURCE: -102.01, RSRP_TARGET: -93.91, RSRQ_SOURCE: -3.00, RSRQ_TARGET: -3.00, SINR_SOURCE: 8.76, SINR_TARGET: 14.66, TIME_TO_TRIGGER: 8.00, A3_OFFSET: 8.00, HOF: 1
TIMESTAMP: 99, UE_ID: 244, CELL_SOURCE_ID: 2, CELL_TARGET_ID: 4, RSRP_SOURCE: -105.73, RSRP_TARGET: -93.16, RSRQ_SOURCE: -3.00, RSRQ_TARGET: -3.00, SINR_SOURCE: 4.66, SINR_TARGET: 18.62, TIME_TO_TRIGGER: 8.00, A3_OFFSET: 8.00, HOF: 1
TIMESTAMP: 99, UE_ID: 246, CELL_SOURCE_ID: 1, CELL_TARGET_ID: 4, RSRP_SOURCE: -102.73, RSRP_TARGET: -89.52, RSRQ_SOURCE: -3.00, RSRQ_TARGET: -3.00, SINR_SOURCE: 8.53, SINR_TARGET: 20.67, TIME_TO_TRIGGER: 8.00, A3_OFFSET: 8.00, HOF: 1
TIMESTAMP: 99, UE_ID: 262, CELL_SOURCE_ID: 2, CELL_TARGET_ID: 4, RSRP_SOURCE: -102.53, RSRP_TARGET: -93.03, RSRQ_SOURCE: -3.00, RSRQ_TARGET: -3.00, SINR_SOURCE: 8.23, SINR_TARGET: 18.89, TIME_TO_TRIGGER: 8.00, A3_OFFSET: 8.00, HOF: 1
TIMESTAMP: 99, UE_ID: 274, CELL_SOURCE_ID: 2, CELL_TARGET_ID: 4, RSRP_SOURCE: -106.96, RSRP_TARGET: -96.71, RSRQ_SOURCE: -3.00, RSRQ_TARGET: -3.00, SINR_SOURCE: 5.14, SINR_TARGET: 13.38, TIME_TO_TRIGGER: 8.00, A3_OFFSET: 8.00, HOF: 1
TIMESTAMP: 102, UE_ID: 247, CELL_SOURCE_ID: 19, CELL_TARGET_ID: 1, RSRP_SOURCE: -108.85, RSRP_TARGET: -98.82, RSRQ_SOURCE: -3.00, RSRQ_TARGET: -3.00, SINR_SOURCE: 1.73, SINR_TARGET: 9.12, TIME_TO_TRIGGER: 8.00, A3_OFFSET: 8.00, HOF: 1
TIMESTAMP: 102, UE_ID: 266, CELL_SOURCE_ID: 1, CELL_TARGET_ID: 14, RSRP_SOURCE: -101.42, RSRP_TARGET: -93.36, RSRQ_SOURCE: -3.00, RSRQ_TARGET: -3.00, SINR_SOURCE: 6.85, SINR_TARGET: 14.15, TIME_TO_TRIGGER: 8.00, A3_OFFSET: 8.00, HOF: 1
TIMESTAMP: 102, UE_ID: 300, CELL_SOURCE_ID: 3, CELL_TARGET_ID: 1, RSRP_SOURCE: -96.94, RSRP_TARGET: -87.27, RSRQ_SOURCE: -3.00, RSRQ_TARGET: -3.00, SINR_SOURCE: 14.50, SINR_TARGET: 21.96, TIME_TO_TRIGGER: 8.00, A3_OFFSET: 8.00, HOF: 1
TIMESTAMP: 103, UE_ID: 272, CELL_SOURCE_ID: 2, CELL_TARGET_ID: 6, RSRP_SOURCE: -107.91, RSRP_TARGET: -96.77, RSRQ_SOURCE: -3.00, RSRQ_TARGET: -3.00, SINR_SOURCE: -0.95, SINR_TARGET: 12.61, TIME_TO_TRIGGER: 8.00, A3_OFFSET: 8.00, HOF: 1
TIMESTAMP: 104, UE_ID: 246, CELL_SOURCE_ID: 4, CELL_TARGET_ID: 2, RSRP_SOURCE: -106.44, RSRP_TARGET: -95.79, RSRQ_SOURCE: -3.00, RSRQ_TARGET: -3.00, SINR_SOURCE: 2.82, SINR_TARGET: 14.26, TIME_TO_TRIGGER: 8.00, A3_OFFSET: 8.00, HOF: 1
TIMESTAMP: 104, UE_ID: 262, CELL_SOURCE_ID: 4, CELL_TARGET_ID: 1, RSRP_SOURCE: -98.81, RSRP_TARGET: -88.86, RSRQ_SOURCE: -3.00, RSRQ_TARGET: -3.00, SINR_SOURCE: 11.11, SINR_TARGET: 18.78, TIME_TO_TRIGGER: 8.00, A3_OFFSET: 8.00, HOF: 1
TIMESTAMP: 106, UE_ID: 292, CELL_SOURCE_ID: 10, CELL_TARGET_ID: 9, RSRP_SOURCE: -108.13, RSRP_TARGET: -99.06, RSRQ_SOURCE: -3.00, RSRQ_TARGET: -3.00, SINR_SOURCE: -0.23, SINR_TARGET: 9.56, TIME_TO_TRIGGER: 8.00, A3_OFFSET: 8.00, HOF: 1
TIMESTAMP: 107, UE_ID: 285, CELL_SOURCE_ID: 4, CELL_TARGET_ID: 5, RSRP_SOURCE: -108.33, RSRP_TARGET: -95.80, RSRQ_SOURCE: -3.00, RSRQ_TARGET: -3.00, SINR_SOURCE: 2.21, SINR_TARGET: 15.24, TIME_TO_TRIGGER: 8.00, A3_OFFSET: 8.00, HOF: 1
TIMESTAMP: 110, UE_ID: 243, CELL_SOURCE_ID: 6, CELL_TARGET_ID: 1, RSRP_SOURCE: -103.44, RSRP_TARGET: -91.47, RSRQ_SOURCE: -3.00, RSRQ_TARGET: -3.00, SINR_SOURCE: 5.62, SINR_TARGET: 17.86, TIME_TO_TRIGGER: 8.00, A3_OFFSET: 8.00, HOF: 1
TIMESTAMP: 112, UE_ID: 247, CELL_SOURCE_ID: 1, CELL_TARGET_ID: 3, RSRP_SOURCE: -105.91, RSRP_TARGET: -93.66, RSRQ_SOURCE: -3.00, RSRQ_TARGET: -3.00, SINR_SOURCE: 5.49, SINR_TARGET: 18.89, TIME_TO_TRIGGER: 8.00, A3_OFFSET: 8.00, HOF: 1
TIMESTAMP: 112, UE_ID: 262, CELL_SOURCE_ID: 1, CELL_TARGET_ID: 3, RSRP_SOURCE: -101.89, RSRP_TARGET: -92.25, RSRQ_SOURCE: -3.00, RSRQ_TARGET: -3.00, SINR_SOURCE: 9.70, SINR_TARGET: 17.52, TIME_TO_TRIGGER: 8.00, A3_OFFSET: 8.00, HOF: 1
TIMESTAMP: 112, UE_ID: 281, CELL_SOURCE_ID: 5, CELL_TARGET_ID: 3, RSRP_SOURCE: -105.19, RSRP_TARGET: -94.14, RSRQ_SOURCE: -3.00, RSRQ_TARGET: -3.00, SINR_SOURCE: 4.23, SINR_TARGET: 15.64, TIME_TO_TRIGGER: 8.00, A3_OFFSET: 8.00, HOF: 1
TIMESTAMP: 113, UE_ID: 243, CELL_SOURCE_ID: 1, CELL_TARGET_ID: 2, RSRP_SOURCE: -99.14, RSRP_TARGET: -87.73, RSRQ_SOURCE: -3.00, RSRQ_TARGET: -3.00, SINR_SOURCE: 10.17, SINR_TARGET: 20.12, TIME_TO_TRIGGER: 8.00, A3_OFFSET: 8.00, HOF: 1
TIMESTAMP: 113, UE_ID: 294, CELL_SOURCE_ID: 1, CELL_TARGET_ID: 4, RSRP_SOURCE: -109.86, RSRP_TARGET: -98.57, RSRQ_SOURCE: -3.00, RSRQ_TARGET: -3.00, SINR_SOURCE: -2.39, SINR_TARGET: 8.36, TIME_TO_TRIGGER: 8.00, A3_OFFSET: 8.00, HOF: 1
TIMESTAMP: 114, UE_ID: 253, CELL_SOURCE_ID: 5, CELL_TARGET_ID: 1, RSRP_SOURCE: -101.20, RSRP_TARGET: -91.81, RSRQ_SOURCE: -3.00, RSRQ_TARGET: -3.00, SINR_SOURCE: 9.70, SINR_TARGET: 17.86, TIME_TO_TRIGGER: 8.00, A3_OFFSET: 8.00, HOF: 1
TIMESTAMP: 116, UE_ID: 281, CELL_SOURCE_ID: 3, CELL_TARGET_ID: 1, RSRP_SOURCE: -105.48, RSRP_TARGET: -94.87, RSRQ_SOURCE: -3.00, RSRQ_TARGET: -3.00, SINR_SOURCE: 7.97, SINR_TARGET: 14.57, TIME_TO_TRIGGER: 8.00, A3_OFFSET: 8.00, HOF: 1
TIMESTAMP: 117, UE_ID: 247, CELL_SOURCE_ID: 3, CELL_TARGET_ID: 1, RSRP_SOURCE: -101.24, RSRP_TARGET: -92.91, RSRQ_SOURCE: -3.00, RSRQ_TARGET: -3.00, SINR_SOURCE: 10.89, SINR_TARGET: 19.08, TIME_TO_TRIGGER: 8.00, A3_OFFSET: 8.00, HOF: 1
TIMESTAMP: 117, UE_ID: 262, CELL_SOURCE_ID: 3, CELL_TARGET_ID: 1, RSRP_SOURCE: -107.01, RSRP_TARGET: -98.19, RSRQ_SOURCE: -3.00, RSRQ_TARGET: -3.00, SINR_SOURCE: -0.24, SINR_TARGET: 10.69, TIME_TO_TRIGGER: 8.00, A3_OFFSET: 8.00, HOF: 1
TIMESTAMP: 119, UE_ID: 253, CELL_SOURCE_ID: 1, CELL_TARGET_ID: 2, RSRP_SOURCE: -108.34, RSRP_TARGET: -99.90, RSRQ_SOURCE: -3.00, RSRQ_TARGET: -3.00, SINR_SOURCE: 4.59, SINR_TARGET: 10.04, TIME_TO_TRIGGER: 8.00, A3_OFFSET: 8.00, HOF: 1
TIMESTAMP: 119, UE_ID: 266, CELL_SOURCE_ID: 14, CELL_TARGET_ID: 2, RSRP_SOURCE: -98.82, RSRP_TARGET: -90.53, RSRQ_SOURCE: -3.00, RSRQ_TARGET: -3.00, SINR_SOURCE: 13.73, SINR_TARGET: 20.36, TIME_TO_TRIGGER: 8.00, A3_OFFSET: 8.00, HOF: 1
TIMESTAMP: 120, UE_ID: 281, CELL_SOURCE_ID: 1, CELL_TARGET_ID: 14, RSRP_SOURCE: -107.81, RSRP_TARGET: -97.61, RSRQ_SOURCE: -3.00, RSRQ_TARGET: -3.00, SINR_SOURCE: 2.84, SINR_TARGET: 12.14, TIME_TO_TRIGGER: 8.00, A3_OFFSET: 8.00, HOF: 1
TIMESTAMP: 121, UE_ID: 247, CELL_SOURCE_ID: 5, CELL_TARGET_ID: 9, RSRP_SOURCE: -109.57, RSRP_TARGET: -98.61, RSRQ_SOURCE: -3.00, RSRQ_TARGET: -3.00, SINR_SOURCE: 0.03, SINR_TARGET: 10.14, TIME_TO_TRIGGER: 8.00, A3_OFFSET: 8.00, HOF: 1
TIMESTAMP: 122, UE_ID: 280, CELL_SOURCE_ID: 1, CELL_TARGET_ID: 4, RSRP_SOURCE: -106.22, RSRP_TARGET: -97.48, RSRQ_SOURCE: -3.00, RSRQ_TARGET: -3.00, SINR_SOURCE: 0.02, SINR_TARGET: 14.11, TIME_TO_TRIGGER: 8.00, A3_OFFSET: 8.00, HOF: 1
TIMESTAMP: 122, UE_ID: 287, CELL_SOURCE_ID: 1, CELL_TARGET_ID: 4, RSRP_SOURCE: -108.23, RSRP_TARGET: -97.32, RSRQ_SOURCE: -3.00, RSRQ_TARGET: -3.00, SINR_SOURCE: 3.27, SINR_TARGET: 12.89, TIME_TO_TRIGGER: 8.00, A3_OFFSET: 8.00, HOF: 1
TIMESTAMP: 122, UE_ID: 299, CELL_SOURCE_ID: 6, CELL_TARGET_ID: 8, RSRP_SOURCE: -109.16, RSRP_TARGET: -99.96, RSRQ_SOURCE: -3.00, RSRQ_TARGET: -3.00, SINR_SOURCE: 0.63, SINR_TARGET: 9.34, TIME_TO_TRIGGER: 8.00, A3_OFFSET: 8.00, HOF: 1
TIMESTAMP: 123, UE_ID: 266, CELL_SOURCE_ID: 2, CELL_TARGET_ID: 1, RSRP_SOURCE: -103.95, RSRP_TARGET: -94.92, RSRQ_SOURCE: -3.00, RSRQ_TARGET: -3.00, SINR_SOURCE: 5.71, SINR_TARGET: 15.20, TIME_TO_TRIGGER: 8.00, A3_OFFSET: 8.00, HOF: 1
TIMESTAMP: 124, UE_ID: 283, CELL_SOURCE_ID: 16, CELL_TARGET_ID: 2, RSRP_SOURCE: -106.86, RSRP_TARGET: -97.65, RSRQ_SOURCE: -3.00, RSRQ_TARGET: -3.00, SINR_SOURCE: 2.43, SINR_TARGET: 12.57, TIME_TO_TRIGGER: 8.00, A3_OFFSET: 8.00, HOF: 1
TIMESTAMP: 126, UE_ID: 264, CELL_SOURCE_ID: 9, CELL_TARGET_ID: 7, RSRP_SOURCE: -107.91, RSRP_TARGET: -96.51, RSRQ_SOURCE: -3.00, RSRQ_TARGET: -3.00, SINR_SOURCE: 4.50, SINR_TARGET: 14.64, TIME_TO_TRIGGER: 8.00, A3_OFFSET: 8.00, HOF: 1
TIMESTAMP: 126, UE_ID: 281, CELL_SOURCE_ID: 14, CELL_TARGET_ID: 2, RSRP_SOURCE: -108.14, RSRP_TARGET: -99.94, RSRQ_SOURCE: -3.00, RSRQ_TARGET: -3.00, SINR_SOURCE: -1.00, SINR_TARGET: 10.36, TIME_TO_TRIGGER: 8.00, A3_OFFSET: 8.00, HOF: 1
TIMESTAMP: 127, UE_ID: 250, CELL_SOURCE_ID: 10, CELL_TARGET_ID: 1, RSRP_SOURCE: -106.85, RSRP_TARGET: -97.35, RSRQ_SOURCE: -3.00, RSRQ_TARGET: -3.00, SINR_SOURCE: -0.10, SINR_TARGET: 12.46, TIME_TO_TRIGGER: 8.00, A3_OFFSET: 8.00, HOF: 1
TIMESTAMP: 127, UE_ID: 270, CELL_SOURCE_ID: 10, CELL_TARGET_ID: 1, RSRP_SOURCE: -104.55, RSRP_TARGET: -96.10, RSRQ_SOURCE: -3.00, RSRQ_TARGET: -3.00, SINR_SOURCE: 7.49, SINR_TARGET: 14.21, TIME_TO_TRIGGER: 8.00, A3_OFFSET: 8.00, HOF: 1
TIMESTAMP: 127, UE_ID: 288, CELL_SOURCE_ID: 10, CELL_TARGET_ID: 17, RSRP_SOURCE: -107.99, RSRP_TARGET: -98.29, RSRQ_SOURCE: -3.00, RSRQ_TARGET: -3.00, SINR_SOURCE: 5.63, SINR_TARGET: 13.92, TIME_TO_TRIGGER: 8.00, A3_OFFSET: 8.00, HOF: 1
TIMESTAMP: 128, UE_ID: 284, CELL_SOURCE_ID: 18, CELL_TARGET_ID: 17, RSRP_SOURCE: -106.18, RSRP_TARGET: -95.50, RSRQ_SOURCE: -3.00, RSRQ_TARGET: -3.00, SINR_SOURCE: 3.58, SINR_TARGET: 17.10, TIME_TO_TRIGGER: 8.00, A3_OFFSET: 8.00, HOF: 1
TIMESTAMP: 129, UE_ID: 259, CELL_SOURCE_ID: 16, CELL_TARGET_ID: 1, RSRP_SOURCE: -108.43, RSRP_TARGET: -99.90, RSRQ_SOURCE: -3.00, RSRQ_TARGET: -3.00, SINR_SOURCE: 0.61, SINR_TARGET: 9.17, TIME_TO_TRIGGER: 8.00, A3_OFFSET: 8.00, HOF: 1
TIMESTAMP: 129, UE_ID: 271, CELL_SOURCE_ID: 18, CELL_TARGET_ID: 13, RSRP_SOURCE: -106.11, RSRP_TARGET: -97.88, RSRQ_SOURCE: -3.00, RSRQ_TARGET: -3.00, SINR_SOURCE: 5.55, SINR_TARGET: 11.43, TIME_TO_TRIGGER: 8.00, A3_OFFSET: 8.00, HOF: 1
TIMESTAMP: 132, UE_ID: 281, CELL_SOURCE_ID: 2, CELL_TARGET_ID: 1, RSRP_SOURCE: -107.51, RSRP_TARGET: -97.76, RSRQ_SOURCE: -3.00, RSRQ_TARGET: -3.00, SINR_SOURCE: 4.01, SINR_TARGET: 10.93, TIME_TO_TRIGGER: 8.00, A3_OFFSET: 8.00, HOF: 1
TIMESTAMP: 134, UE_ID: 299, CELL_SOURCE_ID: 8, CELL_TARGET_ID: 20, RSRP_SOURCE: -109.39, RSRP_TARGET: -98.90, RSRQ_SOURCE: -3.00, RSRQ_TARGET: -3.00, SINR_SOURCE: 3.08, SINR_TARGET: 9.50, TIME_TO_TRIGGER: 8.00, A3_OFFSET: 8.00, HOF: 1
TIMESTAMP: 137, UE_ID: 259, CELL_SOURCE_ID: 1, CELL_TARGET_ID: 14, RSRP_SOURCE: -109.98, RSRP_TARGET: -95.77, RSRQ_SOURCE: -3.00, RSRQ_TARGET: -3.00, SINR_SOURCE: -0.41, SINR_TARGET: 14.76, TIME_TO_TRIGGER: 8.00, A3_OFFSET: 8.00, HOF: 1
TIMESTAMP: 138, UE_ID: 297, CELL_SOURCE_ID: 16, CELL_TARGET_ID: 20, RSRP_SOURCE: -109.07, RSRP_TARGET: -98.54, RSRQ_SOURCE: -3.00, RSRQ_TARGET: -3.00, SINR_SOURCE: 1.20, SINR_TARGET: 10.48, TIME_TO_TRIGGER: 8.00, A3_OFFSET: 8.00, HOF: 1
TIMESTAMP: 139, UE_ID: 260, CELL_SOURCE_ID: 5, CELL_TARGET_ID: 13, RSRP_SOURCE: -109.77, RSRP_TARGET: -97.92, RSRQ_SOURCE: -3.00, RSRQ_TARGET: -3.00, SINR_SOURCE: -3.13, SINR_TARGET: 15.69, TIME_TO_TRIGGER: 8.00, A3_OFFSET: 8.00, HOF: 1
TIMESTAMP: 142, UE_ID: 273, CELL_SOURCE_ID: 9, CELL_TARGET_ID: 7, RSRP_SOURCE: -105.45, RSRP_TARGET: -96.72, RSRQ_SOURCE: -3.00, RSRQ_TARGET: -3.00, SINR_SOURCE: 5.18, SINR_TARGET: 14.15, TIME_TO_TRIGGER: 8.00, A3_OFFSET: 8.00, HOF: 1
TIMESTAMP: 143, UE_ID: 256, CELL_SOURCE_ID: 20, CELL_TARGET_ID: 5, RSRP_SOURCE: -109.92, RSRP_TARGET: -96.25, RSRQ_SOURCE: -3.00, RSRQ_TARGET: -3.00, SINR_SOURCE: -0.44, SINR_TARGET: 13.63, TIME_TO_TRIGGER: 8.00, A3_OFFSET: 8.00, HOF: 1
TIMESTAMP: 143, UE_ID: 269, CELL_SOURCE_ID: 7, CELL_TARGET_ID: 1, RSRP_SOURCE: -108.14, RSRP_TARGET: -98.80, RSRQ_SOURCE: -3.00, RSRQ_TARGET: -3.00, SINR_SOURCE: 1.34, SINR_TARGET: 11.26, TIME_TO_TRIGGER: 8.00, A3_OFFSET: 8.00, HOF: 1
TIMESTAMP: 146, UE_ID: 291, CELL_SOURCE_ID: 6, CELL_TARGET_ID: 7, RSRP_SOURCE: -108.80, RSRP_TARGET: -78.09, RSRQ_SOURCE: -3.00, RSRQ_TARGET: -3.00, SINR_SOURCE: -1.47, SINR_TARGET: 30.31, TIME_TO_TRIGGER: 8.00, A3_OFFSET: 8.00, HOF: 1
TIMESTAMP: 147, UE_ID: 259, CELL_SOURCE_ID: 14, CELL_TARGET_ID: 1, RSRP_SOURCE: -104.15, RSRP_TARGET: -94.38, RSRQ_SOURCE: -3.00, RSRQ_TARGET: -3.00, SINR_SOURCE: 7.02, SINR_TARGET: 17.86, TIME_TO_TRIGGER: 8.00, A3_OFFSET: 8.00, HOF: 1
TIMESTAMP: 147, UE_ID: 284, CELL_SOURCE_ID: 13, CELL_TARGET_ID: 1, RSRP_SOURCE: -109.16, RSRP_TARGET: -98.76, RSRQ_SOURCE: -3.00, RSRQ_TARGET: -3.00, SINR_SOURCE: 2.93, SINR_TARGET: 14.53, TIME_TO_TRIGGER: 8.00, A3_OFFSET: 8.00, HOF: 1
TIMESTAMP: 148, UE_ID: 293, CELL_SOURCE_ID: 6, CELL_TARGET_ID: 4, RSRP_SOURCE: -106.37, RSRP_TARGET: -98.20, RSRQ_SOURCE: -3.00, RSRQ_TARGET: -3.00, SINR_SOURCE: 4.64, SINR_TARGET: 14.80, TIME_TO_TRIGGER: 8.00, A3_OFFSET: 8.00, HOF: 1
TIMESTAMP: 149, UE_ID: 260, CELL_SOURCE_ID: 13, CELL_TARGET_ID: 1, RSRP_SOURCE: -102.76, RSRP_TARGET: -93.81, RSRQ_SOURCE: -3.00, RSRQ_TARGET: -3.00, SINR_SOURCE: 6.26, SINR_TARGET: 16.43, TIME_TO_TRIGGER: 8.00, A3_OFFSET: 8.00, HOF: 1
TIMESTAMP: 152, UE_ID: 275, CELL_SOURCE_ID: 18, CELL_TARGET_ID: 6, RSRP_SOURCE: -107.52, RSRP_TARGET: -99.24, RSRQ_SOURCE: -3.00, RSRQ_TARGET: -3.00, SINR_SOURCE: -0.50, SINR_TARGET: 12.56, TIME_TO_TRIGGER: 8.00, A3_OFFSET: 8.00, HOF: 1
TIMESTAMP: 152, UE_ID: 280, CELL_SOURCE_ID: 13, CELL_TARGET_ID: 2, RSRP_SOURCE: -108.12, RSRP_TARGET: -98.98, RSRQ_SOURCE: -3.00, RSRQ_TARGET: -3.00, SINR_SOURCE: -1.10, SINR_TARGET: 15.33, TIME_TO_TRIGGER: 8.00, A3_OFFSET: 8.00, HOF: 1
TIMESTAMP: 153, UE_ID: 244, CELL_SOURCE_ID: 21, CELL_TARGET_ID: 16, RSRP_SOURCE: -109.08, RSRP_TARGET: -99.78, RSRQ_SOURCE: -3.00, RSRQ_TARGET: -3.00, SINR_SOURCE: 2.69, SINR_TARGET: 9.41, TIME_TO_TRIGGER: 8.00, A3_OFFSET: 8.00, HOF: 1
TIMESTAMP: 155, UE_ID: 274, CELL_SOURCE_ID: 16, CELL_TARGET_ID: 1, RSRP_SOURCE: -102.14, RSRP_TARGET: -93.05, RSRQ_SOURCE: -3.00, RSRQ_TARGET: -3.00, SINR_SOURCE: 8.81, SINR_TARGET: 24.08, TIME_TO_TRIGGER: 8.00, A3_OFFSET: 8.00, HOF: 1
TIMESTAMP: 156, UE_ID: 257, CELL_SOURCE_ID: 17, CELL_TARGET_ID: 2, RSRP_SOURCE: -103.58, RSRP_TARGET: -95.57, RSRQ_SOURCE: -3.00, RSRQ_TARGET: -3.00, SINR_SOURCE: 4.69, SINR_TARGET: 10.96, TIME_TO_TRIGGER: 8.00, A3_OFFSET: 8.00, HOF: 1
TIMESTAMP: 159, UE_ID: 258, CELL_SOURCE_ID: 11, CELL_TARGET_ID: 13, RSRP_SOURCE: -108.81, RSRP_TARGET: -98.18, RSRQ_SOURCE: -3.00, RSRQ_TARGET: -3.00, SINR_SOURCE: 4.57, SINR_TARGET: 12.37, TIME_TO_TRIGGER: 8.00, A3_OFFSET: 8.00, HOF: 1
TIMESTAMP: 160, UE_ID: 287, CELL_SOURCE_ID: 6, CELL_TARGET_ID: 4, RSRP_SOURCE: -106.39, RSRP_TARGET: -97.48, RSRQ_SOURCE: -3.00, RSRQ_TARGET: -3.00, SINR_SOURCE: 4.59, SINR_TARGET: 15.41, TIME_TO_TRIGGER: 8.00, A3_OFFSET: 8.00, HOF: 1
TIMESTAMP: 164, UE_ID: 300, CELL_SOURCE_ID: 21, CELL_TARGET_ID: 6, RSRP_SOURCE: -106.84, RSRP_TARGET: -98.65, RSRQ_SOURCE: -3.00, RSRQ_TARGET: -3.00, SINR_SOURCE: 1.64, SINR_TARGET: 11.48, TIME_TO_TRIGGER: 8.00, A3_OFFSET: 8.00, HOF: 1
TIMESTAMP: 167, UE_ID: 278, CELL_SOURCE_ID: 4, CELL_TARGET_ID: 8, RSRP_SOURCE: -109.23, RSRP_TARGET: -99.77, RSRQ_SOURCE: -3.00, RSRQ_TARGET: -3.00, SINR_SOURCE: 3.22, SINR_TARGET: 9.56, TIME_TO_TRIGGER: 8.00, A3_OFFSET: 8.00, HOF: 1
TIMESTAMP: 168, UE_ID: 300, CELL_SOURCE_ID: 6, CELL_TARGET_ID: 1, RSRP_SOURCE: -105.82, RSRP_TARGET: -94.64, RSRQ_SOURCE: -3.00, RSRQ_TARGET: -3.00, SINR_SOURCE: 2.59, SINR_TARGET: 12.98, TIME_TO_TRIGGER: 8.00, A3_OFFSET: 8.00, HOF: 1
TIMESTAMP: 170, UE_ID: 253, CELL_SOURCE_ID: 21, CELL_TARGET_ID: 4, RSRP_SOURCE: -106.23, RSRP_TARGET: -96.61, RSRQ_SOURCE: -3.00, RSRQ_TARGET: -3.00, SINR_SOURCE: 0.08, SINR_TARGET: 16.14, TIME_TO_TRIGGER: 8.00, A3_OFFSET: 8.00, HOF: 1
TIMESTAMP: 171, UE_ID: 248, CELL_SOURCE_ID: 18, CELL_TARGET_ID: 12, RSRP_SOURCE: -106.74, RSRP_TARGET: -98.72, RSRQ_SOURCE: -3.00, RSRQ_TARGET: -3.00, SINR_SOURCE: 5.00, SINR_TARGET: 15.58, TIME_TO_TRIGGER: 8.00, A3_OFFSET: 8.00, HOF: 1
TIMESTAMP: 173, UE_ID: 241, CELL_SOURCE_ID: 12, CELL_TARGET_ID: 3, RSRP_SOURCE: -107.00, RSRP_TARGET: -98.80, RSRQ_SOURCE: -3.00, RSRQ_TARGET: -3.00, SINR_SOURCE: 4.86, SINR_TARGET: 9.23, TIME_TO_TRIGGER: 8.00, A3_OFFSET: 8.00, HOF: 1
TIMESTAMP: 176, UE_ID: 287, CELL_SOURCE_ID: 6, CELL_TARGET_ID: 1, RSRP_SOURCE: -107.06, RSRP_TARGET: -95.50, RSRQ_SOURCE: -3.00, RSRQ_TARGET: -3.00, SINR_SOURCE: 5.78, SINR_TARGET: 13.48, TIME_TO_TRIGGER: 8.00, A3_OFFSET: 8.00, HOF: 1
TIMESTAMP: 180, UE_ID: 273, CELL_SOURCE_ID: 12, CELL_TARGET_ID: 2, RSRP_SOURCE: -107.05, RSRP_TARGET: -98.46, RSRQ_SOURCE: -3.00, RSRQ_TARGET: -3.00, SINR_SOURCE: 2.48, SINR_TARGET: 12.13, TIME_TO_TRIGGER: 8.00, A3_OFFSET: 8.00, HOF: 1
TIMESTAMP: 181, UE_ID: 251, CELL_SOURCE_ID: 15, CELL_TARGET_ID: 21, RSRP_SOURCE: -107.31, RSRP_TARGET: -96.79, RSRQ_SOURCE: -3.00, RSRQ_TARGET: -3.00, SINR_SOURCE: 1.59, SINR_TARGET: 11.18, TIME_TO_TRIGGER: 8.00, A3_OFFSET: 8.00, HOF: 1
TIMESTAMP: 181, UE_ID: 285, CELL_SOURCE_ID: 6, CELL_TARGET_ID: 7, RSRP_SOURCE: -106.88, RSRP_TARGET: -96.76, RSRQ_SOURCE: -3.00, RSRQ_TARGET: -3.00, SINR_SOURCE: -1.60, SINR_TARGET: 12.33, TIME_TO_TRIGGER: 8.00, A3_OFFSET: 8.00, HOF: 1
TIMESTAMP: 181, UE_ID: 287, CELL_SOURCE_ID: 1, CELL_TARGET_ID: 12, RSRP_SOURCE: -108.17, RSRP_TARGET: -97.59, RSRQ_SOURCE: -3.00, RSRQ_TARGET: -3.00, SINR_SOURCE: 1.04, SINR_TARGET: 13.68, TIME_TO_TRIGGER: 8.00, A3_OFFSET: 8.00, HOF: 1
TIMESTAMP: 185, UE_ID: 293, CELL_SOURCE_ID: 21, CELL_TARGET_ID: 2, RSRP_SOURCE: -105.83, RSRP_TARGET: -93.51, RSRQ_SOURCE: -3.00, RSRQ_TARGET: -3.00, SINR_SOURCE: 4.73, SINR_TARGET: 17.17, TIME_TO_TRIGGER: 8.00, A3_OFFSET: 8.00, HOF: 1
TIMESTAMP: 188, UE_ID: 273, CELL_SOURCE_ID: 13, CELL_TARGET_ID: 4, RSRP_SOURCE: -107.77, RSRP_TARGET: -97.84, RSRQ_SOURCE: -3.00, RSRQ_TARGET: -3.00, SINR_SOURCE: 3.69, SINR_TARGET: 11.68, TIME_TO_TRIGGER: 8.00, A3_OFFSET: 8.00, HOF: 1
TIMESTAMP: 189, UE_ID: 278, CELL_SOURCE_ID: 4, CELL_TARGET_ID: 6, RSRP_SOURCE: -104.71, RSRP_TARGET: -94.91, RSRQ_SOURCE: -3.00, RSRQ_TARGET: -3.00, SINR_SOURCE: 5.13, SINR_TARGET: 15.43, TIME_TO_TRIGGER: 8.00, A3_OFFSET: 8.00, HOF: 1
TIMESTAMP: 189, UE_ID: 281, CELL_SOURCE_ID: 11, CELL_TARGET_ID: 12, RSRP_SOURCE: -109.91, RSRP_TARGET: -99.94, RSRQ_SOURCE: -3.00, RSRQ_TARGET: -3.00, SINR_SOURCE: -1.19, SINR_TARGET: 8.11, TIME_TO_TRIGGER: 8.00, A3_OFFSET: 8.00, HOF: 1
TIMESTAMP: 191, UE_ID: 293, CELL_SOURCE_ID: 4, CELL_TARGET_ID: 5, RSRP_SOURCE: -107.51, RSRP_TARGET: -96.55, RSRQ_SOURCE: -3.00, RSRQ_TARGET: -3.00, SINR_SOURCE: 0.38, SINR_TARGET: 12.44, TIME_TO_TRIGGER: 8.00, A3_OFFSET: 8.00, HOF: 1
TIMESTAMP: 192, UE_ID: 248, CELL_SOURCE_ID: 3, CELL_TARGET_ID: 15, RSRP_SOURCE: -109.06, RSRP_TARGET: -98.42, RSRQ_SOURCE: -3.00, RSRQ_TARGET: -3.00, SINR_SOURCE: -0.90, SINR_TARGET: 12.69, TIME_TO_TRIGGER: 8.00, A3_OFFSET: 8.00, HOF: 1
TIMESTAMP: 195, UE_ID: 244, CELL_SOURCE_ID: 3, CELL_TARGET_ID: 1, RSRP_SOURCE: -105.11, RSRP_TARGET: -96.94, RSRQ_SOURCE: -3.00, RSRQ_TARGET: -3.00, SINR_SOURCE: 1.49, SINR_TARGET: 14.09, TIME_TO_TRIGGER: 8.00, A3_OFFSET: 8.00, HOF: 1
TIMESTAMP: 197, UE_ID: 264, CELL_SOURCE_ID: 14, CELL_TARGET_ID: 12, RSRP_SOURCE: -109.45, RSRP_TARGET: -99.50, RSRQ_SOURCE: -3.00, RSRQ_TARGET: -3.00, SINR_SOURCE: 1.79, SINR_TARGET: 8.45, TIME_TO_TRIGGER: 8.00, A3_OFFSET: 8.00, HOF: 1
TIMESTAMP: 202, UE_ID: 291, CELL_SOURCE_ID: 7, CELL_TARGET_ID: 10, RSRP_SOURCE: -109.80, RSRP_TARGET: -97.53, RSRQ_SOURCE: -3.00, RSRQ_TARGET: -3.00, SINR_SOURCE: 3.08, SINR_TARGET: 9.16, TIME_TO_TRIGGER: 8.00, A3_OFFSET: 8.00, HOF: 1
TIMESTAMP: 205, UE_ID: 287, CELL_SOURCE_ID: 7, CELL_TARGET_ID: 4, RSRP_SOURCE: -107.40, RSRP_TARGET: -95.76, RSRQ_SOURCE: -3.00, RSRQ_TARGET: -3.00, SINR_SOURCE: 0.20, SINR_TARGET: 12.45, TIME_TO_TRIGGER: 8.00, A3_OFFSET: 8.00, HOF: 1
TIMESTAMP: 207, UE_ID: 257, CELL_SOURCE_ID: 16, CELL_TARGET_ID: 21, RSRP_SOURCE: -109.61, RSRP_TARGET: -97.86, RSRQ_SOURCE: -3.00, RSRQ_TARGET: -3.00, SINR_SOURCE: 0.43, SINR_TARGET: 12.29, TIME_TO_TRIGGER: 8.00, A3_OFFSET: 8.00, HOF: 0
TIMESTAMP: 215, UE_ID: 294, CELL_SOURCE_ID: 10, CELL_TARGET_ID: 8, RSRP_SOURCE: -110.00, RSRP_TARGET: -99.90, RSRQ_SOURCE: -3.00, RSRQ_TARGET: -3.00, SINR_SOURCE: 0.86, SINR_TARGET: 11.63, TIME_TO_TRIGGER: 8.00, A3_OFFSET: 8.00, HOF: 1
TIMESTAMP: 218, UE_ID: 265, CELL_SOURCE_ID: 5, CELL_TARGET_ID: 6, RSRP_SOURCE: -109.49, RSRP_TARGET: -99.93, RSRQ_SOURCE: -3.00, RSRQ_TARGET: -3.00, SINR_SOURCE: 1.23, SINR_TARGET: 9.13, TIME_TO_TRIGGER: 8.00, A3_OFFSET: 8.00, HOF: 1
TIMESTAMP: 221, UE_ID: 292, CELL_SOURCE_ID: 11, CELL_TARGET_ID: 12, RSRP_SOURCE: -108.62, RSRP_TARGET: -98.93, RSRQ_SOURCE: -3.00, RSRQ_TARGET: -3.00, SINR_SOURCE: 0.19, SINR_TARGET: 11.30, TIME_TO_TRIGGER: 8.00, A3_OFFSET: 8.00, HOF: 1
