TIMESTAMP: 19, UE_ID: 249, CELL_SOURCE_ID: 1, CELL_TARGET_ID: 2, RSRP_SOURCE: -77.18, RSRP_TARGET: -67.09, RSRQ_SOURCE: -3.00, RSRQ_TARGET: -3.00, SINR_SOURCE: 30.15, SINR_TARGET: 43.42, TIME_TO_TRIGGER: 8.00, A3_OFFSET: 8.00, HOF: 1
TIMESTAMP: 19, UE_ID: 254, CELL_SOURCE_ID: 1, CELL_TARGET_ID: 2, RSRP_SOURCE: -78.38, RSRP_TARGET: -68.46, RSRQ_SOURCE: -3.00, RSRQ_TARGET: -3.00, SINR_SOURCE: 31.77, SINR_TARGET: 41.20, TIME_TO_TRIGGER: 8.00, A3_OFFSET: 8.00, HOF: 1
TIMESTAMP: 23, UE_ID: 246, CELL_SOURCE_ID: 12, CELL_TARGET_ID: 1, RSRP_SOURCE: -79.82, RSRP_TARGET: -60.33, RSRQ_SOURCE: -3.00, RSRQ_TARGET: -3.00, SINR_SOURCE: 33.97, SINR_TARGET: 49.69, TIME_TO_TRIGGER: 8.00, A3_OFFSET: 8.00, HOF: 1
TIMESTAMP: 29, UE_ID: 249, CELL_SOURCE_ID: 2, CELL_TARGET_ID: 1, RSRP_SOURCE: -90.53, RSRP_TARGET: -79.83, RSRQ_SOURCE: -3.00, RSRQ_TARGET: -3.00, SINR_SOURCE: 17.90, SINR_TARGET: 30.93, TIME_TO_TRIGGER: 8.00, A3_OFFSET: 8.00, HOF: 1
TIMESTAMP: 29, UE_ID: 254, CELL_SOURCE_ID: 2, CELL_TARGET_ID: 1, RSRP_SOURCE: -89.69, RSRP_TARGET: -80.01, RSRQ_SOURCE: -3.00, RSRQ_TARGET: -3.00, SINR_SOURCE: 19.80, SINR_TARGET: 33.14, TIME_TO_TRIGGER: 8.00, A3_OFFSET: 8.00, HOF: 1
TIMESTAMP: 32, UE_ID: 260, CELL_SOURCE_ID: 12, CELL_TARGET_ID: 1, RSRP_SOURCE: -78.99, RSRP_TARGET: -68.02, RSRQ_SOURCE: -3.00, RSRQ_TARGET: -3.00, SINR_SOURCE: 31.47, SINR_TARGET: 40.23, TIME_TO_TRIGGER: 8.00, A3_OFFSET: 8.00, HOF: 1
TIMESTAMP: 34, UE_ID: 278, CELL_SOURCE_ID: 12, CELL_TARGET_ID: 1, RSRP_SOURCE: -77.57, RSRP_TARGET: -68.46, RSRQ_SOURCE: -3.00, RSRQ_TARGET: -3.00, SINR_SOURCE: 31.57, SINR_TARGET: 39.55, TIME_TO_TRIGGER: 8.00, A3_OFFSET: 8.00, HOF: 1
TIMESTAMP: 35, UE_ID: 273, CELL_SOURCE_ID: 21, CELL_TARGET_ID: 1, RSRP_SOURCE: -81.47, RSRP_TARGET: -72.92, RSRQ_SOURCE: -3.00, RSRQ_TARGET: -3.00, SINR_SOURCE: 28.20, SINR_TARGET: 36.86, TIME_TO_TRIGGER: 8.00, A3_OFFSET: 8.00, HOF: 1
TIMESTAMP: 42, UE_ID: 241, CELL_SOURCE_ID: 16, CELL_TARGET_ID: 1, RSRP_SOURCE: -79.88, RSRP_TARGET: -65.00, RSRQ_SOURCE: -3.00, RSRQ_TARGET: -3.00, SINR_SOURCE: 28.23, SINR_TARGET: 44.69, TIME_TO_TRIGGER: 8.00, A3_OFFSET: 8.00, HOF: 1
TIMESTAMP: 42, UE_ID: 293, CELL_SOURCE_ID: 12, CELL_TARGET_ID: 1, RSRP_SOURCE: -94.60, RSRP_TARGET: -74.49, RSRQ_SOURCE: -3.00, RSRQ_TARGET: -3.00, SINR_SOURCE: 15.27, SINR_TARGET: 37.11, TIME_TO_TRIGGER: 8.00, A3_OFFSET: 8.00, HOF: 1
TIMESTAMP: 45, UE_ID: 243, CELL_SOURCE_ID: 1, CELL_TARGET_ID: 2, RSRP_SOURCE: -84.84, RSRP_TARGET: -75.19, RSRQ_SOURCE: -3.00, RSRQ_TARGET: -3.00, SINR_SOURCE: 22.83, SINR_TARGET: 33.88, TIME_TO_TRIGGER: 8.00, A3_OFFSET: 8.00, HOF: 1
TIMESTAMP: 45, UE_ID: 246, CELL_SOURCE_ID: 1, CELL_TARGET_ID: 2, RSRP_SOURCE: -90.66, RSRP_TARGET: -77.23, RSRQ_SOURCE: -3.00, RSRQ_TARGET: -3.00, SINR_SOURCE: 18.01, SINR_TARGET: 32.14, TIME_TO_TRIGGER: 8.00, A3_OFFSET: 8.00, HOF: 1
TIMESTAMP: 45, UE_ID: 249, CELL_SOURCE_ID: 1, CELL_TARGET_ID: 2, RSRP_SOURCE: -96.34, RSRP_TARGET: -87.93, RSRQ_SOURCE: -3.00, RSRQ_TARGET: -3.00, SINR_SOURCE: 10.38, SINR_TARGET: 22.65, TIME_TO_TRIGGER: 8.00, A3_OFFSET: 8.00, HOF: 1
TIMESTAMP: 45, UE_ID: 287, CELL_SOURCE_ID: 16, CELL_TARGET_ID: 1, RSRP_SOURCE: -92.97, RSRP_TARGET: -75.35, RSRQ_SOURCE: -3.00, RSRQ_TARGET: -3.00, SINR_SOURCE: 20.32, SINR_TARGET: 32.87, TIME_TO_TRIGGER: 8.00, A3_OFFSET: 8.00, HOF: 1
TIMESTAMP: 45, UE_ID: 296, CELL_SOURCE_ID: 1, CELL_TARGET_ID: 2, RSRP_SOURCE: -88.56, RSRP_TARGET: -79.57, RSRQ_SOURCE: -3.00, RSRQ_TARGET: -3.00, SINR_SOURCE: 20.22, SINR_TARGET: 33.39, TIME_TO_TRIGGER: 8.00, A3_OFFSET: 8.00, HOF: 1
TIMESTAMP: 46, UE_ID: 244, CELL_SOURCE_ID: 14, CELL_TARGET_ID: 1, RSRP_SOURCE: -77.56, RSRP_TARGET: -67.12, RSRQ_SOURCE: -3.00, RSRQ_TARGET: -3.00, SINR_SOURCE: 28.81, SINR_TARGET: 45.15, TIME_TO_TRIGGER: 8.00, A3_OFFSET: 8.00, HOF: 1
TIMESTAMP: 50, UE_ID: 251, CELL_SOURCE_ID: 19, CELL_TARGET_ID: 1, RSRP_SOURCE: -95.25, RSRP_TARGET: -83.08, RSRQ_SOURCE: -3.00, RSRQ_TARGET: -3.00, SINR_SOURCE: 14.14, SINR_TARGET: 26.50, TIME_TO_TRIGGER: 8.00, A3_OFFSET: 8.00, HOF: 1
TIMESTAMP: 51, UE_ID: 272, CELL_SOURCE_ID: 12, CELL_TARGET_ID: 1, RSRP_SOURCE: -96.25, RSRP_TARGET: -84.82, RSRQ_SOURCE: -3.00, RSRQ_TARGET: -3.00, SINR_SOURCE: 13.46, SINR_TARGET: 26.08, TIME_TO_TRIGGER: 8.00, A3_OFFSET: 8.00, HOF: 1
TIMESTAMP: 51, UE_ID: 296, CELL_SOURCE_ID: 2, CELL_TARGET_ID: 1, RSRP_SOURCE: -96.40, RSRP_TARGET: -88.28, RSRQ_SOURCE: -3.00, RSRQ_TARGET: -3.00, SINR_SOURCE: 10.91, SINR_TARGET: 20.41, TIME_TO_TRIGGER: 8.00, A3_OFFSET: 8.00, HOF: 1
TIMESTAMP: 52, UE_ID: 243, CELL_SOURCE_ID: 2, CELL_TARGET_ID: 1, RSRP_SOURCE: -85.33, RSRP_TARGET: -75.93, RSRQ_SOURCE: -3.00, RSRQ_TARGET: -3.00, SINR_SOURCE: 24.77, SINR_TARGET: 35.21, TIME_TO_TRIGGER: 8.00, A3_OFFSET: 8.00, HOF: 1
TIMESTAMP: 52, UE_ID: 246, CELL_SOURCE_ID: 2, CELL_TARGET_ID: 1, RSRP_SOURCE: -93.97, RSRP_TARGET: -85.79, RSRQ_SOURCE: -3.00, RSRQ_TARGET: -3.00, SINR_SOURCE: 14.90, SINR_TARGET: 28.39, TIME_TO_TRIGGER: 8.00, A3_OFFSET: 8.00, HOF: 1
TIMESTAMP: 57, UE_ID: 244, CELL_SOURCE_ID: 1, CELL_TARGET_ID: 2, RSRP_SOURCE: -90.25, RSRP_TARGET: -81.00, RSRQ_SOURCE: -3.00, RSRQ_TARGET: -3.00, SINR_SOURCE: 19.16, SINR_TARGET: 29.24, TIME_TO_TRIGGER: 8.00, A3_OFFSET: 8.00, HOF: 1
TIMESTAMP: 57, UE_ID: 260, CELL_SOURCE_ID: 1, CELL_TARGET_ID: 2, RSRP_SOURCE: -60.96, RSRP_TARGET: -51.39, RSRQ_SOURCE: -3.00, RSRQ_TARGET: -3.00, SINR_SOURCE: 50.62, SINR_TARGET: 59.96, TIME_TO_TRIGGER: 8.00, A3_OFFSET: 8.00, HOF: 1
TIMESTAMP: 68, UE_ID: 243, CELL_SOURCE_ID: 1, CELL_TARGET_ID: 2, RSRP_SOURCE: -92.79, RSRP_TARGET: -84.21, RSRQ_SOURCE: -3.00, RSRQ_TARGET: -3.00, SINR_SOURCE: 14.93, SINR_TARGET: 25.73, TIME_TO_TRIGGER: 8.00, A3_OFFSET: 8.00, HOF: 1
TIMESTAMP: 68, UE_ID: 246, CELL_SOURCE_ID: 1, CELL_TARGET_ID: 2, RSRP_SOURCE: -99.03, RSRP_TARGET: -85.93, RSRQ_SOURCE: -3.00, RSRQ_TARGET: -3.00, SINR_SOURCE: 10.75, SINR_TARGET: 28.45, TIME_TO_TRIGGER: 8.00, A3_OFFSET: 8.00, HOF: 1
TIMESTAMP: 68, UE_ID: 295, CELL_SOURCE_ID: 19, CELL_TARGET_ID: 2, RSRP_SOURCE: -100.76, RSRP_TARGET: -92.10, RSRQ_SOURCE: -3.00, RSRQ_TARGET: -3.00, SINR_SOURCE: 11.61, SINR_TARGET: 23.26, TIME_TO_TRIGGER: 8.00, A3_OFFSET: 8.00, HOF: 1
TIMESTAMP: 68, UE_ID: 296, CELL_SOURCE_ID: 1, CELL_TARGET_ID: 2, RSRP_SOURCE: -90.76, RSRP_TARGET: -82.74, RSRQ_SOURCE: -3.00, RSRQ_TARGET: -3.00, SINR_SOURCE: 24.60, SINR_TARGET: 26.93, TIME_TO_TRIGGER: 8.00, A3_OFFSET: 8.00, HOF: 1
TIMESTAMP: 68, UE_ID: 297, CELL_SOURCE_ID: 19, CELL_TARGET_ID: 6, RSRP_SOURCE: -103.53, RSRP_TARGET: -93.48, RSRQ_SOURCE: -3.00, RSRQ_TARGET: -3.00, SINR_SOURCE: 10.85, SINR_TARGET: 17.59, TIME_TO_TRIGGER: 8.00, A3_OFFSET: 8.00, HOF: 1
TIMESTAMP: 71, UE_ID: 246, CELL_SOURCE_ID: 2, CELL_TARGET_ID: 1, RSRP_SOURCE: -91.46, RSRP_TARGET: -82.58, RSRQ_SOURCE: -3.00, RSRQ_TARGET: -3.00, SINR_SOURCE: 15.70, SINR_TARGET: 29.66, TIME_TO_TRIGGER: 8.00, A3_OFFSET: 8.00, HOF: 1
TIMESTAMP: 71, UE_ID: 300, CELL_SOURCE_ID: 8, CELL_TARGET_ID: 1, RSRP_SOURCE: -92.29, RSRP_TARGET: -81.60, RSRQ_SOURCE: -3.00, RSRQ_TARGET: -3.00, SINR_SOURCE: 15.80, SINR_TARGET: 30.15, TIME_TO_TRIGGER: 8.00, A3_OFFSET: 8.00, HOF: 1
TIMESTAMP: 74, UE_ID: 244, CELL_SOURCE_ID: 2, CELL_TARGET_ID: 1, RSRP_SOURCE: -99.22, RSRP_TARGET: -90.24, RSRQ_SOURCE: -3.00, RSRQ_TARGET: -3.00, SINR_SOURCE: 11.97, SINR_TARGET: 19.95, TIME_TO_TRIGGER: 8.00, A3_OFFSET: 8.00, HOF: 1
TIMESTAMP: 74, UE_ID: 268, CELL_SOURCE_ID: 16, CELL_TARGET_ID: 1, RSRP_SOURCE: -91.81, RSRP_TARGET: -81.74, RSRQ_SOURCE: -3.00, RSRQ_TARGET: -3.00, SINR_SOURCE: 17.94, SINR_TARGET: 29.81, TIME_TO_TRIGGER: 8.00, A3_OFFSET: 8.00, HOF: 1
TIMESTAMP: 77, UE_ID: 245, CELL_SOURCE_ID: 11, CELL_TARGET_ID: 5, RSRP_SOURCE: -108.47, RSRP_TARGET: -98.17, RSRQ_SOURCE: -3.00, RSRQ_TARGET: -3.00, SINR_SOURCE: 2.74, SINR_TARGET: 9.99, TIME_TO_TRIGGER: 8.00, A3_OFFSET: 8.00, HOF: 1
TIMESTAMP: 77, UE_ID: 300, CELL_SOURCE_ID: 1, CELL_TARGET_ID: 2, RSRP_SOURCE: -92.17, RSRP_TARGET: -83.78, RSRQ_SOURCE: -3.00, RSRQ_TARGET: -3.00, SINR_SOURCE: 17.65, SINR_TARGET: 27.53, TIME_TO_TRIGGER: 8.00, A3_OFFSET: 8.00, HOF: 1
TIMESTAMP: 82, UE_ID: 281, CELL_SOURCE_ID: 5, CELL_TARGET_ID: 1, RSRP_SOURCE: -102.62, RSRP_TARGET: -93.28, RSRQ_SOURCE: -3.00, RSRQ_TARGET: -3.00, SINR_SOURCE: 6.10, SINR_TARGET: 17.91, TIME_TO_TRIGGER: 8.00, A3_OFFSET: 8.00, HOF: 1
TIMESTAMP: 85, UE_ID: 284, CELL_SOURCE_ID: 15, CELL_TARGET_ID: 3, RSRP_SOURCE: -102.12, RSRP_TARGET: -92.65, RSRQ_SOURCE: -3.00, RSRQ_TARGET: -3.00, SINR_SOURCE: 7.88, SINR_TARGET: 16.55, TIME_TO_TRIGGER: 8.00, A3_OFFSET: 8.00, HOF: 1
TIMESTAMP: 87, UE_ID: 260, CELL_SOURCE_ID: 2, CELL_TARGET_ID: 1, RSRP_SOURCE: -96.14, RSRP_TARGET: -87.72, RSRQ_SOURCE: -3.00, RSRQ_TARGET: -3.00, SINR_SOURCE: 16.26, SINR_TARGET: 22.58, TIME_TO_TRIGGER: 8.00, A3_OFFSET: 8.00, HOF: 1
TIMESTAMP: 87, UE_ID: 284, CELL_SOURCE_ID: 3, CELL_TARGET_ID: 1, RSRP_SOURCE: -107.52, RSRP_TARGET: -98.67, RSRQ_SOURCE: -3.00, RSRQ_TARGET: -3.00, SINR_SOURCE: 2.66, SINR_TARGET: 13.45, TIME_TO_TRIGGER: 8.00, A3_OFFSET: 8.00, HOF: 1
TIMESTAMP: 87, UE_ID: 291, CELL_SOURCE_ID: 14, CELL_TARGET_ID: 1, RSRP_SOURCE: -101.52, RSRP_TARGET: -89.37, RSRQ_SOURCE: -3.00, RSRQ_TARGET: -3.00, SINR_SOURCE: 11.37, SINR_TARGET: 17.56, TIME_TO_TRIGGER: 8.00, A3_OFFSET: 8.00, HOF: 1
TIMESTAMP: 87, UE_ID: 296, CELL_SOURCE_ID: 2, CELL_TARGET_ID: 1, RSRP_SOURCE: -103.11, RSRP_TARGET: -92.93, RSRQ_SOURCE: -3.00, RSRQ_TARGET: -3.00, SINR_SOURCE: 7.38, SINR_TARGET: 13.46, TIME_TO_TRIGGER: 8.00, A3_OFFSET: 8.00, HOF: 1
TIMESTAMP: 90, UE_ID: 300, CELL_SOURCE_ID: 2, CELL_TARGET_ID: 1, RSRP_SOURCE: -63.73, RSRP_TARGET: -55.43, RSRQ_SOURCE: -3.00, RSRQ_TARGET: -3.00, SINR_SOURCE: 45.34, SINR_TARGET: 59.25, TIME_TO_TRIGGER: 8.00, A3_OFFSET: 8.00, HOF: 1
TIMESTAMP: 91, UE_ID: 243, CELL_SOURCE_ID: 2, CELL_TARGET_ID: 1, RSRP_SOURCE: -103.47, RSRP_TARGET: -92.54, RSRQ_SOURCE: -3.00, RSRQ_TARGET: -3.00, SINR_SOURCE: 7.65, SINR_TARGET: 14.18, TIME_TO_TRIGGER: 8.00, A3_OFFSET: 8.00, HOF: 1
TIMESTAMP: 91, UE_ID: 256, CELL_SOURCE_ID: 17, CELL_TARGET_ID: 16, RSRP_SOURCE: -108.78, RSRP_TARGET: -99.52, RSRQ_SOURCE: -3.00, RSRQ_TARGET: -3.00, SINR_SOURCE: 2.44, SINR_TARGET: 7.32, TIME_TO_TRIGGER: 8.00, A3_OFFSET: 8.00, HOF: 1
TIMESTAMP: 95, UE_ID: 284, CELL_SOURCE_ID: 1, CELL_TARGET_ID: 3, RSRP_SOURCE: -102.04, RSRP_TARGET: -91.45, RSRQ_SOURCE: -3.00, RSRQ_TARGET: -3.00, SINR_SOURCE: 6.71, SINR_TARGET: 19.99, TIME_TO_TRIGGER: 8.00, A3_OFFSET: 8.00, HOF: 1
TIMESTAMP: 96, UE_ID: 244, CELL_SOURCE_ID: 1, CELL_TARGET_ID: 2, RSRP_SOURCE: -94.49, RSRP_TARGET: -83.65, RSRQ_SOURCE: -3.00, RSRQ_TARGET: -3.00, SINR_SOURCE: 17.75, SINR_TARGET: 26.60, TIME_TO_TRIGGER: 8.00, A3_OFFSET: 8.00, HOF: 1
TIMESTAMP: 96, UE_ID: 246, CELL_SOURCE_ID: 1, CELL_TARGET_ID: 2, RSRP_SOURCE: -99.95, RSRP_TARGET: -89.83, RSRQ_SOURCE: -3.00, RSRQ_TARGET: -3.00, SINR_SOURCE: 11.12, SINR_TARGET: 22.65, TIME_TO_TRIGGER: 8.00, A3_OFFSET: 8.00, HOF: 1
TIMESTAMP: 96, UE_ID: 289, CELL_SOURCE_ID: 1, CELL_TARGET_ID: 2, RSRP_SOURCE: -98.10, RSRP_TARGET: -87.47, RSRQ_SOURCE: -3.00, RSRQ_TARGET: -3.00, SINR_SOURCE: 10.60, SINR_TARGET: 20.03, TIME_TO_TRIGGER: 8.00, A3_OFFSET: 8.00, HOF: 1
TIMESTAMP: 96, UE_ID: 291, CELL_SOURCE_ID: 1, CELL_TARGET_ID: 2, RSRP_SOURCE: -101.00, RSRP_TARGET: -88.26, RSRQ_SOURCE: -3.00, RSRQ_TARGET: -3.00, SINR_SOURCE: 7.55, SINR_TARGET: 21.01, TIME_TO_TRIGGER: 8.00, A3_OFFSET: 8.00, HOF: 1
TIMESTAMP: 96, UE_ID: 296, CELL_SOURCE_ID: 1, CELL_TARGET_ID: 2, RSRP_SOURCE: -95.76, RSRP_TARGET: -87.58, RSRQ_SOURCE: -3.00, RSRQ_TARGET: -3.00, SINR_SOURCE: 11.92, SINR_TARGET: 20.01, TIME_TO_TRIGGER: 8.00, A3_OFFSET: 8.00, HOF: 1
TIMESTAMP: 97, UE_ID: 253, CELL_SOURCE_ID: 20, CELL_TARGET_ID: 19, RSRP_SOURCE: -107.49, RSRP_TARGET: -98.23, RSRQ_SOURCE: -3.00, RSRQ_TARGET: -3.00, SINR_SOURCE: 1.03, SINR_TARGET: 10.04, TIME_TO_TRIGGER: 8.00, A3_OFFSET: 8.00, HOF: 1
TIMESTAMP: 100, UE_ID: 289, CELL_SOURCE_ID: 2, CELL_TARGET_ID: 3, RSRP_SOURCE: -101.97, RSRP_TARGET: -93.21, RSRQ_SOURCE: -3.00, RSRQ_TARGET: -3.00, SINR_SOURCE: 7.05, SINR_TARGET: 15.51, TIME_TO_TRIGGER: 8.00, A3_OFFSET: 8.00, HOF: 1
TIMESTAMP: 102, UE_ID: 248, CELL_SOURCE_ID: 12, CELL_TARGET_ID: 10, RSRP_SOURCE: -109.00, RSRP_TARGET: -99.69, RSRQ_SOURCE: -3.00, RSRQ_TARGET: -3.00, SINR_SOURCE: -0.87, SINR_TARGET: 10.19, TIME_TO_TRIGGER: 8.00, A3_OFFSET: 8.00, HOF: 1
TIMESTAMP: 103, UE_ID: 256, CELL_SOURCE_ID: 16, CELL_TARGET_ID: 3, RSRP_SOURCE: -102.50, RSRP_TARGET: -93.22, RSRQ_SOURCE: -3.00, RSRQ_TARGET: -3.00, SINR_SOURCE: 8.88, SINR_TARGET: 15.18, TIME_TO_TRIGGER: 8.00, A3_OFFSET: 8.00, HOF: 1
TIMESTAMP: 108, UE_ID: 288, CELL_SOURCE_ID: 16, CELL_TARGET_ID: 3, RSRP_SOURCE: -104.79, RSRP_TARGET: -96.54, RSRQ_SOURCE: -3.00, RSRQ_TARGET: -3.00, SINR_SOURCE: 4.24, SINR_TARGET: 13.38, TIME_TO_TRIGGER: 8.00, A3_OFFSET: 8.00, HOF: 0
TIMESTAMP: 109, UE_ID: 251, CELL_SOURCE_ID: 16, CELL_TARGET_ID: 13, RSRP_SOURCE: -106.82, RSRP_TARGET: -97.18, RSRQ_SOURCE: -3.00, RSRQ_TARGET: -3.00, SINR_SOURCE: 0.64, SINR_TARGET: 11.66, TIME_TO_TRIGGER: 8.00, A3_OFFSET: 8.00, HOF: 1
TIMESTAMP: 110, UE_ID: 256, CELL_SOURCE_ID: 19, CELL_TARGET_ID: 1, RSRP_SOURCE: -97.44, RSRP_TARGET: -88.85, RSRQ_SOURCE: -3.00, RSRQ_TARGET: -3.00, SINR_SOURCE: 12.49, SINR_TARGET: 24.67, TIME_TO_TRIGGER: 8.00, A3_OFFSET: 8.00, HOF: 1
TIMESTAMP: 112, UE_ID: 279, CELL_SOURCE_ID: 4, CELL_TARGET_ID: 20, RSRP_SOURCE: -107.78, RSRP_TARGET: -98.57, RSRQ_SOURCE: -3.00, RSRQ_TARGET: -3.00, SINR_SOURCE: 4.19, SINR_TARGET: 9.91, TIME_TO_TRIGGER: 8.00, A3_OFFSET: 8.00, HOF: 1
TIMESTAMP: 113, UE_ID: 248, CELL_SOURCE_ID: 10, CELL_TARGET_ID: 1, RSRP_SOURCE: -96.63, RSRP_TARGET: -85.34, RSRQ_SOURCE: -3.00, RSRQ_TARGET: -3.00, SINR_SOURCE: 12.06, SINR_TARGET: 24.52, TIME_TO_TRIGGER: 8.00, A3_OFFSET: 8.00, HOF: 1
TIMESTAMP: 113, UE_ID: 284, CELL_SOURCE_ID: 17, CELL_TARGET_ID: 15, RSRP_SOURCE: -109.29, RSRP_TARGET: -97.88, RSRQ_SOURCE: -3.00, RSRQ_TARGET: -3.00, SINR_SOURCE: 2.32, SINR_TARGET: 12.03, TIME_TO_TRIGGER: 8.00, A3_OFFSET: 8.00, HOF: 1
TIMESTAMP: 114, UE_ID: 261, CELL_SOURCE_ID: 12, CELL_TARGET_ID: 1, RSRP_SOURCE: -103.58, RSRP_TARGET: -95.54, RSRQ_SOURCE: -3.00, RSRQ_TARGET: -3.00, SINR_SOURCE: 5.37, SINR_TARGET: 15.58, TIME_TO_TRIGGER: 8.00, A3_OFFSET: 8.00, HOF: 1
TIMESTAMP: 114, UE_ID: 274, CELL_SOURCE_ID: 5, CELL_TARGET_ID: 1, RSRP_SOURCE: -101.35, RSRP_TARGET: -92.21, RSRQ_SOURCE: -3.00, RSRQ_TARGET: -3.00, SINR_SOURCE: 9.24, SINR_TARGET: 15.31, TIME_TO_TRIGGER: 8.00, A3_OFFSET: 8.00, HOF: 1
TIMESTAMP: 114, UE_ID: 286, CELL_SOURCE_ID: 5, CELL_TARGET_ID: 1, RSRP_SOURCE: -109.90, RSRP_TARGET: -98.04, RSRQ_SOURCE: -3.00, RSRQ_TARGET: -3.00, SINR_SOURCE: 0.75, SINR_TARGET: 14.70, TIME_TO_TRIGGER: 8.00, A3_OFFSET: 8.00, HOF: 1
TIMESTAMP: 115, UE_ID: 296, CELL_SOURCE_ID: 20, CELL_TARGET_ID: 21, RSRP_SOURCE: -104.21, RSRP_TARGET: -95.62, RSRQ_SOURCE: -3.00, RSRQ_TARGET: -3.00, SINR_SOURCE: 1.12, SINR_TARGET: 14.41, TIME_TO_TRIGGER: 8.00, A3_OFFSET: 8.00, HOF: 1
TIMESTAMP: 116, UE_ID: 257, CELL_SOURCE_ID: 19, CELL_TARGET_ID: 1, RSRP_SOURCE: -104.48, RSRP_TARGET: -96.21, RSRQ_SOURCE: -3.00, RSRQ_TARGET: -3.00, SINR_SOURCE: 6.78, SINR_TARGET: 12.72, TIME_TO_TRIGGER: 8.00, A3_OFFSET: 8.00, HOF: 1
TIMESTAMP: 120, UE_ID: 248, CELL_SOURCE_ID: 1, CELL_TARGET_ID: 3, RSRP_SOURCE: -102.18, RSRP_TARGET: -93.55, RSRQ_SOURCE: -3.00, RSRQ_TARGET: -3.00, SINR_SOURCE: 6.39, SINR_TARGET: 18.09, TIME_TO_TRIGGER: 8.00, A3_OFFSET: 8.00, HOF: 1
TIMESTAMP: 120, UE_ID: 257, CELL_SOURCE_ID: 1, CELL_TARGET_ID: 3, RSRP_SOURCE: -105.66, RSRP_TARGET: -95.15, RSRQ_SOURCE: -3.00, RSRQ_TARGET: -3.00, SINR_SOURCE: 2.72, SINR_TARGET: 13.71, TIME_TO_TRIGGER: 8.00, A3_OFFSET: 8.00, HOF: 1
TIMESTAMP: 120, UE_ID: 260, CELL_SOURCE_ID: 1, CELL_TARGET_ID: 3, RSRP_SOURCE: -105.04, RSRP_TARGET: -91.45, RSRQ_SOURCE: -3.00, RSRQ_TARGET: -3.00, SINR_SOURCE: 5.33, SINR_TARGET: 22.75, TIME_TO_TRIGGER: 8.00, A3_OFFSET: 8.00, HOF: 1
TIMESTAMP: 120, UE_ID: 269, CELL_SOURCE_ID: 8, CELL_TARGET_ID: 5, RSRP_SOURCE: -102.80, RSRP_TARGET: -94.62, RSRQ_SOURCE: -3.00, RSRQ_TARGET: -3.00, SINR_SOURCE: 7.95, SINR_TARGET: 15.23, TIME_TO_TRIGGER: 8.00, A3_OFFSET: 8.00, HOF: 1
TIMESTAMP: 120, UE_ID: 295, CELL_SOURCE_ID: 19, CELL_TARGET_ID: 3, RSRP_SOURCE: -106.46, RSRP_TARGET: -98.23, RSRQ_SOURCE: -3.00, RSRQ_TARGET: -3.00, SINR_SOURCE: 4.58, SINR_TARGET: 11.37, TIME_TO_TRIGGER: 8.00, A3_OFFSET: 8.00, HOF: 1
TIMESTAMP: 121, UE_ID: 246, CELL_SOURCE_ID: 2, CELL_TARGET_ID: 4, RSRP_SOURCE: -103.84, RSRP_TARGET: -90.16, RSRQ_SOURCE: -3.00, RSRQ_TARGET: -3.00, SINR_SOURCE: 4.61, SINR_TARGET: 19.44, TIME_TO_TRIGGER: 8.00, A3_OFFSET: 8.00, HOF: 1
TIMESTAMP: 121, UE_ID: 274, CELL_SOURCE_ID: 19, CELL_TARGET_ID: 4, RSRP_SOURCE: -105.79, RSRP_TARGET: -97.32, RSRQ_SOURCE: -3.00, RSRQ_TARGET: -3.00, SINR_SOURCE: 5.10, SINR_TARGET: 13.27, TIME_TO_TRIGGER: 8.00, A3_OFFSET: 8.00, HOF: 0
TIMESTAMP: 121, UE_ID: 278, CELL_SOURCE_ID: 1, CELL_TARGET_ID: 4, RSRP_SOURCE: -109.78, RSRP_TARGET: -94.14, RSRQ_SOURCE: -3.00, RSRQ_TARGET: -3.00, SINR_SOURCE: 0.40, SINR_TARGET: 15.97, TIME_TO_TRIGGER: 8.00, A3_OFFSET: 8.00, HOF: 1
TIMESTAMP: 122, UE_ID: 279, CELL_SOURCE_ID: 9, CELL_TARGET_ID: 1, RSRP_SOURCE: -105.73, RSRP_TARGET: -97.70, RSRQ_SOURCE: -3.00, RSRQ_TARGET: -3.00, SINR_SOURCE: 5.77, SINR_TARGET: 8.76, TIME_TO_TRIGGER: 8.00, A3_OFFSET: 8.00, HOF: 1
TIMESTAMP: 123, UE_ID: 270, CELL_SOURCE_ID: 9, CELL_TARGET_ID: 8, RSRP_SOURCE: -107.15, RSRP_TARGET: -96.69, RSRQ_SOURCE: -3.00, RSRQ_TARGET: -3.00, SINR_SOURCE: 3.56, SINR_TARGET: 14.59, TIME_TO_TRIGGER: 8.00, A3_OFFSET: 8.00, HOF: 1
TIMESTAMP: 125, UE_ID: 247, CELL_SOURCE_ID: 19, CELL_TARGET_ID: 21, RSRP_SOURCE: -108.71, RSRP_TARGET: -97.76, RSRQ_SOURCE: -3.00, RSRQ_TARGET: -3.00, SINR_SOURCE: -0.23, SINR_TARGET: 10.10, TIME_TO_TRIGGER: 8.00, A3_OFFSET: 8.00, HOF: 1
TIMESTAMP: 125, UE_ID: 300, CELL_SOURCE_ID: 19, CELL_TARGET_ID: 5, RSRP_SOURCE: -107.03, RSRP_TARGET: -98.75, RSRQ_SOURCE: -3.00, RSRQ_TARGET: -3.00, SINR_SOURCE: 3.38, SINR_TARGET: 11.29, TIME_TO_TRIGGER: 8.00, A3_OFFSET: 8.00, HOF: 1
TIMESTAMP: 127, UE_ID: 243, CELL_SOURCE_ID: 1, CELL_TARGET_ID: 6, RSRP_SOURCE: -107.85, RSRP_TARGET: -99.19, RSRQ_SOURCE: -3.00, RSRQ_TARGET: -3.00, SINR_SOURCE: -0.20, SINR_TARGET: 9.68, TIME_TO_TRIGGER: 8.00, A3_OFFSET: 8.00, HOF: 1
TIMESTAMP: 127, UE_ID: 246, CELL_SOURCE_ID: 4, CELL_TARGET_ID: 6, RSRP_SOURCE: -102.60, RSRP_TARGET: -94.03, RSRQ_SOURCE: -3.00, RSRQ_TARGET: -3.00, SINR_SOURCE: 7.14, SINR_TARGET: 17.08, TIME_TO_TRIGGER: 8.00, A3_OFFSET: 8.00, HOF: 1
TIMESTAMP: 127, UE_ID: 300, CELL_SOURCE_ID: 5, CELL_TARGET_ID: 21, RSRP_SOURCE: -108.60, RSRP_TARGET: -98.55, RSRQ_SOURCE: -3.00, RSRQ_TARGET: -3.00, SINR_SOURCE: 3.61, SINR_TARGET: 11.85, TIME_TO_TRIGGER: 8.00, A3_OFFSET: 8.00, HOF: 1
TIMESTAMP: 128, UE_ID: 258, CELL_SOURCE_ID: 11, CELL_TARGET_ID: 10, RSRP_SOURCE: -109.15, RSRP_TARGET: -99.49, RSRQ_SOURCE: -3.00, RSRQ_TARGET: -3.00, SINR_SOURCE: -3.06, SINR_TARGET: 8.32, TIME_TO_TRIGGER: 8.00, A3_OFFSET: 8.00, HOF: 1
TIMESTAMP: 131, UE_ID: 244, CELL_SOURCE_ID: 2, CELL_TARGET_ID: 1, RSRP_SOURCE: -103.14, RSRP_TARGET: -94.60, RSRQ_SOURCE: -3.00, RSRQ_TARGET: -3.00, SINR_SOURCE: 8.98, SINR_TARGET: 16.32, TIME_TO_TRIGGER: 8.00, A3_OFFSET: 8.00, HOF: 1
TIMESTAMP: 131, UE_ID: 286, CELL_SOURCE_ID: 15, CELL_TARGET_ID: 1, RSRP_SOURCE: -104.83, RSRP_TARGET: -95.46, RSRQ_SOURCE: -3.00, RSRQ_TARGET: -3.00, SINR_SOURCE: 5.75, SINR_TARGET: 16.19, TIME_TO_TRIGGER: 8.00, A3_OFFSET: 8.00, HOF: 1
TIMESTAMP: 134, UE_ID: 252, CELL_SOURCE_ID: 19, CELL_TARGET_ID: 4, RSRP_SOURCE: -105.04, RSRP_TARGET: -93.54, RSRQ_SOURCE: -3.00, RSRQ_TARGET: -3.00, SINR_SOURCE: 4.81, SINR_TARGET: 15.88, TIME_TO_TRIGGER: 8.00, A3_OFFSET: 8.00, HOF: 1
TIMESTAMP: 134, UE_ID: 266, CELL_SOURCE_ID: 14, CELL_TARGET_ID: 16, RSRP_SOURCE: -103.97, RSRP_TARGET: -93.49, RSRQ_SOURCE: -3.00, RSRQ_TARGET: -3.00, SINR_SOURCE: 5.95, SINR_TARGET: 15.86, TIME_TO_TRIGGER: 8.00, A3_OFFSET: 8.00, HOF: 1
TIMESTAMP: 137, UE_ID: 259, CELL_SOURCE_ID: 14, CELL_TARGET_ID: 13, RSRP_SOURCE: -104.57, RSRP_TARGET: -95.79, RSRQ_SOURCE: -3.00, RSRQ_TARGET: -3.00, SINR_SOURCE: 5.96, SINR_TARGET: 16.99, TIME_TO_TRIGGER: 8.00, A3_OFFSET: 8.00, HOF: 1
TIMESTAMP: 137, UE_ID: 274, CELL_SOURCE_ID: 19, CELL_TARGET_ID: 4, RSRP_SOURCE: -107.57, RSRP_TARGET: -97.70, RSRQ_SOURCE: -3.00, RSRQ_TARGET: -3.00, SINR_SOURCE: 1.55, SINR_TARGET: 14.53, TIME_TO_TRIGGER: 8.00, A3_OFFSET: 8.00, HOF: 1
TIMESTAMP: 138, UE_ID: 244, CELL_SOURCE_ID: 1, CELL_TARGET_ID: 4, RSRP_SOURCE: -104.65, RSRP_TARGET: -96.19, RSRQ_SOURCE: -3.00, RSRQ_TARGET: -3.00, SINR_SOURCE: 6.84, SINR_TARGET: 14.66, TIME_TO_TRIGGER: 8.00, A3_OFFSET: 8.00, HOF: 1
TIMESTAMP: 138, UE_ID: 261, CELL_SOURCE_ID: 7, CELL_TARGET_ID: 9, RSRP_SOURCE: -107.79, RSRP_TARGET: -97.78, RSRQ_SOURCE: -3.00, RSRQ_TARGET: -3.00, SINR_SOURCE: 5.15, SINR_TARGET: 12.10, TIME_TO_TRIGGER: 8.00, A3_OFFSET: 8.00, HOF: 1
TIMESTAMP: 138, UE_ID: 263, CELL_SOURCE_ID: 2, CELL_TARGET_ID: 4, RSRP_SOURCE: -107.68, RSRP_TARGET: -97.00, RSRQ_SOURCE: -3.00, RSRQ_TARGET: -3.00, SINR_SOURCE: 0.92, SINR_TARGET: 9.97, TIME_TO_TRIGGER: 8.00, A3_OFFSET: 8.00, HOF: 1
TIMESTAMP: 139, UE_ID: 273, CELL_SOURCE_ID: 7, CELL_TARGET_ID: 2, RSRP_SOURCE: -107.75, RSRP_TARGET: -98.14, RSRQ_SOURCE: -3.00, RSRQ_TARGET: -3.00, SINR_SOURCE: 0.49, SINR_TARGET: 8.95, TIME_TO_TRIGGER: 8.00, A3_OFFSET: 8.00, HOF: 1
TIMESTAMP: 139, UE_ID: 299, CELL_SOURCE_ID: 10, CELL_TARGET_ID: 2, RSRP_SOURCE: -107.32, RSRP_TARGET: -99.07, RSRQ_SOURCE: -3.00, RSRQ_TARGET: -3.00, SINR_SOURCE: 0.21, SINR_TARGET: 15.58, TIME_TO_TRIGGER: 8.00, A3_OFFSET: 8.00, HOF: 1
TIMESTAMP: 140, UE_ID: 260, CELL_SOURCE_ID: 3, CELL_TARGET_ID: 7, RSRP_SOURCE: -109.12, RSRP_TARGET: -98.66, RSRQ_SOURCE: -3.00, RSRQ_TARGET: -3.00, SINR_SOURCE: 1.07, SINR_TARGET: 9.00, TIME_TO_TRIGGER: 8.00, A3_OFFSET: 8.00, HOF: 1
TIMESTAMP: 142, UE_ID: 275, CELL_SOURCE_ID: 17, CELL_TARGET_ID: 4, RSRP_SOURCE: -105.87, RSRP_TARGET: -97.60, RSRQ_SOURCE: -3.00, RSRQ_TARGET: -3.00, SINR_SOURCE: 5.67, SINR_TARGET: 13.28, TIME_TO_TRIGGER: 8.00, A3_OFFSET: 8.00, HOF: 1
TIMESTAMP: 143, UE_ID: 245, CELL_SOURCE_ID: 9, CELL_TARGET_ID: 3, RSRP_SOURCE: -108.06, RSRP_TARGET: -99.93, RSRQ_SOURCE: -3.00, RSRQ_TARGET: -3.00, SINR_SOURCE: 0.93, SINR_TARGET: 7.61, TIME_TO_TRIGGER: 8.00, A3_OFFSET: 8.00, HOF: 1
TIMESTAMP: 143, UE_ID: 296, CELL_SOURCE_ID: 18, CELL_TARGET_ID: 1, RSRP_SOURCE: -98.61, RSRP_TARGET: -89.33, RSRQ_SOURCE: -3.00, RSRQ_TARGET: -3.00, SINR_SOURCE: 12.95, SINR_TARGET: 21.58, TIME_TO_TRIGGER: 8.00, A3_OFFSET: 8.00, HOF: 1
TIMESTAMP: 144, UE_ID: 274, CELL_SOURCE_ID: 4, CELL_TARGET_ID: 5, RSRP_SOURCE: -103.18, RSRP_TARGET: -89.81, RSRQ_SOURCE: -3.00, RSRQ_TARGET: -3.00, SINR_SOURCE: 4.82, SINR_TARGET: 22.14, TIME_TO_TRIGGER: 8.00, A3_OFFSET: 8.00, HOF: 1
TIMESTAMP: 145, UE_ID: 300, CELL_SOURCE_ID: 21, CELL_TARGET_ID: 4, RSRP_SOURCE: -106.30, RSRP_TARGET: -94.08, RSRQ_SOURCE: -3.00, RSRQ_TARGET: -3.00, SINR_SOURCE: 5.37, SINR_TARGET: 17.68, TIME_TO_TRIGGER: 8.00, A3_OFFSET: 8.00, HOF: 1
TIMESTAMP: 149, UE_ID: 265, CELL_SOURCE_ID: 17, CELL_TARGET_ID: 20, RSRP_SOURCE: -108.39, RSRP_TARGET: -96.89, RSRQ_SOURCE: -3.00, RSRQ_TARGET: -3.00, SINR_SOURCE: 0.90, SINR_TARGET: 12.59, TIME_TO_TRIGGER: 8.00, A3_OFFSET: 8.00, HOF: 1
TIMESTAMP: 149, UE_ID: 275, CELL_SOURCE_ID: 4, CELL_TARGET_ID: 20, RSRP_SOURCE: -108.06, RSRP_TARGET: -98.42, RSRQ_SOURCE: -3.00, RSRQ_TARGET: -3.00, SINR_SOURCE: 4.81, SINR_TARGET: 12.14, TIME_TO_TRIGGER: 8.00, A3_OFFSET: 8.00, HOF: 1
TIMESTAMP: 152, UE_ID: 260, CELL_SOURCE_ID: 18, CELL_TARGET_ID: 13, RSRP_SOURCE: -109.40, RSRP_TARGET: -99.82, RSRQ_SOURCE: -3.00, RSRQ_TARGET: -3.00, SINR_SOURCE: -1.43, SINR_TARGET: 11.87, TIME_TO_TRIGGER: 8.00, A3_OFFSET: 8.00, HOF: 1
TIMESTAMP: 152, UE_ID: 268, CELL_SOURCE_ID: 1, CELL_TARGET_ID: 13, RSRP_SOURCE: -109.93, RSRP_TARGET: -94.85, RSRQ_SOURCE: -3.00, RSRQ_TARGET: -3.00, SINR_SOURCE: -1.29, SINR_TARGET: 16.95, TIME_TO_TRIGGER: 8.00, A3_OFFSET: 8.00, HOF: 1
TIMESTAMP: 152, UE_ID: 287, CELL_SOURCE_ID: 1, CELL_TARGET_ID: 3, RSRP_SOURCE: -104.24, RSRP_TARGET: -95.14, RSRQ_SOURCE: -3.00, RSRQ_TARGET: -3.00, SINR_SOURCE: 4.22, SINR_TARGET: 13.12, TIME_TO_TRIGGER: 8.00, A3_OFFSET: 8.00, HOF: 1
TIMESTAMP: 153, UE_ID: 259, CELL_SOURCE_ID: 13, CELL_TARGET_ID: 1, RSRP_SOURCE: -104.49, RSRP_TARGET: -95.22, RSRQ_SOURCE: -3.00, RSRQ_TARGET: -3.00, SINR_SOURCE: 3.40, SINR_TARGET: 13.97, TIME_TO_TRIGGER: 8.00, A3_OFFSET: 8.00, HOF: 1
TIMESTAMP: 154, UE_ID: 297, CELL_SOURCE_ID: 20, CELL_TARGET_ID: 8, RSRP_SOURCE: -107.74, RSRP_TARGET: -98.70, RSRQ_SOURCE: -3.00, RSRQ_TARGET: -3.00, SINR_SOURCE: 3.38, SINR_TARGET: 10.81, TIME_TO_TRIGGER: 8.00, A3_OFFSET: 8.00, HOF: 1
TIMESTAMP: 155, UE_ID: 244, CELL_SOURCE_ID: 4, CELL_TARGET_ID: 5, RSRP_SOURCE: -109.75, RSRP_TARGET: -99.90, RSRQ_SOURCE: -3.00, RSRQ_TARGET: -3.00, SINR_SOURCE: 3.54, SINR_TARGET: 9.19, TIME_TO_TRIGGER: 8.00, A3_OFFSET: 8.00, HOF: 1
TIMESTAMP: 157, UE_ID: 278, CELL_SOURCE_ID: 19, CELL_TARGET_ID: 4, RSRP_SOURCE: -107.61, RSRP_TARGET: -99.19, RSRQ_SOURCE: -3.00, RSRQ_TARGET: -3.00, SINR_SOURCE: -0.08, SINR_TARGET: 10.04, TIME_TO_TRIGGER: 8.00, A3_OFFSET: 8.00, HOF: 1
TIMESTAMP: 158, UE_ID: 262, CELL_SOURCE_ID: 3, CELL_TARGET_ID: 13, RSRP_SOURCE: -107.35, RSRP_TARGET: -97.29, RSRQ_SOURCE: -3.00, RSRQ_TARGET: -3.00, SINR_SOURCE: -0.71, SINR_TARGET: 12.59, TIME_TO_TRIGGER: 8.00, A3_OFFSET: 8.00, HOF: 1
TIMESTAMP: 158, UE_ID: 289, CELL_SOURCE_ID: 19, CELL_TARGET_ID: 10, RSRP_SOURCE: -105.85, RSRP_TARGET: -97.64, RSRQ_SOURCE: -3.00, RSRQ_TARGET: -3.00, SINR_SOURCE: 3.50, SINR_TARGET: 13.80, TIME_TO_TRIGGER: 8.00, A3_OFFSET: 8.00, HOF: 0
TIMESTAMP: 162, UE_ID: 247, CELL_SOURCE_ID: 6, CELL_TARGET_ID: 1, RSRP_SOURCE: -106.14, RSRP_TARGET: -97.80, RSRQ_SOURCE: -3.00, RSRQ_TARGET: -3.00, SINR_SOURCE: 2.12, SINR_TARGET: 13.58, TIME_TO_TRIGGER: 8.00, A3_OFFSET: 8.00, HOF: 1
TIMESTAMP: 164, UE_ID: 256, CELL_SOURCE_ID: 21, CELL_TARGET_ID: 5, RSRP_SOURCE: -107.02, RSRP_TARGET: -98.86, RSRQ_SOURCE: -3.00, RSRQ_TARGET: -3.00, SINR_SOURCE: 3.21, SINR_TARGET: 10.52, TIME_TO_TRIGGER: 8.00, A3_OFFSET: 8.00, HOF: 1
TIMESTAMP: 166, UE_ID: 289, CELL_SOURCE_ID: 19, CELL_TARGET_ID: 17, RSRP_SOURCE: -108.99, RSRP_TARGET: -99.36, RSRQ_SOURCE: -3.00, RSRQ_TARGET: -3.00, SINR_SOURCE: 3.30, SINR_TARGET: 12.83, TIME_TO_TRIGGER: 8.00, A3_OFFSET: 8.00, HOF: 1
TIMESTAMP: 169, UE_ID: 272, CELL_SOURCE_ID: 5, CELL_TARGET_ID: 6, RSRP_SOURCE: -108.95, RSRP_TARGET: -99.92, RSRQ_SOURCE: -3.00, RSRQ_TARGET: -3.00, SINR_SOURCE: 0.83, SINR_TARGET: 5.75, TIME_TO_TRIGGER: 8.00, A3_OFFSET: 8.00, HOF: 0
TIMESTAMP: 171, UE_ID: 265, CELL_SOURCE_ID: 17, CELL_TARGET_ID: 13, RSRP_SOURCE: -108.50, RSRP_TARGET: -99.94, RSRQ_SOURCE: -3.00, RSRQ_TARGET: -3.00, SINR_SOURCE: -0.19, SINR_TARGET: 10.47, TIME_TO_TRIGGER: 8.00, A3_OFFSET: 8.00, HOF: 1
TIMESTAMP: 171, UE_ID: 270, CELL_SOURCE_ID: 12, CELL_TARGET_ID: 9, RSRP_SOURCE: -109.36, RSRP_TARGET: -97.74, RSRQ_SOURCE: -3.00, RSRQ_TARGET: -3.00, SINR_SOURCE: -1.05, SINR_TARGET: 11.57, TIME_TO_TRIGGER: 8.00, A3_OFFSET: 8.00, HOF: 1
TIMESTAMP: 174, UE_ID: 296, CELL_SOURCE_ID: 21, CELL_TARGET_ID: 1, RSRP_SOURCE: -103.43, RSRP_TARGET: -93.83, RSRQ_SOURCE: -3.00, RSRQ_TARGET: -3.00, SINR_SOURCE: 9.13, SINR_TARGET: 18.84, TIME_TO_TRIGGER: 8.00, A3_OFFSET: 8.00, HOF: 1
TIMESTAMP: 177, UE_ID: 242, CELL_SOURCE_ID: 13, CELL_TARGET_ID: 1, RSRP_SOURCE: -106.86, RSRP_TARGET: -98.56, RSRQ_SOURCE: -3.00, RSRQ_TARGET: -3.00, SINR_SOURCE: 5.27, SINR_TARGET: 9.95, TIME_TO_TRIGGER: 8.00, A3_OFFSET: 8.00, HOF: 1
TIMESTAMP: 179, UE_ID: 284, CELL_SOURCE_ID: 19, CELL_TARGET_ID: 4, RSRP_SOURCE: -106.67, RSRP_TARGET: -96.92, RSRQ_SOURCE: -3.00, RSRQ_TARGET: -3.00, SINR_SOURCE: 1.87, SINR_TARGET: 12.92, TIME_TO_TRIGGER: 8.00, A3_OFFSET: 8.00, HOF: 1
TIMESTAMP: 179, UE_ID: 297, CELL_SOURCE_ID: 6, CELL_TARGET_ID: 20, RSRP_SOURCE: -107.17, RSRP_TARGET: -98.57, RSRQ_SOURCE: -3.00, RSRQ_TARGET: -3.00, SINR_SOURCE: 1.38, SINR_TARGET: 9.93, TIME_TO_TRIGGER: 8.00, A3_OFFSET: 8.00, HOF: 1
TIMESTAMP: 181, UE_ID: 242, CELL_SOURCE_ID: 14, CELL_TARGET_ID: 17, RSRP_SOURCE: -109.77, RSRP_TARGET: -99.89, RSRQ_SOURCE: -3.00, RSRQ_TARGET: -3.00, SINR_SOURCE: -2.51, SINR_TARGET: 9.64, TIME_TO_TRIGGER: 8.00, A3_OFFSET: 8.00, HOF: 1
TIMESTAMP: 186, UE_ID: 254, CELL_SOURCE_ID: 19, CELL_TARGET_ID: 20, RSRP_SOURCE: -108.80, RSRP_TARGET: -99.80, RSRQ_SOURCE: -3.00, RSRQ_TARGET: -3.00, SINR_SOURCE: 2.90, SINR_TARGET: 7.41, TIME_TO_TRIGGER: 8.00, A3_OFFSET: 8.00, HOF: 1
TIMESTAMP: 187, UE_ID: 292, CELL_SOURCE_ID: 4, CELL_TARGET_ID: 1, RSRP_SOURCE: -105.08, RSRP_TARGET: -96.05, RSRQ_SOURCE: -3.00, RSRQ_TARGET: -3.00, SINR_SOURCE: 2.33, SINR_TARGET: 17.37, TIME_TO_TRIGGER: 8.00, A3_OFFSET: 8.00, HOF: 1
TIMESTAMP: 191, UE_ID: 262, CELL_SOURCE_ID: 18, CELL_TARGET_ID: 6, RSRP_SOURCE: -108.99, RSRP_TARGET: -99.85, RSRQ_SOURCE: -3.00, RSRQ_TARGET: -3.00, SINR_SOURCE: 0.21, SINR_TARGET: 13.51, TIME_TO_TRIGGER: 8.00, A3_OFFSET: 8.00, HOF: 1
TIMESTAMP: 192, UE_ID: 259, CELL_SOURCE_ID: 17, CELL_TARGET_ID: 12, RSRP_SOURCE: -108.78, RSRP_TARGET: -99.37, RSRQ_SOURCE: -3.00, RSRQ_TARGET: -3.00, SINR_SOURCE: -0.70, SINR_TARGET: 10.07, TIME_TO_TRIGGER: 8.00, A3_OFFSET: 8.00, HOF: 1
TIMESTAMP: 193, UE_ID: 290, CELL_SOURCE_ID: 14, CELL_TARGET_ID: 11, RSRP_SOURCE: -108.76, RSRP_TARGET: -98.60, RSRQ_SOURCE: -3.00, RSRQ_TARGET: -3.00, SINR_SOURCE: 3.87, SINR_TARGET: 8.64, TIME_TO_TRIGGER: 8.00, A3_OFFSET: 8.00, HOF: 1
TIMESTAMP: 197, UE_ID: 265, CELL_SOURCE_ID: 18, CELL_TARGET_ID: 13, RSRP_SOURCE: -109.35, RSRP_TARGET: -98.10, RSRQ_SOURCE: -3.00, RSRQ_TARGET: -3.00, SINR_SOURCE: 2.12, SINR_TARGET: 13.15, TIME_TO_TRIGGER: 8.00, A3_OFFSET: 8.00, HOF: 1
TIMESTAMP: 197, UE_ID: 283, CELL_SOURCE_ID: 18, CELL_TARGET_ID: 2, RSRP_SOURCE: -106.81, RSRP_TARGET: -98.25, RSRQ_SOURCE: -3.00, RSRQ_TARGET: -3.00, SINR_SOURCE: 3.89, SINR_TARGET: 10.15, TIME_TO_TRIGGER: 8.00, A3_OFFSET: 8.00, HOF: 1
TIMESTAMP: 207, UE_ID: 271, CELL_SOURCE_ID: 16, CELL_TARGET_ID: 15, RSRP_SOURCE: -109.64, RSRP_TARGET: -99.28, RSRQ_SOURCE: -3.00, RSRQ_TARGET: -3.00, SINR_SOURCE: -0.95, SINR_TARGET: 10.28, TIME_TO_TRIGGER: 8.00, A3_OFFSET: 8.00, HOF: 1
TIMESTAMP: 209, UE_ID: 273, CELL_SOURCE_ID: 7, CELL_TARGET_ID: 10, RSRP_SOURCE: -107.48, RSRP_TARGET: -97.98, RSRQ_SOURCE: -3.00, RSRQ_TARGET: -3.00, SINR_SOURCE: 1.72, SINR_TARGET: 9.87, TIME_TO_TRIGGER: 8.00, A3_OFFSET: 8.00, HOF: 1
TIMESTAMP: 215, UE_ID: 281, CELL_SOURCE_ID: 8, CELL_TARGET_ID: 9, RSRP_SOURCE: -108.98, RSRP_TARGET: -98.59, RSRQ_SOURCE: -3.00, RSRQ_TARGET: -3.00, SINR_SOURCE: -1.97, SINR_TARGET: 12.48, TIME_TO_TRIGGER: 8.00, A3_OFFSET: 8.00, HOF: 1
TIMESTAMP: 252, UE_ID: 244, CELL_SOURCE_ID: 9, CELL_TARGET_ID: 3, RSRP_SOURCE: -106.18, RSRP_TARGET: -97.95, RSRQ_SOURCE: -3.00, RSRQ_TARGET: -3.00, SINR_SOURCE: 3.30, SINR_TARGET: 15.59, TIME_TO_TRIGGER: 8.00, A3_OFFSET: 8.00, HOF: 1
TIMESTAMP: 258, UE_ID: 103, CELL_SOURCE_ID: 3, CELL_TARGET_ID: 1, RSRP_SOURCE: -74.92, RSRP_TARGET: -64.87, RSRQ_SOURCE: -3.00, RSRQ_TARGET: -3.00, SINR_SOURCE: 36.47, SINR_TARGET: 43.87, TIME_TO_TRIGGER: 8.00, A3_OFFSET: 8.00, HOF: 1
TIMESTAMP: 296, UE_ID: 103, CELL_SOURCE_ID: 1, CELL_TARGET_ID: 2, RSRP_SOURCE: -75.14, RSRP_TARGET: -66.06, RSRQ_SOURCE: -3.00, RSRQ_TARGET: -3.00, SINR_SOURCE: 32.88, SINR_TARGET: 48.96, TIME_TO_TRIGGER: 8.00, A3_OFFSET: 8.00, HOF: 1
