TIMESTAMP: 79, UE_ID: 35, CELL_SOURCE_ID: 53, CELL_TARGET_ID: 55, RSRP_SOURCE: -107.49, RSRP_TARGET: -90.88, RSRQ_SOURCE: -3.00, RSRQ_TARGET: -3.00, SINR_SOURCE: 3.11, SINR_TARGET: 20.36, TIME_TO_TRIGGER: 12.00, A3_OFFSET: 10.00, HOF: 1
TIMESTAMP: 87, UE_ID: 29, CELL_SOURCE_ID: 6, CELL_TARGET_ID: 21, RSRP_SOURCE: -113.17, RSRP_TARGET: -101.01, RSRQ_SOURCE: -3.00, RSRQ_TARGET: -3.00, SINR_SOURCE: -0.39, SINR_TARGET: 8.39, TIME_TO_TRIGGER: 12.00, A3_OFFSET: 10.00, HOF: 0
TIMESTAMP: 96, UE_ID: 92, CELL_SOURCE_ID: 18, CELL_TARGET_ID: 1, RSRP_SOURCE: -107.02, RSRP_TARGET: -94.67, RSRQ_SOURCE: -3.00, RSRQ_TARGET: -3.00, SINR_SOURCE: 6.99, SINR_TARGET: 15.73, TIME_TO_TRIGGER: 12.00, A3_OFFSET: 10.00, HOF: 1
TIMESTAMP: 97, UE_ID: 25, CELL_SOURCE_ID: 45, CELL_TARGET_ID: 1, RSRP_SOURCE: -104.78, RSRP_TARGET: -91.55, RSRQ_SOURCE: -3.00, RSRQ_TARGET: -3.00, SINR_SOURCE: -0.82, SINR_TARGET: 18.80, TIME_TO_TRIGGER: 12.00, A3_OFFSET: 10.00, HOF: 1
TIMESTAMP: 102, UE_ID: 2, CELL_SOURCE_ID: 53, CELL_TARGET_ID: 55, RSRP_SOURCE: -108.70, RSRP_TARGET: -98.47, RSRQ_SOURCE: -3.00, RSRQ_TARGET: -3.00, SINR_SOURCE: 1.41, SINR_TARGET: 9.97, TIME_TO_TRIGGER: 12.00, A3_OFFSET: 10.00, HOF: 1
TIMESTAMP: 102, UE_ID: 19, CELL_SOURCE_ID: 40, CELL_TARGET_ID: 37, RSRP_SOURCE: -107.24, RSRP_TARGET: -84.09, RSRQ_SOURCE: -3.00, RSRQ_TARGET: -3.00, SINR_SOURCE: 4.36, SINR_TARGET: 25.91, TIME_TO_TRIGGER: 12.00, A3_OFFSET: 10.00, HOF: 1
TIMESTAMP: 103, UE_ID: 29, CELL_SOURCE_ID: 6, CELL_TARGET_ID: 19, RSRP_SOURCE: -110.98, RSRP_TARGET: -99.28, RSRQ_SOURCE: -3.00, RSRQ_TARGET: -3.00, SINR_SOURCE: -1.54, SINR_TARGET: 11.29, TIME_TO_TRIGGER: 12.00, A3_OFFSET: 10.00, HOF: 1
TIMESTAMP: 106, UE_ID: 38, CELL_SOURCE_ID: 20, CELL_TARGET_ID: 52, RSRP_SOURCE: -110.54, RSRP_TARGET: -99.08, RSRQ_SOURCE: -3.00, RSRQ_TARGET: -3.00, SINR_SOURCE: 0.60, SINR_TARGET: 11.33, TIME_TO_TRIGGER: 12.00, A3_OFFSET: 10.00, HOF: 1
TIMESTAMP: 107, UE_ID: 48, CELL_SOURCE_ID: 5, CELL_TARGET_ID: 1, RSRP_SOURCE: -103.02, RSRP_TARGET: -88.43, RSRQ_SOURCE: -3.00, RSRQ_TARGET: -3.00, SINR_SOURCE: 6.50, SINR_TARGET: 21.08, TIME_TO_TRIGGER: 12.00, A3_OFFSET: 10.00, HOF: 1
TIMESTAMP: 109, UE_ID: 47, CELL_SOURCE_ID: 24, CELL_TARGET_ID: 1, RSRP_SOURCE: -102.72, RSRP_TARGET: -63.94, RSRQ_SOURCE: -3.00, RSRQ_TARGET: -3.00, SINR_SOURCE: 8.27, SINR_TARGET: 47.42, TIME_TO_TRIGGER: 12.00, A3_OFFSET: 10.00, HOF: 1
TIMESTAMP: 109, UE_ID: 82, CELL_SOURCE_ID: 35, CELL_TARGET_ID: 31, RSRP_SOURCE: -106.52, RSRP_TARGET: -87.75, RSRQ_SOURCE: -3.00, RSRQ_TARGET: -3.00, SINR_SOURCE: 4.61, SINR_TARGET: 20.71, TIME_TO_TRIGGER: 12.00, A3_OFFSET: 10.00, HOF: 1
TIMESTAMP: 112, UE_ID: 9, CELL_SOURCE_ID: 53, CELL_TARGET_ID: 55, RSRP_SOURCE: -110.58, RSRP_TARGET: -98.78, RSRQ_SOURCE: -3.00, RSRQ_TARGET: -3.00, SINR_SOURCE: -0.78, SINR_TARGET: 11.49, TIME_TO_TRIGGER: 12.00, A3_OFFSET: 10.00, HOF: 1
TIMESTAMP: 112, UE_ID: 58, CELL_SOURCE_ID: 42, CELL_TARGET_ID: 43, RSRP_SOURCE: -113.05, RSRP_TARGET: -96.66, RSRQ_SOURCE: -3.00, RSRQ_TARGET: -3.00, SINR_SOURCE: -1.56, SINR_TARGET: 12.07, TIME_TO_TRIGGER: 12.00, A3_OFFSET: 10.00, HOF: 1
TIMESTAMP: 119, UE_ID: 12, CELL_SOURCE_ID: 50, CELL_TARGET_ID: 1, RSRP_SOURCE: -107.08, RSRP_TARGET: -91.10, RSRQ_SOURCE: -3.00, RSRQ_TARGET: -3.00, SINR_SOURCE: 1.16, SINR_TARGET: 20.38, TIME_TO_TRIGGER: 12.00, A3_OFFSET: 10.00, HOF: 1
TIMESTAMP: 123, UE_ID: 14, CELL_SOURCE_ID: 36, CELL_TARGET_ID: 31, RSRP_SOURCE: -112.96, RSRP_TARGET: -101.49, RSRQ_SOURCE: -3.00, RSRQ_TARGET: -3.00, SINR_SOURCE: -3.36, SINR_TARGET: 9.49, TIME_TO_TRIGGER: 12.00, A3_OFFSET: 10.00, HOF: 1
TIMESTAMP: 127, UE_ID: 53, CELL_SOURCE_ID: 5, CELL_TARGET_ID: 25, RSRP_SOURCE: -113.20, RSRP_TARGET: -89.19, RSRQ_SOURCE: -3.00, RSRQ_TARGET: -3.00, SINR_SOURCE: -4.09, SINR_TARGET: 23.61, TIME_TO_TRIGGER: 12.00, A3_OFFSET: 10.00, HOF: 1
TIMESTAMP: 129, UE_ID: 18, CELL_SOURCE_ID: 5, CELL_TARGET_ID: 57, RSRP_SOURCE: -114.53, RSRP_TARGET: -103.68, RSRQ_SOURCE: -3.00, RSRQ_TARGET: -3.00, SINR_SOURCE: -2.86, SINR_TARGET: 7.05, TIME_TO_TRIGGER: 12.00, A3_OFFSET: 10.00, HOF: 1
TIMESTAMP: 135, UE_ID: 61, CELL_SOURCE_ID: 38, CELL_TARGET_ID: 1, RSRP_SOURCE: -106.73, RSRP_TARGET: -95.81, RSRQ_SOURCE: -3.00, RSRQ_TARGET: -3.00, SINR_SOURCE: 3.06, SINR_TARGET: 12.56, TIME_TO_TRIGGER: 12.00, A3_OFFSET: 10.00, HOF: 1
TIMESTAMP: 136, UE_ID: 32, CELL_SOURCE_ID: 38, CELL_TARGET_ID: 1, RSRP_SOURCE: -112.23, RSRP_TARGET: -100.71, RSRQ_SOURCE: -3.00, RSRQ_TARGET: -3.00, SINR_SOURCE: -4.05, SINR_TARGET: 10.33, TIME_TO_TRIGGER: 12.00, A3_OFFSET: 10.00, HOF: 1
TIMESTAMP: 147, UE_ID: 29, CELL_SOURCE_ID: 19, CELL_TARGET_ID: 55, RSRP_SOURCE: -110.25, RSRP_TARGET: -90.95, RSRQ_SOURCE: -3.00, RSRQ_TARGET: -3.00, SINR_SOURCE: -0.19, SINR_TARGET: 20.39, TIME_TO_TRIGGER: 12.00, A3_OFFSET: 10.00, HOF: 1
TIMESTAMP: 147, UE_ID: 38, CELL_SOURCE_ID: 52, CELL_TARGET_ID: 55, RSRP_SOURCE: -108.57, RSRP_TARGET: -92.89, RSRQ_SOURCE: -3.00, RSRQ_TARGET: -3.00, SINR_SOURCE: 0.34, SINR_TARGET: 17.95, TIME_TO_TRIGGER: 12.00, A3_OFFSET: 10.00, HOF: 1
TIMESTAMP: 152, UE_ID: 63, CELL_SOURCE_ID: 40, CELL_TARGET_ID: 1, RSRP_SOURCE: -102.94, RSRP_TARGET: -92.16, RSRQ_SOURCE: -3.00, RSRQ_TARGET: -3.00, SINR_SOURCE: 8.25, SINR_TARGET: 17.64, TIME_TO_TRIGGER: 12.00, A3_OFFSET: 10.00, HOF: 1
TIMESTAMP: 157, UE_ID: 92, CELL_SOURCE_ID: 1, CELL_TARGET_ID: 7, RSRP_SOURCE: -111.35, RSRP_TARGET: -101.25, RSRQ_SOURCE: -3.00, RSRQ_TARGET: -3.00, SINR_SOURCE: -3.00, SINR_TARGET: 8.71, TIME_TO_TRIGGER: 12.00, A3_OFFSET: 10.00, HOF: 1
TIMESTAMP: 157, UE_ID: 95, CELL_SOURCE_ID: 18, CELL_TARGET_ID: 52, RSRP_SOURCE: -112.99, RSRP_TARGET: -101.78, RSRQ_SOURCE: -3.00, RSRQ_TARGET: -3.00, SINR_SOURCE: -0.81, SINR_TARGET: 7.72, TIME_TO_TRIGGER: 12.00, A3_OFFSET: 10.00, HOF: 1
TIMESTAMP: 163, UE_ID: 1, CELL_SOURCE_ID: 47, CELL_TARGET_ID: 1, RSRP_SOURCE: -113.69, RSRP_TARGET: -101.89, RSRQ_SOURCE: -3.00, RSRQ_TARGET: -3.00, SINR_SOURCE: -2.00, SINR_TARGET: 7.57, TIME_TO_TRIGGER: 12.00, A3_OFFSET: 10.00, HOF: 1
TIMESTAMP: 164, UE_ID: 77, CELL_SOURCE_ID: 30, CELL_TARGET_ID: 4, RSRP_SOURCE: -112.72, RSRP_TARGET: -100.45, RSRQ_SOURCE: -3.00, RSRQ_TARGET: -3.00, SINR_SOURCE: -7.22, SINR_TARGET: 8.34, TIME_TO_TRIGGER: 12.00, A3_OFFSET: 10.00, HOF: 1
TIMESTAMP: 171, UE_ID: 13, CELL_SOURCE_ID: 55, CELL_TARGET_ID: 22, RSRP_SOURCE: -107.93, RSRP_TARGET: -96.20, RSRQ_SOURCE: -3.00, RSRQ_TARGET: -3.00, SINR_SOURCE: 0.51, SINR_TARGET: 15.46, TIME_TO_TRIGGER: 12.00, A3_OFFSET: 10.00, HOF: 1
TIMESTAMP: 189, UE_ID: 87, CELL_SOURCE_ID: 19, CELL_TARGET_ID: 22, RSRP_SOURCE: -109.50, RSRP_TARGET: -99.13, RSRQ_SOURCE: -3.00, RSRQ_TARGET: -3.00, SINR_SOURCE: 0.24, SINR_TARGET: 12.25, TIME_TO_TRIGGER: 12.00, A3_OFFSET: 10.00, HOF: 1
TIMESTAMP: 192, UE_ID: 77, CELL_SOURCE_ID: 4, CELL_TARGET_ID: 22, RSRP_SOURCE: -106.85, RSRP_TARGET: -90.20, RSRQ_SOURCE: -3.00, RSRQ_TARGET: -3.00, SINR_SOURCE: 3.84, SINR_TARGET: 19.43, TIME_TO_TRIGGER: 12.00, A3_OFFSET: 10.00, HOF: 1
TIMESTAMP: 193, UE_ID: 5, CELL_SOURCE_ID: 52, CELL_TARGET_ID: 55, RSRP_SOURCE: -105.43, RSRP_TARGET: -92.06, RSRQ_SOURCE: -3.00, RSRQ_TARGET: -3.00, SINR_SOURCE: 7.44, SINR_TARGET: 20.20, TIME_TO_TRIGGER: 12.00, A3_OFFSET: 10.00, HOF: 1
TIMESTAMP: 193, UE_ID: 32, CELL_SOURCE_ID: 1, CELL_TARGET_ID: 16, RSRP_SOURCE: -111.08, RSRP_TARGET: -100.27, RSRQ_SOURCE: -3.00, RSRQ_TARGET: -3.00, SINR_SOURCE: 0.34, SINR_TARGET: 11.33, TIME_TO_TRIGGER: 12.00, A3_OFFSET: 10.00, HOF: 1
TIMESTAMP: 198, UE_ID: 4, CELL_SOURCE_ID: 20, CELL_TARGET_ID: 55, RSRP_SOURCE: -109.07, RSRP_TARGET: -93.31, RSRQ_SOURCE: -3.00, RSRQ_TARGET: -3.00, SINR_SOURCE: 0.42, SINR_TARGET: 18.96, TIME_TO_TRIGGER: 12.00, A3_OFFSET: 10.00, HOF: 1
TIMESTAMP: 208, UE_ID: 95, CELL_SOURCE_ID: 52, CELL_TARGET_ID: 55, RSRP_SOURCE: -104.26, RSRP_TARGET: -93.61, RSRQ_SOURCE: -3.00, RSRQ_TARGET: -3.00, SINR_SOURCE: 4.05, SINR_TARGET: 14.53, TIME_TO_TRIGGER: 12.00, A3_OFFSET: 10.00, HOF: 1
TIMESTAMP: 212, UE_ID: 64, CELL_SOURCE_ID: 28, CELL_TARGET_ID: 31, RSRP_SOURCE: -104.36, RSRP_TARGET: -94.15, RSRQ_SOURCE: -3.00, RSRQ_TARGET: -3.00, SINR_SOURCE: 6.10, SINR_TARGET: 14.26, TIME_TO_TRIGGER: 12.00, A3_OFFSET: 10.00, HOF: 1
TIMESTAMP: 218, UE_ID: 51, CELL_SOURCE_ID: 23, CELL_TARGET_ID: 25, RSRP_SOURCE: -109.84, RSRP_TARGET: -98.45, RSRQ_SOURCE: -3.00, RSRQ_TARGET: -3.00, SINR_SOURCE: 3.43, SINR_TARGET: 9.31, TIME_TO_TRIGGER: 12.00, A3_OFFSET: 10.00, HOF: 1
TIMESTAMP: 228, UE_ID: 47, CELL_SOURCE_ID: 1, CELL_TARGET_ID: 10, RSRP_SOURCE: -112.70, RSRP_TARGET: -102.07, RSRQ_SOURCE: -3.00, RSRQ_TARGET: -3.00, SINR_SOURCE: -3.40, SINR_TARGET: 7.35, TIME_TO_TRIGGER: 12.00, A3_OFFSET: 10.00, HOF: 1
TIMESTAMP: 248, UE_ID: 11, CELL_SOURCE_ID: 10, CELL_TARGET_ID: 37, RSRP_SOURCE: -107.98, RSRP_TARGET: -78.48, RSRQ_SOURCE: -3.00, RSRQ_TARGET: -3.00, SINR_SOURCE: 2.54, SINR_TARGET: 32.58, TIME_TO_TRIGGER: 12.00, A3_OFFSET: 10.00, HOF: 1
TIMESTAMP: 264, UE_ID: 63, CELL_SOURCE_ID: 1, CELL_TARGET_ID: 4, RSRP_SOURCE: -112.27, RSRP_TARGET: -100.82, RSRQ_SOURCE: -3.00, RSRQ_TARGET: -3.00, SINR_SOURCE: -0.85, SINR_TARGET: 10.06, TIME_TO_TRIGGER: 12.00, A3_OFFSET: 10.00, HOF: 1
