TIMESTAMP: 37, UE_ID: 55, CELL_SOURCE_ID: 11, CELL_TARGET_ID: 1, RSRP_SOURCE: -63.00, RSRP_TARGET: -54.52, RSRQ_SOURCE: -3.00, RSRQ_TARGET: -3.00, SINR_SOURCE: 48.66, SINR_TARGET: 55.55, TIME_TO_TRIGGER: 4.00, A3_OFFSET: 6.00, HOF: 1
TIMESTAMP: 37, UE_ID: 83, CELL_SOURCE_ID: 11, CELL_TARGET_ID: 1, RSRP_SOURCE: -69.90, RSRP_TARGET: -48.60, RSRQ_SOURCE: -3.00, RSRQ_TARGET: -3.00, SINR_SOURCE: 39.78, SINR_TARGET: 61.55, TIME_TO_TRIGGER: 4.00, A3_OFFSET: 6.00, HOF: 1
TIMESTAMP: 40, UE_ID: 2, CELL_SOURCE_ID: 8, CELL_TARGET_ID: 1, RSRP_SOURCE: -73.12, RSRP_TARGET: -48.19, RSRQ_SOURCE: -3.00, RSRQ_TARGET: -3.00, SINR_SOURCE: 36.98, SINR_TARGET: 64.11, TIME_TO_TRIGGER: 4.00, A3_OFFSET: 6.00, HOF: 1
TIMESTAMP: 46, UE_ID: 105, CELL_SOURCE_ID: 10, CELL_TARGET_ID: 1, RSRP_SOURCE: -63.51, RSRP_TARGET: -57.25, RSRQ_SOURCE: -3.00, RSRQ_TARGET: -3.00, SINR_SOURCE: 45.90, SINR_TARGET: 50.75, TIME_TO_TRIGGER: 4.00, A3_OFFSET: 6.00, HOF: 1
TIMESTAMP: 46, UE_ID: 107, CELL_SOURCE_ID: 7, CELL_TARGET_ID: 1, RSRP_SOURCE: -70.13, RSRP_TARGET: -54.08, RSRQ_SOURCE: -3.00, RSRQ_TARGET: -3.00, SINR_SOURCE: 40.92, SINR_TARGET: 54.43, TIME_TO_TRIGGER: 4.00, A3_OFFSET: 6.00, HOF: 1
TIMESTAMP: 50, UE_ID: 105, CELL_SOURCE_ID: 1, CELL_TARGET_ID: 2, RSRP_SOURCE: -82.44, RSRP_TARGET: -68.42, RSRQ_SOURCE: -3.00, RSRQ_TARGET: -3.00, SINR_SOURCE: 28.01, SINR_TARGET: 41.14, TIME_TO_TRIGGER: 4.00, A3_OFFSET: 6.00, HOF: 1
TIMESTAMP: 53, UE_ID: 53, CELL_SOURCE_ID: 5, CELL_TARGET_ID: 1, RSRP_SOURCE: -82.43, RSRP_TARGET: -73.06, RSRQ_SOURCE: -3.00, RSRQ_TARGET: -3.00, SINR_SOURCE: 28.62, SINR_TARGET: 36.37, TIME_TO_TRIGGER: 4.00, A3_OFFSET: 6.00, HOF: 1
TIMESTAMP: 53, UE_ID: 87, CELL_SOURCE_ID: 6, CELL_TARGET_ID: 1, RSRP_SOURCE: -70.57, RSRP_TARGET: -64.33, RSRQ_SOURCE: -3.00, RSRQ_TARGET: -3.00, SINR_SOURCE: 39.95, SINR_TARGET: 42.83, TIME_TO_TRIGGER: 4.00, A3_OFFSET: 6.00, HOF: 1
TIMESTAMP: 59, UE_ID: 53, CELL_SOURCE_ID: 1, CELL_TARGET_ID: 2, RSRP_SOURCE: -76.90, RSRP_TARGET: -69.60, RSRQ_SOURCE: -3.00, RSRQ_TARGET: -3.00, SINR_SOURCE: 32.41, SINR_TARGET: 39.67, TIME_TO_TRIGGER: 4.00, A3_OFFSET: 6.00, HOF: 1
TIMESTAMP: 60, UE_ID: 75, CELL_SOURCE_ID: 7, CELL_TARGET_ID: 1, RSRP_SOURCE: -75.03, RSRP_TARGET: -66.98, RSRQ_SOURCE: -3.00, RSRQ_TARGET: -3.00, SINR_SOURCE: 36.67, SINR_TARGET: 45.03, TIME_TO_TRIGGER: 4.00, A3_OFFSET: 6.00, HOF: 1
TIMESTAMP: 63, UE_ID: 87, CELL_SOURCE_ID: 1, CELL_TARGET_ID: 2, RSRP_SOURCE: -83.46, RSRP_TARGET: -76.67, RSRQ_SOURCE: -3.00, RSRQ_TARGET: -3.00, SINR_SOURCE: 26.85, SINR_TARGET: 30.74, TIME_TO_TRIGGER: 4.00, A3_OFFSET: 6.00, HOF: 1
TIMESTAMP: 71, UE_ID: 83, CELL_SOURCE_ID: 3, CELL_TARGET_ID: 1, RSRP_SOURCE: -88.95, RSRP_TARGET: -75.40, RSRQ_SOURCE: -3.00, RSRQ_TARGET: -3.00, SINR_SOURCE: 20.87, SINR_TARGET: 35.03, TIME_TO_TRIGGER: 4.00, A3_OFFSET: 6.00, HOF: 1
TIMESTAMP: 85, UE_ID: 107, CELL_SOURCE_ID: 1, CELL_TARGET_ID: 2, RSRP_SOURCE: -77.84, RSRP_TARGET: -51.43, RSRQ_SOURCE: -3.00, RSRQ_TARGET: -3.00, SINR_SOURCE: 32.97, SINR_TARGET: 58.47, TIME_TO_TRIGGER: 4.00, A3_OFFSET: 6.00, HOF: 1
TIMESTAMP: 93, UE_ID: 100, CELL_SOURCE_ID: 5, CELL_TARGET_ID: 1, RSRP_SOURCE: -97.63, RSRP_TARGET: -87.78, RSRQ_SOURCE: -3.00, RSRQ_TARGET: -3.00, SINR_SOURCE: 13.74, SINR_TARGET: 22.15, TIME_TO_TRIGGER: 4.00, A3_OFFSET: 6.00, HOF: 1
TIMESTAMP: 95, UE_ID: 113, CELL_SOURCE_ID: 7, CELL_TARGET_ID: 1, RSRP_SOURCE: -69.75, RSRP_TARGET: -62.03, RSRQ_SOURCE: -3.00, RSRQ_TARGET: -3.00, SINR_SOURCE: 38.20, SINR_TARGET: 48.14, TIME_TO_TRIGGER: 4.00, A3_OFFSET: 6.00, HOF: 1
TIMESTAMP: 97, UE_ID: 2, CELL_SOURCE_ID: 1, CELL_TARGET_ID: 2, RSRP_SOURCE: -84.71, RSRP_TARGET: -64.65, RSRQ_SOURCE: -3.00, RSRQ_TARGET: -3.00, SINR_SOURCE: 25.45, SINR_TARGET: 42.13, TIME_TO_TRIGGER: 4.00, A3_OFFSET: 6.00, HOF: 1
TIMESTAMP: 97, UE_ID: 43, CELL_SOURCE_ID: 10, CELL_TARGET_ID: 1, RSRP_SOURCE: -98.59, RSRP_TARGET: -89.88, RSRQ_SOURCE: -3.00, RSRQ_TARGET: -3.00, SINR_SOURCE: 13.48, SINR_TARGET: 18.57, TIME_TO_TRIGGER: 4.00, A3_OFFSET: 6.00, HOF: 1
TIMESTAMP: 101, UE_ID: 38, CELL_SOURCE_ID: 8, CELL_TARGET_ID: 1, RSRP_SOURCE: -98.24, RSRP_TARGET: -91.36, RSRQ_SOURCE: -3.00, RSRQ_TARGET: -3.00, SINR_SOURCE: 12.15, SINR_TARGET: 17.34, TIME_TO_TRIGGER: 4.00, A3_OFFSET: 6.00, HOF: 1
TIMESTAMP: 101, UE_ID: 51, CELL_SOURCE_ID: 2, CELL_TARGET_ID: 1, RSRP_SOURCE: -63.49, RSRP_TARGET: -57.02, RSRQ_SOURCE: -3.00, RSRQ_TARGET: -3.00, SINR_SOURCE: 50.13, SINR_TARGET: 52.82, TIME_TO_TRIGGER: 4.00, A3_OFFSET: 6.00, HOF: 1
TIMESTAMP: 103, UE_ID: 38, CELL_SOURCE_ID: 1, CELL_TARGET_ID: 2, RSRP_SOURCE: -99.20, RSRP_TARGET: -91.84, RSRQ_SOURCE: -3.00, RSRQ_TARGET: -3.00, SINR_SOURCE: 12.74, SINR_TARGET: 14.36, TIME_TO_TRIGGER: 4.00, A3_OFFSET: 6.00, HOF: 1
TIMESTAMP: 103, UE_ID: 51, CELL_SOURCE_ID: 1, CELL_TARGET_ID: 2, RSRP_SOURCE: -75.75, RSRP_TARGET: -59.95, RSRQ_SOURCE: -3.00, RSRQ_TARGET: -3.00, SINR_SOURCE: 35.35, SINR_TARGET: 50.17, TIME_TO_TRIGGER: 4.00, A3_OFFSET: 6.00, HOF: 1
TIMESTAMP: 103, UE_ID: 113, CELL_SOURCE_ID: 1, CELL_TARGET_ID: 2, RSRP_SOURCE: -93.83, RSRP_TARGET: -86.06, RSRQ_SOURCE: -3.00, RSRQ_TARGET: -3.00, SINR_SOURCE: 13.89, SINR_TARGET: 19.95, TIME_TO_TRIGGER: 4.00, A3_OFFSET: 6.00, HOF: 1
TIMESTAMP: 107, UE_ID: 28, CELL_SOURCE_ID: 7, CELL_TARGET_ID: 1, RSRP_SOURCE: -77.44, RSRP_TARGET: -55.04, RSRQ_SOURCE: -3.00, RSRQ_TARGET: -3.00, SINR_SOURCE: 33.35, SINR_TARGET: 53.80, TIME_TO_TRIGGER: 4.00, A3_OFFSET: 6.00, HOF: 1
TIMESTAMP: 112, UE_ID: 51, CELL_SOURCE_ID: 2, CELL_TARGET_ID: 1, RSRP_SOURCE: -85.47, RSRP_TARGET: -78.22, RSRQ_SOURCE: -3.00, RSRQ_TARGET: -3.00, SINR_SOURCE: 22.74, SINR_TARGET: 33.50, TIME_TO_TRIGGER: 4.00, A3_OFFSET: 6.00, HOF: 1
TIMESTAMP: 114, UE_ID: 51, CELL_SOURCE_ID: 1, CELL_TARGET_ID: 2, RSRP_SOURCE: -81.25, RSRP_TARGET: -73.01, RSRQ_SOURCE: -3.00, RSRQ_TARGET: -3.00, SINR_SOURCE: 28.65, SINR_TARGET: 36.26, TIME_TO_TRIGGER: 4.00, A3_OFFSET: 6.00, HOF: 1
TIMESTAMP: 120, UE_ID: 113, CELL_SOURCE_ID: 2, CELL_TARGET_ID: 1, RSRP_SOURCE: -89.33, RSRP_TARGET: -82.76, RSRQ_SOURCE: -3.00, RSRQ_TARGET: -3.00, SINR_SOURCE: 23.54, SINR_TARGET: 27.85, TIME_TO_TRIGGER: 4.00, A3_OFFSET: 6.00, HOF: 1
TIMESTAMP: 123, UE_ID: 100, CELL_SOURCE_ID: 1, CELL_TARGET_ID: 2, RSRP_SOURCE: -69.19, RSRP_TARGET: -61.73, RSRQ_SOURCE: -3.00, RSRQ_TARGET: -3.00, SINR_SOURCE: 38.85, SINR_TARGET: 49.02, TIME_TO_TRIGGER: 4.00, A3_OFFSET: 6.00, HOF: 1
TIMESTAMP: 123, UE_ID: 113, CELL_SOURCE_ID: 1, CELL_TARGET_ID: 2, RSRP_SOURCE: -82.08, RSRP_TARGET: -73.88, RSRQ_SOURCE: -3.00, RSRQ_TARGET: -3.00, SINR_SOURCE: 30.51, SINR_TARGET: 34.53, TIME_TO_TRIGGER: 4.00, A3_OFFSET: 6.00, HOF: 1
TIMESTAMP: 129, UE_ID: 1, CELL_SOURCE_ID: 8, CELL_TARGET_ID: 1, RSRP_SOURCE: -65.82, RSRP_TARGET: -56.53, RSRQ_SOURCE: -3.00, RSRQ_TARGET: -3.00, SINR_SOURCE: 41.14, SINR_TARGET: 54.98, TIME_TO_TRIGGER: 4.00, A3_OFFSET: 6.00, HOF: 1
TIMESTAMP: 130, UE_ID: 105, CELL_SOURCE_ID: 2, CELL_TARGET_ID: 3, RSRP_SOURCE: -97.71, RSRP_TARGET: -89.44, RSRQ_SOURCE: -3.00, RSRQ_TARGET: -3.00, SINR_SOURCE: 12.61, SINR_TARGET: 20.55, TIME_TO_TRIGGER: 4.00, A3_OFFSET: 6.00, HOF: 1
TIMESTAMP: 140, UE_ID: 38, CELL_SOURCE_ID: 3, CELL_TARGET_ID: 4, RSRP_SOURCE: -99.39, RSRP_TARGET: -72.31, RSRQ_SOURCE: -3.00, RSRQ_TARGET: -3.00, SINR_SOURCE: 14.19, SINR_TARGET: 36.92, TIME_TO_TRIGGER: 4.00, A3_OFFSET: 6.00, HOF: 1
TIMESTAMP: 140, UE_ID: 51, CELL_SOURCE_ID: 2, CELL_TARGET_ID: 3, RSRP_SOURCE: -93.96, RSRP_TARGET: -72.73, RSRQ_SOURCE: -3.00, RSRQ_TARGET: -3.00, SINR_SOURCE: 13.78, SINR_TARGET: 39.19, TIME_TO_TRIGGER: 4.00, A3_OFFSET: 6.00, HOF: 1
TIMESTAMP: 140, UE_ID: 105, CELL_SOURCE_ID: 3, CELL_TARGET_ID: 4, RSRP_SOURCE: -97.76, RSRP_TARGET: -88.72, RSRQ_SOURCE: -3.00, RSRQ_TARGET: -3.00, SINR_SOURCE: 9.90, SINR_TARGET: 24.42, TIME_TO_TRIGGER: 4.00, A3_OFFSET: 6.00, HOF: 1
TIMESTAMP: 146, UE_ID: 113, CELL_SOURCE_ID: 2, CELL_TARGET_ID: 1, RSRP_SOURCE: -98.72, RSRP_TARGET: -91.61, RSRQ_SOURCE: -3.00, RSRQ_TARGET: -3.00, SINR_SOURCE: 9.39, SINR_TARGET: 18.70, TIME_TO_TRIGGER: 4.00, A3_OFFSET: 6.00, HOF: 1
TIMESTAMP: 153, UE_ID: 103, CELL_SOURCE_ID: 8, CELL_TARGET_ID: 1, RSRP_SOURCE: -80.22, RSRP_TARGET: -71.09, RSRQ_SOURCE: -3.00, RSRQ_TARGET: -3.00, SINR_SOURCE: 27.77, SINR_TARGET: 43.79, TIME_TO_TRIGGER: 4.00, A3_OFFSET: 6.00, HOF: 1
TIMESTAMP: 155, UE_ID: 30, CELL_SOURCE_ID: 11, CELL_TARGET_ID: 1, RSRP_SOURCE: -95.13, RSRP_TARGET: -88.95, RSRQ_SOURCE: -3.00, RSRQ_TARGET: -3.00, SINR_SOURCE: 13.84, SINR_TARGET: 19.37, TIME_TO_TRIGGER: 4.00, A3_OFFSET: 6.00, HOF: 1
TIMESTAMP: 158, UE_ID: 30, CELL_SOURCE_ID: 1, CELL_TARGET_ID: 2, RSRP_SOURCE: -97.44, RSRP_TARGET: -91.16, RSRQ_SOURCE: -3.00, RSRQ_TARGET: -3.00, SINR_SOURCE: 12.91, SINR_TARGET: 20.90, TIME_TO_TRIGGER: 4.00, A3_OFFSET: 6.00, HOF: 1
TIMESTAMP: 159, UE_ID: 83, CELL_SOURCE_ID: 1, CELL_TARGET_ID: 2, RSRP_SOURCE: -98.44, RSRP_TARGET: -91.28, RSRQ_SOURCE: -3.00, RSRQ_TARGET: -3.00, SINR_SOURCE: 14.81, SINR_TARGET: 20.82, TIME_TO_TRIGGER: 4.00, A3_OFFSET: 6.00, HOF: 1
TIMESTAMP: 161, UE_ID: 17, CELL_SOURCE_ID: 6, CELL_TARGET_ID: 1, RSRP_SOURCE: -84.06, RSRP_TARGET: -75.92, RSRQ_SOURCE: -3.00, RSRQ_TARGET: -3.00, SINR_SOURCE: 27.42, SINR_TARGET: 35.74, TIME_TO_TRIGGER: 4.00, A3_OFFSET: 6.00, HOF: 1
TIMESTAMP: 161, UE_ID: 30, CELL_SOURCE_ID: 2, CELL_TARGET_ID: 1, RSRP_SOURCE: -95.23, RSRP_TARGET: -89.01, RSRQ_SOURCE: -3.00, RSRQ_TARGET: -3.00, SINR_SOURCE: 15.69, SINR_TARGET: 20.90, TIME_TO_TRIGGER: 4.00, A3_OFFSET: 6.00, HOF: 1
TIMESTAMP: 161, UE_ID: 74, CELL_SOURCE_ID: 8, CELL_TARGET_ID: 1, RSRP_SOURCE: -69.96, RSRP_TARGET: -60.85, RSRQ_SOURCE: -3.00, RSRQ_TARGET: -3.00, SINR_SOURCE: 39.22, SINR_TARGET: 50.64, TIME_TO_TRIGGER: 4.00, A3_OFFSET: 6.00, HOF: 1
TIMESTAMP: 161, UE_ID: 83, CELL_SOURCE_ID: 2, CELL_TARGET_ID: 1, RSRP_SOURCE: -99.31, RSRP_TARGET: -92.60, RSRQ_SOURCE: -3.00, RSRQ_TARGET: -3.00, SINR_SOURCE: 11.59, SINR_TARGET: 18.42, TIME_TO_TRIGGER: 4.00, A3_OFFSET: 6.00, HOF: 1
TIMESTAMP: 162, UE_ID: 38, CELL_SOURCE_ID: 4, CELL_TARGET_ID: 2, RSRP_SOURCE: -103.36, RSRP_TARGET: -96.75, RSRQ_SOURCE: -3.00, RSRQ_TARGET: -3.00, SINR_SOURCE: 5.22, SINR_TARGET: 13.73, TIME_TO_TRIGGER: 4.00, A3_OFFSET: 6.00, HOF: 1
TIMESTAMP: 167, UE_ID: 17, CELL_SOURCE_ID: 1, CELL_TARGET_ID: 2, RSRP_SOURCE: -68.44, RSRP_TARGET: -60.80, RSRQ_SOURCE: -3.00, RSRQ_TARGET: -3.00, SINR_SOURCE: 40.99, SINR_TARGET: 49.28, TIME_TO_TRIGGER: 4.00, A3_OFFSET: 6.00, HOF: 1
TIMESTAMP: 167, UE_ID: 30, CELL_SOURCE_ID: 1, CELL_TARGET_ID: 2, RSRP_SOURCE: -103.79, RSRP_TARGET: -94.29, RSRQ_SOURCE: -3.00, RSRQ_TARGET: -3.00, SINR_SOURCE: 6.88, SINR_TARGET: 14.06, TIME_TO_TRIGGER: 4.00, A3_OFFSET: 6.00, HOF: 1
TIMESTAMP: 167, UE_ID: 48, CELL_SOURCE_ID: 2, CELL_TARGET_ID: 1, RSRP_SOURCE: -72.23, RSRP_TARGET: -63.71, RSRQ_SOURCE: -3.00, RSRQ_TARGET: -3.00, SINR_SOURCE: 36.70, SINR_TARGET: 44.59, TIME_TO_TRIGGER: 4.00, A3_OFFSET: 6.00, HOF: 1
TIMESTAMP: 167, UE_ID: 103, CELL_SOURCE_ID: 1, CELL_TARGET_ID: 2, RSRP_SOURCE: -65.63, RSRP_TARGET: -54.89, RSRQ_SOURCE: -3.00, RSRQ_TARGET: -3.00, SINR_SOURCE: 44.00, SINR_TARGET: 54.28, TIME_TO_TRIGGER: 4.00, A3_OFFSET: 6.00, HOF: 1
TIMESTAMP: 170, UE_ID: 30, CELL_SOURCE_ID: 2, CELL_TARGET_ID: 1, RSRP_SOURCE: -71.06, RSRP_TARGET: -64.03, RSRQ_SOURCE: -3.00, RSRQ_TARGET: -3.00, SINR_SOURCE: 38.20, SINR_TARGET: 47.03, TIME_TO_TRIGGER: 4.00, A3_OFFSET: 6.00, HOF: 1
TIMESTAMP: 171, UE_ID: 13, CELL_SOURCE_ID: 5, CELL_TARGET_ID: 6, RSRP_SOURCE: -104.60, RSRP_TARGET: -96.86, RSRQ_SOURCE: -3.00, RSRQ_TARGET: -3.00, SINR_SOURCE: 4.12, SINR_TARGET: 10.55, TIME_TO_TRIGGER: 4.00, A3_OFFSET: 6.00, HOF: 1
TIMESTAMP: 173, UE_ID: 75, CELL_SOURCE_ID: 7, CELL_TARGET_ID: 1, RSRP_SOURCE: -106.72, RSRP_TARGET: -95.92, RSRQ_SOURCE: -3.00, RSRQ_TARGET: -3.00, SINR_SOURCE: 1.59, SINR_TARGET: 14.72, TIME_TO_TRIGGER: 4.00, A3_OFFSET: 6.00, HOF: 1
TIMESTAMP: 174, UE_ID: 13, CELL_SOURCE_ID: 6, CELL_TARGET_ID: 1, RSRP_SOURCE: -100.93, RSRP_TARGET: -92.78, RSRQ_SOURCE: -3.00, RSRQ_TARGET: -3.00, SINR_SOURCE: 9.75, SINR_TARGET: 19.63, TIME_TO_TRIGGER: 4.00, A3_OFFSET: 6.00, HOF: 1
TIMESTAMP: 176, UE_ID: 29, CELL_SOURCE_ID: 6, CELL_TARGET_ID: 1, RSRP_SOURCE: -84.76, RSRP_TARGET: -73.55, RSRQ_SOURCE: -3.00, RSRQ_TARGET: -3.00, SINR_SOURCE: 27.11, SINR_TARGET: 37.88, TIME_TO_TRIGGER: 4.00, A3_OFFSET: 6.00, HOF: 1
TIMESTAMP: 178, UE_ID: 30, CELL_SOURCE_ID: 1, CELL_TARGET_ID: 2, RSRP_SOURCE: -91.86, RSRP_TARGET: -84.45, RSRQ_SOURCE: -3.00, RSRQ_TARGET: -3.00, SINR_SOURCE: 18.54, SINR_TARGET: 27.06, TIME_TO_TRIGGER: 4.00, A3_OFFSET: 6.00, HOF: 1
TIMESTAMP: 182, UE_ID: 9, CELL_SOURCE_ID: 6, CELL_TARGET_ID: 3, RSRP_SOURCE: -99.80, RSRP_TARGET: -89.66, RSRQ_SOURCE: -3.00, RSRQ_TARGET: -3.00, SINR_SOURCE: 9.15, SINR_TARGET: 23.56, TIME_TO_TRIGGER: 4.00, A3_OFFSET: 6.00, HOF: 1
TIMESTAMP: 186, UE_ID: 38, CELL_SOURCE_ID: 2, CELL_TARGET_ID: 7, RSRP_SOURCE: -105.96, RSRP_TARGET: -98.72, RSRQ_SOURCE: -3.00, RSRQ_TARGET: -3.00, SINR_SOURCE: 2.41, SINR_TARGET: 11.10, TIME_TO_TRIGGER: 4.00, A3_OFFSET: 6.00, HOF: 1
TIMESTAMP: 186, UE_ID: 107, CELL_SOURCE_ID: 2, CELL_TARGET_ID: 1, RSRP_SOURCE: -79.85, RSRP_TARGET: -71.41, RSRQ_SOURCE: -3.00, RSRQ_TARGET: -3.00, SINR_SOURCE: 30.91, SINR_TARGET: 36.63, TIME_TO_TRIGGER: 4.00, A3_OFFSET: 6.00, HOF: 1
TIMESTAMP: 188, UE_ID: 96, CELL_SOURCE_ID: 10, CELL_TARGET_ID: 1, RSRP_SOURCE: -96.05, RSRP_TARGET: -86.49, RSRQ_SOURCE: -3.00, RSRQ_TARGET: -3.00, SINR_SOURCE: 16.09, SINR_TARGET: 20.26, TIME_TO_TRIGGER: 4.00, A3_OFFSET: 6.00, HOF: 1
TIMESTAMP: 189, UE_ID: 3, CELL_SOURCE_ID: 8, CELL_TARGET_ID: 1, RSRP_SOURCE: -86.71, RSRP_TARGET: -80.35, RSRQ_SOURCE: -3.00, RSRQ_TARGET: -3.00, SINR_SOURCE: 25.90, SINR_TARGET: 28.32, TIME_TO_TRIGGER: 4.00, A3_OFFSET: 6.00, HOF: 1
TIMESTAMP: 190, UE_ID: 107, CELL_SOURCE_ID: 1, CELL_TARGET_ID: 2, RSRP_SOURCE: -97.30, RSRP_TARGET: -87.04, RSRQ_SOURCE: -3.00, RSRQ_TARGET: -3.00, SINR_SOURCE: 12.84, SINR_TARGET: 21.91, TIME_TO_TRIGGER: 4.00, A3_OFFSET: 6.00, HOF: 1
TIMESTAMP: 198, UE_ID: 107, CELL_SOURCE_ID: 2, CELL_TARGET_ID: 1, RSRP_SOURCE: -99.74, RSRP_TARGET: -92.63, RSRQ_SOURCE: -3.00, RSRQ_TARGET: -3.00, SINR_SOURCE: 9.26, SINR_TARGET: 15.75, TIME_TO_TRIGGER: 4.00, A3_OFFSET: 6.00, HOF: 1
TIMESTAMP: 199, UE_ID: 30, CELL_SOURCE_ID: 2, CELL_TARGET_ID: 1, RSRP_SOURCE: -102.05, RSRP_TARGET: -92.84, RSRQ_SOURCE: -3.00, RSRQ_TARGET: -3.00, SINR_SOURCE: 8.57, SINR_TARGET: 13.52, TIME_TO_TRIGGER: 4.00, A3_OFFSET: 6.00, HOF: 1
TIMESTAMP: 203, UE_ID: 107, CELL_SOURCE_ID: 1, CELL_TARGET_ID: 2, RSRP_SOURCE: -98.01, RSRP_TARGET: -90.72, RSRQ_SOURCE: -3.00, RSRQ_TARGET: -3.00, SINR_SOURCE: 14.00, SINR_TARGET: 18.71, TIME_TO_TRIGGER: 4.00, A3_OFFSET: 6.00, HOF: 1
TIMESTAMP: 210, UE_ID: 9, CELL_SOURCE_ID: 3, CELL_TARGET_ID: 1, RSRP_SOURCE: -100.97, RSRP_TARGET: -94.37, RSRQ_SOURCE: -3.00, RSRQ_TARGET: -3.00, SINR_SOURCE: 4.95, SINR_TARGET: 17.15, TIME_TO_TRIGGER: 4.00, A3_OFFSET: 6.00, HOF: 1
TIMESTAMP: 210, UE_ID: 89, CELL_SOURCE_ID: 2, CELL_TARGET_ID: 1, RSRP_SOURCE: -66.02, RSRP_TARGET: -59.35, RSRQ_SOURCE: -3.00, RSRQ_TARGET: -3.00, SINR_SOURCE: 45.74, SINR_TARGET: 51.55, TIME_TO_TRIGGER: 4.00, A3_OFFSET: 6.00, HOF: 1
TIMESTAMP: 210, UE_ID: 107, CELL_SOURCE_ID: 2, CELL_TARGET_ID: 1, RSRP_SOURCE: -89.52, RSRP_TARGET: -81.00, RSRQ_SOURCE: -3.00, RSRQ_TARGET: -3.00, SINR_SOURCE: 18.57, SINR_TARGET: 28.32, TIME_TO_TRIGGER: 4.00, A3_OFFSET: 6.00, HOF: 1
TIMESTAMP: 212, UE_ID: 3, CELL_SOURCE_ID: 1, CELL_TARGET_ID: 2, RSRP_SOURCE: -83.73, RSRP_TARGET: -73.47, RSRQ_SOURCE: -3.00, RSRQ_TARGET: -3.00, SINR_SOURCE: 24.46, SINR_TARGET: 35.78, TIME_TO_TRIGGER: 4.00, A3_OFFSET: 6.00, HOF: 1
TIMESTAMP: 212, UE_ID: 9, CELL_SOURCE_ID: 1, CELL_TARGET_ID: 2, RSRP_SOURCE: -71.25, RSRP_TARGET: -64.24, RSRQ_SOURCE: -3.00, RSRQ_TARGET: -3.00, SINR_SOURCE: 40.04, SINR_TARGET: 47.02, TIME_TO_TRIGGER: 4.00, A3_OFFSET: 6.00, HOF: 1
TIMESTAMP: 212, UE_ID: 30, CELL_SOURCE_ID: 1, CELL_TARGET_ID: 2, RSRP_SOURCE: -77.53, RSRP_TARGET: -69.14, RSRQ_SOURCE: -3.00, RSRQ_TARGET: -3.00, SINR_SOURCE: 34.16, SINR_TARGET: 39.91, TIME_TO_TRIGGER: 4.00, A3_OFFSET: 6.00, HOF: 1
TIMESTAMP: 212, UE_ID: 76, CELL_SOURCE_ID: 11, CELL_TARGET_ID: 2, RSRP_SOURCE: -104.33, RSRP_TARGET: -97.84, RSRQ_SOURCE: -3.00, RSRQ_TARGET: -3.00, SINR_SOURCE: 5.96, SINR_TARGET: 13.54, TIME_TO_TRIGGER: 4.00, A3_OFFSET: 6.00, HOF: 1
TIMESTAMP: 212, UE_ID: 89, CELL_SOURCE_ID: 1, CELL_TARGET_ID: 2, RSRP_SOURCE: -76.06, RSRP_TARGET: -63.20, RSRQ_SOURCE: -3.00, RSRQ_TARGET: -3.00, SINR_SOURCE: 33.71, SINR_TARGET: 46.60, TIME_TO_TRIGGER: 4.00, A3_OFFSET: 6.00, HOF: 1
TIMESTAMP: 212, UE_ID: 107, CELL_SOURCE_ID: 1, CELL_TARGET_ID: 2, RSRP_SOURCE: -72.14, RSRP_TARGET: -63.76, RSRQ_SOURCE: -3.00, RSRQ_TARGET: -3.00, SINR_SOURCE: 37.62, SINR_TARGET: 50.42, TIME_TO_TRIGGER: 4.00, A3_OFFSET: 6.00, HOF: 1
TIMESTAMP: 212, UE_ID: 113, CELL_SOURCE_ID: 1, CELL_TARGET_ID: 2, RSRP_SOURCE: -90.20, RSRP_TARGET: -80.58, RSRQ_SOURCE: -3.00, RSRQ_TARGET: -3.00, SINR_SOURCE: 16.95, SINR_TARGET: 29.09, TIME_TO_TRIGGER: 4.00, A3_OFFSET: 6.00, HOF: 1
TIMESTAMP: 215, UE_ID: 38, CELL_SOURCE_ID: 3, CELL_TARGET_ID: 4, RSRP_SOURCE: -107.10, RSRP_TARGET: -95.79, RSRQ_SOURCE: -3.00, RSRQ_TARGET: -3.00, SINR_SOURCE: 1.55, SINR_TARGET: 14.51, TIME_TO_TRIGGER: 4.00, A3_OFFSET: 6.00, HOF: 1
TIMESTAMP: 215, UE_ID: 76, CELL_SOURCE_ID: 2, CELL_TARGET_ID: 4, RSRP_SOURCE: -103.13, RSRP_TARGET: -95.45, RSRQ_SOURCE: -3.00, RSRQ_TARGET: -3.00, SINR_SOURCE: 6.68, SINR_TARGET: 14.77, TIME_TO_TRIGGER: 4.00, A3_OFFSET: 6.00, HOF: 1
TIMESTAMP: 223, UE_ID: 3, CELL_SOURCE_ID: 2, CELL_TARGET_ID: 1, RSRP_SOURCE: -61.52, RSRP_TARGET: -54.52, RSRQ_SOURCE: -3.00, RSRQ_TARGET: -3.00, SINR_SOURCE: 47.08, SINR_TARGET: 54.87, TIME_TO_TRIGGER: 4.00, A3_OFFSET: 6.00, HOF: 1
TIMESTAMP: 225, UE_ID: 96, CELL_SOURCE_ID: 1, CELL_TARGET_ID: 3, RSRP_SOURCE: -104.00, RSRP_TARGET: -97.45, RSRQ_SOURCE: -3.00, RSRQ_TARGET: -3.00, SINR_SOURCE: 8.72, SINR_TARGET: 11.94, TIME_TO_TRIGGER: 4.00, A3_OFFSET: 6.00, HOF: 1
TIMESTAMP: 228, UE_ID: 75, CELL_SOURCE_ID: 1, CELL_TARGET_ID: 5, RSRP_SOURCE: -108.40, RSRP_TARGET: -98.96, RSRQ_SOURCE: -3.00, RSRQ_TARGET: -3.00, SINR_SOURCE: 0.80, SINR_TARGET: 7.72, TIME_TO_TRIGGER: 4.00, A3_OFFSET: 6.00, HOF: 1
TIMESTAMP: 231, UE_ID: 3, CELL_SOURCE_ID: 1, CELL_TARGET_ID: 2, RSRP_SOURCE: -68.92, RSRP_TARGET: -57.20, RSRQ_SOURCE: -3.00, RSRQ_TARGET: -3.00, SINR_SOURCE: 41.93, SINR_TARGET: 51.41, TIME_TO_TRIGGER: 4.00, A3_OFFSET: 6.00, HOF: 1
TIMESTAMP: 231, UE_ID: 96, CELL_SOURCE_ID: 3, CELL_TARGET_ID: 5, RSRP_SOURCE: -107.37, RSRP_TARGET: -97.38, RSRQ_SOURCE: -3.00, RSRQ_TARGET: -3.00, SINR_SOURCE: 3.07, SINR_TARGET: 11.04, TIME_TO_TRIGGER: 4.00, A3_OFFSET: 6.00, HOF: 1
TIMESTAMP: 232, UE_ID: 89, CELL_SOURCE_ID: 2, CELL_TARGET_ID: 1, RSRP_SOURCE: -70.45, RSRP_TARGET: -62.09, RSRQ_SOURCE: -3.00, RSRQ_TARGET: -3.00, SINR_SOURCE: 38.79, SINR_TARGET: 49.21, TIME_TO_TRIGGER: 4.00, A3_OFFSET: 6.00, HOF: 1
TIMESTAMP: 233, UE_ID: 78, CELL_SOURCE_ID: 11, CELL_TARGET_ID: 1, RSRP_SOURCE: -82.10, RSRP_TARGET: -47.79, RSRQ_SOURCE: -3.00, RSRQ_TARGET: -3.00, SINR_SOURCE: 26.64, SINR_TARGET: 57.83, TIME_TO_TRIGGER: 4.00, A3_OFFSET: 6.00, HOF: 1
TIMESTAMP: 234, UE_ID: 89, CELL_SOURCE_ID: 1, CELL_TARGET_ID: 2, RSRP_SOURCE: -66.95, RSRP_TARGET: -60.51, RSRQ_SOURCE: -3.00, RSRQ_TARGET: -3.00, SINR_SOURCE: 40.70, SINR_TARGET: 49.00, TIME_TO_TRIGGER: 4.00, A3_OFFSET: 6.00, HOF: 1
TIMESTAMP: 239, UE_ID: 30, CELL_SOURCE_ID: 2, CELL_TARGET_ID: 1, RSRP_SOURCE: -79.20, RSRP_TARGET: -72.76, RSRQ_SOURCE: -3.00, RSRQ_TARGET: -3.00, SINR_SOURCE: 29.88, SINR_TARGET: 37.21, TIME_TO_TRIGGER: 4.00, A3_OFFSET: 6.00, HOF: 1
TIMESTAMP: 239, UE_ID: 113, CELL_SOURCE_ID: 2, CELL_TARGET_ID: 1, RSRP_SOURCE: -78.73, RSRP_TARGET: -72.28, RSRQ_SOURCE: -3.00, RSRQ_TARGET: -3.00, SINR_SOURCE: 34.55, SINR_TARGET: 41.41, TIME_TO_TRIGGER: 4.00, A3_OFFSET: 6.00, HOF: 1
TIMESTAMP: 241, UE_ID: 30, CELL_SOURCE_ID: 1, CELL_TARGET_ID: 2, RSRP_SOURCE: -79.08, RSRP_TARGET: -72.03, RSRQ_SOURCE: -3.00, RSRQ_TARGET: -3.00, SINR_SOURCE: 31.30, SINR_TARGET: 44.16, TIME_TO_TRIGGER: 4.00, A3_OFFSET: 6.00, HOF: 1
TIMESTAMP: 241, UE_ID: 52, CELL_SOURCE_ID: 1, CELL_TARGET_ID: 2, RSRP_SOURCE: -103.14, RSRP_TARGET: -95.51, RSRQ_SOURCE: -3.00, RSRQ_TARGET: -3.00, SINR_SOURCE: 1.92, SINR_TARGET: 16.18, TIME_TO_TRIGGER: 4.00, A3_OFFSET: 6.00, HOF: 1
TIMESTAMP: 243, UE_ID: 30, CELL_SOURCE_ID: 2, CELL_TARGET_ID: 8, RSRP_SOURCE: -107.40, RSRP_TARGET: -96.46, RSRQ_SOURCE: -3.00, RSRQ_TARGET: -3.00, SINR_SOURCE: -0.90, SINR_TARGET: 14.58, TIME_TO_TRIGGER: 4.00, A3_OFFSET: 6.00, HOF: 0
TIMESTAMP: 243, UE_ID: 52, CELL_SOURCE_ID: 2, CELL_TARGET_ID: 1, RSRP_SOURCE: -79.84, RSRP_TARGET: -69.35, RSRQ_SOURCE: -3.00, RSRQ_TARGET: -3.00, SINR_SOURCE: 33.41, SINR_TARGET: 42.97, TIME_TO_TRIGGER: 4.00, A3_OFFSET: 6.00, HOF: 1
TIMESTAMP: 243, UE_ID: 100, CELL_SOURCE_ID: 2, CELL_TARGET_ID: 1, RSRP_SOURCE: -95.40, RSRP_TARGET: -84.50, RSRQ_SOURCE: -3.00, RSRQ_TARGET: -3.00, SINR_SOURCE: 12.64, SINR_TARGET: 30.05, TIME_TO_TRIGGER: 4.00, A3_OFFSET: 6.00, HOF: 1
TIMESTAMP: 245, UE_ID: 100, CELL_SOURCE_ID: 1, CELL_TARGET_ID: 2, RSRP_SOURCE: -92.28, RSRP_TARGET: -65.14, RSRQ_SOURCE: -3.00, RSRQ_TARGET: -3.00, SINR_SOURCE: 14.83, SINR_TARGET: 46.80, TIME_TO_TRIGGER: 4.00, A3_OFFSET: 6.00, HOF: 1
TIMESTAMP: 245, UE_ID: 113, CELL_SOURCE_ID: 1, CELL_TARGET_ID: 2, RSRP_SOURCE: -103.29, RSRP_TARGET: -93.42, RSRQ_SOURCE: -3.00, RSRQ_TARGET: -3.00, SINR_SOURCE: 5.86, SINR_TARGET: 16.13, TIME_TO_TRIGGER: 4.00, A3_OFFSET: 6.00, HOF: 1
TIMESTAMP: 252, UE_ID: 55, CELL_SOURCE_ID: 1, CELL_TARGET_ID: 5, RSRP_SOURCE: -104.12, RSRP_TARGET: -96.19, RSRQ_SOURCE: -3.00, RSRQ_TARGET: -3.00, SINR_SOURCE: 2.94, SINR_TARGET: 16.20, TIME_TO_TRIGGER: 4.00, A3_OFFSET: 6.00, HOF: 1
TIMESTAMP: 254, UE_ID: 9, CELL_SOURCE_ID: 2, CELL_TARGET_ID: 9, RSRP_SOURCE: -104.85, RSRP_TARGET: -96.94, RSRQ_SOURCE: -3.00, RSRQ_TARGET: -3.00, SINR_SOURCE: 5.00, SINR_TARGET: 10.21, TIME_TO_TRIGGER: 4.00, A3_OFFSET: 6.00, HOF: 1
TIMESTAMP: 255, UE_ID: 8, CELL_SOURCE_ID: 8, CELL_TARGET_ID: 1, RSRP_SOURCE: -91.95, RSRP_TARGET: -82.10, RSRQ_SOURCE: -3.00, RSRQ_TARGET: -3.00, SINR_SOURCE: 18.24, SINR_TARGET: 23.26, TIME_TO_TRIGGER: 4.00, A3_OFFSET: 6.00, HOF: 1
TIMESTAMP: 255, UE_ID: 30, CELL_SOURCE_ID: 2, CELL_TARGET_ID: 1, RSRP_SOURCE: -95.04, RSRP_TARGET: -88.99, RSRQ_SOURCE: -3.00, RSRQ_TARGET: -3.00, SINR_SOURCE: 14.10, SINR_TARGET: 24.31, TIME_TO_TRIGGER: 4.00, A3_OFFSET: 6.00, HOF: 1
TIMESTAMP: 255, UE_ID: 70, CELL_SOURCE_ID: 8, CELL_TARGET_ID: 1, RSRP_SOURCE: -71.60, RSRP_TARGET: -63.97, RSRQ_SOURCE: -3.00, RSRQ_TARGET: -3.00, SINR_SOURCE: 33.93, SINR_TARGET: 46.35, TIME_TO_TRIGGER: 4.00, A3_OFFSET: 6.00, HOF: 1
TIMESTAMP: 255, UE_ID: 75, CELL_SOURCE_ID: 5, CELL_TARGET_ID: 1, RSRP_SOURCE: -106.51, RSRP_TARGET: -95.50, RSRQ_SOURCE: -3.00, RSRQ_TARGET: -3.00, SINR_SOURCE: 6.71, SINR_TARGET: 14.23, TIME_TO_TRIGGER: 4.00, A3_OFFSET: 6.00, HOF: 1
TIMESTAMP: 256, UE_ID: 9, CELL_SOURCE_ID: 9, CELL_TARGET_ID: 4, RSRP_SOURCE: -102.63, RSRP_TARGET: -93.39, RSRQ_SOURCE: -3.00, RSRQ_TARGET: -3.00, SINR_SOURCE: 8.96, SINR_TARGET: 16.68, TIME_TO_TRIGGER: 4.00, A3_OFFSET: 6.00, HOF: 1
TIMESTAMP: 257, UE_ID: 13, CELL_SOURCE_ID: 1, CELL_TARGET_ID: 2, RSRP_SOURCE: -94.22, RSRP_TARGET: -86.26, RSRQ_SOURCE: -3.00, RSRQ_TARGET: -3.00, SINR_SOURCE: 16.04, SINR_TARGET: 21.44, TIME_TO_TRIGGER: 4.00, A3_OFFSET: 6.00, HOF: 1
TIMESTAMP: 259, UE_ID: 8, CELL_SOURCE_ID: 1, CELL_TARGET_ID: 2, RSRP_SOURCE: -73.01, RSRP_TARGET: -65.81, RSRQ_SOURCE: -3.00, RSRQ_TARGET: -3.00, SINR_SOURCE: 39.60, SINR_TARGET: 40.98, TIME_TO_TRIGGER: 4.00, A3_OFFSET: 6.00, HOF: 1
TIMESTAMP: 259, UE_ID: 30, CELL_SOURCE_ID: 1, CELL_TARGET_ID: 2, RSRP_SOURCE: -95.76, RSRP_TARGET: -67.88, RSRQ_SOURCE: -3.00, RSRQ_TARGET: -3.00, SINR_SOURCE: 16.63, SINR_TARGET: 41.74, TIME_TO_TRIGGER: 4.00, A3_OFFSET: 6.00, HOF: 1
TIMESTAMP: 259, UE_ID: 70, CELL_SOURCE_ID: 1, CELL_TARGET_ID: 2, RSRP_SOURCE: -76.06, RSRP_TARGET: -68.26, RSRQ_SOURCE: -3.00, RSRQ_TARGET: -3.00, SINR_SOURCE: 34.61, SINR_TARGET: 39.48, TIME_TO_TRIGGER: 4.00, A3_OFFSET: 6.00, HOF: 1
TIMESTAMP: 271, UE_ID: 42, CELL_SOURCE_ID: 8, CELL_TARGET_ID: 1, RSRP_SOURCE: -82.21, RSRP_TARGET: -75.31, RSRQ_SOURCE: -3.00, RSRQ_TARGET: -3.00, SINR_SOURCE: 25.72, SINR_TARGET: 34.55, TIME_TO_TRIGGER: 4.00, A3_OFFSET: 6.00, HOF: 1
TIMESTAMP: 274, UE_ID: 52, CELL_SOURCE_ID: 1, CELL_TARGET_ID: 2, RSRP_SOURCE: -73.64, RSRP_TARGET: -67.13, RSRQ_SOURCE: -3.00, RSRQ_TARGET: -3.00, SINR_SOURCE: 37.05, SINR_TARGET: 43.28, TIME_TO_TRIGGER: 4.00, A3_OFFSET: 6.00, HOF: 1
TIMESTAMP: 274, UE_ID: 76, CELL_SOURCE_ID: 4, CELL_TARGET_ID: 2, RSRP_SOURCE: -103.57, RSRP_TARGET: -94.07, RSRQ_SOURCE: -3.00, RSRQ_TARGET: -3.00, SINR_SOURCE: 5.28, SINR_TARGET: 20.71, TIME_TO_TRIGGER: 4.00, A3_OFFSET: 6.00, HOF: 1
TIMESTAMP: 280, UE_ID: 13, CELL_SOURCE_ID: 2, CELL_TARGET_ID: 1, RSRP_SOURCE: -109.80, RSRP_TARGET: -98.54, RSRQ_SOURCE: -3.00, RSRQ_TARGET: -3.00, SINR_SOURCE: -1.67, SINR_TARGET: 12.86, TIME_TO_TRIGGER: 4.00, A3_OFFSET: 6.00, HOF: 1
TIMESTAMP: 280, UE_ID: 76, CELL_SOURCE_ID: 2, CELL_TARGET_ID: 1, RSRP_SOURCE: -95.88, RSRP_TARGET: -87.31, RSRQ_SOURCE: -3.00, RSRQ_TARGET: -3.00, SINR_SOURCE: 11.46, SINR_TARGET: 23.90, TIME_TO_TRIGGER: 4.00, A3_OFFSET: 6.00, HOF: 1
TIMESTAMP: 280, UE_ID: 113, CELL_SOURCE_ID: 2, CELL_TARGET_ID: 1, RSRP_SOURCE: -98.56, RSRP_TARGET: -92.34, RSRQ_SOURCE: -3.00, RSRQ_TARGET: -3.00, SINR_SOURCE: 14.91, SINR_TARGET: 19.03, TIME_TO_TRIGGER: 4.00, A3_OFFSET: 6.00, HOF: 1
TIMESTAMP: 281, UE_ID: 2, CELL_SOURCE_ID: 2, CELL_TARGET_ID: 5, RSRP_SOURCE: -99.89, RSRP_TARGET: -91.21, RSRQ_SOURCE: -3.00, RSRQ_TARGET: -3.00, SINR_SOURCE: 9.60, SINR_TARGET: 19.18, TIME_TO_TRIGGER: 4.00, A3_OFFSET: 6.00, HOF: 1
TIMESTAMP: 281, UE_ID: 52, CELL_SOURCE_ID: 2, CELL_TARGET_ID: 5, RSRP_SOURCE: -102.30, RSRP_TARGET: -91.45, RSRQ_SOURCE: -3.00, RSRQ_TARGET: -3.00, SINR_SOURCE: 6.11, SINR_TARGET: 16.59, TIME_TO_TRIGGER: 4.00, A3_OFFSET: 6.00, HOF: 1
TIMESTAMP: 283, UE_ID: 74, CELL_SOURCE_ID: 1, CELL_TARGET_ID: 2, RSRP_SOURCE: -73.73, RSRP_TARGET: -61.01, RSRQ_SOURCE: -3.00, RSRQ_TARGET: -3.00, SINR_SOURCE: 34.83, SINR_TARGET: 49.83, TIME_TO_TRIGGER: 4.00, A3_OFFSET: 6.00, HOF: 1
TIMESTAMP: 283, UE_ID: 76, CELL_SOURCE_ID: 1, CELL_TARGET_ID: 2, RSRP_SOURCE: -90.54, RSRP_TARGET: -82.01, RSRQ_SOURCE: -3.00, RSRQ_TARGET: -3.00, SINR_SOURCE: 19.11, SINR_TARGET: 23.95, TIME_TO_TRIGGER: 4.00, A3_OFFSET: 6.00, HOF: 1
TIMESTAMP: 284, UE_ID: 28, CELL_SOURCE_ID: 1, CELL_TARGET_ID: 2, RSRP_SOURCE: -91.79, RSRP_TARGET: -81.14, RSRQ_SOURCE: -3.00, RSRQ_TARGET: -3.00, SINR_SOURCE: 18.89, SINR_TARGET: 29.48, TIME_TO_TRIGGER: 4.00, A3_OFFSET: 6.00, HOF: 1
TIMESTAMP: 284, UE_ID: 113, CELL_SOURCE_ID: 1, CELL_TARGET_ID: 2, RSRP_SOURCE: -96.70, RSRP_TARGET: -87.19, RSRQ_SOURCE: -3.00, RSRQ_TARGET: -3.00, SINR_SOURCE: 14.73, SINR_TARGET: 24.22, TIME_TO_TRIGGER: 4.00, A3_OFFSET: 6.00, HOF: 1
TIMESTAMP: 285, UE_ID: 42, CELL_SOURCE_ID: 1, CELL_TARGET_ID: 12, RSRP_SOURCE: -108.26, RSRP_TARGET: -98.57, RSRQ_SOURCE: -3.00, RSRQ_TARGET: -3.00, SINR_SOURCE: 4.08, SINR_TARGET: 9.47, TIME_TO_TRIGGER: 4.00, A3_OFFSET: 6.00, HOF: 1
TIMESTAMP: 286, UE_ID: 9, CELL_SOURCE_ID: 4, CELL_TARGET_ID: 8, RSRP_SOURCE: -106.01, RSRP_TARGET: -96.71, RSRQ_SOURCE: -3.00, RSRQ_TARGET: -3.00, SINR_SOURCE: 3.63, SINR_TARGET: 16.31, TIME_TO_TRIGGER: 4.00, A3_OFFSET: 6.00, HOF: 1
TIMESTAMP: 286, UE_ID: 91, CELL_SOURCE_ID: 5, CELL_TARGET_ID: 1, RSRP_SOURCE: -80.26, RSRP_TARGET: -63.82, RSRQ_SOURCE: -3.00, RSRQ_TARGET: -3.00, SINR_SOURCE: 30.03, SINR_TARGET: 44.70, TIME_TO_TRIGGER: 4.00, A3_OFFSET: 6.00, HOF: 1
TIMESTAMP: 288, UE_ID: 62, CELL_SOURCE_ID: 11, CELL_TARGET_ID: 1, RSRP_SOURCE: -105.21, RSRP_TARGET: -97.55, RSRQ_SOURCE: -3.00, RSRQ_TARGET: -3.00, SINR_SOURCE: 5.54, SINR_TARGET: 10.77, TIME_TO_TRIGGER: 4.00, A3_OFFSET: 6.00, HOF: 1
TIMESTAMP: 288, UE_ID: 100, CELL_SOURCE_ID: 2, CELL_TARGET_ID: 1, RSRP_SOURCE: -90.53, RSRP_TARGET: -84.39, RSRQ_SOURCE: -3.00, RSRQ_TARGET: -3.00, SINR_SOURCE: 17.97, SINR_TARGET: 23.35, TIME_TO_TRIGGER: 4.00, A3_OFFSET: 6.00, HOF: 1
TIMESTAMP: 291, UE_ID: 55, CELL_SOURCE_ID: 5, CELL_TARGET_ID: 1, RSRP_SOURCE: -95.63, RSRP_TARGET: -89.13, RSRQ_SOURCE: -3.00, RSRQ_TARGET: -3.00, SINR_SOURCE: 13.61, SINR_TARGET: 17.65, TIME_TO_TRIGGER: 4.00, A3_OFFSET: 6.00, HOF: 1
TIMESTAMP: 295, UE_ID: 83, CELL_SOURCE_ID: 7, CELL_TARGET_ID: 1, RSRP_SOURCE: -101.55, RSRP_TARGET: -95.23, RSRQ_SOURCE: -3.00, RSRQ_TARGET: -3.00, SINR_SOURCE: 9.83, SINR_TARGET: 13.83, TIME_TO_TRIGGER: 4.00, A3_OFFSET: 6.00, HOF: 1
TIMESTAMP: 297, UE_ID: 42, CELL_SOURCE_ID: 12, CELL_TARGET_ID: 2, RSRP_SOURCE: -103.85, RSRP_TARGET: -97.74, RSRQ_SOURCE: -3.00, RSRQ_TARGET: -3.00, SINR_SOURCE: 7.08, SINR_TARGET: 15.10, TIME_TO_TRIGGER: 4.00, A3_OFFSET: 6.00, HOF: 1
TIMESTAMP: 298, UE_ID: 51, CELL_SOURCE_ID: 3, CELL_TARGET_ID: 1, RSRP_SOURCE: -71.17, RSRP_TARGET: -63.16, RSRQ_SOURCE: -3.00, RSRQ_TARGET: -3.00, SINR_SOURCE: 35.11, SINR_TARGET: 44.29, TIME_TO_TRIGGER: 4.00, A3_OFFSET: 6.00, HOF: 1
