TIMESTAMP: 37, UE_ID: 55, CELL_SOURCE_ID: 8, CELL_TARGET_ID: 1, RSRP_SOURCE: -71.82, RSRP_TARGET: -56.84, RSRQ_SOURCE: -3.00, RSRQ_TARGET: -3.00, SINR_SOURCE: 37.60, SINR_TARGET: 53.24, TIME_TO_TRIGGER: 4.00, A3_OFFSET: 6.00, HOF: 1
TIMESTAMP: 38, UE_ID: 2, CELL_SOURCE_ID: 8, CELL_TARGET_ID: 1, RSRP_SOURCE: -73.93, RSRP_TARGET: -60.92, RSRQ_SOURCE: -3.00, RSRQ_TARGET: -3.00, SINR_SOURCE: 39.78, SINR_TARGET: 50.16, TIME_TO_TRIGGER: 4.00, A3_OFFSET: 6.00, HOF: 1
TIMESTAMP: 49, UE_ID: 53, CELL_SOURCE_ID: 9, CELL_TARGET_ID: 1, RSRP_SOURCE: -62.67, RSRP_TARGET: -51.95, RSRQ_SOURCE: -3.00, RSRQ_TARGET: -3.00, SINR_SOURCE: 49.30, SINR_TARGET: 56.91, TIME_TO_TRIGGER: 4.00, A3_OFFSET: 6.00, HOF: 1
TIMESTAMP: 49, UE_ID: 75, CELL_SOURCE_ID: 7, CELL_TARGET_ID: 1, RSRP_SOURCE: -70.65, RSRP_TARGET: -60.94, RSRQ_SOURCE: -3.00, RSRQ_TARGET: -3.00, SINR_SOURCE: 38.66, SINR_TARGET: 50.02, TIME_TO_TRIGGER: 4.00, A3_OFFSET: 6.00, HOF: 1
TIMESTAMP: 49, UE_ID: 113, CELL_SOURCE_ID: 3, CELL_TARGET_ID: 1, RSRP_SOURCE: -68.63, RSRP_TARGET: -59.66, RSRQ_SOURCE: -3.00, RSRQ_TARGET: -3.00, SINR_SOURCE: 41.78, SINR_TARGET: 49.18, TIME_TO_TRIGGER: 4.00, A3_OFFSET: 6.00, HOF: 1
TIMESTAMP: 50, UE_ID: 61, CELL_SOURCE_ID: 7, CELL_TARGET_ID: 1, RSRP_SOURCE: -82.06, RSRP_TARGET: -73.06, RSRQ_SOURCE: -3.00, RSRQ_TARGET: -3.00, SINR_SOURCE: 32.04, SINR_TARGET: 38.93, TIME_TO_TRIGGER: 4.00, A3_OFFSET: 6.00, HOF: 1
TIMESTAMP: 55, UE_ID: 113, CELL_SOURCE_ID: 1, CELL_TARGET_ID: 2, RSRP_SOURCE: -87.95, RSRP_TARGET: -81.89, RSRQ_SOURCE: -3.00, RSRQ_TARGET: -3.00, SINR_SOURCE: 20.47, SINR_TARGET: 27.06, TIME_TO_TRIGGER: 4.00, A3_OFFSET: 6.00, HOF: 1
TIMESTAMP: 56, UE_ID: 53, CELL_SOURCE_ID: 1, CELL_TARGET_ID: 2, RSRP_SOURCE: -78.64, RSRP_TARGET: -56.24, RSRQ_SOURCE: -3.00, RSRQ_TARGET: -3.00, SINR_SOURCE: 29.36, SINR_TARGET: 52.94, TIME_TO_TRIGGER: 4.00, A3_OFFSET: 6.00, HOF: 1
TIMESTAMP: 57, UE_ID: 105, CELL_SOURCE_ID: 9, CELL_TARGET_ID: 1, RSRP_SOURCE: -93.83, RSRP_TARGET: -82.47, RSRQ_SOURCE: -3.00, RSRQ_TARGET: -3.00, SINR_SOURCE: 19.13, SINR_TARGET: 29.66, TIME_TO_TRIGGER: 4.00, A3_OFFSET: 6.00, HOF: 1
TIMESTAMP: 80, UE_ID: 43, CELL_SOURCE_ID: 6, CELL_TARGET_ID: 1, RSRP_SOURCE: -72.59, RSRP_TARGET: -65.90, RSRQ_SOURCE: -3.00, RSRQ_TARGET: -3.00, SINR_SOURCE: 40.14, SINR_TARGET: 43.56, TIME_TO_TRIGGER: 4.00, A3_OFFSET: 6.00, HOF: 1
TIMESTAMP: 82, UE_ID: 61, CELL_SOURCE_ID: 1, CELL_TARGET_ID: 2, RSRP_SOURCE: -76.17, RSRP_TARGET: -63.88, RSRQ_SOURCE: -3.00, RSRQ_TARGET: -3.00, SINR_SOURCE: 34.52, SINR_TARGET: 43.12, TIME_TO_TRIGGER: 4.00, A3_OFFSET: 6.00, HOF: 1
TIMESTAMP: 84, UE_ID: 78, CELL_SOURCE_ID: 8, CELL_TARGET_ID: 1, RSRP_SOURCE: -85.60, RSRP_TARGET: -77.76, RSRQ_SOURCE: -3.00, RSRQ_TARGET: -3.00, SINR_SOURCE: 23.13, SINR_TARGET: 33.03, TIME_TO_TRIGGER: 4.00, A3_OFFSET: 6.00, HOF: 1
TIMESTAMP: 102, UE_ID: 51, CELL_SOURCE_ID: 2, CELL_TARGET_ID: 1, RSRP_SOURCE: -65.58, RSRP_TARGET: -58.59, RSRQ_SOURCE: -3.00, RSRQ_TARGET: -3.00, SINR_SOURCE: 46.01, SINR_TARGET: 52.07, TIME_TO_TRIGGER: 4.00, A3_OFFSET: 6.00, HOF: 1
TIMESTAMP: 104, UE_ID: 2, CELL_SOURCE_ID: 1, CELL_TARGET_ID: 2, RSRP_SOURCE: -68.38, RSRP_TARGET: -60.49, RSRQ_SOURCE: -3.00, RSRQ_TARGET: -3.00, SINR_SOURCE: 41.80, SINR_TARGET: 51.79, TIME_TO_TRIGGER: 4.00, A3_OFFSET: 6.00, HOF: 1
TIMESTAMP: 104, UE_ID: 51, CELL_SOURCE_ID: 1, CELL_TARGET_ID: 2, RSRP_SOURCE: -87.74, RSRP_TARGET: -67.74, RSRQ_SOURCE: -3.00, RSRQ_TARGET: -3.00, SINR_SOURCE: 23.53, SINR_TARGET: 43.79, TIME_TO_TRIGGER: 4.00, A3_OFFSET: 6.00, HOF: 1
TIMESTAMP: 107, UE_ID: 28, CELL_SOURCE_ID: 7, CELL_TARGET_ID: 1, RSRP_SOURCE: -72.01, RSRP_TARGET: -58.33, RSRQ_SOURCE: -3.00, RSRQ_TARGET: -3.00, SINR_SOURCE: 38.78, SINR_TARGET: 50.51, TIME_TO_TRIGGER: 4.00, A3_OFFSET: 6.00, HOF: 1
TIMESTAMP: 107, UE_ID: 105, CELL_SOURCE_ID: 1, CELL_TARGET_ID: 2, RSRP_SOURCE: -93.47, RSRP_TARGET: -86.87, RSRQ_SOURCE: -3.00, RSRQ_TARGET: -3.00, SINR_SOURCE: 17.35, SINR_TARGET: 23.96, TIME_TO_TRIGGER: 4.00, A3_OFFSET: 6.00, HOF: 1
TIMESTAMP: 111, UE_ID: 100, CELL_SOURCE_ID: 5, CELL_TARGET_ID: 1, RSRP_SOURCE: -98.81, RSRP_TARGET: -89.27, RSRQ_SOURCE: -3.00, RSRQ_TARGET: -3.00, SINR_SOURCE: 9.06, SINR_TARGET: 18.48, TIME_TO_TRIGGER: 4.00, A3_OFFSET: 6.00, HOF: 1
TIMESTAMP: 116, UE_ID: 100, CELL_SOURCE_ID: 1, CELL_TARGET_ID: 2, RSRP_SOURCE: -91.36, RSRP_TARGET: -84.10, RSRQ_SOURCE: -3.00, RSRQ_TARGET: -3.00, SINR_SOURCE: 16.68, SINR_TARGET: 28.87, TIME_TO_TRIGGER: 4.00, A3_OFFSET: 6.00, HOF: 1
TIMESTAMP: 118, UE_ID: 53, CELL_SOURCE_ID: 2, CELL_TARGET_ID: 3, RSRP_SOURCE: -100.36, RSRP_TARGET: -88.87, RSRQ_SOURCE: -3.00, RSRQ_TARGET: -3.00, SINR_SOURCE: 11.00, SINR_TARGET: 23.24, TIME_TO_TRIGGER: 4.00, A3_OFFSET: 6.00, HOF: 1
TIMESTAMP: 131, UE_ID: 1, CELL_SOURCE_ID: 8, CELL_TARGET_ID: 1, RSRP_SOURCE: -94.17, RSRP_TARGET: -79.42, RSRQ_SOURCE: -3.00, RSRQ_TARGET: -3.00, SINR_SOURCE: 14.43, SINR_TARGET: 30.34, TIME_TO_TRIGGER: 4.00, A3_OFFSET: 6.00, HOF: 1
TIMESTAMP: 140, UE_ID: 9, CELL_SOURCE_ID: 6, CELL_TARGET_ID: 1, RSRP_SOURCE: -67.83, RSRP_TARGET: -61.08, RSRQ_SOURCE: -3.00, RSRQ_TARGET: -3.00, SINR_SOURCE: 43.90, SINR_TARGET: 51.52, TIME_TO_TRIGGER: 4.00, A3_OFFSET: 6.00, HOF: 1
TIMESTAMP: 145, UE_ID: 9, CELL_SOURCE_ID: 1, CELL_TARGET_ID: 2, RSRP_SOURCE: -71.82, RSRP_TARGET: -62.19, RSRQ_SOURCE: -3.00, RSRQ_TARGET: -3.00, SINR_SOURCE: 36.85, SINR_TARGET: 48.78, TIME_TO_TRIGGER: 4.00, A3_OFFSET: 6.00, HOF: 1
TIMESTAMP: 149, UE_ID: 113, CELL_SOURCE_ID: 2, CELL_TARGET_ID: 11, RSRP_SOURCE: -104.69, RSRP_TARGET: -96.65, RSRQ_SOURCE: -3.00, RSRQ_TARGET: -3.00, SINR_SOURCE: 4.25, SINR_TARGET: 15.13, TIME_TO_TRIGGER: 4.00, A3_OFFSET: 6.00, HOF: 1
TIMESTAMP: 153, UE_ID: 53, CELL_SOURCE_ID: 3, CELL_TARGET_ID: 4, RSRP_SOURCE: -97.69, RSRP_TARGET: -77.08, RSRQ_SOURCE: -3.00, RSRQ_TARGET: -3.00, SINR_SOURCE: 11.62, SINR_TARGET: 34.56, TIME_TO_TRIGGER: 4.00, A3_OFFSET: 6.00, HOF: 1
TIMESTAMP: 161, UE_ID: 3, CELL_SOURCE_ID: 8, CELL_TARGET_ID: 1, RSRP_SOURCE: -71.08, RSRP_TARGET: -61.63, RSRQ_SOURCE: -3.00, RSRQ_TARGET: -3.00, SINR_SOURCE: 37.73, SINR_TARGET: 46.82, TIME_TO_TRIGGER: 4.00, A3_OFFSET: 6.00, HOF: 1
TIMESTAMP: 165, UE_ID: 105, CELL_SOURCE_ID: 2, CELL_TARGET_ID: 3, RSRP_SOURCE: -100.62, RSRP_TARGET: -91.91, RSRQ_SOURCE: -3.00, RSRQ_TARGET: -3.00, SINR_SOURCE: 11.39, SINR_TARGET: 17.21, TIME_TO_TRIGGER: 4.00, A3_OFFSET: 6.00, HOF: 1
TIMESTAMP: 168, UE_ID: 103, CELL_SOURCE_ID: 8, CELL_TARGET_ID: 1, RSRP_SOURCE: -64.64, RSRP_TARGET: -58.02, RSRQ_SOURCE: -3.00, RSRQ_TARGET: -3.00, SINR_SOURCE: 44.02, SINR_TARGET: 51.81, TIME_TO_TRIGGER: 4.00, A3_OFFSET: 6.00, HOF: 1
TIMESTAMP: 171, UE_ID: 95, CELL_SOURCE_ID: 5, CELL_TARGET_ID: 1, RSRP_SOURCE: -103.50, RSRP_TARGET: -97.45, RSRQ_SOURCE: -3.00, RSRQ_TARGET: -3.00, SINR_SOURCE: 5.88, SINR_TARGET: 12.78, TIME_TO_TRIGGER: 4.00, A3_OFFSET: 6.00, HOF: 1
TIMESTAMP: 172, UE_ID: 3, CELL_SOURCE_ID: 1, CELL_TARGET_ID: 2, RSRP_SOURCE: -69.70, RSRP_TARGET: -62.75, RSRQ_SOURCE: -3.00, RSRQ_TARGET: -3.00, SINR_SOURCE: 43.24, SINR_TARGET: 42.65, TIME_TO_TRIGGER: 4.00, A3_OFFSET: 6.00, HOF: 1
TIMESTAMP: 172, UE_ID: 62, CELL_SOURCE_ID: 6, CELL_TARGET_ID: 1, RSRP_SOURCE: -91.08, RSRP_TARGET: -83.37, RSRQ_SOURCE: -3.00, RSRQ_TARGET: -3.00, SINR_SOURCE: 16.14, SINR_TARGET: 23.78, TIME_TO_TRIGGER: 4.00, A3_OFFSET: 6.00, HOF: 1
TIMESTAMP: 172, UE_ID: 107, CELL_SOURCE_ID: 6, CELL_TARGET_ID: 1, RSRP_SOURCE: -88.40, RSRP_TARGET: -82.31, RSRQ_SOURCE: -3.00, RSRQ_TARGET: -3.00, SINR_SOURCE: 21.48, SINR_TARGET: 25.54, TIME_TO_TRIGGER: 4.00, A3_OFFSET: 6.00, HOF: 1
TIMESTAMP: 175, UE_ID: 62, CELL_SOURCE_ID: 1, CELL_TARGET_ID: 2, RSRP_SOURCE: -90.35, RSRP_TARGET: -78.14, RSRQ_SOURCE: -3.00, RSRQ_TARGET: -3.00, SINR_SOURCE: 21.21, SINR_TARGET: 28.65, TIME_TO_TRIGGER: 4.00, A3_OFFSET: 6.00, HOF: 1
TIMESTAMP: 175, UE_ID: 107, CELL_SOURCE_ID: 1, CELL_TARGET_ID: 2, RSRP_SOURCE: -86.41, RSRP_TARGET: -79.05, RSRQ_SOURCE: -3.00, RSRQ_TARGET: -3.00, SINR_SOURCE: 24.30, SINR_TARGET: 34.26, TIME_TO_TRIGGER: 4.00, A3_OFFSET: 6.00, HOF: 1
TIMESTAMP: 178, UE_ID: 74, CELL_SOURCE_ID: 8, CELL_TARGET_ID: 1, RSRP_SOURCE: -58.31, RSRP_TARGET: -50.21, RSRQ_SOURCE: -3.00, RSRQ_TARGET: -3.00, SINR_SOURCE: 50.87, SINR_TARGET: 59.29, TIME_TO_TRIGGER: 4.00, A3_OFFSET: 6.00, HOF: 1
TIMESTAMP: 178, UE_ID: 107, CELL_SOURCE_ID: 2, CELL_TARGET_ID: 1, RSRP_SOURCE: -96.40, RSRP_TARGET: -90.28, RSRQ_SOURCE: -3.00, RSRQ_TARGET: -3.00, SINR_SOURCE: 11.27, SINR_TARGET: 21.19, TIME_TO_TRIGGER: 4.00, A3_OFFSET: 6.00, HOF: 1
TIMESTAMP: 182, UE_ID: 9, CELL_SOURCE_ID: 2, CELL_TARGET_ID: 1, RSRP_SOURCE: -102.07, RSRP_TARGET: -94.84, RSRQ_SOURCE: -3.00, RSRQ_TARGET: -3.00, SINR_SOURCE: 7.69, SINR_TARGET: 12.90, TIME_TO_TRIGGER: 4.00, A3_OFFSET: 6.00, HOF: 1
TIMESTAMP: 185, UE_ID: 9, CELL_SOURCE_ID: 1, CELL_TARGET_ID: 2, RSRP_SOURCE: -95.95, RSRP_TARGET: -89.79, RSRQ_SOURCE: -3.00, RSRQ_TARGET: -3.00, SINR_SOURCE: 9.72, SINR_TARGET: 22.50, TIME_TO_TRIGGER: 4.00, A3_OFFSET: 6.00, HOF: 1
TIMESTAMP: 191, UE_ID: 107, CELL_SOURCE_ID: 1, CELL_TARGET_ID: 2, RSRP_SOURCE: -92.52, RSRP_TARGET: -86.07, RSRQ_SOURCE: -3.00, RSRQ_TARGET: -3.00, SINR_SOURCE: 19.16, SINR_TARGET: 25.39, TIME_TO_TRIGGER: 4.00, A3_OFFSET: 6.00, HOF: 1
TIMESTAMP: 192, UE_ID: 96, CELL_SOURCE_ID: 6, CELL_TARGET_ID: 1, RSRP_SOURCE: -102.17, RSRP_TARGET: -93.37, RSRQ_SOURCE: -3.00, RSRQ_TARGET: -3.00, SINR_SOURCE: 7.37, SINR_TARGET: 15.50, TIME_TO_TRIGGER: 4.00, A3_OFFSET: 6.00, HOF: 1
TIMESTAMP: 192, UE_ID: 105, CELL_SOURCE_ID: 3, CELL_TARGET_ID: 4, RSRP_SOURCE: -93.38, RSRP_TARGET: -74.14, RSRQ_SOURCE: -3.00, RSRQ_TARGET: -3.00, SINR_SOURCE: 17.61, SINR_TARGET: 36.31, TIME_TO_TRIGGER: 4.00, A3_OFFSET: 6.00, HOF: 1
TIMESTAMP: 199, UE_ID: 51, CELL_SOURCE_ID: 2, CELL_TARGET_ID: 3, RSRP_SOURCE: -99.86, RSRP_TARGET: -88.31, RSRQ_SOURCE: -3.00, RSRQ_TARGET: -3.00, SINR_SOURCE: 10.26, SINR_TARGET: 21.67, TIME_TO_TRIGGER: 4.00, A3_OFFSET: 6.00, HOF: 1
TIMESTAMP: 201, UE_ID: 107, CELL_SOURCE_ID: 2, CELL_TARGET_ID: 1, RSRP_SOURCE: -78.33, RSRP_TARGET: -70.91, RSRQ_SOURCE: -3.00, RSRQ_TARGET: -3.00, SINR_SOURCE: 28.10, SINR_TARGET: 34.72, TIME_TO_TRIGGER: 4.00, A3_OFFSET: 6.00, HOF: 1
TIMESTAMP: 203, UE_ID: 107, CELL_SOURCE_ID: 1, CELL_TARGET_ID: 2, RSRP_SOURCE: -98.01, RSRP_TARGET: -91.18, RSRQ_SOURCE: -3.00, RSRQ_TARGET: -3.00, SINR_SOURCE: 14.00, SINR_TARGET: 18.26, TIME_TO_TRIGGER: 4.00, A3_OFFSET: 6.00, HOF: 1
TIMESTAMP: 211, UE_ID: 15, CELL_SOURCE_ID: 7, CELL_TARGET_ID: 1, RSRP_SOURCE: -64.06, RSRP_TARGET: -57.48, RSRQ_SOURCE: -3.00, RSRQ_TARGET: -3.00, SINR_SOURCE: 47.27, SINR_TARGET: 50.02, TIME_TO_TRIGGER: 4.00, A3_OFFSET: 6.00, HOF: 1
TIMESTAMP: 213, UE_ID: 15, CELL_SOURCE_ID: 1, CELL_TARGET_ID: 2, RSRP_SOURCE: -75.77, RSRP_TARGET: -68.91, RSRQ_SOURCE: -3.00, RSRQ_TARGET: -3.00, SINR_SOURCE: 32.91, SINR_TARGET: 40.60, TIME_TO_TRIGGER: 4.00, A3_OFFSET: 6.00, HOF: 1
TIMESTAMP: 214, UE_ID: 75, CELL_SOURCE_ID: 1, CELL_TARGET_ID: 5, RSRP_SOURCE: -103.42, RSRP_TARGET: -95.61, RSRQ_SOURCE: -3.00, RSRQ_TARGET: -3.00, SINR_SOURCE: 9.44, SINR_TARGET: 16.42, TIME_TO_TRIGGER: 4.00, A3_OFFSET: 6.00, HOF: 1
TIMESTAMP: 214, UE_ID: 103, CELL_SOURCE_ID: 1, CELL_TARGET_ID: 2, RSRP_SOURCE: -83.57, RSRP_TARGET: -61.99, RSRQ_SOURCE: -3.00, RSRQ_TARGET: -3.00, SINR_SOURCE: 24.56, SINR_TARGET: 49.11, TIME_TO_TRIGGER: 4.00, A3_OFFSET: 6.00, HOF: 1
TIMESTAMP: 216, UE_ID: 9, CELL_SOURCE_ID: 2, CELL_TARGET_ID: 1, RSRP_SOURCE: -106.47, RSRP_TARGET: -99.45, RSRQ_SOURCE: -3.00, RSRQ_TARGET: -3.00, SINR_SOURCE: 4.41, SINR_TARGET: 10.02, TIME_TO_TRIGGER: 4.00, A3_OFFSET: 6.00, HOF: 1
TIMESTAMP: 216, UE_ID: 15, CELL_SOURCE_ID: 2, CELL_TARGET_ID: 1, RSRP_SOURCE: -99.81, RSRP_TARGET: -92.44, RSRQ_SOURCE: -3.00, RSRQ_TARGET: -3.00, SINR_SOURCE: 9.49, SINR_TARGET: 20.71, TIME_TO_TRIGGER: 4.00, A3_OFFSET: 6.00, HOF: 1
TIMESTAMP: 219, UE_ID: 9, CELL_SOURCE_ID: 1, CELL_TARGET_ID: 2, RSRP_SOURCE: -89.73, RSRP_TARGET: -72.14, RSRQ_SOURCE: -3.00, RSRQ_TARGET: -3.00, SINR_SOURCE: 19.67, SINR_TARGET: 36.53, TIME_TO_TRIGGER: 4.00, A3_OFFSET: 6.00, HOF: 1
TIMESTAMP: 219, UE_ID: 15, CELL_SOURCE_ID: 1, CELL_TARGET_ID: 2, RSRP_SOURCE: -86.46, RSRP_TARGET: -69.40, RSRQ_SOURCE: -3.00, RSRQ_TARGET: -3.00, SINR_SOURCE: 21.81, SINR_TARGET: 39.32, TIME_TO_TRIGGER: 4.00, A3_OFFSET: 6.00, HOF: 1
TIMESTAMP: 221, UE_ID: 108, CELL_SOURCE_ID: 6, CELL_TARGET_ID: 1, RSRP_SOURCE: -77.45, RSRP_TARGET: -67.06, RSRQ_SOURCE: -3.00, RSRQ_TARGET: -3.00, SINR_SOURCE: 31.39, SINR_TARGET: 44.29, TIME_TO_TRIGGER: 4.00, A3_OFFSET: 6.00, HOF: 1
TIMESTAMP: 222, UE_ID: 30, CELL_SOURCE_ID: 11, CELL_TARGET_ID: 2, RSRP_SOURCE: -96.11, RSRP_TARGET: -88.86, RSRQ_SOURCE: -3.00, RSRQ_TARGET: -3.00, SINR_SOURCE: 15.05, SINR_TARGET: 21.40, TIME_TO_TRIGGER: 4.00, A3_OFFSET: 6.00, HOF: 1
TIMESTAMP: 223, UE_ID: 26, CELL_SOURCE_ID: 9, CELL_TARGET_ID: 1, RSRP_SOURCE: -98.09, RSRP_TARGET: -91.61, RSRQ_SOURCE: -3.00, RSRQ_TARGET: -3.00, SINR_SOURCE: 16.21, SINR_TARGET: 21.22, TIME_TO_TRIGGER: 4.00, A3_OFFSET: 6.00, HOF: 1
TIMESTAMP: 229, UE_ID: 95, CELL_SOURCE_ID: 1, CELL_TARGET_ID: 2, RSRP_SOURCE: -102.15, RSRP_TARGET: -94.34, RSRQ_SOURCE: -3.00, RSRQ_TARGET: -3.00, SINR_SOURCE: 6.68, SINR_TARGET: 15.95, TIME_TO_TRIGGER: 4.00, A3_OFFSET: 6.00, HOF: 1
TIMESTAMP: 231, UE_ID: 76, CELL_SOURCE_ID: 11, CELL_TARGET_ID: 4, RSRP_SOURCE: -106.01, RSRP_TARGET: -99.81, RSRQ_SOURCE: -3.00, RSRQ_TARGET: -3.00, SINR_SOURCE: 4.92, SINR_TARGET: 8.72, TIME_TO_TRIGGER: 4.00, A3_OFFSET: 6.00, HOF: 1
TIMESTAMP: 232, UE_ID: 59, CELL_SOURCE_ID: 7, CELL_TARGET_ID: 1, RSRP_SOURCE: -67.35, RSRP_TARGET: -56.94, RSRQ_SOURCE: -3.00, RSRQ_TARGET: -3.00, SINR_SOURCE: 42.08, SINR_TARGET: 52.79, TIME_TO_TRIGGER: 4.00, A3_OFFSET: 6.00, HOF: 1
TIMESTAMP: 235, UE_ID: 76, CELL_SOURCE_ID: 4, CELL_TARGET_ID: 7, RSRP_SOURCE: -101.66, RSRP_TARGET: -77.60, RSRQ_SOURCE: -3.00, RSRQ_TARGET: -3.00, SINR_SOURCE: 6.84, SINR_TARGET: 31.44, TIME_TO_TRIGGER: 4.00, A3_OFFSET: 6.00, HOF: 1
TIMESTAMP: 235, UE_ID: 87, CELL_SOURCE_ID: 6, CELL_TARGET_ID: 1, RSRP_SOURCE: -89.18, RSRP_TARGET: -79.19, RSRQ_SOURCE: -3.00, RSRQ_TARGET: -3.00, SINR_SOURCE: 23.14, SINR_TARGET: 30.00, TIME_TO_TRIGGER: 4.00, A3_OFFSET: 6.00, HOF: 1
TIMESTAMP: 238, UE_ID: 15, CELL_SOURCE_ID: 2, CELL_TARGET_ID: 1, RSRP_SOURCE: -70.66, RSRP_TARGET: -63.72, RSRQ_SOURCE: -3.00, RSRQ_TARGET: -3.00, SINR_SOURCE: 39.42, SINR_TARGET: 45.71, TIME_TO_TRIGGER: 4.00, A3_OFFSET: 6.00, HOF: 1
TIMESTAMP: 238, UE_ID: 75, CELL_SOURCE_ID: 5, CELL_TARGET_ID: 1, RSRP_SOURCE: -107.68, RSRP_TARGET: -94.36, RSRQ_SOURCE: -3.00, RSRQ_TARGET: -3.00, SINR_SOURCE: 1.07, SINR_TARGET: 18.27, TIME_TO_TRIGGER: 4.00, A3_OFFSET: 6.00, HOF: 1
TIMESTAMP: 238, UE_ID: 100, CELL_SOURCE_ID: 2, CELL_TARGET_ID: 1, RSRP_SOURCE: -94.95, RSRP_TARGET: -88.27, RSRQ_SOURCE: -3.00, RSRQ_TARGET: -3.00, SINR_SOURCE: 16.11, SINR_TARGET: 21.20, TIME_TO_TRIGGER: 4.00, A3_OFFSET: 6.00, HOF: 1
TIMESTAMP: 239, UE_ID: 95, CELL_SOURCE_ID: 2, CELL_TARGET_ID: 1, RSRP_SOURCE: -95.48, RSRP_TARGET: -86.01, RSRQ_SOURCE: -3.00, RSRQ_TARGET: -3.00, SINR_SOURCE: 15.32, SINR_TARGET: 23.56, TIME_TO_TRIGGER: 4.00, A3_OFFSET: 6.00, HOF: 1
TIMESTAMP: 240, UE_ID: 15, CELL_SOURCE_ID: 1, CELL_TARGET_ID: 2, RSRP_SOURCE: -101.52, RSRP_TARGET: -90.99, RSRQ_SOURCE: -3.00, RSRQ_TARGET: -3.00, SINR_SOURCE: 8.17, SINR_TARGET: 15.54, TIME_TO_TRIGGER: 4.00, A3_OFFSET: 6.00, HOF: 1
TIMESTAMP: 240, UE_ID: 100, CELL_SOURCE_ID: 1, CELL_TARGET_ID: 2, RSRP_SOURCE: -85.75, RSRP_TARGET: -77.65, RSRQ_SOURCE: -3.00, RSRQ_TARGET: -3.00, SINR_SOURCE: 27.82, SINR_TARGET: 29.72, TIME_TO_TRIGGER: 4.00, A3_OFFSET: 6.00, HOF: 1
TIMESTAMP: 243, UE_ID: 30, CELL_SOURCE_ID: 2, CELL_TARGET_ID: 7, RSRP_SOURCE: -106.45, RSRP_TARGET: -98.32, RSRQ_SOURCE: -3.00, RSRQ_TARGET: -3.00, SINR_SOURCE: 0.04, SINR_TARGET: 13.96, TIME_TO_TRIGGER: 4.00, A3_OFFSET: 6.00, HOF: 1
TIMESTAMP: 243, UE_ID: 95, CELL_SOURCE_ID: 1, CELL_TARGET_ID: 6, RSRP_SOURCE: -106.05, RSRP_TARGET: -98.27, RSRQ_SOURCE: -3.00, RSRQ_TARGET: -3.00, SINR_SOURCE: 4.07, SINR_TARGET: 16.28, TIME_TO_TRIGGER: 4.00, A3_OFFSET: 6.00, HOF: 1
TIMESTAMP: 243, UE_ID: 96, CELL_SOURCE_ID: 1, CELL_TARGET_ID: 5, RSRP_SOURCE: -103.13, RSRP_TARGET: -95.41, RSRQ_SOURCE: -3.00, RSRQ_TARGET: -3.00, SINR_SOURCE: 6.63, SINR_TARGET: 19.13, TIME_TO_TRIGGER: 4.00, A3_OFFSET: 6.00, HOF: 1
TIMESTAMP: 246, UE_ID: 15, CELL_SOURCE_ID: 2, CELL_TARGET_ID: 3, RSRP_SOURCE: -98.30, RSRP_TARGET: -89.73, RSRQ_SOURCE: -3.00, RSRQ_TARGET: -3.00, SINR_SOURCE: 11.07, SINR_TARGET: 19.28, TIME_TO_TRIGGER: 4.00, A3_OFFSET: 6.00, HOF: 1
TIMESTAMP: 247, UE_ID: 9, CELL_SOURCE_ID: 2, CELL_TARGET_ID: 1, RSRP_SOURCE: -98.42, RSRP_TARGET: -92.14, RSRQ_SOURCE: -3.00, RSRQ_TARGET: -3.00, SINR_SOURCE: 10.42, SINR_TARGET: 20.24, TIME_TO_TRIGGER: 4.00, A3_OFFSET: 6.00, HOF: 1
TIMESTAMP: 247, UE_ID: 100, CELL_SOURCE_ID: 2, CELL_TARGET_ID: 1, RSRP_SOURCE: -90.95, RSRP_TARGET: -82.67, RSRQ_SOURCE: -3.00, RSRQ_TARGET: -3.00, SINR_SOURCE: 18.83, SINR_TARGET: 30.21, TIME_TO_TRIGGER: 4.00, A3_OFFSET: 6.00, HOF: 1
TIMESTAMP: 252, UE_ID: 69, CELL_SOURCE_ID: 10, CELL_TARGET_ID: 1, RSRP_SOURCE: -68.12, RSRP_TARGET: -61.15, RSRQ_SOURCE: -3.00, RSRQ_TARGET: -3.00, SINR_SOURCE: 43.09, SINR_TARGET: 47.31, TIME_TO_TRIGGER: 4.00, A3_OFFSET: 6.00, HOF: 1
TIMESTAMP: 252, UE_ID: 96, CELL_SOURCE_ID: 5, CELL_TARGET_ID: 1, RSRP_SOURCE: -99.01, RSRP_TARGET: -88.12, RSRQ_SOURCE: -3.00, RSRQ_TARGET: -3.00, SINR_SOURCE: 11.93, SINR_TARGET: 19.74, TIME_TO_TRIGGER: 4.00, A3_OFFSET: 6.00, HOF: 1
TIMESTAMP: 254, UE_ID: 71, CELL_SOURCE_ID: 7, CELL_TARGET_ID: 1, RSRP_SOURCE: -93.15, RSRP_TARGET: -84.33, RSRQ_SOURCE: -3.00, RSRQ_TARGET: -3.00, SINR_SOURCE: 17.30, SINR_TARGET: 29.10, TIME_TO_TRIGGER: 4.00, A3_OFFSET: 6.00, HOF: 1
TIMESTAMP: 255, UE_ID: 8, CELL_SOURCE_ID: 8, CELL_TARGET_ID: 1, RSRP_SOURCE: -91.95, RSRP_TARGET: -83.66, RSRQ_SOURCE: -3.00, RSRQ_TARGET: -3.00, SINR_SOURCE: 18.24, SINR_TARGET: 21.70, TIME_TO_TRIGGER: 4.00, A3_OFFSET: 6.00, HOF: 1
TIMESTAMP: 255, UE_ID: 69, CELL_SOURCE_ID: 1, CELL_TARGET_ID: 2, RSRP_SOURCE: -78.85, RSRP_TARGET: -69.36, RSRQ_SOURCE: -3.00, RSRQ_TARGET: -3.00, SINR_SOURCE: 33.22, SINR_TARGET: 40.96, TIME_TO_TRIGGER: 4.00, A3_OFFSET: 6.00, HOF: 1
TIMESTAMP: 255, UE_ID: 70, CELL_SOURCE_ID: 8, CELL_TARGET_ID: 1, RSRP_SOURCE: -71.60, RSRP_TARGET: -65.53, RSRQ_SOURCE: -3.00, RSRQ_TARGET: -3.00, SINR_SOURCE: 33.93, SINR_TARGET: 44.80, TIME_TO_TRIGGER: 4.00, A3_OFFSET: 6.00, HOF: 1
TIMESTAMP: 256, UE_ID: 9, CELL_SOURCE_ID: 1, CELL_TARGET_ID: 2, RSRP_SOURCE: -102.54, RSRP_TARGET: -93.47, RSRQ_SOURCE: -3.00, RSRQ_TARGET: -3.00, SINR_SOURCE: 8.41, SINR_TARGET: 17.03, TIME_TO_TRIGGER: 4.00, A3_OFFSET: 6.00, HOF: 1
TIMESTAMP: 256, UE_ID: 100, CELL_SOURCE_ID: 1, CELL_TARGET_ID: 2, RSRP_SOURCE: -90.65, RSRP_TARGET: -79.54, RSRQ_SOURCE: -3.00, RSRQ_TARGET: -3.00, SINR_SOURCE: 16.65, SINR_TARGET: 29.66, TIME_TO_TRIGGER: 4.00, A3_OFFSET: 6.00, HOF: 1
TIMESTAMP: 259, UE_ID: 70, CELL_SOURCE_ID: 1, CELL_TARGET_ID: 2, RSRP_SOURCE: -76.06, RSRP_TARGET: -68.26, RSRQ_SOURCE: -3.00, RSRQ_TARGET: -3.00, SINR_SOURCE: 34.61, SINR_TARGET: 39.48, TIME_TO_TRIGGER: 4.00, A3_OFFSET: 6.00, HOF: 1
TIMESTAMP: 266, UE_ID: 12, CELL_SOURCE_ID: 8, CELL_TARGET_ID: 3, RSRP_SOURCE: -104.47, RSRP_TARGET: -96.42, RSRQ_SOURCE: -3.00, RSRQ_TARGET: -3.00, SINR_SOURCE: 8.81, SINR_TARGET: 12.11, TIME_TO_TRIGGER: 4.00, A3_OFFSET: 6.00, HOF: 0
TIMESTAMP: 267, UE_ID: 9, CELL_SOURCE_ID: 2, CELL_TARGET_ID: 3, RSRP_SOURCE: -106.00, RSRP_TARGET: -98.58, RSRQ_SOURCE: -3.00, RSRQ_TARGET: -3.00, SINR_SOURCE: 6.12, SINR_TARGET: 12.16, TIME_TO_TRIGGER: 4.00, A3_OFFSET: 6.00, HOF: 1
TIMESTAMP: 269, UE_ID: 9, CELL_SOURCE_ID: 3, CELL_TARGET_ID: 4, RSRP_SOURCE: -106.23, RSRP_TARGET: -99.67, RSRQ_SOURCE: -3.00, RSRQ_TARGET: -3.00, SINR_SOURCE: 2.82, SINR_TARGET: 8.74, TIME_TO_TRIGGER: 4.00, A3_OFFSET: 6.00, HOF: 1
TIMESTAMP: 270, UE_ID: 62, CELL_SOURCE_ID: 2, CELL_TARGET_ID: 3, RSRP_SOURCE: -99.17, RSRP_TARGET: -91.10, RSRQ_SOURCE: -3.00, RSRQ_TARGET: -3.00, SINR_SOURCE: 12.29, SINR_TARGET: 16.99, TIME_TO_TRIGGER: 4.00, A3_OFFSET: 6.00, HOF: 1
TIMESTAMP: 274, UE_ID: 17, CELL_SOURCE_ID: 6, CELL_TARGET_ID: 1, RSRP_SOURCE: -89.79, RSRP_TARGET: -83.43, RSRQ_SOURCE: -3.00, RSRQ_TARGET: -3.00, SINR_SOURCE: 19.25, SINR_TARGET: 26.78, TIME_TO_TRIGGER: 4.00, A3_OFFSET: 6.00, HOF: 1
TIMESTAMP: 274, UE_ID: 89, CELL_SOURCE_ID: 6, CELL_TARGET_ID: 1, RSRP_SOURCE: -73.49, RSRP_TARGET: -64.48, RSRQ_SOURCE: -3.00, RSRQ_TARGET: -3.00, SINR_SOURCE: 35.11, SINR_TARGET: 47.66, TIME_TO_TRIGGER: 4.00, A3_OFFSET: 6.00, HOF: 1
TIMESTAMP: 276, UE_ID: 9, CELL_SOURCE_ID: 4, CELL_TARGET_ID: 9, RSRP_SOURCE: -105.72, RSRP_TARGET: -99.63, RSRQ_SOURCE: -3.00, RSRQ_TARGET: -3.00, SINR_SOURCE: 2.05, SINR_TARGET: 11.38, TIME_TO_TRIGGER: 4.00, A3_OFFSET: 6.00, HOF: 1
TIMESTAMP: 277, UE_ID: 8, CELL_SOURCE_ID: 1, CELL_TARGET_ID: 2, RSRP_SOURCE: -91.67, RSRP_TARGET: -82.40, RSRQ_SOURCE: -3.00, RSRQ_TARGET: -3.00, SINR_SOURCE: 17.89, SINR_TARGET: 28.30, TIME_TO_TRIGGER: 4.00, A3_OFFSET: 6.00, HOF: 1
TIMESTAMP: 277, UE_ID: 17, CELL_SOURCE_ID: 1, CELL_TARGET_ID: 2, RSRP_SOURCE: -91.32, RSRP_TARGET: -83.22, RSRQ_SOURCE: -3.00, RSRQ_TARGET: -3.00, SINR_SOURCE: 20.30, SINR_TARGET: 26.13, TIME_TO_TRIGGER: 4.00, A3_OFFSET: 6.00, HOF: 1
TIMESTAMP: 277, UE_ID: 28, CELL_SOURCE_ID: 1, CELL_TARGET_ID: 2, RSRP_SOURCE: -87.83, RSRP_TARGET: -79.73, RSRQ_SOURCE: -3.00, RSRQ_TARGET: -3.00, SINR_SOURCE: 22.20, SINR_TARGET: 33.02, TIME_TO_TRIGGER: 4.00, A3_OFFSET: 6.00, HOF: 1
TIMESTAMP: 277, UE_ID: 52, CELL_SOURCE_ID: 1, CELL_TARGET_ID: 2, RSRP_SOURCE: -97.38, RSRP_TARGET: -89.78, RSRQ_SOURCE: -3.00, RSRQ_TARGET: -3.00, SINR_SOURCE: 12.08, SINR_TARGET: 20.60, TIME_TO_TRIGGER: 4.00, A3_OFFSET: 6.00, HOF: 1
TIMESTAMP: 277, UE_ID: 74, CELL_SOURCE_ID: 1, CELL_TARGET_ID: 2, RSRP_SOURCE: -86.61, RSRP_TARGET: -67.14, RSRQ_SOURCE: -3.00, RSRQ_TARGET: -3.00, SINR_SOURCE: 26.33, SINR_TARGET: 44.53, TIME_TO_TRIGGER: 4.00, A3_OFFSET: 6.00, HOF: 1
TIMESTAMP: 277, UE_ID: 89, CELL_SOURCE_ID: 1, CELL_TARGET_ID: 2, RSRP_SOURCE: -91.01, RSRP_TARGET: -81.59, RSRQ_SOURCE: -3.00, RSRQ_TARGET: -3.00, SINR_SOURCE: 18.24, SINR_TARGET: 32.52, TIME_TO_TRIGGER: 4.00, A3_OFFSET: 6.00, HOF: 1
TIMESTAMP: 281, UE_ID: 52, CELL_SOURCE_ID: 2, CELL_TARGET_ID: 4, RSRP_SOURCE: -104.94, RSRP_TARGET: -98.84, RSRQ_SOURCE: -3.00, RSRQ_TARGET: -3.00, SINR_SOURCE: 3.47, SINR_TARGET: 10.53, TIME_TO_TRIGGER: 4.00, A3_OFFSET: 6.00, HOF: 1
TIMESTAMP: 282, UE_ID: 2, CELL_SOURCE_ID: 2, CELL_TARGET_ID: 1, RSRP_SOURCE: -99.32, RSRP_TARGET: -91.08, RSRQ_SOURCE: -3.00, RSRQ_TARGET: -3.00, SINR_SOURCE: 10.80, SINR_TARGET: 17.91, TIME_TO_TRIGGER: 4.00, A3_OFFSET: 6.00, HOF: 1
TIMESTAMP: 286, UE_ID: 42, CELL_SOURCE_ID: 8, CELL_TARGET_ID: 1, RSRP_SOURCE: -104.13, RSRP_TARGET: -96.25, RSRQ_SOURCE: -3.00, RSRQ_TARGET: -3.00, SINR_SOURCE: 2.98, SINR_TARGET: 14.80, TIME_TO_TRIGGER: 4.00, A3_OFFSET: 6.00, HOF: 1
TIMESTAMP: 287, UE_ID: 91, CELL_SOURCE_ID: 5, CELL_TARGET_ID: 1, RSRP_SOURCE: -68.08, RSRP_TARGET: -57.19, RSRQ_SOURCE: -3.00, RSRQ_TARGET: -3.00, SINR_SOURCE: 44.05, SINR_TARGET: 50.81, TIME_TO_TRIGGER: 4.00, A3_OFFSET: 6.00, HOF: 1
TIMESTAMP: 289, UE_ID: 42, CELL_SOURCE_ID: 1, CELL_TARGET_ID: 3, RSRP_SOURCE: -105.12, RSRP_TARGET: -94.20, RSRQ_SOURCE: -3.00, RSRQ_TARGET: -3.00, SINR_SOURCE: 3.84, SINR_TARGET: 17.77, TIME_TO_TRIGGER: 4.00, A3_OFFSET: 6.00, HOF: 1
TIMESTAMP: 291, UE_ID: 17, CELL_SOURCE_ID: 2, CELL_TARGET_ID: 1, RSRP_SOURCE: -95.04, RSRP_TARGET: -88.20, RSRQ_SOURCE: -3.00, RSRQ_TARGET: -3.00, SINR_SOURCE: 13.21, SINR_TARGET: 22.68, TIME_TO_TRIGGER: 4.00, A3_OFFSET: 6.00, HOF: 1
TIMESTAMP: 291, UE_ID: 42, CELL_SOURCE_ID: 3, CELL_TARGET_ID: 1, RSRP_SOURCE: -97.36, RSRP_TARGET: -91.18, RSRQ_SOURCE: -3.00, RSRQ_TARGET: -3.00, SINR_SOURCE: 14.25, SINR_TARGET: 16.53, TIME_TO_TRIGGER: 4.00, A3_OFFSET: 6.00, HOF: 1
TIMESTAMP: 291, UE_ID: 69, CELL_SOURCE_ID: 2, CELL_TARGET_ID: 1, RSRP_SOURCE: -70.53, RSRP_TARGET: -61.96, RSRQ_SOURCE: -3.00, RSRQ_TARGET: -3.00, SINR_SOURCE: 40.06, SINR_TARGET: 47.92, TIME_TO_TRIGGER: 4.00, A3_OFFSET: 6.00, HOF: 1
TIMESTAMP: 291, UE_ID: 113, CELL_SOURCE_ID: 11, CELL_TARGET_ID: 1, RSRP_SOURCE: -97.29, RSRP_TARGET: -90.80, RSRQ_SOURCE: -3.00, RSRQ_TARGET: -3.00, SINR_SOURCE: 10.24, SINR_TARGET: 17.55, TIME_TO_TRIGGER: 4.00, A3_OFFSET: 6.00, HOF: 1
TIMESTAMP: 294, UE_ID: 69, CELL_SOURCE_ID: 1, CELL_TARGET_ID: 2, RSRP_SOURCE: -89.54, RSRP_TARGET: -70.34, RSRQ_SOURCE: -3.00, RSRQ_TARGET: -3.00, SINR_SOURCE: 18.44, SINR_TARGET: 40.16, TIME_TO_TRIGGER: 4.00, A3_OFFSET: 6.00, HOF: 1
TIMESTAMP: 299, UE_ID: 52, CELL_SOURCE_ID: 9, CELL_TARGET_ID: 1, RSRP_SOURCE: -68.03, RSRP_TARGET: -60.80, RSRQ_SOURCE: -3.00, RSRQ_TARGET: -3.00, SINR_SOURCE: 43.67, SINR_TARGET: 52.54, TIME_TO_TRIGGER: 4.00, A3_OFFSET: 6.00, HOF: 1
TIMESTAMP: 299, UE_ID: 61, CELL_SOURCE_ID: 2, CELL_TARGET_ID: 1, RSRP_SOURCE: -93.27, RSRP_TARGET: -85.83, RSRQ_SOURCE: -3.00, RSRQ_TARGET: -3.00, SINR_SOURCE: 20.27, SINR_TARGET: 19.99, TIME_TO_TRIGGER: 4.00, A3_OFFSET: 6.00, HOF: 1
TIMESTAMP: 299, UE_ID: 103, CELL_SOURCE_ID: 2, CELL_TARGET_ID: 1, RSRP_SOURCE: -67.27, RSRP_TARGET: -60.85, RSRQ_SOURCE: -3.00, RSRQ_TARGET: -3.00, SINR_SOURCE: 41.13, SINR_TARGET: 50.43, TIME_TO_TRIGGER: 4.00, A3_OFFSET: 6.00, HOF: 1
