TIMESTAMP: 55, UE_ID: 9, CELL_SOURCE_ID: 2, CELL_TARGET_ID: 3, RSRP_SOURCE: -92.29, RSRP_TARGET: -74.34, RSRQ_SOURCE: -3.00, RSRQ_TARGET: -3.00, SINR_SOURCE: 18.18, SINR_TARGET: 37.60, TIME_TO_TRIGGER: 4.00, A3_OFFSET: 6.00, HOF: 1
TIMESTAMP: 61, UE_ID: 53, CELL_SOURCE_ID: 9, CELL_TARGET_ID: 1, RSRP_SOURCE: -94.97, RSRP_TARGET: -85.80, RSRQ_SOURCE: -3.00, RSRQ_TARGET: -3.00, SINR_SOURCE: 15.33, SINR_TARGET: 27.29, TIME_TO_TRIGGER: 4.00, A3_OFFSET: 6.00, HOF: 1
TIMESTAMP: 66, UE_ID: 53, CELL_SOURCE_ID: 1, CELL_TARGET_ID: 2, RSRP_SOURCE: -81.88, RSRP_TARGET: -64.62, RSRQ_SOURCE: -3.00, RSRQ_TARGET: -3.00, SINR_SOURCE: 28.62, SINR_TARGET: 45.62, TIME_TO_TRIGGER: 4.00, A3_OFFSET: 6.00, HOF: 1
TIMESTAMP: 79, UE_ID: 2, CELL_SOURCE_ID: 8, CELL_TARGET_ID: 1, RSRP_SOURCE: -78.86, RSRP_TARGET: -55.65, RSRQ_SOURCE: -3.00, RSRQ_TARGET: -3.00, SINR_SOURCE: 31.08, SINR_TARGET: 57.01, TIME_TO_TRIGGER: 4.00, A3_OFFSET: 6.00, HOF: 1
TIMESTAMP: 80, UE_ID: 43, CELL_SOURCE_ID: 10, CELL_TARGET_ID: 1, RSRP_SOURCE: -75.22, RSRP_TARGET: -67.06, RSRQ_SOURCE: -3.00, RSRQ_TARGET: -3.00, SINR_SOURCE: 34.65, SINR_TARGET: 42.40, TIME_TO_TRIGGER: 4.00, A3_OFFSET: 6.00, HOF: 1
TIMESTAMP: 85, UE_ID: 83, CELL_SOURCE_ID: 11, CELL_TARGET_ID: 1, RSRP_SOURCE: -88.95, RSRP_TARGET: -81.99, RSRQ_SOURCE: -3.00, RSRQ_TARGET: -3.00, SINR_SOURCE: 24.30, SINR_TARGET: 28.42, TIME_TO_TRIGGER: 4.00, A3_OFFSET: 6.00, HOF: 1
TIMESTAMP: 89, UE_ID: 100, CELL_SOURCE_ID: 5, CELL_TARGET_ID: 1, RSRP_SOURCE: -101.22, RSRP_TARGET: -90.86, RSRQ_SOURCE: -3.00, RSRQ_TARGET: -3.00, SINR_SOURCE: 11.67, SINR_TARGET: 17.70, TIME_TO_TRIGGER: 4.00, A3_OFFSET: 6.00, HOF: 1
TIMESTAMP: 103, UE_ID: 1, CELL_SOURCE_ID: 8, CELL_TARGET_ID: 1, RSRP_SOURCE: -62.97, RSRP_TARGET: -56.85, RSRQ_SOURCE: -3.00, RSRQ_TARGET: -3.00, SINR_SOURCE: 48.06, SINR_TARGET: 53.37, TIME_TO_TRIGGER: 4.00, A3_OFFSET: 6.00, HOF: 1
TIMESTAMP: 115, UE_ID: 2, CELL_SOURCE_ID: 1, CELL_TARGET_ID: 2, RSRP_SOURCE: -80.54, RSRP_TARGET: -72.36, RSRQ_SOURCE: -3.00, RSRQ_TARGET: -3.00, SINR_SOURCE: 30.33, SINR_TARGET: 36.96, TIME_TO_TRIGGER: 4.00, A3_OFFSET: 6.00, HOF: 1
TIMESTAMP: 117, UE_ID: 55, CELL_SOURCE_ID: 11, CELL_TARGET_ID: 1, RSRP_SOURCE: -93.12, RSRP_TARGET: -80.58, RSRQ_SOURCE: -3.00, RSRQ_TARGET: -3.00, SINR_SOURCE: 17.23, SINR_TARGET: 29.70, TIME_TO_TRIGGER: 4.00, A3_OFFSET: 6.00, HOF: 1
TIMESTAMP: 121, UE_ID: 75, CELL_SOURCE_ID: 7, CELL_TARGET_ID: 1, RSRP_SOURCE: -97.43, RSRP_TARGET: -90.50, RSRQ_SOURCE: -3.00, RSRQ_TARGET: -3.00, SINR_SOURCE: 15.25, SINR_TARGET: 17.72, TIME_TO_TRIGGER: 4.00, A3_OFFSET: 6.00, HOF: 1
TIMESTAMP: 125, UE_ID: 100, CELL_SOURCE_ID: 1, CELL_TARGET_ID: 2, RSRP_SOURCE: -96.01, RSRP_TARGET: -80.27, RSRQ_SOURCE: -3.00, RSRQ_TARGET: -3.00, SINR_SOURCE: 17.86, SINR_TARGET: 29.17, TIME_TO_TRIGGER: 4.00, A3_OFFSET: 6.00, HOF: 1
TIMESTAMP: 131, UE_ID: 53, CELL_SOURCE_ID: 2, CELL_TARGET_ID: 3, RSRP_SOURCE: -99.18, RSRP_TARGET: -92.26, RSRQ_SOURCE: -3.00, RSRQ_TARGET: -3.00, SINR_SOURCE: 7.28, SINR_TARGET: 16.54, TIME_TO_TRIGGER: 4.00, A3_OFFSET: 6.00, HOF: 1
TIMESTAMP: 139, UE_ID: 53, CELL_SOURCE_ID: 3, CELL_TARGET_ID: 4, RSRP_SOURCE: -97.59, RSRP_TARGET: -88.46, RSRQ_SOURCE: -3.00, RSRQ_TARGET: -3.00, SINR_SOURCE: 13.06, SINR_TARGET: 23.82, TIME_TO_TRIGGER: 4.00, A3_OFFSET: 6.00, HOF: 1
TIMESTAMP: 142, UE_ID: 30, CELL_SOURCE_ID: 11, CELL_TARGET_ID: 8, RSRP_SOURCE: -105.27, RSRP_TARGET: -97.02, RSRQ_SOURCE: -3.00, RSRQ_TARGET: -3.00, SINR_SOURCE: 5.18, SINR_TARGET: 10.01, TIME_TO_TRIGGER: 4.00, A3_OFFSET: 6.00, HOF: 1
TIMESTAMP: 149, UE_ID: 111, CELL_SOURCE_ID: 3, CELL_TARGET_ID: 1, RSRP_SOURCE: -65.30, RSRP_TARGET: -49.85, RSRQ_SOURCE: -3.00, RSRQ_TARGET: -3.00, SINR_SOURCE: 44.11, SINR_TARGET: 59.54, TIME_TO_TRIGGER: 4.00, A3_OFFSET: 6.00, HOF: 1
TIMESTAMP: 155, UE_ID: 105, CELL_SOURCE_ID: 10, CELL_TARGET_ID: 2, RSRP_SOURCE: -102.65, RSRP_TARGET: -95.48, RSRQ_SOURCE: -3.00, RSRQ_TARGET: -3.00, SINR_SOURCE: 5.16, SINR_TARGET: 13.36, TIME_TO_TRIGGER: 4.00, A3_OFFSET: 6.00, HOF: 1
TIMESTAMP: 165, UE_ID: 74, CELL_SOURCE_ID: 8, CELL_TARGET_ID: 1, RSRP_SOURCE: -65.26, RSRP_TARGET: -58.93, RSRQ_SOURCE: -3.00, RSRQ_TARGET: -3.00, SINR_SOURCE: 45.51, SINR_TARGET: 50.03, TIME_TO_TRIGGER: 4.00, A3_OFFSET: 6.00, HOF: 1
TIMESTAMP: 170, UE_ID: 13, CELL_SOURCE_ID: 5, CELL_TARGET_ID: 1, RSRP_SOURCE: -107.30, RSRP_TARGET: -99.39, RSRQ_SOURCE: -3.00, RSRQ_TARGET: -3.00, SINR_SOURCE: 3.01, SINR_TARGET: 5.45, TIME_TO_TRIGGER: 4.00, A3_OFFSET: 6.00, HOF: 1
TIMESTAMP: 186, UE_ID: 83, CELL_SOURCE_ID: 1, CELL_TARGET_ID: 2, RSRP_SOURCE: -92.40, RSRP_TARGET: -70.96, RSRQ_SOURCE: -3.00, RSRQ_TARGET: -3.00, SINR_SOURCE: 13.40, SINR_TARGET: 37.42, TIME_TO_TRIGGER: 4.00, A3_OFFSET: 6.00, HOF: 1
TIMESTAMP: 186, UE_ID: 105, CELL_SOURCE_ID: 2, CELL_TARGET_ID: 3, RSRP_SOURCE: -76.84, RSRP_TARGET: -70.12, RSRQ_SOURCE: -3.00, RSRQ_TARGET: -3.00, SINR_SOURCE: 33.98, SINR_TARGET: 37.92, TIME_TO_TRIGGER: 4.00, A3_OFFSET: 6.00, HOF: 1
TIMESTAMP: 191, UE_ID: 75, CELL_SOURCE_ID: 6, CELL_TARGET_ID: 1, RSRP_SOURCE: -103.17, RSRP_TARGET: -95.63, RSRQ_SOURCE: -3.00, RSRQ_TARGET: -3.00, SINR_SOURCE: 3.91, SINR_TARGET: 13.99, TIME_TO_TRIGGER: 4.00, A3_OFFSET: 6.00, HOF: 1
TIMESTAMP: 199, UE_ID: 51, CELL_SOURCE_ID: 2, CELL_TARGET_ID: 3, RSRP_SOURCE: -101.64, RSRP_TARGET: -94.21, RSRQ_SOURCE: -3.00, RSRQ_TARGET: -3.00, SINR_SOURCE: 8.48, SINR_TARGET: 15.77, TIME_TO_TRIGGER: 4.00, A3_OFFSET: 6.00, HOF: 1
TIMESTAMP: 200, UE_ID: 96, CELL_SOURCE_ID: 10, CELL_TARGET_ID: 1, RSRP_SOURCE: -83.03, RSRP_TARGET: -75.91, RSRQ_SOURCE: -3.00, RSRQ_TARGET: -3.00, SINR_SOURCE: 27.95, SINR_TARGET: 35.45, TIME_TO_TRIGGER: 4.00, A3_OFFSET: 6.00, HOF: 1
TIMESTAMP: 202, UE_ID: 3, CELL_SOURCE_ID: 8, CELL_TARGET_ID: 1, RSRP_SOURCE: -81.14, RSRP_TARGET: -70.43, RSRQ_SOURCE: -3.00, RSRQ_TARGET: -3.00, SINR_SOURCE: 28.31, SINR_TARGET: 39.78, TIME_TO_TRIGGER: 4.00, A3_OFFSET: 6.00, HOF: 1
TIMESTAMP: 212, UE_ID: 100, CELL_SOURCE_ID: 2, CELL_TARGET_ID: 3, RSRP_SOURCE: -95.02, RSRP_TARGET: -73.21, RSRQ_SOURCE: -3.00, RSRQ_TARGET: -3.00, SINR_SOURCE: 14.94, SINR_TARGET: 33.78, TIME_TO_TRIGGER: 4.00, A3_OFFSET: 6.00, HOF: 1
TIMESTAMP: 213, UE_ID: 3, CELL_SOURCE_ID: 1, CELL_TARGET_ID: 2, RSRP_SOURCE: -86.24, RSRP_TARGET: -78.82, RSRQ_SOURCE: -3.00, RSRQ_TARGET: -3.00, SINR_SOURCE: 20.81, SINR_TARGET: 28.84, TIME_TO_TRIGGER: 4.00, A3_OFFSET: 6.00, HOF: 1
TIMESTAMP: 216, UE_ID: 111, CELL_SOURCE_ID: 5, CELL_TARGET_ID: 1, RSRP_SOURCE: -70.54, RSRP_TARGET: -64.20, RSRQ_SOURCE: -3.00, RSRQ_TARGET: -3.00, SINR_SOURCE: 39.31, SINR_TARGET: 48.23, TIME_TO_TRIGGER: 4.00, A3_OFFSET: 6.00, HOF: 1
TIMESTAMP: 221, UE_ID: 111, CELL_SOURCE_ID: 1, CELL_TARGET_ID: 2, RSRP_SOURCE: -86.74, RSRP_TARGET: -74.51, RSRQ_SOURCE: -3.00, RSRQ_TARGET: -3.00, SINR_SOURCE: 21.26, SINR_TARGET: 34.30, TIME_TO_TRIGGER: 4.00, A3_OFFSET: 6.00, HOF: 1
TIMESTAMP: 222, UE_ID: 76, CELL_SOURCE_ID: 7, CELL_TARGET_ID: 3, RSRP_SOURCE: -101.23, RSRP_TARGET: -94.44, RSRQ_SOURCE: -3.00, RSRQ_TARGET: -3.00, SINR_SOURCE: 12.33, SINR_TARGET: 13.81, TIME_TO_TRIGGER: 4.00, A3_OFFSET: 6.00, HOF: 1
TIMESTAMP: 234, UE_ID: 105, CELL_SOURCE_ID: 3, CELL_TARGET_ID: 6, RSRP_SOURCE: -106.20, RSRP_TARGET: -99.90, RSRQ_SOURCE: -3.00, RSRQ_TARGET: -3.00, SINR_SOURCE: 2.02, SINR_TARGET: 13.86, TIME_TO_TRIGGER: 4.00, A3_OFFSET: 6.00, HOF: 1
TIMESTAMP: 237, UE_ID: 111, CELL_SOURCE_ID: 2, CELL_TARGET_ID: 3, RSRP_SOURCE: -90.02, RSRP_TARGET: -77.42, RSRQ_SOURCE: -3.00, RSRQ_TARGET: -3.00, SINR_SOURCE: 21.61, SINR_TARGET: 30.79, TIME_TO_TRIGGER: 4.00, A3_OFFSET: 6.00, HOF: 1
TIMESTAMP: 249, UE_ID: 9, CELL_SOURCE_ID: 4, CELL_TARGET_ID: 2, RSRP_SOURCE: -105.55, RSRP_TARGET: -98.51, RSRQ_SOURCE: -3.00, RSRQ_TARGET: -3.00, SINR_SOURCE: 4.30, SINR_TARGET: 12.81, TIME_TO_TRIGGER: 4.00, A3_OFFSET: 6.00, HOF: 1
TIMESTAMP: 257, UE_ID: 62, CELL_SOURCE_ID: 4, CELL_TARGET_ID: 1, RSRP_SOURCE: -100.56, RSRP_TARGET: -92.54, RSRQ_SOURCE: -3.00, RSRQ_TARGET: -3.00, SINR_SOURCE: 9.32, SINR_TARGET: 21.33, TIME_TO_TRIGGER: 4.00, A3_OFFSET: 6.00, HOF: 1
TIMESTAMP: 263, UE_ID: 9, CELL_SOURCE_ID: 2, CELL_TARGET_ID: 1, RSRP_SOURCE: -101.79, RSRP_TARGET: -94.45, RSRQ_SOURCE: -3.00, RSRQ_TARGET: -3.00, SINR_SOURCE: 8.35, SINR_TARGET: 13.73, TIME_TO_TRIGGER: 4.00, A3_OFFSET: 6.00, HOF: 1
TIMESTAMP: 264, UE_ID: 12, CELL_SOURCE_ID: 12, CELL_TARGET_ID: 3, RSRP_SOURCE: -104.22, RSRP_TARGET: -97.12, RSRQ_SOURCE: -3.00, RSRQ_TARGET: -3.00, SINR_SOURCE: 6.91, SINR_TARGET: 13.87, TIME_TO_TRIGGER: 4.00, A3_OFFSET: 6.00, HOF: 0
TIMESTAMP: 269, UE_ID: 113, CELL_SOURCE_ID: 7, CELL_TARGET_ID: 1, RSRP_SOURCE: -105.84, RSRP_TARGET: -96.11, RSRQ_SOURCE: -3.00, RSRQ_TARGET: -3.00, SINR_SOURCE: 5.27, SINR_TARGET: 10.48, TIME_TO_TRIGGER: 4.00, A3_OFFSET: 6.00, HOF: 1
TIMESTAMP: 270, UE_ID: 89, CELL_SOURCE_ID: 2, CELL_TARGET_ID: 3, RSRP_SOURCE: -93.59, RSRP_TARGET: -73.32, RSRQ_SOURCE: -3.00, RSRQ_TARGET: -3.00, SINR_SOURCE: 15.75, SINR_TARGET: 42.04, TIME_TO_TRIGGER: 4.00, A3_OFFSET: 6.00, HOF: 1
TIMESTAMP: 271, UE_ID: 91, CELL_SOURCE_ID: 9, CELL_TARGET_ID: 1, RSRP_SOURCE: -77.10, RSRP_TARGET: -71.09, RSRQ_SOURCE: -3.00, RSRQ_TARGET: -3.00, SINR_SOURCE: 32.91, SINR_TARGET: 38.07, TIME_TO_TRIGGER: 4.00, A3_OFFSET: 6.00, HOF: 1
TIMESTAMP: 272, UE_ID: 70, CELL_SOURCE_ID: 8, CELL_TARGET_ID: 1, RSRP_SOURCE: -88.03, RSRP_TARGET: -81.84, RSRQ_SOURCE: -3.00, RSRQ_TARGET: -3.00, SINR_SOURCE: 21.78, SINR_TARGET: 29.86, TIME_TO_TRIGGER: 4.00, A3_OFFSET: 6.00, HOF: 1
TIMESTAMP: 275, UE_ID: 9, CELL_SOURCE_ID: 1, CELL_TARGET_ID: 8, RSRP_SOURCE: -109.08, RSRP_TARGET: -99.26, RSRQ_SOURCE: -3.00, RSRQ_TARGET: -3.00, SINR_SOURCE: 1.76, SINR_TARGET: 15.13, TIME_TO_TRIGGER: 4.00, A3_OFFSET: 6.00, HOF: 1
TIMESTAMP: 278, UE_ID: 52, CELL_SOURCE_ID: 12, CELL_TARGET_ID: 2, RSRP_SOURCE: -103.32, RSRP_TARGET: -96.85, RSRQ_SOURCE: -3.00, RSRQ_TARGET: -3.00, SINR_SOURCE: 5.07, SINR_TARGET: 10.23, TIME_TO_TRIGGER: 4.00, A3_OFFSET: 6.00, HOF: 1
TIMESTAMP: 281, UE_ID: 52, CELL_SOURCE_ID: 2, CELL_TARGET_ID: 5, RSRP_SOURCE: -105.60, RSRP_TARGET: -95.35, RSRQ_SOURCE: -3.00, RSRQ_TARGET: -3.00, SINR_SOURCE: 2.82, SINR_TARGET: 12.69, TIME_TO_TRIGGER: 4.00, A3_OFFSET: 6.00, HOF: 1
TIMESTAMP: 294, UE_ID: 52, CELL_SOURCE_ID: 9, CELL_TARGET_ID: 10, RSRP_SOURCE: -105.23, RSRP_TARGET: -97.17, RSRQ_SOURCE: -3.00, RSRQ_TARGET: -3.00, SINR_SOURCE: 5.68, SINR_TARGET: 7.91, TIME_TO_TRIGGER: 4.00, A3_OFFSET: 6.00, HOF: 1
TIMESTAMP: 298, UE_ID: 30, CELL_SOURCE_ID: 8, CELL_TARGET_ID: 1, RSRP_SOURCE: -99.87, RSRP_TARGET: -93.04, RSRQ_SOURCE: -3.00, RSRQ_TARGET: -3.00, SINR_SOURCE: 9.19, SINR_TARGET: 18.16, TIME_TO_TRIGGER: 4.00, A3_OFFSET: 6.00, HOF: 1
