TIMESTAMP: 62, UE_ID: 74, CELL_SOURCE_ID: 52, CELL_TARGET_ID: 55, RSRP_SOURCE: -110.54, RSRP_TARGET: -89.49, RSRQ_SOURCE: -3.00, RSRQ_TARGET: -3.00, SINR_SOURCE: -0.34, SINR_TARGET: 23.82, TIME_TO_TRIGGER: 12.00, A3_OFFSET: 10.00, HOF: 1
TIMESTAMP: 79, UE_ID: 35, CELL_SOURCE_ID: 52, CELL_TARGET_ID: 55, RSRP_SOURCE: -106.43, RSRP_TARGET: -95.50, RSRQ_SOURCE: -3.00, RSRQ_TARGET: -3.00, SINR_SOURCE: 1.02, SINR_TARGET: 15.74, TIME_TO_TRIGGER: 12.00, A3_OFFSET: 10.00, HOF: 1
TIMESTAMP: 80, UE_ID: 47, CELL_SOURCE_ID: 24, CELL_TARGET_ID: 1, RSRP_SOURCE: -90.09, RSRP_TARGET: -78.57, RSRQ_SOURCE: -3.00, RSRQ_TARGET: -3.00, SINR_SOURCE: 19.07, SINR_TARGET: 31.97, TIME_TO_TRIGGER: 12.00, A3_OFFSET: 10.00, HOF: 1
TIMESTAMP: 92, UE_ID: 29, CELL_SOURCE_ID: 6, CELL_TARGET_ID: 21, RSRP_SOURCE: -113.60, RSRP_TARGET: -101.89, RSRQ_SOURCE: -3.00, RSRQ_TARGET: -3.00, SINR_SOURCE: -1.23, SINR_TARGET: 9.23, TIME_TO_TRIGGER: 12.00, A3_OFFSET: 10.00, HOF: 1
TIMESTAMP: 97, UE_ID: 38, CELL_SOURCE_ID: 19, CELL_TARGET_ID: 52, RSRP_SOURCE: -108.49, RSRP_TARGET: -96.27, RSRQ_SOURCE: -3.00, RSRQ_TARGET: -3.00, SINR_SOURCE: 2.03, SINR_TARGET: 16.34, TIME_TO_TRIGGER: 12.00, A3_OFFSET: 10.00, HOF: 1
TIMESTAMP: 98, UE_ID: 9, CELL_SOURCE_ID: 53, CELL_TARGET_ID: 55, RSRP_SOURCE: -108.96, RSRP_TARGET: -94.95, RSRQ_SOURCE: -3.00, RSRQ_TARGET: -3.00, SINR_SOURCE: -0.31, SINR_TARGET: 18.52, TIME_TO_TRIGGER: 12.00, A3_OFFSET: 10.00, HOF: 1
TIMESTAMP: 103, UE_ID: 90, CELL_SOURCE_ID: 15, CELL_TARGET_ID: 1, RSRP_SOURCE: -104.32, RSRP_TARGET: -91.78, RSRQ_SOURCE: -3.00, RSRQ_TARGET: -3.00, SINR_SOURCE: 7.31, SINR_TARGET: 17.46, TIME_TO_TRIGGER: 12.00, A3_OFFSET: 10.00, HOF: 1
TIMESTAMP: 110, UE_ID: 25, CELL_SOURCE_ID: 44, CELL_TARGET_ID: 1, RSRP_SOURCE: -99.67, RSRP_TARGET: -84.11, RSRQ_SOURCE: -3.00, RSRQ_TARGET: -3.00, SINR_SOURCE: 13.74, SINR_TARGET: 26.56, TIME_TO_TRIGGER: 12.00, A3_OFFSET: 10.00, HOF: 1
TIMESTAMP: 111, UE_ID: 10, CELL_SOURCE_ID: 11, CELL_TARGET_ID: 1, RSRP_SOURCE: -109.03, RSRP_TARGET: -91.95, RSRQ_SOURCE: -3.00, RSRQ_TARGET: -3.00, SINR_SOURCE: 0.76, SINR_TARGET: 18.26, TIME_TO_TRIGGER: 12.00, A3_OFFSET: 10.00, HOF: 1
TIMESTAMP: 112, UE_ID: 58, CELL_SOURCE_ID: 41, CELL_TARGET_ID: 43, RSRP_SOURCE: -114.32, RSRP_TARGET: -96.66, RSRQ_SOURCE: -3.00, RSRQ_TARGET: -3.00, SINR_SOURCE: -2.97, SINR_TARGET: 12.07, TIME_TO_TRIGGER: 12.00, A3_OFFSET: 10.00, HOF: 1
TIMESTAMP: 114, UE_ID: 96, CELL_SOURCE_ID: 1, CELL_TARGET_ID: 13, RSRP_SOURCE: -111.94, RSRP_TARGET: -98.94, RSRQ_SOURCE: -3.00, RSRQ_TARGET: -3.00, SINR_SOURCE: -3.26, SINR_TARGET: 12.50, TIME_TO_TRIGGER: 12.00, A3_OFFSET: 10.00, HOF: 1
TIMESTAMP: 120, UE_ID: 5, CELL_SOURCE_ID: 49, CELL_TARGET_ID: 19, RSRP_SOURCE: -111.66, RSRP_TARGET: -101.27, RSRQ_SOURCE: -3.00, RSRQ_TARGET: -3.00, SINR_SOURCE: -2.36, SINR_TARGET: 8.34, TIME_TO_TRIGGER: 12.00, A3_OFFSET: 10.00, HOF: 1
TIMESTAMP: 120, UE_ID: 62, CELL_SOURCE_ID: 8, CELL_TARGET_ID: 5, RSRP_SOURCE: -114.97, RSRP_TARGET: -104.46, RSRQ_SOURCE: -3.00, RSRQ_TARGET: -3.00, SINR_SOURCE: -6.55, SINR_TARGET: 5.79, TIME_TO_TRIGGER: 12.00, A3_OFFSET: 10.00, HOF: 1
TIMESTAMP: 121, UE_ID: 61, CELL_SOURCE_ID: 39, CELL_TARGET_ID: 1, RSRP_SOURCE: -113.83, RSRP_TARGET: -102.92, RSRQ_SOURCE: -3.00, RSRQ_TARGET: -3.00, SINR_SOURCE: -5.82, SINR_TARGET: 8.84, TIME_TO_TRIGGER: 12.00, A3_OFFSET: 10.00, HOF: 1
TIMESTAMP: 122, UE_ID: 14, CELL_SOURCE_ID: 35, CELL_TARGET_ID: 31, RSRP_SOURCE: -112.24, RSRP_TARGET: -95.90, RSRQ_SOURCE: -3.00, RSRQ_TARGET: -3.00, SINR_SOURCE: -3.67, SINR_TARGET: 15.17, TIME_TO_TRIGGER: 12.00, A3_OFFSET: 10.00, HOF: 1
TIMESTAMP: 124, UE_ID: 19, CELL_SOURCE_ID: 40, CELL_TARGET_ID: 37, RSRP_SOURCE: -112.06, RSRP_TARGET: -96.04, RSRQ_SOURCE: -3.00, RSRQ_TARGET: -3.00, SINR_SOURCE: -5.46, SINR_TARGET: 15.24, TIME_TO_TRIGGER: 12.00, A3_OFFSET: 10.00, HOF: 1
TIMESTAMP: 124, UE_ID: 48, CELL_SOURCE_ID: 6, CELL_TARGET_ID: 1, RSRP_SOURCE: -98.90, RSRP_TARGET: -88.26, RSRQ_SOURCE: -3.00, RSRQ_TARGET: -3.00, SINR_SOURCE: 14.06, SINR_TARGET: 17.37, TIME_TO_TRIGGER: 12.00, A3_OFFSET: 10.00, HOF: 1
TIMESTAMP: 127, UE_ID: 67, CELL_SOURCE_ID: 1, CELL_TARGET_ID: 17, RSRP_SOURCE: -114.82, RSRP_TARGET: -103.98, RSRQ_SOURCE: -3.00, RSRQ_TARGET: -3.00, SINR_SOURCE: -6.96, SINR_TARGET: 10.01, TIME_TO_TRIGGER: 12.00, A3_OFFSET: 10.00, HOF: 1
TIMESTAMP: 128, UE_ID: 11, CELL_SOURCE_ID: 24, CELL_TARGET_ID: 1, RSRP_SOURCE: -104.14, RSRP_TARGET: -86.16, RSRQ_SOURCE: -3.00, RSRQ_TARGET: -3.00, SINR_SOURCE: 5.22, SINR_TARGET: 21.51, TIME_TO_TRIGGER: 12.00, A3_OFFSET: 10.00, HOF: 1
TIMESTAMP: 136, UE_ID: 29, CELL_SOURCE_ID: 21, CELL_TARGET_ID: 53, RSRP_SOURCE: -110.70, RSRP_TARGET: -98.96, RSRQ_SOURCE: -3.00, RSRQ_TARGET: -3.00, SINR_SOURCE: -0.19, SINR_TARGET: 10.39, TIME_TO_TRIGGER: 12.00, A3_OFFSET: 10.00, HOF: 1
TIMESTAMP: 138, UE_ID: 4, CELL_SOURCE_ID: 48, CELL_TARGET_ID: 1, RSRP_SOURCE: -105.47, RSRP_TARGET: -93.07, RSRQ_SOURCE: -3.00, RSRQ_TARGET: -3.00, SINR_SOURCE: 4.09, SINR_TARGET: 15.90, TIME_TO_TRIGGER: 12.00, A3_OFFSET: 10.00, HOF: 1
TIMESTAMP: 144, UE_ID: 95, CELL_SOURCE_ID: 17, CELL_TARGET_ID: 4, RSRP_SOURCE: -113.63, RSRP_TARGET: -102.64, RSRQ_SOURCE: -3.00, RSRQ_TARGET: -3.00, SINR_SOURCE: -2.62, SINR_TARGET: 6.50, TIME_TO_TRIGGER: 12.00, A3_OFFSET: 10.00, HOF: 1
TIMESTAMP: 147, UE_ID: 83, CELL_SOURCE_ID: 35, CELL_TARGET_ID: 1, RSRP_SOURCE: -114.19, RSRP_TARGET: -101.65, RSRQ_SOURCE: -3.00, RSRQ_TARGET: -3.00, SINR_SOURCE: -7.12, SINR_TARGET: 9.68, TIME_TO_TRIGGER: 12.00, A3_OFFSET: 10.00, HOF: 1
TIMESTAMP: 152, UE_ID: 1, CELL_SOURCE_ID: 48, CELL_TARGET_ID: 1, RSRP_SOURCE: -103.68, RSRP_TARGET: -93.47, RSRQ_SOURCE: -3.00, RSRQ_TARGET: -3.00, SINR_SOURCE: 6.10, SINR_TARGET: 17.57, TIME_TO_TRIGGER: 12.00, A3_OFFSET: 10.00, HOF: 1
TIMESTAMP: 155, UE_ID: 4, CELL_SOURCE_ID: 1, CELL_TARGET_ID: 4, RSRP_SOURCE: -111.91, RSRP_TARGET: -99.27, RSRQ_SOURCE: -3.00, RSRQ_TARGET: -3.00, SINR_SOURCE: -0.34, SINR_TARGET: 8.24, TIME_TO_TRIGGER: 12.00, A3_OFFSET: 10.00, HOF: 0
TIMESTAMP: 157, UE_ID: 95, CELL_SOURCE_ID: 4, CELL_TARGET_ID: 52, RSRP_SOURCE: -109.82, RSRP_TARGET: -97.02, RSRQ_SOURCE: -3.00, RSRQ_TARGET: -3.00, SINR_SOURCE: 0.14, SINR_TARGET: 12.48, TIME_TO_TRIGGER: 12.00, A3_OFFSET: 10.00, HOF: 1
TIMESTAMP: 158, UE_ID: 4, CELL_SOURCE_ID: 1, CELL_TARGET_ID: 19, RSRP_SOURCE: -111.20, RSRP_TARGET: -99.68, RSRQ_SOURCE: -3.00, RSRQ_TARGET: -3.00, SINR_SOURCE: -0.86, SINR_TARGET: 14.46, TIME_TO_TRIGGER: 12.00, A3_OFFSET: 10.00, HOF: 1
TIMESTAMP: 158, UE_ID: 62, CELL_SOURCE_ID: 5, CELL_TARGET_ID: 19, RSRP_SOURCE: -111.94, RSRP_TARGET: -101.15, RSRQ_SOURCE: -3.00, RSRQ_TARGET: -3.00, SINR_SOURCE: 0.24, SINR_TARGET: 9.95, TIME_TO_TRIGGER: 12.00, A3_OFFSET: 10.00, HOF: 1
TIMESTAMP: 161, UE_ID: 29, CELL_SOURCE_ID: 53, CELL_TARGET_ID: 55, RSRP_SOURCE: -101.92, RSRP_TARGET: -90.71, RSRQ_SOURCE: -3.00, RSRQ_TARGET: -3.00, SINR_SOURCE: 7.27, SINR_TARGET: 20.32, TIME_TO_TRIGGER: 12.00, A3_OFFSET: 10.00, HOF: 1
TIMESTAMP: 161, UE_ID: 67, CELL_SOURCE_ID: 17, CELL_TARGET_ID: 46, RSRP_SOURCE: -109.28, RSRP_TARGET: -92.82, RSRQ_SOURCE: -3.00, RSRQ_TARGET: -3.00, SINR_SOURCE: 1.74, SINR_TARGET: 17.16, TIME_TO_TRIGGER: 12.00, A3_OFFSET: 10.00, HOF: 1
TIMESTAMP: 162, UE_ID: 38, CELL_SOURCE_ID: 52, CELL_TARGET_ID: 55, RSRP_SOURCE: -110.41, RSRP_TARGET: -96.17, RSRQ_SOURCE: -3.00, RSRQ_TARGET: -3.00, SINR_SOURCE: -0.03, SINR_TARGET: 14.81, TIME_TO_TRIGGER: 12.00, A3_OFFSET: 10.00, HOF: 0
TIMESTAMP: 164, UE_ID: 38, CELL_SOURCE_ID: 52, CELL_TARGET_ID: 55, RSRP_SOURCE: -105.07, RSRP_TARGET: -94.87, RSRQ_SOURCE: -3.00, RSRQ_TARGET: -3.00, SINR_SOURCE: 3.45, SINR_TARGET: 15.68, TIME_TO_TRIGGER: 12.00, A3_OFFSET: 10.00, HOF: 1
TIMESTAMP: 168, UE_ID: 87, CELL_SOURCE_ID: 21, CELL_TARGET_ID: 23, RSRP_SOURCE: -113.08, RSRP_TARGET: -102.63, RSRQ_SOURCE: -3.00, RSRQ_TARGET: -3.00, SINR_SOURCE: -0.78, SINR_TARGET: 5.40, TIME_TO_TRIGGER: 12.00, A3_OFFSET: 10.00, HOF: 1
TIMESTAMP: 170, UE_ID: 13, CELL_SOURCE_ID: 55, CELL_TARGET_ID: 22, RSRP_SOURCE: -108.85, RSRP_TARGET: -97.96, RSRQ_SOURCE: -3.00, RSRQ_TARGET: -3.00, SINR_SOURCE: 2.86, SINR_TARGET: 11.86, TIME_TO_TRIGGER: 12.00, A3_OFFSET: 10.00, HOF: 1
TIMESTAMP: 177, UE_ID: 10, CELL_SOURCE_ID: 1, CELL_TARGET_ID: 49, RSRP_SOURCE: -114.64, RSRP_TARGET: -100.31, RSRQ_SOURCE: -3.00, RSRQ_TARGET: -3.00, SINR_SOURCE: -5.42, SINR_TARGET: 9.63, TIME_TO_TRIGGER: 12.00, A3_OFFSET: 10.00, HOF: 1
TIMESTAMP: 181, UE_ID: 96, CELL_SOURCE_ID: 13, CELL_TARGET_ID: 40, RSRP_SOURCE: -110.02, RSRP_TARGET: -98.83, RSRQ_SOURCE: -3.00, RSRQ_TARGET: -3.00, SINR_SOURCE: -1.53, SINR_TARGET: 9.40, TIME_TO_TRIGGER: 12.00, A3_OFFSET: 10.00, HOF: 1
TIMESTAMP: 183, UE_ID: 62, CELL_SOURCE_ID: 19, CELL_TARGET_ID: 52, RSRP_SOURCE: -110.98, RSRP_TARGET: -94.99, RSRQ_SOURCE: -3.00, RSRQ_TARGET: -3.00, SINR_SOURCE: -0.86, SINR_TARGET: 13.84, TIME_TO_TRIGGER: 12.00, A3_OFFSET: 10.00, HOF: 1
TIMESTAMP: 186, UE_ID: 5, CELL_SOURCE_ID: 19, CELL_TARGET_ID: 52, RSRP_SOURCE: -114.54, RSRP_TARGET: -101.86, RSRQ_SOURCE: -3.00, RSRQ_TARGET: -3.00, SINR_SOURCE: -6.65, SINR_TARGET: 10.14, TIME_TO_TRIGGER: 12.00, A3_OFFSET: 10.00, HOF: 1
TIMESTAMP: 193, UE_ID: 5, CELL_SOURCE_ID: 52, CELL_TARGET_ID: 55, RSRP_SOURCE: -100.79, RSRP_TARGET: -87.41, RSRQ_SOURCE: -3.00, RSRQ_TARGET: -3.00, SINR_SOURCE: 12.08, SINR_TARGET: 24.85, TIME_TO_TRIGGER: 12.00, A3_OFFSET: 10.00, HOF: 1
TIMESTAMP: 194, UE_ID: 1, CELL_SOURCE_ID: 1, CELL_TARGET_ID: 4, RSRP_SOURCE: -111.62, RSRP_TARGET: -66.28, RSRQ_SOURCE: -3.00, RSRQ_TARGET: -3.00, SINR_SOURCE: -7.78, SINR_TARGET: 46.53, TIME_TO_TRIGGER: 12.00, A3_OFFSET: 10.00, HOF: 1
TIMESTAMP: 198, UE_ID: 4, CELL_SOURCE_ID: 19, CELL_TARGET_ID: 55, RSRP_SOURCE: -108.68, RSRP_TARGET: -93.20, RSRQ_SOURCE: -3.00, RSRQ_TARGET: -3.00, SINR_SOURCE: 2.77, SINR_TARGET: 19.06, TIME_TO_TRIGGER: 12.00, A3_OFFSET: 10.00, HOF: 1
TIMESTAMP: 203, UE_ID: 95, CELL_SOURCE_ID: 52, CELL_TARGET_ID: 55, RSRP_SOURCE: -108.58, RSRP_TARGET: -96.26, RSRQ_SOURCE: -3.00, RSRQ_TARGET: -3.00, SINR_SOURCE: 1.55, SINR_TARGET: 14.64, TIME_TO_TRIGGER: 12.00, A3_OFFSET: 10.00, HOF: 1
TIMESTAMP: 210, UE_ID: 12, CELL_SOURCE_ID: 20, CELL_TARGET_ID: 1, RSRP_SOURCE: -105.26, RSRP_TARGET: -92.15, RSRQ_SOURCE: -3.00, RSRQ_TARGET: -3.00, SINR_SOURCE: 2.85, SINR_TARGET: 16.35, TIME_TO_TRIGGER: 12.00, A3_OFFSET: 10.00, HOF: 1
TIMESTAMP: 210, UE_ID: 59, CELL_SOURCE_ID: 7, CELL_TARGET_ID: 10, RSRP_SOURCE: -112.06, RSRP_TARGET: -100.23, RSRQ_SOURCE: -3.00, RSRQ_TARGET: -3.00, SINR_SOURCE: -0.44, SINR_TARGET: 10.75, TIME_TO_TRIGGER: 12.00, A3_OFFSET: 10.00, HOF: 1
TIMESTAMP: 217, UE_ID: 87, CELL_SOURCE_ID: 23, CELL_TARGET_ID: 56, RSRP_SOURCE: -113.67, RSRP_TARGET: -102.16, RSRQ_SOURCE: -3.00, RSRQ_TARGET: -3.00, SINR_SOURCE: -3.70, SINR_TARGET: 11.07, TIME_TO_TRIGGER: 12.00, A3_OFFSET: 10.00, HOF: 1
TIMESTAMP: 223, UE_ID: 83, CELL_SOURCE_ID: 1, CELL_TARGET_ID: 4, RSRP_SOURCE: -107.73, RSRP_TARGET: -96.38, RSRQ_SOURCE: -3.00, RSRQ_TARGET: -3.00, SINR_SOURCE: 7.45, SINR_TARGET: 15.17, TIME_TO_TRIGGER: 12.00, A3_OFFSET: 10.00, HOF: 1
TIMESTAMP: 246, UE_ID: 13, CELL_SOURCE_ID: 22, CELL_TARGET_ID: 25, RSRP_SOURCE: -113.51, RSRP_TARGET: -98.55, RSRQ_SOURCE: -3.00, RSRQ_TARGET: -3.00, SINR_SOURCE: -3.26, SINR_TARGET: 14.94, TIME_TO_TRIGGER: 12.00, A3_OFFSET: 10.00, HOF: 1
TIMESTAMP: 260, UE_ID: 61, CELL_SOURCE_ID: 29, CELL_TARGET_ID: 25, RSRP_SOURCE: -108.77, RSRP_TARGET: -89.69, RSRQ_SOURCE: -3.00, RSRQ_TARGET: -3.00, SINR_SOURCE: 3.34, SINR_TARGET: 18.12, TIME_TO_TRIGGER: 12.00, A3_OFFSET: 10.00, HOF: 1
TIMESTAMP: 269, UE_ID: 10, CELL_SOURCE_ID: 49, CELL_TARGET_ID: 21, RSRP_SOURCE: -109.62, RSRP_TARGET: -99.56, RSRQ_SOURCE: -3.00, RSRQ_TARGET: -3.00, SINR_SOURCE: 1.01, SINR_TARGET: 8.09, TIME_TO_TRIGGER: 12.00, A3_OFFSET: 10.00, HOF: 1
