TIMESTAMP: 58, UE_ID: 30, CELL_SOURCE_ID: 53, CELL_TARGET_ID: 55, RSRP_SOURCE: -106.10, RSRP_TARGET: -94.18, RSRQ_SOURCE: -3.00, RSRQ_TARGET: -3.00, SINR_SOURCE: 7.90, SINR_TARGET: 19.89, TIME_TO_TRIGGER: 12.00, A3_OFFSET: 10.00, HOF: 1
TIMESTAMP: 86, UE_ID: 14, CELL_SOURCE_ID: 34, CELL_TARGET_ID: 31, RSRP_SOURCE: -107.87, RSRP_TARGET: -94.97, RSRQ_SOURCE: -3.00, RSRQ_TARGET: -3.00, SINR_SOURCE: 1.09, SINR_TARGET: 12.92, TIME_TO_TRIGGER: 12.00, A3_OFFSET: 10.00, HOF: 1
TIMESTAMP: 92, UE_ID: 29, CELL_SOURCE_ID: 5, CELL_TARGET_ID: 20, RSRP_SOURCE: -109.91, RSRP_TARGET: -99.11, RSRQ_SOURCE: -3.00, RSRQ_TARGET: -3.00, SINR_SOURCE: 1.65, SINR_TARGET: 11.10, TIME_TO_TRIGGER: 12.00, A3_OFFSET: 10.00, HOF: 1
TIMESTAMP: 92, UE_ID: 51, CELL_SOURCE_ID: 53, CELL_TARGET_ID: 4, RSRP_SOURCE: -104.92, RSRP_TARGET: -92.75, RSRQ_SOURCE: -3.00, RSRQ_TARGET: -3.00, SINR_SOURCE: 4.81, SINR_TARGET: 14.87, TIME_TO_TRIGGER: 12.00, A3_OFFSET: 10.00, HOF: 1
TIMESTAMP: 98, UE_ID: 9, CELL_SOURCE_ID: 53, CELL_TARGET_ID: 55, RSRP_SOURCE: -111.74, RSRP_TARGET: -97.73, RSRQ_SOURCE: -3.00, RSRQ_TARGET: -3.00, SINR_SOURCE: -3.09, SINR_TARGET: 15.74, TIME_TO_TRIGGER: 12.00, A3_OFFSET: 10.00, HOF: 1
TIMESTAMP: 99, UE_ID: 35, CELL_SOURCE_ID: 53, CELL_TARGET_ID: 55, RSRP_SOURCE: -109.07, RSRP_TARGET: -93.66, RSRQ_SOURCE: -3.00, RSRQ_TARGET: -3.00, SINR_SOURCE: 0.69, SINR_TARGET: 14.37, TIME_TO_TRIGGER: 12.00, A3_OFFSET: 10.00, HOF: 1
TIMESTAMP: 106, UE_ID: 38, CELL_SOURCE_ID: 19, CELL_TARGET_ID: 52, RSRP_SOURCE: -108.92, RSRP_TARGET: -98.88, RSRQ_SOURCE: -3.00, RSRQ_TARGET: -3.00, SINR_SOURCE: 1.30, SINR_TARGET: 11.53, TIME_TO_TRIGGER: 12.00, A3_OFFSET: 10.00, HOF: 1
TIMESTAMP: 107, UE_ID: 13, CELL_SOURCE_ID: 55, CELL_TARGET_ID: 5, RSRP_SOURCE: -108.09, RSRP_TARGET: -95.46, RSRQ_SOURCE: -3.00, RSRQ_TARGET: -3.00, SINR_SOURCE: -0.59, SINR_TARGET: 15.46, TIME_TO_TRIGGER: 12.00, A3_OFFSET: 10.00, HOF: 1
TIMESTAMP: 112, UE_ID: 18, CELL_SOURCE_ID: 5, CELL_TARGET_ID: 22, RSRP_SOURCE: -112.02, RSRP_TARGET: -101.98, RSRQ_SOURCE: -3.00, RSRQ_TARGET: -3.00, SINR_SOURCE: -1.20, SINR_TARGET: 8.67, TIME_TO_TRIGGER: 12.00, A3_OFFSET: 10.00, HOF: 0
TIMESTAMP: 116, UE_ID: 59, CELL_SOURCE_ID: 27, CELL_TARGET_ID: 1, RSRP_SOURCE: -95.75, RSRP_TARGET: -77.57, RSRQ_SOURCE: -3.00, RSRQ_TARGET: -3.00, SINR_SOURCE: 16.01, SINR_TARGET: 35.25, TIME_TO_TRIGGER: 12.00, A3_OFFSET: 10.00, HOF: 1
TIMESTAMP: 120, UE_ID: 4, CELL_SOURCE_ID: 47, CELL_TARGET_ID: 1, RSRP_SOURCE: -108.13, RSRP_TARGET: -94.79, RSRQ_SOURCE: -3.00, RSRQ_TARGET: -3.00, SINR_SOURCE: 2.58, SINR_TARGET: 14.84, TIME_TO_TRIGGER: 12.00, A3_OFFSET: 10.00, HOF: 1
TIMESTAMP: 120, UE_ID: 62, CELL_SOURCE_ID: 9, CELL_TARGET_ID: 4, RSRP_SOURCE: -113.51, RSRP_TARGET: -100.42, RSRQ_SOURCE: -3.00, RSRQ_TARGET: -3.00, SINR_SOURCE: -3.55, SINR_TARGET: 11.27, TIME_TO_TRIGGER: 12.00, A3_OFFSET: 10.00, HOF: 1
TIMESTAMP: 121, UE_ID: 1, CELL_SOURCE_ID: 47, CELL_TARGET_ID: 1, RSRP_SOURCE: -102.24, RSRP_TARGET: -90.92, RSRQ_SOURCE: -3.00, RSRQ_TARGET: -3.00, SINR_SOURCE: 8.50, SINR_TARGET: 18.71, TIME_TO_TRIGGER: 12.00, A3_OFFSET: 10.00, HOF: 1
TIMESTAMP: 122, UE_ID: 61, CELL_SOURCE_ID: 39, CELL_TARGET_ID: 1, RSRP_SOURCE: -108.65, RSRP_TARGET: -90.84, RSRQ_SOURCE: -3.00, RSRQ_TARGET: -3.00, SINR_SOURCE: 2.26, SINR_TARGET: 19.91, TIME_TO_TRIGGER: 12.00, A3_OFFSET: 10.00, HOF: 1
TIMESTAMP: 126, UE_ID: 29, CELL_SOURCE_ID: 20, CELL_TARGET_ID: 52, RSRP_SOURCE: -111.33, RSRP_TARGET: -95.44, RSRQ_SOURCE: -3.00, RSRQ_TARGET: -3.00, SINR_SOURCE: -1.84, SINR_TARGET: 12.74, TIME_TO_TRIGGER: 12.00, A3_OFFSET: 10.00, HOF: 1
TIMESTAMP: 129, UE_ID: 19, CELL_SOURCE_ID: 40, CELL_TARGET_ID: 36, RSRP_SOURCE: -113.75, RSRP_TARGET: -100.36, RSRQ_SOURCE: -3.00, RSRQ_TARGET: -3.00, SINR_SOURCE: -5.52, SINR_TARGET: 8.68, TIME_TO_TRIGGER: 12.00, A3_OFFSET: 10.00, HOF: 1
TIMESTAMP: 132, UE_ID: 10, CELL_SOURCE_ID: 12, CELL_TARGET_ID: 1, RSRP_SOURCE: -111.00, RSRP_TARGET: -96.25, RSRQ_SOURCE: -3.00, RSRQ_TARGET: -3.00, SINR_SOURCE: -0.56, SINR_TARGET: 13.33, TIME_TO_TRIGGER: 12.00, A3_OFFSET: 10.00, HOF: 1
TIMESTAMP: 134, UE_ID: 47, CELL_SOURCE_ID: 23, CELL_TARGET_ID: 1, RSRP_SOURCE: -100.83, RSRP_TARGET: -72.12, RSRQ_SOURCE: -3.00, RSRQ_TARGET: -3.00, SINR_SOURCE: 8.92, SINR_TARGET: 39.74, TIME_TO_TRIGGER: 12.00, A3_OFFSET: 10.00, HOF: 1
TIMESTAMP: 138, UE_ID: 5, CELL_SOURCE_ID: 50, CELL_TARGET_ID: 1, RSRP_SOURCE: -107.01, RSRP_TARGET: -95.78, RSRQ_SOURCE: -3.00, RSRQ_TARGET: -3.00, SINR_SOURCE: 5.09, SINR_TARGET: 14.43, TIME_TO_TRIGGER: 12.00, A3_OFFSET: 10.00, HOF: 1
TIMESTAMP: 138, UE_ID: 64, CELL_SOURCE_ID: 19, CELL_TARGET_ID: 1, RSRP_SOURCE: -105.56, RSRP_TARGET: -95.10, RSRQ_SOURCE: -3.00, RSRQ_TARGET: -3.00, SINR_SOURCE: 6.42, SINR_TARGET: 12.68, TIME_TO_TRIGGER: 12.00, A3_OFFSET: 10.00, HOF: 1
TIMESTAMP: 140, UE_ID: 18, CELL_SOURCE_ID: 5, CELL_TARGET_ID: 6, RSRP_SOURCE: -114.13, RSRP_TARGET: -102.46, RSRQ_SOURCE: -3.00, RSRQ_TARGET: -3.00, SINR_SOURCE: -5.79, SINR_TARGET: 5.67, TIME_TO_TRIGGER: 12.00, A3_OFFSET: 10.00, HOF: 1
TIMESTAMP: 141, UE_ID: 5, CELL_SOURCE_ID: 1, CELL_TARGET_ID: 5, RSRP_SOURCE: -114.65, RSRP_TARGET: -100.49, RSRQ_SOURCE: -3.00, RSRQ_TARGET: -3.00, SINR_SOURCE: -2.82, SINR_TARGET: 8.66, TIME_TO_TRIGGER: 12.00, A3_OFFSET: 10.00, HOF: 1
TIMESTAMP: 149, UE_ID: 53, CELL_SOURCE_ID: 5, CELL_TARGET_ID: 22, RSRP_SOURCE: -109.19, RSRP_TARGET: -91.76, RSRQ_SOURCE: -3.00, RSRQ_TARGET: -3.00, SINR_SOURCE: 1.33, SINR_TARGET: 19.46, TIME_TO_TRIGGER: 12.00, A3_OFFSET: 10.00, HOF: 1
TIMESTAMP: 151, UE_ID: 82, CELL_SOURCE_ID: 35, CELL_TARGET_ID: 29, RSRP_SOURCE: -111.67, RSRP_TARGET: -100.13, RSRQ_SOURCE: -3.00, RSRQ_TARGET: -3.00, SINR_SOURCE: -1.77, SINR_TARGET: 10.57, TIME_TO_TRIGGER: 12.00, A3_OFFSET: 10.00, HOF: 1
TIMESTAMP: 155, UE_ID: 4, CELL_SOURCE_ID: 1, CELL_TARGET_ID: 4, RSRP_SOURCE: -105.82, RSRP_TARGET: -95.07, RSRQ_SOURCE: -3.00, RSRQ_TARGET: -3.00, SINR_SOURCE: 5.75, SINR_TARGET: 12.44, TIME_TO_TRIGGER: 12.00, A3_OFFSET: 10.00, HOF: 0
TIMESTAMP: 158, UE_ID: 4, CELL_SOURCE_ID: 1, CELL_TARGET_ID: 6, RSRP_SOURCE: -114.21, RSRP_TARGET: -101.80, RSRQ_SOURCE: -3.00, RSRQ_TARGET: -3.00, SINR_SOURCE: -3.88, SINR_TARGET: 10.17, TIME_TO_TRIGGER: 12.00, A3_OFFSET: 10.00, HOF: 1
TIMESTAMP: 158, UE_ID: 62, CELL_SOURCE_ID: 4, CELL_TARGET_ID: 6, RSRP_SOURCE: -111.68, RSRP_TARGET: -101.11, RSRQ_SOURCE: -3.00, RSRQ_TARGET: -3.00, SINR_SOURCE: -0.54, SINR_TARGET: 9.13, TIME_TO_TRIGGER: 12.00, A3_OFFSET: 10.00, HOF: 1
TIMESTAMP: 158, UE_ID: 63, CELL_SOURCE_ID: 40, CELL_TARGET_ID: 1, RSRP_SOURCE: -108.17, RSRP_TARGET: -97.44, RSRQ_SOURCE: -3.00, RSRQ_TARGET: -3.00, SINR_SOURCE: 3.52, SINR_TARGET: 13.43, TIME_TO_TRIGGER: 12.00, A3_OFFSET: 10.00, HOF: 1
TIMESTAMP: 166, UE_ID: 62, CELL_SOURCE_ID: 6, CELL_TARGET_ID: 52, RSRP_SOURCE: -113.77, RSRP_TARGET: -91.03, RSRQ_SOURCE: -3.00, RSRQ_TARGET: -3.00, SINR_SOURCE: -6.54, SINR_TARGET: 20.70, TIME_TO_TRIGGER: 12.00, A3_OFFSET: 10.00, HOF: 1
TIMESTAMP: 171, UE_ID: 5, CELL_SOURCE_ID: 5, CELL_TARGET_ID: 22, RSRP_SOURCE: -111.03, RSRP_TARGET: -100.69, RSRQ_SOURCE: -3.00, RSRQ_TARGET: -3.00, SINR_SOURCE: -1.91, SINR_TARGET: 14.03, TIME_TO_TRIGGER: 12.00, A3_OFFSET: 10.00, HOF: 1
TIMESTAMP: 174, UE_ID: 27, CELL_SOURCE_ID: 43, CELL_TARGET_ID: 12, RSRP_SOURCE: -114.08, RSRP_TARGET: -102.80, RSRQ_SOURCE: -3.00, RSRQ_TARGET: -3.00, SINR_SOURCE: -4.38, SINR_TARGET: 9.18, TIME_TO_TRIGGER: 12.00, A3_OFFSET: 10.00, HOF: 1
TIMESTAMP: 175, UE_ID: 22, CELL_SOURCE_ID: 42, CELL_TARGET_ID: 43, RSRP_SOURCE: -113.39, RSRP_TARGET: -101.19, RSRQ_SOURCE: -3.00, RSRQ_TARGET: -3.00, SINR_SOURCE: -6.60, SINR_TARGET: 5.20, TIME_TO_TRIGGER: 12.00, A3_OFFSET: 10.00, HOF: 1
TIMESTAMP: 190, UE_ID: 29, CELL_SOURCE_ID: 52, CELL_TARGET_ID: 55, RSRP_SOURCE: -112.63, RSRP_TARGET: -96.50, RSRQ_SOURCE: -3.00, RSRQ_TARGET: -3.00, SINR_SOURCE: 0.53, SINR_TARGET: 15.77, TIME_TO_TRIGGER: 12.00, A3_OFFSET: 10.00, HOF: 1
TIMESTAMP: 205, UE_ID: 1, CELL_SOURCE_ID: 1, CELL_TARGET_ID: 4, RSRP_SOURCE: -107.47, RSRP_TARGET: -96.60, RSRQ_SOURCE: -3.00, RSRQ_TARGET: -3.00, SINR_SOURCE: 1.63, SINR_TARGET: 16.10, TIME_TO_TRIGGER: 12.00, A3_OFFSET: 10.00, HOF: 1
TIMESTAMP: 211, UE_ID: 27, CELL_SOURCE_ID: 12, CELL_TARGET_ID: 11, RSRP_SOURCE: -110.56, RSRP_TARGET: -99.67, RSRQ_SOURCE: -3.00, RSRQ_TARGET: -3.00, SINR_SOURCE: 2.21, SINR_TARGET: 11.84, TIME_TO_TRIGGER: 12.00, A3_OFFSET: 10.00, HOF: 1
TIMESTAMP: 271, UE_ID: 83, CELL_SOURCE_ID: 6, CELL_TARGET_ID: 22, RSRP_SOURCE: -105.71, RSRP_TARGET: -94.63, RSRQ_SOURCE: -3.00, RSRQ_TARGET: -3.00, SINR_SOURCE: 3.61, SINR_TARGET: 12.56, TIME_TO_TRIGGER: 12.00, A3_OFFSET: 10.00, HOF: 1
TIMESTAMP: 291, UE_ID: 92, CELL_SOURCE_ID: 28, CELL_TARGET_ID: 31, RSRP_SOURCE: -113.49, RSRP_TARGET: -102.14, RSRQ_SOURCE: -3.00, RSRQ_TARGET: -3.00, SINR_SOURCE: -3.57, SINR_TARGET: 6.85, TIME_TO_TRIGGER: 12.00, A3_OFFSET: 10.00, HOF: 1
