TIMESTAMP: 58, UE_ID: 105, CELL_SOURCE_ID: 9, CELL_TARGET_ID: 1, RSRP_SOURCE: -82.06, RSRP_TARGET: -60.14, RSRQ_SOURCE: -3.00, RSRQ_TARGET: -3.00, SINR_SOURCE: 31.53, SINR_TARGET: 49.07, TIME_TO_TRIGGER: 4.00, A3_OFFSET: 6.00, HOF: 1
TIMESTAMP: 68, UE_ID: 53, CELL_SOURCE_ID: 9, CELL_TARGET_ID: 1, RSRP_SOURCE: -89.96, RSRP_TARGET: -72.74, RSRQ_SOURCE: -3.00, RSRQ_TARGET: -3.00, SINR_SOURCE: 19.24, SINR_TARGET: 37.61, TIME_TO_TRIGGER: 4.00, A3_OFFSET: 6.00, HOF: 1
TIMESTAMP: 72, UE_ID: 53, CELL_SOURCE_ID: 1, CELL_TARGET_ID: 2, RSRP_SOURCE: -76.65, RSRP_TARGET: -62.56, RSRQ_SOURCE: -3.00, RSRQ_TARGET: -3.00, SINR_SOURCE: 32.89, SINR_TARGET: 47.12, TIME_TO_TRIGGER: 4.00, A3_OFFSET: 6.00, HOF: 1
TIMESTAMP: 90, UE_ID: 105, CELL_SOURCE_ID: 1, CELL_TARGET_ID: 2, RSRP_SOURCE: -89.01, RSRP_TARGET: -69.83, RSRQ_SOURCE: -3.00, RSRQ_TARGET: -3.00, SINR_SOURCE: 18.45, SINR_TARGET: 38.96, TIME_TO_TRIGGER: 4.00, A3_OFFSET: 6.00, HOF: 1
TIMESTAMP: 109, UE_ID: 2, CELL_SOURCE_ID: 1, CELL_TARGET_ID: 2, RSRP_SOURCE: -79.21, RSRP_TARGET: -57.53, RSRQ_SOURCE: -3.00, RSRQ_TARGET: -3.00, SINR_SOURCE: 32.42, SINR_TARGET: 52.89, TIME_TO_TRIGGER: 4.00, A3_OFFSET: 6.00, HOF: 1
TIMESTAMP: 123, UE_ID: 83, CELL_SOURCE_ID: 11, CELL_TARGET_ID: 1, RSRP_SOURCE: -100.48, RSRP_TARGET: -77.04, RSRQ_SOURCE: -3.00, RSRQ_TARGET: -3.00, SINR_SOURCE: 13.13, SINR_TARGET: 33.27, TIME_TO_TRIGGER: 4.00, A3_OFFSET: 6.00, HOF: 1
TIMESTAMP: 130, UE_ID: 41, CELL_SOURCE_ID: 9, CELL_TARGET_ID: 1, RSRP_SOURCE: -73.41, RSRP_TARGET: -66.07, RSRQ_SOURCE: -3.00, RSRQ_TARGET: -3.00, SINR_SOURCE: 37.65, SINR_TARGET: 45.80, TIME_TO_TRIGGER: 4.00, A3_OFFSET: 6.00, HOF: 1
TIMESTAMP: 138, UE_ID: 43, CELL_SOURCE_ID: 2, CELL_TARGET_ID: 1, RSRP_SOURCE: -103.68, RSRP_TARGET: -90.41, RSRQ_SOURCE: -3.00, RSRQ_TARGET: -3.00, SINR_SOURCE: 3.55, SINR_TARGET: 18.36, TIME_TO_TRIGGER: 4.00, A3_OFFSET: 6.00, HOF: 1
TIMESTAMP: 144, UE_ID: 53, CELL_SOURCE_ID: 2, CELL_TARGET_ID: 3, RSRP_SOURCE: -106.26, RSRP_TARGET: -97.81, RSRQ_SOURCE: -3.00, RSRQ_TARGET: -3.00, SINR_SOURCE: 6.80, SINR_TARGET: 10.30, TIME_TO_TRIGGER: 4.00, A3_OFFSET: 6.00, HOF: 1
TIMESTAMP: 151, UE_ID: 100, CELL_SOURCE_ID: 5, CELL_TARGET_ID: 1, RSRP_SOURCE: -99.43, RSRP_TARGET: -90.86, RSRQ_SOURCE: -3.00, RSRQ_TARGET: -3.00, SINR_SOURCE: 8.81, SINR_TARGET: 18.41, TIME_TO_TRIGGER: 4.00, A3_OFFSET: 6.00, HOF: 1
TIMESTAMP: 154, UE_ID: 103, CELL_SOURCE_ID: 4, CELL_TARGET_ID: 1, RSRP_SOURCE: -76.80, RSRP_TARGET: -69.17, RSRQ_SOURCE: -3.00, RSRQ_TARGET: -3.00, SINR_SOURCE: 36.45, SINR_TARGET: 42.66, TIME_TO_TRIGGER: 4.00, A3_OFFSET: 6.00, HOF: 1
TIMESTAMP: 158, UE_ID: 105, CELL_SOURCE_ID: 2, CELL_TARGET_ID: 1, RSRP_SOURCE: -101.29, RSRP_TARGET: -94.59, RSRQ_SOURCE: -3.00, RSRQ_TARGET: -3.00, SINR_SOURCE: 7.85, SINR_TARGET: 11.98, TIME_TO_TRIGGER: 4.00, A3_OFFSET: 6.00, HOF: 1
TIMESTAMP: 160, UE_ID: 105, CELL_SOURCE_ID: 1, CELL_TARGET_ID: 2, RSRP_SOURCE: -105.67, RSRP_TARGET: -99.55, RSRQ_SOURCE: -3.00, RSRQ_TARGET: -3.00, SINR_SOURCE: 5.65, SINR_TARGET: 10.74, TIME_TO_TRIGGER: 4.00, A3_OFFSET: 6.00, HOF: 1
TIMESTAMP: 162, UE_ID: 100, CELL_SOURCE_ID: 1, CELL_TARGET_ID: 2, RSRP_SOURCE: -80.70, RSRP_TARGET: -64.28, RSRQ_SOURCE: -3.00, RSRQ_TARGET: -3.00, SINR_SOURCE: 29.11, SINR_TARGET: 45.17, TIME_TO_TRIGGER: 4.00, A3_OFFSET: 6.00, HOF: 1
TIMESTAMP: 178, UE_ID: 55, CELL_SOURCE_ID: 11, CELL_TARGET_ID: 1, RSRP_SOURCE: -103.17, RSRP_TARGET: -91.67, RSRQ_SOURCE: -3.00, RSRQ_TARGET: -3.00, SINR_SOURCE: 7.90, SINR_TARGET: 17.48, TIME_TO_TRIGGER: 4.00, A3_OFFSET: 6.00, HOF: 0
TIMESTAMP: 184, UE_ID: 55, CELL_SOURCE_ID: 11, CELL_TARGET_ID: 1, RSRP_SOURCE: -94.41, RSRP_TARGET: -72.20, RSRQ_SOURCE: -3.00, RSRQ_TARGET: -3.00, SINR_SOURCE: 15.47, SINR_TARGET: 38.41, TIME_TO_TRIGGER: 4.00, A3_OFFSET: 6.00, HOF: 1
TIMESTAMP: 188, UE_ID: 107, CELL_SOURCE_ID: 2, CELL_TARGET_ID: 1, RSRP_SOURCE: -91.57, RSRP_TARGET: -84.47, RSRQ_SOURCE: -3.00, RSRQ_TARGET: -3.00, SINR_SOURCE: 17.92, SINR_TARGET: 26.39, TIME_TO_TRIGGER: 4.00, A3_OFFSET: 6.00, HOF: 1
TIMESTAMP: 190, UE_ID: 107, CELL_SOURCE_ID: 1, CELL_TARGET_ID: 2, RSRP_SOURCE: -97.57, RSRP_TARGET: -90.21, RSRQ_SOURCE: -3.00, RSRQ_TARGET: -3.00, SINR_SOURCE: 12.57, SINR_TARGET: 18.73, TIME_TO_TRIGGER: 4.00, A3_OFFSET: 6.00, HOF: 1
TIMESTAMP: 197, UE_ID: 111, CELL_SOURCE_ID: 1, CELL_TARGET_ID: 2, RSRP_SOURCE: -63.13, RSRP_TARGET: -54.23, RSRQ_SOURCE: -3.00, RSRQ_TARGET: -3.00, SINR_SOURCE: 45.77, SINR_TARGET: 55.87, TIME_TO_TRIGGER: 4.00, A3_OFFSET: 6.00, HOF: 1
TIMESTAMP: 205, UE_ID: 74, CELL_SOURCE_ID: 4, CELL_TARGET_ID: 1, RSRP_SOURCE: -80.54, RSRP_TARGET: -64.26, RSRQ_SOURCE: -3.00, RSRQ_TARGET: -3.00, SINR_SOURCE: 31.46, SINR_TARGET: 46.19, TIME_TO_TRIGGER: 4.00, A3_OFFSET: 6.00, HOF: 1
TIMESTAMP: 211, UE_ID: 38, CELL_SOURCE_ID: 3, CELL_TARGET_ID: 4, RSRP_SOURCE: -103.81, RSRP_TARGET: -95.39, RSRQ_SOURCE: -3.00, RSRQ_TARGET: -3.00, SINR_SOURCE: 10.12, SINR_TARGET: 16.76, TIME_TO_TRIGGER: 4.00, A3_OFFSET: 6.00, HOF: 1
TIMESTAMP: 214, UE_ID: 87, CELL_SOURCE_ID: 3, CELL_TARGET_ID: 1, RSRP_SOURCE: -101.92, RSRP_TARGET: -89.35, RSRQ_SOURCE: -3.00, RSRQ_TARGET: -3.00, SINR_SOURCE: 9.61, SINR_TARGET: 18.89, TIME_TO_TRIGGER: 4.00, A3_OFFSET: 6.00, HOF: 1
TIMESTAMP: 225, UE_ID: 103, CELL_SOURCE_ID: 1, CELL_TARGET_ID: 2, RSRP_SOURCE: -76.00, RSRP_TARGET: -54.55, RSRQ_SOURCE: -3.00, RSRQ_TARGET: -3.00, SINR_SOURCE: 35.67, SINR_TARGET: 52.49, TIME_TO_TRIGGER: 4.00, A3_OFFSET: 6.00, HOF: 1
TIMESTAMP: 229, UE_ID: 75, CELL_SOURCE_ID: 5, CELL_TARGET_ID: 1, RSRP_SOURCE: -106.25, RSRP_TARGET: -97.52, RSRQ_SOURCE: -3.00, RSRQ_TARGET: -3.00, SINR_SOURCE: 2.38, SINR_TARGET: 13.75, TIME_TO_TRIGGER: 4.00, A3_OFFSET: 6.00, HOF: 1
TIMESTAMP: 230, UE_ID: 62, CELL_SOURCE_ID: 11, CELL_TARGET_ID: 1, RSRP_SOURCE: -93.62, RSRP_TARGET: -68.37, RSRQ_SOURCE: -3.00, RSRQ_TARGET: -3.00, SINR_SOURCE: 14.12, SINR_TARGET: 43.04, TIME_TO_TRIGGER: 4.00, A3_OFFSET: 6.00, HOF: 1
TIMESTAMP: 237, UE_ID: 111, CELL_SOURCE_ID: 2, CELL_TARGET_ID: 3, RSRP_SOURCE: -94.00, RSRP_TARGET: -75.83, RSRQ_SOURCE: -3.00, RSRQ_TARGET: -3.00, SINR_SOURCE: 17.63, SINR_TARGET: 32.38, TIME_TO_TRIGGER: 4.00, A3_OFFSET: 6.00, HOF: 1
TIMESTAMP: 241, UE_ID: 15, CELL_SOURCE_ID: 3, CELL_TARGET_ID: 4, RSRP_SOURCE: -95.96, RSRP_TARGET: -89.74, RSRQ_SOURCE: -3.00, RSRQ_TARGET: -3.00, SINR_SOURCE: 9.14, SINR_TARGET: 19.29, TIME_TO_TRIGGER: 4.00, A3_OFFSET: 6.00, HOF: 1
TIMESTAMP: 241, UE_ID: 76, CELL_SOURCE_ID: 11, CELL_TARGET_ID: 6, RSRP_SOURCE: -106.00, RSRP_TARGET: -98.26, RSRQ_SOURCE: -3.00, RSRQ_TARGET: -3.00, SINR_SOURCE: 3.52, SINR_TARGET: 14.72, TIME_TO_TRIGGER: 4.00, A3_OFFSET: 6.00, HOF: 0
TIMESTAMP: 251, UE_ID: 70, CELL_SOURCE_ID: 4, CELL_TARGET_ID: 1, RSRP_SOURCE: -102.16, RSRP_TARGET: -94.32, RSRQ_SOURCE: -3.00, RSRQ_TARGET: -3.00, SINR_SOURCE: 4.68, SINR_TARGET: 14.07, TIME_TO_TRIGGER: 4.00, A3_OFFSET: 6.00, HOF: 1
TIMESTAMP: 256, UE_ID: 105, CELL_SOURCE_ID: 2, CELL_TARGET_ID: 1, RSRP_SOURCE: -103.88, RSRP_TARGET: -95.69, RSRQ_SOURCE: -3.00, RSRQ_TARGET: -3.00, SINR_SOURCE: 6.02, SINR_TARGET: 14.93, TIME_TO_TRIGGER: 4.00, A3_OFFSET: 6.00, HOF: 1
TIMESTAMP: 265, UE_ID: 61, CELL_SOURCE_ID: 3, CELL_TARGET_ID: 1, RSRP_SOURCE: -69.28, RSRP_TARGET: -61.80, RSRQ_SOURCE: -3.00, RSRQ_TARGET: -3.00, SINR_SOURCE: 40.00, SINR_TARGET: 48.47, TIME_TO_TRIGGER: 4.00, A3_OFFSET: 6.00, HOF: 1
TIMESTAMP: 274, UE_ID: 89, CELL_SOURCE_ID: 2, CELL_TARGET_ID: 1, RSRP_SOURCE: -80.83, RSRP_TARGET: -68.71, RSRQ_SOURCE: -3.00, RSRQ_TARGET: -3.00, SINR_SOURCE: 28.69, SINR_TARGET: 43.44, TIME_TO_TRIGGER: 4.00, A3_OFFSET: 6.00, HOF: 1
TIMESTAMP: 275, UE_ID: 61, CELL_SOURCE_ID: 1, CELL_TARGET_ID: 2, RSRP_SOURCE: -91.28, RSRP_TARGET: -81.84, RSRQ_SOURCE: -3.00, RSRQ_TARGET: -3.00, SINR_SOURCE: 23.75, SINR_TARGET: 29.39, TIME_TO_TRIGGER: 4.00, A3_OFFSET: 6.00, HOF: 1
TIMESTAMP: 278, UE_ID: 78, CELL_SOURCE_ID: 11, CELL_TARGET_ID: 1, RSRP_SOURCE: -91.11, RSRP_TARGET: -69.71, RSRQ_SOURCE: -3.00, RSRQ_TARGET: -3.00, SINR_SOURCE: 18.74, SINR_TARGET: 41.80, TIME_TO_TRIGGER: 4.00, A3_OFFSET: 6.00, HOF: 1
TIMESTAMP: 280, UE_ID: 89, CELL_SOURCE_ID: 1, CELL_TARGET_ID: 2, RSRP_SOURCE: -72.57, RSRP_TARGET: -65.50, RSRQ_SOURCE: -3.00, RSRQ_TARGET: -3.00, SINR_SOURCE: 38.91, SINR_TARGET: 42.95, TIME_TO_TRIGGER: 4.00, A3_OFFSET: 6.00, HOF: 1
TIMESTAMP: 285, UE_ID: 74, CELL_SOURCE_ID: 1, CELL_TARGET_ID: 2, RSRP_SOURCE: -76.26, RSRP_TARGET: -59.63, RSRQ_SOURCE: -3.00, RSRQ_TARGET: -3.00, SINR_SOURCE: 32.96, SINR_TARGET: 47.94, TIME_TO_TRIGGER: 4.00, A3_OFFSET: 6.00, HOF: 1
TIMESTAMP: 290, UE_ID: 52, CELL_SOURCE_ID: 2, CELL_TARGET_ID: 5, RSRP_SOURCE: -101.29, RSRP_TARGET: -94.95, RSRQ_SOURCE: -3.00, RSRQ_TARGET: -3.00, SINR_SOURCE: 11.81, SINR_TARGET: 15.64, TIME_TO_TRIGGER: 4.00, A3_OFFSET: 6.00, HOF: 1
TIMESTAMP: 294, UE_ID: 52, CELL_SOURCE_ID: 5, CELL_TARGET_ID: 10, RSRP_SOURCE: -105.85, RSRP_TARGET: -97.17, RSRQ_SOURCE: -3.00, RSRQ_TARGET: -3.00, SINR_SOURCE: 5.24, SINR_TARGET: 7.91, TIME_TO_TRIGGER: 4.00, A3_OFFSET: 6.00, HOF: 1
