TIMESTAMP: 36, UE_ID: 2, CELL_SOURCE_ID: 4, CELL_TARGET_ID: 1, RSRP_SOURCE: -64.77, RSRP_TARGET: -56.64, RSRQ_SOURCE: -3.00, RSRQ_TARGET: -3.00, SINR_SOURCE: 47.55, SINR_TARGET: 53.04, TIME_TO_TRIGGER: 4.00, A3_OFFSET: 6.00, HOF: 1
TIMESTAMP: 48, UE_ID: 53, CELL_SOURCE_ID: 9, CELL_TARGET_ID: 1, RSRP_SOURCE: -84.02, RSRP_TARGET: -77.07, RSRQ_SOURCE: -3.00, RSRQ_TARGET: -3.00, SINR_SOURCE: 26.25, SINR_TARGET: 34.11, TIME_TO_TRIGGER: 4.00, A3_OFFSET: 6.00, HOF: 1
TIMESTAMP: 56, UE_ID: 53, CELL_SOURCE_ID: 1, CELL_TARGET_ID: 2, RSRP_SOURCE: -80.01, RSRP_TARGET: -61.53, RSRQ_SOURCE: -3.00, RSRQ_TARGET: -3.00, SINR_SOURCE: 27.99, SINR_TARGET: 47.65, TIME_TO_TRIGGER: 4.00, A3_OFFSET: 6.00, HOF: 1
TIMESTAMP: 69, UE_ID: 70, CELL_SOURCE_ID: 4, CELL_TARGET_ID: 12, RSRP_SOURCE: -102.59, RSRP_TARGET: -95.94, RSRQ_SOURCE: -3.00, RSRQ_TARGET: -3.00, SINR_SOURCE: 2.38, SINR_TARGET: 13.91, TIME_TO_TRIGGER: 4.00, A3_OFFSET: 6.00, HOF: 1
TIMESTAMP: 109, UE_ID: 2, CELL_SOURCE_ID: 1, CELL_TARGET_ID: 2, RSRP_SOURCE: -78.07, RSRP_TARGET: -58.83, RSRQ_SOURCE: -3.00, RSRQ_TARGET: -3.00, SINR_SOURCE: 33.55, SINR_TARGET: 51.59, TIME_TO_TRIGGER: 4.00, A3_OFFSET: 6.00, HOF: 1
TIMESTAMP: 111, UE_ID: 55, CELL_SOURCE_ID: 11, CELL_TARGET_ID: 1, RSRP_SOURCE: -81.73, RSRP_TARGET: -58.27, RSRQ_SOURCE: -3.00, RSRQ_TARGET: -3.00, SINR_SOURCE: 29.06, SINR_TARGET: 51.98, TIME_TO_TRIGGER: 4.00, A3_OFFSET: 6.00, HOF: 1
TIMESTAMP: 129, UE_ID: 17, CELL_SOURCE_ID: 6, CELL_TARGET_ID: 2, RSRP_SOURCE: -99.87, RSRP_TARGET: -92.95, RSRQ_SOURCE: -3.00, RSRQ_TARGET: -3.00, SINR_SOURCE: 11.80, SINR_TARGET: 15.80, TIME_TO_TRIGGER: 4.00, A3_OFFSET: 6.00, HOF: 1
TIMESTAMP: 134, UE_ID: 43, CELL_SOURCE_ID: 6, CELL_TARGET_ID: 1, RSRP_SOURCE: -104.77, RSRP_TARGET: -98.11, RSRQ_SOURCE: -3.00, RSRQ_TARGET: -3.00, SINR_SOURCE: 6.01, SINR_TARGET: 7.68, TIME_TO_TRIGGER: 4.00, A3_OFFSET: 6.00, HOF: 1
TIMESTAMP: 140, UE_ID: 51, CELL_SOURCE_ID: 2, CELL_TARGET_ID: 3, RSRP_SOURCE: -92.01, RSRP_TARGET: -72.19, RSRQ_SOURCE: -3.00, RSRQ_TARGET: -3.00, SINR_SOURCE: 15.73, SINR_TARGET: 39.73, TIME_TO_TRIGGER: 4.00, A3_OFFSET: 6.00, HOF: 1
TIMESTAMP: 142, UE_ID: 30, CELL_SOURCE_ID: 11, CELL_TARGET_ID: 8, RSRP_SOURCE: -105.42, RSRP_TARGET: -98.50, RSRQ_SOURCE: -3.00, RSRQ_TARGET: -3.00, SINR_SOURCE: 5.03, SINR_TARGET: 8.53, TIME_TO_TRIGGER: 4.00, A3_OFFSET: 6.00, HOF: 1
TIMESTAMP: 153, UE_ID: 53, CELL_SOURCE_ID: 2, CELL_TARGET_ID: 4, RSRP_SOURCE: -105.95, RSRP_TARGET: -75.96, RSRQ_SOURCE: -3.00, RSRQ_TARGET: -3.00, SINR_SOURCE: 6.03, SINR_TARGET: 35.67, TIME_TO_TRIGGER: 4.00, A3_OFFSET: 6.00, HOF: 1
TIMESTAMP: 160, UE_ID: 105, CELL_SOURCE_ID: 10, CELL_TARGET_ID: 4, RSRP_SOURCE: -105.96, RSRP_TARGET: -99.94, RSRQ_SOURCE: -3.00, RSRQ_TARGET: -3.00, SINR_SOURCE: 1.52, SINR_TARGET: 10.80, TIME_TO_TRIGGER: 4.00, A3_OFFSET: 6.00, HOF: 1
TIMESTAMP: 174, UE_ID: 111, CELL_SOURCE_ID: 3, CELL_TARGET_ID: 1, RSRP_SOURCE: -67.51, RSRP_TARGET: -60.68, RSRQ_SOURCE: -3.00, RSRQ_TARGET: -3.00, SINR_SOURCE: 43.08, SINR_TARGET: 48.85, TIME_TO_TRIGGER: 4.00, A3_OFFSET: 6.00, HOF: 1
TIMESTAMP: 201, UE_ID: 100, CELL_SOURCE_ID: 5, CELL_TARGET_ID: 1, RSRP_SOURCE: -71.38, RSRP_TARGET: -65.07, RSRQ_SOURCE: -3.00, RSRQ_TARGET: -3.00, SINR_SOURCE: 34.68, SINR_TARGET: 44.36, TIME_TO_TRIGGER: 4.00, A3_OFFSET: 6.00, HOF: 1
TIMESTAMP: 202, UE_ID: 3, CELL_SOURCE_ID: 8, CELL_TARGET_ID: 1, RSRP_SOURCE: -82.44, RSRP_TARGET: -66.73, RSRQ_SOURCE: -3.00, RSRQ_TARGET: -3.00, SINR_SOURCE: 27.01, SINR_TARGET: 43.48, TIME_TO_TRIGGER: 4.00, A3_OFFSET: 6.00, HOF: 1
TIMESTAMP: 206, UE_ID: 111, CELL_SOURCE_ID: 1, CELL_TARGET_ID: 2, RSRP_SOURCE: -74.10, RSRP_TARGET: -55.44, RSRQ_SOURCE: -3.00, RSRQ_TARGET: -3.00, SINR_SOURCE: 37.67, SINR_TARGET: 53.76, TIME_TO_TRIGGER: 4.00, A3_OFFSET: 6.00, HOF: 1
TIMESTAMP: 209, UE_ID: 100, CELL_SOURCE_ID: 1, CELL_TARGET_ID: 2, RSRP_SOURCE: -94.32, RSRP_TARGET: -84.22, RSRQ_SOURCE: -3.00, RSRQ_TARGET: -3.00, SINR_SOURCE: 14.83, SINR_TARGET: 27.41, TIME_TO_TRIGGER: 4.00, A3_OFFSET: 6.00, HOF: 1
TIMESTAMP: 221, UE_ID: 100, CELL_SOURCE_ID: 2, CELL_TARGET_ID: 3, RSRP_SOURCE: -78.90, RSRP_TARGET: -72.01, RSRQ_SOURCE: -3.00, RSRQ_TARGET: -3.00, SINR_SOURCE: 28.43, SINR_TARGET: 38.19, TIME_TO_TRIGGER: 4.00, A3_OFFSET: 6.00, HOF: 1
TIMESTAMP: 230, UE_ID: 3, CELL_SOURCE_ID: 1, CELL_TARGET_ID: 2, RSRP_SOURCE: -81.38, RSRP_TARGET: -66.05, RSRQ_SOURCE: -3.00, RSRQ_TARGET: -3.00, SINR_SOURCE: 27.02, SINR_TARGET: 41.37, TIME_TO_TRIGGER: 4.00, A3_OFFSET: 6.00, HOF: 1
TIMESTAMP: 233, UE_ID: 45, CELL_SOURCE_ID: 11, CELL_TARGET_ID: 1, RSRP_SOURCE: -87.80, RSRP_TARGET: -81.04, RSRQ_SOURCE: -3.00, RSRQ_TARGET: -3.00, SINR_SOURCE: 22.92, SINR_TARGET: 30.97, TIME_TO_TRIGGER: 4.00, A3_OFFSET: 6.00, HOF: 1
TIMESTAMP: 234, UE_ID: 9, CELL_SOURCE_ID: 10, CELL_TARGET_ID: 2, RSRP_SOURCE: -101.17, RSRP_TARGET: -94.60, RSRQ_SOURCE: -3.00, RSRQ_TARGET: -3.00, SINR_SOURCE: 13.06, SINR_TARGET: 12.29, TIME_TO_TRIGGER: 4.00, A3_OFFSET: 6.00, HOF: 1
TIMESTAMP: 235, UE_ID: 74, CELL_SOURCE_ID: 4, CELL_TARGET_ID: 1, RSRP_SOURCE: -88.15, RSRP_TARGET: -63.69, RSRQ_SOURCE: -3.00, RSRQ_TARGET: -3.00, SINR_SOURCE: 23.11, SINR_TARGET: 44.45, TIME_TO_TRIGGER: 4.00, A3_OFFSET: 6.00, HOF: 1
TIMESTAMP: 242, UE_ID: 105, CELL_SOURCE_ID: 4, CELL_TARGET_ID: 1, RSRP_SOURCE: -105.22, RSRP_TARGET: -97.62, RSRQ_SOURCE: -3.00, RSRQ_TARGET: -3.00, SINR_SOURCE: 5.39, SINR_TARGET: 12.25, TIME_TO_TRIGGER: 4.00, A3_OFFSET: 6.00, HOF: 1
TIMESTAMP: 246, UE_ID: 62, CELL_SOURCE_ID: 11, CELL_TARGET_ID: 1, RSRP_SOURCE: -96.01, RSRP_TARGET: -89.38, RSRQ_SOURCE: -3.00, RSRQ_TARGET: -3.00, SINR_SOURCE: 13.67, SINR_TARGET: 22.86, TIME_TO_TRIGGER: 4.00, A3_OFFSET: 6.00, HOF: 1
TIMESTAMP: 249, UE_ID: 105, CELL_SOURCE_ID: 1, CELL_TARGET_ID: 2, RSRP_SOURCE: -103.54, RSRP_TARGET: -97.09, RSRQ_SOURCE: -3.00, RSRQ_TARGET: -3.00, SINR_SOURCE: 7.35, SINR_TARGET: 12.69, TIME_TO_TRIGGER: 4.00, A3_OFFSET: 6.00, HOF: 1
TIMESTAMP: 253, UE_ID: 9, CELL_SOURCE_ID: 2, CELL_TARGET_ID: 3, RSRP_SOURCE: -103.43, RSRP_TARGET: -96.98, RSRQ_SOURCE: -3.00, RSRQ_TARGET: -3.00, SINR_SOURCE: 3.14, SINR_TARGET: 10.12, TIME_TO_TRIGGER: 4.00, A3_OFFSET: 6.00, HOF: 1
TIMESTAMP: 265, UE_ID: 107, CELL_SOURCE_ID: 8, CELL_TARGET_ID: 1, RSRP_SOURCE: -84.71, RSRP_TARGET: -66.59, RSRQ_SOURCE: -3.00, RSRQ_TARGET: -3.00, SINR_SOURCE: 23.82, SINR_TARGET: 42.75, TIME_TO_TRIGGER: 4.00, A3_OFFSET: 6.00, HOF: 1
TIMESTAMP: 274, UE_ID: 89, CELL_SOURCE_ID: 2, CELL_TARGET_ID: 1, RSRP_SOURCE: -77.10, RSRP_TARGET: -69.68, RSRQ_SOURCE: -3.00, RSRQ_TARGET: -3.00, SINR_SOURCE: 32.42, SINR_TARGET: 42.46, TIME_TO_TRIGGER: 4.00, A3_OFFSET: 6.00, HOF: 1
TIMESTAMP: 276, UE_ID: 89, CELL_SOURCE_ID: 1, CELL_TARGET_ID: 2, RSRP_SOURCE: -90.80, RSRP_TARGET: -83.02, RSRQ_SOURCE: -3.00, RSRQ_TARGET: -3.00, SINR_SOURCE: 19.31, SINR_TARGET: 23.62, TIME_TO_TRIGGER: 4.00, A3_OFFSET: 6.00, HOF: 1
TIMESTAMP: 277, UE_ID: 74, CELL_SOURCE_ID: 1, CELL_TARGET_ID: 2, RSRP_SOURCE: -91.60, RSRP_TARGET: -72.34, RSRQ_SOURCE: -3.00, RSRQ_TARGET: -3.00, SINR_SOURCE: 15.06, SINR_TARGET: 39.33, TIME_TO_TRIGGER: 4.00, A3_OFFSET: 6.00, HOF: 1
TIMESTAMP: 289, UE_ID: 70, CELL_SOURCE_ID: 12, CELL_TARGET_ID: 1, RSRP_SOURCE: -97.62, RSRP_TARGET: -85.28, RSRQ_SOURCE: -3.00, RSRQ_TARGET: -3.00, SINR_SOURCE: 9.35, SINR_TARGET: 21.43, TIME_TO_TRIGGER: 4.00, A3_OFFSET: 6.00, HOF: 1
TIMESTAMP: 294, UE_ID: 52, CELL_SOURCE_ID: 2, CELL_TARGET_ID: 10, RSRP_SOURCE: -108.04, RSRP_TARGET: -98.47, RSRQ_SOURCE: -3.00, RSRQ_TARGET: -3.00, SINR_SOURCE: 4.54, SINR_TARGET: 6.61, TIME_TO_TRIGGER: 4.00, A3_OFFSET: 6.00, HOF: 1
TIMESTAMP: 295, UE_ID: 100, CELL_SOURCE_ID: 3, CELL_TARGET_ID: 4, RSRP_SOURCE: -105.64, RSRP_TARGET: -98.63, RSRQ_SOURCE: -3.00, RSRQ_TARGET: -3.00, SINR_SOURCE: 4.53, SINR_TARGET: 10.34, TIME_TO_TRIGGER: 4.00, A3_OFFSET: 6.00, HOF: 0
