TIMESTAMP: 48, UE_ID: 2, CELL_SOURCE_ID: 8, CELL_TARGET_ID: 1, RSRP_SOURCE: -67.51, RSRP_TARGET: -55.51, RSRQ_SOURCE: -3.00, RSRQ_TARGET: -3.00, SINR_SOURCE: 38.84, SINR_TARGET: 57.78, TIME_TO_TRIGGER: 4.00, A3_OFFSET: 6.00, HOF: 1
TIMESTAMP: 49, UE_ID: 53, CELL_SOURCE_ID: 9, CELL_TARGET_ID: 1, RSRP_SOURCE: -63.17, RSRP_TARGET: -50.54, RSRQ_SOURCE: -3.00, RSRQ_TARGET: -3.00, SINR_SOURCE: 48.80, SINR_TARGET: 58.32, TIME_TO_TRIGGER: 4.00, A3_OFFSET: 6.00, HOF: 1
TIMESTAMP: 49, UE_ID: 113, CELL_SOURCE_ID: 3, CELL_TARGET_ID: 1, RSRP_SOURCE: -68.63, RSRP_TARGET: -58.25, RSRQ_SOURCE: -3.00, RSRQ_TARGET: -3.00, SINR_SOURCE: 41.78, SINR_TARGET: 50.59, TIME_TO_TRIGGER: 4.00, A3_OFFSET: 6.00, HOF: 1
TIMESTAMP: 53, UE_ID: 38, CELL_SOURCE_ID: 8, CELL_TARGET_ID: 1, RSRP_SOURCE: -79.14, RSRP_TARGET: -71.49, RSRQ_SOURCE: -3.00, RSRQ_TARGET: -3.00, SINR_SOURCE: 31.89, SINR_TARGET: 38.10, TIME_TO_TRIGGER: 4.00, A3_OFFSET: 6.00, HOF: 1
TIMESTAMP: 53, UE_ID: 53, CELL_SOURCE_ID: 1, CELL_TARGET_ID: 2, RSRP_SOURCE: -73.06, RSRP_TARGET: -54.15, RSRQ_SOURCE: -3.00, RSRQ_TARGET: -3.00, SINR_SOURCE: 36.37, SINR_TARGET: 50.30, TIME_TO_TRIGGER: 4.00, A3_OFFSET: 6.00, HOF: 1
TIMESTAMP: 62, UE_ID: 113, CELL_SOURCE_ID: 1, CELL_TARGET_ID: 2, RSRP_SOURCE: -94.00, RSRP_TARGET: -82.61, RSRQ_SOURCE: -3.00, RSRQ_TARGET: -3.00, SINR_SOURCE: 16.11, SINR_TARGET: 28.91, TIME_TO_TRIGGER: 4.00, A3_OFFSET: 6.00, HOF: 1
TIMESTAMP: 63, UE_ID: 38, CELL_SOURCE_ID: 1, CELL_TARGET_ID: 2, RSRP_SOURCE: -87.33, RSRP_TARGET: -67.77, RSRQ_SOURCE: -3.00, RSRQ_TARGET: -3.00, SINR_SOURCE: 23.20, SINR_TARGET: 42.13, TIME_TO_TRIGGER: 4.00, A3_OFFSET: 6.00, HOF: 1
TIMESTAMP: 63, UE_ID: 100, CELL_SOURCE_ID: 5, CELL_TARGET_ID: 1, RSRP_SOURCE: -74.40, RSRP_TARGET: -61.10, RSRQ_SOURCE: -3.00, RSRQ_TARGET: -3.00, SINR_SOURCE: 38.13, SINR_TARGET: 48.28, TIME_TO_TRIGGER: 4.00, A3_OFFSET: 6.00, HOF: 1
TIMESTAMP: 73, UE_ID: 100, CELL_SOURCE_ID: 1, CELL_TARGET_ID: 2, RSRP_SOURCE: -80.68, RSRP_TARGET: -72.34, RSRQ_SOURCE: -3.00, RSRQ_TARGET: -3.00, SINR_SOURCE: 31.07, SINR_TARGET: 37.89, TIME_TO_TRIGGER: 4.00, A3_OFFSET: 6.00, HOF: 1
TIMESTAMP: 81, UE_ID: 105, CELL_SOURCE_ID: 10, CELL_TARGET_ID: 1, RSRP_SOURCE: -94.28, RSRP_TARGET: -87.54, RSRQ_SOURCE: -3.00, RSRQ_TARGET: -3.00, SINR_SOURCE: 17.39, SINR_TARGET: 23.11, TIME_TO_TRIGGER: 4.00, A3_OFFSET: 6.00, HOF: 1
TIMESTAMP: 88, UE_ID: 38, CELL_SOURCE_ID: 2, CELL_TARGET_ID: 1, RSRP_SOURCE: -94.71, RSRP_TARGET: -88.22, RSRQ_SOURCE: -3.00, RSRQ_TARGET: -3.00, SINR_SOURCE: 18.46, SINR_TARGET: 21.11, TIME_TO_TRIGGER: 4.00, A3_OFFSET: 6.00, HOF: 1
TIMESTAMP: 88, UE_ID: 100, CELL_SOURCE_ID: 2, CELL_TARGET_ID: 1, RSRP_SOURCE: -86.81, RSRP_TARGET: -77.60, RSRQ_SOURCE: -3.00, RSRQ_TARGET: -3.00, SINR_SOURCE: 23.25, SINR_TARGET: 34.40, TIME_TO_TRIGGER: 4.00, A3_OFFSET: 6.00, HOF: 1
TIMESTAMP: 88, UE_ID: 113, CELL_SOURCE_ID: 2, CELL_TARGET_ID: 1, RSRP_SOURCE: -97.98, RSRP_TARGET: -90.61, RSRQ_SOURCE: -3.00, RSRQ_TARGET: -3.00, SINR_SOURCE: 9.69, SINR_TARGET: 17.99, TIME_TO_TRIGGER: 4.00, A3_OFFSET: 6.00, HOF: 1
TIMESTAMP: 93, UE_ID: 1, CELL_SOURCE_ID: 8, CELL_TARGET_ID: 1, RSRP_SOURCE: -82.97, RSRP_TARGET: -75.17, RSRQ_SOURCE: -3.00, RSRQ_TARGET: -3.00, SINR_SOURCE: 26.06, SINR_TARGET: 33.91, TIME_TO_TRIGGER: 4.00, A3_OFFSET: 6.00, HOF: 1
TIMESTAMP: 93, UE_ID: 62, CELL_SOURCE_ID: 11, CELL_TARGET_ID: 1, RSRP_SOURCE: -81.14, RSRP_TARGET: -59.21, RSRQ_SOURCE: -3.00, RSRQ_TARGET: -3.00, SINR_SOURCE: 30.07, SINR_TARGET: 49.26, TIME_TO_TRIGGER: 4.00, A3_OFFSET: 6.00, HOF: 1
TIMESTAMP: 94, UE_ID: 9, CELL_SOURCE_ID: 3, CELL_TARGET_ID: 1, RSRP_SOURCE: -75.36, RSRP_TARGET: -68.17, RSRQ_SOURCE: -3.00, RSRQ_TARGET: -3.00, SINR_SOURCE: 32.87, SINR_TARGET: 41.13, TIME_TO_TRIGGER: 4.00, A3_OFFSET: 6.00, HOF: 1
TIMESTAMP: 96, UE_ID: 9, CELL_SOURCE_ID: 1, CELL_TARGET_ID: 2, RSRP_SOURCE: -95.01, RSRP_TARGET: -84.52, RSRQ_SOURCE: -3.00, RSRQ_TARGET: -3.00, SINR_SOURCE: 13.38, SINR_TARGET: 27.53, TIME_TO_TRIGGER: 4.00, A3_OFFSET: 6.00, HOF: 1
TIMESTAMP: 97, UE_ID: 38, CELL_SOURCE_ID: 1, CELL_TARGET_ID: 4, RSRP_SOURCE: -103.55, RSRP_TARGET: -91.74, RSRQ_SOURCE: -3.00, RSRQ_TARGET: -3.00, SINR_SOURCE: 6.36, SINR_TARGET: 16.44, TIME_TO_TRIGGER: 4.00, A3_OFFSET: 6.00, HOF: 1
TIMESTAMP: 97, UE_ID: 53, CELL_SOURCE_ID: 2, CELL_TARGET_ID: 3, RSRP_SOURCE: -99.53, RSRP_TARGET: -92.09, RSRQ_SOURCE: -3.00, RSRQ_TARGET: -3.00, SINR_SOURCE: 9.20, SINR_TARGET: 18.20, TIME_TO_TRIGGER: 4.00, A3_OFFSET: 6.00, HOF: 1
TIMESTAMP: 97, UE_ID: 105, CELL_SOURCE_ID: 1, CELL_TARGET_ID: 2, RSRP_SOURCE: -89.28, RSRP_TARGET: -81.40, RSRQ_SOURCE: -3.00, RSRQ_TARGET: -3.00, SINR_SOURCE: 23.14, SINR_TARGET: 30.69, TIME_TO_TRIGGER: 4.00, A3_OFFSET: 6.00, HOF: 1
TIMESTAMP: 101, UE_ID: 51, CELL_SOURCE_ID: 2, CELL_TARGET_ID: 1, RSRP_SOURCE: -63.49, RSRP_TARGET: -56.37, RSRQ_SOURCE: -3.00, RSRQ_TARGET: -3.00, SINR_SOURCE: 50.13, SINR_TARGET: 53.47, TIME_TO_TRIGGER: 4.00, A3_OFFSET: 6.00, HOF: 1
TIMESTAMP: 104, UE_ID: 51, CELL_SOURCE_ID: 1, CELL_TARGET_ID: 2, RSRP_SOURCE: -82.64, RSRP_TARGET: -67.74, RSRQ_SOURCE: -3.00, RSRQ_TARGET: -3.00, SINR_SOURCE: 28.63, SINR_TARGET: 43.79, TIME_TO_TRIGGER: 4.00, A3_OFFSET: 6.00, HOF: 1
TIMESTAMP: 105, UE_ID: 55, CELL_SOURCE_ID: 11, CELL_TARGET_ID: 1, RSRP_SOURCE: -96.31, RSRP_TARGET: -80.56, RSRQ_SOURCE: -3.00, RSRQ_TARGET: -3.00, SINR_SOURCE: 10.84, SINR_TARGET: 30.24, TIME_TO_TRIGGER: 4.00, A3_OFFSET: 6.00, HOF: 1
TIMESTAMP: 112, UE_ID: 2, CELL_SOURCE_ID: 1, CELL_TARGET_ID: 2, RSRP_SOURCE: -79.67, RSRP_TARGET: -72.45, RSRQ_SOURCE: -3.00, RSRQ_TARGET: -3.00, SINR_SOURCE: 30.24, SINR_TARGET: 38.52, TIME_TO_TRIGGER: 4.00, A3_OFFSET: 6.00, HOF: 1
TIMESTAMP: 115, UE_ID: 100, CELL_SOURCE_ID: 1, CELL_TARGET_ID: 2, RSRP_SOURCE: -92.56, RSRP_TARGET: -86.09, RSRQ_SOURCE: -3.00, RSRQ_TARGET: -3.00, SINR_SOURCE: 19.05, SINR_TARGET: 22.26, TIME_TO_TRIGGER: 4.00, A3_OFFSET: 6.00, HOF: 1
TIMESTAMP: 116, UE_ID: 30, CELL_SOURCE_ID: 11, CELL_TARGET_ID: 2, RSRP_SOURCE: -104.26, RSRP_TARGET: -98.11, RSRQ_SOURCE: -3.00, RSRQ_TARGET: -3.00, SINR_SOURCE: 7.85, SINR_TARGET: 10.58, TIME_TO_TRIGGER: 4.00, A3_OFFSET: 6.00, HOF: 1
TIMESTAMP: 126, UE_ID: 13, CELL_SOURCE_ID: 10, CELL_TARGET_ID: 1, RSRP_SOURCE: -76.04, RSRP_TARGET: -70.00, RSRQ_SOURCE: -3.00, RSRQ_TARGET: -3.00, SINR_SOURCE: 33.27, SINR_TARGET: 41.64, TIME_TO_TRIGGER: 4.00, A3_OFFSET: 6.00, HOF: 1
TIMESTAMP: 126, UE_ID: 43, CELL_SOURCE_ID: 10, CELL_TARGET_ID: 1, RSRP_SOURCE: -101.21, RSRP_TARGET: -91.43, RSRQ_SOURCE: -3.00, RSRQ_TARGET: -3.00, SINR_SOURCE: 2.57, SINR_TARGET: 18.59, TIME_TO_TRIGGER: 4.00, A3_OFFSET: 6.00, HOF: 1
TIMESTAMP: 127, UE_ID: 53, CELL_SOURCE_ID: 3, CELL_TARGET_ID: 4, RSRP_SOURCE: -98.82, RSRP_TARGET: -89.47, RSRQ_SOURCE: -3.00, RSRQ_TARGET: -3.00, SINR_SOURCE: 11.99, SINR_TARGET: 19.43, TIME_TO_TRIGGER: 4.00, A3_OFFSET: 6.00, HOF: 1
TIMESTAMP: 130, UE_ID: 62, CELL_SOURCE_ID: 1, CELL_TARGET_ID: 2, RSRP_SOURCE: -72.40, RSRP_TARGET: -54.31, RSRQ_SOURCE: -3.00, RSRQ_TARGET: -3.00, SINR_SOURCE: 38.73, SINR_TARGET: 54.88, TIME_TO_TRIGGER: 4.00, A3_OFFSET: 6.00, HOF: 1
TIMESTAMP: 133, UE_ID: 13, CELL_SOURCE_ID: 6, CELL_TARGET_ID: 1, RSRP_SOURCE: -105.77, RSRP_TARGET: -98.48, RSRQ_SOURCE: -3.00, RSRQ_TARGET: -3.00, SINR_SOURCE: 5.73, SINR_TARGET: 11.01, TIME_TO_TRIGGER: 4.00, A3_OFFSET: 6.00, HOF: 1
TIMESTAMP: 136, UE_ID: 13, CELL_SOURCE_ID: 1, CELL_TARGET_ID: 2, RSRP_SOURCE: -102.67, RSRP_TARGET: -96.24, RSRQ_SOURCE: -3.00, RSRQ_TARGET: -3.00, SINR_SOURCE: 6.57, SINR_TARGET: 12.55, TIME_TO_TRIGGER: 4.00, A3_OFFSET: 6.00, HOF: 1
TIMESTAMP: 138, UE_ID: 13, CELL_SOURCE_ID: 2, CELL_TARGET_ID: 1, RSRP_SOURCE: -100.52, RSRP_TARGET: -86.18, RSRQ_SOURCE: -3.00, RSRQ_TARGET: -3.00, SINR_SOURCE: 9.31, SINR_TARGET: 24.28, TIME_TO_TRIGGER: 4.00, A3_OFFSET: 6.00, HOF: 1
TIMESTAMP: 138, UE_ID: 30, CELL_SOURCE_ID: 2, CELL_TARGET_ID: 1, RSRP_SOURCE: -104.65, RSRP_TARGET: -96.40, RSRQ_SOURCE: -3.00, RSRQ_TARGET: -3.00, SINR_SOURCE: 4.58, SINR_TARGET: 14.19, TIME_TO_TRIGGER: 4.00, A3_OFFSET: 6.00, HOF: 1
TIMESTAMP: 140, UE_ID: 51, CELL_SOURCE_ID: 2, CELL_TARGET_ID: 3, RSRP_SOURCE: -91.11, RSRP_TARGET: -74.14, RSRQ_SOURCE: -3.00, RSRQ_TARGET: -3.00, SINR_SOURCE: 16.63, SINR_TARGET: 37.78, TIME_TO_TRIGGER: 4.00, A3_OFFSET: 6.00, HOF: 1
TIMESTAMP: 141, UE_ID: 30, CELL_SOURCE_ID: 1, CELL_TARGET_ID: 2, RSRP_SOURCE: -92.48, RSRP_TARGET: -85.81, RSRQ_SOURCE: -3.00, RSRQ_TARGET: -3.00, SINR_SOURCE: 17.58, SINR_TARGET: 25.25, TIME_TO_TRIGGER: 4.00, A3_OFFSET: 6.00, HOF: 1
TIMESTAMP: 144, UE_ID: 107, CELL_SOURCE_ID: 3, CELL_TARGET_ID: 1, RSRP_SOURCE: -81.07, RSRP_TARGET: -71.73, RSRQ_SOURCE: -3.00, RSRQ_TARGET: -3.00, SINR_SOURCE: 27.60, SINR_TARGET: 35.51, TIME_TO_TRIGGER: 4.00, A3_OFFSET: 6.00, HOF: 1
TIMESTAMP: 151, UE_ID: 30, CELL_SOURCE_ID: 2, CELL_TARGET_ID: 1, RSRP_SOURCE: -98.24, RSRP_TARGET: -91.11, RSRQ_SOURCE: -3.00, RSRQ_TARGET: -3.00, SINR_SOURCE: 11.65, SINR_TARGET: 21.55, TIME_TO_TRIGGER: 4.00, A3_OFFSET: 6.00, HOF: 1
TIMESTAMP: 151, UE_ID: 74, CELL_SOURCE_ID: 8, CELL_TARGET_ID: 1, RSRP_SOURCE: -84.56, RSRP_TARGET: -60.80, RSRQ_SOURCE: -3.00, RSRQ_TARGET: -3.00, SINR_SOURCE: 24.73, SINR_TARGET: 49.44, TIME_TO_TRIGGER: 4.00, A3_OFFSET: 6.00, HOF: 1
TIMESTAMP: 153, UE_ID: 30, CELL_SOURCE_ID: 1, CELL_TARGET_ID: 2, RSRP_SOURCE: -95.18, RSRP_TARGET: -69.07, RSRQ_SOURCE: -3.00, RSRQ_TARGET: -3.00, SINR_SOURCE: 15.88, SINR_TARGET: 39.84, TIME_TO_TRIGGER: 4.00, A3_OFFSET: 6.00, HOF: 1
TIMESTAMP: 155, UE_ID: 13, CELL_SOURCE_ID: 1, CELL_TARGET_ID: 5, RSRP_SOURCE: -99.80, RSRP_TARGET: -89.24, RSRQ_SOURCE: -3.00, RSRQ_TARGET: -3.00, SINR_SOURCE: 7.83, SINR_TARGET: 21.76, TIME_TO_TRIGGER: 4.00, A3_OFFSET: 6.00, HOF: 1
TIMESTAMP: 160, UE_ID: 9, CELL_SOURCE_ID: 2, CELL_TARGET_ID: 1, RSRP_SOURCE: -93.15, RSRP_TARGET: -86.49, RSRQ_SOURCE: -3.00, RSRQ_TARGET: -3.00, SINR_SOURCE: 16.36, SINR_TARGET: 21.94, TIME_TO_TRIGGER: 4.00, A3_OFFSET: 6.00, HOF: 1
TIMESTAMP: 161, UE_ID: 107, CELL_SOURCE_ID: 1, CELL_TARGET_ID: 2, RSRP_SOURCE: -83.28, RSRP_TARGET: -74.55, RSRQ_SOURCE: -3.00, RSRQ_TARGET: -3.00, SINR_SOURCE: 28.23, SINR_TARGET: 36.47, TIME_TO_TRIGGER: 4.00, A3_OFFSET: 6.00, HOF: 1
TIMESTAMP: 163, UE_ID: 41, CELL_SOURCE_ID: 10, CELL_TARGET_ID: 1, RSRP_SOURCE: -77.81, RSRP_TARGET: -56.75, RSRQ_SOURCE: -3.00, RSRQ_TARGET: -3.00, SINR_SOURCE: 32.27, SINR_TARGET: 51.87, TIME_TO_TRIGGER: 4.00, A3_OFFSET: 6.00, HOF: 1
TIMESTAMP: 165, UE_ID: 9, CELL_SOURCE_ID: 1, CELL_TARGET_ID: 2, RSRP_SOURCE: -78.54, RSRP_TARGET: -71.86, RSRQ_SOURCE: -3.00, RSRQ_TARGET: -3.00, SINR_SOURCE: 33.60, SINR_TARGET: 39.69, TIME_TO_TRIGGER: 4.00, A3_OFFSET: 6.00, HOF: 1
TIMESTAMP: 166, UE_ID: 30, CELL_SOURCE_ID: 2, CELL_TARGET_ID: 3, RSRP_SOURCE: -105.60, RSRP_TARGET: -99.17, RSRQ_SOURCE: -3.00, RSRQ_TARGET: -3.00, SINR_SOURCE: 4.67, SINR_TARGET: 10.81, TIME_TO_TRIGGER: 4.00, A3_OFFSET: 6.00, HOF: 1
TIMESTAMP: 168, UE_ID: 103, CELL_SOURCE_ID: 8, CELL_TARGET_ID: 1, RSRP_SOURCE: -61.57, RSRP_TARGET: -53.13, RSRQ_SOURCE: -3.00, RSRQ_TARGET: -3.00, SINR_SOURCE: 47.09, SINR_TARGET: 56.70, TIME_TO_TRIGGER: 4.00, A3_OFFSET: 6.00, HOF: 1
TIMESTAMP: 173, UE_ID: 103, CELL_SOURCE_ID: 1, CELL_TARGET_ID: 2, RSRP_SOURCE: -83.09, RSRP_TARGET: -62.60, RSRQ_SOURCE: -3.00, RSRQ_TARGET: -3.00, SINR_SOURCE: 28.61, SINR_TARGET: 45.37, TIME_TO_TRIGGER: 4.00, A3_OFFSET: 6.00, HOF: 1
TIMESTAMP: 174, UE_ID: 113, CELL_SOURCE_ID: 1, CELL_TARGET_ID: 2, RSRP_SOURCE: -93.17, RSRP_TARGET: -84.01, RSRQ_SOURCE: -3.00, RSRQ_TARGET: -3.00, SINR_SOURCE: 17.42, SINR_TARGET: 22.72, TIME_TO_TRIGGER: 4.00, A3_OFFSET: 6.00, HOF: 1
TIMESTAMP: 176, UE_ID: 29, CELL_SOURCE_ID: 6, CELL_TARGET_ID: 1, RSRP_SOURCE: -83.05, RSRP_TARGET: -76.64, RSRQ_SOURCE: -3.00, RSRQ_TARGET: -3.00, SINR_SOURCE: 28.82, SINR_TARGET: 34.80, TIME_TO_TRIGGER: 4.00, A3_OFFSET: 6.00, HOF: 1
TIMESTAMP: 179, UE_ID: 95, CELL_SOURCE_ID: 6, CELL_TARGET_ID: 1, RSRP_SOURCE: -101.65, RSRP_TARGET: -92.13, RSRQ_SOURCE: -3.00, RSRQ_TARGET: -3.00, SINR_SOURCE: 8.20, SINR_TARGET: 16.03, TIME_TO_TRIGGER: 4.00, A3_OFFSET: 6.00, HOF: 1
TIMESTAMP: 186, UE_ID: 107, CELL_SOURCE_ID: 2, CELL_TARGET_ID: 1, RSRP_SOURCE: -79.85, RSRP_TARGET: -71.41, RSRQ_SOURCE: -3.00, RSRQ_TARGET: -3.00, SINR_SOURCE: 30.91, SINR_TARGET: 36.63, TIME_TO_TRIGGER: 4.00, A3_OFFSET: 6.00, HOF: 1
TIMESTAMP: 189, UE_ID: 48, CELL_SOURCE_ID: 3, CELL_TARGET_ID: 1, RSRP_SOURCE: -63.13, RSRP_TARGET: -54.77, RSRQ_SOURCE: -3.00, RSRQ_TARGET: -3.00, SINR_SOURCE: 48.16, SINR_TARGET: 54.67, TIME_TO_TRIGGER: 4.00, A3_OFFSET: 6.00, HOF: 1
TIMESTAMP: 192, UE_ID: 107, CELL_SOURCE_ID: 1, CELL_TARGET_ID: 2, RSRP_SOURCE: -93.46, RSRP_TARGET: -85.27, RSRQ_SOURCE: -3.00, RSRQ_TARGET: -3.00, SINR_SOURCE: 17.53, SINR_TARGET: 25.18, TIME_TO_TRIGGER: 4.00, A3_OFFSET: 6.00, HOF: 1
TIMESTAMP: 193, UE_ID: 13, CELL_SOURCE_ID: 5, CELL_TARGET_ID: 1, RSRP_SOURCE: -103.11, RSRP_TARGET: -91.76, RSRQ_SOURCE: -3.00, RSRQ_TARGET: -3.00, SINR_SOURCE: 8.07, SINR_TARGET: 14.76, TIME_TO_TRIGGER: 4.00, A3_OFFSET: 6.00, HOF: 1
TIMESTAMP: 193, UE_ID: 38, CELL_SOURCE_ID: 3, CELL_TARGET_ID: 4, RSRP_SOURCE: -109.67, RSRP_TARGET: -99.24, RSRQ_SOURCE: -3.00, RSRQ_TARGET: -3.00, SINR_SOURCE: 1.45, SINR_TARGET: 10.04, TIME_TO_TRIGGER: 4.00, A3_OFFSET: 6.00, HOF: 1
TIMESTAMP: 202, UE_ID: 3, CELL_SOURCE_ID: 8, CELL_TARGET_ID: 1, RSRP_SOURCE: -77.24, RSRP_TARGET: -61.53, RSRQ_SOURCE: -3.00, RSRQ_TARGET: -3.00, SINR_SOURCE: 32.21, SINR_TARGET: 48.68, TIME_TO_TRIGGER: 4.00, A3_OFFSET: 6.00, HOF: 1
TIMESTAMP: 202, UE_ID: 9, CELL_SOURCE_ID: 2, CELL_TARGET_ID: 1, RSRP_SOURCE: -72.13, RSRP_TARGET: -65.62, RSRQ_SOURCE: -3.00, RSRQ_TARGET: -3.00, SINR_SOURCE: 37.32, SINR_TARGET: 43.27, TIME_TO_TRIGGER: 4.00, A3_OFFSET: 6.00, HOF: 1
TIMESTAMP: 202, UE_ID: 107, CELL_SOURCE_ID: 2, CELL_TARGET_ID: 1, RSRP_SOURCE: -94.94, RSRP_TARGET: -87.65, RSRQ_SOURCE: -3.00, RSRQ_TARGET: -3.00, SINR_SOURCE: 14.52, SINR_TARGET: 23.48, TIME_TO_TRIGGER: 4.00, A3_OFFSET: 6.00, HOF: 1
TIMESTAMP: 204, UE_ID: 9, CELL_SOURCE_ID: 1, CELL_TARGET_ID: 2, RSRP_SOURCE: -99.77, RSRP_TARGET: -90.04, RSRQ_SOURCE: -3.00, RSRQ_TARGET: -3.00, SINR_SOURCE: 8.89, SINR_TARGET: 19.66, TIME_TO_TRIGGER: 4.00, A3_OFFSET: 6.00, HOF: 1
TIMESTAMP: 205, UE_ID: 107, CELL_SOURCE_ID: 1, CELL_TARGET_ID: 2, RSRP_SOURCE: -89.63, RSRP_TARGET: -81.06, RSRQ_SOURCE: -3.00, RSRQ_TARGET: -3.00, SINR_SOURCE: 19.92, SINR_TARGET: 31.71, TIME_TO_TRIGGER: 4.00, A3_OFFSET: 6.00, HOF: 1
TIMESTAMP: 210, UE_ID: 8, CELL_SOURCE_ID: 8, CELL_TARGET_ID: 1, RSRP_SOURCE: -84.61, RSRP_TARGET: -78.44, RSRQ_SOURCE: -3.00, RSRQ_TARGET: -3.00, SINR_SOURCE: 27.75, SINR_TARGET: 28.54, TIME_TO_TRIGGER: 4.00, A3_OFFSET: 6.00, HOF: 1
TIMESTAMP: 213, UE_ID: 75, CELL_SOURCE_ID: 3, CELL_TARGET_ID: 1, RSRP_SOURCE: -105.61, RSRP_TARGET: -99.31, RSRQ_SOURCE: -3.00, RSRQ_TARGET: -3.00, SINR_SOURCE: 4.14, SINR_TARGET: 10.99, TIME_TO_TRIGGER: 4.00, A3_OFFSET: 6.00, HOF: 0
TIMESTAMP: 213, UE_ID: 107, CELL_SOURCE_ID: 2, CELL_TARGET_ID: 1, RSRP_SOURCE: -91.84, RSRP_TARGET: -85.57, RSRQ_SOURCE: -3.00, RSRQ_TARGET: -3.00, SINR_SOURCE: 16.21, SINR_TARGET: 20.50, TIME_TO_TRIGGER: 4.00, A3_OFFSET: 6.00, HOF: 1
TIMESTAMP: 216, UE_ID: 9, CELL_SOURCE_ID: 2, CELL_TARGET_ID: 3, RSRP_SOURCE: -106.47, RSRP_TARGET: -98.36, RSRQ_SOURCE: -3.00, RSRQ_TARGET: -3.00, SINR_SOURCE: 4.41, SINR_TARGET: 12.03, TIME_TO_TRIGGER: 4.00, A3_OFFSET: 6.00, HOF: 1
TIMESTAMP: 220, UE_ID: 27, CELL_SOURCE_ID: 11, CELL_TARGET_ID: 1, RSRP_SOURCE: -66.83, RSRP_TARGET: -60.09, RSRQ_SOURCE: -3.00, RSRQ_TARGET: -3.00, SINR_SOURCE: 41.01, SINR_TARGET: 50.65, TIME_TO_TRIGGER: 4.00, A3_OFFSET: 6.00, HOF: 1
TIMESTAMP: 222, UE_ID: 70, CELL_SOURCE_ID: 8, CELL_TARGET_ID: 1, RSRP_SOURCE: -99.95, RSRP_TARGET: -92.39, RSRQ_SOURCE: -3.00, RSRQ_TARGET: -3.00, SINR_SOURCE: 11.52, SINR_TARGET: 16.51, TIME_TO_TRIGGER: 4.00, A3_OFFSET: 6.00, HOF: 1
TIMESTAMP: 224, UE_ID: 75, CELL_SOURCE_ID: 2, CELL_TARGET_ID: 5, RSRP_SOURCE: -108.22, RSRP_TARGET: -99.21, RSRQ_SOURCE: -3.00, RSRQ_TARGET: -3.00, SINR_SOURCE: 0.97, SINR_TARGET: 12.07, TIME_TO_TRIGGER: 4.00, A3_OFFSET: 6.00, HOF: 1
TIMESTAMP: 224, UE_ID: 78, CELL_SOURCE_ID: 11, CELL_TARGET_ID: 1, RSRP_SOURCE: -72.28, RSRP_TARGET: -48.82, RSRQ_SOURCE: -3.00, RSRQ_TARGET: -3.00, SINR_SOURCE: 35.12, SINR_TARGET: 62.67, TIME_TO_TRIGGER: 4.00, A3_OFFSET: 6.00, HOF: 1
TIMESTAMP: 225, UE_ID: 70, CELL_SOURCE_ID: 1, CELL_TARGET_ID: 3, RSRP_SOURCE: -102.65, RSRP_TARGET: -94.39, RSRQ_SOURCE: -3.00, RSRQ_TARGET: -3.00, SINR_SOURCE: 8.15, SINR_TARGET: 18.17, TIME_TO_TRIGGER: 4.00, A3_OFFSET: 6.00, HOF: 1
TIMESTAMP: 227, UE_ID: 52, CELL_SOURCE_ID: 1, CELL_TARGET_ID: 3, RSRP_SOURCE: -95.43, RSRP_TARGET: -88.50, RSRQ_SOURCE: -3.00, RSRQ_TARGET: -3.00, SINR_SOURCE: 14.99, SINR_TARGET: 20.44, TIME_TO_TRIGGER: 4.00, A3_OFFSET: 6.00, HOF: 1
TIMESTAMP: 231, UE_ID: 52, CELL_SOURCE_ID: 3, CELL_TARGET_ID: 1, RSRP_SOURCE: -93.68, RSRP_TARGET: -84.62, RSRQ_SOURCE: -3.00, RSRQ_TARGET: -3.00, SINR_SOURCE: 18.67, SINR_TARGET: 22.11, TIME_TO_TRIGGER: 4.00, A3_OFFSET: 6.00, HOF: 1
TIMESTAMP: 231, UE_ID: 70, CELL_SOURCE_ID: 3, CELL_TARGET_ID: 1, RSRP_SOURCE: -88.51, RSRP_TARGET: -81.73, RSRQ_SOURCE: -3.00, RSRQ_TARGET: -3.00, SINR_SOURCE: 22.36, SINR_TARGET: 26.83, TIME_TO_TRIGGER: 4.00, A3_OFFSET: 6.00, HOF: 1
TIMESTAMP: 232, UE_ID: 30, CELL_SOURCE_ID: 3, CELL_TARGET_ID: 1, RSRP_SOURCE: -100.35, RSRP_TARGET: -94.01, RSRQ_SOURCE: -3.00, RSRQ_TARGET: -3.00, SINR_SOURCE: 9.72, SINR_TARGET: 20.22, TIME_TO_TRIGGER: 4.00, A3_OFFSET: 6.00, HOF: 1
TIMESTAMP: 232, UE_ID: 45, CELL_SOURCE_ID: 11, CELL_TARGET_ID: 1, RSRP_SOURCE: -96.11, RSRP_TARGET: -84.53, RSRQ_SOURCE: -3.00, RSRQ_TARGET: -3.00, SINR_SOURCE: 13.48, SINR_TARGET: 23.92, TIME_TO_TRIGGER: 4.00, A3_OFFSET: 6.00, HOF: 1
TIMESTAMP: 235, UE_ID: 3, CELL_SOURCE_ID: 1, CELL_TARGET_ID: 2, RSRP_SOURCE: -83.70, RSRP_TARGET: -73.44, RSRQ_SOURCE: -3.00, RSRQ_TARGET: -3.00, SINR_SOURCE: 23.65, SINR_TARGET: 37.90, TIME_TO_TRIGGER: 4.00, A3_OFFSET: 6.00, HOF: 1
TIMESTAMP: 235, UE_ID: 107, CELL_SOURCE_ID: 1, CELL_TARGET_ID: 2, RSRP_SOURCE: -67.54, RSRP_TARGET: -60.46, RSRQ_SOURCE: -3.00, RSRQ_TARGET: -3.00, SINR_SOURCE: 39.89, SINR_TARGET: 47.97, TIME_TO_TRIGGER: 4.00, A3_OFFSET: 6.00, HOF: 1
TIMESTAMP: 240, UE_ID: 9, CELL_SOURCE_ID: 3, CELL_TARGET_ID: 4, RSRP_SOURCE: -107.13, RSRP_TARGET: -98.62, RSRQ_SOURCE: -3.00, RSRQ_TARGET: -3.00, SINR_SOURCE: 6.31, SINR_TARGET: 7.98, TIME_TO_TRIGGER: 4.00, A3_OFFSET: 6.00, HOF: 1
TIMESTAMP: 242, UE_ID: 27, CELL_SOURCE_ID: 1, CELL_TARGET_ID: 2, RSRP_SOURCE: -88.53, RSRP_TARGET: -63.25, RSRQ_SOURCE: -3.00, RSRQ_TARGET: -3.00, SINR_SOURCE: 24.10, SINR_TARGET: 47.69, TIME_TO_TRIGGER: 4.00, A3_OFFSET: 6.00, HOF: 1
TIMESTAMP: 242, UE_ID: 70, CELL_SOURCE_ID: 1, CELL_TARGET_ID: 2, RSRP_SOURCE: -100.68, RSRP_TARGET: -90.74, RSRQ_SOURCE: -3.00, RSRQ_TARGET: -3.00, SINR_SOURCE: 10.73, SINR_TARGET: 17.02, TIME_TO_TRIGGER: 4.00, A3_OFFSET: 6.00, HOF: 1
TIMESTAMP: 243, UE_ID: 100, CELL_SOURCE_ID: 2, CELL_TARGET_ID: 1, RSRP_SOURCE: -94.12, RSRP_TARGET: -84.50, RSRQ_SOURCE: -3.00, RSRQ_TARGET: -3.00, SINR_SOURCE: 13.93, SINR_TARGET: 30.05, TIME_TO_TRIGGER: 4.00, A3_OFFSET: 6.00, HOF: 1
TIMESTAMP: 244, UE_ID: 95, CELL_SOURCE_ID: 1, CELL_TARGET_ID: 9, RSRP_SOURCE: -105.50, RSRP_TARGET: -95.61, RSRQ_SOURCE: -3.00, RSRQ_TARGET: -3.00, SINR_SOURCE: 6.03, SINR_TARGET: 13.51, TIME_TO_TRIGGER: 4.00, A3_OFFSET: 6.00, HOF: 1
TIMESTAMP: 245, UE_ID: 27, CELL_SOURCE_ID: 2, CELL_TARGET_ID: 1, RSRP_SOURCE: -97.30, RSRP_TARGET: -89.74, RSRQ_SOURCE: -3.00, RSRQ_TARGET: -3.00, SINR_SOURCE: 14.97, SINR_TARGET: 22.89, TIME_TO_TRIGGER: 4.00, A3_OFFSET: 6.00, HOF: 1
TIMESTAMP: 245, UE_ID: 100, CELL_SOURCE_ID: 1, CELL_TARGET_ID: 2, RSRP_SOURCE: -85.48, RSRP_TARGET: -72.29, RSRQ_SOURCE: -3.00, RSRQ_TARGET: -3.00, SINR_SOURCE: 21.63, SINR_TARGET: 39.65, TIME_TO_TRIGGER: 4.00, A3_OFFSET: 6.00, HOF: 1
TIMESTAMP: 247, UE_ID: 13, CELL_SOURCE_ID: 1, CELL_TARGET_ID: 2, RSRP_SOURCE: -76.80, RSRP_TARGET: -69.86, RSRQ_SOURCE: -3.00, RSRQ_TARGET: -3.00, SINR_SOURCE: 36.38, SINR_TARGET: 41.18, TIME_TO_TRIGGER: 4.00, A3_OFFSET: 6.00, HOF: 1
TIMESTAMP: 253, UE_ID: 2, CELL_SOURCE_ID: 2, CELL_TARGET_ID: 1, RSRP_SOURCE: -94.27, RSRP_TARGET: -85.59, RSRQ_SOURCE: -3.00, RSRQ_TARGET: -3.00, SINR_SOURCE: 15.60, SINR_TARGET: 20.69, TIME_TO_TRIGGER: 4.00, A3_OFFSET: 6.00, HOF: 1
TIMESTAMP: 254, UE_ID: 17, CELL_SOURCE_ID: 6, CELL_TARGET_ID: 1, RSRP_SOURCE: -87.12, RSRP_TARGET: -80.84, RSRQ_SOURCE: -3.00, RSRQ_TARGET: -3.00, SINR_SOURCE: 21.27, SINR_TARGET: 26.31, TIME_TO_TRIGGER: 4.00, A3_OFFSET: 6.00, HOF: 1
TIMESTAMP: 254, UE_ID: 105, CELL_SOURCE_ID: 2, CELL_TARGET_ID: 4, RSRP_SOURCE: -102.63, RSRP_TARGET: -95.89, RSRQ_SOURCE: -3.00, RSRQ_TARGET: -3.00, SINR_SOURCE: 4.64, SINR_TARGET: 9.47, TIME_TO_TRIGGER: 4.00, A3_OFFSET: 6.00, HOF: 1
TIMESTAMP: 254, UE_ID: 113, CELL_SOURCE_ID: 2, CELL_TARGET_ID: 1, RSRP_SOURCE: -78.20, RSRP_TARGET: -71.98, RSRQ_SOURCE: -3.00, RSRQ_TARGET: -3.00, SINR_SOURCE: 31.45, SINR_TARGET: 38.85, TIME_TO_TRIGGER: 4.00, A3_OFFSET: 6.00, HOF: 1
TIMESTAMP: 256, UE_ID: 17, CELL_SOURCE_ID: 1, CELL_TARGET_ID: 2, RSRP_SOURCE: -95.13, RSRP_TARGET: -83.14, RSRQ_SOURCE: -3.00, RSRQ_TARGET: -3.00, SINR_SOURCE: 16.46, SINR_TARGET: 24.07, TIME_TO_TRIGGER: 4.00, A3_OFFSET: 6.00, HOF: 1
TIMESTAMP: 256, UE_ID: 30, CELL_SOURCE_ID: 1, CELL_TARGET_ID: 2, RSRP_SOURCE: -94.10, RSRP_TARGET: -87.35, RSRQ_SOURCE: -3.00, RSRQ_TARGET: -3.00, SINR_SOURCE: 20.20, SINR_TARGET: 22.12, TIME_TO_TRIGGER: 4.00, A3_OFFSET: 6.00, HOF: 1
TIMESTAMP: 256, UE_ID: 41, CELL_SOURCE_ID: 1, CELL_TARGET_ID: 2, RSRP_SOURCE: -89.02, RSRP_TARGET: -78.47, RSRQ_SOURCE: -3.00, RSRQ_TARGET: -3.00, SINR_SOURCE: 19.82, SINR_TARGET: 33.65, TIME_TO_TRIGGER: 4.00, A3_OFFSET: 6.00, HOF: 1
TIMESTAMP: 256, UE_ID: 51, CELL_SOURCE_ID: 3, CELL_TARGET_ID: 2, RSRP_SOURCE: -93.49, RSRP_TARGET: -87.34, RSRQ_SOURCE: -3.00, RSRQ_TARGET: -3.00, SINR_SOURCE: 17.42, SINR_TARGET: 23.92, TIME_TO_TRIGGER: 4.00, A3_OFFSET: 6.00, HOF: 1
TIMESTAMP: 256, UE_ID: 95, CELL_SOURCE_ID: 1, CELL_TARGET_ID: 2, RSRP_SOURCE: -102.44, RSRP_TARGET: -93.61, RSRQ_SOURCE: -3.00, RSRQ_TARGET: -3.00, SINR_SOURCE: 10.07, SINR_TARGET: 15.89, TIME_TO_TRIGGER: 4.00, A3_OFFSET: 6.00, HOF: 1
TIMESTAMP: 256, UE_ID: 113, CELL_SOURCE_ID: 1, CELL_TARGET_ID: 2, RSRP_SOURCE: -93.94, RSRP_TARGET: -83.09, RSRQ_SOURCE: -3.00, RSRQ_TARGET: -3.00, SINR_SOURCE: 16.33, SINR_TARGET: 24.60, TIME_TO_TRIGGER: 4.00, A3_OFFSET: 6.00, HOF: 1
TIMESTAMP: 258, UE_ID: 21, CELL_SOURCE_ID: 7, CELL_TARGET_ID: 1, RSRP_SOURCE: -97.43, RSRP_TARGET: -90.47, RSRQ_SOURCE: -3.00, RSRQ_TARGET: -3.00, SINR_SOURCE: 14.71, SINR_TARGET: 16.34, TIME_TO_TRIGGER: 4.00, A3_OFFSET: 6.00, HOF: 1
TIMESTAMP: 260, UE_ID: 21, CELL_SOURCE_ID: 1, CELL_TARGET_ID: 2, RSRP_SOURCE: -72.46, RSRP_TARGET: -60.67, RSRQ_SOURCE: -3.00, RSRQ_TARGET: -3.00, SINR_SOURCE: 35.82, SINR_TARGET: 52.82, TIME_TO_TRIGGER: 4.00, A3_OFFSET: 6.00, HOF: 1
TIMESTAMP: 261, UE_ID: 8, CELL_SOURCE_ID: 1, CELL_TARGET_ID: 2, RSRP_SOURCE: -84.60, RSRP_TARGET: -69.62, RSRQ_SOURCE: -3.00, RSRQ_TARGET: -3.00, SINR_SOURCE: 28.07, SINR_TARGET: 44.63, TIME_TO_TRIGGER: 4.00, A3_OFFSET: 6.00, HOF: 1
TIMESTAMP: 268, UE_ID: 15, CELL_SOURCE_ID: 3, CELL_TARGET_ID: 2, RSRP_SOURCE: -98.11, RSRP_TARGET: -90.18, RSRQ_SOURCE: -3.00, RSRQ_TARGET: -3.00, SINR_SOURCE: 12.36, SINR_TARGET: 21.57, TIME_TO_TRIGGER: 4.00, A3_OFFSET: 6.00, HOF: 1
TIMESTAMP: 270, UE_ID: 9, CELL_SOURCE_ID: 4, CELL_TARGET_ID: 1, RSRP_SOURCE: -73.77, RSRP_TARGET: -67.62, RSRQ_SOURCE: -3.00, RSRQ_TARGET: -3.00, SINR_SOURCE: 36.31, SINR_TARGET: 40.55, TIME_TO_TRIGGER: 4.00, A3_OFFSET: 6.00, HOF: 1
TIMESTAMP: 270, UE_ID: 12, CELL_SOURCE_ID: 8, CELL_TARGET_ID: 1, RSRP_SOURCE: -105.82, RSRP_TARGET: -99.33, RSRQ_SOURCE: -3.00, RSRQ_TARGET: -3.00, SINR_SOURCE: 5.29, SINR_TARGET: 10.75, TIME_TO_TRIGGER: 4.00, A3_OFFSET: 6.00, HOF: 1
TIMESTAMP: 270, UE_ID: 38, CELL_SOURCE_ID: 4, CELL_TARGET_ID: 1, RSRP_SOURCE: -81.79, RSRP_TARGET: -75.61, RSRQ_SOURCE: -3.00, RSRQ_TARGET: -3.00, SINR_SOURCE: 27.39, SINR_TARGET: 35.73, TIME_TO_TRIGGER: 4.00, A3_OFFSET: 6.00, HOF: 1
TIMESTAMP: 271, UE_ID: 105, CELL_SOURCE_ID: 4, CELL_TARGET_ID: 6, RSRP_SOURCE: -107.50, RSRP_TARGET: -98.84, RSRQ_SOURCE: -3.00, RSRQ_TARGET: -3.00, SINR_SOURCE: 2.93, SINR_TARGET: 7.74, TIME_TO_TRIGGER: 4.00, A3_OFFSET: 6.00, HOF: 1
TIMESTAMP: 274, UE_ID: 12, CELL_SOURCE_ID: 1, CELL_TARGET_ID: 2, RSRP_SOURCE: -79.20, RSRP_TARGET: -70.87, RSRQ_SOURCE: -3.00, RSRQ_TARGET: -3.00, SINR_SOURCE: 32.69, SINR_TARGET: 42.56, TIME_TO_TRIGGER: 4.00, A3_OFFSET: 6.00, HOF: 1
TIMESTAMP: 279, UE_ID: 95, CELL_SOURCE_ID: 1, CELL_TARGET_ID: 5, RSRP_SOURCE: -104.82, RSRP_TARGET: -98.10, RSRQ_SOURCE: -3.00, RSRQ_TARGET: -3.00, SINR_SOURCE: 8.15, SINR_TARGET: 11.77, TIME_TO_TRIGGER: 4.00, A3_OFFSET: 6.00, HOF: 1
TIMESTAMP: 280, UE_ID: 9, CELL_SOURCE_ID: 4, CELL_TARGET_ID: 10, RSRP_SOURCE: -104.37, RSRP_TARGET: -97.60, RSRQ_SOURCE: -3.00, RSRQ_TARGET: -3.00, SINR_SOURCE: 3.22, SINR_TARGET: 10.99, TIME_TO_TRIGGER: 4.00, A3_OFFSET: 6.00, HOF: 1
TIMESTAMP: 280, UE_ID: 13, CELL_SOURCE_ID: 2, CELL_TARGET_ID: 1, RSRP_SOURCE: -108.76, RSRP_TARGET: -99.54, RSRQ_SOURCE: -3.00, RSRQ_TARGET: -3.00, SINR_SOURCE: -0.62, SINR_TARGET: 11.86, TIME_TO_TRIGGER: 4.00, A3_OFFSET: 6.00, HOF: 1
TIMESTAMP: 280, UE_ID: 107, CELL_SOURCE_ID: 2, CELL_TARGET_ID: 1, RSRP_SOURCE: -89.39, RSRP_TARGET: -79.85, RSRQ_SOURCE: -3.00, RSRQ_TARGET: -3.00, SINR_SOURCE: 19.57, SINR_TARGET: 31.47, TIME_TO_TRIGGER: 4.00, A3_OFFSET: 6.00, HOF: 1
TIMESTAMP: 281, UE_ID: 52, CELL_SOURCE_ID: 1, CELL_TARGET_ID: 5, RSRP_SOURCE: -104.58, RSRP_TARGET: -98.57, RSRQ_SOURCE: -3.00, RSRQ_TARGET: -3.00, SINR_SOURCE: 1.73, SINR_TARGET: 9.46, TIME_TO_TRIGGER: 4.00, A3_OFFSET: 6.00, HOF: 1
TIMESTAMP: 285, UE_ID: 21, CELL_SOURCE_ID: 2, CELL_TARGET_ID: 4, RSRP_SOURCE: -101.78, RSRP_TARGET: -93.79, RSRQ_SOURCE: -3.00, RSRQ_TARGET: -3.00, SINR_SOURCE: 8.80, SINR_TARGET: 16.32, TIME_TO_TRIGGER: 4.00, A3_OFFSET: 6.00, HOF: 1
TIMESTAMP: 285, UE_ID: 38, CELL_SOURCE_ID: 1, CELL_TARGET_ID: 4, RSRP_SOURCE: -105.12, RSRP_TARGET: -93.64, RSRQ_SOURCE: -3.00, RSRQ_TARGET: -3.00, SINR_SOURCE: 4.24, SINR_TARGET: 21.39, TIME_TO_TRIGGER: 4.00, A3_OFFSET: 6.00, HOF: 1
TIMESTAMP: 285, UE_ID: 59, CELL_SOURCE_ID: 3, CELL_TARGET_ID: 1, RSRP_SOURCE: -87.98, RSRP_TARGET: -59.15, RSRQ_SOURCE: -3.00, RSRQ_TARGET: -3.00, SINR_SOURCE: 21.96, SINR_TARGET: 51.44, TIME_TO_TRIGGER: 4.00, A3_OFFSET: 6.00, HOF: 1
TIMESTAMP: 285, UE_ID: 74, CELL_SOURCE_ID: 1, CELL_TARGET_ID: 2, RSRP_SOURCE: -79.51, RSRP_TARGET: -58.21, RSRQ_SOURCE: -3.00, RSRQ_TARGET: -3.00, SINR_SOURCE: 29.71, SINR_TARGET: 49.36, TIME_TO_TRIGGER: 4.00, A3_OFFSET: 6.00, HOF: 1
TIMESTAMP: 286, UE_ID: 75, CELL_SOURCE_ID: 1, CELL_TARGET_ID: 7, RSRP_SOURCE: -106.22, RSRP_TARGET: -98.02, RSRQ_SOURCE: -3.00, RSRQ_TARGET: -3.00, SINR_SOURCE: 1.09, SINR_TARGET: 13.04, TIME_TO_TRIGGER: 4.00, A3_OFFSET: 6.00, HOF: 1
TIMESTAMP: 287, UE_ID: 9, CELL_SOURCE_ID: 10, CELL_TARGET_ID: 1, RSRP_SOURCE: -100.97, RSRP_TARGET: -94.49, RSRQ_SOURCE: -3.00, RSRQ_TARGET: -3.00, SINR_SOURCE: 9.26, SINR_TARGET: 15.15, TIME_TO_TRIGGER: 4.00, A3_OFFSET: 6.00, HOF: 1
TIMESTAMP: 290, UE_ID: 15, CELL_SOURCE_ID: 2, CELL_TARGET_ID: 1, RSRP_SOURCE: -96.25, RSRP_TARGET: -87.94, RSRQ_SOURCE: -3.00, RSRQ_TARGET: -3.00, SINR_SOURCE: 14.12, SINR_TARGET: 17.58, TIME_TO_TRIGGER: 4.00, A3_OFFSET: 6.00, HOF: 1
TIMESTAMP: 292, UE_ID: 9, CELL_SOURCE_ID: 1, CELL_TARGET_ID: 8, RSRP_SOURCE: -107.85, RSRP_TARGET: -98.57, RSRQ_SOURCE: -3.00, RSRQ_TARGET: -3.00, SINR_SOURCE: 5.19, SINR_TARGET: 10.26, TIME_TO_TRIGGER: 4.00, A3_OFFSET: 6.00, HOF: 1
TIMESTAMP: 292, UE_ID: 15, CELL_SOURCE_ID: 1, CELL_TARGET_ID: 3, RSRP_SOURCE: -107.51, RSRP_TARGET: -98.20, RSRQ_SOURCE: -3.00, RSRQ_TARGET: -3.00, SINR_SOURCE: 1.66, SINR_TARGET: 14.71, TIME_TO_TRIGGER: 4.00, A3_OFFSET: 6.00, HOF: 1
TIMESTAMP: 293, UE_ID: 52, CELL_SOURCE_ID: 5, CELL_TARGET_ID: 2, RSRP_SOURCE: -108.44, RSRP_TARGET: -99.12, RSRQ_SOURCE: -3.00, RSRQ_TARGET: -3.00, SINR_SOURCE: 2.46, SINR_TARGET: 15.01, TIME_TO_TRIGGER: 4.00, A3_OFFSET: 6.00, HOF: 1
TIMESTAMP: 298, UE_ID: 30, CELL_SOURCE_ID: 2, CELL_TARGET_ID: 1, RSRP_SOURCE: -94.49, RSRP_TARGET: -87.29, RSRQ_SOURCE: -3.00, RSRQ_TARGET: -3.00, SINR_SOURCE: 16.91, SINR_TARGET: 23.91, TIME_TO_TRIGGER: 4.00, A3_OFFSET: 6.00, HOF: 1
TIMESTAMP: 298, UE_ID: 32, CELL_SOURCE_ID: 11, CELL_TARGET_ID: 1, RSRP_SOURCE: -57.91, RSRP_TARGET: -41.61, RSRQ_SOURCE: -3.00, RSRQ_TARGET: -3.00, SINR_SOURCE: 52.37, SINR_TARGET: 65.43, TIME_TO_TRIGGER: 4.00, A3_OFFSET: 6.00, HOF: 1
TIMESTAMP: 298, UE_ID: 51, CELL_SOURCE_ID: 2, CELL_TARGET_ID: 1, RSRP_SOURCE: -73.41, RSRP_TARGET: -63.16, RSRQ_SOURCE: -3.00, RSRQ_TARGET: -3.00, SINR_SOURCE: 36.74, SINR_TARGET: 44.29, TIME_TO_TRIGGER: 4.00, A3_OFFSET: 6.00, HOF: 1
TIMESTAMP: 298, UE_ID: 95, CELL_SOURCE_ID: 5, CELL_TARGET_ID: 1, RSRP_SOURCE: -98.87, RSRP_TARGET: -89.59, RSRQ_SOURCE: -3.00, RSRQ_TARGET: -3.00, SINR_SOURCE: 12.56, SINR_TARGET: 18.89, TIME_TO_TRIGGER: 4.00, A3_OFFSET: 6.00, HOF: 1
TIMESTAMP: 298, UE_ID: 113, CELL_SOURCE_ID: 2, CELL_TARGET_ID: 1, RSRP_SOURCE: -104.86, RSRP_TARGET: -96.64, RSRQ_SOURCE: -3.00, RSRQ_TARGET: -3.00, SINR_SOURCE: 8.19, SINR_TARGET: 10.28, TIME_TO_TRIGGER: 4.00, A3_OFFSET: 6.00, HOF: 1
TIMESTAMP: 299, UE_ID: 41, CELL_SOURCE_ID: 2, CELL_TARGET_ID: 1, RSRP_SOURCE: -98.51, RSRP_TARGET: -90.70, RSRQ_SOURCE: -3.00, RSRQ_TARGET: -3.00, SINR_SOURCE: 9.61, SINR_TARGET: 23.29, TIME_TO_TRIGGER: 4.00, A3_OFFSET: 6.00, HOF: 1
TIMESTAMP: 299, UE_ID: 62, CELL_SOURCE_ID: 2, CELL_TARGET_ID: 4, RSRP_SOURCE: -105.56, RSRP_TARGET: -99.14, RSRQ_SOURCE: -3.00, RSRQ_TARGET: -3.00, SINR_SOURCE: 5.77, SINR_TARGET: 11.57, TIME_TO_TRIGGER: 4.00, A3_OFFSET: 6.00, HOF: 1
TIMESTAMP: 299, UE_ID: 70, CELL_SOURCE_ID: 2, CELL_TARGET_ID: 1, RSRP_SOURCE: -87.87, RSRP_TARGET: -80.99, RSRQ_SOURCE: -3.00, RSRQ_TARGET: -3.00, SINR_SOURCE: 26.02, SINR_TARGET: 29.42, TIME_TO_TRIGGER: 4.00, A3_OFFSET: 6.00, HOF: 1
