TIMESTAMP: 14, UE_ID: 254, CELL_SOURCE_ID: 2, CELL_TARGET_ID: 1, RSRP_SOURCE: -81.41, RSRP_TARGET: -72.81, RSRQ_SOURCE: -3.00, RSRQ_TARGET: -3.00, SINR_SOURCE: 27.09, SINR_TARGET: 35.23, TIME_TO_TRIGGER: 8.00, A3_OFFSET: 8.00, HOF: 1
TIMESTAMP: 14, UE_ID: 294, CELL_SOURCE_ID: 20, CELL_TARGET_ID: 1, RSRP_SOURCE: -78.55, RSRP_TARGET: -67.50, RSRQ_SOURCE: -3.00, RSRQ_TARGET: -3.00, SINR_SOURCE: 32.71, SINR_TARGET: 42.62, TIME_TO_TRIGGER: 8.00, A3_OFFSET: 8.00, HOF: 1
TIMESTAMP: 24, UE_ID: 246, CELL_SOURCE_ID: 10, CELL_TARGET_ID: 1, RSRP_SOURCE: -78.92, RSRP_TARGET: -65.48, RSRQ_SOURCE: -3.00, RSRQ_TARGET: -3.00, SINR_SOURCE: 29.12, SINR_TARGET: 48.05, TIME_TO_TRIGGER: 8.00, A3_OFFSET: 8.00, HOF: 1
TIMESTAMP: 24, UE_ID: 254, CELL_SOURCE_ID: 1, CELL_TARGET_ID: 2, RSRP_SOURCE: -85.01, RSRP_TARGET: -76.82, RSRQ_SOURCE: -3.00, RSRQ_TARGET: -3.00, SINR_SOURCE: 23.92, SINR_TARGET: 31.22, TIME_TO_TRIGGER: 8.00, A3_OFFSET: 8.00, HOF: 1
TIMESTAMP: 40, UE_ID: 249, CELL_SOURCE_ID: 2, CELL_TARGET_ID: 1, RSRP_SOURCE: -97.54, RSRP_TARGET: -86.26, RSRQ_SOURCE: -3.00, RSRQ_TARGET: -3.00, SINR_SOURCE: 11.91, SINR_TARGET: 21.83, TIME_TO_TRIGGER: 8.00, A3_OFFSET: 8.00, HOF: 1
TIMESTAMP: 43, UE_ID: 241, CELL_SOURCE_ID: 18, CELL_TARGET_ID: 1, RSRP_SOURCE: -93.15, RSRP_TARGET: -83.04, RSRQ_SOURCE: -3.00, RSRQ_TARGET: -3.00, SINR_SOURCE: 15.29, SINR_TARGET: 30.39, TIME_TO_TRIGGER: 8.00, A3_OFFSET: 8.00, HOF: 1
TIMESTAMP: 44, UE_ID: 272, CELL_SOURCE_ID: 11, CELL_TARGET_ID: 1, RSRP_SOURCE: -93.10, RSRP_TARGET: -83.50, RSRQ_SOURCE: -3.00, RSRQ_TARGET: -3.00, SINR_SOURCE: 18.43, SINR_TARGET: 27.33, TIME_TO_TRIGGER: 8.00, A3_OFFSET: 8.00, HOF: 1
TIMESTAMP: 45, UE_ID: 293, CELL_SOURCE_ID: 10, CELL_TARGET_ID: 1, RSRP_SOURCE: -88.55, RSRP_TARGET: -73.99, RSRQ_SOURCE: -3.00, RSRQ_TARGET: -3.00, SINR_SOURCE: 24.74, SINR_TARGET: 38.47, TIME_TO_TRIGGER: 8.00, A3_OFFSET: 8.00, HOF: 1
TIMESTAMP: 48, UE_ID: 244, CELL_SOURCE_ID: 14, CELL_TARGET_ID: 1, RSRP_SOURCE: -78.14, RSRP_TARGET: -65.27, RSRQ_SOURCE: -3.00, RSRQ_TARGET: -3.00, SINR_SOURCE: 30.87, SINR_TARGET: 44.21, TIME_TO_TRIGGER: 8.00, A3_OFFSET: 8.00, HOF: 1
TIMESTAMP: 62, UE_ID: 251, CELL_SOURCE_ID: 19, CELL_TARGET_ID: 13, RSRP_SOURCE: -106.61, RSRP_TARGET: -96.76, RSRQ_SOURCE: -3.00, RSRQ_TARGET: -3.00, SINR_SOURCE: 0.91, SINR_TARGET: 11.84, TIME_TO_TRIGGER: 8.00, A3_OFFSET: 8.00, HOF: 1
TIMESTAMP: 71, UE_ID: 265, CELL_SOURCE_ID: 3, CELL_TARGET_ID: 13, RSRP_SOURCE: -106.75, RSRP_TARGET: -93.62, RSRQ_SOURCE: -3.00, RSRQ_TARGET: -3.00, SINR_SOURCE: 5.31, SINR_TARGET: 17.59, TIME_TO_TRIGGER: 8.00, A3_OFFSET: 8.00, HOF: 1
TIMESTAMP: 71, UE_ID: 300, CELL_SOURCE_ID: 8, CELL_TARGET_ID: 1, RSRP_SOURCE: -94.44, RSRP_TARGET: -86.40, RSRQ_SOURCE: -3.00, RSRQ_TARGET: -3.00, SINR_SOURCE: 13.66, SINR_TARGET: 25.35, TIME_TO_TRIGGER: 8.00, A3_OFFSET: 8.00, HOF: 1
TIMESTAMP: 80, UE_ID: 267, CELL_SOURCE_ID: 18, CELL_TARGET_ID: 3, RSRP_SOURCE: -107.96, RSRP_TARGET: -99.56, RSRQ_SOURCE: -3.00, RSRQ_TARGET: -3.00, SINR_SOURCE: 3.10, SINR_TARGET: 14.21, TIME_TO_TRIGGER: 8.00, A3_OFFSET: 8.00, HOF: 1
TIMESTAMP: 83, UE_ID: 293, CELL_SOURCE_ID: 1, CELL_TARGET_ID: 2, RSRP_SOURCE: -95.89, RSRP_TARGET: -86.76, RSRQ_SOURCE: -3.00, RSRQ_TARGET: -3.00, SINR_SOURCE: 17.36, SINR_TARGET: 24.17, TIME_TO_TRIGGER: 8.00, A3_OFFSET: 8.00, HOF: 1
TIMESTAMP: 83, UE_ID: 300, CELL_SOURCE_ID: 1, CELL_TARGET_ID: 2, RSRP_SOURCE: -103.07, RSRP_TARGET: -94.42, RSRQ_SOURCE: -3.00, RSRQ_TARGET: -3.00, SINR_SOURCE: 8.55, SINR_TARGET: 15.52, TIME_TO_TRIGGER: 8.00, A3_OFFSET: 8.00, HOF: 1
TIMESTAMP: 91, UE_ID: 268, CELL_SOURCE_ID: 18, CELL_TARGET_ID: 1, RSRP_SOURCE: -96.77, RSRP_TARGET: -87.99, RSRQ_SOURCE: -3.00, RSRQ_TARGET: -3.00, SINR_SOURCE: 10.82, SINR_TARGET: 24.64, TIME_TO_TRIGGER: 8.00, A3_OFFSET: 8.00, HOF: 1
TIMESTAMP: 92, UE_ID: 273, CELL_SOURCE_ID: 21, CELL_TARGET_ID: 3, RSRP_SOURCE: -105.17, RSRP_TARGET: -93.72, RSRQ_SOURCE: -3.00, RSRQ_TARGET: -3.00, SINR_SOURCE: 5.62, SINR_TARGET: 17.16, TIME_TO_TRIGGER: 8.00, A3_OFFSET: 8.00, HOF: 1
TIMESTAMP: 103, UE_ID: 286, CELL_SOURCE_ID: 4, CELL_TARGET_ID: 1, RSRP_SOURCE: -106.15, RSRP_TARGET: -95.90, RSRQ_SOURCE: -3.00, RSRQ_TARGET: -3.00, SINR_SOURCE: 3.12, SINR_TARGET: 15.72, TIME_TO_TRIGGER: 8.00, A3_OFFSET: 8.00, HOF: 1
TIMESTAMP: 105, UE_ID: 246, CELL_SOURCE_ID: 1, CELL_TARGET_ID: 2, RSRP_SOURCE: -99.22, RSRP_TARGET: -90.94, RSRQ_SOURCE: -3.00, RSRQ_TARGET: -3.00, SINR_SOURCE: 12.47, SINR_TARGET: 16.45, TIME_TO_TRIGGER: 8.00, A3_OFFSET: 8.00, HOF: 1
TIMESTAMP: 107, UE_ID: 290, CELL_SOURCE_ID: 3, CELL_TARGET_ID: 13, RSRP_SOURCE: -109.23, RSRP_TARGET: -96.16, RSRQ_SOURCE: -3.00, RSRQ_TARGET: -3.00, SINR_SOURCE: 1.86, SINR_TARGET: 16.59, TIME_TO_TRIGGER: 8.00, A3_OFFSET: 8.00, HOF: 1
TIMESTAMP: 108, UE_ID: 266, CELL_SOURCE_ID: 20, CELL_TARGET_ID: 18, RSRP_SOURCE: -109.83, RSRP_TARGET: -99.77, RSRQ_SOURCE: -3.00, RSRQ_TARGET: -3.00, SINR_SOURCE: -0.87, SINR_TARGET: 9.04, TIME_TO_TRIGGER: 8.00, A3_OFFSET: 8.00, HOF: 1
TIMESTAMP: 109, UE_ID: 243, CELL_SOURCE_ID: 1, CELL_TARGET_ID: 4, RSRP_SOURCE: -107.98, RSRP_TARGET: -98.71, RSRQ_SOURCE: -3.00, RSRQ_TARGET: -3.00, SINR_SOURCE: 2.41, SINR_TARGET: 11.67, TIME_TO_TRIGGER: 8.00, A3_OFFSET: 8.00, HOF: 1
TIMESTAMP: 114, UE_ID: 299, CELL_SOURCE_ID: 8, CELL_TARGET_ID: 9, RSRP_SOURCE: -106.92, RSRP_TARGET: -98.12, RSRQ_SOURCE: -3.00, RSRQ_TARGET: -3.00, SINR_SOURCE: 4.66, SINR_TARGET: 12.78, TIME_TO_TRIGGER: 8.00, A3_OFFSET: 8.00, HOF: 1
TIMESTAMP: 118, UE_ID: 244, CELL_SOURCE_ID: 1, CELL_TARGET_ID: 21, RSRP_SOURCE: -108.22, RSRP_TARGET: -99.39, RSRQ_SOURCE: -3.00, RSRQ_TARGET: -3.00, SINR_SOURCE: 0.05, SINR_TARGET: 6.57, TIME_TO_TRIGGER: 8.00, A3_OFFSET: 8.00, HOF: 1
TIMESTAMP: 147, UE_ID: 260, CELL_SOURCE_ID: 2, CELL_TARGET_ID: 15, RSRP_SOURCE: -109.05, RSRP_TARGET: -97.84, RSRQ_SOURCE: -3.00, RSRQ_TARGET: -3.00, SINR_SOURCE: 0.37, SINR_TARGET: 13.38, TIME_TO_TRIGGER: 8.00, A3_OFFSET: 8.00, HOF: 1
TIMESTAMP: 154, UE_ID: 297, CELL_SOURCE_ID: 20, CELL_TARGET_ID: 21, RSRP_SOURCE: -109.85, RSRP_TARGET: -99.61, RSRQ_SOURCE: -3.00, RSRQ_TARGET: -3.00, SINR_SOURCE: 1.26, SINR_TARGET: 6.75, TIME_TO_TRIGGER: 8.00, A3_OFFSET: 8.00, HOF: 1
TIMESTAMP: 184, UE_ID: 259, CELL_SOURCE_ID: 21, CELL_TARGET_ID: 19, RSRP_SOURCE: -108.23, RSRP_TARGET: -99.16, RSRQ_SOURCE: -3.00, RSRQ_TARGET: -3.00, SINR_SOURCE: 1.63, SINR_TARGET: 9.35, TIME_TO_TRIGGER: 8.00, A3_OFFSET: 8.00, HOF: 1
