TIMESTAMP: 91, UE_ID: 90, CELL_SOURCE_ID: 13, CELL_TARGET_ID: 1, RSRP_SOURCE: -101.82, RSRP_TARGET: -87.58, RSRQ_SOURCE: -3.00, RSRQ_TARGET: -3.00, SINR_SOURCE: 6.05, SINR_TARGET: 27.91, TIME_TO_TRIGGER: 12.00, A3_OFFSET: 10.00, HOF: 1
TIMESTAMP: 97, UE_ID: 2, CELL_SOURCE_ID: 54, CELL_TARGET_ID: 55, RSRP_SOURCE: -104.33, RSRP_TARGET: -93.41, RSRQ_SOURCE: -3.00, RSRQ_TARGET: -3.00, SINR_SOURCE: 5.96, SINR_TARGET: 17.11, TIME_TO_TRIGGER: 12.00, A3_OFFSET: 10.00, HOF: 1
TIMESTAMP: 97, UE_ID: 38, CELL_SOURCE_ID: 19, CELL_TARGET_ID: 52, RSRP_SOURCE: -111.35, RSRP_TARGET: -97.28, RSRQ_SOURCE: -3.00, RSRQ_TARGET: -3.00, SINR_SOURCE: -0.83, SINR_TARGET: 15.33, TIME_TO_TRIGGER: 12.00, A3_OFFSET: 10.00, HOF: 1
TIMESTAMP: 113, UE_ID: 11, CELL_SOURCE_ID: 24, CELL_TARGET_ID: 1, RSRP_SOURCE: -94.96, RSRP_TARGET: -78.98, RSRQ_SOURCE: -3.00, RSRQ_TARGET: -3.00, SINR_SOURCE: 16.01, SINR_TARGET: 31.40, TIME_TO_TRIGGER: 12.00, A3_OFFSET: 10.00, HOF: 1
TIMESTAMP: 115, UE_ID: 96, CELL_SOURCE_ID: 1, CELL_TARGET_ID: 3, RSRP_SOURCE: -109.95, RSRP_TARGET: -99.33, RSRQ_SOURCE: -3.00, RSRQ_TARGET: -3.00, SINR_SOURCE: 0.03, SINR_TARGET: 10.58, TIME_TO_TRIGGER: 12.00, A3_OFFSET: 10.00, HOF: 1
TIMESTAMP: 119, UE_ID: 82, CELL_SOURCE_ID: 34, CELL_TARGET_ID: 29, RSRP_SOURCE: -110.45, RSRP_TARGET: -99.27, RSRQ_SOURCE: -3.00, RSRQ_TARGET: -3.00, SINR_SOURCE: -1.89, SINR_TARGET: 10.73, TIME_TO_TRIGGER: 12.00, A3_OFFSET: 10.00, HOF: 1
TIMESTAMP: 122, UE_ID: 4, CELL_SOURCE_ID: 46, CELL_TARGET_ID: 1, RSRP_SOURCE: -105.08, RSRP_TARGET: -94.19, RSRQ_SOURCE: -3.00, RSRQ_TARGET: -3.00, SINR_SOURCE: -0.08, SINR_TARGET: 20.64, TIME_TO_TRIGGER: 12.00, A3_OFFSET: 10.00, HOF: 1
TIMESTAMP: 124, UE_ID: 67, CELL_SOURCE_ID: 1, CELL_TARGET_ID: 16, RSRP_SOURCE: -113.49, RSRP_TARGET: -97.91, RSRQ_SOURCE: -3.00, RSRQ_TARGET: -3.00, SINR_SOURCE: -2.73, SINR_TARGET: 11.20, TIME_TO_TRIGGER: 12.00, A3_OFFSET: 10.00, HOF: 1
TIMESTAMP: 130, UE_ID: 12, CELL_SOURCE_ID: 50, CELL_TARGET_ID: 1, RSRP_SOURCE: -107.83, RSRP_TARGET: -78.95, RSRQ_SOURCE: -3.00, RSRQ_TARGET: -3.00, SINR_SOURCE: 4.90, SINR_TARGET: 33.02, TIME_TO_TRIGGER: 12.00, A3_OFFSET: 10.00, HOF: 1
TIMESTAMP: 134, UE_ID: 18, CELL_SOURCE_ID: 4, CELL_TARGET_ID: 23, RSRP_SOURCE: -110.57, RSRP_TARGET: -97.53, RSRQ_SOURCE: -3.00, RSRQ_TARGET: -3.00, SINR_SOURCE: -0.81, SINR_TARGET: 11.05, TIME_TO_TRIGGER: 12.00, A3_OFFSET: 10.00, HOF: 1
TIMESTAMP: 134, UE_ID: 47, CELL_SOURCE_ID: 24, CELL_TARGET_ID: 1, RSRP_SOURCE: -104.43, RSRP_TARGET: -76.44, RSRQ_SOURCE: -3.00, RSRQ_TARGET: -3.00, SINR_SOURCE: 8.06, SINR_TARGET: 35.41, TIME_TO_TRIGGER: 12.00, A3_OFFSET: 10.00, HOF: 1
TIMESTAMP: 134, UE_ID: 62, CELL_SOURCE_ID: 9, CELL_TARGET_ID: 3, RSRP_SOURCE: -111.58, RSRP_TARGET: -101.51, RSRQ_SOURCE: -3.00, RSRQ_TARGET: -3.00, SINR_SOURCE: 0.91, SINR_TARGET: 7.49, TIME_TO_TRIGGER: 12.00, A3_OFFSET: 10.00, HOF: 1
TIMESTAMP: 136, UE_ID: 62, CELL_SOURCE_ID: 3, CELL_TARGET_ID: 19, RSRP_SOURCE: -113.66, RSRP_TARGET: -102.67, RSRQ_SOURCE: -3.00, RSRQ_TARGET: -3.00, SINR_SOURCE: -4.49, SINR_TARGET: 5.08, TIME_TO_TRIGGER: 12.00, A3_OFFSET: 10.00, HOF: 1
TIMESTAMP: 145, UE_ID: 29, CELL_SOURCE_ID: 4, CELL_TARGET_ID: 19, RSRP_SOURCE: -112.87, RSRP_TARGET: -101.33, RSRQ_SOURCE: -3.00, RSRQ_TARGET: -3.00, SINR_SOURCE: 1.51, SINR_TARGET: 6.21, TIME_TO_TRIGGER: 12.00, A3_OFFSET: 10.00, HOF: 1
TIMESTAMP: 147, UE_ID: 29, CELL_SOURCE_ID: 19, CELL_TARGET_ID: 52, RSRP_SOURCE: -113.29, RSRP_TARGET: -98.85, RSRQ_SOURCE: -3.00, RSRQ_TARGET: -3.00, SINR_SOURCE: -3.22, SINR_TARGET: 11.75, TIME_TO_TRIGGER: 12.00, A3_OFFSET: 10.00, HOF: 1
TIMESTAMP: 147, UE_ID: 96, CELL_SOURCE_ID: 3, CELL_TARGET_ID: 10, RSRP_SOURCE: -114.57, RSRP_TARGET: -102.64, RSRQ_SOURCE: -3.00, RSRQ_TARGET: -3.00, SINR_SOURCE: -3.33, SINR_TARGET: 7.76, TIME_TO_TRIGGER: 12.00, A3_OFFSET: 10.00, HOF: 1
TIMESTAMP: 148, UE_ID: 1, CELL_SOURCE_ID: 46, CELL_TARGET_ID: 1, RSRP_SOURCE: -106.58, RSRP_TARGET: -91.90, RSRQ_SOURCE: -3.00, RSRQ_TARGET: -3.00, SINR_SOURCE: 0.20, SINR_TARGET: 18.26, TIME_TO_TRIGGER: 12.00, A3_OFFSET: 10.00, HOF: 1
TIMESTAMP: 148, UE_ID: 9, CELL_SOURCE_ID: 54, CELL_TARGET_ID: 23, RSRP_SOURCE: -107.28, RSRP_TARGET: -96.38, RSRQ_SOURCE: -3.00, RSRQ_TARGET: -3.00, SINR_SOURCE: 1.35, SINR_TARGET: 14.48, TIME_TO_TRIGGER: 12.00, A3_OFFSET: 10.00, HOF: 1
TIMESTAMP: 149, UE_ID: 14, CELL_SOURCE_ID: 34, CELL_TARGET_ID: 10, RSRP_SOURCE: -113.50, RSRP_TARGET: -103.09, RSRQ_SOURCE: -3.00, RSRQ_TARGET: -3.00, SINR_SOURCE: -2.56, SINR_TARGET: 6.48, TIME_TO_TRIGGER: 12.00, A3_OFFSET: 10.00, HOF: 1
TIMESTAMP: 152, UE_ID: 63, CELL_SOURCE_ID: 41, CELL_TARGET_ID: 1, RSRP_SOURCE: -101.70, RSRP_TARGET: -87.96, RSRQ_SOURCE: -3.00, RSRQ_TARGET: -3.00, SINR_SOURCE: 8.61, SINR_TARGET: 21.84, TIME_TO_TRIGGER: 12.00, A3_OFFSET: 10.00, HOF: 1
TIMESTAMP: 157, UE_ID: 87, CELL_SOURCE_ID: 20, CELL_TARGET_ID: 5, RSRP_SOURCE: -107.28, RSRP_TARGET: -96.92, RSRQ_SOURCE: -3.00, RSRQ_TARGET: -3.00, SINR_SOURCE: 3.69, SINR_TARGET: 16.01, TIME_TO_TRIGGER: 12.00, A3_OFFSET: 10.00, HOF: 1
TIMESTAMP: 162, UE_ID: 4, CELL_SOURCE_ID: 1, CELL_TARGET_ID: 2, RSRP_SOURCE: -108.28, RSRP_TARGET: -97.18, RSRQ_SOURCE: -3.00, RSRQ_TARGET: -3.00, SINR_SOURCE: 1.62, SINR_TARGET: 15.39, TIME_TO_TRIGGER: 12.00, A3_OFFSET: 10.00, HOF: 1
TIMESTAMP: 177, UE_ID: 90, CELL_SOURCE_ID: 1, CELL_TARGET_ID: 3, RSRP_SOURCE: -104.16, RSRP_TARGET: -94.08, RSRQ_SOURCE: -3.00, RSRQ_TARGET: -3.00, SINR_SOURCE: 3.02, SINR_TARGET: 16.29, TIME_TO_TRIGGER: 12.00, A3_OFFSET: 10.00, HOF: 1
TIMESTAMP: 183, UE_ID: 62, CELL_SOURCE_ID: 19, CELL_TARGET_ID: 52, RSRP_SOURCE: -111.53, RSRP_TARGET: -98.02, RSRQ_SOURCE: -3.00, RSRQ_TARGET: -3.00, SINR_SOURCE: -1.40, SINR_TARGET: 10.81, TIME_TO_TRIGGER: 12.00, A3_OFFSET: 10.00, HOF: 1
TIMESTAMP: 185, UE_ID: 74, CELL_SOURCE_ID: 54, CELL_TARGET_ID: 56, RSRP_SOURCE: -112.28, RSRP_TARGET: -101.59, RSRQ_SOURCE: -3.00, RSRQ_TARGET: -3.00, SINR_SOURCE: -1.15, SINR_TARGET: 11.35, TIME_TO_TRIGGER: 12.00, A3_OFFSET: 10.00, HOF: 1
TIMESTAMP: 188, UE_ID: 87, CELL_SOURCE_ID: 5, CELL_TARGET_ID: 6, RSRP_SOURCE: -110.44, RSRP_TARGET: -99.58, RSRQ_SOURCE: -3.00, RSRQ_TARGET: -3.00, SINR_SOURCE: 2.54, SINR_TARGET: 9.18, TIME_TO_TRIGGER: 12.00, A3_OFFSET: 10.00, HOF: 0
TIMESTAMP: 196, UE_ID: 4, CELL_SOURCE_ID: 2, CELL_TARGET_ID: 4, RSRP_SOURCE: -108.26, RSRP_TARGET: -96.30, RSRQ_SOURCE: -3.00, RSRQ_TARGET: -3.00, SINR_SOURCE: 0.19, SINR_TARGET: 14.43, TIME_TO_TRIGGER: 12.00, A3_OFFSET: 10.00, HOF: 1
TIMESTAMP: 203, UE_ID: 1, CELL_SOURCE_ID: 1, CELL_TARGET_ID: 2, RSRP_SOURCE: -103.21, RSRP_TARGET: -92.88, RSRQ_SOURCE: -3.00, RSRQ_TARGET: -3.00, SINR_SOURCE: 9.79, SINR_TARGET: 20.57, TIME_TO_TRIGGER: 12.00, A3_OFFSET: 10.00, HOF: 1
TIMESTAMP: 215, UE_ID: 10, CELL_SOURCE_ID: 18, CELL_TARGET_ID: 52, RSRP_SOURCE: -112.90, RSRP_TARGET: -98.72, RSRQ_SOURCE: -3.00, RSRQ_TARGET: -3.00, SINR_SOURCE: -3.70, SINR_TARGET: 13.58, TIME_TO_TRIGGER: 12.00, A3_OFFSET: 10.00, HOF: 0
TIMESTAMP: 219, UE_ID: 2, CELL_SOURCE_ID: 55, CELL_TARGET_ID: 56, RSRP_SOURCE: -113.55, RSRP_TARGET: -103.18, RSRQ_SOURCE: -3.00, RSRQ_TARGET: -3.00, SINR_SOURCE: -7.46, SINR_TARGET: 9.47, TIME_TO_TRIGGER: 12.00, A3_OFFSET: 10.00, HOF: 0
TIMESTAMP: 220, UE_ID: 29, CELL_SOURCE_ID: 52, CELL_TARGET_ID: 55, RSRP_SOURCE: -111.46, RSRP_TARGET: -97.12, RSRQ_SOURCE: -3.00, RSRQ_TARGET: -3.00, SINR_SOURCE: -1.08, SINR_TARGET: 16.19, TIME_TO_TRIGGER: 12.00, A3_OFFSET: 10.00, HOF: 1
TIMESTAMP: 231, UE_ID: 64, CELL_SOURCE_ID: 29, CELL_TARGET_ID: 31, RSRP_SOURCE: -108.09, RSRP_TARGET: -93.70, RSRQ_SOURCE: -3.00, RSRQ_TARGET: -3.00, SINR_SOURCE: 0.55, SINR_TARGET: 16.51, TIME_TO_TRIGGER: 12.00, A3_OFFSET: 10.00, HOF: 1
TIMESTAMP: 232, UE_ID: 1, CELL_SOURCE_ID: 2, CELL_TARGET_ID: 4, RSRP_SOURCE: -108.85, RSRP_TARGET: -90.77, RSRQ_SOURCE: -3.00, RSRQ_TARGET: -3.00, SINR_SOURCE: -2.66, SINR_TARGET: 22.95, TIME_TO_TRIGGER: 12.00, A3_OFFSET: 10.00, HOF: 1
TIMESTAMP: 236, UE_ID: 25, CELL_SOURCE_ID: 18, CELL_TARGET_ID: 1, RSRP_SOURCE: -111.11, RSRP_TARGET: -99.27, RSRQ_SOURCE: -3.00, RSRQ_TARGET: -3.00, SINR_SOURCE: -2.14, SINR_TARGET: 14.38, TIME_TO_TRIGGER: 12.00, A3_OFFSET: 10.00, HOF: 1
TIMESTAMP: 251, UE_ID: 4, CELL_SOURCE_ID: 4, CELL_TARGET_ID: 6, RSRP_SOURCE: -112.30, RSRP_TARGET: -101.99, RSRQ_SOURCE: -3.00, RSRQ_TARGET: -3.00, SINR_SOURCE: 0.80, SINR_TARGET: 9.83, TIME_TO_TRIGGER: 12.00, A3_OFFSET: 10.00, HOF: 1
TIMESTAMP: 252, UE_ID: 32, CELL_SOURCE_ID: 43, CELL_TARGET_ID: 17, RSRP_SOURCE: -114.71, RSRP_TARGET: -99.53, RSRQ_SOURCE: -3.00, RSRQ_TARGET: -3.00, SINR_SOURCE: -5.30, SINR_TARGET: 11.15, TIME_TO_TRIGGER: 12.00, A3_OFFSET: 10.00, HOF: 1
TIMESTAMP: 287, UE_ID: 62, CELL_SOURCE_ID: 52, CELL_TARGET_ID: 56, RSRP_SOURCE: -109.17, RSRP_TARGET: -98.55, RSRQ_SOURCE: -3.00, RSRQ_TARGET: -3.00, SINR_SOURCE: 1.16, SINR_TARGET: 12.66, TIME_TO_TRIGGER: 12.00, A3_OFFSET: 10.00, HOF: 1
TIMESTAMP: 296, UE_ID: 25, CELL_SOURCE_ID: 1, CELL_TARGET_ID: 28, RSRP_SOURCE: -113.60, RSRP_TARGET: -101.94, RSRQ_SOURCE: -3.00, RSRQ_TARGET: -3.00, SINR_SOURCE: -2.92, SINR_TARGET: 6.71, TIME_TO_TRIGGER: 12.00, A3_OFFSET: 10.00, HOF: 1
