TIMESTAMP: 62, UE_ID: 74, CELL_SOURCE_ID: 52, CELL_TARGET_ID: 55, RSRP_SOURCE: -107.26, RSRP_TARGET: -87.60, RSRQ_SOURCE: -3.00, RSRQ_TARGET: -3.00, SINR_SOURCE: 2.94, SINR_TARGET: 25.71, TIME_TO_TRIGGER: 12.00, A3_OFFSET: 10.00, HOF: 1
TIMESTAMP: 91, UE_ID: 32, CELL_SOURCE_ID: 39, CELL_TARGET_ID: 13, RSRP_SOURCE: -114.48, RSRP_TARGET: -99.06, RSRQ_SOURCE: -3.00, RSRQ_TARGET: -3.00, SINR_SOURCE: -4.69, SINR_TARGET: 9.76, TIME_TO_TRIGGER: 12.00, A3_OFFSET: 10.00, HOF: 1
TIMESTAMP: 97, UE_ID: 2, CELL_SOURCE_ID: 52, CELL_TARGET_ID: 55, RSRP_SOURCE: -104.57, RSRP_TARGET: -93.55, RSRQ_SOURCE: -3.00, RSRQ_TARGET: -3.00, SINR_SOURCE: 6.36, SINR_TARGET: 16.98, TIME_TO_TRIGGER: 12.00, A3_OFFSET: 10.00, HOF: 1
TIMESTAMP: 102, UE_ID: 38, CELL_SOURCE_ID: 20, CELL_TARGET_ID: 52, RSRP_SOURCE: -112.45, RSRP_TARGET: -96.83, RSRQ_SOURCE: -3.00, RSRQ_TARGET: -3.00, SINR_SOURCE: -3.27, SINR_TARGET: 16.56, TIME_TO_TRIGGER: 12.00, A3_OFFSET: 10.00, HOF: 1
TIMESTAMP: 113, UE_ID: 62, CELL_SOURCE_ID: 9, CELL_TARGET_ID: 4, RSRP_SOURCE: -109.49, RSRP_TARGET: -94.82, RSRQ_SOURCE: -3.00, RSRQ_TARGET: -3.00, SINR_SOURCE: 0.71, SINR_TARGET: 13.20, TIME_TO_TRIGGER: 12.00, A3_OFFSET: 10.00, HOF: 1
TIMESTAMP: 115, UE_ID: 11, CELL_SOURCE_ID: 24, CELL_TARGET_ID: 1, RSRP_SOURCE: -94.84, RSRP_TARGET: -80.29, RSRQ_SOURCE: -3.00, RSRQ_TARGET: -3.00, SINR_SOURCE: 15.16, SINR_TARGET: 32.06, TIME_TO_TRIGGER: 12.00, A3_OFFSET: 10.00, HOF: 1
TIMESTAMP: 119, UE_ID: 4, CELL_SOURCE_ID: 47, CELL_TARGET_ID: 1, RSRP_SOURCE: -106.65, RSRP_TARGET: -92.33, RSRQ_SOURCE: -3.00, RSRQ_TARGET: -3.00, SINR_SOURCE: 0.24, SINR_TARGET: 16.44, TIME_TO_TRIGGER: 12.00, A3_OFFSET: 10.00, HOF: 1
TIMESTAMP: 121, UE_ID: 95, CELL_SOURCE_ID: 18, CELL_TARGET_ID: 1, RSRP_SOURCE: -106.67, RSRP_TARGET: -96.55, RSRQ_SOURCE: -3.00, RSRQ_TARGET: -3.00, SINR_SOURCE: 4.88, SINR_TARGET: 10.81, TIME_TO_TRIGGER: 12.00, A3_OFFSET: 10.00, HOF: 1
TIMESTAMP: 122, UE_ID: 64, CELL_SOURCE_ID: 20, CELL_TARGET_ID: 1, RSRP_SOURCE: -105.32, RSRP_TARGET: -95.05, RSRQ_SOURCE: -3.00, RSRQ_TARGET: -3.00, SINR_SOURCE: 3.63, SINR_TARGET: 15.01, TIME_TO_TRIGGER: 12.00, A3_OFFSET: 10.00, HOF: 1
TIMESTAMP: 124, UE_ID: 18, CELL_SOURCE_ID: 4, CELL_TARGET_ID: 22, RSRP_SOURCE: -111.54, RSRP_TARGET: -96.23, RSRQ_SOURCE: -3.00, RSRQ_TARGET: -3.00, SINR_SOURCE: 0.82, SINR_TARGET: 12.42, TIME_TO_TRIGGER: 12.00, A3_OFFSET: 10.00, HOF: 1
TIMESTAMP: 124, UE_ID: 48, CELL_SOURCE_ID: 4, CELL_TARGET_ID: 1, RSRP_SOURCE: -96.84, RSRP_TARGET: -84.06, RSRQ_SOURCE: -3.00, RSRQ_TARGET: -3.00, SINR_SOURCE: 14.21, SINR_TARGET: 21.57, TIME_TO_TRIGGER: 12.00, A3_OFFSET: 10.00, HOF: 1
TIMESTAMP: 129, UE_ID: 95, CELL_SOURCE_ID: 1, CELL_TARGET_ID: 5, RSRP_SOURCE: -110.09, RSRP_TARGET: -98.64, RSRQ_SOURCE: -3.00, RSRQ_TARGET: -3.00, SINR_SOURCE: -2.37, SINR_TARGET: 13.51, TIME_TO_TRIGGER: 12.00, A3_OFFSET: 10.00, HOF: 1
TIMESTAMP: 134, UE_ID: 47, CELL_SOURCE_ID: 23, CELL_TARGET_ID: 1, RSRP_SOURCE: -100.94, RSRP_TARGET: -69.13, RSRQ_SOURCE: -3.00, RSRQ_TARGET: -3.00, SINR_SOURCE: 8.81, SINR_TARGET: 42.72, TIME_TO_TRIGGER: 12.00, A3_OFFSET: 10.00, HOF: 1
TIMESTAMP: 135, UE_ID: 19, CELL_SOURCE_ID: 42, CELL_TARGET_ID: 37, RSRP_SOURCE: -112.12, RSRP_TARGET: -97.84, RSRQ_SOURCE: -3.00, RSRQ_TARGET: -3.00, SINR_SOURCE: -4.96, SINR_TARGET: 10.63, TIME_TO_TRIGGER: 12.00, A3_OFFSET: 10.00, HOF: 1
TIMESTAMP: 139, UE_ID: 12, CELL_SOURCE_ID: 50, CELL_TARGET_ID: 1, RSRP_SOURCE: -103.96, RSRP_TARGET: -64.21, RSRQ_SOURCE: -3.00, RSRQ_TARGET: -3.00, SINR_SOURCE: 5.25, SINR_TARGET: 42.14, TIME_TO_TRIGGER: 12.00, A3_OFFSET: 10.00, HOF: 1
TIMESTAMP: 140, UE_ID: 29, CELL_SOURCE_ID: 4, CELL_TARGET_ID: 1, RSRP_SOURCE: -105.91, RSRP_TARGET: -94.72, RSRQ_SOURCE: -3.00, RSRQ_TARGET: -3.00, SINR_SOURCE: 11.19, SINR_TARGET: 14.95, TIME_TO_TRIGGER: 12.00, A3_OFFSET: 10.00, HOF: 1
TIMESTAMP: 143, UE_ID: 67, CELL_SOURCE_ID: 1, CELL_TARGET_ID: 16, RSRP_SOURCE: -111.67, RSRP_TARGET: -95.09, RSRQ_SOURCE: -3.00, RSRQ_TARGET: -3.00, SINR_SOURCE: -3.00, SINR_TARGET: 13.56, TIME_TO_TRIGGER: 12.00, A3_OFFSET: 10.00, HOF: 1
TIMESTAMP: 145, UE_ID: 63, CELL_SOURCE_ID: 42, CELL_TARGET_ID: 1, RSRP_SOURCE: -109.40, RSRP_TARGET: -93.26, RSRQ_SOURCE: -3.00, RSRQ_TARGET: -3.00, SINR_SOURCE: 1.72, SINR_TARGET: 19.45, TIME_TO_TRIGGER: 12.00, A3_OFFSET: 10.00, HOF: 1
TIMESTAMP: 146, UE_ID: 9, CELL_SOURCE_ID: 54, CELL_TARGET_ID: 24, RSRP_SOURCE: -114.06, RSRP_TARGET: -100.35, RSRQ_SOURCE: -3.00, RSRQ_TARGET: -3.00, SINR_SOURCE: -6.38, SINR_TARGET: 10.56, TIME_TO_TRIGGER: 12.00, A3_OFFSET: 10.00, HOF: 1
TIMESTAMP: 146, UE_ID: 82, CELL_SOURCE_ID: 34, CELL_TARGET_ID: 28, RSRP_SOURCE: -114.02, RSRP_TARGET: -101.86, RSRQ_SOURCE: -3.00, RSRQ_TARGET: -3.00, SINR_SOURCE: -5.53, SINR_TARGET: 8.09, TIME_TO_TRIGGER: 12.00, A3_OFFSET: 10.00, HOF: 1
TIMESTAMP: 149, UE_ID: 1, CELL_SOURCE_ID: 47, CELL_TARGET_ID: 1, RSRP_SOURCE: -107.65, RSRP_TARGET: -92.05, RSRQ_SOURCE: -3.00, RSRQ_TARGET: -3.00, SINR_SOURCE: 3.29, SINR_TARGET: 21.57, TIME_TO_TRIGGER: 12.00, A3_OFFSET: 10.00, HOF: 1
TIMESTAMP: 152, UE_ID: 90, CELL_SOURCE_ID: 15, CELL_TARGET_ID: 1, RSRP_SOURCE: -114.40, RSRP_TARGET: -102.97, RSRQ_SOURCE: -3.00, RSRQ_TARGET: -3.00, SINR_SOURCE: -6.75, SINR_TARGET: 1.45, TIME_TO_TRIGGER: 12.00, A3_OFFSET: 10.00, HOF: 1
TIMESTAMP: 155, UE_ID: 66, CELL_SOURCE_ID: 42, CELL_TARGET_ID: 10, RSRP_SOURCE: -113.60, RSRP_TARGET: -102.42, RSRQ_SOURCE: -3.00, RSRQ_TARGET: -3.00, SINR_SOURCE: -3.00, SINR_TARGET: 10.49, TIME_TO_TRIGGER: 12.00, A3_OFFSET: 10.00, HOF: 1
TIMESTAMP: 166, UE_ID: 62, CELL_SOURCE_ID: 4, CELL_TARGET_ID: 20, RSRP_SOURCE: -111.93, RSRP_TARGET: -101.43, RSRQ_SOURCE: -3.00, RSRQ_TARGET: -3.00, SINR_SOURCE: -1.38, SINR_TARGET: 12.63, TIME_TO_TRIGGER: 12.00, A3_OFFSET: 10.00, HOF: 1
TIMESTAMP: 168, UE_ID: 66, CELL_SOURCE_ID: 10, CELL_TARGET_ID: 35, RSRP_SOURCE: -114.41, RSRP_TARGET: -103.85, RSRQ_SOURCE: -3.00, RSRQ_TARGET: -3.00, SINR_SOURCE: -4.60, SINR_TARGET: 6.88, TIME_TO_TRIGGER: 12.00, A3_OFFSET: 10.00, HOF: 1
TIMESTAMP: 169, UE_ID: 4, CELL_SOURCE_ID: 1, CELL_TARGET_ID: 4, RSRP_SOURCE: -105.63, RSRP_TARGET: -93.88, RSRQ_SOURCE: -3.00, RSRQ_TARGET: -3.00, SINR_SOURCE: 2.48, SINR_TARGET: 18.41, TIME_TO_TRIGGER: 12.00, A3_OFFSET: 10.00, HOF: 1
TIMESTAMP: 170, UE_ID: 87, CELL_SOURCE_ID: 20, CELL_TARGET_ID: 2, RSRP_SOURCE: -106.29, RSRP_TARGET: -95.35, RSRQ_SOURCE: -3.00, RSRQ_TARGET: -3.00, SINR_SOURCE: 2.45, SINR_TARGET: 13.80, TIME_TO_TRIGGER: 12.00, A3_OFFSET: 10.00, HOF: 1
TIMESTAMP: 172, UE_ID: 87, CELL_SOURCE_ID: 2, CELL_TARGET_ID: 6, RSRP_SOURCE: -111.46, RSRP_TARGET: -96.91, RSRQ_SOURCE: -3.00, RSRQ_TARGET: -3.00, SINR_SOURCE: -5.73, SINR_TARGET: 13.50, TIME_TO_TRIGGER: 12.00, A3_OFFSET: 10.00, HOF: 1
TIMESTAMP: 180, UE_ID: 62, CELL_SOURCE_ID: 20, CELL_TARGET_ID: 21, RSRP_SOURCE: -111.97, RSRP_TARGET: -101.02, RSRQ_SOURCE: -3.00, RSRQ_TARGET: -3.00, SINR_SOURCE: 1.73, SINR_TARGET: 13.43, TIME_TO_TRIGGER: 12.00, A3_OFFSET: 10.00, HOF: 1
TIMESTAMP: 183, UE_ID: 62, CELL_SOURCE_ID: 21, CELL_TARGET_ID: 52, RSRP_SOURCE: -109.70, RSRP_TARGET: -90.80, RSRQ_SOURCE: -3.00, RSRQ_TARGET: -3.00, SINR_SOURCE: 1.75, SINR_TARGET: 18.03, TIME_TO_TRIGGER: 12.00, A3_OFFSET: 10.00, HOF: 1
TIMESTAMP: 183, UE_ID: 95, CELL_SOURCE_ID: 5, CELL_TARGET_ID: 4, RSRP_SOURCE: -110.72, RSRP_TARGET: -99.37, RSRQ_SOURCE: -3.00, RSRQ_TARGET: -3.00, SINR_SOURCE: -0.80, SINR_TARGET: 11.90, TIME_TO_TRIGGER: 12.00, A3_OFFSET: 10.00, HOF: 1
TIMESTAMP: 184, UE_ID: 90, CELL_SOURCE_ID: 1, CELL_TARGET_ID: 4, RSRP_SOURCE: -110.23, RSRP_TARGET: -96.84, RSRQ_SOURCE: -3.00, RSRQ_TARGET: -3.00, SINR_SOURCE: -2.53, SINR_TARGET: 11.80, TIME_TO_TRIGGER: 12.00, A3_OFFSET: 10.00, HOF: 1
TIMESTAMP: 188, UE_ID: 18, CELL_SOURCE_ID: 24, CELL_TARGET_ID: 55, RSRP_SOURCE: -114.99, RSRP_TARGET: -104.20, RSRQ_SOURCE: -3.00, RSRQ_TARGET: -3.00, SINR_SOURCE: -8.05, SINR_TARGET: 7.50, TIME_TO_TRIGGER: 12.00, A3_OFFSET: 10.00, HOF: 1
TIMESTAMP: 194, UE_ID: 1, CELL_SOURCE_ID: 1, CELL_TARGET_ID: 4, RSRP_SOURCE: -110.00, RSRP_TARGET: -57.39, RSRQ_SOURCE: -3.00, RSRQ_TARGET: -3.00, SINR_SOURCE: -6.15, SINR_TARGET: 55.41, TIME_TO_TRIGGER: 12.00, A3_OFFSET: 10.00, HOF: 1
TIMESTAMP: 198, UE_ID: 4, CELL_SOURCE_ID: 4, CELL_TARGET_ID: 24, RSRP_SOURCE: -113.49, RSRP_TARGET: -100.21, RSRQ_SOURCE: -3.00, RSRQ_TARGET: -3.00, SINR_SOURCE: -2.10, SINR_TARGET: 12.54, TIME_TO_TRIGGER: 12.00, A3_OFFSET: 10.00, HOF: 1
TIMESTAMP: 208, UE_ID: 10, CELL_SOURCE_ID: 18, CELL_TARGET_ID: 19, RSRP_SOURCE: -114.39, RSRP_TARGET: -103.17, RSRQ_SOURCE: -3.00, RSRQ_TARGET: -3.00, SINR_SOURCE: -4.02, SINR_TARGET: 8.47, TIME_TO_TRIGGER: 12.00, A3_OFFSET: 10.00, HOF: 1
TIMESTAMP: 212, UE_ID: 5, CELL_SOURCE_ID: 53, CELL_TARGET_ID: 55, RSRP_SOURCE: -108.06, RSRP_TARGET: -96.64, RSRQ_SOURCE: -3.00, RSRQ_TARGET: -3.00, SINR_SOURCE: -0.37, SINR_TARGET: 15.44, TIME_TO_TRIGGER: 12.00, A3_OFFSET: 10.00, HOF: 1
TIMESTAMP: 240, UE_ID: 13, CELL_SOURCE_ID: 22, CELL_TARGET_ID: 25, RSRP_SOURCE: -111.55, RSRP_TARGET: -98.99, RSRQ_SOURCE: -3.00, RSRQ_TARGET: -3.00, SINR_SOURCE: -0.44, SINR_TARGET: 7.16, TIME_TO_TRIGGER: 12.00, A3_OFFSET: 10.00, HOF: 1
TIMESTAMP: 250, UE_ID: 10, CELL_SOURCE_ID: 19, CELL_TARGET_ID: 20, RSRP_SOURCE: -110.55, RSRP_TARGET: -99.09, RSRQ_SOURCE: -3.00, RSRQ_TARGET: -3.00, SINR_SOURCE: -1.75, SINR_TARGET: 14.99, TIME_TO_TRIGGER: 12.00, A3_OFFSET: 10.00, HOF: 1
TIMESTAMP: 271, UE_ID: 61, CELL_SOURCE_ID: 28, CELL_TARGET_ID: 25, RSRP_SOURCE: -111.66, RSRP_TARGET: -95.64, RSRQ_SOURCE: -3.00, RSRQ_TARGET: -3.00, SINR_SOURCE: -2.34, SINR_TARGET: 13.89, TIME_TO_TRIGGER: 12.00, A3_OFFSET: 10.00, HOF: 1
TIMESTAMP: 281, UE_ID: 1, CELL_SOURCE_ID: 4, CELL_TARGET_ID: 22, RSRP_SOURCE: -113.81, RSRP_TARGET: -97.54, RSRQ_SOURCE: -3.00, RSRQ_TARGET: -3.00, SINR_SOURCE: -2.94, SINR_TARGET: 12.86, TIME_TO_TRIGGER: 12.00, A3_OFFSET: 10.00, HOF: 1
