TIMESTAMP: 28, UE_ID: 55, CELL_SOURCE_ID: 12, CELL_TARGET_ID: 1, RSRP_SOURCE: -73.76, RSRP_TARGET: -54.51, RSRQ_SOURCE: -3.00, RSRQ_TARGET: -3.00, SINR_SOURCE: 37.47, SINR_TARGET: 59.82, TIME_TO_TRIGGER: 4.00, A3_OFFSET: 6.00, HOF: 1
TIMESTAMP: 32, UE_ID: 2, CELL_SOURCE_ID: 12, CELL_TARGET_ID: 1, RSRP_SOURCE: -73.69, RSRP_TARGET: -58.61, RSRQ_SOURCE: -3.00, RSRQ_TARGET: -3.00, SINR_SOURCE: 42.39, SINR_TARGET: 52.30, TIME_TO_TRIGGER: 4.00, A3_OFFSET: 6.00, HOF: 1
TIMESTAMP: 36, UE_ID: 9, CELL_SOURCE_ID: 6, CELL_TARGET_ID: 1, RSRP_SOURCE: -69.81, RSRP_TARGET: -62.05, RSRQ_SOURCE: -3.00, RSRQ_TARGET: -3.00, SINR_SOURCE: 41.05, SINR_TARGET: 47.65, TIME_TO_TRIGGER: 4.00, A3_OFFSET: 6.00, HOF: 1
TIMESTAMP: 37, UE_ID: 32, CELL_SOURCE_ID: 10, CELL_TARGET_ID: 1, RSRP_SOURCE: -67.42, RSRP_TARGET: -61.24, RSRQ_SOURCE: -3.00, RSRQ_TARGET: -3.00, SINR_SOURCE: 46.26, SINR_TARGET: 48.58, TIME_TO_TRIGGER: 4.00, A3_OFFSET: 6.00, HOF: 1
TIMESTAMP: 40, UE_ID: 9, CELL_SOURCE_ID: 1, CELL_TARGET_ID: 2, RSRP_SOURCE: -71.67, RSRP_TARGET: -62.09, RSRQ_SOURCE: -3.00, RSRQ_TARGET: -3.00, SINR_SOURCE: 38.43, SINR_TARGET: 48.67, TIME_TO_TRIGGER: 4.00, A3_OFFSET: 6.00, HOF: 1
TIMESTAMP: 48, UE_ID: 53, CELL_SOURCE_ID: 9, CELL_TARGET_ID: 1, RSRP_SOURCE: -83.79, RSRP_TARGET: -71.87, RSRQ_SOURCE: -3.00, RSRQ_TARGET: -3.00, SINR_SOURCE: 26.48, SINR_TARGET: 39.31, TIME_TO_TRIGGER: 4.00, A3_OFFSET: 6.00, HOF: 1
TIMESTAMP: 50, UE_ID: 32, CELL_SOURCE_ID: 1, CELL_TARGET_ID: 2, RSRP_SOURCE: -68.69, RSRP_TARGET: -54.86, RSRQ_SOURCE: -3.00, RSRQ_TARGET: -3.00, SINR_SOURCE: 42.48, SINR_TARGET: 58.23, TIME_TO_TRIGGER: 4.00, A3_OFFSET: 6.00, HOF: 1
TIMESTAMP: 53, UE_ID: 53, CELL_SOURCE_ID: 1, CELL_TARGET_ID: 2, RSRP_SOURCE: -73.06, RSRP_TARGET: -61.30, RSRQ_SOURCE: -3.00, RSRQ_TARGET: -3.00, SINR_SOURCE: 36.37, SINR_TARGET: 43.15, TIME_TO_TRIGGER: 4.00, A3_OFFSET: 6.00, HOF: 1
TIMESTAMP: 56, UE_ID: 62, CELL_SOURCE_ID: 10, CELL_TARGET_ID: 1, RSRP_SOURCE: -79.46, RSRP_TARGET: -65.22, RSRQ_SOURCE: -3.00, RSRQ_TARGET: -3.00, SINR_SOURCE: 29.48, SINR_TARGET: 42.01, TIME_TO_TRIGGER: 4.00, A3_OFFSET: 6.00, HOF: 1
TIMESTAMP: 60, UE_ID: 75, CELL_SOURCE_ID: 7, CELL_TARGET_ID: 1, RSRP_SOURCE: -75.03, RSRP_TARGET: -66.98, RSRQ_SOURCE: -3.00, RSRQ_TARGET: -3.00, SINR_SOURCE: 36.67, SINR_TARGET: 45.03, TIME_TO_TRIGGER: 4.00, A3_OFFSET: 6.00, HOF: 1
TIMESTAMP: 65, UE_ID: 78, CELL_SOURCE_ID: 12, CELL_TARGET_ID: 1, RSRP_SOURCE: -90.79, RSRP_TARGET: -82.83, RSRQ_SOURCE: -3.00, RSRQ_TARGET: -3.00, SINR_SOURCE: 19.66, SINR_TARGET: 27.98, TIME_TO_TRIGGER: 4.00, A3_OFFSET: 6.00, HOF: 1
TIMESTAMP: 65, UE_ID: 100, CELL_SOURCE_ID: 5, CELL_TARGET_ID: 1, RSRP_SOURCE: -77.68, RSRP_TARGET: -70.50, RSRQ_SOURCE: -3.00, RSRQ_TARGET: -3.00, SINR_SOURCE: 34.03, SINR_TARGET: 43.07, TIME_TO_TRIGGER: 4.00, A3_OFFSET: 6.00, HOF: 1
TIMESTAMP: 65, UE_ID: 105, CELL_SOURCE_ID: 10, CELL_TARGET_ID: 1, RSRP_SOURCE: -94.88, RSRP_TARGET: -86.52, RSRQ_SOURCE: -3.00, RSRQ_TARGET: -3.00, SINR_SOURCE: 15.50, SINR_TARGET: 21.91, TIME_TO_TRIGGER: 4.00, A3_OFFSET: 6.00, HOF: 1
TIMESTAMP: 68, UE_ID: 62, CELL_SOURCE_ID: 1, CELL_TARGET_ID: 2, RSRP_SOURCE: -63.38, RSRP_TARGET: -56.57, RSRQ_SOURCE: -3.00, RSRQ_TARGET: -3.00, SINR_SOURCE: 47.15, SINR_TARGET: 53.54, TIME_TO_TRIGGER: 4.00, A3_OFFSET: 6.00, HOF: 1
TIMESTAMP: 68, UE_ID: 78, CELL_SOURCE_ID: 1, CELL_TARGET_ID: 2, RSRP_SOURCE: -81.95, RSRP_TARGET: -75.31, RSRQ_SOURCE: -3.00, RSRQ_TARGET: -3.00, SINR_SOURCE: 29.15, SINR_TARGET: 36.26, TIME_TO_TRIGGER: 4.00, A3_OFFSET: 6.00, HOF: 1
TIMESTAMP: 70, UE_ID: 1, CELL_SOURCE_ID: 12, CELL_TARGET_ID: 1, RSRP_SOURCE: -63.81, RSRP_TARGET: -56.98, RSRQ_SOURCE: -3.00, RSRQ_TARGET: -3.00, SINR_SOURCE: 44.98, SINR_TARGET: 53.08, TIME_TO_TRIGGER: 4.00, A3_OFFSET: 6.00, HOF: 1
TIMESTAMP: 71, UE_ID: 9, CELL_SOURCE_ID: 2, CELL_TARGET_ID: 3, RSRP_SOURCE: -93.03, RSRP_TARGET: -67.49, RSRQ_SOURCE: -3.00, RSRQ_TARGET: -3.00, SINR_SOURCE: 17.64, SINR_TARGET: 44.57, TIME_TO_TRIGGER: 4.00, A3_OFFSET: 6.00, HOF: 1
TIMESTAMP: 76, UE_ID: 113, CELL_SOURCE_ID: 3, CELL_TARGET_ID: 1, RSRP_SOURCE: -98.41, RSRP_TARGET: -91.41, RSRQ_SOURCE: -3.00, RSRQ_TARGET: -3.00, SINR_SOURCE: 12.64, SINR_TARGET: 21.25, TIME_TO_TRIGGER: 4.00, A3_OFFSET: 6.00, HOF: 1
TIMESTAMP: 85, UE_ID: 1, CELL_SOURCE_ID: 1, CELL_TARGET_ID: 2, RSRP_SOURCE: -70.00, RSRP_TARGET: -54.96, RSRQ_SOURCE: -3.00, RSRQ_TARGET: -3.00, SINR_SOURCE: 38.77, SINR_TARGET: 56.28, TIME_TO_TRIGGER: 4.00, A3_OFFSET: 6.00, HOF: 1
TIMESTAMP: 85, UE_ID: 100, CELL_SOURCE_ID: 1, CELL_TARGET_ID: 2, RSRP_SOURCE: -73.91, RSRP_TARGET: -63.29, RSRQ_SOURCE: -3.00, RSRQ_TARGET: -3.00, SINR_SOURCE: 37.71, SINR_TARGET: 46.65, TIME_TO_TRIGGER: 4.00, A3_OFFSET: 6.00, HOF: 1
TIMESTAMP: 85, UE_ID: 105, CELL_SOURCE_ID: 1, CELL_TARGET_ID: 2, RSRP_SOURCE: -95.21, RSRP_TARGET: -85.78, RSRQ_SOURCE: -3.00, RSRQ_TARGET: -3.00, SINR_SOURCE: 14.55, SINR_TARGET: 27.54, TIME_TO_TRIGGER: 4.00, A3_OFFSET: 6.00, HOF: 1
TIMESTAMP: 85, UE_ID: 113, CELL_SOURCE_ID: 1, CELL_TARGET_ID: 2, RSRP_SOURCE: -71.62, RSRP_TARGET: -64.36, RSRQ_SOURCE: -3.00, RSRQ_TARGET: -3.00, SINR_SOURCE: 38.48, SINR_TARGET: 41.93, TIME_TO_TRIGGER: 4.00, A3_OFFSET: 6.00, HOF: 1
TIMESTAMP: 93, UE_ID: 113, CELL_SOURCE_ID: 2, CELL_TARGET_ID: 1, RSRP_SOURCE: -98.83, RSRP_TARGET: -90.35, RSRQ_SOURCE: -3.00, RSRQ_TARGET: -3.00, SINR_SOURCE: 13.20, SINR_TARGET: 17.50, TIME_TO_TRIGGER: 4.00, A3_OFFSET: 6.00, HOF: 1
TIMESTAMP: 102, UE_ID: 48, CELL_SOURCE_ID: 2, CELL_TARGET_ID: 1, RSRP_SOURCE: -67.46, RSRP_TARGET: -60.16, RSRQ_SOURCE: -3.00, RSRQ_TARGET: -3.00, SINR_SOURCE: 42.80, SINR_TARGET: 49.55, TIME_TO_TRIGGER: 4.00, A3_OFFSET: 6.00, HOF: 1
TIMESTAMP: 102, UE_ID: 51, CELL_SOURCE_ID: 2, CELL_TARGET_ID: 1, RSRP_SOURCE: -65.60, RSRP_TARGET: -58.59, RSRQ_SOURCE: -3.00, RSRQ_TARGET: -3.00, SINR_SOURCE: 45.99, SINR_TARGET: 52.07, TIME_TO_TRIGGER: 4.00, A3_OFFSET: 6.00, HOF: 1
TIMESTAMP: 102, UE_ID: 105, CELL_SOURCE_ID: 2, CELL_TARGET_ID: 1, RSRP_SOURCE: -94.94, RSRP_TARGET: -88.94, RSRQ_SOURCE: -3.00, RSRQ_TARGET: -3.00, SINR_SOURCE: 15.27, SINR_TARGET: 21.02, TIME_TO_TRIGGER: 4.00, A3_OFFSET: 6.00, HOF: 1
TIMESTAMP: 107, UE_ID: 28, CELL_SOURCE_ID: 7, CELL_TARGET_ID: 1, RSRP_SOURCE: -70.52, RSRP_TARGET: -51.18, RSRQ_SOURCE: -3.00, RSRQ_TARGET: -3.00, SINR_SOURCE: 40.26, SINR_TARGET: 57.66, TIME_TO_TRIGGER: 4.00, A3_OFFSET: 6.00, HOF: 1
TIMESTAMP: 109, UE_ID: 2, CELL_SOURCE_ID: 1, CELL_TARGET_ID: 2, RSRP_SOURCE: -80.02, RSRP_TARGET: -60.78, RSRQ_SOURCE: -3.00, RSRQ_TARGET: -3.00, SINR_SOURCE: 31.60, SINR_TARGET: 49.64, TIME_TO_TRIGGER: 4.00, A3_OFFSET: 6.00, HOF: 1
TIMESTAMP: 110, UE_ID: 51, CELL_SOURCE_ID: 1, CELL_TARGET_ID: 2, RSRP_SOURCE: -82.50, RSRP_TARGET: -76.34, RSRQ_SOURCE: -3.00, RSRQ_TARGET: -3.00, SINR_SOURCE: 24.90, SINR_TARGET: 36.48, TIME_TO_TRIGGER: 4.00, A3_OFFSET: 6.00, HOF: 1
TIMESTAMP: 110, UE_ID: 113, CELL_SOURCE_ID: 1, CELL_TARGET_ID: 2, RSRP_SOURCE: -80.31, RSRP_TARGET: -73.35, RSRQ_SOURCE: -3.00, RSRQ_TARGET: -3.00, SINR_SOURCE: 30.75, SINR_TARGET: 36.59, TIME_TO_TRIGGER: 4.00, A3_OFFSET: 6.00, HOF: 1
TIMESTAMP: 112, UE_ID: 105, CELL_SOURCE_ID: 1, CELL_TARGET_ID: 2, RSRP_SOURCE: -71.47, RSRP_TARGET: -63.18, RSRQ_SOURCE: -3.00, RSRQ_TARGET: -3.00, SINR_SOURCE: 38.07, SINR_TARGET: 45.73, TIME_TO_TRIGGER: 4.00, A3_OFFSET: 6.00, HOF: 1
TIMESTAMP: 116, UE_ID: 32, CELL_SOURCE_ID: 2, CELL_TARGET_ID: 1, RSRP_SOURCE: -63.36, RSRP_TARGET: -55.78, RSRQ_SOURCE: -3.00, RSRQ_TARGET: -3.00, SINR_SOURCE: 45.50, SINR_TARGET: 53.73, TIME_TO_TRIGGER: 4.00, A3_OFFSET: 6.00, HOF: 1
TIMESTAMP: 116, UE_ID: 113, CELL_SOURCE_ID: 2, CELL_TARGET_ID: 1, RSRP_SOURCE: -95.73, RSRP_TARGET: -87.55, RSRQ_SOURCE: -3.00, RSRQ_TARGET: -3.00, SINR_SOURCE: 15.03, SINR_TARGET: 22.64, TIME_TO_TRIGGER: 4.00, A3_OFFSET: 6.00, HOF: 1
TIMESTAMP: 119, UE_ID: 32, CELL_SOURCE_ID: 1, CELL_TARGET_ID: 2, RSRP_SOURCE: -80.78, RSRP_TARGET: -59.12, RSRQ_SOURCE: -3.00, RSRQ_TARGET: -3.00, SINR_SOURCE: 29.74, SINR_TARGET: 46.85, TIME_TO_TRIGGER: 4.00, A3_OFFSET: 6.00, HOF: 1
TIMESTAMP: 123, UE_ID: 8, CELL_SOURCE_ID: 12, CELL_TARGET_ID: 1, RSRP_SOURCE: -65.62, RSRP_TARGET: -55.59, RSRQ_SOURCE: -3.00, RSRQ_TARGET: -3.00, SINR_SOURCE: 45.37, SINR_TARGET: 51.18, TIME_TO_TRIGGER: 4.00, A3_OFFSET: 6.00, HOF: 1
TIMESTAMP: 123, UE_ID: 71, CELL_SOURCE_ID: 12, CELL_TARGET_ID: 1, RSRP_SOURCE: -65.52, RSRP_TARGET: -55.58, RSRQ_SOURCE: -3.00, RSRQ_TARGET: -3.00, SINR_SOURCE: 45.82, SINR_TARGET: 54.57, TIME_TO_TRIGGER: 4.00, A3_OFFSET: 6.00, HOF: 0
TIMESTAMP: 123, UE_ID: 103, CELL_SOURCE_ID: 4, CELL_TARGET_ID: 1, RSRP_SOURCE: -62.58, RSRP_TARGET: -55.59, RSRQ_SOURCE: -3.00, RSRQ_TARGET: -3.00, SINR_SOURCE: 48.25, SINR_TARGET: 53.90, TIME_TO_TRIGGER: 4.00, A3_OFFSET: 6.00, HOF: 1
TIMESTAMP: 126, UE_ID: 103, CELL_SOURCE_ID: 1, CELL_TARGET_ID: 2, RSRP_SOURCE: -83.80, RSRP_TARGET: -74.79, RSRQ_SOURCE: -3.00, RSRQ_TARGET: -3.00, SINR_SOURCE: 24.21, SINR_TARGET: 33.78, TIME_TO_TRIGGER: 4.00, A3_OFFSET: 6.00, HOF: 1
TIMESTAMP: 127, UE_ID: 53, CELL_SOURCE_ID: 2, CELL_TARGET_ID: 3, RSRP_SOURCE: -101.70, RSRP_TARGET: -91.67, RSRQ_SOURCE: -3.00, RSRQ_TARGET: -3.00, SINR_SOURCE: 9.31, SINR_TARGET: 19.14, TIME_TO_TRIGGER: 4.00, A3_OFFSET: 6.00, HOF: 1
TIMESTAMP: 129, UE_ID: 71, CELL_SOURCE_ID: 12, CELL_TARGET_ID: 1, RSRP_SOURCE: -68.32, RSRP_TARGET: -61.62, RSRQ_SOURCE: -3.00, RSRQ_TARGET: -3.00, SINR_SOURCE: 41.73, SINR_TARGET: 47.13, TIME_TO_TRIGGER: 4.00, A3_OFFSET: 6.00, HOF: 1
TIMESTAMP: 135, UE_ID: 8, CELL_SOURCE_ID: 1, CELL_TARGET_ID: 2, RSRP_SOURCE: -80.57, RSRP_TARGET: -55.50, RSRQ_SOURCE: -3.00, RSRQ_TARGET: -3.00, SINR_SOURCE: 30.40, SINR_TARGET: 56.56, TIME_TO_TRIGGER: 4.00, A3_OFFSET: 6.00, HOF: 1
TIMESTAMP: 136, UE_ID: 32, CELL_SOURCE_ID: 2, CELL_TARGET_ID: 1, RSRP_SOURCE: -67.91, RSRP_TARGET: -60.87, RSRQ_SOURCE: -3.00, RSRQ_TARGET: -3.00, SINR_SOURCE: 46.90, SINR_TARGET: 50.17, TIME_TO_TRIGGER: 4.00, A3_OFFSET: 6.00, HOF: 1
TIMESTAMP: 138, UE_ID: 13, CELL_SOURCE_ID: 10, CELL_TARGET_ID: 1, RSRP_SOURCE: -99.31, RSRP_TARGET: -86.18, RSRQ_SOURCE: -3.00, RSRQ_TARGET: -3.00, SINR_SOURCE: 11.55, SINR_TARGET: 24.28, TIME_TO_TRIGGER: 4.00, A3_OFFSET: 6.00, HOF: 1
TIMESTAMP: 138, UE_ID: 43, CELL_SOURCE_ID: 10, CELL_TARGET_ID: 1, RSRP_SOURCE: -100.89, RSRP_TARGET: -86.51, RSRQ_SOURCE: -3.00, RSRQ_TARGET: -3.00, SINR_SOURCE: 11.58, SINR_TARGET: 22.26, TIME_TO_TRIGGER: 4.00, A3_OFFSET: 6.00, HOF: 1
TIMESTAMP: 139, UE_ID: 32, CELL_SOURCE_ID: 1, CELL_TARGET_ID: 2, RSRP_SOURCE: -88.45, RSRP_TARGET: -66.62, RSRQ_SOURCE: -3.00, RSRQ_TARGET: -3.00, SINR_SOURCE: 19.23, SINR_TARGET: 40.54, TIME_TO_TRIGGER: 4.00, A3_OFFSET: 6.00, HOF: 1
TIMESTAMP: 139, UE_ID: 53, CELL_SOURCE_ID: 3, CELL_TARGET_ID: 4, RSRP_SOURCE: -91.15, RSRP_TARGET: -84.37, RSRQ_SOURCE: -3.00, RSRQ_TARGET: -3.00, SINR_SOURCE: 19.50, SINR_TARGET: 27.90, TIME_TO_TRIGGER: 4.00, A3_OFFSET: 6.00, HOF: 1
TIMESTAMP: 140, UE_ID: 51, CELL_SOURCE_ID: 2, CELL_TARGET_ID: 3, RSRP_SOURCE: -93.96, RSRP_TARGET: -66.99, RSRQ_SOURCE: -3.00, RSRQ_TARGET: -3.00, SINR_SOURCE: 13.78, SINR_TARGET: 44.93, TIME_TO_TRIGGER: 4.00, A3_OFFSET: 6.00, HOF: 1
TIMESTAMP: 141, UE_ID: 61, CELL_SOURCE_ID: 10, CELL_TARGET_ID: 1, RSRP_SOURCE: -61.97, RSRP_TARGET: -55.81, RSRQ_SOURCE: -3.00, RSRQ_TARGET: -3.00, SINR_SOURCE: 47.57, SINR_TARGET: 55.18, TIME_TO_TRIGGER: 4.00, A3_OFFSET: 6.00, HOF: 1
TIMESTAMP: 145, UE_ID: 61, CELL_SOURCE_ID: 1, CELL_TARGET_ID: 2, RSRP_SOURCE: -88.33, RSRP_TARGET: -74.82, RSRQ_SOURCE: -3.00, RSRQ_TARGET: -3.00, SINR_SOURCE: 23.10, SINR_TARGET: 34.34, TIME_TO_TRIGGER: 4.00, A3_OFFSET: 6.00, HOF: 1
TIMESTAMP: 145, UE_ID: 71, CELL_SOURCE_ID: 1, CELL_TARGET_ID: 2, RSRP_SOURCE: -69.66, RSRP_TARGET: -55.89, RSRQ_SOURCE: -3.00, RSRQ_TARGET: -3.00, SINR_SOURCE: 41.73, SINR_TARGET: 56.69, TIME_TO_TRIGGER: 4.00, A3_OFFSET: 6.00, HOF: 1
TIMESTAMP: 145, UE_ID: 83, CELL_SOURCE_ID: 1, CELL_TARGET_ID: 2, RSRP_SOURCE: -96.09, RSRP_TARGET: -87.82, RSRQ_SOURCE: -3.00, RSRQ_TARGET: -3.00, SINR_SOURCE: 12.35, SINR_TARGET: 24.59, TIME_TO_TRIGGER: 4.00, A3_OFFSET: 6.00, HOF: 1
TIMESTAMP: 151, UE_ID: 113, CELL_SOURCE_ID: 1, CELL_TARGET_ID: 2, RSRP_SOURCE: -89.27, RSRP_TARGET: -83.19, RSRQ_SOURCE: -3.00, RSRQ_TARGET: -3.00, SINR_SOURCE: 20.87, SINR_TARGET: 26.31, TIME_TO_TRIGGER: 4.00, A3_OFFSET: 6.00, HOF: 1
TIMESTAMP: 157, UE_ID: 75, CELL_SOURCE_ID: 1, CELL_TARGET_ID: 2, RSRP_SOURCE: -79.51, RSRP_TARGET: -73.00, RSRQ_SOURCE: -3.00, RSRQ_TARGET: -3.00, SINR_SOURCE: 29.48, SINR_TARGET: 37.50, TIME_TO_TRIGGER: 4.00, A3_OFFSET: 6.00, HOF: 1
TIMESTAMP: 163, UE_ID: 9, CELL_SOURCE_ID: 3, CELL_TARGET_ID: 1, RSRP_SOURCE: -88.78, RSRP_TARGET: -80.21, RSRQ_SOURCE: -3.00, RSRQ_TARGET: -3.00, SINR_SOURCE: 24.41, SINR_TARGET: 28.14, TIME_TO_TRIGGER: 4.00, A3_OFFSET: 6.00, HOF: 1
TIMESTAMP: 169, UE_ID: 9, CELL_SOURCE_ID: 1, CELL_TARGET_ID: 2, RSRP_SOURCE: -97.90, RSRP_TARGET: -89.40, RSRQ_SOURCE: -3.00, RSRQ_TARGET: -3.00, SINR_SOURCE: 10.13, SINR_TARGET: 19.26, TIME_TO_TRIGGER: 4.00, A3_OFFSET: 6.00, HOF: 1
TIMESTAMP: 169, UE_ID: 87, CELL_SOURCE_ID: 6, CELL_TARGET_ID: 1, RSRP_SOURCE: -77.90, RSRP_TARGET: -62.59, RSRQ_SOURCE: -3.00, RSRQ_TARGET: -3.00, SINR_SOURCE: 32.64, SINR_TARGET: 51.34, TIME_TO_TRIGGER: 4.00, A3_OFFSET: 6.00, HOF: 1
TIMESTAMP: 171, UE_ID: 43, CELL_SOURCE_ID: 1, CELL_TARGET_ID: 2, RSRP_SOURCE: -75.96, RSRP_TARGET: -69.18, RSRQ_SOURCE: -3.00, RSRQ_TARGET: -3.00, SINR_SOURCE: 32.48, SINR_TARGET: 43.81, TIME_TO_TRIGGER: 4.00, A3_OFFSET: 6.00, HOF: 1
TIMESTAMP: 172, UE_ID: 76, CELL_SOURCE_ID: 10, CELL_TARGET_ID: 5, RSRP_SOURCE: -103.19, RSRP_TARGET: -95.33, RSRQ_SOURCE: -3.00, RSRQ_TARGET: -3.00, SINR_SOURCE: 3.94, SINR_TARGET: 11.66, TIME_TO_TRIGGER: 4.00, A3_OFFSET: 6.00, HOF: 1
TIMESTAMP: 173, UE_ID: 105, CELL_SOURCE_ID: 2, CELL_TARGET_ID: 3, RSRP_SOURCE: -101.01, RSRP_TARGET: -91.04, RSRQ_SOURCE: -3.00, RSRQ_TARGET: -3.00, SINR_SOURCE: 9.67, SINR_TARGET: 23.15, TIME_TO_TRIGGER: 4.00, A3_OFFSET: 6.00, HOF: 1
TIMESTAMP: 176, UE_ID: 9, CELL_SOURCE_ID: 2, CELL_TARGET_ID: 1, RSRP_SOURCE: -73.86, RSRP_TARGET: -66.12, RSRQ_SOURCE: -3.00, RSRQ_TARGET: -3.00, SINR_SOURCE: 35.13, SINR_TARGET: 41.99, TIME_TO_TRIGGER: 4.00, A3_OFFSET: 6.00, HOF: 1
TIMESTAMP: 176, UE_ID: 29, CELL_SOURCE_ID: 6, CELL_TARGET_ID: 1, RSRP_SOURCE: -84.76, RSRP_TARGET: -69.49, RSRQ_SOURCE: -3.00, RSRQ_TARGET: -3.00, SINR_SOURCE: 27.11, SINR_TARGET: 41.95, TIME_TO_TRIGGER: 4.00, A3_OFFSET: 6.00, HOF: 1
TIMESTAMP: 178, UE_ID: 9, CELL_SOURCE_ID: 1, CELL_TARGET_ID: 2, RSRP_SOURCE: -92.44, RSRP_TARGET: -82.43, RSRQ_SOURCE: -3.00, RSRQ_TARGET: -3.00, SINR_SOURCE: 17.90, SINR_TARGET: 24.83, TIME_TO_TRIGGER: 4.00, A3_OFFSET: 6.00, HOF: 1
TIMESTAMP: 180, UE_ID: 75, CELL_SOURCE_ID: 2, CELL_TARGET_ID: 1, RSRP_SOURCE: -100.18, RSRP_TARGET: -92.20, RSRQ_SOURCE: -3.00, RSRQ_TARGET: -3.00, SINR_SOURCE: 10.09, SINR_TARGET: 21.42, TIME_TO_TRIGGER: 4.00, A3_OFFSET: 6.00, HOF: 1
TIMESTAMP: 188, UE_ID: 17, CELL_SOURCE_ID: 6, CELL_TARGET_ID: 1, RSRP_SOURCE: -86.04, RSRP_TARGET: -78.50, RSRQ_SOURCE: -3.00, RSRQ_TARGET: -3.00, SINR_SOURCE: 22.93, SINR_TARGET: 34.43, TIME_TO_TRIGGER: 4.00, A3_OFFSET: 6.00, HOF: 1
TIMESTAMP: 188, UE_ID: 76, CELL_SOURCE_ID: 5, CELL_TARGET_ID: 1, RSRP_SOURCE: -100.82, RSRP_TARGET: -91.95, RSRQ_SOURCE: -3.00, RSRQ_TARGET: -3.00, SINR_SOURCE: 9.25, SINR_TARGET: 20.45, TIME_TO_TRIGGER: 4.00, A3_OFFSET: 6.00, HOF: 1
TIMESTAMP: 188, UE_ID: 96, CELL_SOURCE_ID: 10, CELL_TARGET_ID: 1, RSRP_SOURCE: -96.05, RSRP_TARGET: -86.49, RSRQ_SOURCE: -3.00, RSRQ_TARGET: -3.00, SINR_SOURCE: 16.09, SINR_TARGET: 20.26, TIME_TO_TRIGGER: 4.00, A3_OFFSET: 6.00, HOF: 1
TIMESTAMP: 189, UE_ID: 95, CELL_SOURCE_ID: 5, CELL_TARGET_ID: 1, RSRP_SOURCE: -96.60, RSRP_TARGET: -88.34, RSRQ_SOURCE: -3.00, RSRQ_TARGET: -3.00, SINR_SOURCE: 13.07, SINR_TARGET: 19.07, TIME_TO_TRIGGER: 4.00, A3_OFFSET: 6.00, HOF: 1
TIMESTAMP: 191, UE_ID: 76, CELL_SOURCE_ID: 1, CELL_TARGET_ID: 2, RSRP_SOURCE: -99.91, RSRP_TARGET: -93.83, RSRQ_SOURCE: -3.00, RSRQ_TARGET: -3.00, SINR_SOURCE: 9.74, SINR_TARGET: 14.50, TIME_TO_TRIGGER: 4.00, A3_OFFSET: 6.00, HOF: 1
TIMESTAMP: 192, UE_ID: 3, CELL_SOURCE_ID: 12, CELL_TARGET_ID: 1, RSRP_SOURCE: -66.75, RSRP_TARGET: -56.16, RSRQ_SOURCE: -3.00, RSRQ_TARGET: -3.00, SINR_SOURCE: 40.27, SINR_TARGET: 58.28, TIME_TO_TRIGGER: 4.00, A3_OFFSET: 6.00, HOF: 1
TIMESTAMP: 193, UE_ID: 113, CELL_SOURCE_ID: 2, CELL_TARGET_ID: 1, RSRP_SOURCE: -89.01, RSRP_TARGET: -82.83, RSRQ_SOURCE: -3.00, RSRQ_TARGET: -3.00, SINR_SOURCE: 22.93, SINR_TARGET: 26.81, TIME_TO_TRIGGER: 4.00, A3_OFFSET: 6.00, HOF: 1
TIMESTAMP: 195, UE_ID: 76, CELL_SOURCE_ID: 2, CELL_TARGET_ID: 3, RSRP_SOURCE: -104.21, RSRP_TARGET: -97.74, RSRQ_SOURCE: -3.00, RSRQ_TARGET: -3.00, SINR_SOURCE: 6.44, SINR_TARGET: 12.87, TIME_TO_TRIGGER: 4.00, A3_OFFSET: 6.00, HOF: 1
TIMESTAMP: 198, UE_ID: 9, CELL_SOURCE_ID: 2, CELL_TARGET_ID: 1, RSRP_SOURCE: -100.28, RSRP_TARGET: -93.17, RSRQ_SOURCE: -3.00, RSRQ_TARGET: -3.00, SINR_SOURCE: 9.71, SINR_TARGET: 14.94, TIME_TO_TRIGGER: 4.00, A3_OFFSET: 6.00, HOF: 1
TIMESTAMP: 200, UE_ID: 3, CELL_SOURCE_ID: 1, CELL_TARGET_ID: 2, RSRP_SOURCE: -79.01, RSRP_TARGET: -59.32, RSRQ_SOURCE: -3.00, RSRQ_TARGET: -3.00, SINR_SOURCE: 31.42, SINR_TARGET: 49.97, TIME_TO_TRIGGER: 4.00, A3_OFFSET: 6.00, HOF: 1
TIMESTAMP: 200, UE_ID: 9, CELL_SOURCE_ID: 1, CELL_TARGET_ID: 2, RSRP_SOURCE: -100.92, RSRP_TARGET: -94.66, RSRQ_SOURCE: -3.00, RSRQ_TARGET: -3.00, SINR_SOURCE: 7.14, SINR_TARGET: 15.58, TIME_TO_TRIGGER: 4.00, A3_OFFSET: 6.00, HOF: 1
TIMESTAMP: 208, UE_ID: 76, CELL_SOURCE_ID: 3, CELL_TARGET_ID: 4, RSRP_SOURCE: -101.19, RSRP_TARGET: -93.52, RSRQ_SOURCE: -3.00, RSRQ_TARGET: -3.00, SINR_SOURCE: 7.07, SINR_TARGET: 18.44, TIME_TO_TRIGGER: 4.00, A3_OFFSET: 6.00, HOF: 1
TIMESTAMP: 213, UE_ID: 113, CELL_SOURCE_ID: 1, CELL_TARGET_ID: 2, RSRP_SOURCE: -93.98, RSRP_TARGET: -84.19, RSRQ_SOURCE: -3.00, RSRQ_TARGET: -3.00, SINR_SOURCE: 15.69, SINR_TARGET: 25.81, TIME_TO_TRIGGER: 4.00, A3_OFFSET: 6.00, HOF: 1
TIMESTAMP: 214, UE_ID: 75, CELL_SOURCE_ID: 1, CELL_TARGET_ID: 2, RSRP_SOURCE: -103.42, RSRP_TARGET: -94.67, RSRQ_SOURCE: -3.00, RSRQ_TARGET: -3.00, SINR_SOURCE: 9.44, SINR_TARGET: 13.12, TIME_TO_TRIGGER: 4.00, A3_OFFSET: 6.00, HOF: 1
TIMESTAMP: 214, UE_ID: 96, CELL_SOURCE_ID: 1, CELL_TARGET_ID: 2, RSRP_SOURCE: -92.57, RSRP_TARGET: -83.45, RSRQ_SOURCE: -3.00, RSRQ_TARGET: -3.00, SINR_SOURCE: 18.07, SINR_TARGET: 26.58, TIME_TO_TRIGGER: 4.00, A3_OFFSET: 6.00, HOF: 1
TIMESTAMP: 219, UE_ID: 26, CELL_SOURCE_ID: 9, CELL_TARGET_ID: 1, RSRP_SOURCE: -94.98, RSRP_TARGET: -86.87, RSRQ_SOURCE: -3.00, RSRQ_TARGET: -3.00, SINR_SOURCE: 15.95, SINR_TARGET: 22.79, TIME_TO_TRIGGER: 4.00, A3_OFFSET: 6.00, HOF: 1
TIMESTAMP: 219, UE_ID: 96, CELL_SOURCE_ID: 2, CELL_TARGET_ID: 1, RSRP_SOURCE: -96.20, RSRP_TARGET: -84.40, RSRQ_SOURCE: -3.00, RSRQ_TARGET: -3.00, SINR_SOURCE: 8.72, SINR_TARGET: 24.62, TIME_TO_TRIGGER: 4.00, A3_OFFSET: 6.00, HOF: 1
TIMESTAMP: 219, UE_ID: 113, CELL_SOURCE_ID: 2, CELL_TARGET_ID: 1, RSRP_SOURCE: -96.61, RSRP_TARGET: -89.52, RSRQ_SOURCE: -3.00, RSRQ_TARGET: -3.00, SINR_SOURCE: 15.54, SINR_TARGET: 20.17, TIME_TO_TRIGGER: 4.00, A3_OFFSET: 6.00, HOF: 1
TIMESTAMP: 224, UE_ID: 9, CELL_SOURCE_ID: 2, CELL_TARGET_ID: 1, RSRP_SOURCE: -98.01, RSRP_TARGET: -90.66, RSRQ_SOURCE: -3.00, RSRQ_TARGET: -3.00, SINR_SOURCE: 8.73, SINR_TARGET: 21.53, TIME_TO_TRIGGER: 4.00, A3_OFFSET: 6.00, HOF: 1
TIMESTAMP: 224, UE_ID: 75, CELL_SOURCE_ID: 2, CELL_TARGET_ID: 3, RSRP_SOURCE: -108.22, RSRP_TARGET: -99.30, RSRQ_SOURCE: -3.00, RSRQ_TARGET: -3.00, SINR_SOURCE: 0.97, SINR_TARGET: 9.66, TIME_TO_TRIGGER: 4.00, A3_OFFSET: 6.00, HOF: 1
TIMESTAMP: 226, UE_ID: 38, CELL_SOURCE_ID: 8, CELL_TARGET_ID: 3, RSRP_SOURCE: -108.37, RSRP_TARGET: -99.79, RSRQ_SOURCE: -3.00, RSRQ_TARGET: -3.00, SINR_SOURCE: 1.71, SINR_TARGET: 11.60, TIME_TO_TRIGGER: 4.00, A3_OFFSET: 6.00, HOF: 1
TIMESTAMP: 231, UE_ID: 9, CELL_SOURCE_ID: 1, CELL_TARGET_ID: 2, RSRP_SOURCE: -96.22, RSRP_TARGET: -89.40, RSRQ_SOURCE: -3.00, RSRQ_TARGET: -3.00, SINR_SOURCE: 11.96, SINR_TARGET: 19.52, TIME_TO_TRIGGER: 4.00, A3_OFFSET: 6.00, HOF: 1
TIMESTAMP: 232, UE_ID: 59, CELL_SOURCE_ID: 7, CELL_TARGET_ID: 1, RSRP_SOURCE: -69.09, RSRP_TARGET: -62.29, RSRQ_SOURCE: -3.00, RSRQ_TARGET: -3.00, SINR_SOURCE: 40.33, SINR_TARGET: 47.44, TIME_TO_TRIGGER: 4.00, A3_OFFSET: 6.00, HOF: 1
TIMESTAMP: 233, UE_ID: 17, CELL_SOURCE_ID: 1, CELL_TARGET_ID: 2, RSRP_SOURCE: -83.35, RSRP_TARGET: -76.92, RSRQ_SOURCE: -3.00, RSRQ_TARGET: -3.00, SINR_SOURCE: 29.64, SINR_TARGET: 36.87, TIME_TO_TRIGGER: 4.00, A3_OFFSET: 6.00, HOF: 1
TIMESTAMP: 233, UE_ID: 76, CELL_SOURCE_ID: 4, CELL_TARGET_ID: 2, RSRP_SOURCE: -104.14, RSRP_TARGET: -97.84, RSRQ_SOURCE: -3.00, RSRQ_TARGET: -3.00, SINR_SOURCE: 5.72, SINR_TARGET: 11.57, TIME_TO_TRIGGER: 4.00, A3_OFFSET: 6.00, HOF: 1
TIMESTAMP: 238, UE_ID: 52, CELL_SOURCE_ID: 1, CELL_TARGET_ID: 2, RSRP_SOURCE: -69.65, RSRP_TARGET: -59.49, RSRQ_SOURCE: -3.00, RSRQ_TARGET: -3.00, SINR_SOURCE: 39.17, SINR_TARGET: 51.33, TIME_TO_TRIGGER: 4.00, A3_OFFSET: 6.00, HOF: 1
TIMESTAMP: 238, UE_ID: 113, CELL_SOURCE_ID: 1, CELL_TARGET_ID: 2, RSRP_SOURCE: -96.24, RSRP_TARGET: -86.14, RSRQ_SOURCE: -3.00, RSRQ_TARGET: -3.00, SINR_SOURCE: 11.48, SINR_TARGET: 24.71, TIME_TO_TRIGGER: 4.00, A3_OFFSET: 6.00, HOF: 1
TIMESTAMP: 242, UE_ID: 95, CELL_SOURCE_ID: 1, CELL_TARGET_ID: 5, RSRP_SOURCE: -106.88, RSRP_TARGET: -99.12, RSRQ_SOURCE: -3.00, RSRQ_TARGET: -3.00, SINR_SOURCE: 5.87, SINR_TARGET: 12.45, TIME_TO_TRIGGER: 4.00, A3_OFFSET: 6.00, HOF: 1
TIMESTAMP: 245, UE_ID: 76, CELL_SOURCE_ID: 2, CELL_TARGET_ID: 5, RSRP_SOURCE: -105.30, RSRP_TARGET: -96.57, RSRQ_SOURCE: -3.00, RSRQ_TARGET: -3.00, SINR_SOURCE: 6.34, SINR_TARGET: 17.91, TIME_TO_TRIGGER: 4.00, A3_OFFSET: 6.00, HOF: 1
TIMESTAMP: 248, UE_ID: 38, CELL_SOURCE_ID: 3, CELL_TARGET_ID: 2, RSRP_SOURCE: -105.37, RSRP_TARGET: -98.37, RSRQ_SOURCE: -3.00, RSRQ_TARGET: -3.00, SINR_SOURCE: 5.99, SINR_TARGET: 13.02, TIME_TO_TRIGGER: 4.00, A3_OFFSET: 6.00, HOF: 1
TIMESTAMP: 252, UE_ID: 55, CELL_SOURCE_ID: 1, CELL_TARGET_ID: 2, RSRP_SOURCE: -104.12, RSRP_TARGET: -97.07, RSRQ_SOURCE: -3.00, RSRQ_TARGET: -3.00, SINR_SOURCE: 2.94, SINR_TARGET: 14.44, TIME_TO_TRIGGER: 4.00, A3_OFFSET: 6.00, HOF: 1
TIMESTAMP: 254, UE_ID: 12, CELL_SOURCE_ID: 12, CELL_TARGET_ID: 1, RSRP_SOURCE: -104.56, RSRP_TARGET: -96.21, RSRQ_SOURCE: -3.00, RSRQ_TARGET: -3.00, SINR_SOURCE: 6.89, SINR_TARGET: 14.61, TIME_TO_TRIGGER: 4.00, A3_OFFSET: 6.00, HOF: 1
TIMESTAMP: 254, UE_ID: 38, CELL_SOURCE_ID: 2, CELL_TARGET_ID: 1, RSRP_SOURCE: -102.01, RSRP_TARGET: -93.74, RSRQ_SOURCE: -3.00, RSRQ_TARGET: -3.00, SINR_SOURCE: 7.02, SINR_TARGET: 16.69, TIME_TO_TRIGGER: 4.00, A3_OFFSET: 6.00, HOF: 1
TIMESTAMP: 256, UE_ID: 12, CELL_SOURCE_ID: 1, CELL_TARGET_ID: 2, RSRP_SOURCE: -104.26, RSRP_TARGET: -96.80, RSRQ_SOURCE: -3.00, RSRQ_TARGET: -3.00, SINR_SOURCE: 5.80, SINR_TARGET: 8.98, TIME_TO_TRIGGER: 4.00, A3_OFFSET: 6.00, HOF: 1
TIMESTAMP: 256, UE_ID: 38, CELL_SOURCE_ID: 1, CELL_TARGET_ID: 2, RSRP_SOURCE: -102.22, RSRP_TARGET: -94.95, RSRQ_SOURCE: -3.00, RSRQ_TARGET: -3.00, SINR_SOURCE: 8.11, SINR_TARGET: 13.46, TIME_TO_TRIGGER: 4.00, A3_OFFSET: 6.00, HOF: 1
TIMESTAMP: 261, UE_ID: 38, CELL_SOURCE_ID: 2, CELL_TARGET_ID: 3, RSRP_SOURCE: -109.20, RSRP_TARGET: -97.45, RSRQ_SOURCE: -3.00, RSRQ_TARGET: -3.00, SINR_SOURCE: 1.97, SINR_TARGET: 11.70, TIME_TO_TRIGGER: 4.00, A3_OFFSET: 6.00, HOF: 1
TIMESTAMP: 261, UE_ID: 43, CELL_SOURCE_ID: 2, CELL_TARGET_ID: 1, RSRP_SOURCE: -99.95, RSRP_TARGET: -87.19, RSRQ_SOURCE: -3.00, RSRQ_TARGET: -3.00, SINR_SOURCE: 12.18, SINR_TARGET: 20.51, TIME_TO_TRIGGER: 4.00, A3_OFFSET: 6.00, HOF: 1
TIMESTAMP: 265, UE_ID: 28, CELL_SOURCE_ID: 1, CELL_TARGET_ID: 2, RSRP_SOURCE: -89.22, RSRP_TARGET: -81.51, RSRQ_SOURCE: -3.00, RSRQ_TARGET: -3.00, SINR_SOURCE: 22.92, SINR_TARGET: 29.73, TIME_TO_TRIGGER: 4.00, A3_OFFSET: 6.00, HOF: 1
TIMESTAMP: 265, UE_ID: 75, CELL_SOURCE_ID: 3, CELL_TARGET_ID: 2, RSRP_SOURCE: -105.91, RSRP_TARGET: -97.38, RSRQ_SOURCE: -3.00, RSRQ_TARGET: -3.00, SINR_SOURCE: 1.52, SINR_TARGET: 11.96, TIME_TO_TRIGGER: 4.00, A3_OFFSET: 6.00, HOF: 1
TIMESTAMP: 267, UE_ID: 74, CELL_SOURCE_ID: 4, CELL_TARGET_ID: 1, RSRP_SOURCE: -73.88, RSRP_TARGET: -58.63, RSRQ_SOURCE: -3.00, RSRQ_TARGET: -3.00, SINR_SOURCE: 35.78, SINR_TARGET: 51.71, TIME_TO_TRIGGER: 4.00, A3_OFFSET: 6.00, HOF: 1
TIMESTAMP: 269, UE_ID: 12, CELL_SOURCE_ID: 2, CELL_TARGET_ID: 4, RSRP_SOURCE: -103.43, RSRP_TARGET: -97.20, RSRQ_SOURCE: -3.00, RSRQ_TARGET: -3.00, SINR_SOURCE: 7.67, SINR_TARGET: 9.94, TIME_TO_TRIGGER: 4.00, A3_OFFSET: 6.00, HOF: 1
TIMESTAMP: 270, UE_ID: 62, CELL_SOURCE_ID: 2, CELL_TARGET_ID: 3, RSRP_SOURCE: -97.97, RSRP_TARGET: -91.10, RSRQ_SOURCE: -3.00, RSRQ_TARGET: -3.00, SINR_SOURCE: 13.49, SINR_TARGET: 16.99, TIME_TO_TRIGGER: 4.00, A3_OFFSET: 6.00, HOF: 1
TIMESTAMP: 270, UE_ID: 89, CELL_SOURCE_ID: 2, CELL_TARGET_ID: 3, RSRP_SOURCE: -94.86, RSRP_TARGET: -69.42, RSRQ_SOURCE: -3.00, RSRQ_TARGET: -3.00, SINR_SOURCE: 14.47, SINR_TARGET: 45.94, TIME_TO_TRIGGER: 4.00, A3_OFFSET: 6.00, HOF: 1
TIMESTAMP: 271, UE_ID: 52, CELL_SOURCE_ID: 2, CELL_TARGET_ID: 3, RSRP_SOURCE: -105.21, RSRP_TARGET: -98.76, RSRQ_SOURCE: -3.00, RSRQ_TARGET: -3.00, SINR_SOURCE: 3.29, SINR_TARGET: 10.54, TIME_TO_TRIGGER: 4.00, A3_OFFSET: 6.00, HOF: 1
TIMESTAMP: 272, UE_ID: 55, CELL_SOURCE_ID: 2, CELL_TARGET_ID: 5, RSRP_SOURCE: -107.04, RSRP_TARGET: -98.39, RSRQ_SOURCE: -3.00, RSRQ_TARGET: -3.00, SINR_SOURCE: 4.50, SINR_TARGET: 10.47, TIME_TO_TRIGGER: 4.00, A3_OFFSET: 6.00, HOF: 1
TIMESTAMP: 274, UE_ID: 52, CELL_SOURCE_ID: 3, CELL_TARGET_ID: 1, RSRP_SOURCE: -74.66, RSRP_TARGET: -66.49, RSRQ_SOURCE: -3.00, RSRQ_TARGET: -3.00, SINR_SOURCE: 36.93, SINR_TARGET: 44.20, TIME_TO_TRIGGER: 4.00, A3_OFFSET: 6.00, HOF: 1
TIMESTAMP: 274, UE_ID: 89, CELL_SOURCE_ID: 3, CELL_TARGET_ID: 1, RSRP_SOURCE: -70.49, RSRP_TARGET: -64.48, RSRQ_SOURCE: -3.00, RSRQ_TARGET: -3.00, SINR_SOURCE: 37.07, SINR_TARGET: 47.66, TIME_TO_TRIGGER: 4.00, A3_OFFSET: 6.00, HOF: 1
TIMESTAMP: 275, UE_ID: 9, CELL_SOURCE_ID: 7, CELL_TARGET_ID: 4, RSRP_SOURCE: -105.71, RSRP_TARGET: -97.02, RSRQ_SOURCE: -3.00, RSRQ_TARGET: -3.00, SINR_SOURCE: 5.02, SINR_TARGET: 12.61, TIME_TO_TRIGGER: 4.00, A3_OFFSET: 6.00, HOF: 1
TIMESTAMP: 275, UE_ID: 42, CELL_SOURCE_ID: 12, CELL_TARGET_ID: 4, RSRP_SOURCE: -104.63, RSRP_TARGET: -94.20, RSRQ_SOURCE: -3.00, RSRQ_TARGET: -3.00, SINR_SOURCE: 7.96, SINR_TARGET: 18.35, TIME_TO_TRIGGER: 4.00, A3_OFFSET: 6.00, HOF: 1
TIMESTAMP: 277, UE_ID: 12, CELL_SOURCE_ID: 4, CELL_TARGET_ID: 1, RSRP_SOURCE: -74.88, RSRP_TARGET: -65.46, RSRQ_SOURCE: -3.00, RSRQ_TARGET: -3.00, SINR_SOURCE: 36.48, SINR_TARGET: 44.40, TIME_TO_TRIGGER: 4.00, A3_OFFSET: 6.00, HOF: 1
TIMESTAMP: 277, UE_ID: 95, CELL_SOURCE_ID: 9, CELL_TARGET_ID: 1, RSRP_SOURCE: -101.57, RSRP_TARGET: -90.22, RSRQ_SOURCE: -3.00, RSRQ_TARGET: -3.00, SINR_SOURCE: 7.98, SINR_TARGET: 17.17, TIME_TO_TRIGGER: 4.00, A3_OFFSET: 6.00, HOF: 1
TIMESTAMP: 279, UE_ID: 9, CELL_SOURCE_ID: 4, CELL_TARGET_ID: 8, RSRP_SOURCE: -107.60, RSRP_TARGET: -95.73, RSRQ_SOURCE: -3.00, RSRQ_TARGET: -3.00, SINR_SOURCE: 1.97, SINR_TARGET: 13.88, TIME_TO_TRIGGER: 4.00, A3_OFFSET: 6.00, HOF: 1
TIMESTAMP: 279, UE_ID: 12, CELL_SOURCE_ID: 1, CELL_TARGET_ID: 8, RSRP_SOURCE: -106.22, RSRP_TARGET: -95.63, RSRQ_SOURCE: -3.00, RSRQ_TARGET: -3.00, SINR_SOURCE: 3.35, SINR_TARGET: 16.96, TIME_TO_TRIGGER: 4.00, A3_OFFSET: 6.00, HOF: 1
TIMESTAMP: 279, UE_ID: 75, CELL_SOURCE_ID: 2, CELL_TARGET_ID: 1, RSRP_SOURCE: -104.29, RSRP_TARGET: -98.27, RSRQ_SOURCE: -3.00, RSRQ_TARGET: -3.00, SINR_SOURCE: 4.13, SINR_TARGET: 9.06, TIME_TO_TRIGGER: 4.00, A3_OFFSET: 6.00, HOF: 1
TIMESTAMP: 279, UE_ID: 113, CELL_SOURCE_ID: 2, CELL_TARGET_ID: 8, RSRP_SOURCE: -106.78, RSRP_TARGET: -94.60, RSRQ_SOURCE: -3.00, RSRQ_TARGET: -3.00, SINR_SOURCE: 1.35, SINR_TARGET: 11.65, TIME_TO_TRIGGER: 4.00, A3_OFFSET: 6.00, HOF: 1
TIMESTAMP: 280, UE_ID: 61, CELL_SOURCE_ID: 2, CELL_TARGET_ID: 1, RSRP_SOURCE: -68.85, RSRP_TARGET: -60.06, RSRQ_SOURCE: -3.00, RSRQ_TARGET: -3.00, SINR_SOURCE: 38.93, SINR_TARGET: 53.91, TIME_TO_TRIGGER: 4.00, A3_OFFSET: 6.00, HOF: 1
TIMESTAMP: 281, UE_ID: 13, CELL_SOURCE_ID: 1, CELL_TARGET_ID: 2, RSRP_SOURCE: -100.73, RSRP_TARGET: -94.41, RSRQ_SOURCE: -3.00, RSRQ_TARGET: -3.00, SINR_SOURCE: 10.63, SINR_TARGET: 19.05, TIME_TO_TRIGGER: 4.00, A3_OFFSET: 6.00, HOF: 1
TIMESTAMP: 281, UE_ID: 52, CELL_SOURCE_ID: 1, CELL_TARGET_ID: 2, RSRP_SOURCE: -104.60, RSRP_TARGET: -97.79, RSRQ_SOURCE: -3.00, RSRQ_TARGET: -3.00, SINR_SOURCE: 1.71, SINR_TARGET: 10.62, TIME_TO_TRIGGER: 4.00, A3_OFFSET: 6.00, HOF: 1
TIMESTAMP: 281, UE_ID: 89, CELL_SOURCE_ID: 1, CELL_TARGET_ID: 2, RSRP_SOURCE: -89.07, RSRP_TARGET: -76.82, RSRQ_SOURCE: -3.00, RSRQ_TARGET: -3.00, SINR_SOURCE: 22.16, SINR_TARGET: 33.21, TIME_TO_TRIGGER: 4.00, A3_OFFSET: 6.00, HOF: 1
TIMESTAMP: 285, UE_ID: 74, CELL_SOURCE_ID: 1, CELL_TARGET_ID: 2, RSRP_SOURCE: -79.51, RSRP_TARGET: -58.05, RSRQ_SOURCE: -3.00, RSRQ_TARGET: -3.00, SINR_SOURCE: 29.71, SINR_TARGET: 49.52, TIME_TO_TRIGGER: 4.00, A3_OFFSET: 6.00, HOF: 1
TIMESTAMP: 288, UE_ID: 70, CELL_SOURCE_ID: 12, CELL_TARGET_ID: 1, RSRP_SOURCE: -97.08, RSRP_TARGET: -83.19, RSRQ_SOURCE: -3.00, RSRQ_TARGET: -3.00, SINR_SOURCE: 14.28, SINR_TARGET: 24.13, TIME_TO_TRIGGER: 4.00, A3_OFFSET: 6.00, HOF: 1
TIMESTAMP: 289, UE_ID: 12, CELL_SOURCE_ID: 8, CELL_TARGET_ID: 1, RSRP_SOURCE: -99.42, RSRP_TARGET: -93.08, RSRQ_SOURCE: -3.00, RSRQ_TARGET: -3.00, SINR_SOURCE: 10.80, SINR_TARGET: 14.59, TIME_TO_TRIGGER: 4.00, A3_OFFSET: 6.00, HOF: 1
TIMESTAMP: 292, UE_ID: 15, CELL_SOURCE_ID: 3, CELL_TARGET_ID: 4, RSRP_SOURCE: -102.95, RSRP_TARGET: -96.85, RSRQ_SOURCE: -3.00, RSRQ_TARGET: -3.00, SINR_SOURCE: 9.95, SINR_TARGET: 15.01, TIME_TO_TRIGGER: 4.00, A3_OFFSET: 6.00, HOF: 1
TIMESTAMP: 292, UE_ID: 91, CELL_SOURCE_ID: 5, CELL_TARGET_ID: 1, RSRP_SOURCE: -88.07, RSRP_TARGET: -77.92, RSRQ_SOURCE: -3.00, RSRQ_TARGET: -3.00, SINR_SOURCE: 21.89, SINR_TARGET: 32.50, TIME_TO_TRIGGER: 4.00, A3_OFFSET: 6.00, HOF: 1
TIMESTAMP: 292, UE_ID: 97, CELL_SOURCE_ID: 3, CELL_TARGET_ID: 1, RSRP_SOURCE: -71.03, RSRP_TARGET: -64.19, RSRQ_SOURCE: -3.00, RSRQ_TARGET: -3.00, SINR_SOURCE: 34.30, SINR_TARGET: 46.14, TIME_TO_TRIGGER: 4.00, A3_OFFSET: 6.00, HOF: 1
TIMESTAMP: 294, UE_ID: 97, CELL_SOURCE_ID: 1, CELL_TARGET_ID: 2, RSRP_SOURCE: -97.81, RSRP_TARGET: -91.33, RSRQ_SOURCE: -3.00, RSRQ_TARGET: -3.00, SINR_SOURCE: 13.98, SINR_TARGET: 18.67, TIME_TO_TRIGGER: 4.00, A3_OFFSET: 6.00, HOF: 1
TIMESTAMP: 295, UE_ID: 52, CELL_SOURCE_ID: 2, CELL_TARGET_ID: 5, RSRP_SOURCE: -106.31, RSRP_TARGET: -98.44, RSRQ_SOURCE: -3.00, RSRQ_TARGET: -3.00, SINR_SOURCE: 4.81, SINR_TARGET: 12.71, TIME_TO_TRIGGER: 4.00, A3_OFFSET: 6.00, HOF: 1
TIMESTAMP: 295, UE_ID: 113, CELL_SOURCE_ID: 8, CELL_TARGET_ID: 5, RSRP_SOURCE: -105.98, RSRP_TARGET: -98.44, RSRQ_SOURCE: -3.00, RSRQ_TARGET: -3.00, SINR_SOURCE: 1.87, SINR_TARGET: 16.23, TIME_TO_TRIGGER: 4.00, A3_OFFSET: 6.00, HOF: 1
TIMESTAMP: 298, UE_ID: 51, CELL_SOURCE_ID: 3, CELL_TARGET_ID: 1, RSRP_SOURCE: -71.17, RSRP_TARGET: -63.16, RSRQ_SOURCE: -3.00, RSRQ_TARGET: -3.00, SINR_SOURCE: 35.11, SINR_TARGET: 44.29, TIME_TO_TRIGGER: 4.00, A3_OFFSET: 6.00, HOF: 1
