TIMESTAMP: 12, UE_ID: 249, CELL_SOURCE_ID: 2, CELL_TARGET_ID: 1, RSRP_SOURCE: -56.69, RSRP_TARGET: -48.06, RSRQ_SOURCE: -3.00, RSRQ_TARGET: -3.00, SINR_SOURCE: 53.57, SINR_TARGET: 64.07, TIME_TO_TRIGGER: 8.00, A3_OFFSET: 8.00, HOF: 1
TIMESTAMP: 22, UE_ID: 246, CELL_SOURCE_ID: 10, CELL_TARGET_ID: 1, RSRP_SOURCE: -78.21, RSRP_TARGET: -47.55, RSRQ_SOURCE: -3.00, RSRQ_TARGET: -3.00, SINR_SOURCE: 33.17, SINR_TARGET: 60.98, TIME_TO_TRIGGER: 8.00, A3_OFFSET: 8.00, HOF: 1
TIMESTAMP: 25, UE_ID: 262, CELL_SOURCE_ID: 2, CELL_TARGET_ID: 1, RSRP_SOURCE: -78.45, RSRP_TARGET: -68.64, RSRQ_SOURCE: -3.00, RSRQ_TARGET: -3.00, SINR_SOURCE: 28.38, SINR_TARGET: 41.47, TIME_TO_TRIGGER: 8.00, A3_OFFSET: 8.00, HOF: 1
TIMESTAMP: 33, UE_ID: 260, CELL_SOURCE_ID: 10, CELL_TARGET_ID: 1, RSRP_SOURCE: -57.94, RSRP_TARGET: -48.84, RSRQ_SOURCE: -3.00, RSRQ_TARGET: -3.00, SINR_SOURCE: 53.12, SINR_TARGET: 63.37, TIME_TO_TRIGGER: 8.00, A3_OFFSET: 8.00, HOF: 1
TIMESTAMP: 34, UE_ID: 278, CELL_SOURCE_ID: 10, CELL_TARGET_ID: 1, RSRP_SOURCE: -85.09, RSRP_TARGET: -73.26, RSRQ_SOURCE: -3.00, RSRQ_TARGET: -3.00, SINR_SOURCE: 28.78, SINR_TARGET: 34.75, TIME_TO_TRIGGER: 8.00, A3_OFFSET: 8.00, HOF: 1
TIMESTAMP: 35, UE_ID: 254, CELL_SOURCE_ID: 17, CELL_TARGET_ID: 1, RSRP_SOURCE: -89.76, RSRP_TARGET: -80.98, RSRQ_SOURCE: -3.00, RSRQ_TARGET: -3.00, SINR_SOURCE: 20.32, SINR_TARGET: 28.45, TIME_TO_TRIGGER: 8.00, A3_OFFSET: 8.00, HOF: 1
TIMESTAMP: 35, UE_ID: 293, CELL_SOURCE_ID: 12, CELL_TARGET_ID: 1, RSRP_SOURCE: -81.28, RSRP_TARGET: -66.59, RSRQ_SOURCE: -3.00, RSRQ_TARGET: -3.00, SINR_SOURCE: 27.19, SINR_TARGET: 43.09, TIME_TO_TRIGGER: 8.00, A3_OFFSET: 8.00, HOF: 1
TIMESTAMP: 37, UE_ID: 274, CELL_SOURCE_ID: 7, CELL_TARGET_ID: 1, RSRP_SOURCE: -97.21, RSRP_TARGET: -88.24, RSRQ_SOURCE: -3.00, RSRQ_TARGET: -3.00, SINR_SOURCE: 12.88, SINR_TARGET: 21.68, TIME_TO_TRIGGER: 8.00, A3_OFFSET: 8.00, HOF: 1
TIMESTAMP: 49, UE_ID: 244, CELL_SOURCE_ID: 13, CELL_TARGET_ID: 1, RSRP_SOURCE: -90.00, RSRP_TARGET: -81.63, RSRQ_SOURCE: -3.00, RSRQ_TARGET: -3.00, SINR_SOURCE: 19.44, SINR_TARGET: 26.49, TIME_TO_TRIGGER: 8.00, A3_OFFSET: 8.00, HOF: 1
TIMESTAMP: 60, UE_ID: 273, CELL_SOURCE_ID: 21, CELL_TARGET_ID: 1, RSRP_SOURCE: -96.75, RSRP_TARGET: -87.12, RSRQ_SOURCE: -3.00, RSRQ_TARGET: -3.00, SINR_SOURCE: 13.51, SINR_TARGET: 24.51, TIME_TO_TRIGGER: 8.00, A3_OFFSET: 8.00, HOF: 1
TIMESTAMP: 66, UE_ID: 262, CELL_SOURCE_ID: 1, CELL_TARGET_ID: 2, RSRP_SOURCE: -98.91, RSRP_TARGET: -90.06, RSRQ_SOURCE: -3.00, RSRQ_TARGET: -3.00, SINR_SOURCE: 11.61, SINR_TARGET: 20.05, TIME_TO_TRIGGER: 8.00, A3_OFFSET: 8.00, HOF: 1
TIMESTAMP: 68, UE_ID: 246, CELL_SOURCE_ID: 1, CELL_TARGET_ID: 2, RSRP_SOURCE: -101.03, RSRP_TARGET: -90.73, RSRQ_SOURCE: -3.00, RSRQ_TARGET: -3.00, SINR_SOURCE: 8.75, SINR_TARGET: 23.65, TIME_TO_TRIGGER: 8.00, A3_OFFSET: 8.00, HOF: 1
TIMESTAMP: 73, UE_ID: 287, CELL_SOURCE_ID: 18, CELL_TARGET_ID: 1, RSRP_SOURCE: -91.04, RSRP_TARGET: -81.86, RSRQ_SOURCE: -3.00, RSRQ_TARGET: -3.00, SINR_SOURCE: 17.65, SINR_TARGET: 23.10, TIME_TO_TRIGGER: 8.00, A3_OFFSET: 8.00, HOF: 1
TIMESTAMP: 81, UE_ID: 262, CELL_SOURCE_ID: 2, CELL_TARGET_ID: 1, RSRP_SOURCE: -102.07, RSRP_TARGET: -93.16, RSRQ_SOURCE: -3.00, RSRQ_TARGET: -3.00, SINR_SOURCE: 8.07, SINR_TARGET: 17.60, TIME_TO_TRIGGER: 8.00, A3_OFFSET: 8.00, HOF: 1
TIMESTAMP: 81, UE_ID: 298, CELL_SOURCE_ID: 2, CELL_TARGET_ID: 1, RSRP_SOURCE: -98.62, RSRP_TARGET: -89.84, RSRQ_SOURCE: -3.00, RSRQ_TARGET: -3.00, SINR_SOURCE: 8.93, SINR_TARGET: 18.99, TIME_TO_TRIGGER: 8.00, A3_OFFSET: 8.00, HOF: 1
TIMESTAMP: 83, UE_ID: 293, CELL_SOURCE_ID: 1, CELL_TARGET_ID: 2, RSRP_SOURCE: -95.72, RSRP_TARGET: -86.76, RSRQ_SOURCE: -3.00, RSRQ_TARGET: -3.00, SINR_SOURCE: 17.53, SINR_TARGET: 24.17, TIME_TO_TRIGGER: 8.00, A3_OFFSET: 8.00, HOF: 1
TIMESTAMP: 84, UE_ID: 249, CELL_SOURCE_ID: 1, CELL_TARGET_ID: 21, RSRP_SOURCE: -109.86, RSRP_TARGET: -99.98, RSRQ_SOURCE: -3.00, RSRQ_TARGET: -3.00, SINR_SOURCE: -2.63, SINR_TARGET: 12.08, TIME_TO_TRIGGER: 8.00, A3_OFFSET: 8.00, HOF: 1
TIMESTAMP: 85, UE_ID: 294, CELL_SOURCE_ID: 20, CELL_TARGET_ID: 1, RSRP_SOURCE: -106.86, RSRP_TARGET: -93.27, RSRQ_SOURCE: -3.00, RSRQ_TARGET: -3.00, SINR_SOURCE: 5.23, SINR_TARGET: 19.83, TIME_TO_TRIGGER: 8.00, A3_OFFSET: 8.00, HOF: 1
TIMESTAMP: 86, UE_ID: 272, CELL_SOURCE_ID: 12, CELL_TARGET_ID: 5, RSRP_SOURCE: -109.42, RSRP_TARGET: -99.70, RSRQ_SOURCE: -3.00, RSRQ_TARGET: -3.00, SINR_SOURCE: 0.16, SINR_TARGET: 13.78, TIME_TO_TRIGGER: 8.00, A3_OFFSET: 8.00, HOF: 1
TIMESTAMP: 100, UE_ID: 268, CELL_SOURCE_ID: 18, CELL_TARGET_ID: 1, RSRP_SOURCE: -101.82, RSRP_TARGET: -90.68, RSRQ_SOURCE: -3.00, RSRQ_TARGET: -3.00, SINR_SOURCE: 7.25, SINR_TARGET: 18.95, TIME_TO_TRIGGER: 8.00, A3_OFFSET: 8.00, HOF: 1
TIMESTAMP: 109, UE_ID: 264, CELL_SOURCE_ID: 9, CELL_TARGET_ID: 11, RSRP_SOURCE: -108.42, RSRP_TARGET: -99.20, RSRQ_SOURCE: -3.00, RSRQ_TARGET: -3.00, SINR_SOURCE: 3.11, SINR_TARGET: 14.68, TIME_TO_TRIGGER: 8.00, A3_OFFSET: 8.00, HOF: 1
TIMESTAMP: 109, UE_ID: 273, CELL_SOURCE_ID: 1, CELL_TARGET_ID: 2, RSRP_SOURCE: -103.45, RSRP_TARGET: -95.22, RSRQ_SOURCE: -3.00, RSRQ_TARGET: -3.00, SINR_SOURCE: 9.43, SINR_TARGET: 18.65, TIME_TO_TRIGGER: 8.00, A3_OFFSET: 8.00, HOF: 1
TIMESTAMP: 113, UE_ID: 260, CELL_SOURCE_ID: 1, CELL_TARGET_ID: 17, RSRP_SOURCE: -109.39, RSRP_TARGET: -98.87, RSRQ_SOURCE: -3.00, RSRQ_TARGET: -3.00, SINR_SOURCE: 1.73, SINR_TARGET: 9.09, TIME_TO_TRIGGER: 8.00, A3_OFFSET: 8.00, HOF: 1
TIMESTAMP: 114, UE_ID: 300, CELL_SOURCE_ID: 7, CELL_TARGET_ID: 2, RSRP_SOURCE: -104.92, RSRP_TARGET: -96.01, RSRQ_SOURCE: -3.00, RSRQ_TARGET: -3.00, SINR_SOURCE: 6.66, SINR_TARGET: 16.96, TIME_TO_TRIGGER: 8.00, A3_OFFSET: 8.00, HOF: 1
TIMESTAMP: 136, UE_ID: 248, CELL_SOURCE_ID: 16, CELL_TARGET_ID: 13, RSRP_SOURCE: -105.98, RSRP_TARGET: -97.21, RSRQ_SOURCE: -3.00, RSRQ_TARGET: -3.00, SINR_SOURCE: 6.67, SINR_TARGET: 11.10, TIME_TO_TRIGGER: 8.00, A3_OFFSET: 8.00, HOF: 1
TIMESTAMP: 172, UE_ID: 293, CELL_SOURCE_ID: 21, CELL_TARGET_ID: 1, RSRP_SOURCE: -106.96, RSRP_TARGET: -98.96, RSRQ_SOURCE: -3.00, RSRQ_TARGET: -3.00, SINR_SOURCE: 3.64, SINR_TARGET: 15.35, TIME_TO_TRIGGER: 8.00, A3_OFFSET: 8.00, HOF: 1
TIMESTAMP: 220, UE_ID: 262, CELL_SOURCE_ID: 16, CELL_TARGET_ID: 6, RSRP_SOURCE: -108.80, RSRP_TARGET: -100.00, RSRQ_SOURCE: -3.00, RSRQ_TARGET: -3.00, SINR_SOURCE: 2.67, SINR_TARGET: 11.91, TIME_TO_TRIGGER: 8.00, A3_OFFSET: 8.00, HOF: 1
