TIMESTAMP: 62, UE_ID: 74, CELL_SOURCE_ID: 54, CELL_TARGET_ID: 55, RSRP_SOURCE: -104.77, RSRP_TARGET: -89.49, RSRQ_SOURCE: -3.00, RSRQ_TARGET: -3.00, SINR_SOURCE: 6.84, SINR_TARGET: 23.82, TIME_TO_TRIGGER: 12.00, A3_OFFSET: 10.00, HOF: 1
TIMESTAMP: 79, UE_ID: 35, CELL_SOURCE_ID: 54, CELL_TARGET_ID: 55, RSRP_SOURCE: -108.93, RSRP_TARGET: -95.63, RSRQ_SOURCE: -3.00, RSRQ_TARGET: -3.00, SINR_SOURCE: -1.33, SINR_TARGET: 15.61, TIME_TO_TRIGGER: 12.00, A3_OFFSET: 10.00, HOF: 1
TIMESTAMP: 82, UE_ID: 63, CELL_SOURCE_ID: 43, CELL_TARGET_ID: 10, RSRP_SOURCE: -111.18, RSRP_TARGET: -99.25, RSRQ_SOURCE: -3.00, RSRQ_TARGET: -3.00, SINR_SOURCE: -1.19, SINR_TARGET: 10.13, TIME_TO_TRIGGER: 12.00, A3_OFFSET: 10.00, HOF: 1
TIMESTAMP: 84, UE_ID: 92, CELL_SOURCE_ID: 17, CELL_TARGET_ID: 1, RSRP_SOURCE: -105.74, RSRP_TARGET: -95.52, RSRQ_SOURCE: -3.00, RSRQ_TARGET: -3.00, SINR_SOURCE: 2.64, SINR_TARGET: 13.08, TIME_TO_TRIGGER: 12.00, A3_OFFSET: 10.00, HOF: 1
TIMESTAMP: 92, UE_ID: 29, CELL_SOURCE_ID: 6, CELL_TARGET_ID: 52, RSRP_SOURCE: -113.57, RSRP_TARGET: -91.96, RSRQ_SOURCE: -3.00, RSRQ_TARGET: -3.00, SINR_SOURCE: -1.20, SINR_TARGET: 15.83, TIME_TO_TRIGGER: 12.00, A3_OFFSET: 10.00, HOF: 1
TIMESTAMP: 97, UE_ID: 2, CELL_SOURCE_ID: 54, CELL_TARGET_ID: 55, RSRP_SOURCE: -113.21, RSRP_TARGET: -97.61, RSRQ_SOURCE: -3.00, RSRQ_TARGET: -3.00, SINR_SOURCE: -2.91, SINR_TARGET: 12.91, TIME_TO_TRIGGER: 12.00, A3_OFFSET: 10.00, HOF: 1
TIMESTAMP: 98, UE_ID: 9, CELL_SOURCE_ID: 54, CELL_TARGET_ID: 55, RSRP_SOURCE: -111.80, RSRP_TARGET: -99.68, RSRQ_SOURCE: -3.00, RSRQ_TARGET: -3.00, SINR_SOURCE: -4.63, SINR_TARGET: 13.79, TIME_TO_TRIGGER: 12.00, A3_OFFSET: 10.00, HOF: 1
TIMESTAMP: 98, UE_ID: 14, CELL_SOURCE_ID: 35, CELL_TARGET_ID: 31, RSRP_SOURCE: -108.78, RSRP_TARGET: -94.60, RSRQ_SOURCE: -3.00, RSRQ_TARGET: -3.00, SINR_SOURCE: 0.96, SINR_TARGET: 17.64, TIME_TO_TRIGGER: 12.00, A3_OFFSET: 10.00, HOF: 1
TIMESTAMP: 98, UE_ID: 82, CELL_SOURCE_ID: 35, CELL_TARGET_ID: 31, RSRP_SOURCE: -107.70, RSRP_TARGET: -92.90, RSRQ_SOURCE: -3.00, RSRQ_TARGET: -3.00, SINR_SOURCE: 2.42, SINR_TARGET: 16.79, TIME_TO_TRIGGER: 12.00, A3_OFFSET: 10.00, HOF: 1
TIMESTAMP: 101, UE_ID: 44, CELL_SOURCE_ID: 2, CELL_TARGET_ID: 13, RSRP_SOURCE: -108.38, RSRP_TARGET: -95.40, RSRQ_SOURCE: -3.00, RSRQ_TARGET: -3.00, SINR_SOURCE: 2.00, SINR_TARGET: 15.82, TIME_TO_TRIGGER: 12.00, A3_OFFSET: 10.00, HOF: 1
TIMESTAMP: 107, UE_ID: 11, CELL_SOURCE_ID: 24, CELL_TARGET_ID: 1, RSRP_SOURCE: -103.47, RSRP_TARGET: -77.49, RSRQ_SOURCE: -3.00, RSRQ_TARGET: -3.00, SINR_SOURCE: 7.32, SINR_TARGET: 30.23, TIME_TO_TRIGGER: 12.00, A3_OFFSET: 10.00, HOF: 1
TIMESTAMP: 110, UE_ID: 66, CELL_SOURCE_ID: 40, CELL_TARGET_ID: 34, RSRP_SOURCE: -107.49, RSRP_TARGET: -93.32, RSRQ_SOURCE: -3.00, RSRQ_TARGET: -3.00, SINR_SOURCE: 4.90, SINR_TARGET: 13.65, TIME_TO_TRIGGER: 12.00, A3_OFFSET: 10.00, HOF: 1
TIMESTAMP: 112, UE_ID: 18, CELL_SOURCE_ID: 4, CELL_TARGET_ID: 22, RSRP_SOURCE: -114.30, RSRP_TARGET: -99.03, RSRQ_SOURCE: -3.00, RSRQ_TARGET: -3.00, SINR_SOURCE: -3.41, SINR_TARGET: 11.62, TIME_TO_TRIGGER: 12.00, A3_OFFSET: 10.00, HOF: 0
TIMESTAMP: 114, UE_ID: 18, CELL_SOURCE_ID: 4, CELL_TARGET_ID: 22, RSRP_SOURCE: -111.92, RSRP_TARGET: -100.83, RSRQ_SOURCE: -3.00, RSRQ_TARGET: -3.00, SINR_SOURCE: -2.12, SINR_TARGET: 7.19, TIME_TO_TRIGGER: 12.00, A3_OFFSET: 10.00, HOF: 1
TIMESTAMP: 117, UE_ID: 58, CELL_SOURCE_ID: 42, CELL_TARGET_ID: 44, RSRP_SOURCE: -111.62, RSRP_TARGET: -101.07, RSRQ_SOURCE: -3.00, RSRQ_TARGET: -3.00, SINR_SOURCE: -2.98, SINR_TARGET: 11.19, TIME_TO_TRIGGER: 12.00, A3_OFFSET: 10.00, HOF: 1
TIMESTAMP: 119, UE_ID: 12, CELL_SOURCE_ID: 50, CELL_TARGET_ID: 1, RSRP_SOURCE: -110.80, RSRP_TARGET: -91.26, RSRQ_SOURCE: -3.00, RSRQ_TARGET: -3.00, SINR_SOURCE: -2.56, SINR_TARGET: 20.23, TIME_TO_TRIGGER: 12.00, A3_OFFSET: 10.00, HOF: 1
TIMESTAMP: 123, UE_ID: 19, CELL_SOURCE_ID: 40, CELL_TARGET_ID: 34, RSRP_SOURCE: -111.42, RSRP_TARGET: -98.58, RSRQ_SOURCE: -3.00, RSRQ_TARGET: -3.00, SINR_SOURCE: 1.01, SINR_TARGET: 11.30, TIME_TO_TRIGGER: 12.00, A3_OFFSET: 10.00, HOF: 1
TIMESTAMP: 124, UE_ID: 48, CELL_SOURCE_ID: 4, CELL_TARGET_ID: 1, RSRP_SOURCE: -98.74, RSRP_TARGET: -88.26, RSRQ_SOURCE: -3.00, RSRQ_TARGET: -3.00, SINR_SOURCE: 12.31, SINR_TARGET: 17.37, TIME_TO_TRIGGER: 12.00, A3_OFFSET: 10.00, HOF: 1
TIMESTAMP: 125, UE_ID: 5, CELL_SOURCE_ID: 51, CELL_TARGET_ID: 19, RSRP_SOURCE: -114.28, RSRP_TARGET: -103.67, RSRQ_SOURCE: -3.00, RSRQ_TARGET: -3.00, SINR_SOURCE: -4.66, SINR_TARGET: 8.81, TIME_TO_TRIGGER: 12.00, A3_OFFSET: 10.00, HOF: 1
TIMESTAMP: 125, UE_ID: 47, CELL_SOURCE_ID: 23, CELL_TARGET_ID: 1, RSRP_SOURCE: -97.11, RSRP_TARGET: -60.23, RSRQ_SOURCE: -3.00, RSRQ_TARGET: -3.00, SINR_SOURCE: 6.72, SINR_TARGET: 50.09, TIME_TO_TRIGGER: 12.00, A3_OFFSET: 10.00, HOF: 1
TIMESTAMP: 128, UE_ID: 51, CELL_SOURCE_ID: 54, CELL_TARGET_ID: 22, RSRP_SOURCE: -113.85, RSRP_TARGET: -88.33, RSRQ_SOURCE: -3.00, RSRQ_TARGET: -3.00, SINR_SOURCE: -3.20, SINR_TARGET: 24.08, TIME_TO_TRIGGER: 12.00, A3_OFFSET: 10.00, HOF: 1
TIMESTAMP: 138, UE_ID: 25, CELL_SOURCE_ID: 43, CELL_TARGET_ID: 1, RSRP_SOURCE: -107.75, RSRP_TARGET: -75.82, RSRQ_SOURCE: -3.00, RSRQ_TARGET: -3.00, SINR_SOURCE: 1.54, SINR_TARGET: 33.27, TIME_TO_TRIGGER: 12.00, A3_OFFSET: 10.00, HOF: 1
TIMESTAMP: 139, UE_ID: 1, CELL_SOURCE_ID: 46, CELL_TARGET_ID: 4, RSRP_SOURCE: -113.26, RSRP_TARGET: -102.77, RSRQ_SOURCE: -3.00, RSRQ_TARGET: -3.00, SINR_SOURCE: -3.48, SINR_TARGET: 6.95, TIME_TO_TRIGGER: 12.00, A3_OFFSET: 10.00, HOF: 1
TIMESTAMP: 147, UE_ID: 61, CELL_SOURCE_ID: 38, CELL_TARGET_ID: 1, RSRP_SOURCE: -110.77, RSRP_TARGET: -96.87, RSRQ_SOURCE: -3.00, RSRQ_TARGET: -3.00, SINR_SOURCE: 0.47, SINR_TARGET: 11.38, TIME_TO_TRIGGER: 12.00, A3_OFFSET: 10.00, HOF: 1
TIMESTAMP: 154, UE_ID: 92, CELL_SOURCE_ID: 1, CELL_TARGET_ID: 7, RSRP_SOURCE: -109.93, RSRP_TARGET: -98.38, RSRQ_SOURCE: -3.00, RSRQ_TARGET: -3.00, SINR_SOURCE: -2.92, SINR_TARGET: 10.58, TIME_TO_TRIGGER: 12.00, A3_OFFSET: 10.00, HOF: 1
TIMESTAMP: 156, UE_ID: 61, CELL_SOURCE_ID: 1, CELL_TARGET_ID: 7, RSRP_SOURCE: -114.14, RSRP_TARGET: -101.38, RSRQ_SOURCE: -3.00, RSRQ_TARGET: -3.00, SINR_SOURCE: -4.23, SINR_TARGET: 8.12, TIME_TO_TRIGGER: 12.00, A3_OFFSET: 10.00, HOF: 1
TIMESTAMP: 182, UE_ID: 87, CELL_SOURCE_ID: 21, CELL_TARGET_ID: 22, RSRP_SOURCE: -109.23, RSRP_TARGET: -95.54, RSRQ_SOURCE: -3.00, RSRQ_TARGET: -3.00, SINR_SOURCE: 1.52, SINR_TARGET: 14.80, TIME_TO_TRIGGER: 12.00, A3_OFFSET: 10.00, HOF: 1
TIMESTAMP: 189, UE_ID: 29, CELL_SOURCE_ID: 52, CELL_TARGET_ID: 56, RSRP_SOURCE: -112.44, RSRP_TARGET: -101.83, RSRQ_SOURCE: -3.00, RSRQ_TARGET: -3.00, SINR_SOURCE: -3.25, SINR_TARGET: 10.64, TIME_TO_TRIGGER: 12.00, A3_OFFSET: 10.00, HOF: 1
TIMESTAMP: 212, UE_ID: 64, CELL_SOURCE_ID: 30, CELL_TARGET_ID: 31, RSRP_SOURCE: -106.41, RSRP_TARGET: -89.46, RSRQ_SOURCE: -3.00, RSRQ_TARGET: -3.00, SINR_SOURCE: 1.76, SINR_TARGET: 18.94, TIME_TO_TRIGGER: 12.00, A3_OFFSET: 10.00, HOF: 1
TIMESTAMP: 226, UE_ID: 90, CELL_SOURCE_ID: 8, CELL_TARGET_ID: 26, RSRP_SOURCE: -114.23, RSRP_TARGET: -102.94, RSRQ_SOURCE: -3.00, RSRQ_TARGET: -3.00, SINR_SOURCE: -4.19, SINR_TARGET: 6.54, TIME_TO_TRIGGER: 12.00, A3_OFFSET: 10.00, HOF: 1
TIMESTAMP: 242, UE_ID: 4, CELL_SOURCE_ID: 52, CELL_TARGET_ID: 22, RSRP_SOURCE: -113.54, RSRP_TARGET: -103.41, RSRQ_SOURCE: -3.00, RSRQ_TARGET: -3.00, SINR_SOURCE: -3.29, SINR_TARGET: 5.86, TIME_TO_TRIGGER: 12.00, A3_OFFSET: 10.00, HOF: 1
TIMESTAMP: 246, UE_ID: 13, CELL_SOURCE_ID: 24, CELL_TARGET_ID: 25, RSRP_SOURCE: -114.77, RSRP_TARGET: -100.35, RSRQ_SOURCE: -3.00, RSRQ_TARGET: -3.00, SINR_SOURCE: -6.64, SINR_TARGET: 13.14, TIME_TO_TRIGGER: 12.00, A3_OFFSET: 10.00, HOF: 1
