TIMESTAMP: 9, UE_ID: 65, CELL_SOURCE_ID: 49, CELL_TARGET_ID: 2, RSRP_SOURCE: -104.68, RSRP_TARGET: -93.20, RSRQ_SOURCE: -3.00, RSRQ_TARGET: -3.00, SINR_SOURCE: -6.55, SINR_TARGET: 15.66, TIME_TO_TRIGGER: 12.00, A3_OFFSET: 10.00, HOF: 1
TIMESTAMP: 11, UE_ID: 21, CELL_SOURCE_ID: 54, CELL_TARGET_ID: 1, RSRP_SOURCE: -111.10, RSRP_TARGET: -100.85, RSRQ_SOURCE: -3.00, RSRQ_TARGET: -3.00, SINR_SOURCE: -11.64, SINR_TARGET: 9.61, TIME_TO_TRIGGER: 12.00, A3_OFFSET: 10.00, HOF: 1
TIMESTAMP: 11, UE_ID: 36, CELL_SOURCE_ID: 54, CELL_TARGET_ID: 1, RSRP_SOURCE: -100.93, RSRP_TARGET: -90.69, RSRQ_SOURCE: -3.00, RSRQ_TARGET: -3.00, SINR_SOURCE: -3.63, SINR_TARGET: 17.38, TIME_TO_TRIGGER: 12.00, A3_OFFSET: 10.00, HOF: 1
TIMESTAMP: 12, UE_ID: 25, CELL_SOURCE_ID: 45, CELL_TARGET_ID: 14, RSRP_SOURCE: -112.61, RSRP_TARGET: -100.79, RSRQ_SOURCE: -3.00, RSRQ_TARGET: -3.00, SINR_SOURCE: -13.65, SINR_TARGET: 5.64, TIME_TO_TRIGGER: 12.00, A3_OFFSET: 10.00, HOF: 1
TIMESTAMP: 12, UE_ID: 32, CELL_SOURCE_ID: 38, CELL_TARGET_ID: 10, RSRP_SOURCE: -109.95, RSRP_TARGET: -98.17, RSRQ_SOURCE: -3.00, RSRQ_TARGET: -3.00, SINR_SOURCE: -10.99, SINR_TARGET: 10.75, TIME_TO_TRIGGER: 12.00, A3_OFFSET: 10.00, HOF: 1
TIMESTAMP: 28, UE_ID: 64, CELL_SOURCE_ID: 19, CELL_TARGET_ID: 2, RSRP_SOURCE: -107.82, RSRP_TARGET: -91.62, RSRQ_SOURCE: -3.00, RSRQ_TARGET: -3.00, SINR_SOURCE: -6.08, SINR_TARGET: 14.69, TIME_TO_TRIGGER: 12.00, A3_OFFSET: 10.00, HOF: 1
TIMESTAMP: 31, UE_ID: 92, CELL_SOURCE_ID: 18, CELL_TARGET_ID: 1, RSRP_SOURCE: -81.88, RSRP_TARGET: -71.01, RSRQ_SOURCE: -3.00, RSRQ_TARGET: -3.00, SINR_SOURCE: 28.75, SINR_TARGET: 35.04, TIME_TO_TRIGGER: 12.00, A3_OFFSET: 10.00, HOF: 1
TIMESTAMP: 35, UE_ID: 13, CELL_SOURCE_ID: 57, CELL_TARGET_ID: 1, RSRP_SOURCE: -112.55, RSRP_TARGET: -100.50, RSRQ_SOURCE: -3.00, RSRQ_TARGET: -3.00, SINR_SOURCE: -15.36, SINR_TARGET: 6.42, TIME_TO_TRIGGER: 12.00, A3_OFFSET: 10.00, HOF: 1
TIMESTAMP: 35, UE_ID: 17, CELL_SOURCE_ID: 24, CELL_TARGET_ID: 1, RSRP_SOURCE: -109.30, RSRP_TARGET: -96.91, RSRQ_SOURCE: -3.00, RSRQ_TARGET: -3.00, SINR_SOURCE: -10.50, SINR_TARGET: 12.91, TIME_TO_TRIGGER: 12.00, A3_OFFSET: 10.00, HOF: 1
TIMESTAMP: 35, UE_ID: 30, CELL_SOURCE_ID: 54, CELL_TARGET_ID: 22, RSRP_SOURCE: -114.25, RSRP_TARGET: -100.60, RSRQ_SOURCE: -3.00, RSRQ_TARGET: -3.00, SINR_SOURCE: -16.05, SINR_TARGET: 10.48, TIME_TO_TRIGGER: 12.00, A3_OFFSET: 10.00, HOF: 1
TIMESTAMP: 35, UE_ID: 38, CELL_SOURCE_ID: 19, CELL_TARGET_ID: 1, RSRP_SOURCE: -102.80, RSRP_TARGET: -86.42, RSRQ_SOURCE: -3.00, RSRQ_TARGET: -3.00, SINR_SOURCE: -4.77, SINR_TARGET: 24.03, TIME_TO_TRIGGER: 12.00, A3_OFFSET: 10.00, HOF: 1
TIMESTAMP: 35, UE_ID: 47, CELL_SOURCE_ID: 24, CELL_TARGET_ID: 1, RSRP_SOURCE: -106.42, RSRP_TARGET: -89.26, RSRQ_SOURCE: -3.00, RSRQ_TARGET: -3.00, SINR_SOURCE: -5.64, SINR_TARGET: 19.16, TIME_TO_TRIGGER: 12.00, A3_OFFSET: 10.00, HOF: 1
TIMESTAMP: 37, UE_ID: 13, CELL_SOURCE_ID: 1, CELL_TARGET_ID: 4, RSRP_SOURCE: -114.15, RSRP_TARGET: -92.94, RSRQ_SOURCE: -3.00, RSRQ_TARGET: -3.00, SINR_SOURCE: -8.18, SINR_TARGET: 19.19, TIME_TO_TRIGGER: 12.00, A3_OFFSET: 10.00, HOF: 1
TIMESTAMP: 39, UE_ID: 23, CELL_SOURCE_ID: 13, CELL_TARGET_ID: 1, RSRP_SOURCE: -110.24, RSRP_TARGET: -94.88, RSRQ_SOURCE: -3.00, RSRQ_TARGET: -3.00, SINR_SOURCE: -11.86, SINR_TARGET: 12.84, TIME_TO_TRIGGER: 12.00, A3_OFFSET: 10.00, HOF: 1
TIMESTAMP: 39, UE_ID: 90, CELL_SOURCE_ID: 13, CELL_TARGET_ID: 1, RSRP_SOURCE: -110.34, RSRP_TARGET: -73.61, RSRQ_SOURCE: -3.00, RSRQ_TARGET: -3.00, SINR_SOURCE: -12.28, SINR_TARGET: 32.84, TIME_TO_TRIGGER: 12.00, A3_OFFSET: 10.00, HOF: 1
TIMESTAMP: 42, UE_ID: 67, CELL_SOURCE_ID: 1, CELL_TARGET_ID: 2, RSRP_SOURCE: -112.93, RSRP_TARGET: -81.47, RSRQ_SOURCE: -3.00, RSRQ_TARGET: -3.00, SINR_SOURCE: -12.39, SINR_TARGET: 27.08, TIME_TO_TRIGGER: 12.00, A3_OFFSET: 10.00, HOF: 1
TIMESTAMP: 42, UE_ID: 69, CELL_SOURCE_ID: 24, CELL_TARGET_ID: 2, RSRP_SOURCE: -99.01, RSRP_TARGET: -88.99, RSRQ_SOURCE: -3.00, RSRQ_TARGET: -3.00, SINR_SOURCE: -4.89, SINR_TARGET: 17.36, TIME_TO_TRIGGER: 12.00, A3_OFFSET: 10.00, HOF: 1
TIMESTAMP: 43, UE_ID: 87, CELL_SOURCE_ID: 18, CELL_TARGET_ID: 1, RSRP_SOURCE: -88.97, RSRP_TARGET: -78.54, RSRQ_SOURCE: -3.00, RSRQ_TARGET: -3.00, SINR_SOURCE: 21.19, SINR_TARGET: 29.05, TIME_TO_TRIGGER: 12.00, A3_OFFSET: 10.00, HOF: 1
TIMESTAMP: 45, UE_ID: 48, CELL_SOURCE_ID: 6, CELL_TARGET_ID: 1, RSRP_SOURCE: -85.46, RSRP_TARGET: -64.64, RSRQ_SOURCE: -3.00, RSRQ_TARGET: -3.00, SINR_SOURCE: 25.18, SINR_TARGET: 45.83, TIME_TO_TRIGGER: 12.00, A3_OFFSET: 10.00, HOF: 1
TIMESTAMP: 45, UE_ID: 59, CELL_SOURCE_ID: 27, CELL_TARGET_ID: 1, RSRP_SOURCE: -102.30, RSRP_TARGET: -88.68, RSRQ_SOURCE: -3.00, RSRQ_TARGET: -3.00, SINR_SOURCE: -3.49, SINR_TARGET: 19.58, TIME_TO_TRIGGER: 12.00, A3_OFFSET: 10.00, HOF: 1
TIMESTAMP: 45, UE_ID: 64, CELL_SOURCE_ID: 2, CELL_TARGET_ID: 1, RSRP_SOURCE: -105.58, RSRP_TARGET: -75.92, RSRQ_SOURCE: -3.00, RSRQ_TARGET: -3.00, SINR_SOURCE: -9.88, SINR_TARGET: 34.80, TIME_TO_TRIGGER: 12.00, A3_OFFSET: 10.00, HOF: 1
TIMESTAMP: 56, UE_ID: 30, CELL_SOURCE_ID: 52, CELL_TARGET_ID: 2, RSRP_SOURCE: -113.92, RSRP_TARGET: -99.44, RSRQ_SOURCE: -3.00, RSRQ_TARGET: -3.00, SINR_SOURCE: -14.07, SINR_TARGET: 11.71, TIME_TO_TRIGGER: 12.00, A3_OFFSET: 10.00, HOF: 1
TIMESTAMP: 60, UE_ID: 30, CELL_SOURCE_ID: 2, CELL_TARGET_ID: 19, RSRP_SOURCE: -114.07, RSRP_TARGET: -103.92, RSRQ_SOURCE: -3.00, RSRQ_TARGET: -3.00, SINR_SOURCE: -3.40, SINR_TARGET: 7.46, TIME_TO_TRIGGER: 12.00, A3_OFFSET: 10.00, HOF: 1
TIMESTAMP: 63, UE_ID: 45, CELL_SOURCE_ID: 38, CELL_TARGET_ID: 11, RSRP_SOURCE: -113.81, RSRP_TARGET: -102.18, RSRQ_SOURCE: -3.00, RSRQ_TARGET: -3.00, SINR_SOURCE: -13.69, SINR_TARGET: 5.85, TIME_TO_TRIGGER: 12.00, A3_OFFSET: 10.00, HOF: 0
TIMESTAMP: 63, UE_ID: 69, CELL_SOURCE_ID: 23, CELL_TARGET_ID: 6, RSRP_SOURCE: -110.32, RSRP_TARGET: -91.10, RSRQ_SOURCE: -3.00, RSRQ_TARGET: -3.00, SINR_SOURCE: -11.78, SINR_TARGET: 18.46, TIME_TO_TRIGGER: 12.00, A3_OFFSET: 10.00, HOF: 1
TIMESTAMP: 65, UE_ID: 46, CELL_SOURCE_ID: 42, CELL_TARGET_ID: 2, RSRP_SOURCE: -114.36, RSRP_TARGET: -102.54, RSRQ_SOURCE: -3.00, RSRQ_TARGET: -3.00, SINR_SOURCE: -13.31, SINR_TARGET: 5.84, TIME_TO_TRIGGER: 12.00, A3_OFFSET: 10.00, HOF: 1
TIMESTAMP: 70, UE_ID: 10, CELL_SOURCE_ID: 1, CELL_TARGET_ID: 2, RSRP_SOURCE: -105.16, RSRP_TARGET: -80.18, RSRQ_SOURCE: -3.00, RSRQ_TARGET: -3.00, SINR_SOURCE: -8.47, SINR_TARGET: 32.21, TIME_TO_TRIGGER: 12.00, A3_OFFSET: 10.00, HOF: 1
TIMESTAMP: 73, UE_ID: 12, CELL_SOURCE_ID: 48, CELL_TARGET_ID: 1, RSRP_SOURCE: -110.16, RSRP_TARGET: -93.05, RSRQ_SOURCE: -3.00, RSRQ_TARGET: -3.00, SINR_SOURCE: -15.58, SINR_TARGET: 21.48, TIME_TO_TRIGGER: 12.00, A3_OFFSET: 10.00, HOF: 0
TIMESTAMP: 77, UE_ID: 63, CELL_SOURCE_ID: 42, CELL_TARGET_ID: 1, RSRP_SOURCE: -109.04, RSRP_TARGET: -94.81, RSRQ_SOURCE: -3.00, RSRQ_TARGET: -3.00, SINR_SOURCE: -9.52, SINR_TARGET: 16.17, TIME_TO_TRIGGER: 12.00, A3_OFFSET: 10.00, HOF: 0
TIMESTAMP: 78, UE_ID: 21, CELL_SOURCE_ID: 53, CELL_TARGET_ID: 5, RSRP_SOURCE: -110.41, RSRP_TARGET: -94.82, RSRQ_SOURCE: -3.00, RSRQ_TARGET: -3.00, SINR_SOURCE: -11.55, SINR_TARGET: 16.06, TIME_TO_TRIGGER: 12.00, A3_OFFSET: 10.00, HOF: 1
TIMESTAMP: 89, UE_ID: 23, CELL_SOURCE_ID: 15, CELL_TARGET_ID: 1, RSRP_SOURCE: -109.43, RSRP_TARGET: -98.65, RSRQ_SOURCE: -3.00, RSRQ_TARGET: -3.00, SINR_SOURCE: -12.39, SINR_TARGET: 11.61, TIME_TO_TRIGGER: 12.00, A3_OFFSET: 10.00, HOF: 1
TIMESTAMP: 93, UE_ID: 7, CELL_SOURCE_ID: 33, CELL_TARGET_ID: 3, RSRP_SOURCE: -108.72, RSRP_TARGET: -98.46, RSRQ_SOURCE: -3.00, RSRQ_TARGET: -3.00, SINR_SOURCE: -13.74, SINR_TARGET: 11.38, TIME_TO_TRIGGER: 12.00, A3_OFFSET: 10.00, HOF: 1
TIMESTAMP: 96, UE_ID: 95, CELL_SOURCE_ID: 20, CELL_TARGET_ID: 1, RSRP_SOURCE: -102.53, RSRP_TARGET: -89.38, RSRQ_SOURCE: -3.00, RSRQ_TARGET: -3.00, SINR_SOURCE: -4.12, SINR_TARGET: 21.23, TIME_TO_TRIGGER: 12.00, A3_OFFSET: 10.00, HOF: 1
TIMESTAMP: 100, UE_ID: 69, CELL_SOURCE_ID: 22, CELL_TARGET_ID: 4, RSRP_SOURCE: -107.73, RSRP_TARGET: -90.57, RSRQ_SOURCE: -3.00, RSRQ_TARGET: -3.00, SINR_SOURCE: -9.27, SINR_TARGET: 19.93, TIME_TO_TRIGGER: 12.00, A3_OFFSET: 10.00, HOF: 1
TIMESTAMP: 102, UE_ID: 47, CELL_SOURCE_ID: 5, CELL_TARGET_ID: 1, RSRP_SOURCE: -73.88, RSRP_TARGET: -61.95, RSRQ_SOURCE: -3.00, RSRQ_TARGET: -3.00, SINR_SOURCE: 36.78, SINR_TARGET: 47.61, TIME_TO_TRIGGER: 12.00, A3_OFFSET: 10.00, HOF: 0
TIMESTAMP: 106, UE_ID: 55, CELL_SOURCE_ID: 40, CELL_TARGET_ID: 13, RSRP_SOURCE: -114.67, RSRP_TARGET: -102.00, RSRQ_SOURCE: -3.00, RSRQ_TARGET: -3.00, SINR_SOURCE: -15.22, SINR_TARGET: 10.24, TIME_TO_TRIGGER: 12.00, A3_OFFSET: 10.00, HOF: 1
TIMESTAMP: 120, UE_ID: 17, CELL_SOURCE_ID: 22, CELL_TARGET_ID: 1, RSRP_SOURCE: -107.40, RSRP_TARGET: -96.92, RSRQ_SOURCE: -3.00, RSRQ_TARGET: -3.00, SINR_SOURCE: -11.11, SINR_TARGET: 13.99, TIME_TO_TRIGGER: 12.00, A3_OFFSET: 10.00, HOF: 1
TIMESTAMP: 128, UE_ID: 59, CELL_SOURCE_ID: 29, CELL_TARGET_ID: 1, RSRP_SOURCE: -109.85, RSRP_TARGET: -94.25, RSRQ_SOURCE: -3.00, RSRQ_TARGET: -3.00, SINR_SOURCE: -2.33, SINR_TARGET: 15.35, TIME_TO_TRIGGER: 12.00, A3_OFFSET: 10.00, HOF: 1
TIMESTAMP: 131, UE_ID: 58, CELL_SOURCE_ID: 13, CELL_TARGET_ID: 15, RSRP_SOURCE: -112.48, RSRP_TARGET: -102.25, RSRQ_SOURCE: -3.00, RSRQ_TARGET: -3.00, SINR_SOURCE: -5.01, SINR_TARGET: 9.03, TIME_TO_TRIGGER: 12.00, A3_OFFSET: 10.00, HOF: 1
TIMESTAMP: 137, UE_ID: 4, CELL_SOURCE_ID: 53, CELL_TARGET_ID: 1, RSRP_SOURCE: -113.14, RSRP_TARGET: -96.55, RSRQ_SOURCE: -3.00, RSRQ_TARGET: -3.00, SINR_SOURCE: -15.26, SINR_TARGET: 12.27, TIME_TO_TRIGGER: 12.00, A3_OFFSET: 10.00, HOF: 1
TIMESTAMP: 142, UE_ID: 13, CELL_SOURCE_ID: 23, CELL_TARGET_ID: 4, RSRP_SOURCE: -111.16, RSRP_TARGET: -96.82, RSRQ_SOURCE: -3.00, RSRQ_TARGET: -3.00, SINR_SOURCE: -7.86, SINR_TARGET: 12.23, TIME_TO_TRIGGER: 12.00, A3_OFFSET: 10.00, HOF: 1
TIMESTAMP: 149, UE_ID: 4, CELL_SOURCE_ID: 56, CELL_TARGET_ID: 1, RSRP_SOURCE: -109.28, RSRP_TARGET: -96.15, RSRQ_SOURCE: -3.00, RSRQ_TARGET: -3.00, SINR_SOURCE: -7.74, SINR_TARGET: 11.70, TIME_TO_TRIGGER: 12.00, A3_OFFSET: 10.00, HOF: 1
TIMESTAMP: 154, UE_ID: 17, CELL_SOURCE_ID: 23, CELL_TARGET_ID: 2, RSRP_SOURCE: -109.25, RSRP_TARGET: -93.86, RSRQ_SOURCE: -3.00, RSRQ_TARGET: -3.00, SINR_SOURCE: -11.05, SINR_TARGET: 17.19, TIME_TO_TRIGGER: 12.00, A3_OFFSET: 10.00, HOF: 1
TIMESTAMP: 155, UE_ID: 42, CELL_SOURCE_ID: 42, CELL_TARGET_ID: 41, RSRP_SOURCE: -111.80, RSRP_TARGET: -101.58, RSRQ_SOURCE: -3.00, RSRQ_TARGET: -3.00, SINR_SOURCE: -2.24, SINR_TARGET: 7.45, TIME_TO_TRIGGER: 12.00, A3_OFFSET: 10.00, HOF: 1
TIMESTAMP: 156, UE_ID: 95, CELL_SOURCE_ID: 54, CELL_TARGET_ID: 2, RSRP_SOURCE: -114.25, RSRP_TARGET: -102.39, RSRQ_SOURCE: -3.00, RSRQ_TARGET: -3.00, SINR_SOURCE: -18.19, SINR_TARGET: 5.44, TIME_TO_TRIGGER: 12.00, A3_OFFSET: 10.00, HOF: 1
TIMESTAMP: 157, UE_ID: 10, CELL_SOURCE_ID: 54, CELL_TARGET_ID: 1, RSRP_SOURCE: -101.33, RSRP_TARGET: -89.63, RSRQ_SOURCE: -3.00, RSRQ_TARGET: -3.00, SINR_SOURCE: -3.58, SINR_TARGET: 21.79, TIME_TO_TRIGGER: 12.00, A3_OFFSET: 10.00, HOF: 1
TIMESTAMP: 157, UE_ID: 46, CELL_SOURCE_ID: 37, CELL_TARGET_ID: 1, RSRP_SOURCE: -114.44, RSRP_TARGET: -93.54, RSRQ_SOURCE: -3.00, RSRQ_TARGET: -3.00, SINR_SOURCE: -19.41, SINR_TARGET: 17.19, TIME_TO_TRIGGER: 12.00, A3_OFFSET: 10.00, HOF: 1
TIMESTAMP: 158, UE_ID: 95, CELL_SOURCE_ID: 2, CELL_TARGET_ID: 1, RSRP_SOURCE: -112.56, RSRP_TARGET: -101.05, RSRQ_SOURCE: -3.00, RSRQ_TARGET: -3.00, SINR_SOURCE: -3.34, SINR_TARGET: 8.34, TIME_TO_TRIGGER: 12.00, A3_OFFSET: 10.00, HOF: 1
TIMESTAMP: 181, UE_ID: 12, CELL_SOURCE_ID: 3, CELL_TARGET_ID: 1, RSRP_SOURCE: -110.51, RSRP_TARGET: -88.13, RSRQ_SOURCE: -3.00, RSRQ_TARGET: -3.00, SINR_SOURCE: -12.80, SINR_TARGET: 19.79, TIME_TO_TRIGGER: 12.00, A3_OFFSET: 10.00, HOF: 1
TIMESTAMP: 185, UE_ID: 37, CELL_SOURCE_ID: 24, CELL_TARGET_ID: 5, RSRP_SOURCE: -110.40, RSRP_TARGET: -99.65, RSRQ_SOURCE: -3.00, RSRQ_TARGET: -3.00, SINR_SOURCE: -1.43, SINR_TARGET: 9.86, TIME_TO_TRIGGER: 12.00, A3_OFFSET: 10.00, HOF: 1
TIMESTAMP: 191, UE_ID: 87, CELL_SOURCE_ID: 24, CELL_TARGET_ID: 2, RSRP_SOURCE: -111.31, RSRP_TARGET: -95.16, RSRQ_SOURCE: -3.00, RSRQ_TARGET: -3.00, SINR_SOURCE: -13.80, SINR_TARGET: 12.41, TIME_TO_TRIGGER: 12.00, A3_OFFSET: 10.00, HOF: 1
TIMESTAMP: 198, UE_ID: 21, CELL_SOURCE_ID: 53, CELL_TARGET_ID: 1, RSRP_SOURCE: -75.36, RSRP_TARGET: -65.18, RSRQ_SOURCE: -3.00, RSRQ_TARGET: -3.00, SINR_SOURCE: 24.40, SINR_TARGET: 41.89, TIME_TO_TRIGGER: 12.00, A3_OFFSET: 10.00, HOF: 1
TIMESTAMP: 200, UE_ID: 90, CELL_SOURCE_ID: 30, CELL_TARGET_ID: 1, RSRP_SOURCE: -111.30, RSRP_TARGET: -100.17, RSRQ_SOURCE: -3.00, RSRQ_TARGET: -3.00, SINR_SOURCE: -16.25, SINR_TARGET: 11.80, TIME_TO_TRIGGER: 12.00, A3_OFFSET: 10.00, HOF: 1
TIMESTAMP: 205, UE_ID: 90, CELL_SOURCE_ID: 28, CELL_TARGET_ID: 1, RSRP_SOURCE: -113.54, RSRP_TARGET: -97.76, RSRQ_SOURCE: -3.00, RSRQ_TARGET: -3.00, SINR_SOURCE: -13.58, SINR_TARGET: 13.54, TIME_TO_TRIGGER: 12.00, A3_OFFSET: 10.00, HOF: 1
TIMESTAMP: 209, UE_ID: 87, CELL_SOURCE_ID: 57, CELL_TARGET_ID: 4, RSRP_SOURCE: -114.54, RSRP_TARGET: -100.97, RSRQ_SOURCE: -3.00, RSRQ_TARGET: -3.00, SINR_SOURCE: -16.07, SINR_TARGET: 11.67, TIME_TO_TRIGGER: 12.00, A3_OFFSET: 10.00, HOF: 1
TIMESTAMP: 211, UE_ID: 62, CELL_SOURCE_ID: 55, CELL_TARGET_ID: 52, RSRP_SOURCE: -113.94, RSRP_TARGET: -96.28, RSRQ_SOURCE: -3.00, RSRQ_TARGET: -3.00, SINR_SOURCE: -13.61, SINR_TARGET: 13.34, TIME_TO_TRIGGER: 12.00, A3_OFFSET: 10.00, HOF: 1
TIMESTAMP: 212, UE_ID: 5, CELL_SOURCE_ID: 56, CELL_TARGET_ID: 22, RSRP_SOURCE: -114.85, RSRP_TARGET: -103.00, RSRQ_SOURCE: -3.00, RSRQ_TARGET: -3.00, SINR_SOURCE: -14.90, SINR_TARGET: 4.76, TIME_TO_TRIGGER: 12.00, A3_OFFSET: 10.00, HOF: 1
TIMESTAMP: 239, UE_ID: 5, CELL_SOURCE_ID: 55, CELL_TARGET_ID: 1, RSRP_SOURCE: -111.24, RSRP_TARGET: -100.64, RSRQ_SOURCE: -3.00, RSRQ_TARGET: -3.00, SINR_SOURCE: -14.24, SINR_TARGET: 12.85, TIME_TO_TRIGGER: 12.00, A3_OFFSET: 10.00, HOF: 1
TIMESTAMP: 243, UE_ID: 83, CELL_SOURCE_ID: 23, CELL_TARGET_ID: 1, RSRP_SOURCE: -112.94, RSRP_TARGET: -99.44, RSRQ_SOURCE: -3.00, RSRQ_TARGET: -3.00, SINR_SOURCE: -15.87, SINR_TARGET: 11.61, TIME_TO_TRIGGER: 12.00, A3_OFFSET: 10.00, HOF: 0
TIMESTAMP: 248, UE_ID: 91, CELL_SOURCE_ID: 29, CELL_TARGET_ID: 2, RSRP_SOURCE: -108.66, RSRP_TARGET: -96.66, RSRQ_SOURCE: -3.00, RSRQ_TARGET: -3.00, SINR_SOURCE: -9.56, SINR_TARGET: 13.70, TIME_TO_TRIGGER: 12.00, A3_OFFSET: 10.00, HOF: 0
TIMESTAMP: 256, UE_ID: 83, CELL_SOURCE_ID: 56, CELL_TARGET_ID: 1, RSRP_SOURCE: -112.35, RSRP_TARGET: -93.02, RSRQ_SOURCE: -3.00, RSRQ_TARGET: -3.00, SINR_SOURCE: -12.55, SINR_TARGET: 15.59, TIME_TO_TRIGGER: 12.00, A3_OFFSET: 10.00, HOF: 0
TIMESTAMP: 261, UE_ID: 17, CELL_SOURCE_ID: 24, CELL_TARGET_ID: 5, RSRP_SOURCE: -114.86, RSRP_TARGET: -99.88, RSRQ_SOURCE: -3.00, RSRQ_TARGET: -3.00, SINR_SOURCE: -15.74, SINR_TARGET: 10.20, TIME_TO_TRIGGER: 12.00, A3_OFFSET: 10.00, HOF: 1
TIMESTAMP: 262, UE_ID: 65, CELL_SOURCE_ID: 51, CELL_TARGET_ID: 1, RSRP_SOURCE: -101.96, RSRP_TARGET: -91.46, RSRQ_SOURCE: -3.00, RSRQ_TARGET: -3.00, SINR_SOURCE: -3.81, SINR_TARGET: 16.38, TIME_TO_TRIGGER: 12.00, A3_OFFSET: 10.00, HOF: 1
TIMESTAMP: 276, UE_ID: 87, CELL_SOURCE_ID: 56, CELL_TARGET_ID: 26, RSRP_SOURCE: -114.84, RSRP_TARGET: -101.82, RSRQ_SOURCE: -3.00, RSRQ_TARGET: -3.00, SINR_SOURCE: -9.25, SINR_TARGET: 8.05, TIME_TO_TRIGGER: 12.00, A3_OFFSET: 10.00, HOF: 1
TIMESTAMP: 278, UE_ID: 65, CELL_SOURCE_ID: 50, CELL_TARGET_ID: 1, RSRP_SOURCE: -105.97, RSRP_TARGET: -93.48, RSRQ_SOURCE: -3.00, RSRQ_TARGET: -3.00, SINR_SOURCE: -8.02, SINR_TARGET: 17.12, TIME_TO_TRIGGER: 12.00, A3_OFFSET: 10.00, HOF: 0
TIMESTAMP: 286, UE_ID: 23, CELL_SOURCE_ID: 15, CELL_TARGET_ID: 1, RSRP_SOURCE: -70.37, RSRP_TARGET: -57.87, RSRQ_SOURCE: -3.00, RSRQ_TARGET: -3.00, SINR_SOURCE: 29.61, SINR_TARGET: 54.71, TIME_TO_TRIGGER: 12.00, A3_OFFSET: 10.00, HOF: 1
TIMESTAMP: 287, UE_ID: 32, CELL_SOURCE_ID: 50, CELL_TARGET_ID: 4, RSRP_SOURCE: -111.54, RSRP_TARGET: -98.31, RSRQ_SOURCE: -3.00, RSRQ_TARGET: -3.00, SINR_SOURCE: -11.90, SINR_TARGET: 12.30, TIME_TO_TRIGGER: 12.00, A3_OFFSET: 10.00, HOF: 0
TIMESTAMP: 296, UE_ID: 69, CELL_SOURCE_ID: 22, CELL_TARGET_ID: 2, RSRP_SOURCE: -111.37, RSRP_TARGET: -101.03, RSRQ_SOURCE: -3.00, RSRQ_TARGET: -3.00, SINR_SOURCE: -12.27, SINR_TARGET: 12.25, TIME_TO_TRIGGER: 12.00, A3_OFFSET: 10.00, HOF: 1
