TIMESTAMP: 14, UE_ID: 294, CELL_SOURCE_ID: 20, CELL_TARGET_ID: 1, RSRP_SOURCE: -78.46, RSRP_TARGET: -67.50, RSRQ_SOURCE: -3.00, RSRQ_TARGET: -3.00, SINR_SOURCE: 32.80, SINR_TARGET: 42.62, TIME_TO_TRIGGER: 8.00, A3_OFFSET: 8.00, HOF: 1
TIMESTAMP: 20, UE_ID: 246, CELL_SOURCE_ID: 11, CELL_TARGET_ID: 1, RSRP_SOURCE: -75.28, RSRP_TARGET: -34.25, RSRQ_SOURCE: -3.00, RSRQ_TARGET: -3.00, SINR_SOURCE: 37.79, SINR_TARGET: 72.20, TIME_TO_TRIGGER: 8.00, A3_OFFSET: 8.00, HOF: 1
TIMESTAMP: 22, UE_ID: 249, CELL_SOURCE_ID: 2, CELL_TARGET_ID: 1, RSRP_SOURCE: -84.34, RSRP_TARGET: -73.09, RSRQ_SOURCE: -3.00, RSRQ_TARGET: -3.00, SINR_SOURCE: 22.57, SINR_TARGET: 38.78, TIME_TO_TRIGGER: 8.00, A3_OFFSET: 8.00, HOF: 1
TIMESTAMP: 25, UE_ID: 262, CELL_SOURCE_ID: 2, CELL_TARGET_ID: 1, RSRP_SOURCE: -77.30, RSRP_TARGET: -69.26, RSRQ_SOURCE: -3.00, RSRQ_TARGET: -3.00, SINR_SOURCE: 29.53, SINR_TARGET: 40.85, TIME_TO_TRIGGER: 8.00, A3_OFFSET: 8.00, HOF: 1
TIMESTAMP: 33, UE_ID: 296, CELL_SOURCE_ID: 3, CELL_TARGET_ID: 1, RSRP_SOURCE: -62.20, RSRP_TARGET: -54.04, RSRQ_SOURCE: -3.00, RSRQ_TARGET: -3.00, SINR_SOURCE: 46.49, SINR_TARGET: 50.83, TIME_TO_TRIGGER: 8.00, A3_OFFSET: 8.00, HOF: 1
TIMESTAMP: 35, UE_ID: 254, CELL_SOURCE_ID: 17, CELL_TARGET_ID: 1, RSRP_SOURCE: -89.95, RSRP_TARGET: -80.98, RSRQ_SOURCE: -3.00, RSRQ_TARGET: -3.00, SINR_SOURCE: 20.12, SINR_TARGET: 28.45, TIME_TO_TRIGGER: 8.00, A3_OFFSET: 8.00, HOF: 1
TIMESTAMP: 36, UE_ID: 293, CELL_SOURCE_ID: 11, CELL_TARGET_ID: 1, RSRP_SOURCE: -76.32, RSRP_TARGET: -46.01, RSRQ_SOURCE: -3.00, RSRQ_TARGET: -3.00, SINR_SOURCE: 35.41, SINR_TARGET: 62.38, TIME_TO_TRIGGER: 8.00, A3_OFFSET: 8.00, HOF: 1
TIMESTAMP: 37, UE_ID: 248, CELL_SOURCE_ID: 9, CELL_TARGET_ID: 1, RSRP_SOURCE: -86.20, RSRP_TARGET: -52.15, RSRQ_SOURCE: -3.00, RSRQ_TARGET: -3.00, SINR_SOURCE: 22.20, SINR_TARGET: 59.13, TIME_TO_TRIGGER: 8.00, A3_OFFSET: 8.00, HOF: 1
TIMESTAMP: 44, UE_ID: 244, CELL_SOURCE_ID: 15, CELL_TARGET_ID: 1, RSRP_SOURCE: -89.98, RSRP_TARGET: -79.70, RSRQ_SOURCE: -3.00, RSRQ_TARGET: -3.00, SINR_SOURCE: 22.38, SINR_TARGET: 32.40, TIME_TO_TRIGGER: 8.00, A3_OFFSET: 8.00, HOF: 1
TIMESTAMP: 51, UE_ID: 246, CELL_SOURCE_ID: 1, CELL_TARGET_ID: 2, RSRP_SOURCE: -92.71, RSRP_TARGET: -83.27, RSRQ_SOURCE: -3.00, RSRQ_TARGET: -3.00, SINR_SOURCE: 19.52, SINR_TARGET: 29.41, TIME_TO_TRIGGER: 8.00, A3_OFFSET: 8.00, HOF: 1
TIMESTAMP: 56, UE_ID: 296, CELL_SOURCE_ID: 1, CELL_TARGET_ID: 2, RSRP_SOURCE: -95.55, RSRP_TARGET: -86.43, RSRQ_SOURCE: -3.00, RSRQ_TARGET: -3.00, SINR_SOURCE: 12.51, SINR_TARGET: 24.04, TIME_TO_TRIGGER: 8.00, A3_OFFSET: 8.00, HOF: 1
TIMESTAMP: 60, UE_ID: 300, CELL_SOURCE_ID: 9, CELL_TARGET_ID: 1, RSRP_SOURCE: -94.01, RSRP_TARGET: -85.79, RSRQ_SOURCE: -3.00, RSRQ_TARGET: -3.00, SINR_SOURCE: 16.98, SINR_TARGET: 26.01, TIME_TO_TRIGGER: 8.00, A3_OFFSET: 8.00, HOF: 1
TIMESTAMP: 63, UE_ID: 293, CELL_SOURCE_ID: 1, CELL_TARGET_ID: 2, RSRP_SOURCE: -91.73, RSRP_TARGET: -81.80, RSRQ_SOURCE: -3.00, RSRQ_TARGET: -3.00, SINR_SOURCE: 20.30, SINR_TARGET: 29.06, TIME_TO_TRIGGER: 8.00, A3_OFFSET: 8.00, HOF: 1
TIMESTAMP: 66, UE_ID: 262, CELL_SOURCE_ID: 1, CELL_TARGET_ID: 2, RSRP_SOURCE: -99.02, RSRP_TARGET: -90.06, RSRQ_SOURCE: -3.00, RSRQ_TARGET: -3.00, SINR_SOURCE: 11.50, SINR_TARGET: 20.05, TIME_TO_TRIGGER: 8.00, A3_OFFSET: 8.00, HOF: 1
TIMESTAMP: 71, UE_ID: 268, CELL_SOURCE_ID: 17, CELL_TARGET_ID: 1, RSRP_SOURCE: -105.15, RSRP_TARGET: -96.38, RSRQ_SOURCE: -3.00, RSRQ_TARGET: -3.00, SINR_SOURCE: 2.56, SINR_TARGET: 10.97, TIME_TO_TRIGGER: 8.00, A3_OFFSET: 8.00, HOF: 1
TIMESTAMP: 79, UE_ID: 244, CELL_SOURCE_ID: 1, CELL_TARGET_ID: 2, RSRP_SOURCE: -98.64, RSRP_TARGET: -90.42, RSRQ_SOURCE: -3.00, RSRQ_TARGET: -3.00, SINR_SOURCE: 11.48, SINR_TARGET: 18.92, TIME_TO_TRIGGER: 8.00, A3_OFFSET: 8.00, HOF: 1
TIMESTAMP: 81, UE_ID: 244, CELL_SOURCE_ID: 2, CELL_TARGET_ID: 1, RSRP_SOURCE: -97.44, RSRP_TARGET: -88.93, RSRQ_SOURCE: -3.00, RSRQ_TARGET: -3.00, SINR_SOURCE: 12.96, SINR_TARGET: 19.50, TIME_TO_TRIGGER: 8.00, A3_OFFSET: 8.00, HOF: 1
TIMESTAMP: 81, UE_ID: 298, CELL_SOURCE_ID: 2, CELL_TARGET_ID: 1, RSRP_SOURCE: -98.76, RSRP_TARGET: -89.84, RSRQ_SOURCE: -3.00, RSRQ_TARGET: -3.00, SINR_SOURCE: 8.79, SINR_TARGET: 18.99, TIME_TO_TRIGGER: 8.00, A3_OFFSET: 8.00, HOF: 1
TIMESTAMP: 84, UE_ID: 262, CELL_SOURCE_ID: 2, CELL_TARGET_ID: 17, RSRP_SOURCE: -109.40, RSRP_TARGET: -99.24, RSRQ_SOURCE: -3.00, RSRQ_TARGET: -3.00, SINR_SOURCE: 1.29, SINR_TARGET: 12.20, TIME_TO_TRIGGER: 8.00, A3_OFFSET: 8.00, HOF: 1
TIMESTAMP: 88, UE_ID: 277, CELL_SOURCE_ID: 15, CELL_TARGET_ID: 8, RSRP_SOURCE: -108.65, RSRP_TARGET: -99.34, RSRQ_SOURCE: -3.00, RSRQ_TARGET: -3.00, SINR_SOURCE: 2.54, SINR_TARGET: 14.79, TIME_TO_TRIGGER: 8.00, A3_OFFSET: 8.00, HOF: 1
TIMESTAMP: 96, UE_ID: 252, CELL_SOURCE_ID: 17, CELL_TARGET_ID: 18, RSRP_SOURCE: -107.30, RSRP_TARGET: -98.69, RSRQ_SOURCE: -3.00, RSRQ_TARGET: -3.00, SINR_SOURCE: 3.85, SINR_TARGET: 11.83, TIME_TO_TRIGGER: 8.00, A3_OFFSET: 8.00, HOF: 1
TIMESTAMP: 99, UE_ID: 244, CELL_SOURCE_ID: 1, CELL_TARGET_ID: 6, RSRP_SOURCE: -105.44, RSRP_TARGET: -95.93, RSRQ_SOURCE: -3.00, RSRQ_TARGET: -3.00, SINR_SOURCE: 4.32, SINR_TARGET: 14.26, TIME_TO_TRIGGER: 8.00, A3_OFFSET: 8.00, HOF: 1
TIMESTAMP: 99, UE_ID: 289, CELL_SOURCE_ID: 2, CELL_TARGET_ID: 13, RSRP_SOURCE: -109.04, RSRP_TARGET: -96.18, RSRQ_SOURCE: -3.00, RSRQ_TARGET: -3.00, SINR_SOURCE: 3.65, SINR_TARGET: 14.59, TIME_TO_TRIGGER: 8.00, A3_OFFSET: 8.00, HOF: 1
TIMESTAMP: 104, UE_ID: 300, CELL_SOURCE_ID: 1, CELL_TARGET_ID: 4, RSRP_SOURCE: -109.35, RSRP_TARGET: -99.65, RSRQ_SOURCE: -3.00, RSRQ_TARGET: -3.00, SINR_SOURCE: -0.06, SINR_TARGET: 8.46, TIME_TO_TRIGGER: 8.00, A3_OFFSET: 8.00, HOF: 1
TIMESTAMP: 107, UE_ID: 274, CELL_SOURCE_ID: 4, CELL_TARGET_ID: 21, RSRP_SOURCE: -109.54, RSRP_TARGET: -98.79, RSRQ_SOURCE: -3.00, RSRQ_TARGET: -3.00, SINR_SOURCE: 2.23, SINR_TARGET: 11.33, TIME_TO_TRIGGER: 8.00, A3_OFFSET: 8.00, HOF: 1
TIMESTAMP: 107, UE_ID: 281, CELL_SOURCE_ID: 4, CELL_TARGET_ID: 2, RSRP_SOURCE: -106.84, RSRP_TARGET: -97.45, RSRQ_SOURCE: -3.00, RSRQ_TARGET: -3.00, SINR_SOURCE: 4.48, SINR_TARGET: 15.36, TIME_TO_TRIGGER: 8.00, A3_OFFSET: 8.00, HOF: 1
TIMESTAMP: 112, UE_ID: 281, CELL_SOURCE_ID: 2, CELL_TARGET_ID: 3, RSRP_SOURCE: -107.67, RSRP_TARGET: -98.94, RSRQ_SOURCE: -3.00, RSRQ_TARGET: -3.00, SINR_SOURCE: 4.30, SINR_TARGET: 10.84, TIME_TO_TRIGGER: 8.00, A3_OFFSET: 8.00, HOF: 1
TIMESTAMP: 116, UE_ID: 246, CELL_SOURCE_ID: 19, CELL_TARGET_ID: 20, RSRP_SOURCE: -105.77, RSRP_TARGET: -97.70, RSRQ_SOURCE: -3.00, RSRQ_TARGET: -3.00, SINR_SOURCE: 3.56, SINR_TARGET: 13.34, TIME_TO_TRIGGER: 8.00, A3_OFFSET: 8.00, HOF: 1
TIMESTAMP: 116, UE_ID: 281, CELL_SOURCE_ID: 3, CELL_TARGET_ID: 1, RSRP_SOURCE: -107.73, RSRP_TARGET: -99.67, RSRQ_SOURCE: -3.00, RSRQ_TARGET: -3.00, SINR_SOURCE: 5.71, SINR_TARGET: 9.77, TIME_TO_TRIGGER: 8.00, A3_OFFSET: 8.00, HOF: 1
TIMESTAMP: 181, UE_ID: 257, CELL_SOURCE_ID: 17, CELL_TARGET_ID: 15, RSRP_SOURCE: -108.10, RSRP_TARGET: -99.44, RSRQ_SOURCE: -3.00, RSRQ_TARGET: -3.00, SINR_SOURCE: 1.20, SINR_TARGET: 8.52, TIME_TO_TRIGGER: 8.00, A3_OFFSET: 8.00, HOF: 1
