TIMESTAMP: 51, UE_ID: 2, CELL_SOURCE_ID: 4, CELL_TARGET_ID: 1, RSRP_SOURCE: -85.55, RSRP_TARGET: -47.30, RSRQ_SOURCE: -3.00, RSRQ_TARGET: -3.00, SINR_SOURCE: 24.90, SINR_TARGET: 60.62, TIME_TO_TRIGGER: 4.00, A3_OFFSET: 6.00, HOF: 1
TIMESTAMP: 51, UE_ID: 53, CELL_SOURCE_ID: 5, CELL_TARGET_ID: 1, RSRP_SOURCE: -69.05, RSRP_TARGET: -62.71, RSRQ_SOURCE: -3.00, RSRQ_TARGET: -3.00, SINR_SOURCE: 41.98, SINR_TARGET: 48.80, TIME_TO_TRIGGER: 4.00, A3_OFFSET: 6.00, HOF: 1
TIMESTAMP: 51, UE_ID: 113, CELL_SOURCE_ID: 3, CELL_TARGET_ID: 1, RSRP_SOURCE: -94.35, RSRP_TARGET: -87.79, RSRQ_SOURCE: -3.00, RSRQ_TARGET: -3.00, SINR_SOURCE: 18.31, SINR_TARGET: 23.96, TIME_TO_TRIGGER: 4.00, A3_OFFSET: 6.00, HOF: 1
TIMESTAMP: 61, UE_ID: 53, CELL_SOURCE_ID: 1, CELL_TARGET_ID: 2, RSRP_SOURCE: -85.80, RSRP_TARGET: -69.10, RSRQ_SOURCE: -3.00, RSRQ_TARGET: -3.00, SINR_SOURCE: 27.29, SINR_TARGET: 41.00, TIME_TO_TRIGGER: 4.00, A3_OFFSET: 6.00, HOF: 1
TIMESTAMP: 71, UE_ID: 83, CELL_SOURCE_ID: 11, CELL_TARGET_ID: 1, RSRP_SOURCE: -97.70, RSRP_TARGET: -79.30, RSRQ_SOURCE: -3.00, RSRQ_TARGET: -3.00, SINR_SOURCE: 13.83, SINR_TARGET: 31.13, TIME_TO_TRIGGER: 4.00, A3_OFFSET: 6.00, HOF: 1
TIMESTAMP: 74, UE_ID: 113, CELL_SOURCE_ID: 1, CELL_TARGET_ID: 2, RSRP_SOURCE: -92.68, RSRP_TARGET: -81.85, RSRQ_SOURCE: -3.00, RSRQ_TARGET: -3.00, SINR_SOURCE: 15.05, SINR_TARGET: 26.38, TIME_TO_TRIGGER: 4.00, A3_OFFSET: 6.00, HOF: 1
TIMESTAMP: 88, UE_ID: 1, CELL_SOURCE_ID: 12, CELL_TARGET_ID: 1, RSRP_SOURCE: -84.09, RSRP_TARGET: -77.65, RSRQ_SOURCE: -3.00, RSRQ_TARGET: -3.00, SINR_SOURCE: 27.31, SINR_TARGET: 29.33, TIME_TO_TRIGGER: 4.00, A3_OFFSET: 6.00, HOF: 1
TIMESTAMP: 90, UE_ID: 30, CELL_SOURCE_ID: 11, CELL_TARGET_ID: 4, RSRP_SOURCE: -101.01, RSRP_TARGET: -92.71, RSRQ_SOURCE: -3.00, RSRQ_TARGET: -3.00, SINR_SOURCE: 9.36, SINR_TARGET: 19.21, TIME_TO_TRIGGER: 4.00, A3_OFFSET: 6.00, HOF: 1
TIMESTAMP: 94, UE_ID: 107, CELL_SOURCE_ID: 1, CELL_TARGET_ID: 2, RSRP_SOURCE: -80.06, RSRP_TARGET: -64.32, RSRQ_SOURCE: -3.00, RSRQ_TARGET: -3.00, SINR_SOURCE: 33.98, SINR_TARGET: 43.95, TIME_TO_TRIGGER: 4.00, A3_OFFSET: 6.00, HOF: 1
TIMESTAMP: 94, UE_ID: 113, CELL_SOURCE_ID: 2, CELL_TARGET_ID: 1, RSRP_SOURCE: -94.98, RSRP_TARGET: -88.12, RSRQ_SOURCE: -3.00, RSRQ_TARGET: -3.00, SINR_SOURCE: 17.15, SINR_TARGET: 25.55, TIME_TO_TRIGGER: 4.00, A3_OFFSET: 6.00, HOF: 1
TIMESTAMP: 106, UE_ID: 43, CELL_SOURCE_ID: 10, CELL_TARGET_ID: 1, RSRP_SOURCE: -96.23, RSRP_TARGET: -88.90, RSRQ_SOURCE: -3.00, RSRQ_TARGET: -3.00, SINR_SOURCE: 15.48, SINR_TARGET: 22.77, TIME_TO_TRIGGER: 4.00, A3_OFFSET: 6.00, HOF: 1
TIMESTAMP: 111, UE_ID: 55, CELL_SOURCE_ID: 11, CELL_TARGET_ID: 1, RSRP_SOURCE: -84.73, RSRP_TARGET: -56.97, RSRQ_SOURCE: -3.00, RSRQ_TARGET: -3.00, SINR_SOURCE: 26.06, SINR_TARGET: 53.28, TIME_TO_TRIGGER: 4.00, A3_OFFSET: 6.00, HOF: 1
TIMESTAMP: 113, UE_ID: 2, CELL_SOURCE_ID: 1, CELL_TARGET_ID: 2, RSRP_SOURCE: -70.91, RSRP_TARGET: -64.14, RSRQ_SOURCE: -3.00, RSRQ_TARGET: -3.00, SINR_SOURCE: 38.63, SINR_TARGET: 44.01, TIME_TO_TRIGGER: 4.00, A3_OFFSET: 6.00, HOF: 1
TIMESTAMP: 127, UE_ID: 53, CELL_SOURCE_ID: 2, CELL_TARGET_ID: 3, RSRP_SOURCE: -103.52, RSRP_TARGET: -95.57, RSRQ_SOURCE: -3.00, RSRQ_TARGET: -3.00, SINR_SOURCE: 7.49, SINR_TARGET: 15.24, TIME_TO_TRIGGER: 4.00, A3_OFFSET: 6.00, HOF: 1
TIMESTAMP: 133, UE_ID: 78, CELL_SOURCE_ID: 11, CELL_TARGET_ID: 1, RSRP_SOURCE: -79.32, RSRP_TARGET: -66.66, RSRQ_SOURCE: -3.00, RSRQ_TARGET: -3.00, SINR_SOURCE: 25.07, SINR_TARGET: 44.26, TIME_TO_TRIGGER: 4.00, A3_OFFSET: 6.00, HOF: 1
TIMESTAMP: 138, UE_ID: 13, CELL_SOURCE_ID: 9, CELL_TARGET_ID: 1, RSRP_SOURCE: -97.75, RSRP_TARGET: -90.08, RSRQ_SOURCE: -3.00, RSRQ_TARGET: -3.00, SINR_SOURCE: 13.74, SINR_TARGET: 20.38, TIME_TO_TRIGGER: 4.00, A3_OFFSET: 6.00, HOF: 1
TIMESTAMP: 140, UE_ID: 51, CELL_SOURCE_ID: 2, CELL_TARGET_ID: 3, RSRP_SOURCE: -90.71, RSRP_TARGET: -70.89, RSRQ_SOURCE: -3.00, RSRQ_TARGET: -3.00, SINR_SOURCE: 17.03, SINR_TARGET: 41.03, TIME_TO_TRIGGER: 4.00, A3_OFFSET: 6.00, HOF: 1
TIMESTAMP: 142, UE_ID: 30, CELL_SOURCE_ID: 4, CELL_TARGET_ID: 8, RSRP_SOURCE: -105.38, RSRP_TARGET: -97.02, RSRQ_SOURCE: -3.00, RSRQ_TARGET: -3.00, SINR_SOURCE: 0.61, SINR_TARGET: 10.01, TIME_TO_TRIGGER: 4.00, A3_OFFSET: 6.00, HOF: 1
TIMESTAMP: 153, UE_ID: 53, CELL_SOURCE_ID: 3, CELL_TARGET_ID: 4, RSRP_SOURCE: -98.71, RSRP_TARGET: -74.66, RSRQ_SOURCE: -3.00, RSRQ_TARGET: -3.00, SINR_SOURCE: 10.61, SINR_TARGET: 36.97, TIME_TO_TRIGGER: 4.00, A3_OFFSET: 6.00, HOF: 1
TIMESTAMP: 154, UE_ID: 107, CELL_SOURCE_ID: 2, CELL_TARGET_ID: 1, RSRP_SOURCE: -79.75, RSRP_TARGET: -73.34, RSRQ_SOURCE: -3.00, RSRQ_TARGET: -3.00, SINR_SOURCE: 30.60, SINR_TARGET: 34.16, TIME_TO_TRIGGER: 4.00, A3_OFFSET: 6.00, HOF: 1
TIMESTAMP: 158, UE_ID: 100, CELL_SOURCE_ID: 5, CELL_TARGET_ID: 1, RSRP_SOURCE: -96.46, RSRP_TARGET: -88.87, RSRQ_SOURCE: -3.00, RSRQ_TARGET: -3.00, SINR_SOURCE: 13.06, SINR_TARGET: 19.64, TIME_TO_TRIGGER: 4.00, A3_OFFSET: 6.00, HOF: 1
TIMESTAMP: 161, UE_ID: 13, CELL_SOURCE_ID: 10, CELL_TARGET_ID: 1, RSRP_SOURCE: -102.84, RSRP_TARGET: -95.18, RSRQ_SOURCE: -3.00, RSRQ_TARGET: -3.00, SINR_SOURCE: 8.64, SINR_TARGET: 13.73, TIME_TO_TRIGGER: 4.00, A3_OFFSET: 6.00, HOF: 1
TIMESTAMP: 163, UE_ID: 107, CELL_SOURCE_ID: 1, CELL_TARGET_ID: 2, RSRP_SOURCE: -90.63, RSRP_TARGET: -79.69, RSRQ_SOURCE: -3.00, RSRQ_TARGET: -3.00, SINR_SOURCE: 20.07, SINR_TARGET: 24.71, TIME_TO_TRIGGER: 4.00, A3_OFFSET: 6.00, HOF: 1
TIMESTAMP: 178, UE_ID: 100, CELL_SOURCE_ID: 1, CELL_TARGET_ID: 2, RSRP_SOURCE: -94.86, RSRP_TARGET: -87.45, RSRQ_SOURCE: -3.00, RSRQ_TARGET: -3.00, SINR_SOURCE: 12.56, SINR_TARGET: 24.35, TIME_TO_TRIGGER: 4.00, A3_OFFSET: 6.00, HOF: 1
TIMESTAMP: 192, UE_ID: 113, CELL_SOURCE_ID: 2, CELL_TARGET_ID: 1, RSRP_SOURCE: -97.19, RSRP_TARGET: -89.81, RSRQ_SOURCE: -3.00, RSRQ_TARGET: -3.00, SINR_SOURCE: 14.91, SINR_TARGET: 16.72, TIME_TO_TRIGGER: 4.00, A3_OFFSET: 6.00, HOF: 1
TIMESTAMP: 205, UE_ID: 74, CELL_SOURCE_ID: 4, CELL_TARGET_ID: 1, RSRP_SOURCE: -85.65, RSRP_TARGET: -59.22, RSRQ_SOURCE: -3.00, RSRQ_TARGET: -3.00, SINR_SOURCE: 26.36, SINR_TARGET: 51.22, TIME_TO_TRIGGER: 4.00, A3_OFFSET: 6.00, HOF: 1
TIMESTAMP: 210, UE_ID: 75, CELL_SOURCE_ID: 6, CELL_TARGET_ID: 1, RSRP_SOURCE: -107.16, RSRP_TARGET: -99.02, RSRQ_SOURCE: -3.00, RSRQ_TARGET: -3.00, SINR_SOURCE: 1.79, SINR_TARGET: 10.90, TIME_TO_TRIGGER: 4.00, A3_OFFSET: 6.00, HOF: 1
TIMESTAMP: 210, UE_ID: 107, CELL_SOURCE_ID: 2, CELL_TARGET_ID: 1, RSRP_SOURCE: -91.34, RSRP_TARGET: -84.90, RSRQ_SOURCE: -3.00, RSRQ_TARGET: -3.00, SINR_SOURCE: 16.75, SINR_TARGET: 24.42, TIME_TO_TRIGGER: 4.00, A3_OFFSET: 6.00, HOF: 1
TIMESTAMP: 214, UE_ID: 107, CELL_SOURCE_ID: 1, CELL_TARGET_ID: 2, RSRP_SOURCE: -97.32, RSRP_TARGET: -75.74, RSRQ_SOURCE: -3.00, RSRQ_TARGET: -3.00, SINR_SOURCE: 11.48, SINR_TARGET: 34.33, TIME_TO_TRIGGER: 4.00, A3_OFFSET: 6.00, HOF: 1
TIMESTAMP: 226, UE_ID: 9, CELL_SOURCE_ID: 3, CELL_TARGET_ID: 4, RSRP_SOURCE: -98.90, RSRP_TARGET: -92.07, RSRQ_SOURCE: -3.00, RSRQ_TARGET: -3.00, SINR_SOURCE: 11.42, SINR_TARGET: 21.86, TIME_TO_TRIGGER: 4.00, A3_OFFSET: 6.00, HOF: 1
TIMESTAMP: 227, UE_ID: 107, CELL_SOURCE_ID: 2, CELL_TARGET_ID: 1, RSRP_SOURCE: -86.92, RSRP_TARGET: -80.32, RSRQ_SOURCE: -3.00, RSRQ_TARGET: -3.00, SINR_SOURCE: 23.69, SINR_TARGET: 29.69, TIME_TO_TRIGGER: 4.00, A3_OFFSET: 6.00, HOF: 1
TIMESTAMP: 228, UE_ID: 9, CELL_SOURCE_ID: 4, CELL_TARGET_ID: 2, RSRP_SOURCE: -105.04, RSRP_TARGET: -97.21, RSRQ_SOURCE: -3.00, RSRQ_TARGET: -3.00, SINR_SOURCE: 2.14, SINR_TARGET: 13.76, TIME_TO_TRIGGER: 4.00, A3_OFFSET: 6.00, HOF: 1
TIMESTAMP: 235, UE_ID: 107, CELL_SOURCE_ID: 1, CELL_TARGET_ID: 2, RSRP_SOURCE: -70.91, RSRP_TARGET: -64.19, RSRQ_SOURCE: -3.00, RSRQ_TARGET: -3.00, SINR_SOURCE: 36.53, SINR_TARGET: 44.23, TIME_TO_TRIGGER: 4.00, A3_OFFSET: 6.00, HOF: 1
TIMESTAMP: 239, UE_ID: 70, CELL_SOURCE_ID: 4, CELL_TARGET_ID: 1, RSRP_SOURCE: -99.38, RSRP_TARGET: -91.55, RSRQ_SOURCE: -3.00, RSRQ_TARGET: -3.00, SINR_SOURCE: 9.59, SINR_TARGET: 23.84, TIME_TO_TRIGGER: 4.00, A3_OFFSET: 6.00, HOF: 1
TIMESTAMP: 242, UE_ID: 9, CELL_SOURCE_ID: 2, CELL_TARGET_ID: 1, RSRP_SOURCE: -103.13, RSRP_TARGET: -96.70, RSRQ_SOURCE: -3.00, RSRQ_TARGET: -3.00, SINR_SOURCE: 7.30, SINR_TARGET: 12.20, TIME_TO_TRIGGER: 4.00, A3_OFFSET: 6.00, HOF: 1
TIMESTAMP: 245, UE_ID: 70, CELL_SOURCE_ID: 1, CELL_TARGET_ID: 2, RSRP_SOURCE: -97.88, RSRP_TARGET: -89.21, RSRQ_SOURCE: -3.00, RSRQ_TARGET: -3.00, SINR_SOURCE: 12.94, SINR_TARGET: 22.95, TIME_TO_TRIGGER: 4.00, A3_OFFSET: 6.00, HOF: 1
TIMESTAMP: 246, UE_ID: 113, CELL_SOURCE_ID: 1, CELL_TARGET_ID: 2, RSRP_SOURCE: -77.95, RSRP_TARGET: -71.61, RSRQ_SOURCE: -3.00, RSRQ_TARGET: -3.00, SINR_SOURCE: 35.23, SINR_TARGET: 39.42, TIME_TO_TRIGGER: 4.00, A3_OFFSET: 6.00, HOF: 1
TIMESTAMP: 251, UE_ID: 95, CELL_SOURCE_ID: 1, CELL_TARGET_ID: 2, RSRP_SOURCE: -102.97, RSRP_TARGET: -96.63, RSRQ_SOURCE: -3.00, RSRQ_TARGET: -3.00, SINR_SOURCE: 6.47, SINR_TARGET: 19.09, TIME_TO_TRIGGER: 4.00, A3_OFFSET: 6.00, HOF: 1
TIMESTAMP: 274, UE_ID: 89, CELL_SOURCE_ID: 2, CELL_TARGET_ID: 1, RSRP_SOURCE: -77.10, RSRP_TARGET: -68.38, RSRQ_SOURCE: -3.00, RSRQ_TARGET: -3.00, SINR_SOURCE: 32.42, SINR_TARGET: 43.76, TIME_TO_TRIGGER: 4.00, A3_OFFSET: 6.00, HOF: 1
TIMESTAMP: 277, UE_ID: 89, CELL_SOURCE_ID: 1, CELL_TARGET_ID: 2, RSRP_SOURCE: -91.74, RSRP_TARGET: -85.49, RSRQ_SOURCE: -3.00, RSRQ_TARGET: -3.00, SINR_SOURCE: 17.51, SINR_TARGET: 28.62, TIME_TO_TRIGGER: 4.00, A3_OFFSET: 6.00, HOF: 1
TIMESTAMP: 279, UE_ID: 17, CELL_SOURCE_ID: 2, CELL_TARGET_ID: 1, RSRP_SOURCE: -77.49, RSRP_TARGET: -71.16, RSRQ_SOURCE: -3.00, RSRQ_TARGET: -3.00, SINR_SOURCE: 34.36, SINR_TARGET: 39.08, TIME_TO_TRIGGER: 4.00, A3_OFFSET: 6.00, HOF: 1
TIMESTAMP: 283, UE_ID: 17, CELL_SOURCE_ID: 1, CELL_TARGET_ID: 2, RSRP_SOURCE: -91.71, RSRP_TARGET: -85.21, RSRQ_SOURCE: -3.00, RSRQ_TARGET: -3.00, SINR_SOURCE: 17.42, SINR_TARGET: 25.28, TIME_TO_TRIGGER: 4.00, A3_OFFSET: 6.00, HOF: 1
TIMESTAMP: 285, UE_ID: 74, CELL_SOURCE_ID: 1, CELL_TARGET_ID: 2, RSRP_SOURCE: -76.26, RSRP_TARGET: -56.61, RSRQ_SOURCE: -3.00, RSRQ_TARGET: -3.00, SINR_SOURCE: 32.96, SINR_TARGET: 50.96, TIME_TO_TRIGGER: 4.00, A3_OFFSET: 6.00, HOF: 1
TIMESTAMP: 290, UE_ID: 105, CELL_SOURCE_ID: 1, CELL_TARGET_ID: 4, RSRP_SOURCE: -105.46, RSRP_TARGET: -99.17, RSRQ_SOURCE: -3.00, RSRQ_TARGET: -3.00, SINR_SOURCE: 3.07, SINR_TARGET: 11.99, TIME_TO_TRIGGER: 4.00, A3_OFFSET: 6.00, HOF: 0
TIMESTAMP: 292, UE_ID: 15, CELL_SOURCE_ID: 3, CELL_TARGET_ID: 4, RSRP_SOURCE: -104.59, RSRP_TARGET: -93.60, RSRQ_SOURCE: -3.00, RSRQ_TARGET: -3.00, SINR_SOURCE: 8.32, SINR_TARGET: 18.26, TIME_TO_TRIGGER: 4.00, A3_OFFSET: 6.00, HOF: 1
