TIMESTAMP: 23, UE_ID: 246, CELL_SOURCE_ID: 10, CELL_TARGET_ID: 1, RSRP_SOURCE: -77.52, RSRP_TARGET: -56.33, RSRQ_SOURCE: -3.00, RSRQ_TARGET: -3.00, SINR_SOURCE: 36.50, SINR_TARGET: 53.69, TIME_TO_TRIGGER: 8.00, A3_OFFSET: 8.00, HOF: 1
TIMESTAMP: 39, UE_ID: 293, CELL_SOURCE_ID: 12, CELL_TARGET_ID: 1, RSRP_SOURCE: -86.53, RSRP_TARGET: -54.94, RSRQ_SOURCE: -3.00, RSRQ_TARGET: -3.00, SINR_SOURCE: 20.64, SINR_TARGET: 56.43, TIME_TO_TRIGGER: 8.00, A3_OFFSET: 8.00, HOF: 1
TIMESTAMP: 44, UE_ID: 260, CELL_SOURCE_ID: 10, CELL_TARGET_ID: 1, RSRP_SOURCE: -93.11, RSRP_TARGET: -82.60, RSRQ_SOURCE: -3.00, RSRQ_TARGET: -3.00, SINR_SOURCE: 17.10, SINR_TARGET: 30.09, TIME_TO_TRIGGER: 8.00, A3_OFFSET: 8.00, HOF: 1
TIMESTAMP: 44, UE_ID: 278, CELL_SOURCE_ID: 10, CELL_TARGET_ID: 1, RSRP_SOURCE: -98.26, RSRP_TARGET: -84.76, RSRQ_SOURCE: -3.00, RSRQ_TARGET: -3.00, SINR_SOURCE: 11.30, SINR_TARGET: 24.07, TIME_TO_TRIGGER: 8.00, A3_OFFSET: 8.00, HOF: 1
TIMESTAMP: 48, UE_ID: 244, CELL_SOURCE_ID: 13, CELL_TARGET_ID: 1, RSRP_SOURCE: -80.34, RSRP_TARGET: -69.21, RSRQ_SOURCE: -3.00, RSRQ_TARGET: -3.00, SINR_SOURCE: 31.48, SINR_TARGET: 40.27, TIME_TO_TRIGGER: 8.00, A3_OFFSET: 8.00, HOF: 1
TIMESTAMP: 53, UE_ID: 287, CELL_SOURCE_ID: 16, CELL_TARGET_ID: 1, RSRP_SOURCE: -96.36, RSRP_TARGET: -82.49, RSRQ_SOURCE: -3.00, RSRQ_TARGET: -3.00, SINR_SOURCE: 14.36, SINR_TARGET: 30.64, TIME_TO_TRIGGER: 8.00, A3_OFFSET: 8.00, HOF: 1
TIMESTAMP: 55, UE_ID: 260, CELL_SOURCE_ID: 1, CELL_TARGET_ID: 2, RSRP_SOURCE: -86.08, RSRP_TARGET: -77.33, RSRQ_SOURCE: -3.00, RSRQ_TARGET: -3.00, SINR_SOURCE: 24.27, SINR_TARGET: 30.81, TIME_TO_TRIGGER: 8.00, A3_OFFSET: 8.00, HOF: 1
TIMESTAMP: 57, UE_ID: 244, CELL_SOURCE_ID: 1, CELL_TARGET_ID: 2, RSRP_SOURCE: -92.28, RSRP_TARGET: -83.58, RSRQ_SOURCE: -3.00, RSRQ_TARGET: -3.00, SINR_SOURCE: 17.13, SINR_TARGET: 26.66, TIME_TO_TRIGGER: 8.00, A3_OFFSET: 8.00, HOF: 1
TIMESTAMP: 63, UE_ID: 256, CELL_SOURCE_ID: 17, CELL_TARGET_ID: 19, RSRP_SOURCE: -105.96, RSRP_TARGET: -96.52, RSRQ_SOURCE: -3.00, RSRQ_TARGET: -3.00, SINR_SOURCE: 4.76, SINR_TARGET: 16.48, TIME_TO_TRIGGER: 8.00, A3_OFFSET: 8.00, HOF: 1
TIMESTAMP: 65, UE_ID: 273, CELL_SOURCE_ID: 21, CELL_TARGET_ID: 1, RSRP_SOURCE: -96.56, RSRP_TARGET: -84.92, RSRQ_SOURCE: -3.00, RSRQ_TARGET: -3.00, SINR_SOURCE: 11.92, SINR_TARGET: 25.61, TIME_TO_TRIGGER: 8.00, A3_OFFSET: 8.00, HOF: 1
TIMESTAMP: 67, UE_ID: 249, CELL_SOURCE_ID: 2, CELL_TARGET_ID: 21, RSRP_SOURCE: -109.07, RSRP_TARGET: -96.14, RSRQ_SOURCE: -3.00, RSRQ_TARGET: -3.00, SINR_SOURCE: 1.36, SINR_TARGET: 17.39, TIME_TO_TRIGGER: 8.00, A3_OFFSET: 8.00, HOF: 1
TIMESTAMP: 71, UE_ID: 272, CELL_SOURCE_ID: 12, CELL_TARGET_ID: 1, RSRP_SOURCE: -99.77, RSRP_TARGET: -91.15, RSRQ_SOURCE: -3.00, RSRQ_TARGET: -3.00, SINR_SOURCE: 8.40, SINR_TARGET: 18.35, TIME_TO_TRIGGER: 8.00, A3_OFFSET: 8.00, HOF: 1
TIMESTAMP: 74, UE_ID: 244, CELL_SOURCE_ID: 2, CELL_TARGET_ID: 1, RSRP_SOURCE: -100.01, RSRP_TARGET: -90.77, RSRQ_SOURCE: -3.00, RSRQ_TARGET: -3.00, SINR_SOURCE: 11.18, SINR_TARGET: 19.41, TIME_TO_TRIGGER: 8.00, A3_OFFSET: 8.00, HOF: 1
TIMESTAMP: 82, UE_ID: 296, CELL_SOURCE_ID: 1, CELL_TARGET_ID: 4, RSRP_SOURCE: -101.33, RSRP_TARGET: -92.95, RSRQ_SOURCE: -3.00, RSRQ_TARGET: -3.00, SINR_SOURCE: 10.30, SINR_TARGET: 14.07, TIME_TO_TRIGGER: 8.00, A3_OFFSET: 8.00, HOF: 1
TIMESTAMP: 82, UE_ID: 300, CELL_SOURCE_ID: 9, CELL_TARGET_ID: 4, RSRP_SOURCE: -104.94, RSRP_TARGET: -95.06, RSRQ_SOURCE: -3.00, RSRQ_TARGET: -3.00, SINR_SOURCE: 3.44, SINR_TARGET: 18.01, TIME_TO_TRIGGER: 8.00, A3_OFFSET: 8.00, HOF: 1
TIMESTAMP: 84, UE_ID: 262, CELL_SOURCE_ID: 2, CELL_TARGET_ID: 19, RSRP_SOURCE: -109.29, RSRP_TARGET: -99.33, RSRQ_SOURCE: -3.00, RSRQ_TARGET: -3.00, SINR_SOURCE: 1.40, SINR_TARGET: 9.16, TIME_TO_TRIGGER: 8.00, A3_OFFSET: 8.00, HOF: 1
TIMESTAMP: 92, UE_ID: 246, CELL_SOURCE_ID: 1, CELL_TARGET_ID: 2, RSRP_SOURCE: -92.38, RSRP_TARGET: -84.01, RSRQ_SOURCE: -3.00, RSRQ_TARGET: -3.00, SINR_SOURCE: 19.95, SINR_TARGET: 26.44, TIME_TO_TRIGGER: 8.00, A3_OFFSET: 8.00, HOF: 1
TIMESTAMP: 94, UE_ID: 267, CELL_SOURCE_ID: 17, CELL_TARGET_ID: 4, RSRP_SOURCE: -107.62, RSRP_TARGET: -99.39, RSRQ_SOURCE: -3.00, RSRQ_TARGET: -3.00, SINR_SOURCE: -1.83, SINR_TARGET: 13.74, TIME_TO_TRIGGER: 8.00, A3_OFFSET: 8.00, HOF: 1
TIMESTAMP: 96, UE_ID: 242, CELL_SOURCE_ID: 16, CELL_TARGET_ID: 13, RSRP_SOURCE: -108.59, RSRP_TARGET: -98.02, RSRQ_SOURCE: -3.00, RSRQ_TARGET: -3.00, SINR_SOURCE: 6.82, SINR_TARGET: 12.18, TIME_TO_TRIGGER: 8.00, A3_OFFSET: 8.00, HOF: 1
TIMESTAMP: 96, UE_ID: 280, CELL_SOURCE_ID: 16, CELL_TARGET_ID: 1, RSRP_SOURCE: -103.62, RSRP_TARGET: -93.66, RSRQ_SOURCE: -3.00, RSRQ_TARGET: -3.00, SINR_SOURCE: 10.88, SINR_TARGET: 12.72, TIME_TO_TRIGGER: 8.00, A3_OFFSET: 8.00, HOF: 1
TIMESTAMP: 108, UE_ID: 273, CELL_SOURCE_ID: 1, CELL_TARGET_ID: 7, RSRP_SOURCE: -109.23, RSRP_TARGET: -98.61, RSRQ_SOURCE: -3.00, RSRQ_TARGET: -3.00, SINR_SOURCE: 1.47, SINR_TARGET: 9.05, TIME_TO_TRIGGER: 8.00, A3_OFFSET: 8.00, HOF: 1
TIMESTAMP: 109, UE_ID: 278, CELL_SOURCE_ID: 1, CELL_TARGET_ID: 2, RSRP_SOURCE: -108.01, RSRP_TARGET: -99.97, RSRQ_SOURCE: -3.00, RSRQ_TARGET: -3.00, SINR_SOURCE: 4.48, SINR_TARGET: 11.62, TIME_TO_TRIGGER: 8.00, A3_OFFSET: 8.00, HOF: 1
TIMESTAMP: 109, UE_ID: 286, CELL_SOURCE_ID: 5, CELL_TARGET_ID: 2, RSRP_SOURCE: -106.10, RSRP_TARGET: -97.07, RSRQ_SOURCE: -3.00, RSRQ_TARGET: -3.00, SINR_SOURCE: 2.97, SINR_TARGET: 10.28, TIME_TO_TRIGGER: 8.00, A3_OFFSET: 8.00, HOF: 1
TIMESTAMP: 113, UE_ID: 246, CELL_SOURCE_ID: 2, CELL_TARGET_ID: 1, RSRP_SOURCE: -108.41, RSRP_TARGET: -99.70, RSRQ_SOURCE: -3.00, RSRQ_TARGET: -3.00, SINR_SOURCE: 3.84, SINR_TARGET: 9.26, TIME_TO_TRIGGER: 8.00, A3_OFFSET: 8.00, HOF: 1
TIMESTAMP: 113, UE_ID: 278, CELL_SOURCE_ID: 2, CELL_TARGET_ID: 4, RSRP_SOURCE: -108.50, RSRP_TARGET: -98.27, RSRQ_SOURCE: -3.00, RSRQ_TARGET: -3.00, SINR_SOURCE: -0.46, SINR_TARGET: 9.52, TIME_TO_TRIGGER: 8.00, A3_OFFSET: 8.00, HOF: 1
TIMESTAMP: 120, UE_ID: 287, CELL_SOURCE_ID: 1, CELL_TARGET_ID: 4, RSRP_SOURCE: -103.95, RSRP_TARGET: -92.82, RSRQ_SOURCE: -3.00, RSRQ_TARGET: -3.00, SINR_SOURCE: 7.82, SINR_TARGET: 19.54, TIME_TO_TRIGGER: 8.00, A3_OFFSET: 8.00, HOF: 1
TIMESTAMP: 123, UE_ID: 296, CELL_SOURCE_ID: 4, CELL_TARGET_ID: 2, RSRP_SOURCE: -103.17, RSRP_TARGET: -94.81, RSRQ_SOURCE: -3.00, RSRQ_TARGET: -3.00, SINR_SOURCE: 8.61, SINR_TARGET: 16.07, TIME_TO_TRIGGER: 8.00, A3_OFFSET: 8.00, HOF: 1
TIMESTAMP: 144, UE_ID: 261, CELL_SOURCE_ID: 10, CELL_TARGET_ID: 12, RSRP_SOURCE: -109.53, RSRP_TARGET: -98.93, RSRQ_SOURCE: -3.00, RSRQ_TARGET: -3.00, SINR_SOURCE: -1.84, SINR_TARGET: 10.95, TIME_TO_TRIGGER: 8.00, A3_OFFSET: 8.00, HOF: 1
TIMESTAMP: 147, UE_ID: 247, CELL_SOURCE_ID: 4, CELL_TARGET_ID: 19, RSRP_SOURCE: -107.20, RSRP_TARGET: -98.44, RSRQ_SOURCE: -3.00, RSRQ_TARGET: -3.00, SINR_SOURCE: 3.68, SINR_TARGET: 9.00, TIME_TO_TRIGGER: 8.00, A3_OFFSET: 8.00, HOF: 1
TIMESTAMP: 149, UE_ID: 244, CELL_SOURCE_ID: 2, CELL_TARGET_ID: 5, RSRP_SOURCE: -106.21, RSRP_TARGET: -96.71, RSRQ_SOURCE: -3.00, RSRQ_TARGET: -3.00, SINR_SOURCE: 5.42, SINR_TARGET: 11.87, TIME_TO_TRIGGER: 8.00, A3_OFFSET: 8.00, HOF: 1
TIMESTAMP: 164, UE_ID: 260, CELL_SOURCE_ID: 1, CELL_TARGET_ID: 21, RSRP_SOURCE: -108.45, RSRP_TARGET: -99.90, RSRQ_SOURCE: -3.00, RSRQ_TARGET: -3.00, SINR_SOURCE: 0.93, SINR_TARGET: 8.96, TIME_TO_TRIGGER: 8.00, A3_OFFSET: 8.00, HOF: 1
TIMESTAMP: 172, UE_ID: 293, CELL_SOURCE_ID: 1, CELL_TARGET_ID: 6, RSRP_SOURCE: -104.75, RSRP_TARGET: -96.16, RSRQ_SOURCE: -3.00, RSRQ_TARGET: -3.00, SINR_SOURCE: 9.56, SINR_TARGET: 17.27, TIME_TO_TRIGGER: 8.00, A3_OFFSET: 8.00, HOF: 1
TIMESTAMP: 183, UE_ID: 281, CELL_SOURCE_ID: 8, CELL_TARGET_ID: 10, RSRP_SOURCE: -106.98, RSRP_TARGET: -98.62, RSRQ_SOURCE: -3.00, RSRQ_TARGET: -3.00, SINR_SOURCE: 2.39, SINR_TARGET: 10.37, TIME_TO_TRIGGER: 8.00, A3_OFFSET: 8.00, HOF: 1
