TIMESTAMP: 15, UE_ID: 294, CELL_SOURCE_ID: 20, CELL_TARGET_ID: 1, RSRP_SOURCE: -58.74, RSRP_TARGET: -48.39, RSRQ_SOURCE: -3.00, RSRQ_TARGET: -3.00, SINR_SOURCE: 52.62, SINR_TARGET: 63.21, TIME_TO_TRIGGER: 8.00, A3_OFFSET: 8.00, HOF: 1
TIMESTAMP: 25, UE_ID: 249, CELL_SOURCE_ID: 2, CELL_TARGET_ID: 1, RSRP_SOURCE: -88.43, RSRP_TARGET: -78.34, RSRQ_SOURCE: -3.00, RSRQ_TARGET: -3.00, SINR_SOURCE: 22.46, SINR_TARGET: 32.27, TIME_TO_TRIGGER: 8.00, A3_OFFSET: 8.00, HOF: 1
TIMESTAMP: 25, UE_ID: 262, CELL_SOURCE_ID: 2, CELL_TARGET_ID: 1, RSRP_SOURCE: -76.45, RSRP_TARGET: -63.84, RSRQ_SOURCE: -3.00, RSRQ_TARGET: -3.00, SINR_SOURCE: 30.38, SINR_TARGET: 46.27, TIME_TO_TRIGGER: 8.00, A3_OFFSET: 8.00, HOF: 1
TIMESTAMP: 25, UE_ID: 274, CELL_SOURCE_ID: 7, CELL_TARGET_ID: 1, RSRP_SOURCE: -85.47, RSRP_TARGET: -74.03, RSRQ_SOURCE: -3.00, RSRQ_TARGET: -3.00, SINR_SOURCE: 22.22, SINR_TARGET: 36.49, TIME_TO_TRIGGER: 8.00, A3_OFFSET: 8.00, HOF: 1
TIMESTAMP: 27, UE_ID: 246, CELL_SOURCE_ID: 14, CELL_TARGET_ID: 1, RSRP_SOURCE: -87.54, RSRP_TARGET: -50.00, RSRQ_SOURCE: -3.00, RSRQ_TARGET: -3.00, SINR_SOURCE: 22.07, SINR_TARGET: 56.36, TIME_TO_TRIGGER: 8.00, A3_OFFSET: 8.00, HOF: 1
TIMESTAMP: 27, UE_ID: 254, CELL_SOURCE_ID: 16, CELL_TARGET_ID: 1, RSRP_SOURCE: -86.40, RSRP_TARGET: -77.19, RSRQ_SOURCE: -3.00, RSRQ_TARGET: -3.00, SINR_SOURCE: 22.67, SINR_TARGET: 31.83, TIME_TO_TRIGGER: 8.00, A3_OFFSET: 8.00, HOF: 1
TIMESTAMP: 27, UE_ID: 260, CELL_SOURCE_ID: 12, CELL_TARGET_ID: 1, RSRP_SOURCE: -62.56, RSRP_TARGET: -47.99, RSRQ_SOURCE: -3.00, RSRQ_TARGET: -3.00, SINR_SOURCE: 44.20, SINR_TARGET: 61.68, TIME_TO_TRIGGER: 8.00, A3_OFFSET: 8.00, HOF: 1
TIMESTAMP: 28, UE_ID: 241, CELL_SOURCE_ID: 16, CELL_TARGET_ID: 1, RSRP_SOURCE: -82.42, RSRP_TARGET: -70.01, RSRQ_SOURCE: -3.00, RSRQ_TARGET: -3.00, SINR_SOURCE: 28.61, SINR_TARGET: 37.26, TIME_TO_TRIGGER: 8.00, A3_OFFSET: 8.00, HOF: 1
TIMESTAMP: 28, UE_ID: 278, CELL_SOURCE_ID: 12, CELL_TARGET_ID: 1, RSRP_SOURCE: -87.66, RSRP_TARGET: -79.51, RSRQ_SOURCE: -3.00, RSRQ_TARGET: -3.00, SINR_SOURCE: 22.75, SINR_TARGET: 29.03, TIME_TO_TRIGGER: 8.00, A3_OFFSET: 8.00, HOF: 1
TIMESTAMP: 33, UE_ID: 293, CELL_SOURCE_ID: 12, CELL_TARGET_ID: 1, RSRP_SOURCE: -65.26, RSRP_TARGET: -55.27, RSRQ_SOURCE: -3.00, RSRQ_TARGET: -3.00, SINR_SOURCE: 45.39, SINR_TARGET: 51.64, TIME_TO_TRIGGER: 8.00, A3_OFFSET: 8.00, HOF: 1
TIMESTAMP: 34, UE_ID: 249, CELL_SOURCE_ID: 1, CELL_TARGET_ID: 2, RSRP_SOURCE: -85.77, RSRP_TARGET: -76.00, RSRQ_SOURCE: -3.00, RSRQ_TARGET: -3.00, SINR_SOURCE: 29.01, SINR_TARGET: 33.97, TIME_TO_TRIGGER: 8.00, A3_OFFSET: 8.00, HOF: 1
TIMESTAMP: 44, UE_ID: 246, CELL_SOURCE_ID: 1, CELL_TARGET_ID: 2, RSRP_SOURCE: -59.04, RSRP_TARGET: -48.55, RSRQ_SOURCE: -3.00, RSRQ_TARGET: -3.00, SINR_SOURCE: 50.70, SINR_TARGET: 61.53, TIME_TO_TRIGGER: 8.00, A3_OFFSET: 8.00, HOF: 1
TIMESTAMP: 44, UE_ID: 254, CELL_SOURCE_ID: 1, CELL_TARGET_ID: 2, RSRP_SOURCE: -95.92, RSRP_TARGET: -87.83, RSRQ_SOURCE: -3.00, RSRQ_TARGET: -3.00, SINR_SOURCE: 14.64, SINR_TARGET: 23.75, TIME_TO_TRIGGER: 8.00, A3_OFFSET: 8.00, HOF: 1
TIMESTAMP: 44, UE_ID: 262, CELL_SOURCE_ID: 1, CELL_TARGET_ID: 2, RSRP_SOURCE: -91.54, RSRP_TARGET: -79.78, RSRQ_SOURCE: -3.00, RSRQ_TARGET: -3.00, SINR_SOURCE: 19.98, SINR_TARGET: 34.50, TIME_TO_TRIGGER: 8.00, A3_OFFSET: 8.00, HOF: 1
TIMESTAMP: 44, UE_ID: 265, CELL_SOURCE_ID: 1, CELL_TARGET_ID: 2, RSRP_SOURCE: -86.31, RSRP_TARGET: -77.97, RSRQ_SOURCE: -3.00, RSRQ_TARGET: -3.00, SINR_SOURCE: 23.30, SINR_TARGET: 35.55, TIME_TO_TRIGGER: 8.00, A3_OFFSET: 8.00, HOF: 1
TIMESTAMP: 44, UE_ID: 274, CELL_SOURCE_ID: 1, CELL_TARGET_ID: 2, RSRP_SOURCE: -100.34, RSRP_TARGET: -92.24, RSRQ_SOURCE: -3.00, RSRQ_TARGET: -3.00, SINR_SOURCE: 9.24, SINR_TARGET: 17.91, TIME_TO_TRIGGER: 8.00, A3_OFFSET: 8.00, HOF: 1
TIMESTAMP: 44, UE_ID: 278, CELL_SOURCE_ID: 1, CELL_TARGET_ID: 2, RSRP_SOURCE: -88.76, RSRP_TARGET: -79.85, RSRQ_SOURCE: -3.00, RSRQ_TARGET: -3.00, SINR_SOURCE: 20.07, SINR_TARGET: 32.97, TIME_TO_TRIGGER: 8.00, A3_OFFSET: 8.00, HOF: 1
TIMESTAMP: 45, UE_ID: 244, CELL_SOURCE_ID: 15, CELL_TARGET_ID: 1, RSRP_SOURCE: -85.74, RSRP_TARGET: -71.18, RSRQ_SOURCE: -3.00, RSRQ_TARGET: -3.00, SINR_SOURCE: 26.63, SINR_TARGET: 37.89, TIME_TO_TRIGGER: 8.00, A3_OFFSET: 8.00, HOF: 1
TIMESTAMP: 45, UE_ID: 287, CELL_SOURCE_ID: 18, CELL_TARGET_ID: 1, RSRP_SOURCE: -90.89, RSRP_TARGET: -66.55, RSRQ_SOURCE: -3.00, RSRQ_TARGET: -3.00, SINR_SOURCE: 14.65, SINR_TARGET: 41.67, TIME_TO_TRIGGER: 8.00, A3_OFFSET: 8.00, HOF: 1
TIMESTAMP: 47, UE_ID: 296, CELL_SOURCE_ID: 1, CELL_TARGET_ID: 2, RSRP_SOURCE: -83.86, RSRP_TARGET: -73.37, RSRQ_SOURCE: -3.00, RSRQ_TARGET: -3.00, SINR_SOURCE: 30.14, SINR_TARGET: 36.64, TIME_TO_TRIGGER: 8.00, A3_OFFSET: 8.00, HOF: 1
TIMESTAMP: 48, UE_ID: 253, CELL_SOURCE_ID: 17, CELL_TARGET_ID: 1, RSRP_SOURCE: -97.35, RSRP_TARGET: -87.18, RSRQ_SOURCE: -3.00, RSRQ_TARGET: -3.00, SINR_SOURCE: 13.83, SINR_TARGET: 21.95, TIME_TO_TRIGGER: 8.00, A3_OFFSET: 8.00, HOF: 1
TIMESTAMP: 51, UE_ID: 254, CELL_SOURCE_ID: 2, CELL_TARGET_ID: 1, RSRP_SOURCE: -91.03, RSRP_TARGET: -82.96, RSRQ_SOURCE: -3.00, RSRQ_TARGET: -3.00, SINR_SOURCE: 20.41, SINR_TARGET: 21.49, TIME_TO_TRIGGER: 8.00, A3_OFFSET: 8.00, HOF: 1
TIMESTAMP: 51, UE_ID: 262, CELL_SOURCE_ID: 2, CELL_TARGET_ID: 1, RSRP_SOURCE: -98.17, RSRP_TARGET: -88.91, RSRQ_SOURCE: -3.00, RSRQ_TARGET: -3.00, SINR_SOURCE: 10.07, SINR_TARGET: 23.30, TIME_TO_TRIGGER: 8.00, A3_OFFSET: 8.00, HOF: 1
TIMESTAMP: 51, UE_ID: 296, CELL_SOURCE_ID: 2, CELL_TARGET_ID: 1, RSRP_SOURCE: -96.16, RSRP_TARGET: -87.10, RSRQ_SOURCE: -3.00, RSRQ_TARGET: -3.00, SINR_SOURCE: 11.15, SINR_TARGET: 21.59, TIME_TO_TRIGGER: 8.00, A3_OFFSET: 8.00, HOF: 1
TIMESTAMP: 54, UE_ID: 246, CELL_SOURCE_ID: 2, CELL_TARGET_ID: 1, RSRP_SOURCE: -90.86, RSRP_TARGET: -79.87, RSRQ_SOURCE: -3.00, RSRQ_TARGET: -3.00, SINR_SOURCE: 15.57, SINR_TARGET: 27.93, TIME_TO_TRIGGER: 8.00, A3_OFFSET: 8.00, HOF: 1
TIMESTAMP: 54, UE_ID: 249, CELL_SOURCE_ID: 2, CELL_TARGET_ID: 1, RSRP_SOURCE: -94.59, RSRP_TARGET: -86.50, RSRQ_SOURCE: -3.00, RSRQ_TARGET: -3.00, SINR_SOURCE: 14.95, SINR_TARGET: 26.42, TIME_TO_TRIGGER: 8.00, A3_OFFSET: 8.00, HOF: 1
TIMESTAMP: 55, UE_ID: 274, CELL_SOURCE_ID: 2, CELL_TARGET_ID: 1, RSRP_SOURCE: -102.44, RSRP_TARGET: -94.02, RSRQ_SOURCE: -3.00, RSRQ_TARGET: -3.00, SINR_SOURCE: 6.14, SINR_TARGET: 15.13, TIME_TO_TRIGGER: 8.00, A3_OFFSET: 8.00, HOF: 1
TIMESTAMP: 65, UE_ID: 272, CELL_SOURCE_ID: 12, CELL_TARGET_ID: 1, RSRP_SOURCE: -88.52, RSRP_TARGET: -79.92, RSRQ_SOURCE: -3.00, RSRQ_TARGET: -3.00, SINR_SOURCE: 16.65, SINR_TARGET: 29.22, TIME_TO_TRIGGER: 8.00, A3_OFFSET: 8.00, HOF: 1
TIMESTAMP: 65, UE_ID: 295, CELL_SOURCE_ID: 20, CELL_TARGET_ID: 4, RSRP_SOURCE: -104.47, RSRP_TARGET: -93.41, RSRQ_SOURCE: -3.00, RSRQ_TARGET: -3.00, SINR_SOURCE: 6.94, SINR_TARGET: 15.79, TIME_TO_TRIGGER: 8.00, A3_OFFSET: 8.00, HOF: 1
TIMESTAMP: 66, UE_ID: 300, CELL_SOURCE_ID: 7, CELL_TARGET_ID: 1, RSRP_SOURCE: -91.39, RSRP_TARGET: -77.74, RSRQ_SOURCE: -3.00, RSRQ_TARGET: -3.00, SINR_SOURCE: 16.58, SINR_TARGET: 31.00, TIME_TO_TRIGGER: 8.00, A3_OFFSET: 8.00, HOF: 1
TIMESTAMP: 67, UE_ID: 244, CELL_SOURCE_ID: 1, CELL_TARGET_ID: 2, RSRP_SOURCE: -87.57, RSRP_TARGET: -79.45, RSRQ_SOURCE: -3.00, RSRQ_TARGET: -3.00, SINR_SOURCE: 20.47, SINR_TARGET: 33.62, TIME_TO_TRIGGER: 8.00, A3_OFFSET: 8.00, HOF: 1
TIMESTAMP: 67, UE_ID: 246, CELL_SOURCE_ID: 1, CELL_TARGET_ID: 2, RSRP_SOURCE: -95.53, RSRP_TARGET: -87.44, RSRQ_SOURCE: -3.00, RSRQ_TARGET: -3.00, SINR_SOURCE: 15.81, SINR_TARGET: 22.86, TIME_TO_TRIGGER: 8.00, A3_OFFSET: 8.00, HOF: 1
TIMESTAMP: 70, UE_ID: 263, CELL_SOURCE_ID: 12, CELL_TARGET_ID: 7, RSRP_SOURCE: -103.96, RSRP_TARGET: -93.07, RSRQ_SOURCE: -3.00, RSRQ_TARGET: -3.00, SINR_SOURCE: 2.57, SINR_TARGET: 16.69, TIME_TO_TRIGGER: 8.00, A3_OFFSET: 8.00, HOF: 1
TIMESTAMP: 73, UE_ID: 244, CELL_SOURCE_ID: 2, CELL_TARGET_ID: 1, RSRP_SOURCE: -81.22, RSRP_TARGET: -71.62, RSRQ_SOURCE: -3.00, RSRQ_TARGET: -3.00, SINR_SOURCE: 29.10, SINR_TARGET: 36.34, TIME_TO_TRIGGER: 8.00, A3_OFFSET: 8.00, HOF: 1
TIMESTAMP: 74, UE_ID: 246, CELL_SOURCE_ID: 2, CELL_TARGET_ID: 1, RSRP_SOURCE: -97.33, RSRP_TARGET: -88.77, RSRQ_SOURCE: -3.00, RSRQ_TARGET: -3.00, SINR_SOURCE: 14.27, SINR_TARGET: 22.70, TIME_TO_TRIGGER: 8.00, A3_OFFSET: 8.00, HOF: 1
TIMESTAMP: 75, UE_ID: 256, CELL_SOURCE_ID: 17, CELL_TARGET_ID: 1, RSRP_SOURCE: -97.71, RSRP_TARGET: -89.04, RSRQ_SOURCE: -3.00, RSRQ_TARGET: -3.00, SINR_SOURCE: 12.79, SINR_TARGET: 20.82, TIME_TO_TRIGGER: 8.00, A3_OFFSET: 8.00, HOF: 1
TIMESTAMP: 75, UE_ID: 265, CELL_SOURCE_ID: 2, CELL_TARGET_ID: 1, RSRP_SOURCE: -97.54, RSRP_TARGET: -88.18, RSRQ_SOURCE: -3.00, RSRQ_TARGET: -3.00, SINR_SOURCE: 10.45, SINR_TARGET: 21.29, TIME_TO_TRIGGER: 8.00, A3_OFFSET: 8.00, HOF: 1
TIMESTAMP: 75, UE_ID: 273, CELL_SOURCE_ID: 20, CELL_TARGET_ID: 1, RSRP_SOURCE: -100.07, RSRP_TARGET: -84.56, RSRQ_SOURCE: -3.00, RSRQ_TARGET: -3.00, SINR_SOURCE: 10.91, SINR_TARGET: 22.17, TIME_TO_TRIGGER: 8.00, A3_OFFSET: 8.00, HOF: 1
TIMESTAMP: 79, UE_ID: 253, CELL_SOURCE_ID: 1, CELL_TARGET_ID: 18, RSRP_SOURCE: -106.76, RSRP_TARGET: -97.18, RSRQ_SOURCE: -3.00, RSRQ_TARGET: -3.00, SINR_SOURCE: 6.09, SINR_TARGET: 9.85, TIME_TO_TRIGGER: 8.00, A3_OFFSET: 8.00, HOF: 1
TIMESTAMP: 80, UE_ID: 251, CELL_SOURCE_ID: 20, CELL_TARGET_ID: 13, RSRP_SOURCE: -107.74, RSRP_TARGET: -99.29, RSRQ_SOURCE: -3.00, RSRQ_TARGET: -3.00, SINR_SOURCE: 2.60, SINR_TARGET: 12.08, TIME_TO_TRIGGER: 8.00, A3_OFFSET: 8.00, HOF: 1
TIMESTAMP: 80, UE_ID: 297, CELL_SOURCE_ID: 20, CELL_TARGET_ID: 4, RSRP_SOURCE: -105.12, RSRP_TARGET: -95.10, RSRQ_SOURCE: -3.00, RSRQ_TARGET: -3.00, SINR_SOURCE: 5.90, SINR_TARGET: 12.01, TIME_TO_TRIGGER: 8.00, A3_OFFSET: 8.00, HOF: 1
TIMESTAMP: 82, UE_ID: 278, CELL_SOURCE_ID: 2, CELL_TARGET_ID: 1, RSRP_SOURCE: -103.33, RSRP_TARGET: -93.80, RSRQ_SOURCE: -3.00, RSRQ_TARGET: -3.00, SINR_SOURCE: 7.15, SINR_TARGET: 16.99, TIME_TO_TRIGGER: 8.00, A3_OFFSET: 8.00, HOF: 1
TIMESTAMP: 83, UE_ID: 244, CELL_SOURCE_ID: 1, CELL_TARGET_ID: 2, RSRP_SOURCE: -97.07, RSRP_TARGET: -88.09, RSRQ_SOURCE: -3.00, RSRQ_TARGET: -3.00, SINR_SOURCE: 10.37, SINR_TARGET: 21.62, TIME_TO_TRIGGER: 8.00, A3_OFFSET: 8.00, HOF: 1
TIMESTAMP: 84, UE_ID: 268, CELL_SOURCE_ID: 18, CELL_TARGET_ID: 1, RSRP_SOURCE: -104.25, RSRP_TARGET: -95.02, RSRQ_SOURCE: -3.00, RSRQ_TARGET: -3.00, SINR_SOURCE: 4.58, SINR_TARGET: 14.17, TIME_TO_TRIGGER: 8.00, A3_OFFSET: 8.00, HOF: 1
TIMESTAMP: 85, UE_ID: 267, CELL_SOURCE_ID: 17, CELL_TARGET_ID: 19, RSRP_SOURCE: -108.73, RSRP_TARGET: -96.62, RSRQ_SOURCE: -3.00, RSRQ_TARGET: -3.00, SINR_SOURCE: 1.72, SINR_TARGET: 12.96, TIME_TO_TRIGGER: 8.00, A3_OFFSET: 8.00, HOF: 1
TIMESTAMP: 86, UE_ID: 290, CELL_SOURCE_ID: 12, CELL_TARGET_ID: 2, RSRP_SOURCE: -105.68, RSRP_TARGET: -95.36, RSRQ_SOURCE: -3.00, RSRQ_TARGET: -3.00, SINR_SOURCE: 4.38, SINR_TARGET: 11.50, TIME_TO_TRIGGER: 8.00, A3_OFFSET: 8.00, HOF: 1
TIMESTAMP: 88, UE_ID: 269, CELL_SOURCE_ID: 19, CELL_TARGET_ID: 4, RSRP_SOURCE: -108.77, RSRP_TARGET: -98.09, RSRQ_SOURCE: -3.00, RSRQ_TARGET: -3.00, SINR_SOURCE: 2.76, SINR_TARGET: 15.34, TIME_TO_TRIGGER: 8.00, A3_OFFSET: 8.00, HOF: 1
TIMESTAMP: 89, UE_ID: 246, CELL_SOURCE_ID: 1, CELL_TARGET_ID: 3, RSRP_SOURCE: -101.02, RSRP_TARGET: -91.32, RSRQ_SOURCE: -3.00, RSRQ_TARGET: -3.00, SINR_SOURCE: 9.36, SINR_TARGET: 16.96, TIME_TO_TRIGGER: 8.00, A3_OFFSET: 8.00, HOF: 1
TIMESTAMP: 89, UE_ID: 296, CELL_SOURCE_ID: 1, CELL_TARGET_ID: 3, RSRP_SOURCE: -109.64, RSRP_TARGET: -99.07, RSRQ_SOURCE: -3.00, RSRQ_TARGET: -3.00, SINR_SOURCE: -0.36, SINR_TARGET: 12.15, TIME_TO_TRIGGER: 8.00, A3_OFFSET: 8.00, HOF: 1
TIMESTAMP: 90, UE_ID: 253, CELL_SOURCE_ID: 18, CELL_TARGET_ID: 5, RSRP_SOURCE: -103.82, RSRP_TARGET: -90.80, RSRQ_SOURCE: -3.00, RSRQ_TARGET: -3.00, SINR_SOURCE: 4.56, SINR_TARGET: 18.71, TIME_TO_TRIGGER: 8.00, A3_OFFSET: 8.00, HOF: 1
TIMESTAMP: 90, UE_ID: 256, CELL_SOURCE_ID: 1, CELL_TARGET_ID: 5, RSRP_SOURCE: -102.16, RSRP_TARGET: -94.02, RSRQ_SOURCE: -3.00, RSRQ_TARGET: -3.00, SINR_SOURCE: 10.94, SINR_TARGET: 16.49, TIME_TO_TRIGGER: 8.00, A3_OFFSET: 8.00, HOF: 1
TIMESTAMP: 91, UE_ID: 246, CELL_SOURCE_ID: 3, CELL_TARGET_ID: 1, RSRP_SOURCE: -99.63, RSRP_TARGET: -91.31, RSRQ_SOURCE: -3.00, RSRQ_TARGET: -3.00, SINR_SOURCE: 12.73, SINR_TARGET: 15.55, TIME_TO_TRIGGER: 8.00, A3_OFFSET: 8.00, HOF: 1
TIMESTAMP: 91, UE_ID: 248, CELL_SOURCE_ID: 12, CELL_TARGET_ID: 1, RSRP_SOURCE: -104.82, RSRP_TARGET: -95.47, RSRQ_SOURCE: -3.00, RSRQ_TARGET: -3.00, SINR_SOURCE: 9.32, SINR_TARGET: 16.89, TIME_TO_TRIGGER: 8.00, A3_OFFSET: 8.00, HOF: 1
TIMESTAMP: 91, UE_ID: 296, CELL_SOURCE_ID: 3, CELL_TARGET_ID: 1, RSRP_SOURCE: -100.85, RSRP_TARGET: -89.29, RSRQ_SOURCE: -3.00, RSRQ_TARGET: -3.00, SINR_SOURCE: 8.27, SINR_TARGET: 17.74, TIME_TO_TRIGGER: 8.00, A3_OFFSET: 8.00, HOF: 1
TIMESTAMP: 95, UE_ID: 299, CELL_SOURCE_ID: 7, CELL_TARGET_ID: 1, RSRP_SOURCE: -107.45, RSRP_TARGET: -97.34, RSRQ_SOURCE: -3.00, RSRQ_TARGET: -3.00, SINR_SOURCE: 4.96, SINR_TARGET: 12.98, TIME_TO_TRIGGER: 8.00, A3_OFFSET: 8.00, HOF: 1
TIMESTAMP: 98, UE_ID: 296, CELL_SOURCE_ID: 1, CELL_TARGET_ID: 19, RSRP_SOURCE: -102.54, RSRP_TARGET: -93.70, RSRQ_SOURCE: -3.00, RSRQ_TARGET: -3.00, SINR_SOURCE: 8.92, SINR_TARGET: 16.26, TIME_TO_TRIGGER: 8.00, A3_OFFSET: 8.00, HOF: 1
TIMESTAMP: 100, UE_ID: 244, CELL_SOURCE_ID: 2, CELL_TARGET_ID: 1, RSRP_SOURCE: -99.35, RSRP_TARGET: -89.70, RSRQ_SOURCE: -3.00, RSRQ_TARGET: -3.00, SINR_SOURCE: 11.73, SINR_TARGET: 18.28, TIME_TO_TRIGGER: 8.00, A3_OFFSET: 8.00, HOF: 1
TIMESTAMP: 104, UE_ID: 280, CELL_SOURCE_ID: 16, CELL_TARGET_ID: 2, RSRP_SOURCE: -108.24, RSRP_TARGET: -98.03, RSRQ_SOURCE: -3.00, RSRQ_TARGET: -3.00, SINR_SOURCE: 1.80, SINR_TARGET: 11.78, TIME_TO_TRIGGER: 8.00, A3_OFFSET: 8.00, HOF: 1
TIMESTAMP: 107, UE_ID: 245, CELL_SOURCE_ID: 2, CELL_TARGET_ID: 4, RSRP_SOURCE: -107.30, RSRP_TARGET: -99.12, RSRQ_SOURCE: -3.00, RSRQ_TARGET: -3.00, SINR_SOURCE: 3.07, SINR_TARGET: 11.98, TIME_TO_TRIGGER: 8.00, A3_OFFSET: 8.00, HOF: 1
TIMESTAMP: 109, UE_ID: 251, CELL_SOURCE_ID: 17, CELL_TARGET_ID: 13, RSRP_SOURCE: -109.07, RSRP_TARGET: -97.18, RSRQ_SOURCE: -3.00, RSRQ_TARGET: -3.00, SINR_SOURCE: 2.87, SINR_TARGET: 11.66, TIME_TO_TRIGGER: 8.00, A3_OFFSET: 8.00, HOF: 1
TIMESTAMP: 109, UE_ID: 262, CELL_SOURCE_ID: 19, CELL_TARGET_ID: 2, RSRP_SOURCE: -101.85, RSRP_TARGET: -92.85, RSRQ_SOURCE: -3.00, RSRQ_TARGET: -3.00, SINR_SOURCE: 6.74, SINR_TARGET: 15.99, TIME_TO_TRIGGER: 8.00, A3_OFFSET: 8.00, HOF: 1
TIMESTAMP: 109, UE_ID: 275, CELL_SOURCE_ID: 4, CELL_TARGET_ID: 2, RSRP_SOURCE: -107.04, RSRP_TARGET: -98.52, RSRQ_SOURCE: -3.00, RSRQ_TARGET: -3.00, SINR_SOURCE: 5.45, SINR_TARGET: 10.77, TIME_TO_TRIGGER: 8.00, A3_OFFSET: 8.00, HOF: 1
TIMESTAMP: 113, UE_ID: 272, CELL_SOURCE_ID: 1, CELL_TARGET_ID: 2, RSRP_SOURCE: -108.80, RSRP_TARGET: -98.78, RSRQ_SOURCE: -3.00, RSRQ_TARGET: -3.00, SINR_SOURCE: -2.61, SINR_TARGET: 10.88, TIME_TO_TRIGGER: 8.00, A3_OFFSET: 8.00, HOF: 1
TIMESTAMP: 113, UE_ID: 289, CELL_SOURCE_ID: 1, CELL_TARGET_ID: 10, RSRP_SOURCE: -108.17, RSRP_TARGET: -96.91, RSRQ_SOURCE: -3.00, RSRQ_TARGET: -3.00, SINR_SOURCE: 3.23, SINR_TARGET: 12.99, TIME_TO_TRIGGER: 8.00, A3_OFFSET: 8.00, HOF: 1
TIMESTAMP: 114, UE_ID: 246, CELL_SOURCE_ID: 1, CELL_TARGET_ID: 2, RSRP_SOURCE: -96.18, RSRP_TARGET: -87.99, RSRQ_SOURCE: -3.00, RSRQ_TARGET: -3.00, SINR_SOURCE: 14.31, SINR_TARGET: 20.61, TIME_TO_TRIGGER: 8.00, A3_OFFSET: 8.00, HOF: 1
TIMESTAMP: 114, UE_ID: 265, CELL_SOURCE_ID: 1, CELL_TARGET_ID: 2, RSRP_SOURCE: -101.95, RSRP_TARGET: -93.88, RSRQ_SOURCE: -3.00, RSRQ_TARGET: -3.00, SINR_SOURCE: 8.32, SINR_TARGET: 15.82, TIME_TO_TRIGGER: 8.00, A3_OFFSET: 8.00, HOF: 1
TIMESTAMP: 114, UE_ID: 293, CELL_SOURCE_ID: 1, CELL_TARGET_ID: 2, RSRP_SOURCE: -102.08, RSRP_TARGET: -93.88, RSRQ_SOURCE: -3.00, RSRQ_TARGET: -3.00, SINR_SOURCE: 9.59, SINR_TARGET: 15.01, TIME_TO_TRIGGER: 8.00, A3_OFFSET: 8.00, HOF: 1
TIMESTAMP: 115, UE_ID: 278, CELL_SOURCE_ID: 1, CELL_TARGET_ID: 5, RSRP_SOURCE: -105.83, RSRP_TARGET: -92.95, RSRQ_SOURCE: -3.00, RSRQ_TARGET: -3.00, SINR_SOURCE: 3.84, SINR_TARGET: 20.36, TIME_TO_TRIGGER: 8.00, A3_OFFSET: 8.00, HOF: 1
TIMESTAMP: 116, UE_ID: 285, CELL_SOURCE_ID: 4, CELL_TARGET_ID: 8, RSRP_SOURCE: -109.67, RSRP_TARGET: -99.80, RSRQ_SOURCE: -3.00, RSRQ_TARGET: -3.00, SINR_SOURCE: -0.73, SINR_TARGET: 11.14, TIME_TO_TRIGGER: 8.00, A3_OFFSET: 8.00, HOF: 1
TIMESTAMP: 118, UE_ID: 244, CELL_SOURCE_ID: 1, CELL_TARGET_ID: 5, RSRP_SOURCE: -109.83, RSRP_TARGET: -98.24, RSRQ_SOURCE: -3.00, RSRQ_TARGET: -3.00, SINR_SOURCE: -1.56, SINR_TARGET: 11.32, TIME_TO_TRIGGER: 8.00, A3_OFFSET: 8.00, HOF: 1
TIMESTAMP: 118, UE_ID: 293, CELL_SOURCE_ID: 2, CELL_TARGET_ID: 3, RSRP_SOURCE: -106.37, RSRP_TARGET: -95.87, RSRQ_SOURCE: -3.00, RSRQ_TARGET: -3.00, SINR_SOURCE: 5.86, SINR_TARGET: 15.72, TIME_TO_TRIGGER: 8.00, A3_OFFSET: 8.00, HOF: 1
TIMESTAMP: 118, UE_ID: 297, CELL_SOURCE_ID: 20, CELL_TARGET_ID: 4, RSRP_SOURCE: -104.38, RSRP_TARGET: -96.28, RSRQ_SOURCE: -3.00, RSRQ_TARGET: -3.00, SINR_SOURCE: 7.04, SINR_TARGET: 15.70, TIME_TO_TRIGGER: 8.00, A3_OFFSET: 8.00, HOF: 1
TIMESTAMP: 119, UE_ID: 246, CELL_SOURCE_ID: 2, CELL_TARGET_ID: 3, RSRP_SOURCE: -108.63, RSRP_TARGET: -99.77, RSRQ_SOURCE: -3.00, RSRQ_TARGET: -3.00, SINR_SOURCE: 2.11, SINR_TARGET: 8.23, TIME_TO_TRIGGER: 8.00, A3_OFFSET: 8.00, HOF: 1
TIMESTAMP: 121, UE_ID: 255, CELL_SOURCE_ID: 7, CELL_TARGET_ID: 1, RSRP_SOURCE: -108.04, RSRP_TARGET: -99.50, RSRQ_SOURCE: -3.00, RSRQ_TARGET: -3.00, SINR_SOURCE: 4.36, SINR_TARGET: 9.25, TIME_TO_TRIGGER: 8.00, A3_OFFSET: 8.00, HOF: 1
TIMESTAMP: 121, UE_ID: 263, CELL_SOURCE_ID: 7, CELL_TARGET_ID: 9, RSRP_SOURCE: -107.02, RSRP_TARGET: -95.17, RSRQ_SOURCE: -3.00, RSRQ_TARGET: -3.00, SINR_SOURCE: 0.69, SINR_TARGET: 14.98, TIME_TO_TRIGGER: 8.00, A3_OFFSET: 8.00, HOF: 1
TIMESTAMP: 122, UE_ID: 253, CELL_SOURCE_ID: 5, CELL_TARGET_ID: 7, RSRP_SOURCE: -107.67, RSRP_TARGET: -95.00, RSRQ_SOURCE: -3.00, RSRQ_TARGET: -3.00, SINR_SOURCE: 0.32, SINR_TARGET: 16.93, TIME_TO_TRIGGER: 8.00, A3_OFFSET: 8.00, HOF: 1
TIMESTAMP: 122, UE_ID: 273, CELL_SOURCE_ID: 1, CELL_TARGET_ID: 7, RSRP_SOURCE: -107.48, RSRP_TARGET: -93.98, RSRQ_SOURCE: -3.00, RSRQ_TARGET: -3.00, SINR_SOURCE: 1.23, SINR_TARGET: 12.48, TIME_TO_TRIGGER: 8.00, A3_OFFSET: 8.00, HOF: 1
TIMESTAMP: 122, UE_ID: 286, CELL_SOURCE_ID: 4, CELL_TARGET_ID: 7, RSRP_SOURCE: -105.09, RSRP_TARGET: -94.50, RSRQ_SOURCE: -3.00, RSRQ_TARGET: -3.00, SINR_SOURCE: 4.85, SINR_TARGET: 16.79, TIME_TO_TRIGGER: 8.00, A3_OFFSET: 8.00, HOF: 1
TIMESTAMP: 128, UE_ID: 258, CELL_SOURCE_ID: 11, CELL_TARGET_ID: 12, RSRP_SOURCE: -109.15, RSRP_TARGET: -99.55, RSRQ_SOURCE: -3.00, RSRQ_TARGET: -3.00, SINR_SOURCE: -3.06, SINR_TARGET: 13.66, TIME_TO_TRIGGER: 8.00, A3_OFFSET: 8.00, HOF: 1
TIMESTAMP: 129, UE_ID: 269, CELL_SOURCE_ID: 8, CELL_TARGET_ID: 2, RSRP_SOURCE: -103.87, RSRP_TARGET: -94.76, RSRQ_SOURCE: -3.00, RSRQ_TARGET: -3.00, SINR_SOURCE: 9.01, SINR_TARGET: 12.71, TIME_TO_TRIGGER: 8.00, A3_OFFSET: 8.00, HOF: 1
TIMESTAMP: 129, UE_ID: 284, CELL_SOURCE_ID: 18, CELL_TARGET_ID: 16, RSRP_SOURCE: -108.25, RSRP_TARGET: -95.83, RSRQ_SOURCE: -3.00, RSRQ_TARGET: -3.00, SINR_SOURCE: 1.76, SINR_TARGET: 12.45, TIME_TO_TRIGGER: 8.00, A3_OFFSET: 8.00, HOF: 1
TIMESTAMP: 129, UE_ID: 285, CELL_SOURCE_ID: 8, CELL_TARGET_ID: 9, RSRP_SOURCE: -105.39, RSRP_TARGET: -96.89, RSRQ_SOURCE: -3.00, RSRQ_TARGET: -3.00, SINR_SOURCE: 2.55, SINR_TARGET: 14.20, TIME_TO_TRIGGER: 8.00, A3_OFFSET: 8.00, HOF: 1
TIMESTAMP: 130, UE_ID: 244, CELL_SOURCE_ID: 5, CELL_TARGET_ID: 1, RSRP_SOURCE: -101.91, RSRP_TARGET: -93.71, RSRQ_SOURCE: -3.00, RSRQ_TARGET: -3.00, SINR_SOURCE: 9.13, SINR_TARGET: 16.29, TIME_TO_TRIGGER: 8.00, A3_OFFSET: 8.00, HOF: 1
TIMESTAMP: 131, UE_ID: 245, CELL_SOURCE_ID: 9, CELL_TARGET_ID: 8, RSRP_SOURCE: -108.08, RSRP_TARGET: -96.84, RSRQ_SOURCE: -3.00, RSRQ_TARGET: -3.00, SINR_SOURCE: 2.32, SINR_TARGET: 13.64, TIME_TO_TRIGGER: 8.00, A3_OFFSET: 8.00, HOF: 1
TIMESTAMP: 131, UE_ID: 280, CELL_SOURCE_ID: 2, CELL_TARGET_ID: 12, RSRP_SOURCE: -108.83, RSRP_TARGET: -96.10, RSRQ_SOURCE: -3.00, RSRQ_TARGET: -3.00, SINR_SOURCE: -2.02, SINR_TARGET: 14.39, TIME_TO_TRIGGER: 8.00, A3_OFFSET: 8.00, HOF: 1
TIMESTAMP: 133, UE_ID: 246, CELL_SOURCE_ID: 3, CELL_TARGET_ID: 1, RSRP_SOURCE: -103.78, RSRP_TARGET: -94.00, RSRQ_SOURCE: -3.00, RSRQ_TARGET: -3.00, SINR_SOURCE: 4.31, SINR_TARGET: 15.94, TIME_TO_TRIGGER: 8.00, A3_OFFSET: 8.00, HOF: 1
TIMESTAMP: 133, UE_ID: 257, CELL_SOURCE_ID: 20, CELL_TARGET_ID: 1, RSRP_SOURCE: -102.17, RSRP_TARGET: -91.34, RSRQ_SOURCE: -3.00, RSRQ_TARGET: -3.00, SINR_SOURCE: 7.78, SINR_TARGET: 18.81, TIME_TO_TRIGGER: 8.00, A3_OFFSET: 8.00, HOF: 1
TIMESTAMP: 133, UE_ID: 293, CELL_SOURCE_ID: 3, CELL_TARGET_ID: 1, RSRP_SOURCE: -100.39, RSRP_TARGET: -90.82, RSRQ_SOURCE: -3.00, RSRQ_TARGET: -3.00, SINR_SOURCE: 6.62, SINR_TARGET: 17.65, TIME_TO_TRIGGER: 8.00, A3_OFFSET: 8.00, HOF: 1
TIMESTAMP: 134, UE_ID: 256, CELL_SOURCE_ID: 21, CELL_TARGET_ID: 5, RSRP_SOURCE: -109.26, RSRP_TARGET: -98.24, RSRQ_SOURCE: -3.00, RSRQ_TARGET: -3.00, SINR_SOURCE: 0.36, SINR_TARGET: 13.68, TIME_TO_TRIGGER: 8.00, A3_OFFSET: 8.00, HOF: 1
TIMESTAMP: 136, UE_ID: 244, CELL_SOURCE_ID: 1, CELL_TARGET_ID: 2, RSRP_SOURCE: -106.52, RSRP_TARGET: -94.75, RSRQ_SOURCE: -3.00, RSRQ_TARGET: -3.00, SINR_SOURCE: 0.71, SINR_TARGET: 15.52, TIME_TO_TRIGGER: 8.00, A3_OFFSET: 8.00, HOF: 1
TIMESTAMP: 136, UE_ID: 252, CELL_SOURCE_ID: 19, CELL_TARGET_ID: 13, RSRP_SOURCE: -107.24, RSRP_TARGET: -97.72, RSRQ_SOURCE: -3.00, RSRQ_TARGET: -3.00, SINR_SOURCE: 4.18, SINR_TARGET: 10.06, TIME_TO_TRIGGER: 8.00, A3_OFFSET: 8.00, HOF: 1
TIMESTAMP: 136, UE_ID: 293, CELL_SOURCE_ID: 1, CELL_TARGET_ID: 8, RSRP_SOURCE: -107.54, RSRP_TARGET: -99.06, RSRQ_SOURCE: -3.00, RSRQ_TARGET: -3.00, SINR_SOURCE: 2.04, SINR_TARGET: 10.61, TIME_TO_TRIGGER: 8.00, A3_OFFSET: 8.00, HOF: 1
TIMESTAMP: 137, UE_ID: 241, CELL_SOURCE_ID: 1, CELL_TARGET_ID: 7, RSRP_SOURCE: -108.82, RSRP_TARGET: -98.90, RSRQ_SOURCE: -3.00, RSRQ_TARGET: -3.00, SINR_SOURCE: 5.03, SINR_TARGET: 10.16, TIME_TO_TRIGGER: 8.00, A3_OFFSET: 8.00, HOF: 0
TIMESTAMP: 139, UE_ID: 284, CELL_SOURCE_ID: 18, CELL_TARGET_ID: 15, RSRP_SOURCE: -109.58, RSRP_TARGET: -99.67, RSRQ_SOURCE: -3.00, RSRQ_TARGET: -3.00, SINR_SOURCE: -2.85, SINR_TARGET: 11.27, TIME_TO_TRIGGER: 8.00, A3_OFFSET: 8.00, HOF: 1
TIMESTAMP: 139, UE_ID: 297, CELL_SOURCE_ID: 4, CELL_TARGET_ID: 6, RSRP_SOURCE: -109.64, RSRP_TARGET: -99.17, RSRQ_SOURCE: -3.00, RSRQ_TARGET: -3.00, SINR_SOURCE: 5.00, SINR_TARGET: 10.81, TIME_TO_TRIGGER: 8.00, A3_OFFSET: 8.00, HOF: 1
TIMESTAMP: 141, UE_ID: 246, CELL_SOURCE_ID: 18, CELL_TARGET_ID: 19, RSRP_SOURCE: -109.11, RSRP_TARGET: -99.75, RSRQ_SOURCE: -3.00, RSRQ_TARGET: -3.00, SINR_SOURCE: 1.42, SINR_TARGET: 11.21, TIME_TO_TRIGGER: 8.00, A3_OFFSET: 8.00, HOF: 1
TIMESTAMP: 143, UE_ID: 293, CELL_SOURCE_ID: 8, CELL_TARGET_ID: 4, RSRP_SOURCE: -104.25, RSRP_TARGET: -95.62, RSRQ_SOURCE: -3.00, RSRQ_TARGET: -3.00, SINR_SOURCE: 5.60, SINR_TARGET: 15.29, TIME_TO_TRIGGER: 8.00, A3_OFFSET: 8.00, HOF: 1
TIMESTAMP: 145, UE_ID: 296, CELL_SOURCE_ID: 19, CELL_TARGET_ID: 6, RSRP_SOURCE: -107.22, RSRP_TARGET: -98.80, RSRQ_SOURCE: -3.00, RSRQ_TARGET: -3.00, SINR_SOURCE: 3.10, SINR_TARGET: 11.36, TIME_TO_TRIGGER: 8.00, A3_OFFSET: 8.00, HOF: 0
TIMESTAMP: 145, UE_ID: 300, CELL_SOURCE_ID: 19, CELL_TARGET_ID: 4, RSRP_SOURCE: -106.18, RSRP_TARGET: -94.08, RSRQ_SOURCE: -3.00, RSRQ_TARGET: -3.00, SINR_SOURCE: 3.78, SINR_TARGET: 17.68, TIME_TO_TRIGGER: 8.00, A3_OFFSET: 8.00, HOF: 1
TIMESTAMP: 146, UE_ID: 243, CELL_SOURCE_ID: 19, CELL_TARGET_ID: 1, RSRP_SOURCE: -104.17, RSRP_TARGET: -95.90, RSRQ_SOURCE: -3.00, RSRQ_TARGET: -3.00, SINR_SOURCE: 4.85, SINR_TARGET: 13.58, TIME_TO_TRIGGER: 8.00, A3_OFFSET: 8.00, HOF: 1
TIMESTAMP: 149, UE_ID: 292, CELL_SOURCE_ID: 11, CELL_TARGET_ID: 1, RSRP_SOURCE: -109.06, RSRP_TARGET: -99.98, RSRQ_SOURCE: -3.00, RSRQ_TARGET: -3.00, SINR_SOURCE: -0.48, SINR_TARGET: 7.09, TIME_TO_TRIGGER: 8.00, A3_OFFSET: 8.00, HOF: 1
TIMESTAMP: 150, UE_ID: 289, CELL_SOURCE_ID: 18, CELL_TARGET_ID: 17, RSRP_SOURCE: -107.93, RSRP_TARGET: -97.71, RSRQ_SOURCE: -3.00, RSRQ_TARGET: -3.00, SINR_SOURCE: 4.03, SINR_TARGET: 10.66, TIME_TO_TRIGGER: 8.00, A3_OFFSET: 8.00, HOF: 1
TIMESTAMP: 152, UE_ID: 276, CELL_SOURCE_ID: 16, CELL_TARGET_ID: 4, RSRP_SOURCE: -108.01, RSRP_TARGET: -99.94, RSRQ_SOURCE: -3.00, RSRQ_TARGET: -3.00, SINR_SOURCE: 4.10, SINR_TARGET: 10.40, TIME_TO_TRIGGER: 8.00, A3_OFFSET: 8.00, HOF: 1
TIMESTAMP: 153, UE_ID: 289, CELL_SOURCE_ID: 17, CELL_TARGET_ID: 11, RSRP_SOURCE: -106.48, RSRP_TARGET: -97.32, RSRQ_SOURCE: -3.00, RSRQ_TARGET: -3.00, SINR_SOURCE: 3.82, SINR_TARGET: 12.65, TIME_TO_TRIGGER: 8.00, A3_OFFSET: 8.00, HOF: 1
TIMESTAMP: 155, UE_ID: 242, CELL_SOURCE_ID: 12, CELL_TARGET_ID: 14, RSRP_SOURCE: -109.54, RSRP_TARGET: -99.56, RSRQ_SOURCE: -3.00, RSRQ_TARGET: -3.00, SINR_SOURCE: 4.54, SINR_TARGET: 9.30, TIME_TO_TRIGGER: 8.00, A3_OFFSET: 8.00, HOF: 1
TIMESTAMP: 156, UE_ID: 278, CELL_SOURCE_ID: 6, CELL_TARGET_ID: 5, RSRP_SOURCE: -109.30, RSRP_TARGET: -99.28, RSRQ_SOURCE: -3.00, RSRQ_TARGET: -3.00, SINR_SOURCE: 0.12, SINR_TARGET: 8.19, TIME_TO_TRIGGER: 8.00, A3_OFFSET: 8.00, HOF: 1
TIMESTAMP: 157, UE_ID: 253, CELL_SOURCE_ID: 19, CELL_TARGET_ID: 2, RSRP_SOURCE: -103.31, RSRP_TARGET: -95.00, RSRQ_SOURCE: -3.00, RSRQ_TARGET: -3.00, SINR_SOURCE: 6.06, SINR_TARGET: 11.87, TIME_TO_TRIGGER: 8.00, A3_OFFSET: 8.00, HOF: 1
TIMESTAMP: 158, UE_ID: 243, CELL_SOURCE_ID: 20, CELL_TARGET_ID: 19, RSRP_SOURCE: -107.43, RSRP_TARGET: -96.66, RSRQ_SOURCE: -3.00, RSRQ_TARGET: -3.00, SINR_SOURCE: 1.71, SINR_TARGET: 14.38, TIME_TO_TRIGGER: 8.00, A3_OFFSET: 8.00, HOF: 1
TIMESTAMP: 159, UE_ID: 277, CELL_SOURCE_ID: 3, CELL_TARGET_ID: 2, RSRP_SOURCE: -107.87, RSRP_TARGET: -97.64, RSRQ_SOURCE: -3.00, RSRQ_TARGET: -3.00, SINR_SOURCE: -0.56, SINR_TARGET: 11.74, TIME_TO_TRIGGER: 8.00, A3_OFFSET: 8.00, HOF: 1
TIMESTAMP: 160, UE_ID: 246, CELL_SOURCE_ID: 21, CELL_TARGET_ID: 16, RSRP_SOURCE: -107.10, RSRP_TARGET: -98.91, RSRQ_SOURCE: -3.00, RSRQ_TARGET: -3.00, SINR_SOURCE: 2.18, SINR_TARGET: 12.68, TIME_TO_TRIGGER: 8.00, A3_OFFSET: 8.00, HOF: 1
TIMESTAMP: 160, UE_ID: 270, CELL_SOURCE_ID: 12, CELL_TARGET_ID: 7, RSRP_SOURCE: -102.99, RSRP_TARGET: -94.19, RSRQ_SOURCE: -3.00, RSRQ_TARGET: -3.00, SINR_SOURCE: 7.57, SINR_TARGET: 13.98, TIME_TO_TRIGGER: 8.00, A3_OFFSET: 8.00, HOF: 1
TIMESTAMP: 160, UE_ID: 288, CELL_SOURCE_ID: 12, CELL_TARGET_ID: 16, RSRP_SOURCE: -106.23, RSRP_TARGET: -97.81, RSRQ_SOURCE: -3.00, RSRQ_TARGET: -3.00, SINR_SOURCE: 4.64, SINR_TARGET: 12.44, TIME_TO_TRIGGER: 8.00, A3_OFFSET: 8.00, HOF: 1
TIMESTAMP: 161, UE_ID: 274, CELL_SOURCE_ID: 21, CELL_TARGET_ID: 5, RSRP_SOURCE: -109.73, RSRP_TARGET: -98.85, RSRQ_SOURCE: -3.00, RSRQ_TARGET: -3.00, SINR_SOURCE: -0.63, SINR_TARGET: 12.10, TIME_TO_TRIGGER: 8.00, A3_OFFSET: 8.00, HOF: 1
TIMESTAMP: 161, UE_ID: 291, CELL_SOURCE_ID: 9, CELL_TARGET_ID: 5, RSRP_SOURCE: -106.59, RSRP_TARGET: -98.29, RSRQ_SOURCE: -3.00, RSRQ_TARGET: -3.00, SINR_SOURCE: 0.49, SINR_TARGET: 13.43, TIME_TO_TRIGGER: 8.00, A3_OFFSET: 8.00, HOF: 0
TIMESTAMP: 162, UE_ID: 256, CELL_SOURCE_ID: 19, CELL_TARGET_ID: 20, RSRP_SOURCE: -105.47, RSRP_TARGET: -95.00, RSRQ_SOURCE: -3.00, RSRQ_TARGET: -3.00, SINR_SOURCE: 4.02, SINR_TARGET: 11.91, TIME_TO_TRIGGER: 8.00, A3_OFFSET: 8.00, HOF: 1
TIMESTAMP: 165, UE_ID: 268, CELL_SOURCE_ID: 9, CELL_TARGET_ID: 11, RSRP_SOURCE: -107.60, RSRP_TARGET: -98.30, RSRQ_SOURCE: -3.00, RSRQ_TARGET: -3.00, SINR_SOURCE: 1.83, SINR_TARGET: 13.25, TIME_TO_TRIGGER: 8.00, A3_OFFSET: 8.00, HOF: 1
TIMESTAMP: 166, UE_ID: 294, CELL_SOURCE_ID: 9, CELL_TARGET_ID: 7, RSRP_SOURCE: -107.67, RSRP_TARGET: -99.24, RSRQ_SOURCE: -3.00, RSRQ_TARGET: -3.00, SINR_SOURCE: 3.68, SINR_TARGET: 11.49, TIME_TO_TRIGGER: 8.00, A3_OFFSET: 8.00, HOF: 1
TIMESTAMP: 170, UE_ID: 300, CELL_SOURCE_ID: 21, CELL_TARGET_ID: 4, RSRP_SOURCE: -108.95, RSRP_TARGET: -98.73, RSRQ_SOURCE: -3.00, RSRQ_TARGET: -3.00, SINR_SOURCE: 2.65, SINR_TARGET: 14.53, TIME_TO_TRIGGER: 8.00, A3_OFFSET: 8.00, HOF: 1
TIMESTAMP: 171, UE_ID: 243, CELL_SOURCE_ID: 19, CELL_TARGET_ID: 3, RSRP_SOURCE: -107.24, RSRP_TARGET: -99.23, RSRQ_SOURCE: -3.00, RSRQ_TARGET: -3.00, SINR_SOURCE: 2.78, SINR_TARGET: 11.32, TIME_TO_TRIGGER: 8.00, A3_OFFSET: 8.00, HOF: 1
TIMESTAMP: 171, UE_ID: 266, CELL_SOURCE_ID: 11, CELL_TARGET_ID: 13, RSRP_SOURCE: -108.23, RSRP_TARGET: -99.75, RSRQ_SOURCE: -3.00, RSRQ_TARGET: -3.00, SINR_SOURCE: 0.48, SINR_TARGET: 9.55, TIME_TO_TRIGGER: 8.00, A3_OFFSET: 8.00, HOF: 1
TIMESTAMP: 174, UE_ID: 248, CELL_SOURCE_ID: 17, CELL_TARGET_ID: 13, RSRP_SOURCE: -109.11, RSRP_TARGET: -96.09, RSRQ_SOURCE: -3.00, RSRQ_TARGET: -3.00, SINR_SOURCE: 0.61, SINR_TARGET: 13.24, TIME_TO_TRIGGER: 8.00, A3_OFFSET: 8.00, HOF: 1
TIMESTAMP: 175, UE_ID: 260, CELL_SOURCE_ID: 17, CELL_TARGET_ID: 12, RSRP_SOURCE: -108.25, RSRP_TARGET: -98.97, RSRQ_SOURCE: -3.00, RSRQ_TARGET: -3.00, SINR_SOURCE: -2.37, SINR_TARGET: 10.70, TIME_TO_TRIGGER: 8.00, A3_OFFSET: 8.00, HOF: 0
TIMESTAMP: 177, UE_ID: 262, CELL_SOURCE_ID: 19, CELL_TARGET_ID: 6, RSRP_SOURCE: -106.39, RSRP_TARGET: -95.76, RSRQ_SOURCE: -3.00, RSRQ_TARGET: -3.00, SINR_SOURCE: 4.16, SINR_TARGET: 13.46, TIME_TO_TRIGGER: 8.00, A3_OFFSET: 8.00, HOF: 1
TIMESTAMP: 180, UE_ID: 287, CELL_SOURCE_ID: 6, CELL_TARGET_ID: 4, RSRP_SOURCE: -106.59, RSRP_TARGET: -98.30, RSRQ_SOURCE: -3.00, RSRQ_TARGET: -3.00, SINR_SOURCE: 4.98, SINR_TARGET: 12.68, TIME_TO_TRIGGER: 8.00, A3_OFFSET: 8.00, HOF: 1
TIMESTAMP: 181, UE_ID: 298, CELL_SOURCE_ID: 1, CELL_TARGET_ID: 15, RSRP_SOURCE: -108.02, RSRP_TARGET: -98.07, RSRQ_SOURCE: -3.00, RSRQ_TARGET: -3.00, SINR_SOURCE: 3.25, SINR_TARGET: 10.87, TIME_TO_TRIGGER: 8.00, A3_OFFSET: 8.00, HOF: 1
TIMESTAMP: 183, UE_ID: 259, CELL_SOURCE_ID: 12, CELL_TARGET_ID: 3, RSRP_SOURCE: -104.72, RSRP_TARGET: -94.87, RSRQ_SOURCE: -3.00, RSRQ_TARGET: -3.00, SINR_SOURCE: 5.46, SINR_TARGET: 14.69, TIME_TO_TRIGGER: 8.00, A3_OFFSET: 8.00, HOF: 1
TIMESTAMP: 184, UE_ID: 278, CELL_SOURCE_ID: 5, CELL_TARGET_ID: 1, RSRP_SOURCE: -109.75, RSRP_TARGET: -97.98, RSRQ_SOURCE: -3.00, RSRQ_TARGET: -3.00, SINR_SOURCE: -1.28, SINR_TARGET: 13.46, TIME_TO_TRIGGER: 8.00, A3_OFFSET: 8.00, HOF: 1
TIMESTAMP: 185, UE_ID: 247, CELL_SOURCE_ID: 19, CELL_TARGET_ID: 2, RSRP_SOURCE: -105.01, RSRP_TARGET: -94.05, RSRQ_SOURCE: -3.00, RSRQ_TARGET: -3.00, SINR_SOURCE: 6.45, SINR_TARGET: 17.80, TIME_TO_TRIGGER: 8.00, A3_OFFSET: 8.00, HOF: 1
TIMESTAMP: 186, UE_ID: 254, CELL_SOURCE_ID: 19, CELL_TARGET_ID: 20, RSRP_SOURCE: -108.00, RSRP_TARGET: -99.80, RSRQ_SOURCE: -3.00, RSRQ_TARGET: -3.00, SINR_SOURCE: 3.70, SINR_TARGET: 7.41, TIME_TO_TRIGGER: 8.00, A3_OFFSET: 8.00, HOF: 1
TIMESTAMP: 186, UE_ID: 257, CELL_SOURCE_ID: 17, CELL_TARGET_ID: 16, RSRP_SOURCE: -107.54, RSRP_TARGET: -98.94, RSRQ_SOURCE: -3.00, RSRQ_TARGET: -3.00, SINR_SOURCE: -0.34, SINR_TARGET: 12.76, TIME_TO_TRIGGER: 8.00, A3_OFFSET: 8.00, HOF: 1
TIMESTAMP: 186, UE_ID: 296, CELL_SOURCE_ID: 21, CELL_TARGET_ID: 16, RSRP_SOURCE: -108.81, RSRP_TARGET: -99.85, RSRQ_SOURCE: -3.00, RSRQ_TARGET: -3.00, SINR_SOURCE: 1.47, SINR_TARGET: 12.62, TIME_TO_TRIGGER: 8.00, A3_OFFSET: 8.00, HOF: 1
TIMESTAMP: 187, UE_ID: 248, CELL_SOURCE_ID: 16, CELL_TARGET_ID: 4, RSRP_SOURCE: -107.37, RSRP_TARGET: -98.98, RSRQ_SOURCE: -3.00, RSRQ_TARGET: -3.00, SINR_SOURCE: 4.96, SINR_TARGET: 13.13, TIME_TO_TRIGGER: 8.00, A3_OFFSET: 8.00, HOF: 1
TIMESTAMP: 191, UE_ID: 259, CELL_SOURCE_ID: 3, CELL_TARGET_ID: 13, RSRP_SOURCE: -107.59, RSRP_TARGET: -97.52, RSRQ_SOURCE: -3.00, RSRQ_TARGET: -3.00, SINR_SOURCE: -0.99, SINR_TARGET: 11.34, TIME_TO_TRIGGER: 8.00, A3_OFFSET: 8.00, HOF: 1
TIMESTAMP: 192, UE_ID: 285, CELL_SOURCE_ID: 13, CELL_TARGET_ID: 2, RSRP_SOURCE: -109.93, RSRP_TARGET: -99.85, RSRQ_SOURCE: -3.00, RSRQ_TARGET: -3.00, SINR_SOURCE: 0.38, SINR_TARGET: 12.03, TIME_TO_TRIGGER: 8.00, A3_OFFSET: 8.00, HOF: 1
TIMESTAMP: 195, UE_ID: 263, CELL_SOURCE_ID: 1, CELL_TARGET_ID: 2, RSRP_SOURCE: -107.65, RSRP_TARGET: -98.91, RSRQ_SOURCE: -3.00, RSRQ_TARGET: -3.00, SINR_SOURCE: 2.36, SINR_TARGET: 14.49, TIME_TO_TRIGGER: 8.00, A3_OFFSET: 8.00, HOF: 1
TIMESTAMP: 201, UE_ID: 296, CELL_SOURCE_ID: 20, CELL_TARGET_ID: 1, RSRP_SOURCE: -107.15, RSRP_TARGET: -96.93, RSRQ_SOURCE: -3.00, RSRQ_TARGET: -3.00, SINR_SOURCE: 2.72, SINR_TARGET: 12.66, TIME_TO_TRIGGER: 8.00, A3_OFFSET: 8.00, HOF: 1
TIMESTAMP: 202, UE_ID: 288, CELL_SOURCE_ID: 15, CELL_TARGET_ID: 13, RSRP_SOURCE: -109.41, RSRP_TARGET: -96.68, RSRQ_SOURCE: -3.00, RSRQ_TARGET: -3.00, SINR_SOURCE: 0.01, SINR_TARGET: 10.01, TIME_TO_TRIGGER: 8.00, A3_OFFSET: 8.00, HOF: 1
TIMESTAMP: 219, UE_ID: 260, CELL_SOURCE_ID: 16, CELL_TARGET_ID: 3, RSRP_SOURCE: -107.89, RSRP_TARGET: -99.89, RSRQ_SOURCE: -3.00, RSRQ_TARGET: -3.00, SINR_SOURCE: 2.61, SINR_TARGET: 11.41, TIME_TO_TRIGGER: 8.00, A3_OFFSET: 8.00, HOF: 1
TIMESTAMP: 222, UE_ID: 268, CELL_SOURCE_ID: 11, CELL_TARGET_ID: 10, RSRP_SOURCE: -109.46, RSRP_TARGET: -98.89, RSRQ_SOURCE: -3.00, RSRQ_TARGET: -3.00, SINR_SOURCE: 2.03, SINR_TARGET: 10.08, TIME_TO_TRIGGER: 8.00, A3_OFFSET: 8.00, HOF: 1
TIMESTAMP: 232, UE_ID: 243, CELL_SOURCE_ID: 19, CELL_TARGET_ID: 4, RSRP_SOURCE: -107.39, RSRP_TARGET: -97.99, RSRQ_SOURCE: -3.00, RSRQ_TARGET: -3.00, SINR_SOURCE: 2.55, SINR_TARGET: 15.38, TIME_TO_TRIGGER: 8.00, A3_OFFSET: 8.00, HOF: 1
TIMESTAMP: 245, UE_ID: 244, CELL_SOURCE_ID: 1, CELL_TARGET_ID: 2, RSRP_SOURCE: -106.85, RSRP_TARGET: -98.67, RSRQ_SOURCE: -3.00, RSRQ_TARGET: -3.00, SINR_SOURCE: 1.14, SINR_TARGET: 12.73, TIME_TO_TRIGGER: 8.00, A3_OFFSET: 8.00, HOF: 1
TIMESTAMP: 256, UE_ID: 272, CELL_SOURCE_ID: 10, CELL_TARGET_ID: 4, RSRP_SOURCE: -109.56, RSRP_TARGET: -72.27, RSRQ_SOURCE: -3.00, RSRQ_TARGET: -3.00, SINR_SOURCE: -0.66, SINR_TARGET: 38.54, TIME_TO_TRIGGER: 8.00, A3_OFFSET: 8.00, HOF: 1
