TIMESTAMP: 22, UE_ID: 249, CELL_SOURCE_ID: 2, CELL_TARGET_ID: 1, RSRP_SOURCE: -77.77, RSRP_TARGET: -68.29, RSRQ_SOURCE: -3.00, RSRQ_TARGET: -3.00, SINR_SOURCE: 29.14, SINR_TARGET: 43.58, TIME_TO_TRIGGER: 8.00, A3_OFFSET: 8.00, HOF: 1
TIMESTAMP: 24, UE_ID: 246, CELL_SOURCE_ID: 14, CELL_TARGET_ID: 1, RSRP_SOURCE: -83.25, RSRP_TARGET: -64.90, RSRQ_SOURCE: -3.00, RSRQ_TARGET: -3.00, SINR_SOURCE: 29.47, SINR_TARGET: 48.63, TIME_TO_TRIGGER: 8.00, A3_OFFSET: 8.00, HOF: 1
TIMESTAMP: 24, UE_ID: 249, CELL_SOURCE_ID: 1, CELL_TARGET_ID: 2, RSRP_SOURCE: -90.12, RSRP_TARGET: -79.78, RSRQ_SOURCE: -3.00, RSRQ_TARGET: -3.00, SINR_SOURCE: 18.84, SINR_TARGET: 31.37, TIME_TO_TRIGGER: 8.00, A3_OFFSET: 8.00, HOF: 1
TIMESTAMP: 27, UE_ID: 262, CELL_SOURCE_ID: 2, CELL_TARGET_ID: 1, RSRP_SOURCE: -78.93, RSRP_TARGET: -68.50, RSRQ_SOURCE: -3.00, RSRQ_TARGET: -3.00, SINR_SOURCE: 36.15, SINR_TARGET: 42.91, TIME_TO_TRIGGER: 8.00, A3_OFFSET: 8.00, HOF: 1
TIMESTAMP: 27, UE_ID: 278, CELL_SOURCE_ID: 10, CELL_TARGET_ID: 1, RSRP_SOURCE: -71.21, RSRP_TARGET: -62.32, RSRQ_SOURCE: -3.00, RSRQ_TARGET: -3.00, SINR_SOURCE: 36.33, SINR_TARGET: 46.37, TIME_TO_TRIGGER: 8.00, A3_OFFSET: 8.00, HOF: 1
TIMESTAMP: 27, UE_ID: 295, CELL_SOURCE_ID: 4, CELL_TARGET_ID: 1, RSRP_SOURCE: -97.95, RSRP_TARGET: -89.39, RSRQ_SOURCE: -3.00, RSRQ_TARGET: -3.00, SINR_SOURCE: 14.34, SINR_TARGET: 19.31, TIME_TO_TRIGGER: 8.00, A3_OFFSET: 8.00, HOF: 1
TIMESTAMP: 27, UE_ID: 296, CELL_SOURCE_ID: 3, CELL_TARGET_ID: 1, RSRP_SOURCE: -65.78, RSRP_TARGET: -56.77, RSRQ_SOURCE: -3.00, RSRQ_TARGET: -3.00, SINR_SOURCE: 46.51, SINR_TARGET: 53.07, TIME_TO_TRIGGER: 8.00, A3_OFFSET: 8.00, HOF: 1
TIMESTAMP: 28, UE_ID: 249, CELL_SOURCE_ID: 2, CELL_TARGET_ID: 1, RSRP_SOURCE: -83.16, RSRP_TARGET: -74.99, RSRQ_SOURCE: -3.00, RSRQ_TARGET: -3.00, SINR_SOURCE: 27.09, SINR_TARGET: 36.25, TIME_TO_TRIGGER: 8.00, A3_OFFSET: 8.00, HOF: 1
TIMESTAMP: 33, UE_ID: 293, CELL_SOURCE_ID: 12, CELL_TARGET_ID: 1, RSRP_SOURCE: -65.26, RSRP_TARGET: -55.27, RSRQ_SOURCE: -3.00, RSRQ_TARGET: -3.00, SINR_SOURCE: 45.39, SINR_TARGET: 51.64, TIME_TO_TRIGGER: 8.00, A3_OFFSET: 8.00, HOF: 1
TIMESTAMP: 36, UE_ID: 246, CELL_SOURCE_ID: 1, CELL_TARGET_ID: 2, RSRP_SOURCE: -84.10, RSRP_TARGET: -73.37, RSRQ_SOURCE: -3.00, RSRQ_TARGET: -3.00, SINR_SOURCE: 25.20, SINR_TARGET: 37.01, TIME_TO_TRIGGER: 8.00, A3_OFFSET: 8.00, HOF: 1
TIMESTAMP: 36, UE_ID: 249, CELL_SOURCE_ID: 1, CELL_TARGET_ID: 2, RSRP_SOURCE: -92.53, RSRP_TARGET: -82.20, RSRQ_SOURCE: -3.00, RSRQ_TARGET: -3.00, SINR_SOURCE: 15.58, SINR_TARGET: 28.57, TIME_TO_TRIGGER: 8.00, A3_OFFSET: 8.00, HOF: 1
TIMESTAMP: 36, UE_ID: 262, CELL_SOURCE_ID: 1, CELL_TARGET_ID: 2, RSRP_SOURCE: -85.40, RSRP_TARGET: -76.34, RSRQ_SOURCE: -3.00, RSRQ_TARGET: -3.00, SINR_SOURCE: 22.80, SINR_TARGET: 35.75, TIME_TO_TRIGGER: 8.00, A3_OFFSET: 8.00, HOF: 1
TIMESTAMP: 36, UE_ID: 265, CELL_SOURCE_ID: 1, CELL_TARGET_ID: 2, RSRP_SOURCE: -88.30, RSRP_TARGET: -78.60, RSRQ_SOURCE: -3.00, RSRQ_TARGET: -3.00, SINR_SOURCE: 21.83, SINR_TARGET: 31.27, TIME_TO_TRIGGER: 8.00, A3_OFFSET: 8.00, HOF: 1
TIMESTAMP: 36, UE_ID: 295, CELL_SOURCE_ID: 1, CELL_TARGET_ID: 2, RSRP_SOURCE: -92.72, RSRP_TARGET: -81.64, RSRQ_SOURCE: -3.00, RSRQ_TARGET: -3.00, SINR_SOURCE: 17.64, SINR_TARGET: 28.98, TIME_TO_TRIGGER: 8.00, A3_OFFSET: 8.00, HOF: 1
TIMESTAMP: 38, UE_ID: 260, CELL_SOURCE_ID: 10, CELL_TARGET_ID: 1, RSRP_SOURCE: -81.86, RSRP_TARGET: -51.72, RSRQ_SOURCE: -3.00, RSRQ_TARGET: -3.00, SINR_SOURCE: 30.91, SINR_TARGET: 53.27, TIME_TO_TRIGGER: 8.00, A3_OFFSET: 8.00, HOF: 1
TIMESTAMP: 41, UE_ID: 246, CELL_SOURCE_ID: 2, CELL_TARGET_ID: 1, RSRP_SOURCE: -59.11, RSRP_TARGET: -50.06, RSRQ_SOURCE: -3.00, RSRQ_TARGET: -3.00, SINR_SOURCE: 52.10, SINR_TARGET: 60.46, TIME_TO_TRIGGER: 8.00, A3_OFFSET: 8.00, HOF: 1
TIMESTAMP: 42, UE_ID: 249, CELL_SOURCE_ID: 2, CELL_TARGET_ID: 1, RSRP_SOURCE: -91.18, RSRP_TARGET: -80.72, RSRQ_SOURCE: -3.00, RSRQ_TARGET: -3.00, SINR_SOURCE: 18.31, SINR_TARGET: 32.15, TIME_TO_TRIGGER: 8.00, A3_OFFSET: 8.00, HOF: 1
TIMESTAMP: 42, UE_ID: 265, CELL_SOURCE_ID: 2, CELL_TARGET_ID: 1, RSRP_SOURCE: -85.59, RSRP_TARGET: -76.70, RSRQ_SOURCE: -3.00, RSRQ_TARGET: -3.00, SINR_SOURCE: 20.29, SINR_TARGET: 36.58, TIME_TO_TRIGGER: 8.00, A3_OFFSET: 8.00, HOF: 1
TIMESTAMP: 43, UE_ID: 246, CELL_SOURCE_ID: 1, CELL_TARGET_ID: 2, RSRP_SOURCE: -80.60, RSRP_TARGET: -69.60, RSRQ_SOURCE: -3.00, RSRQ_TARGET: -3.00, SINR_SOURCE: 29.09, SINR_TARGET: 40.97, TIME_TO_TRIGGER: 8.00, A3_OFFSET: 8.00, HOF: 1
TIMESTAMP: 44, UE_ID: 287, CELL_SOURCE_ID: 14, CELL_TARGET_ID: 1, RSRP_SOURCE: -83.15, RSRP_TARGET: -70.70, RSRQ_SOURCE: -3.00, RSRQ_TARGET: -3.00, SINR_SOURCE: 27.77, SINR_TARGET: 38.87, TIME_TO_TRIGGER: 8.00, A3_OFFSET: 8.00, HOF: 1
TIMESTAMP: 46, UE_ID: 296, CELL_SOURCE_ID: 1, CELL_TARGET_ID: 2, RSRP_SOURCE: -87.07, RSRP_TARGET: -77.40, RSRQ_SOURCE: -3.00, RSRQ_TARGET: -3.00, SINR_SOURCE: 21.68, SINR_TARGET: 35.07, TIME_TO_TRIGGER: 8.00, A3_OFFSET: 8.00, HOF: 1
TIMESTAMP: 48, UE_ID: 244, CELL_SOURCE_ID: 14, CELL_TARGET_ID: 1, RSRP_SOURCE: -75.97, RSRP_TARGET: -60.64, RSRQ_SOURCE: -3.00, RSRQ_TARGET: -3.00, SINR_SOURCE: 33.04, SINR_TARGET: 48.84, TIME_TO_TRIGGER: 8.00, A3_OFFSET: 8.00, HOF: 1
TIMESTAMP: 48, UE_ID: 253, CELL_SOURCE_ID: 17, CELL_TARGET_ID: 1, RSRP_SOURCE: -97.35, RSRP_TARGET: -87.35, RSRQ_SOURCE: -3.00, RSRQ_TARGET: -3.00, SINR_SOURCE: 13.83, SINR_TARGET: 21.78, TIME_TO_TRIGGER: 8.00, A3_OFFSET: 8.00, HOF: 1
TIMESTAMP: 48, UE_ID: 254, CELL_SOURCE_ID: 16, CELL_TARGET_ID: 1, RSRP_SOURCE: -89.42, RSRP_TARGET: -79.79, RSRQ_SOURCE: -3.00, RSRQ_TARGET: -3.00, SINR_SOURCE: 21.76, SINR_TARGET: 27.76, TIME_TO_TRIGGER: 8.00, A3_OFFSET: 8.00, HOF: 1
TIMESTAMP: 49, UE_ID: 256, CELL_SOURCE_ID: 17, CELL_TARGET_ID: 1, RSRP_SOURCE: -104.75, RSRP_TARGET: -95.61, RSRQ_SOURCE: -3.00, RSRQ_TARGET: -3.00, SINR_SOURCE: 4.77, SINR_TARGET: 13.83, TIME_TO_TRIGGER: 8.00, A3_OFFSET: 8.00, HOF: 1
TIMESTAMP: 49, UE_ID: 280, CELL_SOURCE_ID: 16, CELL_TARGET_ID: 1, RSRP_SOURCE: -97.24, RSRP_TARGET: -87.86, RSRQ_SOURCE: -3.00, RSRQ_TARGET: -3.00, SINR_SOURCE: 13.84, SINR_TARGET: 23.95, TIME_TO_TRIGGER: 8.00, A3_OFFSET: 8.00, HOF: 1
TIMESTAMP: 53, UE_ID: 296, CELL_SOURCE_ID: 2, CELL_TARGET_ID: 1, RSRP_SOURCE: -86.45, RSRP_TARGET: -77.89, RSRQ_SOURCE: -3.00, RSRQ_TARGET: -3.00, SINR_SOURCE: 22.04, SINR_TARGET: 31.15, TIME_TO_TRIGGER: 8.00, A3_OFFSET: 8.00, HOF: 1
TIMESTAMP: 54, UE_ID: 249, CELL_SOURCE_ID: 1, CELL_TARGET_ID: 2, RSRP_SOURCE: -95.30, RSRP_TARGET: -85.79, RSRQ_SOURCE: -3.00, RSRQ_TARGET: -3.00, SINR_SOURCE: 17.62, SINR_TARGET: 23.75, TIME_TO_TRIGGER: 8.00, A3_OFFSET: 8.00, HOF: 1
TIMESTAMP: 54, UE_ID: 256, CELL_SOURCE_ID: 1, CELL_TARGET_ID: 2, RSRP_SOURCE: -104.14, RSRP_TARGET: -95.45, RSRQ_SOURCE: -3.00, RSRQ_TARGET: -3.00, SINR_SOURCE: 7.63, SINR_TARGET: 18.80, TIME_TO_TRIGGER: 8.00, A3_OFFSET: 8.00, HOF: 1
TIMESTAMP: 55, UE_ID: 243, CELL_SOURCE_ID: 1, CELL_TARGET_ID: 2, RSRP_SOURCE: -88.71, RSRP_TARGET: -78.49, RSRQ_SOURCE: -3.00, RSRQ_TARGET: -3.00, SINR_SOURCE: 21.17, SINR_TARGET: 34.41, TIME_TO_TRIGGER: 8.00, A3_OFFSET: 8.00, HOF: 1
TIMESTAMP: 55, UE_ID: 260, CELL_SOURCE_ID: 1, CELL_TARGET_ID: 2, RSRP_SOURCE: -84.11, RSRP_TARGET: -72.53, RSRQ_SOURCE: -3.00, RSRQ_TARGET: -3.00, SINR_SOURCE: 26.25, SINR_TARGET: 35.61, TIME_TO_TRIGGER: 8.00, A3_OFFSET: 8.00, HOF: 1
TIMESTAMP: 55, UE_ID: 289, CELL_SOURCE_ID: 1, CELL_TARGET_ID: 2, RSRP_SOURCE: -96.25, RSRP_TARGET: -88.01, RSRQ_SOURCE: -3.00, RSRQ_TARGET: -3.00, SINR_SOURCE: 15.47, SINR_TARGET: 22.21, TIME_TO_TRIGGER: 8.00, A3_OFFSET: 8.00, HOF: 1
TIMESTAMP: 55, UE_ID: 293, CELL_SOURCE_ID: 1, CELL_TARGET_ID: 2, RSRP_SOURCE: -90.31, RSRP_TARGET: -81.12, RSRQ_SOURCE: -3.00, RSRQ_TARGET: -3.00, SINR_SOURCE: 18.88, SINR_TARGET: 32.32, TIME_TO_TRIGGER: 8.00, A3_OFFSET: 8.00, HOF: 1
TIMESTAMP: 56, UE_ID: 254, CELL_SOURCE_ID: 1, CELL_TARGET_ID: 2, RSRP_SOURCE: -101.54, RSRP_TARGET: -92.85, RSRQ_SOURCE: -3.00, RSRQ_TARGET: -3.00, SINR_SOURCE: 7.69, SINR_TARGET: 15.77, TIME_TO_TRIGGER: 8.00, A3_OFFSET: 8.00, HOF: 1
TIMESTAMP: 56, UE_ID: 278, CELL_SOURCE_ID: 1, CELL_TARGET_ID: 2, RSRP_SOURCE: -91.15, RSRP_TARGET: -82.00, RSRQ_SOURCE: -3.00, RSRQ_TARGET: -3.00, SINR_SOURCE: 18.30, SINR_TARGET: 28.08, TIME_TO_TRIGGER: 8.00, A3_OFFSET: 8.00, HOF: 1
TIMESTAMP: 56, UE_ID: 296, CELL_SOURCE_ID: 1, CELL_TARGET_ID: 2, RSRP_SOURCE: -93.38, RSRP_TARGET: -84.13, RSRQ_SOURCE: -3.00, RSRQ_TARGET: -3.00, SINR_SOURCE: 14.68, SINR_TARGET: 26.35, TIME_TO_TRIGGER: 8.00, A3_OFFSET: 8.00, HOF: 1
TIMESTAMP: 57, UE_ID: 256, CELL_SOURCE_ID: 2, CELL_TARGET_ID: 6, RSRP_SOURCE: -105.95, RSRP_TARGET: -92.34, RSRQ_SOURCE: -3.00, RSRQ_TARGET: -3.00, SINR_SOURCE: 3.82, SINR_TARGET: 19.02, TIME_TO_TRIGGER: 8.00, A3_OFFSET: 8.00, HOF: 1
TIMESTAMP: 60, UE_ID: 243, CELL_SOURCE_ID: 2, CELL_TARGET_ID: 1, RSRP_SOURCE: -90.78, RSRP_TARGET: -78.48, RSRQ_SOURCE: -3.00, RSRQ_TARGET: -3.00, SINR_SOURCE: 21.52, SINR_TARGET: 28.50, TIME_TO_TRIGGER: 8.00, A3_OFFSET: 8.00, HOF: 1
TIMESTAMP: 60, UE_ID: 246, CELL_SOURCE_ID: 2, CELL_TARGET_ID: 1, RSRP_SOURCE: -85.57, RSRP_TARGET: -76.91, RSRQ_SOURCE: -3.00, RSRQ_TARGET: -3.00, SINR_SOURCE: 24.98, SINR_TARGET: 34.98, TIME_TO_TRIGGER: 8.00, A3_OFFSET: 8.00, HOF: 1
TIMESTAMP: 60, UE_ID: 249, CELL_SOURCE_ID: 2, CELL_TARGET_ID: 1, RSRP_SOURCE: -101.15, RSRP_TARGET: -90.04, RSRQ_SOURCE: -3.00, RSRQ_TARGET: -3.00, SINR_SOURCE: 8.07, SINR_TARGET: 21.75, TIME_TO_TRIGGER: 8.00, A3_OFFSET: 8.00, HOF: 1
TIMESTAMP: 65, UE_ID: 267, CELL_SOURCE_ID: 17, CELL_TARGET_ID: 1, RSRP_SOURCE: -102.83, RSRP_TARGET: -91.69, RSRQ_SOURCE: -3.00, RSRQ_TARGET: -3.00, SINR_SOURCE: 2.35, SINR_TARGET: 20.39, TIME_TO_TRIGGER: 8.00, A3_OFFSET: 8.00, HOF: 1
TIMESTAMP: 65, UE_ID: 272, CELL_SOURCE_ID: 12, CELL_TARGET_ID: 1, RSRP_SOURCE: -85.43, RSRP_TARGET: -76.43, RSRQ_SOURCE: -3.00, RSRQ_TARGET: -3.00, SINR_SOURCE: 19.75, SINR_TARGET: 32.71, TIME_TO_TRIGGER: 8.00, A3_OFFSET: 8.00, HOF: 1
TIMESTAMP: 65, UE_ID: 274, CELL_SOURCE_ID: 4, CELL_TARGET_ID: 1, RSRP_SOURCE: -96.64, RSRP_TARGET: -87.13, RSRQ_SOURCE: -3.00, RSRQ_TARGET: -3.00, SINR_SOURCE: 15.57, SINR_TARGET: 27.12, TIME_TO_TRIGGER: 8.00, A3_OFFSET: 8.00, HOF: 1
TIMESTAMP: 67, UE_ID: 300, CELL_SOURCE_ID: 8, CELL_TARGET_ID: 1, RSRP_SOURCE: -94.23, RSRP_TARGET: -84.81, RSRQ_SOURCE: -3.00, RSRQ_TARGET: -3.00, SINR_SOURCE: 12.83, SINR_TARGET: 24.67, TIME_TO_TRIGGER: 8.00, A3_OFFSET: 8.00, HOF: 1
TIMESTAMP: 69, UE_ID: 273, CELL_SOURCE_ID: 21, CELL_TARGET_ID: 1, RSRP_SOURCE: -94.63, RSRP_TARGET: -82.53, RSRQ_SOURCE: -3.00, RSRQ_TARGET: -3.00, SINR_SOURCE: 16.91, SINR_TARGET: 27.93, TIME_TO_TRIGGER: 8.00, A3_OFFSET: 8.00, HOF: 1
TIMESTAMP: 70, UE_ID: 290, CELL_SOURCE_ID: 3, CELL_TARGET_ID: 1, RSRP_SOURCE: -100.31, RSRP_TARGET: -89.52, RSRQ_SOURCE: -3.00, RSRQ_TARGET: -3.00, SINR_SOURCE: 9.05, SINR_TARGET: 21.78, TIME_TO_TRIGGER: 8.00, A3_OFFSET: 8.00, HOF: 1
TIMESTAMP: 71, UE_ID: 248, CELL_SOURCE_ID: 12, CELL_TARGET_ID: 1, RSRP_SOURCE: -63.77, RSRP_TARGET: -54.95, RSRQ_SOURCE: -3.00, RSRQ_TARGET: -3.00, SINR_SOURCE: 48.62, SINR_TARGET: 52.25, TIME_TO_TRIGGER: 8.00, A3_OFFSET: 8.00, HOF: 1
TIMESTAMP: 72, UE_ID: 266, CELL_SOURCE_ID: 20, CELL_TARGET_ID: 1, RSRP_SOURCE: -98.11, RSRP_TARGET: -88.34, RSRQ_SOURCE: -3.00, RSRQ_TARGET: -3.00, SINR_SOURCE: 9.80, SINR_TARGET: 19.79, TIME_TO_TRIGGER: 8.00, A3_OFFSET: 8.00, HOF: 1
TIMESTAMP: 77, UE_ID: 256, CELL_SOURCE_ID: 6, CELL_TARGET_ID: 2, RSRP_SOURCE: -101.43, RSRP_TARGET: -90.56, RSRQ_SOURCE: -3.00, RSRQ_TARGET: -3.00, SINR_SOURCE: 9.07, SINR_TARGET: 20.94, TIME_TO_TRIGGER: 8.00, A3_OFFSET: 8.00, HOF: 1
TIMESTAMP: 84, UE_ID: 241, CELL_SOURCE_ID: 16, CELL_TARGET_ID: 1, RSRP_SOURCE: -91.48, RSRP_TARGET: -79.86, RSRQ_SOURCE: -3.00, RSRQ_TARGET: -3.00, SINR_SOURCE: 17.38, SINR_TARGET: 30.51, TIME_TO_TRIGGER: 8.00, A3_OFFSET: 8.00, HOF: 1
TIMESTAMP: 85, UE_ID: 257, CELL_SOURCE_ID: 19, CELL_TARGET_ID: 1, RSRP_SOURCE: -100.71, RSRP_TARGET: -92.41, RSRQ_SOURCE: -3.00, RSRQ_TARGET: -3.00, SINR_SOURCE: 11.70, SINR_TARGET: 17.44, TIME_TO_TRIGGER: 8.00, A3_OFFSET: 8.00, HOF: 1
TIMESTAMP: 85, UE_ID: 268, CELL_SOURCE_ID: 18, CELL_TARGET_ID: 1, RSRP_SOURCE: -101.62, RSRP_TARGET: -89.09, RSRQ_SOURCE: -3.00, RSRQ_TARGET: -3.00, SINR_SOURCE: 7.96, SINR_TARGET: 19.03, TIME_TO_TRIGGER: 8.00, A3_OFFSET: 8.00, HOF: 1
TIMESTAMP: 85, UE_ID: 286, CELL_SOURCE_ID: 4, CELL_TARGET_ID: 1, RSRP_SOURCE: -100.87, RSRP_TARGET: -88.44, RSRQ_SOURCE: -3.00, RSRQ_TARGET: -3.00, SINR_SOURCE: 9.66, SINR_TARGET: 20.76, TIME_TO_TRIGGER: 8.00, A3_OFFSET: 8.00, HOF: 1
TIMESTAMP: 87, UE_ID: 246, CELL_SOURCE_ID: 1, CELL_TARGET_ID: 2, RSRP_SOURCE: -99.82, RSRP_TARGET: -90.46, RSRQ_SOURCE: -3.00, RSRQ_TARGET: -3.00, SINR_SOURCE: 8.16, SINR_TARGET: 20.28, TIME_TO_TRIGGER: 8.00, A3_OFFSET: 8.00, HOF: 1
TIMESTAMP: 87, UE_ID: 249, CELL_SOURCE_ID: 1, CELL_TARGET_ID: 2, RSRP_SOURCE: -102.59, RSRP_TARGET: -92.78, RSRQ_SOURCE: -3.00, RSRQ_TARGET: -3.00, SINR_SOURCE: 5.47, SINR_TARGET: 17.09, TIME_TO_TRIGGER: 8.00, A3_OFFSET: 8.00, HOF: 1
TIMESTAMP: 87, UE_ID: 253, CELL_SOURCE_ID: 1, CELL_TARGET_ID: 2, RSRP_SOURCE: -108.30, RSRP_TARGET: -97.68, RSRQ_SOURCE: -3.00, RSRQ_TARGET: -3.00, SINR_SOURCE: 5.04, SINR_TARGET: 10.43, TIME_TO_TRIGGER: 8.00, A3_OFFSET: 8.00, HOF: 1
TIMESTAMP: 87, UE_ID: 267, CELL_SOURCE_ID: 1, CELL_TARGET_ID: 2, RSRP_SOURCE: -102.56, RSRP_TARGET: -91.29, RSRQ_SOURCE: -3.00, RSRQ_TARGET: -3.00, SINR_SOURCE: 5.35, SINR_TARGET: 15.88, TIME_TO_TRIGGER: 8.00, A3_OFFSET: 8.00, HOF: 1
TIMESTAMP: 87, UE_ID: 272, CELL_SOURCE_ID: 1, CELL_TARGET_ID: 2, RSRP_SOURCE: -96.96, RSRP_TARGET: -88.47, RSRQ_SOURCE: -3.00, RSRQ_TARGET: -3.00, SINR_SOURCE: 13.12, SINR_TARGET: 20.29, TIME_TO_TRIGGER: 8.00, A3_OFFSET: 8.00, HOF: 1
TIMESTAMP: 89, UE_ID: 246, CELL_SOURCE_ID: 2, CELL_TARGET_ID: 3, RSRP_SOURCE: -101.34, RSRP_TARGET: -91.32, RSRQ_SOURCE: -3.00, RSRQ_TARGET: -3.00, SINR_SOURCE: 8.32, SINR_TARGET: 16.96, TIME_TO_TRIGGER: 8.00, A3_OFFSET: 8.00, HOF: 1
TIMESTAMP: 89, UE_ID: 253, CELL_SOURCE_ID: 2, CELL_TARGET_ID: 5, RSRP_SOURCE: -104.83, RSRP_TARGET: -95.95, RSRQ_SOURCE: -3.00, RSRQ_TARGET: -3.00, SINR_SOURCE: 0.96, SINR_TARGET: 14.28, TIME_TO_TRIGGER: 8.00, A3_OFFSET: 8.00, HOF: 1
TIMESTAMP: 89, UE_ID: 254, CELL_SOURCE_ID: 2, CELL_TARGET_ID: 3, RSRP_SOURCE: -103.96, RSRP_TARGET: -93.90, RSRQ_SOURCE: -3.00, RSRQ_TARGET: -3.00, SINR_SOURCE: 5.89, SINR_TARGET: 13.53, TIME_TO_TRIGGER: 8.00, A3_OFFSET: 8.00, HOF: 1
TIMESTAMP: 89, UE_ID: 278, CELL_SOURCE_ID: 2, CELL_TARGET_ID: 3, RSRP_SOURCE: -99.89, RSRP_TARGET: -90.06, RSRQ_SOURCE: -3.00, RSRQ_TARGET: -3.00, SINR_SOURCE: 6.75, SINR_TARGET: 19.60, TIME_TO_TRIGGER: 8.00, A3_OFFSET: 8.00, HOF: 1
TIMESTAMP: 89, UE_ID: 290, CELL_SOURCE_ID: 1, CELL_TARGET_ID: 3, RSRP_SOURCE: -101.75, RSRP_TARGET: -92.63, RSRQ_SOURCE: -3.00, RSRQ_TARGET: -3.00, SINR_SOURCE: 13.73, SINR_TARGET: 16.34, TIME_TO_TRIGGER: 8.00, A3_OFFSET: 8.00, HOF: 1
TIMESTAMP: 89, UE_ID: 296, CELL_SOURCE_ID: 2, CELL_TARGET_ID: 3, RSRP_SOURCE: -107.47, RSRP_TARGET: -99.07, RSRQ_SOURCE: -3.00, RSRQ_TARGET: -3.00, SINR_SOURCE: 1.78, SINR_TARGET: 12.15, TIME_TO_TRIGGER: 8.00, A3_OFFSET: 8.00, HOF: 1
TIMESTAMP: 92, UE_ID: 252, CELL_SOURCE_ID: 16, CELL_TARGET_ID: 20, RSRP_SOURCE: -107.59, RSRP_TARGET: -92.83, RSRQ_SOURCE: -3.00, RSRQ_TARGET: -3.00, SINR_SOURCE: 0.85, SINR_TARGET: 16.19, TIME_TO_TRIGGER: 8.00, A3_OFFSET: 8.00, HOF: 1
TIMESTAMP: 93, UE_ID: 246, CELL_SOURCE_ID: 3, CELL_TARGET_ID: 1, RSRP_SOURCE: -101.31, RSRP_TARGET: -91.57, RSRQ_SOURCE: -3.00, RSRQ_TARGET: -3.00, SINR_SOURCE: 10.19, SINR_TARGET: 15.65, TIME_TO_TRIGGER: 8.00, A3_OFFSET: 8.00, HOF: 1
TIMESTAMP: 93, UE_ID: 251, CELL_SOURCE_ID: 19, CELL_TARGET_ID: 1, RSRP_SOURCE: -102.10, RSRP_TARGET: -93.11, RSRQ_SOURCE: -3.00, RSRQ_TARGET: -3.00, SINR_SOURCE: 10.52, SINR_TARGET: 18.28, TIME_TO_TRIGGER: 8.00, A3_OFFSET: 8.00, HOF: 1
TIMESTAMP: 93, UE_ID: 259, CELL_SOURCE_ID: 11, CELL_TARGET_ID: 1, RSRP_SOURCE: -98.59, RSRP_TARGET: -86.66, RSRQ_SOURCE: -3.00, RSRQ_TARGET: -3.00, SINR_SOURCE: 14.02, SINR_TARGET: 25.92, TIME_TO_TRIGGER: 8.00, A3_OFFSET: 8.00, HOF: 1
TIMESTAMP: 95, UE_ID: 299, CELL_SOURCE_ID: 10, CELL_TARGET_ID: 3, RSRP_SOURCE: -104.66, RSRP_TARGET: -95.93, RSRQ_SOURCE: -3.00, RSRQ_TARGET: -3.00, SINR_SOURCE: 3.67, SINR_TARGET: 15.11, TIME_TO_TRIGGER: 8.00, A3_OFFSET: 8.00, HOF: 1
TIMESTAMP: 98, UE_ID: 254, CELL_SOURCE_ID: 3, CELL_TARGET_ID: 2, RSRP_SOURCE: -105.16, RSRP_TARGET: -95.34, RSRQ_SOURCE: -3.00, RSRQ_TARGET: -3.00, SINR_SOURCE: 2.52, SINR_TARGET: 17.91, TIME_TO_TRIGGER: 8.00, A3_OFFSET: 8.00, HOF: 1
TIMESTAMP: 102, UE_ID: 249, CELL_SOURCE_ID: 2, CELL_TARGET_ID: 4, RSRP_SOURCE: -103.45, RSRP_TARGET: -93.58, RSRQ_SOURCE: -3.00, RSRQ_TARGET: -3.00, SINR_SOURCE: 4.39, SINR_TARGET: 17.96, TIME_TO_TRIGGER: 8.00, A3_OFFSET: 8.00, HOF: 1
TIMESTAMP: 102, UE_ID: 266, CELL_SOURCE_ID: 1, CELL_TARGET_ID: 11, RSRP_SOURCE: -108.05, RSRP_TARGET: -98.13, RSRQ_SOURCE: -3.00, RSRQ_TARGET: -3.00, SINR_SOURCE: 0.22, SINR_TARGET: 13.66, TIME_TO_TRIGGER: 8.00, A3_OFFSET: 8.00, HOF: 1
TIMESTAMP: 102, UE_ID: 272, CELL_SOURCE_ID: 2, CELL_TARGET_ID: 4, RSRP_SOURCE: -109.80, RSRP_TARGET: -97.11, RSRQ_SOURCE: -3.00, RSRQ_TARGET: -3.00, SINR_SOURCE: 1.61, SINR_TARGET: 11.70, TIME_TO_TRIGGER: 8.00, A3_OFFSET: 8.00, HOF: 1
TIMESTAMP: 102, UE_ID: 289, CELL_SOURCE_ID: 2, CELL_TARGET_ID: 11, RSRP_SOURCE: -108.72, RSRP_TARGET: -98.33, RSRQ_SOURCE: -3.00, RSRQ_TARGET: -3.00, SINR_SOURCE: 1.19, SINR_TARGET: 10.95, TIME_TO_TRIGGER: 8.00, A3_OFFSET: 8.00, HOF: 1
TIMESTAMP: 103, UE_ID: 243, CELL_SOURCE_ID: 1, CELL_TARGET_ID: 4, RSRP_SOURCE: -104.54, RSRP_TARGET: -93.14, RSRQ_SOURCE: -3.00, RSRQ_TARGET: -3.00, SINR_SOURCE: 3.63, SINR_TARGET: 17.58, TIME_TO_TRIGGER: 8.00, A3_OFFSET: 8.00, HOF: 1
TIMESTAMP: 103, UE_ID: 257, CELL_SOURCE_ID: 1, CELL_TARGET_ID: 4, RSRP_SOURCE: -105.16, RSRP_TARGET: -96.13, RSRQ_SOURCE: -3.00, RSRQ_TARGET: -3.00, SINR_SOURCE: 5.77, SINR_TARGET: 13.61, TIME_TO_TRIGGER: 8.00, A3_OFFSET: 8.00, HOF: 0
TIMESTAMP: 103, UE_ID: 262, CELL_SOURCE_ID: 2, CELL_TARGET_ID: 4, RSRP_SOURCE: -101.76, RSRP_TARGET: -92.74, RSRQ_SOURCE: -3.00, RSRQ_TARGET: -3.00, SINR_SOURCE: 9.76, SINR_TARGET: 14.42, TIME_TO_TRIGGER: 8.00, A3_OFFSET: 8.00, HOF: 1
TIMESTAMP: 103, UE_ID: 278, CELL_SOURCE_ID: 3, CELL_TARGET_ID: 4, RSRP_SOURCE: -99.15, RSRP_TARGET: -84.63, RSRQ_SOURCE: -3.00, RSRQ_TARGET: -3.00, SINR_SOURCE: 12.52, SINR_TARGET: 26.75, TIME_TO_TRIGGER: 8.00, A3_OFFSET: 8.00, HOF: 1
TIMESTAMP: 103, UE_ID: 293, CELL_SOURCE_ID: 2, CELL_TARGET_ID: 4, RSRP_SOURCE: -102.46, RSRP_TARGET: -89.46, RSRQ_SOURCE: -3.00, RSRQ_TARGET: -3.00, SINR_SOURCE: 8.92, SINR_TARGET: 19.14, TIME_TO_TRIGGER: 8.00, A3_OFFSET: 8.00, HOF: 1
TIMESTAMP: 103, UE_ID: 300, CELL_SOURCE_ID: 1, CELL_TARGET_ID: 4, RSRP_SOURCE: -101.87, RSRP_TARGET: -86.32, RSRQ_SOURCE: -3.00, RSRQ_TARGET: -3.00, SINR_SOURCE: 12.35, SINR_TARGET: 24.67, TIME_TO_TRIGGER: 8.00, A3_OFFSET: 8.00, HOF: 1
TIMESTAMP: 105, UE_ID: 277, CELL_SOURCE_ID: 14, CELL_TARGET_ID: 10, RSRP_SOURCE: -106.92, RSRP_TARGET: -97.57, RSRQ_SOURCE: -3.00, RSRQ_TARGET: -3.00, SINR_SOURCE: -0.15, SINR_TARGET: 9.68, TIME_TO_TRIGGER: 8.00, A3_OFFSET: 8.00, HOF: 1
TIMESTAMP: 106, UE_ID: 264, CELL_SOURCE_ID: 9, CELL_TARGET_ID: 1, RSRP_SOURCE: -102.42, RSRP_TARGET: -93.22, RSRQ_SOURCE: -3.00, RSRQ_TARGET: -3.00, SINR_SOURCE: 6.79, SINR_TARGET: 17.62, TIME_TO_TRIGGER: 8.00, A3_OFFSET: 8.00, HOF: 1
TIMESTAMP: 108, UE_ID: 246, CELL_SOURCE_ID: 1, CELL_TARGET_ID: 4, RSRP_SOURCE: -105.71, RSRP_TARGET: -94.98, RSRQ_SOURCE: -3.00, RSRQ_TARGET: -3.00, SINR_SOURCE: 3.38, SINR_TARGET: 16.19, TIME_TO_TRIGGER: 8.00, A3_OFFSET: 8.00, HOF: 1
TIMESTAMP: 108, UE_ID: 259, CELL_SOURCE_ID: 1, CELL_TARGET_ID: 13, RSRP_SOURCE: -107.26, RSRP_TARGET: -94.63, RSRQ_SOURCE: -3.00, RSRQ_TARGET: -3.00, SINR_SOURCE: -1.23, SINR_TARGET: 14.92, TIME_TO_TRIGGER: 8.00, A3_OFFSET: 8.00, HOF: 1
TIMESTAMP: 108, UE_ID: 266, CELL_SOURCE_ID: 11, CELL_TARGET_ID: 4, RSRP_SOURCE: -109.04, RSRP_TARGET: -99.69, RSRQ_SOURCE: -3.00, RSRQ_TARGET: -3.00, SINR_SOURCE: 2.43, SINR_TARGET: 11.64, TIME_TO_TRIGGER: 8.00, A3_OFFSET: 8.00, HOF: 1
TIMESTAMP: 108, UE_ID: 273, CELL_SOURCE_ID: 1, CELL_TARGET_ID: 4, RSRP_SOURCE: -107.06, RSRP_TARGET: -98.94, RSRQ_SOURCE: -3.00, RSRQ_TARGET: -3.00, SINR_SOURCE: 3.64, SINR_TARGET: 12.52, TIME_TO_TRIGGER: 8.00, A3_OFFSET: 8.00, HOF: 0
TIMESTAMP: 108, UE_ID: 280, CELL_SOURCE_ID: 1, CELL_TARGET_ID: 4, RSRP_SOURCE: -103.71, RSRP_TARGET: -95.63, RSRQ_SOURCE: -3.00, RSRQ_TARGET: -3.00, SINR_SOURCE: 2.87, SINR_TARGET: 13.17, TIME_TO_TRIGGER: 8.00, A3_OFFSET: 8.00, HOF: 1
TIMESTAMP: 110, UE_ID: 265, CELL_SOURCE_ID: 1, CELL_TARGET_ID: 3, RSRP_SOURCE: -107.22, RSRP_TARGET: -98.49, RSRQ_SOURCE: -3.00, RSRQ_TARGET: -3.00, SINR_SOURCE: 3.51, SINR_TARGET: 10.04, TIME_TO_TRIGGER: 8.00, A3_OFFSET: 8.00, HOF: 1
TIMESTAMP: 111, UE_ID: 246, CELL_SOURCE_ID: 4, CELL_TARGET_ID: 1, RSRP_SOURCE: -102.03, RSRP_TARGET: -92.40, RSRQ_SOURCE: -3.00, RSRQ_TARGET: -3.00, SINR_SOURCE: 7.21, SINR_TARGET: 15.91, TIME_TO_TRIGGER: 8.00, A3_OFFSET: 8.00, HOF: 1
TIMESTAMP: 111, UE_ID: 262, CELL_SOURCE_ID: 4, CELL_TARGET_ID: 1, RSRP_SOURCE: -108.89, RSRP_TARGET: -98.55, RSRQ_SOURCE: -3.00, RSRQ_TARGET: -3.00, SINR_SOURCE: -0.86, SINR_TARGET: 9.60, TIME_TO_TRIGGER: 8.00, A3_OFFSET: 8.00, HOF: 1
TIMESTAMP: 111, UE_ID: 280, CELL_SOURCE_ID: 4, CELL_TARGET_ID: 1, RSRP_SOURCE: -105.56, RSRP_TARGET: -94.59, RSRQ_SOURCE: -3.00, RSRQ_TARGET: -3.00, SINR_SOURCE: 5.34, SINR_TARGET: 14.29, TIME_TO_TRIGGER: 8.00, A3_OFFSET: 8.00, HOF: 1
TIMESTAMP: 111, UE_ID: 283, CELL_SOURCE_ID: 13, CELL_TARGET_ID: 1, RSRP_SOURCE: -104.94, RSRP_TARGET: -95.66, RSRQ_SOURCE: -3.00, RSRQ_TARGET: -3.00, SINR_SOURCE: 6.04, SINR_TARGET: 15.24, TIME_TO_TRIGGER: 8.00, A3_OFFSET: 8.00, HOF: 1
TIMESTAMP: 112, UE_ID: 243, CELL_SOURCE_ID: 4, CELL_TARGET_ID: 1, RSRP_SOURCE: -101.58, RSRP_TARGET: -92.54, RSRQ_SOURCE: -3.00, RSRQ_TARGET: -3.00, SINR_SOURCE: 8.21, SINR_TARGET: 19.44, TIME_TO_TRIGGER: 8.00, A3_OFFSET: 8.00, HOF: 1
TIMESTAMP: 112, UE_ID: 260, CELL_SOURCE_ID: 2, CELL_TARGET_ID: 1, RSRP_SOURCE: -101.71, RSRP_TARGET: -91.89, RSRQ_SOURCE: -3.00, RSRQ_TARGET: -3.00, SINR_SOURCE: 5.84, SINR_TARGET: 17.27, TIME_TO_TRIGGER: 8.00, A3_OFFSET: 8.00, HOF: 1
TIMESTAMP: 112, UE_ID: 297, CELL_SOURCE_ID: 4, CELL_TARGET_ID: 1, RSRP_SOURCE: -108.08, RSRP_TARGET: -99.56, RSRQ_SOURCE: -3.00, RSRQ_TARGET: -3.00, SINR_SOURCE: 1.03, SINR_TARGET: 10.30, TIME_TO_TRIGGER: 8.00, A3_OFFSET: 8.00, HOF: 1
TIMESTAMP: 114, UE_ID: 243, CELL_SOURCE_ID: 1, CELL_TARGET_ID: 2, RSRP_SOURCE: -107.66, RSRP_TARGET: -96.77, RSRQ_SOURCE: -3.00, RSRQ_TARGET: -3.00, SINR_SOURCE: 1.88, SINR_TARGET: 14.54, TIME_TO_TRIGGER: 8.00, A3_OFFSET: 8.00, HOF: 1
TIMESTAMP: 114, UE_ID: 244, CELL_SOURCE_ID: 1, CELL_TARGET_ID: 2, RSRP_SOURCE: -100.79, RSRP_TARGET: -91.67, RSRQ_SOURCE: -3.00, RSRQ_TARGET: -3.00, SINR_SOURCE: 10.52, SINR_TARGET: 13.31, TIME_TO_TRIGGER: 8.00, A3_OFFSET: 8.00, HOF: 1
TIMESTAMP: 114, UE_ID: 246, CELL_SOURCE_ID: 1, CELL_TARGET_ID: 2, RSRP_SOURCE: -95.97, RSRP_TARGET: -85.30, RSRQ_SOURCE: -3.00, RSRQ_TARGET: -3.00, SINR_SOURCE: 14.52, SINR_TARGET: 23.30, TIME_TO_TRIGGER: 8.00, A3_OFFSET: 8.00, HOF: 1
TIMESTAMP: 114, UE_ID: 262, CELL_SOURCE_ID: 1, CELL_TARGET_ID: 2, RSRP_SOURCE: -102.40, RSRP_TARGET: -92.26, RSRQ_SOURCE: -3.00, RSRQ_TARGET: -3.00, SINR_SOURCE: 6.25, SINR_TARGET: 18.14, TIME_TO_TRIGGER: 8.00, A3_OFFSET: 8.00, HOF: 1
TIMESTAMP: 114, UE_ID: 286, CELL_SOURCE_ID: 1, CELL_TARGET_ID: 2, RSRP_SOURCE: -106.63, RSRP_TARGET: -98.49, RSRQ_SOURCE: -3.00, RSRQ_TARGET: -3.00, SINR_SOURCE: 6.11, SINR_TARGET: 15.14, TIME_TO_TRIGGER: 8.00, A3_OFFSET: 8.00, HOF: 1
TIMESTAMP: 116, UE_ID: 248, CELL_SOURCE_ID: 1, CELL_TARGET_ID: 2, RSRP_SOURCE: -104.42, RSRP_TARGET: -94.91, RSRQ_SOURCE: -3.00, RSRQ_TARGET: -3.00, SINR_SOURCE: 5.25, SINR_TARGET: 15.62, TIME_TO_TRIGGER: 8.00, A3_OFFSET: 8.00, HOF: 1
TIMESTAMP: 118, UE_ID: 242, CELL_SOURCE_ID: 14, CELL_TARGET_ID: 2, RSRP_SOURCE: -106.89, RSRP_TARGET: -97.26, RSRQ_SOURCE: -3.00, RSRQ_TARGET: -3.00, SINR_SOURCE: 2.04, SINR_TARGET: 12.29, TIME_TO_TRIGGER: 8.00, A3_OFFSET: 8.00, HOF: 1
TIMESTAMP: 120, UE_ID: 255, CELL_SOURCE_ID: 4, CELL_TARGET_ID: 5, RSRP_SOURCE: -109.36, RSRP_TARGET: -98.52, RSRQ_SOURCE: -3.00, RSRQ_TARGET: -3.00, SINR_SOURCE: 4.17, SINR_TARGET: 10.35, TIME_TO_TRIGGER: 8.00, A3_OFFSET: 8.00, HOF: 1
TIMESTAMP: 123, UE_ID: 263, CELL_SOURCE_ID: 12, CELL_TARGET_ID: 1, RSRP_SOURCE: -101.80, RSRP_TARGET: -91.82, RSRQ_SOURCE: -3.00, RSRQ_TARGET: -3.00, SINR_SOURCE: 7.48, SINR_TARGET: 17.85, TIME_TO_TRIGGER: 8.00, A3_OFFSET: 8.00, HOF: 1
TIMESTAMP: 124, UE_ID: 248, CELL_SOURCE_ID: 2, CELL_TARGET_ID: 1, RSRP_SOURCE: -107.85, RSRP_TARGET: -99.00, RSRQ_SOURCE: -3.00, RSRQ_TARGET: -3.00, SINR_SOURCE: -0.89, SINR_TARGET: 10.49, TIME_TO_TRIGGER: 8.00, A3_OFFSET: 8.00, HOF: 1
TIMESTAMP: 124, UE_ID: 266, CELL_SOURCE_ID: 15, CELL_TARGET_ID: 17, RSRP_SOURCE: -107.27, RSRP_TARGET: -97.19, RSRQ_SOURCE: -3.00, RSRQ_TARGET: -3.00, SINR_SOURCE: 0.92, SINR_TARGET: 11.09, TIME_TO_TRIGGER: 8.00, A3_OFFSET: 8.00, HOF: 1
TIMESTAMP: 124, UE_ID: 297, CELL_SOURCE_ID: 20, CELL_TARGET_ID: 6, RSRP_SOURCE: -107.46, RSRP_TARGET: -96.93, RSRQ_SOURCE: -3.00, RSRQ_TARGET: -3.00, SINR_SOURCE: -1.21, SINR_TARGET: 9.94, TIME_TO_TRIGGER: 8.00, A3_OFFSET: 8.00, HOF: 1
TIMESTAMP: 125, UE_ID: 244, CELL_SOURCE_ID: 2, CELL_TARGET_ID: 3, RSRP_SOURCE: -105.53, RSRP_TARGET: -95.99, RSRQ_SOURCE: -3.00, RSRQ_TARGET: -3.00, SINR_SOURCE: 2.41, SINR_TARGET: 16.28, TIME_TO_TRIGGER: 8.00, A3_OFFSET: 8.00, HOF: 1
TIMESTAMP: 127, UE_ID: 266, CELL_SOURCE_ID: 17, CELL_TARGET_ID: 1, RSRP_SOURCE: -103.96, RSRP_TARGET: -95.66, RSRQ_SOURCE: -3.00, RSRQ_TARGET: -3.00, SINR_SOURCE: 6.09, SINR_TARGET: 15.25, TIME_TO_TRIGGER: 8.00, A3_OFFSET: 8.00, HOF: 1
TIMESTAMP: 130, UE_ID: 284, CELL_SOURCE_ID: 3, CELL_TARGET_ID: 2, RSRP_SOURCE: -107.29, RSRP_TARGET: -95.38, RSRQ_SOURCE: -3.00, RSRQ_TARGET: -3.00, SINR_SOURCE: 4.87, SINR_TARGET: 14.01, TIME_TO_TRIGGER: 8.00, A3_OFFSET: 8.00, HOF: 1
TIMESTAMP: 131, UE_ID: 294, CELL_SOURCE_ID: 5, CELL_TARGET_ID: 2, RSRP_SOURCE: -103.94, RSRP_TARGET: -95.68, RSRQ_SOURCE: -3.00, RSRQ_TARGET: -3.00, SINR_SOURCE: 5.95, SINR_TARGET: 13.52, TIME_TO_TRIGGER: 8.00, A3_OFFSET: 8.00, HOF: 1
TIMESTAMP: 131, UE_ID: 295, CELL_SOURCE_ID: 19, CELL_TARGET_ID: 3, RSRP_SOURCE: -107.66, RSRP_TARGET: -99.14, RSRQ_SOURCE: -3.00, RSRQ_TARGET: -3.00, SINR_SOURCE: -0.23, SINR_TARGET: 10.24, TIME_TO_TRIGGER: 8.00, A3_OFFSET: 8.00, HOF: 1
TIMESTAMP: 132, UE_ID: 251, CELL_SOURCE_ID: 19, CELL_TARGET_ID: 16, RSRP_SOURCE: -108.37, RSRP_TARGET: -96.99, RSRQ_SOURCE: -3.00, RSRQ_TARGET: -3.00, SINR_SOURCE: 1.39, SINR_TARGET: 11.69, TIME_TO_TRIGGER: 8.00, A3_OFFSET: 8.00, HOF: 0
TIMESTAMP: 132, UE_ID: 252, CELL_SOURCE_ID: 19, CELL_TARGET_ID: 3, RSRP_SOURCE: -105.06, RSRP_TARGET: -96.10, RSRQ_SOURCE: -3.00, RSRQ_TARGET: -3.00, SINR_SOURCE: 7.43, SINR_TARGET: 9.70, TIME_TO_TRIGGER: 8.00, A3_OFFSET: 8.00, HOF: 1
TIMESTAMP: 132, UE_ID: 273, CELL_SOURCE_ID: 1, CELL_TARGET_ID: 2, RSRP_SOURCE: -109.99, RSRP_TARGET: -99.49, RSRQ_SOURCE: -3.00, RSRQ_TARGET: -3.00, SINR_SOURCE: -0.92, SINR_TARGET: 8.28, TIME_TO_TRIGGER: 8.00, A3_OFFSET: 8.00, HOF: 1
TIMESTAMP: 134, UE_ID: 246, CELL_SOURCE_ID: 2, CELL_TARGET_ID: 4, RSRP_SOURCE: -107.61, RSRP_TARGET: -96.94, RSRQ_SOURCE: -3.00, RSRQ_TARGET: -3.00, SINR_SOURCE: 2.99, SINR_TARGET: 13.58, TIME_TO_TRIGGER: 8.00, A3_OFFSET: 8.00, HOF: 1
TIMESTAMP: 134, UE_ID: 253, CELL_SOURCE_ID: 20, CELL_TARGET_ID: 3, RSRP_SOURCE: -98.97, RSRP_TARGET: -90.96, RSRQ_SOURCE: -3.00, RSRQ_TARGET: -3.00, SINR_SOURCE: 11.89, SINR_TARGET: 18.46, TIME_TO_TRIGGER: 8.00, A3_OFFSET: 8.00, HOF: 1
TIMESTAMP: 134, UE_ID: 254, CELL_SOURCE_ID: 20, CELL_TARGET_ID: 3, RSRP_SOURCE: -107.71, RSRP_TARGET: -98.33, RSRQ_SOURCE: -3.00, RSRQ_TARGET: -3.00, SINR_SOURCE: 1.91, SINR_TARGET: 10.62, TIME_TO_TRIGGER: 8.00, A3_OFFSET: 8.00, HOF: 1
TIMESTAMP: 134, UE_ID: 256, CELL_SOURCE_ID: 6, CELL_TARGET_ID: 19, RSRP_SOURCE: -108.02, RSRP_TARGET: -98.78, RSRQ_SOURCE: -3.00, RSRQ_TARGET: -3.00, SINR_SOURCE: 3.16, SINR_TARGET: 8.49, TIME_TO_TRIGGER: 8.00, A3_OFFSET: 8.00, HOF: 1
TIMESTAMP: 134, UE_ID: 284, CELL_SOURCE_ID: 15, CELL_TARGET_ID: 19, RSRP_SOURCE: -107.28, RSRP_TARGET: -99.05, RSRQ_SOURCE: -3.00, RSRQ_TARGET: -3.00, SINR_SOURCE: 3.36, SINR_TARGET: 9.30, TIME_TO_TRIGGER: 8.00, A3_OFFSET: 8.00, HOF: 1
TIMESTAMP: 136, UE_ID: 263, CELL_SOURCE_ID: 5, CELL_TARGET_ID: 1, RSRP_SOURCE: -107.96, RSRP_TARGET: -99.37, RSRQ_SOURCE: -3.00, RSRQ_TARGET: -3.00, SINR_SOURCE: 1.33, SINR_TARGET: 13.28, TIME_TO_TRIGGER: 8.00, A3_OFFSET: 8.00, HOF: 1
TIMESTAMP: 137, UE_ID: 267, CELL_SOURCE_ID: 6, CELL_TARGET_ID: 19, RSRP_SOURCE: -108.31, RSRP_TARGET: -98.07, RSRQ_SOURCE: -3.00, RSRQ_TARGET: -3.00, SINR_SOURCE: 2.22, SINR_TARGET: 11.41, TIME_TO_TRIGGER: 8.00, A3_OFFSET: 8.00, HOF: 1
TIMESTAMP: 138, UE_ID: 244, CELL_SOURCE_ID: 3, CELL_TARGET_ID: 1, RSRP_SOURCE: -109.66, RSRP_TARGET: -95.87, RSRQ_SOURCE: -3.00, RSRQ_TARGET: -3.00, SINR_SOURCE: -0.94, SINR_TARGET: 15.62, TIME_TO_TRIGGER: 8.00, A3_OFFSET: 8.00, HOF: 1
TIMESTAMP: 138, UE_ID: 265, CELL_SOURCE_ID: 3, CELL_TARGET_ID: 1, RSRP_SOURCE: -105.17, RSRP_TARGET: -95.39, RSRQ_SOURCE: -3.00, RSRQ_TARGET: -3.00, SINR_SOURCE: 7.77, SINR_TARGET: 15.22, TIME_TO_TRIGGER: 8.00, A3_OFFSET: 8.00, HOF: 1
TIMESTAMP: 138, UE_ID: 297, CELL_SOURCE_ID: 6, CELL_TARGET_ID: 19, RSRP_SOURCE: -108.94, RSRP_TARGET: -99.22, RSRQ_SOURCE: -3.00, RSRQ_TARGET: -3.00, SINR_SOURCE: -0.65, SINR_TARGET: 11.84, TIME_TO_TRIGGER: 8.00, A3_OFFSET: 8.00, HOF: 1
TIMESTAMP: 139, UE_ID: 247, CELL_SOURCE_ID: 21, CELL_TARGET_ID: 20, RSRP_SOURCE: -107.87, RSRP_TARGET: -98.45, RSRQ_SOURCE: -3.00, RSRQ_TARGET: -3.00, SINR_SOURCE: 3.28, SINR_TARGET: 12.19, TIME_TO_TRIGGER: 8.00, A3_OFFSET: 8.00, HOF: 1
TIMESTAMP: 140, UE_ID: 290, CELL_SOURCE_ID: 13, CELL_TARGET_ID: 15, RSRP_SOURCE: -108.34, RSRP_TARGET: -99.05, RSRQ_SOURCE: -3.00, RSRQ_TARGET: -3.00, SINR_SOURCE: 3.28, SINR_TARGET: 9.91, TIME_TO_TRIGGER: 8.00, A3_OFFSET: 8.00, HOF: 1
TIMESTAMP: 141, UE_ID: 242, CELL_SOURCE_ID: 12, CELL_TARGET_ID: 15, RSRP_SOURCE: -108.51, RSRP_TARGET: -96.51, RSRQ_SOURCE: -3.00, RSRQ_TARGET: -3.00, SINR_SOURCE: 2.23, SINR_TARGET: 11.19, TIME_TO_TRIGGER: 8.00, A3_OFFSET: 8.00, HOF: 1
TIMESTAMP: 142, UE_ID: 279, CELL_SOURCE_ID: 5, CELL_TARGET_ID: 8, RSRP_SOURCE: -109.59, RSRP_TARGET: -98.28, RSRQ_SOURCE: -3.00, RSRQ_TARGET: -3.00, SINR_SOURCE: 4.38, SINR_TARGET: 12.20, TIME_TO_TRIGGER: 8.00, A3_OFFSET: 8.00, HOF: 1
TIMESTAMP: 143, UE_ID: 246, CELL_SOURCE_ID: 6, CELL_TARGET_ID: 5, RSRP_SOURCE: -105.27, RSRP_TARGET: -95.52, RSRQ_SOURCE: -3.00, RSRQ_TARGET: -3.00, SINR_SOURCE: 6.24, SINR_TARGET: 12.48, TIME_TO_TRIGGER: 8.00, A3_OFFSET: 8.00, HOF: 1
TIMESTAMP: 143, UE_ID: 274, CELL_SOURCE_ID: 6, CELL_TARGET_ID: 5, RSRP_SOURCE: -106.23, RSRP_TARGET: -97.72, RSRQ_SOURCE: -3.00, RSRQ_TARGET: -3.00, SINR_SOURCE: 3.80, SINR_TARGET: 11.60, TIME_TO_TRIGGER: 8.00, A3_OFFSET: 8.00, HOF: 1
TIMESTAMP: 144, UE_ID: 243, CELL_SOURCE_ID: 20, CELL_TARGET_ID: 19, RSRP_SOURCE: -108.81, RSRP_TARGET: -99.30, RSRQ_SOURCE: -3.00, RSRQ_TARGET: -3.00, SINR_SOURCE: -1.14, SINR_TARGET: 11.70, TIME_TO_TRIGGER: 8.00, A3_OFFSET: 8.00, HOF: 1
TIMESTAMP: 144, UE_ID: 249, CELL_SOURCE_ID: 6, CELL_TARGET_ID: 3, RSRP_SOURCE: -104.72, RSRP_TARGET: -96.62, RSRQ_SOURCE: -3.00, RSRQ_TARGET: -3.00, SINR_SOURCE: 7.16, SINR_TARGET: 14.99, TIME_TO_TRIGGER: 8.00, A3_OFFSET: 8.00, HOF: 1
TIMESTAMP: 147, UE_ID: 252, CELL_SOURCE_ID: 19, CELL_TARGET_ID: 5, RSRP_SOURCE: -99.90, RSRP_TARGET: -91.70, RSRQ_SOURCE: -3.00, RSRQ_TARGET: -3.00, SINR_SOURCE: 12.48, SINR_TARGET: 15.34, TIME_TO_TRIGGER: 8.00, A3_OFFSET: 8.00, HOF: 1
TIMESTAMP: 147, UE_ID: 257, CELL_SOURCE_ID: 20, CELL_TARGET_ID: 17, RSRP_SOURCE: -108.58, RSRP_TARGET: -99.21, RSRQ_SOURCE: -3.00, RSRQ_TARGET: -3.00, SINR_SOURCE: 1.14, SINR_TARGET: 12.19, TIME_TO_TRIGGER: 8.00, A3_OFFSET: 8.00, HOF: 1
TIMESTAMP: 148, UE_ID: 259, CELL_SOURCE_ID: 3, CELL_TARGET_ID: 2, RSRP_SOURCE: -107.28, RSRP_TARGET: -99.25, RSRQ_SOURCE: -3.00, RSRQ_TARGET: -3.00, SINR_SOURCE: 2.00, SINR_TARGET: 12.78, TIME_TO_TRIGGER: 8.00, A3_OFFSET: 8.00, HOF: 1
TIMESTAMP: 152, UE_ID: 275, CELL_SOURCE_ID: 18, CELL_TARGET_ID: 7, RSRP_SOURCE: -107.52, RSRP_TARGET: -98.58, RSRQ_SOURCE: -3.00, RSRQ_TARGET: -3.00, SINR_SOURCE: -0.50, SINR_TARGET: 15.74, TIME_TO_TRIGGER: 8.00, A3_OFFSET: 8.00, HOF: 1
TIMESTAMP: 152, UE_ID: 298, CELL_SOURCE_ID: 18, CELL_TARGET_ID: 1, RSRP_SOURCE: -106.78, RSRP_TARGET: -98.62, RSRQ_SOURCE: -3.00, RSRQ_TARGET: -3.00, SINR_SOURCE: 4.95, SINR_TARGET: 10.34, TIME_TO_TRIGGER: 8.00, A3_OFFSET: 8.00, HOF: 1
TIMESTAMP: 155, UE_ID: 248, CELL_SOURCE_ID: 14, CELL_TARGET_ID: 13, RSRP_SOURCE: -108.41, RSRP_TARGET: -99.26, RSRQ_SOURCE: -3.00, RSRQ_TARGET: -3.00, SINR_SOURCE: 5.12, SINR_TARGET: 7.54, TIME_TO_TRIGGER: 8.00, A3_OFFSET: 8.00, HOF: 1
TIMESTAMP: 155, UE_ID: 253, CELL_SOURCE_ID: 20, CELL_TARGET_ID: 5, RSRP_SOURCE: -101.11, RSRP_TARGET: -92.32, RSRQ_SOURCE: -3.00, RSRQ_TARGET: -3.00, SINR_SOURCE: 11.23, SINR_TARGET: 19.12, TIME_TO_TRIGGER: 8.00, A3_OFFSET: 8.00, HOF: 1
TIMESTAMP: 155, UE_ID: 266, CELL_SOURCE_ID: 14, CELL_TARGET_ID: 13, RSRP_SOURCE: -107.90, RSRP_TARGET: -97.91, RSRQ_SOURCE: -3.00, RSRQ_TARGET: -3.00, SINR_SOURCE: 2.21, SINR_TARGET: 15.30, TIME_TO_TRIGGER: 8.00, A3_OFFSET: 8.00, HOF: 1
TIMESTAMP: 156, UE_ID: 280, CELL_SOURCE_ID: 10, CELL_TARGET_ID: 12, RSRP_SOURCE: -109.97, RSRP_TARGET: -97.41, RSRQ_SOURCE: -3.00, RSRQ_TARGET: -3.00, SINR_SOURCE: 0.12, SINR_TARGET: 10.77, TIME_TO_TRIGGER: 8.00, A3_OFFSET: 8.00, HOF: 1
TIMESTAMP: 159, UE_ID: 253, CELL_SOURCE_ID: 5, CELL_TARGET_ID: 2, RSRP_SOURCE: -106.11, RSRP_TARGET: -97.33, RSRQ_SOURCE: -3.00, RSRQ_TARGET: -3.00, SINR_SOURCE: 3.60, SINR_TARGET: 11.68, TIME_TO_TRIGGER: 8.00, A3_OFFSET: 8.00, HOF: 1
TIMESTAMP: 161, UE_ID: 256, CELL_SOURCE_ID: 19, CELL_TARGET_ID: 4, RSRP_SOURCE: -108.32, RSRP_TARGET: -98.31, RSRQ_SOURCE: -3.00, RSRQ_TARGET: -3.00, SINR_SOURCE: -1.05, SINR_TARGET: 14.61, TIME_TO_TRIGGER: 8.00, A3_OFFSET: 8.00, HOF: 1
TIMESTAMP: 161, UE_ID: 287, CELL_SOURCE_ID: 5, CELL_TARGET_ID: 7, RSRP_SOURCE: -106.11, RSRP_TARGET: -97.09, RSRQ_SOURCE: -3.00, RSRQ_TARGET: -3.00, SINR_SOURCE: 4.00, SINR_TARGET: 15.79, TIME_TO_TRIGGER: 8.00, A3_OFFSET: 8.00, HOF: 1
TIMESTAMP: 161, UE_ID: 300, CELL_SOURCE_ID: 2, CELL_TARGET_ID: 4, RSRP_SOURCE: -108.94, RSRP_TARGET: -99.08, RSRQ_SOURCE: -3.00, RSRQ_TARGET: -3.00, SINR_SOURCE: -0.56, SINR_TARGET: 10.94, TIME_TO_TRIGGER: 8.00, A3_OFFSET: 8.00, HOF: 1
TIMESTAMP: 162, UE_ID: 250, CELL_SOURCE_ID: 3, CELL_TARGET_ID: 1, RSRP_SOURCE: -109.18, RSRP_TARGET: -98.55, RSRQ_SOURCE: -3.00, RSRQ_TARGET: -3.00, SINR_SOURCE: -0.92, SINR_TARGET: 12.99, TIME_TO_TRIGGER: 8.00, A3_OFFSET: 8.00, HOF: 1
TIMESTAMP: 163, UE_ID: 272, CELL_SOURCE_ID: 7, CELL_TARGET_ID: 1, RSRP_SOURCE: -106.32, RSRP_TARGET: -97.52, RSRQ_SOURCE: -3.00, RSRQ_TARGET: -3.00, SINR_SOURCE: 4.30, SINR_TARGET: 10.69, TIME_TO_TRIGGER: 8.00, A3_OFFSET: 8.00, HOF: 1
TIMESTAMP: 163, UE_ID: 293, CELL_SOURCE_ID: 4, CELL_TARGET_ID: 6, RSRP_SOURCE: -108.08, RSRP_TARGET: -97.02, RSRQ_SOURCE: -3.00, RSRQ_TARGET: -3.00, SINR_SOURCE: -0.30, SINR_TARGET: 8.94, TIME_TO_TRIGGER: 8.00, A3_OFFSET: 8.00, HOF: 1
TIMESTAMP: 164, UE_ID: 289, CELL_SOURCE_ID: 15, CELL_TARGET_ID: 14, RSRP_SOURCE: -108.07, RSRP_TARGET: -97.31, RSRQ_SOURCE: -3.00, RSRQ_TARGET: -3.00, SINR_SOURCE: 2.66, SINR_TARGET: 13.58, TIME_TO_TRIGGER: 8.00, A3_OFFSET: 8.00, HOF: 1
TIMESTAMP: 164, UE_ID: 294, CELL_SOURCE_ID: 6, CELL_TARGET_ID: 4, RSRP_SOURCE: -106.63, RSRP_TARGET: -98.11, RSRQ_SOURCE: -3.00, RSRQ_TARGET: -3.00, SINR_SOURCE: 3.15, SINR_TARGET: 13.09, TIME_TO_TRIGGER: 8.00, A3_OFFSET: 8.00, HOF: 1
TIMESTAMP: 166, UE_ID: 259, CELL_SOURCE_ID: 17, CELL_TARGET_ID: 1, RSRP_SOURCE: -108.07, RSRP_TARGET: -99.86, RSRQ_SOURCE: -3.00, RSRQ_TARGET: -3.00, SINR_SOURCE: 1.75, SINR_TARGET: 8.20, TIME_TO_TRIGGER: 8.00, A3_OFFSET: 8.00, HOF: 1
TIMESTAMP: 169, UE_ID: 297, CELL_SOURCE_ID: 16, CELL_TARGET_ID: 2, RSRP_SOURCE: -101.29, RSRP_TARGET: -91.43, RSRQ_SOURCE: -3.00, RSRQ_TARGET: -3.00, SINR_SOURCE: 7.85, SINR_TARGET: 16.36, TIME_TO_TRIGGER: 8.00, A3_OFFSET: 8.00, HOF: 1
TIMESTAMP: 169, UE_ID: 300, CELL_SOURCE_ID: 1, CELL_TARGET_ID: 2, RSRP_SOURCE: -109.72, RSRP_TARGET: -98.38, RSRQ_SOURCE: -3.00, RSRQ_TARGET: -3.00, SINR_SOURCE: 0.20, SINR_TARGET: 10.43, TIME_TO_TRIGGER: 8.00, A3_OFFSET: 8.00, HOF: 1
TIMESTAMP: 171, UE_ID: 242, CELL_SOURCE_ID: 13, CELL_TARGET_ID: 14, RSRP_SOURCE: -107.98, RSRP_TARGET: -98.28, RSRQ_SOURCE: -3.00, RSRQ_TARGET: -3.00, SINR_SOURCE: 2.03, SINR_TARGET: 7.71, TIME_TO_TRIGGER: 8.00, A3_OFFSET: 8.00, HOF: 1
TIMESTAMP: 172, UE_ID: 291, CELL_SOURCE_ID: 11, CELL_TARGET_ID: 3, RSRP_SOURCE: -104.63, RSRP_TARGET: -96.04, RSRQ_SOURCE: -3.00, RSRQ_TARGET: -3.00, SINR_SOURCE: 2.49, SINR_TARGET: 18.27, TIME_TO_TRIGGER: 8.00, A3_OFFSET: 8.00, HOF: 1
TIMESTAMP: 173, UE_ID: 262, CELL_SOURCE_ID: 20, CELL_TARGET_ID: 3, RSRP_SOURCE: -109.06, RSRP_TARGET: -98.27, RSRQ_SOURCE: -3.00, RSRQ_TARGET: -3.00, SINR_SOURCE: -1.51, SINR_TARGET: 8.11, TIME_TO_TRIGGER: 8.00, A3_OFFSET: 8.00, HOF: 1
TIMESTAMP: 174, UE_ID: 266, CELL_SOURCE_ID: 2, CELL_TARGET_ID: 3, RSRP_SOURCE: -102.85, RSRP_TARGET: -91.74, RSRQ_SOURCE: -3.00, RSRQ_TARGET: -3.00, SINR_SOURCE: 2.83, SINR_TARGET: 15.40, TIME_TO_TRIGGER: 8.00, A3_OFFSET: 8.00, HOF: 1
TIMESTAMP: 174, UE_ID: 277, CELL_SOURCE_ID: 10, CELL_TARGET_ID: 8, RSRP_SOURCE: -109.12, RSRP_TARGET: -98.58, RSRQ_SOURCE: -3.00, RSRQ_TARGET: -3.00, SINR_SOURCE: 2.47, SINR_TARGET: 12.73, TIME_TO_TRIGGER: 8.00, A3_OFFSET: 8.00, HOF: 1
TIMESTAMP: 181, UE_ID: 251, CELL_SOURCE_ID: 18, CELL_TARGET_ID: 13, RSRP_SOURCE: -107.99, RSRP_TARGET: -99.64, RSRQ_SOURCE: -3.00, RSRQ_TARGET: -3.00, SINR_SOURCE: 3.94, SINR_TARGET: 12.98, TIME_TO_TRIGGER: 8.00, A3_OFFSET: 8.00, HOF: 1
TIMESTAMP: 181, UE_ID: 259, CELL_SOURCE_ID: 18, CELL_TARGET_ID: 13, RSRP_SOURCE: -107.16, RSRP_TARGET: -96.20, RSRQ_SOURCE: -3.00, RSRQ_TARGET: -3.00, SINR_SOURCE: 1.30, SINR_TARGET: 11.76, TIME_TO_TRIGGER: 8.00, A3_OFFSET: 8.00, HOF: 1
TIMESTAMP: 183, UE_ID: 293, CELL_SOURCE_ID: 9, CELL_TARGET_ID: 2, RSRP_SOURCE: -101.68, RSRP_TARGET: -92.47, RSRQ_SOURCE: -3.00, RSRQ_TARGET: -3.00, SINR_SOURCE: 6.81, SINR_TARGET: 16.28, TIME_TO_TRIGGER: 8.00, A3_OFFSET: 8.00, HOF: 1
TIMESTAMP: 198, UE_ID: 259, CELL_SOURCE_ID: 18, CELL_TARGET_ID: 13, RSRP_SOURCE: -107.62, RSRP_TARGET: -98.71, RSRQ_SOURCE: -3.00, RSRQ_TARGET: -3.00, SINR_SOURCE: 4.78, SINR_TARGET: 13.73, TIME_TO_TRIGGER: 8.00, A3_OFFSET: 8.00, HOF: 1
TIMESTAMP: 198, UE_ID: 287, CELL_SOURCE_ID: 9, CELL_TARGET_ID: 4, RSRP_SOURCE: -107.14, RSRP_TARGET: -98.99, RSRQ_SOURCE: -3.00, RSRQ_TARGET: -3.00, SINR_SOURCE: 6.17, SINR_TARGET: 12.98, TIME_TO_TRIGGER: 8.00, A3_OFFSET: 8.00, HOF: 1
TIMESTAMP: 221, UE_ID: 281, CELL_SOURCE_ID: 13, CELL_TARGET_ID: 2, RSRP_SOURCE: -109.35, RSRP_TARGET: -97.37, RSRQ_SOURCE: -3.00, RSRQ_TARGET: -3.00, SINR_SOURCE: 4.14, SINR_TARGET: 13.24, TIME_TO_TRIGGER: 8.00, A3_OFFSET: 8.00, HOF: 1
