TIMESTAMP: 60, UE_ID: 53, CELL_SOURCE_ID: 9, CELL_TARGET_ID: 1, RSRP_SOURCE: -87.16, RSRP_TARGET: -78.12, RSRQ_SOURCE: -3.00, RSRQ_TARGET: -3.00, SINR_SOURCE: 24.49, SINR_TARGET: 33.75, TIME_TO_TRIGGER: 4.00, A3_OFFSET: 6.00, HOF: 1
TIMESTAMP: 61, UE_ID: 62, CELL_SOURCE_ID: 11, CELL_TARGET_ID: 1, RSRP_SOURCE: -85.47, RSRP_TARGET: -78.31, RSRQ_SOURCE: -3.00, RSRQ_TARGET: -3.00, SINR_SOURCE: 20.81, SINR_TARGET: 35.42, TIME_TO_TRIGGER: 4.00, A3_OFFSET: 6.00, HOF: 1
TIMESTAMP: 65, UE_ID: 53, CELL_SOURCE_ID: 1, CELL_TARGET_ID: 2, RSRP_SOURCE: -84.19, RSRP_TARGET: -61.71, RSRQ_SOURCE: -3.00, RSRQ_TARGET: -3.00, SINR_SOURCE: 23.63, SINR_TARGET: 50.34, TIME_TO_TRIGGER: 4.00, A3_OFFSET: 6.00, HOF: 1
TIMESTAMP: 72, UE_ID: 2, CELL_SOURCE_ID: 8, CELL_TARGET_ID: 1, RSRP_SOURCE: -71.91, RSRP_TARGET: -53.72, RSRQ_SOURCE: -3.00, RSRQ_TARGET: -3.00, SINR_SOURCE: 38.98, SINR_TARGET: 55.03, TIME_TO_TRIGGER: 4.00, A3_OFFSET: 6.00, HOF: 1
TIMESTAMP: 78, UE_ID: 62, CELL_SOURCE_ID: 1, CELL_TARGET_ID: 2, RSRP_SOURCE: -81.10, RSRP_TARGET: -57.94, RSRQ_SOURCE: -3.00, RSRQ_TARGET: -3.00, SINR_SOURCE: 26.81, SINR_TARGET: 49.06, TIME_TO_TRIGGER: 4.00, A3_OFFSET: 6.00, HOF: 1
TIMESTAMP: 113, UE_ID: 61, CELL_SOURCE_ID: 5, CELL_TARGET_ID: 1, RSRP_SOURCE: -74.41, RSRP_TARGET: -68.25, RSRQ_SOURCE: -3.00, RSRQ_TARGET: -3.00, SINR_SOURCE: 33.61, SINR_TARGET: 40.97, TIME_TO_TRIGGER: 4.00, A3_OFFSET: 6.00, HOF: 1
TIMESTAMP: 114, UE_ID: 2, CELL_SOURCE_ID: 1, CELL_TARGET_ID: 2, RSRP_SOURCE: -87.43, RSRP_TARGET: -63.91, RSRQ_SOURCE: -3.00, RSRQ_TARGET: -3.00, SINR_SOURCE: 22.67, SINR_TARGET: 46.42, TIME_TO_TRIGGER: 4.00, A3_OFFSET: 6.00, HOF: 1
TIMESTAMP: 115, UE_ID: 61, CELL_SOURCE_ID: 1, CELL_TARGET_ID: 2, RSRP_SOURCE: -90.99, RSRP_TARGET: -67.77, RSRQ_SOURCE: -3.00, RSRQ_TARGET: -3.00, SINR_SOURCE: 18.62, SINR_TARGET: 40.89, TIME_TO_TRIGGER: 4.00, A3_OFFSET: 6.00, HOF: 1
TIMESTAMP: 119, UE_ID: 83, CELL_SOURCE_ID: 11, CELL_TARGET_ID: 1, RSRP_SOURCE: -97.33, RSRP_TARGET: -90.33, RSRQ_SOURCE: -3.00, RSRQ_TARGET: -3.00, SINR_SOURCE: 12.74, SINR_TARGET: 18.93, TIME_TO_TRIGGER: 4.00, A3_OFFSET: 6.00, HOF: 1
TIMESTAMP: 127, UE_ID: 53, CELL_SOURCE_ID: 2, CELL_TARGET_ID: 3, RSRP_SOURCE: -103.45, RSRP_TARGET: -96.87, RSRQ_SOURCE: -3.00, RSRQ_TARGET: -3.00, SINR_SOURCE: 7.56, SINR_TARGET: 13.94, TIME_TO_TRIGGER: 4.00, A3_OFFSET: 6.00, HOF: 1
TIMESTAMP: 134, UE_ID: 10, CELL_SOURCE_ID: 9, CELL_TARGET_ID: 10, RSRP_SOURCE: -104.48, RSRP_TARGET: -97.91, RSRQ_SOURCE: -3.00, RSRQ_TARGET: -3.00, SINR_SOURCE: 2.13, SINR_TARGET: 16.68, TIME_TO_TRIGGER: 4.00, A3_OFFSET: 6.00, HOF: 1
TIMESTAMP: 139, UE_ID: 53, CELL_SOURCE_ID: 3, CELL_TARGET_ID: 4, RSRP_SOURCE: -100.04, RSRP_TARGET: -93.27, RSRQ_SOURCE: -3.00, RSRQ_TARGET: -3.00, SINR_SOURCE: 10.60, SINR_TARGET: 19.01, TIME_TO_TRIGGER: 4.00, A3_OFFSET: 6.00, HOF: 1
TIMESTAMP: 158, UE_ID: 103, CELL_SOURCE_ID: 4, CELL_TARGET_ID: 1, RSRP_SOURCE: -84.12, RSRP_TARGET: -63.41, RSRQ_SOURCE: -3.00, RSRQ_TARGET: -3.00, SINR_SOURCE: 25.02, SINR_TARGET: 48.84, TIME_TO_TRIGGER: 4.00, A3_OFFSET: 6.00, HOF: 1
TIMESTAMP: 159, UE_ID: 55, CELL_SOURCE_ID: 11, CELL_TARGET_ID: 1, RSRP_SOURCE: -94.18, RSRP_TARGET: -84.57, RSRQ_SOURCE: -3.00, RSRQ_TARGET: -3.00, SINR_SOURCE: 18.68, SINR_TARGET: 29.60, TIME_TO_TRIGGER: 4.00, A3_OFFSET: 6.00, HOF: 1
TIMESTAMP: 160, UE_ID: 105, CELL_SOURCE_ID: 10, CELL_TARGET_ID: 4, RSRP_SOURCE: -102.19, RSRP_TARGET: -96.17, RSRQ_SOURCE: -3.00, RSRQ_TARGET: -3.00, SINR_SOURCE: 5.29, SINR_TARGET: 14.57, TIME_TO_TRIGGER: 4.00, A3_OFFSET: 6.00, HOF: 1
TIMESTAMP: 176, UE_ID: 100, CELL_SOURCE_ID: 5, CELL_TARGET_ID: 1, RSRP_SOURCE: -96.03, RSRP_TARGET: -88.57, RSRQ_SOURCE: -3.00, RSRQ_TARGET: -3.00, SINR_SOURCE: 13.72, SINR_TARGET: 23.84, TIME_TO_TRIGGER: 4.00, A3_OFFSET: 6.00, HOF: 0
TIMESTAMP: 183, UE_ID: 74, CELL_SOURCE_ID: 4, CELL_TARGET_ID: 1, RSRP_SOURCE: -82.75, RSRP_TARGET: -55.22, RSRQ_SOURCE: -3.00, RSRQ_TARGET: -3.00, SINR_SOURCE: 28.71, SINR_TARGET: 54.96, TIME_TO_TRIGGER: 4.00, A3_OFFSET: 6.00, HOF: 1
TIMESTAMP: 188, UE_ID: 83, CELL_SOURCE_ID: 1, CELL_TARGET_ID: 2, RSRP_SOURCE: -77.35, RSRP_TARGET: -70.60, RSRQ_SOURCE: -3.00, RSRQ_TARGET: -3.00, SINR_SOURCE: 30.10, SINR_TARGET: 38.13, TIME_TO_TRIGGER: 4.00, A3_OFFSET: 6.00, HOF: 1
TIMESTAMP: 214, UE_ID: 103, CELL_SOURCE_ID: 1, CELL_TARGET_ID: 2, RSRP_SOURCE: -81.62, RSRP_TARGET: -60.04, RSRQ_SOURCE: -3.00, RSRQ_TARGET: -3.00, SINR_SOURCE: 26.51, SINR_TARGET: 51.06, TIME_TO_TRIGGER: 4.00, A3_OFFSET: 6.00, HOF: 1
TIMESTAMP: 233, UE_ID: 100, CELL_SOURCE_ID: 5, CELL_TARGET_ID: 1, RSRP_SOURCE: -94.61, RSRP_TARGET: -87.52, RSRQ_SOURCE: -3.00, RSRQ_TARGET: -3.00, SINR_SOURCE: 13.93, SINR_TARGET: 21.45, TIME_TO_TRIGGER: 4.00, A3_OFFSET: 6.00, HOF: 1
TIMESTAMP: 235, UE_ID: 1, CELL_SOURCE_ID: 8, CELL_TARGET_ID: 1, RSRP_SOURCE: -68.86, RSRP_TARGET: -62.21, RSRQ_SOURCE: -3.00, RSRQ_TARGET: -3.00, SINR_SOURCE: 37.82, SINR_TARGET: 45.81, TIME_TO_TRIGGER: 4.00, A3_OFFSET: 6.00, HOF: 1
TIMESTAMP: 240, UE_ID: 9, CELL_SOURCE_ID: 3, CELL_TARGET_ID: 2, RSRP_SOURCE: -108.69, RSRP_TARGET: -99.61, RSRQ_SOURCE: -3.00, RSRQ_TARGET: -3.00, SINR_SOURCE: 4.75, SINR_TARGET: 8.88, TIME_TO_TRIGGER: 4.00, A3_OFFSET: 6.00, HOF: 1
TIMESTAMP: 243, UE_ID: 45, CELL_SOURCE_ID: 11, CELL_TARGET_ID: 1, RSRP_SOURCE: -95.86, RSRP_TARGET: -89.69, RSRQ_SOURCE: -3.00, RSRQ_TARGET: -3.00, SINR_SOURCE: 12.10, SINR_TARGET: 19.30, TIME_TO_TRIGGER: 4.00, A3_OFFSET: 6.00, HOF: 1
TIMESTAMP: 245, UE_ID: 100, CELL_SOURCE_ID: 1, CELL_TARGET_ID: 2, RSRP_SOURCE: -94.06, RSRP_TARGET: -70.34, RSRQ_SOURCE: -3.00, RSRQ_TARGET: -3.00, SINR_SOURCE: 13.05, SINR_TARGET: 41.60, TIME_TO_TRIGGER: 4.00, A3_OFFSET: 6.00, HOF: 1
TIMESTAMP: 247, UE_ID: 43, CELL_SOURCE_ID: 6, CELL_TARGET_ID: 1, RSRP_SOURCE: -95.44, RSRP_TARGET: -88.15, RSRQ_SOURCE: -3.00, RSRQ_TARGET: -3.00, SINR_SOURCE: 15.47, SINR_TARGET: 23.73, TIME_TO_TRIGGER: 4.00, A3_OFFSET: 6.00, HOF: 1
TIMESTAMP: 248, UE_ID: 9, CELL_SOURCE_ID: 2, CELL_TARGET_ID: 4, RSRP_SOURCE: -104.96, RSRP_TARGET: -97.59, RSRQ_SOURCE: -3.00, RSRQ_TARGET: -3.00, SINR_SOURCE: 8.22, SINR_TARGET: 11.29, TIME_TO_TRIGGER: 4.00, A3_OFFSET: 6.00, HOF: 1
TIMESTAMP: 257, UE_ID: 52, CELL_SOURCE_ID: 1, CELL_TARGET_ID: 2, RSRP_SOURCE: -99.12, RSRP_TARGET: -92.83, RSRQ_SOURCE: -3.00, RSRQ_TARGET: -3.00, SINR_SOURCE: 9.97, SINR_TARGET: 16.97, TIME_TO_TRIGGER: 4.00, A3_OFFSET: 6.00, HOF: 1
TIMESTAMP: 273, UE_ID: 15, CELL_SOURCE_ID: 3, CELL_TARGET_ID: 4, RSRP_SOURCE: -101.12, RSRP_TARGET: -92.63, RSRQ_SOURCE: -3.00, RSRQ_TARGET: -3.00, SINR_SOURCE: 10.09, SINR_TARGET: 15.66, TIME_TO_TRIGGER: 4.00, A3_OFFSET: 6.00, HOF: 1
TIMESTAMP: 278, UE_ID: 78, CELL_SOURCE_ID: 11, CELL_TARGET_ID: 1, RSRP_SOURCE: -87.38, RSRP_TARGET: -71.01, RSRQ_SOURCE: -3.00, RSRQ_TARGET: -3.00, SINR_SOURCE: 22.47, SINR_TARGET: 40.50, TIME_TO_TRIGGER: 4.00, A3_OFFSET: 6.00, HOF: 1
TIMESTAMP: 285, UE_ID: 74, CELL_SOURCE_ID: 1, CELL_TARGET_ID: 2, RSRP_SOURCE: -81.07, RSRP_TARGET: -57.91, RSRQ_SOURCE: -3.00, RSRQ_TARGET: -3.00, SINR_SOURCE: 28.15, SINR_TARGET: 49.66, TIME_TO_TRIGGER: 4.00, A3_OFFSET: 6.00, HOF: 1
TIMESTAMP: 293, UE_ID: 2, CELL_SOURCE_ID: 2, CELL_TARGET_ID: 1, RSRP_SOURCE: -97.39, RSRP_TARGET: -91.29, RSRQ_SOURCE: -3.00, RSRQ_TARGET: -3.00, SINR_SOURCE: 13.39, SINR_TARGET: 18.57, TIME_TO_TRIGGER: 4.00, A3_OFFSET: 6.00, HOF: 1
TIMESTAMP: 294, UE_ID: 52, CELL_SOURCE_ID: 2, CELL_TARGET_ID: 10, RSRP_SOURCE: -105.58, RSRP_TARGET: -98.47, RSRQ_SOURCE: -3.00, RSRQ_TARGET: -3.00, SINR_SOURCE: 7.00, SINR_TARGET: 6.61, TIME_TO_TRIGGER: 4.00, A3_OFFSET: 6.00, HOF: 1
TIMESTAMP: 295, UE_ID: 70, CELL_SOURCE_ID: 12, CELL_TARGET_ID: 1, RSRP_SOURCE: -94.55, RSRP_TARGET: -85.20, RSRQ_SOURCE: -3.00, RSRQ_TARGET: -3.00, SINR_SOURCE: 13.92, SINR_TARGET: 24.28, TIME_TO_TRIGGER: 4.00, A3_OFFSET: 6.00, HOF: 1
