TIMESTAMP: 64, UE_ID: 9, CELL_SOURCE_ID: 53, CELL_TARGET_ID: 55, RSRP_SOURCE: -99.10, RSRP_TARGET: -70.69, RSRQ_SOURCE: -3.00, RSRQ_TARGET: -3.00, SINR_SOURCE: 8.37, SINR_TARGET: 37.91, TIME_TO_TRIGGER: 12.00, A3_OFFSET: 10.00, HOF: 1
TIMESTAMP: 79, UE_ID: 35, CELL_SOURCE_ID: 52, CELL_TARGET_ID: 55, RSRP_SOURCE: -106.43, RSRP_TARGET: -95.64, RSRQ_SOURCE: -3.00, RSRQ_TARGET: -3.00, SINR_SOURCE: 1.02, SINR_TARGET: 15.60, TIME_TO_TRIGGER: 12.00, A3_OFFSET: 10.00, HOF: 1
TIMESTAMP: 82, UE_ID: 63, CELL_SOURCE_ID: 43, CELL_TARGET_ID: 10, RSRP_SOURCE: -111.31, RSRP_TARGET: -99.25, RSRQ_SOURCE: -3.00, RSRQ_TARGET: -3.00, SINR_SOURCE: -1.31, SINR_TARGET: 10.13, TIME_TO_TRIGGER: 12.00, A3_OFFSET: 10.00, HOF: 1
TIMESTAMP: 86, UE_ID: 25, CELL_SOURCE_ID: 43, CELL_TARGET_ID: 13, RSRP_SOURCE: -113.25, RSRP_TARGET: -99.58, RSRQ_SOURCE: -3.00, RSRQ_TARGET: -3.00, SINR_SOURCE: -1.76, SINR_TARGET: 8.01, TIME_TO_TRIGGER: 12.00, A3_OFFSET: 10.00, HOF: 1
TIMESTAMP: 87, UE_ID: 29, CELL_SOURCE_ID: 6, CELL_TARGET_ID: 52, RSRP_SOURCE: -113.36, RSRP_TARGET: -84.72, RSRQ_SOURCE: -3.00, RSRQ_TARGET: -3.00, SINR_SOURCE: -0.58, SINR_TARGET: 26.62, TIME_TO_TRIGGER: 12.00, A3_OFFSET: 10.00, HOF: 1
TIMESTAMP: 93, UE_ID: 92, CELL_SOURCE_ID: 16, CELL_TARGET_ID: 1, RSRP_SOURCE: -106.06, RSRP_TARGET: -90.94, RSRQ_SOURCE: -3.00, RSRQ_TARGET: -3.00, SINR_SOURCE: 2.05, SINR_TARGET: 22.50, TIME_TO_TRIGGER: 12.00, A3_OFFSET: 10.00, HOF: 1
TIMESTAMP: 97, UE_ID: 2, CELL_SOURCE_ID: 52, CELL_TARGET_ID: 55, RSRP_SOURCE: -108.77, RSRP_TARGET: -97.61, RSRQ_SOURCE: -3.00, RSRQ_TARGET: -3.00, SINR_SOURCE: 2.16, SINR_TARGET: 12.91, TIME_TO_TRIGGER: 12.00, A3_OFFSET: 10.00, HOF: 1
TIMESTAMP: 97, UE_ID: 38, CELL_SOURCE_ID: 20, CELL_TARGET_ID: 52, RSRP_SOURCE: -111.95, RSRP_TARGET: -96.27, RSRQ_SOURCE: -3.00, RSRQ_TARGET: -3.00, SINR_SOURCE: -5.82, SINR_TARGET: 16.34, TIME_TO_TRIGGER: 12.00, A3_OFFSET: 10.00, HOF: 1
TIMESTAMP: 101, UE_ID: 10, CELL_SOURCE_ID: 11, CELL_TARGET_ID: 1, RSRP_SOURCE: -99.96, RSRP_TARGET: -89.51, RSRQ_SOURCE: -3.00, RSRQ_TARGET: -3.00, SINR_SOURCE: 8.27, SINR_TARGET: 20.20, TIME_TO_TRIGGER: 12.00, A3_OFFSET: 10.00, HOF: 1
TIMESTAMP: 102, UE_ID: 45, CELL_SOURCE_ID: 34, CELL_TARGET_ID: 37, RSRP_SOURCE: -111.21, RSRP_TARGET: -96.78, RSRQ_SOURCE: -3.00, RSRQ_TARGET: -3.00, SINR_SOURCE: -0.35, SINR_TARGET: 12.56, TIME_TO_TRIGGER: 12.00, A3_OFFSET: 10.00, HOF: 1
TIMESTAMP: 103, UE_ID: 19, CELL_SOURCE_ID: 40, CELL_TARGET_ID: 34, RSRP_SOURCE: -110.11, RSRP_TARGET: -97.17, RSRQ_SOURCE: -3.00, RSRQ_TARGET: -3.00, SINR_SOURCE: -2.38, SINR_TARGET: 12.96, TIME_TO_TRIGGER: 12.00, A3_OFFSET: 10.00, HOF: 1
TIMESTAMP: 103, UE_ID: 90, CELL_SOURCE_ID: 14, CELL_TARGET_ID: 1, RSRP_SOURCE: -105.02, RSRP_TARGET: -91.78, RSRQ_SOURCE: -3.00, RSRQ_TARGET: -3.00, SINR_SOURCE: 7.27, SINR_TARGET: 17.46, TIME_TO_TRIGGER: 12.00, A3_OFFSET: 10.00, HOF: 1
TIMESTAMP: 110, UE_ID: 4, CELL_SOURCE_ID: 47, CELL_TARGET_ID: 1, RSRP_SOURCE: -102.95, RSRP_TARGET: -92.39, RSRQ_SOURCE: -3.00, RSRQ_TARGET: -3.00, SINR_SOURCE: 5.08, SINR_TARGET: 17.10, TIME_TO_TRIGGER: 12.00, A3_OFFSET: 10.00, HOF: 1
TIMESTAMP: 112, UE_ID: 18, CELL_SOURCE_ID: 4, CELL_TARGET_ID: 22, RSRP_SOURCE: -109.47, RSRP_TARGET: -99.03, RSRQ_SOURCE: -3.00, RSRQ_TARGET: -3.00, SINR_SOURCE: 1.42, SINR_TARGET: 11.62, TIME_TO_TRIGGER: 12.00, A3_OFFSET: 10.00, HOF: 0
TIMESTAMP: 112, UE_ID: 62, CELL_SOURCE_ID: 7, CELL_TARGET_ID: 4, RSRP_SOURCE: -107.37, RSRP_TARGET: -96.40, RSRQ_SOURCE: -3.00, RSRQ_TARGET: -3.00, SINR_SOURCE: 4.53, SINR_TARGET: 14.33, TIME_TO_TRIGGER: 12.00, A3_OFFSET: 10.00, HOF: 1
TIMESTAMP: 115, UE_ID: 14, CELL_SOURCE_ID: 34, CELL_TARGET_ID: 31, RSRP_SOURCE: -110.13, RSRP_TARGET: -96.40, RSRQ_SOURCE: -3.00, RSRQ_TARGET: -3.00, SINR_SOURCE: 2.11, SINR_TARGET: 11.46, TIME_TO_TRIGGER: 12.00, A3_OFFSET: 10.00, HOF: 1
TIMESTAMP: 117, UE_ID: 18, CELL_SOURCE_ID: 4, CELL_TARGET_ID: 23, RSRP_SOURCE: -113.71, RSRP_TARGET: -101.68, RSRQ_SOURCE: -3.00, RSRQ_TARGET: -3.00, SINR_SOURCE: -2.39, SINR_TARGET: 4.80, TIME_TO_TRIGGER: 12.00, A3_OFFSET: 10.00, HOF: 0
TIMESTAMP: 117, UE_ID: 58, CELL_SOURCE_ID: 42, CELL_TARGET_ID: 44, RSRP_SOURCE: -113.60, RSRP_TARGET: -103.41, RSRQ_SOURCE: -3.00, RSRQ_TARGET: -3.00, SINR_SOURCE: -4.97, SINR_TARGET: 8.85, TIME_TO_TRIGGER: 12.00, A3_OFFSET: 10.00, HOF: 1
TIMESTAMP: 119, UE_ID: 12, CELL_SOURCE_ID: 50, CELL_TARGET_ID: 1, RSRP_SOURCE: -109.99, RSRP_TARGET: -86.36, RSRQ_SOURCE: -3.00, RSRQ_TARGET: -3.00, SINR_SOURCE: -1.75, SINR_TARGET: 25.13, TIME_TO_TRIGGER: 12.00, A3_OFFSET: 10.00, HOF: 1
TIMESTAMP: 125, UE_ID: 47, CELL_SOURCE_ID: 23, CELL_TARGET_ID: 1, RSRP_SOURCE: -99.06, RSRP_TARGET: -65.04, RSRQ_SOURCE: -3.00, RSRQ_TARGET: -3.00, SINR_SOURCE: 4.77, SINR_TARGET: 45.27, TIME_TO_TRIGGER: 12.00, A3_OFFSET: 10.00, HOF: 1
TIMESTAMP: 128, UE_ID: 11, CELL_SOURCE_ID: 24, CELL_TARGET_ID: 1, RSRP_SOURCE: -104.41, RSRP_TARGET: -84.29, RSRQ_SOURCE: -3.00, RSRQ_TARGET: -3.00, SINR_SOURCE: 4.95, SINR_TARGET: 23.37, TIME_TO_TRIGGER: 12.00, A3_OFFSET: 10.00, HOF: 1
TIMESTAMP: 129, UE_ID: 95, CELL_SOURCE_ID: 17, CELL_TARGET_ID: 19, RSRP_SOURCE: -109.43, RSRP_TARGET: -98.25, RSRQ_SOURCE: -3.00, RSRQ_TARGET: -3.00, SINR_SOURCE: 0.20, SINR_TARGET: 10.69, TIME_TO_TRIGGER: 12.00, A3_OFFSET: 10.00, HOF: 1
TIMESTAMP: 133, UE_ID: 32, CELL_SOURCE_ID: 39, CELL_TARGET_ID: 14, RSRP_SOURCE: -113.36, RSRP_TARGET: -100.62, RSRQ_SOURCE: -3.00, RSRQ_TARGET: -3.00, SINR_SOURCE: -6.25, SINR_TARGET: 11.50, TIME_TO_TRIGGER: 12.00, A3_OFFSET: 10.00, HOF: 1
TIMESTAMP: 135, UE_ID: 92, CELL_SOURCE_ID: 1, CELL_TARGET_ID: 7, RSRP_SOURCE: -109.11, RSRP_TARGET: -98.33, RSRQ_SOURCE: -3.00, RSRQ_TARGET: -3.00, SINR_SOURCE: 2.63, SINR_TARGET: 11.46, TIME_TO_TRIGGER: 12.00, A3_OFFSET: 10.00, HOF: 0
TIMESTAMP: 136, UE_ID: 19, CELL_SOURCE_ID: 34, CELL_TARGET_ID: 37, RSRP_SOURCE: -109.79, RSRP_TARGET: -94.42, RSRQ_SOURCE: -3.00, RSRQ_TARGET: -3.00, SINR_SOURCE: -0.27, SINR_TARGET: 15.00, TIME_TO_TRIGGER: 12.00, A3_OFFSET: 10.00, HOF: 1
TIMESTAMP: 137, UE_ID: 1, CELL_SOURCE_ID: 47, CELL_TARGET_ID: 1, RSRP_SOURCE: -108.10, RSRP_TARGET: -97.96, RSRQ_SOURCE: -3.00, RSRQ_TARGET: -3.00, SINR_SOURCE: -0.87, SINR_TARGET: 13.71, TIME_TO_TRIGGER: 12.00, A3_OFFSET: 10.00, HOF: 1
TIMESTAMP: 139, UE_ID: 82, CELL_SOURCE_ID: 35, CELL_TARGET_ID: 28, RSRP_SOURCE: -109.88, RSRP_TARGET: -97.97, RSRQ_SOURCE: -3.00, RSRQ_TARGET: -3.00, SINR_SOURCE: 3.75, SINR_TARGET: 14.63, TIME_TO_TRIGGER: 12.00, A3_OFFSET: 10.00, HOF: 1
TIMESTAMP: 147, UE_ID: 29, CELL_SOURCE_ID: 52, CELL_TARGET_ID: 55, RSRP_SOURCE: -103.05, RSRP_TARGET: -91.43, RSRQ_SOURCE: -3.00, RSRQ_TARGET: -3.00, SINR_SOURCE: 7.55, SINR_TARGET: 19.90, TIME_TO_TRIGGER: 12.00, A3_OFFSET: 10.00, HOF: 1
TIMESTAMP: 147, UE_ID: 38, CELL_SOURCE_ID: 52, CELL_TARGET_ID: 55, RSRP_SOURCE: -106.32, RSRP_TARGET: -93.38, RSRQ_SOURCE: -3.00, RSRQ_TARGET: -3.00, SINR_SOURCE: 2.59, SINR_TARGET: 17.47, TIME_TO_TRIGGER: 12.00, A3_OFFSET: 10.00, HOF: 1
TIMESTAMP: 150, UE_ID: 32, CELL_SOURCE_ID: 14, CELL_TARGET_ID: 16, RSRP_SOURCE: -108.65, RSRP_TARGET: -97.71, RSRQ_SOURCE: -3.00, RSRQ_TARGET: -3.00, SINR_SOURCE: 4.92, SINR_TARGET: 12.04, TIME_TO_TRIGGER: 12.00, A3_OFFSET: 10.00, HOF: 1
TIMESTAMP: 153, UE_ID: 82, CELL_SOURCE_ID: 28, CELL_TARGET_ID: 32, RSRP_SOURCE: -112.48, RSRP_TARGET: -101.52, RSRQ_SOURCE: -3.00, RSRQ_TARGET: -3.00, SINR_SOURCE: 1.56, SINR_TARGET: 7.06, TIME_TO_TRIGGER: 12.00, A3_OFFSET: 10.00, HOF: 1
TIMESTAMP: 158, UE_ID: 62, CELL_SOURCE_ID: 4, CELL_TARGET_ID: 20, RSRP_SOURCE: -113.48, RSRP_TARGET: -102.04, RSRQ_SOURCE: -3.00, RSRQ_TARGET: -3.00, SINR_SOURCE: -2.35, SINR_TARGET: 5.02, TIME_TO_TRIGGER: 12.00, A3_OFFSET: 10.00, HOF: 1
TIMESTAMP: 162, UE_ID: 10, CELL_SOURCE_ID: 1, CELL_TARGET_ID: 18, RSRP_SOURCE: -114.06, RSRP_TARGET: -101.97, RSRQ_SOURCE: -3.00, RSRQ_TARGET: -3.00, SINR_SOURCE: -6.56, SINR_TARGET: 8.99, TIME_TO_TRIGGER: 12.00, A3_OFFSET: 10.00, HOF: 1
TIMESTAMP: 166, UE_ID: 62, CELL_SOURCE_ID: 20, CELL_TARGET_ID: 52, RSRP_SOURCE: -110.44, RSRP_TARGET: -100.04, RSRQ_SOURCE: -3.00, RSRQ_TARGET: -3.00, SINR_SOURCE: 3.62, SINR_TARGET: 11.69, TIME_TO_TRIGGER: 12.00, A3_OFFSET: 10.00, HOF: 1
TIMESTAMP: 166, UE_ID: 95, CELL_SOURCE_ID: 19, CELL_TARGET_ID: 53, RSRP_SOURCE: -113.19, RSRP_TARGET: -103.12, RSRQ_SOURCE: -3.00, RSRQ_TARGET: -3.00, SINR_SOURCE: -1.46, SINR_TARGET: 8.76, TIME_TO_TRIGGER: 12.00, A3_OFFSET: 10.00, HOF: 1
TIMESTAMP: 168, UE_ID: 4, CELL_SOURCE_ID: 1, CELL_TARGET_ID: 4, RSRP_SOURCE: -110.03, RSRP_TARGET: -99.52, RSRQ_SOURCE: -3.00, RSRQ_TARGET: -3.00, SINR_SOURCE: -0.86, SINR_TARGET: 11.38, TIME_TO_TRIGGER: 12.00, A3_OFFSET: 10.00, HOF: 1
TIMESTAMP: 183, UE_ID: 13, CELL_SOURCE_ID: 57, CELL_TARGET_ID: 22, RSRP_SOURCE: -114.83, RSRP_TARGET: -97.79, RSRQ_SOURCE: -3.00, RSRQ_TARGET: -3.00, SINR_SOURCE: -4.68, SINR_TARGET: 15.14, TIME_TO_TRIGGER: 12.00, A3_OFFSET: 10.00, HOF: 1
TIMESTAMP: 183, UE_ID: 90, CELL_SOURCE_ID: 1, CELL_TARGET_ID: 8, RSRP_SOURCE: -113.92, RSRP_TARGET: -99.99, RSRQ_SOURCE: -3.00, RSRQ_TARGET: -3.00, SINR_SOURCE: -8.64, SINR_TARGET: 10.37, TIME_TO_TRIGGER: 12.00, A3_OFFSET: 10.00, HOF: 0
TIMESTAMP: 186, UE_ID: 90, CELL_SOURCE_ID: 1, CELL_TARGET_ID: 7, RSRP_SOURCE: -112.38, RSRP_TARGET: -101.71, RSRQ_SOURCE: -3.00, RSRQ_TARGET: -3.00, SINR_SOURCE: 0.94, SINR_TARGET: 7.94, TIME_TO_TRIGGER: 12.00, A3_OFFSET: 10.00, HOF: 1
TIMESTAMP: 199, UE_ID: 47, CELL_SOURCE_ID: 1, CELL_TARGET_ID: 10, RSRP_SOURCE: -109.22, RSRP_TARGET: -96.34, RSRQ_SOURCE: -3.00, RSRQ_TARGET: -3.00, SINR_SOURCE: 2.13, SINR_TARGET: 13.21, TIME_TO_TRIGGER: 12.00, A3_OFFSET: 10.00, HOF: 1
TIMESTAMP: 224, UE_ID: 4, CELL_SOURCE_ID: 4, CELL_TARGET_ID: 55, RSRP_SOURCE: -108.34, RSRP_TARGET: -96.00, RSRQ_SOURCE: -3.00, RSRQ_TARGET: -3.00, SINR_SOURCE: 3.53, SINR_TARGET: 17.11, TIME_TO_TRIGGER: 12.00, A3_OFFSET: 10.00, HOF: 1
TIMESTAMP: 224, UE_ID: 62, CELL_SOURCE_ID: 52, CELL_TARGET_ID: 53, RSRP_SOURCE: -107.88, RSRP_TARGET: -96.58, RSRQ_SOURCE: -3.00, RSRQ_TARGET: -3.00, SINR_SOURCE: 4.81, SINR_TARGET: 14.11, TIME_TO_TRIGGER: 12.00, A3_OFFSET: 10.00, HOF: 1
TIMESTAMP: 228, UE_ID: 32, CELL_SOURCE_ID: 16, CELL_TARGET_ID: 46, RSRP_SOURCE: -111.23, RSRP_TARGET: -101.14, RSRQ_SOURCE: -3.00, RSRQ_TARGET: -3.00, SINR_SOURCE: -1.93, SINR_TARGET: 8.71, TIME_TO_TRIGGER: 12.00, A3_OFFSET: 10.00, HOF: 1
