TIMESTAMP: 6, UE_ID: 19, CELL_SOURCE_ID: 6, CELL_TARGET_ID: 1, RSRP_SOURCE: -66.76, RSRP_TARGET: -59.23, RSRQ_SOURCE: -3.00, RSRQ_TARGET: -3.00, SINR_SOURCE: 42.96, SINR_TARGET: 50.99, TIME_TO_TRIGGER: 4.00, A3_OFFSET: 6.00, HOF: 1
TIMESTAMP: 7, UE_ID: 47, CELL_SOURCE_ID: 12, CELL_TARGET_ID: 1, RSRP_SOURCE: -84.21, RSRP_TARGET: -73.29, RSRQ_SOURCE: -3.00, RSRQ_TARGET: -3.00, SINR_SOURCE: 15.78, SINR_TARGET: 33.66, TIME_TO_TRIGGER: 4.00, A3_OFFSET: 6.00, HOF: 0
TIMESTAMP: 7, UE_ID: 55, CELL_SOURCE_ID: 12, CELL_TARGET_ID: 1, RSRP_SOURCE: -76.32, RSRP_TARGET: -66.47, RSRQ_SOURCE: -3.00, RSRQ_TARGET: -3.00, SINR_SOURCE: 20.64, SINR_TARGET: 43.45, TIME_TO_TRIGGER: 4.00, A3_OFFSET: 6.00, HOF: 1
TIMESTAMP: 7, UE_ID: 67, CELL_SOURCE_ID: 12, CELL_TARGET_ID: 1, RSRP_SOURCE: -93.84, RSRP_TARGET: -79.33, RSRQ_SOURCE: -3.00, RSRQ_TARGET: -3.00, SINR_SOURCE: 3.00, SINR_TARGET: 29.78, TIME_TO_TRIGGER: 4.00, A3_OFFSET: 6.00, HOF: 1
TIMESTAMP: 7, UE_ID: 71, CELL_SOURCE_ID: 12, CELL_TARGET_ID: 1, RSRP_SOURCE: -74.49, RSRP_TARGET: -67.58, RSRQ_SOURCE: -3.00, RSRQ_TARGET: -3.00, SINR_SOURCE: 23.92, SINR_TARGET: 38.94, TIME_TO_TRIGGER: 4.00, A3_OFFSET: 6.00, HOF: 1
TIMESTAMP: 7, UE_ID: 78, CELL_SOURCE_ID: 12, CELL_TARGET_ID: 1, RSRP_SOURCE: -76.10, RSRP_TARGET: -67.41, RSRQ_SOURCE: -3.00, RSRQ_TARGET: -3.00, SINR_SOURCE: 20.80, SINR_TARGET: 44.48, TIME_TO_TRIGGER: 4.00, A3_OFFSET: 6.00, HOF: 0
TIMESTAMP: 7, UE_ID: 94, CELL_SOURCE_ID: 12, CELL_TARGET_ID: 1, RSRP_SOURCE: -77.02, RSRP_TARGET: -69.81, RSRQ_SOURCE: -3.00, RSRQ_TARGET: -3.00, SINR_SOURCE: 24.06, SINR_TARGET: 39.72, TIME_TO_TRIGGER: 4.00, A3_OFFSET: 6.00, HOF: 1
TIMESTAMP: 7, UE_ID: 112, CELL_SOURCE_ID: 12, CELL_TARGET_ID: 1, RSRP_SOURCE: -74.66, RSRP_TARGET: -65.35, RSRQ_SOURCE: -3.00, RSRQ_TARGET: -3.00, SINR_SOURCE: 23.70, SINR_TARGET: 43.58, TIME_TO_TRIGGER: 4.00, A3_OFFSET: 6.00, HOF: 1
TIMESTAMP: 8, UE_ID: 19, CELL_SOURCE_ID: 1, CELL_TARGET_ID: 2, RSRP_SOURCE: -101.20, RSRP_TARGET: -53.00, RSRQ_SOURCE: -3.00, RSRQ_TARGET: -3.00, SINR_SOURCE: -3.80, SINR_TARGET: 56.55, TIME_TO_TRIGGER: 4.00, A3_OFFSET: 6.00, HOF: 1
TIMESTAMP: 9, UE_ID: 71, CELL_SOURCE_ID: 1, CELL_TARGET_ID: 2, RSRP_SOURCE: -71.44, RSRP_TARGET: -56.14, RSRQ_SOURCE: -3.00, RSRQ_TARGET: -3.00, SINR_SOURCE: 40.09, SINR_TARGET: 54.12, TIME_TO_TRIGGER: 4.00, A3_OFFSET: 6.00, HOF: 1
TIMESTAMP: 10, UE_ID: 9, CELL_SOURCE_ID: 6, CELL_TARGET_ID: 1, RSRP_SOURCE: -75.08, RSRP_TARGET: -57.22, RSRQ_SOURCE: -3.00, RSRQ_TARGET: -3.00, SINR_SOURCE: 23.74, SINR_TARGET: 50.55, TIME_TO_TRIGGER: 4.00, A3_OFFSET: 6.00, HOF: 1
TIMESTAMP: 10, UE_ID: 14, CELL_SOURCE_ID: 6, CELL_TARGET_ID: 1, RSRP_SOURCE: -76.58, RSRP_TARGET: -56.23, RSRQ_SOURCE: -3.00, RSRQ_TARGET: -3.00, SINR_SOURCE: 20.75, SINR_TARGET: 55.20, TIME_TO_TRIGGER: 4.00, A3_OFFSET: 6.00, HOF: 0
TIMESTAMP: 10, UE_ID: 115, CELL_SOURCE_ID: 6, CELL_TARGET_ID: 1, RSRP_SOURCE: -74.73, RSRP_TARGET: -54.84, RSRQ_SOURCE: -3.00, RSRQ_TARGET: -3.00, SINR_SOURCE: 24.09, SINR_TARGET: 53.61, TIME_TO_TRIGGER: 4.00, A3_OFFSET: 6.00, HOF: 0
TIMESTAMP: 11, UE_ID: 20, CELL_SOURCE_ID: 6, CELL_TARGET_ID: 2, RSRP_SOURCE: -77.84, RSRP_TARGET: -65.50, RSRQ_SOURCE: -3.00, RSRQ_TARGET: -3.00, SINR_SOURCE: 24.70, SINR_TARGET: 44.96, TIME_TO_TRIGGER: 4.00, A3_OFFSET: 6.00, HOF: 1
TIMESTAMP: 11, UE_ID: 108, CELL_SOURCE_ID: 6, CELL_TARGET_ID: 2, RSRP_SOURCE: -76.26, RSRP_TARGET: -60.70, RSRQ_SOURCE: -3.00, RSRQ_TARGET: -3.00, SINR_SOURCE: 24.57, SINR_TARGET: 44.81, TIME_TO_TRIGGER: 4.00, A3_OFFSET: 6.00, HOF: 1
TIMESTAMP: 11, UE_ID: 112, CELL_SOURCE_ID: 1, CELL_TARGET_ID: 2, RSRP_SOURCE: -108.74, RSRP_TARGET: -86.09, RSRQ_SOURCE: -3.00, RSRQ_TARGET: -3.00, SINR_SOURCE: -13.46, SINR_TARGET: 25.64, TIME_TO_TRIGGER: 4.00, A3_OFFSET: 6.00, HOF: 0
TIMESTAMP: 12, UE_ID: 19, CELL_SOURCE_ID: 2, CELL_TARGET_ID: 1, RSRP_SOURCE: -89.07, RSRP_TARGET: -72.71, RSRQ_SOURCE: -3.00, RSRQ_TARGET: -3.00, SINR_SOURCE: 10.97, SINR_TARGET: 35.28, TIME_TO_TRIGGER: 4.00, A3_OFFSET: 6.00, HOF: 1
TIMESTAMP: 13, UE_ID: 20, CELL_SOURCE_ID: 2, CELL_TARGET_ID: 1, RSRP_SOURCE: -83.14, RSRP_TARGET: -67.31, RSRQ_SOURCE: -3.00, RSRQ_TARGET: -3.00, SINR_SOURCE: 18.56, SINR_TARGET: 45.00, TIME_TO_TRIGGER: 4.00, A3_OFFSET: 6.00, HOF: 1
TIMESTAMP: 13, UE_ID: 61, CELL_SOURCE_ID: 2, CELL_TARGET_ID: 1, RSRP_SOURCE: -85.26, RSRP_TARGET: -72.56, RSRQ_SOURCE: -3.00, RSRQ_TARGET: -3.00, SINR_SOURCE: 15.81, SINR_TARGET: 37.80, TIME_TO_TRIGGER: 4.00, A3_OFFSET: 6.00, HOF: 1
TIMESTAMP: 13, UE_ID: 71, CELL_SOURCE_ID: 2, CELL_TARGET_ID: 1, RSRP_SOURCE: -82.59, RSRP_TARGET: -67.57, RSRQ_SOURCE: -3.00, RSRQ_TARGET: -3.00, SINR_SOURCE: 12.12, SINR_TARGET: 39.32, TIME_TO_TRIGGER: 4.00, A3_OFFSET: 6.00, HOF: 1
TIMESTAMP: 13, UE_ID: 108, CELL_SOURCE_ID: 2, CELL_TARGET_ID: 1, RSRP_SOURCE: -82.67, RSRP_TARGET: -62.71, RSRQ_SOURCE: -3.00, RSRQ_TARGET: -3.00, SINR_SOURCE: 16.79, SINR_TARGET: 49.90, TIME_TO_TRIGGER: 4.00, A3_OFFSET: 6.00, HOF: 1
TIMESTAMP: 13, UE_ID: 112, CELL_SOURCE_ID: 1, CELL_TARGET_ID: 3, RSRP_SOURCE: -86.48, RSRP_TARGET: -54.23, RSRQ_SOURCE: -3.00, RSRQ_TARGET: -3.00, SINR_SOURCE: 21.36, SINR_TARGET: 59.08, TIME_TO_TRIGGER: 4.00, A3_OFFSET: 6.00, HOF: 1
TIMESTAMP: 15, UE_ID: 99, CELL_SOURCE_ID: 10, CELL_TARGET_ID: 1, RSRP_SOURCE: -82.07, RSRP_TARGET: -71.24, RSRQ_SOURCE: -3.00, RSRQ_TARGET: -3.00, SINR_SOURCE: 15.22, SINR_TARGET: 41.32, TIME_TO_TRIGGER: 4.00, A3_OFFSET: 6.00, HOF: 1
