TIMESTAMP: 6, UE_ID: 13, CELL_SOURCE_ID: 53, CELL_TARGET_ID: 2, RSRP_SOURCE: -105.78, RSRP_TARGET: -94.68, RSRQ_SOURCE: -3.00, RSRQ_TARGET: -3.00, SINR_SOURCE: -4.67, SINR_TARGET: 14.18, TIME_TO_TRIGGER: 12.00, A3_OFFSET: 10.00, HOF: 1
TIMESTAMP: 9, UE_ID: 34, CELL_SOURCE_ID: 41, CELL_TARGET_ID: 1, RSRP_SOURCE: -112.02, RSRP_TARGET: -97.89, RSRQ_SOURCE: -3.00, RSRQ_TARGET: -3.00, SINR_SOURCE: -13.45, SINR_TARGET: 11.31, TIME_TO_TRIGGER: 12.00, A3_OFFSET: 10.00, HOF: 1
TIMESTAMP: 23, UE_ID: 65, CELL_SOURCE_ID: 51, CELL_TARGET_ID: 1, RSRP_SOURCE: -103.42, RSRP_TARGET: -93.14, RSRQ_SOURCE: -3.00, RSRQ_TARGET: -3.00, SINR_SOURCE: -7.28, SINR_TARGET: 19.03, TIME_TO_TRIGGER: 12.00, A3_OFFSET: 10.00, HOF: 1
TIMESTAMP: 24, UE_ID: 35, CELL_SOURCE_ID: 53, CELL_TARGET_ID: 1, RSRP_SOURCE: -109.52, RSRP_TARGET: -96.83, RSRQ_SOURCE: -3.00, RSRQ_TARGET: -3.00, SINR_SOURCE: -13.18, SINR_TARGET: 13.77, TIME_TO_TRIGGER: 12.00, A3_OFFSET: 10.00, HOF: 1
TIMESTAMP: 28, UE_ID: 65, CELL_SOURCE_ID: 1, CELL_TARGET_ID: 4, RSRP_SOURCE: -113.49, RSRP_TARGET: -101.96, RSRQ_SOURCE: -3.00, RSRQ_TARGET: -3.00, SINR_SOURCE: -11.09, SINR_TARGET: 9.89, TIME_TO_TRIGGER: 12.00, A3_OFFSET: 10.00, HOF: 1
TIMESTAMP: 33, UE_ID: 9, CELL_SOURCE_ID: 57, CELL_TARGET_ID: 4, RSRP_SOURCE: -98.58, RSRP_TARGET: -87.15, RSRQ_SOURCE: -3.00, RSRQ_TARGET: -3.00, SINR_SOURCE: -2.28, SINR_TARGET: 23.77, TIME_TO_TRIGGER: 12.00, A3_OFFSET: 10.00, HOF: 1
TIMESTAMP: 33, UE_ID: 62, CELL_SOURCE_ID: 7, CELL_TARGET_ID: 4, RSRP_SOURCE: -113.72, RSRP_TARGET: -70.00, RSRQ_SOURCE: -3.00, RSRQ_TARGET: -3.00, SINR_SOURCE: -17.58, SINR_TARGET: 39.53, TIME_TO_TRIGGER: 12.00, A3_OFFSET: 10.00, HOF: 0
TIMESTAMP: 35, UE_ID: 2, CELL_SOURCE_ID: 53, CELL_TARGET_ID: 1, RSRP_SOURCE: -103.53, RSRP_TARGET: -92.59, RSRQ_SOURCE: -3.00, RSRQ_TARGET: -3.00, SINR_SOURCE: -6.38, SINR_TARGET: 18.19, TIME_TO_TRIGGER: 12.00, A3_OFFSET: 10.00, HOF: 1
TIMESTAMP: 39, UE_ID: 47, CELL_SOURCE_ID: 23, CELL_TARGET_ID: 4, RSRP_SOURCE: -85.39, RSRP_TARGET: -75.01, RSRQ_SOURCE: -3.00, RSRQ_TARGET: -3.00, SINR_SOURCE: 23.49, SINR_TARGET: 36.88, TIME_TO_TRIGGER: 12.00, A3_OFFSET: 10.00, HOF: 0
TIMESTAMP: 43, UE_ID: 51, CELL_SOURCE_ID: 54, CELL_TARGET_ID: 1, RSRP_SOURCE: -114.46, RSRP_TARGET: -92.05, RSRQ_SOURCE: -3.00, RSRQ_TARGET: -3.00, SINR_SOURCE: -15.22, SINR_TARGET: 14.37, TIME_TO_TRIGGER: 12.00, A3_OFFSET: 10.00, HOF: 0
TIMESTAMP: 43, UE_ID: 66, CELL_SOURCE_ID: 42, CELL_TARGET_ID: 1, RSRP_SOURCE: -104.16, RSRP_TARGET: -92.06, RSRQ_SOURCE: -3.00, RSRQ_TARGET: -3.00, SINR_SOURCE: -5.88, SINR_TARGET: 19.73, TIME_TO_TRIGGER: 12.00, A3_OFFSET: 10.00, HOF: 0
TIMESTAMP: 44, UE_ID: 21, CELL_SOURCE_ID: 53, CELL_TARGET_ID: 3, RSRP_SOURCE: -108.51, RSRP_TARGET: -98.50, RSRQ_SOURCE: -3.00, RSRQ_TARGET: -3.00, SINR_SOURCE: -10.35, SINR_TARGET: 10.48, TIME_TO_TRIGGER: 12.00, A3_OFFSET: 10.00, HOF: 1
TIMESTAMP: 45, UE_ID: 15, CELL_SOURCE_ID: 25, CELL_TARGET_ID: 4, RSRP_SOURCE: -111.11, RSRP_TARGET: -98.76, RSRQ_SOURCE: -3.00, RSRQ_TARGET: -3.00, SINR_SOURCE: -11.31, SINR_TARGET: 10.30, TIME_TO_TRIGGER: 12.00, A3_OFFSET: 10.00, HOF: 1
TIMESTAMP: 46, UE_ID: 37, CELL_SOURCE_ID: 56, CELL_TARGET_ID: 5, RSRP_SOURCE: -111.69, RSRP_TARGET: -100.74, RSRQ_SOURCE: -3.00, RSRQ_TARGET: -3.00, SINR_SOURCE: -16.53, SINR_TARGET: 7.45, TIME_TO_TRIGGER: 12.00, A3_OFFSET: 10.00, HOF: 1
TIMESTAMP: 49, UE_ID: 13, CELL_SOURCE_ID: 55, CELL_TARGET_ID: 1, RSRP_SOURCE: -109.73, RSRP_TARGET: -93.75, RSRQ_SOURCE: -3.00, RSRQ_TARGET: -3.00, SINR_SOURCE: -13.97, SINR_TARGET: 14.62, TIME_TO_TRIGGER: 12.00, A3_OFFSET: 10.00, HOF: 1
TIMESTAMP: 52, UE_ID: 19, CELL_SOURCE_ID: 38, CELL_TARGET_ID: 1, RSRP_SOURCE: -109.79, RSRP_TARGET: -98.41, RSRQ_SOURCE: -3.00, RSRQ_TARGET: -3.00, SINR_SOURCE: -11.13, SINR_TARGET: 12.17, TIME_TO_TRIGGER: 12.00, A3_OFFSET: 10.00, HOF: 1
TIMESTAMP: 54, UE_ID: 34, CELL_SOURCE_ID: 41, CELL_TARGET_ID: 1, RSRP_SOURCE: -111.81, RSRP_TARGET: -86.31, RSRQ_SOURCE: -3.00, RSRQ_TARGET: -3.00, SINR_SOURCE: -13.43, SINR_TARGET: 22.43, TIME_TO_TRIGGER: 12.00, A3_OFFSET: 10.00, HOF: 1
TIMESTAMP: 54, UE_ID: 36, CELL_SOURCE_ID: 53, CELL_TARGET_ID: 1, RSRP_SOURCE: -97.77, RSRP_TARGET: -84.63, RSRQ_SOURCE: -3.00, RSRQ_TARGET: -3.00, SINR_SOURCE: -1.45, SINR_TARGET: 23.70, TIME_TO_TRIGGER: 12.00, A3_OFFSET: 10.00, HOF: 1
TIMESTAMP: 55, UE_ID: 54, CELL_SOURCE_ID: 17, CELL_TARGET_ID: 1, RSRP_SOURCE: -102.78, RSRP_TARGET: -91.39, RSRQ_SOURCE: -3.00, RSRQ_TARGET: -3.00, SINR_SOURCE: 0.70, SINR_TARGET: 16.14, TIME_TO_TRIGGER: 12.00, A3_OFFSET: 10.00, HOF: 0
TIMESTAMP: 57, UE_ID: 48, CELL_SOURCE_ID: 5, CELL_TARGET_ID: 1, RSRP_SOURCE: -93.65, RSRP_TARGET: -55.70, RSRQ_SOURCE: -3.00, RSRQ_TARGET: -3.00, SINR_SOURCE: 17.43, SINR_TARGET: 54.84, TIME_TO_TRIGGER: 12.00, A3_OFFSET: 10.00, HOF: 1
TIMESTAMP: 61, UE_ID: 17, CELL_SOURCE_ID: 22, CELL_TARGET_ID: 3, RSRP_SOURCE: -113.91, RSRP_TARGET: -102.65, RSRQ_SOURCE: -3.00, RSRQ_TARGET: -3.00, SINR_SOURCE: -16.79, SINR_TARGET: 7.12, TIME_TO_TRIGGER: 12.00, A3_OFFSET: 10.00, HOF: 0
TIMESTAMP: 62, UE_ID: 25, CELL_SOURCE_ID: 45, CELL_TARGET_ID: 1, RSRP_SOURCE: -110.12, RSRP_TARGET: -96.81, RSRQ_SOURCE: -3.00, RSRQ_TARGET: -3.00, SINR_SOURCE: -10.31, SINR_TARGET: 13.71, TIME_TO_TRIGGER: 12.00, A3_OFFSET: 10.00, HOF: 1
TIMESTAMP: 66, UE_ID: 29, CELL_SOURCE_ID: 6, CELL_TARGET_ID: 1, RSRP_SOURCE: -110.07, RSRP_TARGET: -90.83, RSRQ_SOURCE: -3.00, RSRQ_TARGET: -3.00, SINR_SOURCE: -10.21, SINR_TARGET: 19.06, TIME_TO_TRIGGER: 12.00, A3_OFFSET: 10.00, HOF: 0
TIMESTAMP: 66, UE_ID: 72, CELL_SOURCE_ID: 53, CELL_TARGET_ID: 1, RSRP_SOURCE: -110.29, RSRP_TARGET: -99.87, RSRQ_SOURCE: -3.00, RSRQ_TARGET: -3.00, SINR_SOURCE: -10.31, SINR_TARGET: 10.58, TIME_TO_TRIGGER: 12.00, A3_OFFSET: 10.00, HOF: 1
TIMESTAMP: 69, UE_ID: 29, CELL_SOURCE_ID: 6, CELL_TARGET_ID: 19, RSRP_SOURCE: -114.29, RSRP_TARGET: -87.94, RSRQ_SOURCE: -3.00, RSRQ_TARGET: -3.00, SINR_SOURCE: -11.47, SINR_TARGET: 22.36, TIME_TO_TRIGGER: 12.00, A3_OFFSET: 10.00, HOF: 0
TIMESTAMP: 73, UE_ID: 51, CELL_SOURCE_ID: 56, CELL_TARGET_ID: 1, RSRP_SOURCE: -111.09, RSRP_TARGET: -90.93, RSRQ_SOURCE: -3.00, RSRQ_TARGET: -3.00, SINR_SOURCE: -16.04, SINR_TARGET: 21.83, TIME_TO_TRIGGER: 12.00, A3_OFFSET: 10.00, HOF: 1
TIMESTAMP: 75, UE_ID: 51, CELL_SOURCE_ID: 1, CELL_TARGET_ID: 2, RSRP_SOURCE: -109.22, RSRP_TARGET: -97.54, RSRQ_SOURCE: -3.00, RSRQ_TARGET: -3.00, SINR_SOURCE: 3.37, SINR_TARGET: 11.74, TIME_TO_TRIGGER: 12.00, A3_OFFSET: 10.00, HOF: 1
TIMESTAMP: 77, UE_ID: 23, CELL_SOURCE_ID: 14, CELL_TARGET_ID: 1, RSRP_SOURCE: -100.17, RSRP_TARGET: -84.72, RSRQ_SOURCE: -3.00, RSRQ_TARGET: -3.00, SINR_SOURCE: -2.18, SINR_TARGET: 26.00, TIME_TO_TRIGGER: 12.00, A3_OFFSET: 10.00, HOF: 1
TIMESTAMP: 79, UE_ID: 27, CELL_SOURCE_ID: 40, CELL_TARGET_ID: 4, RSRP_SOURCE: -114.70, RSRP_TARGET: -103.42, RSRQ_SOURCE: -3.00, RSRQ_TARGET: -3.00, SINR_SOURCE: -20.08, SINR_TARGET: 3.02, TIME_TO_TRIGGER: 12.00, A3_OFFSET: 10.00, HOF: 0
TIMESTAMP: 83, UE_ID: 67, CELL_SOURCE_ID: 18, CELL_TARGET_ID: 1, RSRP_SOURCE: -110.61, RSRP_TARGET: -92.75, RSRQ_SOURCE: -3.00, RSRQ_TARGET: -3.00, SINR_SOURCE: -13.28, SINR_TARGET: 18.14, TIME_TO_TRIGGER: 12.00, A3_OFFSET: 10.00, HOF: 1
TIMESTAMP: 86, UE_ID: 74, CELL_SOURCE_ID: 55, CELL_TARGET_ID: 22, RSRP_SOURCE: -114.33, RSRP_TARGET: -103.96, RSRQ_SOURCE: -3.00, RSRQ_TARGET: -3.00, SINR_SOURCE: -17.86, SINR_TARGET: 3.75, TIME_TO_TRIGGER: 12.00, A3_OFFSET: 10.00, HOF: 1
TIMESTAMP: 87, UE_ID: 95, CELL_SOURCE_ID: 21, CELL_TARGET_ID: 1, RSRP_SOURCE: -100.65, RSRP_TARGET: -87.14, RSRQ_SOURCE: -3.00, RSRQ_TARGET: -3.00, SINR_SOURCE: 0.71, SINR_TARGET: 23.85, TIME_TO_TRIGGER: 12.00, A3_OFFSET: 10.00, HOF: 1
TIMESTAMP: 88, UE_ID: 2, CELL_SOURCE_ID: 57, CELL_TARGET_ID: 1, RSRP_SOURCE: -113.89, RSRP_TARGET: -102.90, RSRQ_SOURCE: -3.00, RSRQ_TARGET: -3.00, SINR_SOURCE: -14.92, SINR_TARGET: 9.32, TIME_TO_TRIGGER: 12.00, A3_OFFSET: 10.00, HOF: 1
TIMESTAMP: 88, UE_ID: 17, CELL_SOURCE_ID: 24, CELL_TARGET_ID: 1, RSRP_SOURCE: -112.04, RSRP_TARGET: -96.55, RSRQ_SOURCE: -3.00, RSRQ_TARGET: -3.00, SINR_SOURCE: -15.54, SINR_TARGET: 17.08, TIME_TO_TRIGGER: 12.00, A3_OFFSET: 10.00, HOF: 1
TIMESTAMP: 88, UE_ID: 69, CELL_SOURCE_ID: 24, CELL_TARGET_ID: 1, RSRP_SOURCE: -75.56, RSRP_TARGET: -58.54, RSRQ_SOURCE: -3.00, RSRQ_TARGET: -3.00, SINR_SOURCE: 24.87, SINR_TARGET: 50.12, TIME_TO_TRIGGER: 12.00, A3_OFFSET: 10.00, HOF: 1
TIMESTAMP: 89, UE_ID: 74, CELL_SOURCE_ID: 22, CELL_TARGET_ID: 4, RSRP_SOURCE: -113.69, RSRP_TARGET: -103.40, RSRQ_SOURCE: -3.00, RSRQ_TARGET: -3.00, SINR_SOURCE: -1.63, SINR_TARGET: 8.05, TIME_TO_TRIGGER: 12.00, A3_OFFSET: 10.00, HOF: 1
TIMESTAMP: 90, UE_ID: 17, CELL_SOURCE_ID: 1, CELL_TARGET_ID: 4, RSRP_SOURCE: -107.04, RSRP_TARGET: -93.61, RSRQ_SOURCE: -3.00, RSRQ_TARGET: -3.00, SINR_SOURCE: 3.85, SINR_TARGET: 17.47, TIME_TO_TRIGGER: 12.00, A3_OFFSET: 10.00, HOF: 1
TIMESTAMP: 90, UE_ID: 69, CELL_SOURCE_ID: 1, CELL_TARGET_ID: 4, RSRP_SOURCE: -111.12, RSRP_TARGET: -96.21, RSRQ_SOURCE: -3.00, RSRQ_TARGET: -3.00, SINR_SOURCE: -2.19, SINR_TARGET: 17.22, TIME_TO_TRIGGER: 12.00, A3_OFFSET: 10.00, HOF: 0
TIMESTAMP: 91, UE_ID: 58, CELL_SOURCE_ID: 45, CELL_TARGET_ID: 3, RSRP_SOURCE: -111.96, RSRP_TARGET: -101.64, RSRQ_SOURCE: -3.00, RSRQ_TARGET: -3.00, SINR_SOURCE: -13.85, SINR_TARGET: 8.39, TIME_TO_TRIGGER: 12.00, A3_OFFSET: 10.00, HOF: 0
TIMESTAMP: 91, UE_ID: 74, CELL_SOURCE_ID: 4, CELL_TARGET_ID: 21, RSRP_SOURCE: -111.07, RSRP_TARGET: -100.99, RSRQ_SOURCE: -3.00, RSRQ_TARGET: -3.00, SINR_SOURCE: 0.06, SINR_TARGET: 10.42, TIME_TO_TRIGGER: 12.00, A3_OFFSET: 10.00, HOF: 1
TIMESTAMP: 92, UE_ID: 48, CELL_SOURCE_ID: 1, CELL_TARGET_ID: 2, RSRP_SOURCE: -106.32, RSRP_TARGET: -73.37, RSRQ_SOURCE: -3.00, RSRQ_TARGET: -3.00, SINR_SOURCE: -9.96, SINR_TARGET: 37.75, TIME_TO_TRIGGER: 12.00, A3_OFFSET: 10.00, HOF: 1
TIMESTAMP: 94, UE_ID: 47, CELL_SOURCE_ID: 5, CELL_TARGET_ID: 1, RSRP_SOURCE: -112.12, RSRP_TARGET: -74.35, RSRQ_SOURCE: -3.00, RSRQ_TARGET: -3.00, SINR_SOURCE: -13.83, SINR_TARGET: 36.10, TIME_TO_TRIGGER: 12.00, A3_OFFSET: 10.00, HOF: 1
TIMESTAMP: 94, UE_ID: 64, CELL_SOURCE_ID: 6, CELL_TARGET_ID: 1, RSRP_SOURCE: -111.70, RSRP_TARGET: -87.96, RSRQ_SOURCE: -3.00, RSRQ_TARGET: -3.00, SINR_SOURCE: -11.76, SINR_TARGET: 22.71, TIME_TO_TRIGGER: 12.00, A3_OFFSET: 10.00, HOF: 1
TIMESTAMP: 94, UE_ID: 65, CELL_SOURCE_ID: 48, CELL_TARGET_ID: 1, RSRP_SOURCE: -113.39, RSRP_TARGET: -95.84, RSRQ_SOURCE: -3.00, RSRQ_TARGET: -3.00, SINR_SOURCE: -17.00, SINR_TARGET: 14.97, TIME_TO_TRIGGER: 12.00, A3_OFFSET: 10.00, HOF: 1
TIMESTAMP: 95, UE_ID: 4, CELL_SOURCE_ID: 17, CELL_TARGET_ID: 1, RSRP_SOURCE: -112.04, RSRP_TARGET: -89.24, RSRQ_SOURCE: -3.00, RSRQ_TARGET: -3.00, SINR_SOURCE: -12.48, SINR_TARGET: 21.88, TIME_TO_TRIGGER: 12.00, A3_OFFSET: 10.00, HOF: 0
TIMESTAMP: 97, UE_ID: 90, CELL_SOURCE_ID: 3, CELL_TARGET_ID: 2, RSRP_SOURCE: -113.58, RSRP_TARGET: -84.43, RSRQ_SOURCE: -3.00, RSRQ_TARGET: -3.00, SINR_SOURCE: -18.39, SINR_TARGET: 26.03, TIME_TO_TRIGGER: 12.00, A3_OFFSET: 10.00, HOF: 0
TIMESTAMP: 104, UE_ID: 48, CELL_SOURCE_ID: 2, CELL_TARGET_ID: 1, RSRP_SOURCE: -114.91, RSRP_TARGET: -99.84, RSRQ_SOURCE: -3.00, RSRQ_TARGET: -3.00, SINR_SOURCE: -18.91, SINR_TARGET: 9.08, TIME_TO_TRIGGER: 12.00, A3_OFFSET: 10.00, HOF: 0
TIMESTAMP: 106, UE_ID: 29, CELL_SOURCE_ID: 52, CELL_TARGET_ID: 2, RSRP_SOURCE: -108.85, RSRP_TARGET: -97.86, RSRQ_SOURCE: -3.00, RSRQ_TARGET: -3.00, SINR_SOURCE: -10.18, SINR_TARGET: 11.30, TIME_TO_TRIGGER: 12.00, A3_OFFSET: 10.00, HOF: 0
TIMESTAMP: 108, UE_ID: 14, CELL_SOURCE_ID: 31, CELL_TARGET_ID: 1, RSRP_SOURCE: -110.35, RSRP_TARGET: -98.90, RSRQ_SOURCE: -3.00, RSRQ_TARGET: -3.00, SINR_SOURCE: -10.61, SINR_TARGET: 11.64, TIME_TO_TRIGGER: 12.00, A3_OFFSET: 10.00, HOF: 0
TIMESTAMP: 112, UE_ID: 32, CELL_SOURCE_ID: 41, CELL_TARGET_ID: 2, RSRP_SOURCE: -109.33, RSRP_TARGET: -96.11, RSRQ_SOURCE: -3.00, RSRQ_TARGET: -3.00, SINR_SOURCE: -14.25, SINR_TARGET: 14.85, TIME_TO_TRIGGER: 12.00, A3_OFFSET: 10.00, HOF: 1
TIMESTAMP: 115, UE_ID: 18, CELL_SOURCE_ID: 55, CELL_TARGET_ID: 4, RSRP_SOURCE: -107.98, RSRP_TARGET: -97.96, RSRQ_SOURCE: -3.00, RSRQ_TARGET: -3.00, SINR_SOURCE: -7.54, SINR_TARGET: 14.36, TIME_TO_TRIGGER: 12.00, A3_OFFSET: 10.00, HOF: 0
TIMESTAMP: 116, UE_ID: 69, CELL_SOURCE_ID: 23, CELL_TARGET_ID: 4, RSRP_SOURCE: -105.92, RSRP_TARGET: -93.11, RSRQ_SOURCE: -3.00, RSRQ_TARGET: -3.00, SINR_SOURCE: -10.50, SINR_TARGET: 15.84, TIME_TO_TRIGGER: 12.00, A3_OFFSET: 10.00, HOF: 1
TIMESTAMP: 117, UE_ID: 11, CELL_SOURCE_ID: 2, CELL_TARGET_ID: 1, RSRP_SOURCE: -94.54, RSRP_TARGET: -74.88, RSRQ_SOURCE: -3.00, RSRQ_TARGET: -3.00, SINR_SOURCE: 5.31, SINR_TARGET: 36.65, TIME_TO_TRIGGER: 12.00, A3_OFFSET: 10.00, HOF: 1
TIMESTAMP: 134, UE_ID: 17, CELL_SOURCE_ID: 22, CELL_TARGET_ID: 4, RSRP_SOURCE: -111.64, RSRP_TARGET: -95.55, RSRQ_SOURCE: -3.00, RSRQ_TARGET: -3.00, SINR_SOURCE: -11.48, SINR_TARGET: 12.79, TIME_TO_TRIGGER: 12.00, A3_OFFSET: 10.00, HOF: 1
TIMESTAMP: 137, UE_ID: 4, CELL_SOURCE_ID: 54, CELL_TARGET_ID: 1, RSRP_SOURCE: -114.10, RSRP_TARGET: -100.32, RSRQ_SOURCE: -3.00, RSRQ_TARGET: -3.00, SINR_SOURCE: -16.54, SINR_TARGET: 8.51, TIME_TO_TRIGGER: 12.00, A3_OFFSET: 10.00, HOF: 1
TIMESTAMP: 137, UE_ID: 10, CELL_SOURCE_ID: 19, CELL_TARGET_ID: 1, RSRP_SOURCE: -114.63, RSRP_TARGET: -102.83, RSRQ_SOURCE: -3.00, RSRQ_TARGET: -3.00, SINR_SOURCE: -20.38, SINR_TARGET: 6.26, TIME_TO_TRIGGER: 12.00, A3_OFFSET: 10.00, HOF: 1
TIMESTAMP: 137, UE_ID: 36, CELL_SOURCE_ID: 54, CELL_TARGET_ID: 1, RSRP_SOURCE: -108.76, RSRP_TARGET: -95.54, RSRQ_SOURCE: -3.00, RSRQ_TARGET: -3.00, SINR_SOURCE: -12.40, SINR_TARGET: 11.79, TIME_TO_TRIGGER: 12.00, A3_OFFSET: 10.00, HOF: 1
TIMESTAMP: 144, UE_ID: 76, CELL_SOURCE_ID: 20, CELL_TARGET_ID: 1, RSRP_SOURCE: -103.29, RSRP_TARGET: -78.83, RSRQ_SOURCE: -3.00, RSRQ_TARGET: -3.00, SINR_SOURCE: -4.79, SINR_TARGET: 30.74, TIME_TO_TRIGGER: 12.00, A3_OFFSET: 10.00, HOF: 1
TIMESTAMP: 149, UE_ID: 10, CELL_SOURCE_ID: 1, CELL_TARGET_ID: 2, RSRP_SOURCE: -106.41, RSRP_TARGET: -90.02, RSRQ_SOURCE: -3.00, RSRQ_TARGET: -3.00, SINR_SOURCE: -0.24, SINR_TARGET: 21.84, TIME_TO_TRIGGER: 12.00, A3_OFFSET: 10.00, HOF: 1
TIMESTAMP: 149, UE_ID: 36, CELL_SOURCE_ID: 1, CELL_TARGET_ID: 2, RSRP_SOURCE: -99.31, RSRP_TARGET: -87.26, RSRQ_SOURCE: -3.00, RSRQ_TARGET: -3.00, SINR_SOURCE: 7.06, SINR_TARGET: 23.16, TIME_TO_TRIGGER: 12.00, A3_OFFSET: 10.00, HOF: 1
TIMESTAMP: 150, UE_ID: 38, CELL_SOURCE_ID: 57, CELL_TARGET_ID: 16, RSRP_SOURCE: -113.68, RSRP_TARGET: -103.62, RSRQ_SOURCE: -3.00, RSRQ_TARGET: -3.00, SINR_SOURCE: -16.83, SINR_TARGET: 3.09, TIME_TO_TRIGGER: 12.00, A3_OFFSET: 10.00, HOF: 1
TIMESTAMP: 150, UE_ID: 95, CELL_SOURCE_ID: 52, CELL_TARGET_ID: 1, RSRP_SOURCE: -109.22, RSRP_TARGET: -96.14, RSRQ_SOURCE: -3.00, RSRQ_TARGET: -3.00, SINR_SOURCE: -12.59, SINR_TARGET: 15.84, TIME_TO_TRIGGER: 12.00, A3_OFFSET: 10.00, HOF: 1
TIMESTAMP: 151, UE_ID: 92, CELL_SOURCE_ID: 29, CELL_TARGET_ID: 5, RSRP_SOURCE: -113.97, RSRP_TARGET: -95.93, RSRQ_SOURCE: -3.00, RSRQ_TARGET: -3.00, SINR_SOURCE: -17.29, SINR_TARGET: 14.55, TIME_TO_TRIGGER: 12.00, A3_OFFSET: 10.00, HOF: 1
TIMESTAMP: 155, UE_ID: 10, CELL_SOURCE_ID: 2, CELL_TARGET_ID: 3, RSRP_SOURCE: -112.28, RSRP_TARGET: -93.11, RSRQ_SOURCE: -3.00, RSRQ_TARGET: -3.00, SINR_SOURCE: -12.22, SINR_TARGET: 16.56, TIME_TO_TRIGGER: 12.00, A3_OFFSET: 10.00, HOF: 1
TIMESTAMP: 155, UE_ID: 36, CELL_SOURCE_ID: 2, CELL_TARGET_ID: 3, RSRP_SOURCE: -113.58, RSRP_TARGET: -89.69, RSRQ_SOURCE: -3.00, RSRQ_TARGET: -3.00, SINR_SOURCE: -11.60, SINR_TARGET: 19.37, TIME_TO_TRIGGER: 12.00, A3_OFFSET: 10.00, HOF: 1
TIMESTAMP: 155, UE_ID: 47, CELL_SOURCE_ID: 1, CELL_TARGET_ID: 3, RSRP_SOURCE: -105.94, RSRP_TARGET: -84.85, RSRQ_SOURCE: -3.00, RSRQ_TARGET: -3.00, SINR_SOURCE: -3.00, SINR_TARGET: 27.31, TIME_TO_TRIGGER: 12.00, A3_OFFSET: 10.00, HOF: 1
TIMESTAMP: 158, UE_ID: 80, CELL_SOURCE_ID: 34, CELL_TARGET_ID: 39, RSRP_SOURCE: -112.89, RSRP_TARGET: -101.24, RSRQ_SOURCE: -3.00, RSRQ_TARGET: -3.00, SINR_SOURCE: -4.49, SINR_TARGET: 6.92, TIME_TO_TRIGGER: 12.00, A3_OFFSET: 10.00, HOF: 0
TIMESTAMP: 168, UE_ID: 29, CELL_SOURCE_ID: 55, CELL_TARGET_ID: 3, RSRP_SOURCE: -112.61, RSRP_TARGET: -101.76, RSRQ_SOURCE: -3.00, RSRQ_TARGET: -3.00, SINR_SOURCE: -12.28, SINR_TARGET: 8.41, TIME_TO_TRIGGER: 12.00, A3_OFFSET: 10.00, HOF: 1
TIMESTAMP: 171, UE_ID: 76, CELL_SOURCE_ID: 1, CELL_TARGET_ID: 2, RSRP_SOURCE: -81.65, RSRP_TARGET: -70.05, RSRQ_SOURCE: -3.00, RSRQ_TARGET: -3.00, SINR_SOURCE: 28.14, SINR_TARGET: 35.63, TIME_TO_TRIGGER: 12.00, A3_OFFSET: 10.00, HOF: 1
TIMESTAMP: 171, UE_ID: 86, CELL_SOURCE_ID: 47, CELL_TARGET_ID: 42, RSRP_SOURCE: -113.29, RSRP_TARGET: -101.30, RSRQ_SOURCE: -3.00, RSRQ_TARGET: -3.00, SINR_SOURCE: 1.84, SINR_TARGET: 9.35, TIME_TO_TRIGGER: 12.00, A3_OFFSET: 10.00, HOF: 1
TIMESTAMP: 179, UE_ID: 11, CELL_SOURCE_ID: 12, CELL_TARGET_ID: 1, RSRP_SOURCE: -107.42, RSRP_TARGET: -92.02, RSRQ_SOURCE: -3.00, RSRQ_TARGET: -3.00, SINR_SOURCE: -5.69, SINR_TARGET: 19.54, TIME_TO_TRIGGER: 12.00, A3_OFFSET: 10.00, HOF: 1
TIMESTAMP: 179, UE_ID: 55, CELL_SOURCE_ID: 40, CELL_TARGET_ID: 1, RSRP_SOURCE: -112.55, RSRP_TARGET: -95.56, RSRQ_SOURCE: -3.00, RSRQ_TARGET: -3.00, SINR_SOURCE: -13.40, SINR_TARGET: 16.18, TIME_TO_TRIGGER: 12.00, A3_OFFSET: 10.00, HOF: 1
TIMESTAMP: 190, UE_ID: 10, CELL_SOURCE_ID: 53, CELL_TARGET_ID: 1, RSRP_SOURCE: -112.51, RSRP_TARGET: -99.32, RSRQ_SOURCE: -3.00, RSRQ_TARGET: -3.00, SINR_SOURCE: -14.32, SINR_TARGET: 10.17, TIME_TO_TRIGGER: 12.00, A3_OFFSET: 10.00, HOF: 1
TIMESTAMP: 199, UE_ID: 5, CELL_SOURCE_ID: 55, CELL_TARGET_ID: 24, RSRP_SOURCE: -114.33, RSRP_TARGET: -102.56, RSRQ_SOURCE: -3.00, RSRQ_TARGET: -3.00, SINR_SOURCE: -18.21, SINR_TARGET: 8.41, TIME_TO_TRIGGER: 12.00, A3_OFFSET: 10.00, HOF: 0
TIMESTAMP: 204, UE_ID: 69, CELL_SOURCE_ID: 22, CELL_TARGET_ID: 1, RSRP_SOURCE: -84.08, RSRP_TARGET: -68.83, RSRQ_SOURCE: -3.00, RSRQ_TARGET: -3.00, SINR_SOURCE: 12.45, SINR_TARGET: 40.94, TIME_TO_TRIGGER: 12.00, A3_OFFSET: 10.00, HOF: 1
TIMESTAMP: 206, UE_ID: 62, CELL_SOURCE_ID: 57, CELL_TARGET_ID: 3, RSRP_SOURCE: -114.35, RSRP_TARGET: -103.92, RSRQ_SOURCE: -3.00, RSRQ_TARGET: -3.00, SINR_SOURCE: -10.28, SINR_TARGET: 7.97, TIME_TO_TRIGGER: 12.00, A3_OFFSET: 10.00, HOF: 1
TIMESTAMP: 208, UE_ID: 51, CELL_SOURCE_ID: 26, CELL_TARGET_ID: 4, RSRP_SOURCE: -108.63, RSRP_TARGET: -93.95, RSRQ_SOURCE: -3.00, RSRQ_TARGET: -3.00, SINR_SOURCE: -9.37, SINR_TARGET: 15.67, TIME_TO_TRIGGER: 12.00, A3_OFFSET: 10.00, HOF: 1
TIMESTAMP: 208, UE_ID: 76, CELL_SOURCE_ID: 21, CELL_TARGET_ID: 2, RSRP_SOURCE: -105.63, RSRP_TARGET: -88.62, RSRQ_SOURCE: -3.00, RSRQ_TARGET: -3.00, SINR_SOURCE: -7.50, SINR_TARGET: 21.37, TIME_TO_TRIGGER: 12.00, A3_OFFSET: 10.00, HOF: 1
TIMESTAMP: 216, UE_ID: 34, CELL_SOURCE_ID: 40, CELL_TARGET_ID: 2, RSRP_SOURCE: -105.24, RSRP_TARGET: -87.96, RSRQ_SOURCE: -3.00, RSRQ_TARGET: -3.00, SINR_SOURCE: -4.91, SINR_TARGET: 20.95, TIME_TO_TRIGGER: 12.00, A3_OFFSET: 10.00, HOF: 1
TIMESTAMP: 217, UE_ID: 95, CELL_SOURCE_ID: 57, CELL_TARGET_ID: 6, RSRP_SOURCE: -114.88, RSRP_TARGET: -104.75, RSRQ_SOURCE: -3.00, RSRQ_TARGET: -3.00, SINR_SOURCE: -16.23, SINR_TARGET: 3.13, TIME_TO_TRIGGER: 12.00, A3_OFFSET: 10.00, HOF: 1
TIMESTAMP: 221, UE_ID: 62, CELL_SOURCE_ID: 56, CELL_TARGET_ID: 2, RSRP_SOURCE: -111.54, RSRP_TARGET: -95.86, RSRQ_SOURCE: -3.00, RSRQ_TARGET: -3.00, SINR_SOURCE: -13.81, SINR_TARGET: 14.51, TIME_TO_TRIGGER: 12.00, A3_OFFSET: 10.00, HOF: 1
TIMESTAMP: 224, UE_ID: 34, CELL_SOURCE_ID: 40, CELL_TARGET_ID: 1, RSRP_SOURCE: -111.02, RSRP_TARGET: -92.77, RSRQ_SOURCE: -3.00, RSRQ_TARGET: -3.00, SINR_SOURCE: -11.72, SINR_TARGET: 16.64, TIME_TO_TRIGGER: 12.00, A3_OFFSET: 10.00, HOF: 1
TIMESTAMP: 226, UE_ID: 13, CELL_SOURCE_ID: 29, CELL_TARGET_ID: 22, RSRP_SOURCE: -111.52, RSRP_TARGET: -97.02, RSRQ_SOURCE: -3.00, RSRQ_TARGET: -3.00, SINR_SOURCE: -1.27, SINR_TARGET: 13.46, TIME_TO_TRIGGER: 12.00, A3_OFFSET: 10.00, HOF: 1
TIMESTAMP: 233, UE_ID: 83, CELL_SOURCE_ID: 22, CELL_TARGET_ID: 2, RSRP_SOURCE: -113.40, RSRP_TARGET: -99.02, RSRQ_SOURCE: -3.00, RSRQ_TARGET: -3.00, SINR_SOURCE: -18.08, SINR_TARGET: 8.88, TIME_TO_TRIGGER: 12.00, A3_OFFSET: 10.00, HOF: 1
TIMESTAMP: 250, UE_ID: 13, CELL_SOURCE_ID: 26, CELL_TARGET_ID: 27, RSRP_SOURCE: -112.89, RSRP_TARGET: -98.11, RSRQ_SOURCE: -3.00, RSRQ_TARGET: -3.00, SINR_SOURCE: -4.10, SINR_TARGET: 10.23, TIME_TO_TRIGGER: 12.00, A3_OFFSET: 10.00, HOF: 0
TIMESTAMP: 253, UE_ID: 25, CELL_SOURCE_ID: 7, CELL_TARGET_ID: 2, RSRP_SOURCE: -114.79, RSRP_TARGET: -100.91, RSRQ_SOURCE: -3.00, RSRQ_TARGET: -3.00, SINR_SOURCE: -15.10, SINR_TARGET: 11.30, TIME_TO_TRIGGER: 12.00, A3_OFFSET: 10.00, HOF: 1
TIMESTAMP: 257, UE_ID: 25, CELL_SOURCE_ID: 2, CELL_TARGET_ID: 3, RSRP_SOURCE: -108.23, RSRP_TARGET: -98.08, RSRQ_SOURCE: -3.00, RSRQ_TARGET: -3.00, SINR_SOURCE: -1.22, SINR_TARGET: 11.00, TIME_TO_TRIGGER: 12.00, A3_OFFSET: 10.00, HOF: 1
TIMESTAMP: 262, UE_ID: 77, CELL_SOURCE_ID: 56, CELL_TARGET_ID: 5, RSRP_SOURCE: -108.54, RSRP_TARGET: -95.94, RSRQ_SOURCE: -3.00, RSRQ_TARGET: -3.00, SINR_SOURCE: -10.57, SINR_TARGET: 14.18, TIME_TO_TRIGGER: 12.00, A3_OFFSET: 10.00, HOF: 1
TIMESTAMP: 263, UE_ID: 76, CELL_SOURCE_ID: 2, CELL_TARGET_ID: 1, RSRP_SOURCE: -105.54, RSRP_TARGET: -78.73, RSRQ_SOURCE: -3.00, RSRQ_TARGET: -3.00, SINR_SOURCE: -8.32, SINR_TARGET: 31.69, TIME_TO_TRIGGER: 12.00, A3_OFFSET: 10.00, HOF: 1
TIMESTAMP: 282, UE_ID: 72, CELL_SOURCE_ID: 52, CELL_TARGET_ID: 1, RSRP_SOURCE: -103.79, RSRP_TARGET: -93.18, RSRQ_SOURCE: -3.00, RSRQ_TARGET: -3.00, SINR_SOURCE: -2.43, SINR_TARGET: 15.54, TIME_TO_TRIGGER: 12.00, A3_OFFSET: 10.00, HOF: 1
TIMESTAMP: 298, UE_ID: 23, CELL_SOURCE_ID: 17, CELL_TARGET_ID: 1, RSRP_SOURCE: -110.85, RSRP_TARGET: -90.25, RSRQ_SOURCE: -3.00, RSRQ_TARGET: -3.00, SINR_SOURCE: -16.64, SINR_TARGET: 18.52, TIME_TO_TRIGGER: 12.00, A3_OFFSET: 10.00, HOF: 1
TIMESTAMP: 300, UE_ID: 23, CELL_SOURCE_ID: 1, CELL_TARGET_ID: 2, RSRP_SOURCE: -114.52, RSRP_TARGET: -96.79, RSRQ_SOURCE: -3.00, RSRQ_TARGET: -3.00, SINR_SOURCE: -10.88, SINR_TARGET: 10.84, TIME_TO_TRIGGER: 12.00, A3_OFFSET: 10.00, HOF: 1
