TIMESTAMP: 62, UE_ID: 74, CELL_SOURCE_ID: 52, CELL_TARGET_ID: 55, RSRP_SOURCE: -109.29, RSRP_TARGET: -90.89, RSRQ_SOURCE: -3.00, RSRQ_TARGET: -3.00, SINR_SOURCE: 0.92, SINR_TARGET: 22.42, TIME_TO_TRIGGER: 12.00, A3_OFFSET: 10.00, HOF: 1
TIMESTAMP: 79, UE_ID: 35, CELL_SOURCE_ID: 52, CELL_TARGET_ID: 55, RSRP_SOURCE: -107.83, RSRP_TARGET: -92.55, RSRQ_SOURCE: -3.00, RSRQ_TARGET: -3.00, SINR_SOURCE: -0.38, SINR_TARGET: 18.69, TIME_TO_TRIGGER: 12.00, A3_OFFSET: 10.00, HOF: 1
TIMESTAMP: 81, UE_ID: 10, CELL_SOURCE_ID: 12, CELL_TARGET_ID: 1, RSRP_SOURCE: -98.06, RSRP_TARGET: -82.37, RSRQ_SOURCE: -3.00, RSRQ_TARGET: -3.00, SINR_SOURCE: 10.46, SINR_TARGET: 25.81, TIME_TO_TRIGGER: 12.00, A3_OFFSET: 10.00, HOF: 1
TIMESTAMP: 83, UE_ID: 63, CELL_SOURCE_ID: 43, CELL_TARGET_ID: 10, RSRP_SOURCE: -109.26, RSRP_TARGET: -98.95, RSRQ_SOURCE: -3.00, RSRQ_TARGET: -3.00, SINR_SOURCE: 4.11, SINR_TARGET: 14.61, TIME_TO_TRIGGER: 12.00, A3_OFFSET: 10.00, HOF: 1
TIMESTAMP: 86, UE_ID: 38, CELL_SOURCE_ID: 20, CELL_TARGET_ID: 52, RSRP_SOURCE: -104.69, RSRP_TARGET: -93.17, RSRQ_SOURCE: -3.00, RSRQ_TARGET: -3.00, SINR_SOURCE: 4.81, SINR_TARGET: 17.29, TIME_TO_TRIGGER: 12.00, A3_OFFSET: 10.00, HOF: 1
TIMESTAMP: 97, UE_ID: 2, CELL_SOURCE_ID: 52, CELL_TARGET_ID: 55, RSRP_SOURCE: -110.17, RSRP_TARGET: -99.01, RSRQ_SOURCE: -3.00, RSRQ_TARGET: -3.00, SINR_SOURCE: 0.76, SINR_TARGET: 11.51, TIME_TO_TRIGGER: 12.00, A3_OFFSET: 10.00, HOF: 1
TIMESTAMP: 99, UE_ID: 14, CELL_SOURCE_ID: 36, CELL_TARGET_ID: 31, RSRP_SOURCE: -106.32, RSRP_TARGET: -91.21, RSRQ_SOURCE: -3.00, RSRQ_TARGET: -3.00, SINR_SOURCE: 5.71, SINR_TARGET: 18.37, TIME_TO_TRIGGER: 12.00, A3_OFFSET: 10.00, HOF: 1
TIMESTAMP: 99, UE_ID: 93, CELL_SOURCE_ID: 33, CELL_TARGET_ID: 34, RSRP_SOURCE: -107.31, RSRP_TARGET: -84.92, RSRQ_SOURCE: -3.00, RSRQ_TARGET: -3.00, SINR_SOURCE: 7.17, SINR_TARGET: 23.32, TIME_TO_TRIGGER: 12.00, A3_OFFSET: 10.00, HOF: 1
TIMESTAMP: 101, UE_ID: 9, CELL_SOURCE_ID: 53, CELL_TARGET_ID: 55, RSRP_SOURCE: -113.05, RSRP_TARGET: -98.19, RSRQ_SOURCE: -3.00, RSRQ_TARGET: -3.00, SINR_SOURCE: -4.77, SINR_TARGET: 12.57, TIME_TO_TRIGGER: 12.00, A3_OFFSET: 10.00, HOF: 1
TIMESTAMP: 101, UE_ID: 44, CELL_SOURCE_ID: 1, CELL_TARGET_ID: 13, RSRP_SOURCE: -107.29, RSRP_TARGET: -96.80, RSRQ_SOURCE: -3.00, RSRQ_TARGET: -3.00, SINR_SOURCE: 2.47, SINR_TARGET: 14.42, TIME_TO_TRIGGER: 12.00, A3_OFFSET: 10.00, HOF: 0
TIMESTAMP: 102, UE_ID: 45, CELL_SOURCE_ID: 36, CELL_TARGET_ID: 37, RSRP_SOURCE: -112.50, RSRP_TARGET: -100.91, RSRQ_SOURCE: -3.00, RSRQ_TARGET: -3.00, SINR_SOURCE: -6.06, SINR_TARGET: 8.43, TIME_TO_TRIGGER: 12.00, A3_OFFSET: 10.00, HOF: 0
TIMESTAMP: 108, UE_ID: 92, CELL_SOURCE_ID: 18, CELL_TARGET_ID: 2, RSRP_SOURCE: -113.13, RSRP_TARGET: -101.47, RSRQ_SOURCE: -3.00, RSRQ_TARGET: -3.00, SINR_SOURCE: -2.59, SINR_TARGET: 13.01, TIME_TO_TRIGGER: 12.00, A3_OFFSET: 10.00, HOF: 1
TIMESTAMP: 109, UE_ID: 82, CELL_SOURCE_ID: 34, CELL_TARGET_ID: 31, RSRP_SOURCE: -107.81, RSRP_TARGET: -87.99, RSRQ_SOURCE: -3.00, RSRQ_TARGET: -3.00, SINR_SOURCE: 0.50, SINR_TARGET: 20.46, TIME_TO_TRIGGER: 12.00, A3_OFFSET: 10.00, HOF: 1
TIMESTAMP: 111, UE_ID: 58, CELL_SOURCE_ID: 42, CELL_TARGET_ID: 43, RSRP_SOURCE: -107.59, RSRP_TARGET: -95.40, RSRQ_SOURCE: -3.00, RSRQ_TARGET: -3.00, SINR_SOURCE: -2.98, SINR_TARGET: 12.35, TIME_TO_TRIGGER: 12.00, A3_OFFSET: 10.00, HOF: 1
TIMESTAMP: 111, UE_ID: 66, CELL_SOURCE_ID: 40, CELL_TARGET_ID: 34, RSRP_SOURCE: -107.17, RSRP_TARGET: -96.61, RSRQ_SOURCE: -3.00, RSRQ_TARGET: -3.00, SINR_SOURCE: 3.37, SINR_TARGET: 7.99, TIME_TO_TRIGGER: 12.00, A3_OFFSET: 10.00, HOF: 1
TIMESTAMP: 112, UE_ID: 18, CELL_SOURCE_ID: 5, CELL_TARGET_ID: 22, RSRP_SOURCE: -110.47, RSRP_TARGET: -100.43, RSRQ_SOURCE: -3.00, RSRQ_TARGET: -3.00, SINR_SOURCE: 0.36, SINR_TARGET: 10.22, TIME_TO_TRIGGER: 12.00, A3_OFFSET: 10.00, HOF: 0
TIMESTAMP: 116, UE_ID: 29, CELL_SOURCE_ID: 4, CELL_TARGET_ID: 52, RSRP_SOURCE: -113.85, RSRP_TARGET: -101.46, RSRQ_SOURCE: -3.00, RSRQ_TARGET: -3.00, SINR_SOURCE: -4.33, SINR_TARGET: 5.87, TIME_TO_TRIGGER: 12.00, A3_OFFSET: 10.00, HOF: 1
TIMESTAMP: 119, UE_ID: 12, CELL_SOURCE_ID: 50, CELL_TARGET_ID: 1, RSRP_SOURCE: -111.41, RSRP_TARGET: -88.24, RSRQ_SOURCE: -3.00, RSRQ_TARGET: -3.00, SINR_SOURCE: -3.17, SINR_TARGET: 23.24, TIME_TO_TRIGGER: 12.00, A3_OFFSET: 10.00, HOF: 1
TIMESTAMP: 119, UE_ID: 25, CELL_SOURCE_ID: 43, CELL_TARGET_ID: 1, RSRP_SOURCE: -105.66, RSRP_TARGET: -83.09, RSRQ_SOURCE: -3.00, RSRQ_TARGET: -3.00, SINR_SOURCE: 5.95, SINR_TARGET: 25.41, TIME_TO_TRIGGER: 12.00, A3_OFFSET: 10.00, HOF: 1
TIMESTAMP: 122, UE_ID: 5, CELL_SOURCE_ID: 49, CELL_TARGET_ID: 6, RSRP_SOURCE: -114.78, RSRP_TARGET: -104.44, RSRQ_SOURCE: -3.00, RSRQ_TARGET: -3.00, SINR_SOURCE: -4.73, SINR_TARGET: 3.72, TIME_TO_TRIGGER: 12.00, A3_OFFSET: 10.00, HOF: 1
TIMESTAMP: 122, UE_ID: 87, CELL_SOURCE_ID: 18, CELL_TARGET_ID: 4, RSRP_SOURCE: -108.66, RSRP_TARGET: -93.05, RSRQ_SOURCE: -3.00, RSRQ_TARGET: -3.00, SINR_SOURCE: 3.61, SINR_TARGET: 19.31, TIME_TO_TRIGGER: 12.00, A3_OFFSET: 10.00, HOF: 1
TIMESTAMP: 123, UE_ID: 62, CELL_SOURCE_ID: 8, CELL_TARGET_ID: 4, RSRP_SOURCE: -113.21, RSRP_TARGET: -99.88, RSRQ_SOURCE: -3.00, RSRQ_TARGET: -3.00, SINR_SOURCE: -5.50, SINR_TARGET: 5.60, TIME_TO_TRIGGER: 12.00, A3_OFFSET: 10.00, HOF: 1
TIMESTAMP: 125, UE_ID: 5, CELL_SOURCE_ID: 6, CELL_TARGET_ID: 52, RSRP_SOURCE: -113.16, RSRP_TARGET: -88.21, RSRQ_SOURCE: -3.00, RSRQ_TARGET: -3.00, SINR_SOURCE: -4.86, SINR_TARGET: 17.23, TIME_TO_TRIGGER: 12.00, A3_OFFSET: 10.00, HOF: 1
TIMESTAMP: 125, UE_ID: 64, CELL_SOURCE_ID: 20, CELL_TARGET_ID: 4, RSRP_SOURCE: -114.34, RSRP_TARGET: -101.14, RSRQ_SOURCE: -3.00, RSRQ_TARGET: -3.00, SINR_SOURCE: -4.83, SINR_TARGET: 8.52, TIME_TO_TRIGGER: 12.00, A3_OFFSET: 10.00, HOF: 1
TIMESTAMP: 127, UE_ID: 53, CELL_SOURCE_ID: 5, CELL_TARGET_ID: 22, RSRP_SOURCE: -114.60, RSRP_TARGET: -103.91, RSRQ_SOURCE: -3.00, RSRQ_TARGET: -3.00, SINR_SOURCE: -5.49, SINR_TARGET: 6.47, TIME_TO_TRIGGER: 12.00, A3_OFFSET: 10.00, HOF: 1
TIMESTAMP: 128, UE_ID: 4, CELL_SOURCE_ID: 47, CELL_TARGET_ID: 3, RSRP_SOURCE: -114.39, RSRP_TARGET: -103.90, RSRQ_SOURCE: -3.00, RSRQ_TARGET: -3.00, SINR_SOURCE: -6.06, SINR_TARGET: 1.56, TIME_TO_TRIGGER: 12.00, A3_OFFSET: 10.00, HOF: 1
TIMESTAMP: 129, UE_ID: 59, CELL_SOURCE_ID: 27, CELL_TARGET_ID: 1, RSRP_SOURCE: -112.19, RSRP_TARGET: -93.25, RSRQ_SOURCE: -3.00, RSRQ_TARGET: -3.00, SINR_SOURCE: -3.25, SINR_TARGET: 13.50, TIME_TO_TRIGGER: 12.00, A3_OFFSET: 10.00, HOF: 1
TIMESTAMP: 139, UE_ID: 38, CELL_SOURCE_ID: 52, CELL_TARGET_ID: 55, RSRP_SOURCE: -107.17, RSRP_TARGET: -94.25, RSRQ_SOURCE: -3.00, RSRQ_TARGET: -3.00, SINR_SOURCE: 4.53, SINR_TARGET: 14.87, TIME_TO_TRIGGER: 12.00, A3_OFFSET: 10.00, HOF: 1
TIMESTAMP: 148, UE_ID: 1, CELL_SOURCE_ID: 47, CELL_TARGET_ID: 1, RSRP_SOURCE: -108.57, RSRP_TARGET: -97.50, RSRQ_SOURCE: -3.00, RSRQ_TARGET: -3.00, SINR_SOURCE: 1.61, SINR_TARGET: 12.66, TIME_TO_TRIGGER: 12.00, A3_OFFSET: 10.00, HOF: 1
TIMESTAMP: 148, UE_ID: 95, CELL_SOURCE_ID: 18, CELL_TARGET_ID: 20, RSRP_SOURCE: -110.71, RSRP_TARGET: -97.81, RSRQ_SOURCE: -3.00, RSRQ_TARGET: -3.00, SINR_SOURCE: -0.84, SINR_TARGET: 12.72, TIME_TO_TRIGGER: 12.00, A3_OFFSET: 10.00, HOF: 1
TIMESTAMP: 152, UE_ID: 64, CELL_SOURCE_ID: 4, CELL_TARGET_ID: 8, RSRP_SOURCE: -113.06, RSRP_TARGET: -102.67, RSRQ_SOURCE: -3.00, RSRQ_TARGET: -3.00, SINR_SOURCE: -2.92, SINR_TARGET: 8.12, TIME_TO_TRIGGER: 12.00, A3_OFFSET: 10.00, HOF: 1
TIMESTAMP: 154, UE_ID: 92, CELL_SOURCE_ID: 2, CELL_TARGET_ID: 7, RSRP_SOURCE: -110.04, RSRP_TARGET: -99.78, RSRQ_SOURCE: -3.00, RSRQ_TARGET: -3.00, SINR_SOURCE: -2.68, SINR_TARGET: 9.18, TIME_TO_TRIGGER: 12.00, A3_OFFSET: 10.00, HOF: 1
TIMESTAMP: 155, UE_ID: 4, CELL_SOURCE_ID: 3, CELL_TARGET_ID: 4, RSRP_SOURCE: -111.97, RSRP_TARGET: -100.67, RSRQ_SOURCE: -3.00, RSRQ_TARGET: -3.00, SINR_SOURCE: 1.29, SINR_TARGET: 6.84, TIME_TO_TRIGGER: 12.00, A3_OFFSET: 10.00, HOF: 0
TIMESTAMP: 158, UE_ID: 4, CELL_SOURCE_ID: 3, CELL_TARGET_ID: 19, RSRP_SOURCE: -113.90, RSRP_TARGET: -101.08, RSRQ_SOURCE: -3.00, RSRQ_TARGET: -3.00, SINR_SOURCE: -2.93, SINR_TARGET: 13.06, TIME_TO_TRIGGER: 12.00, A3_OFFSET: 10.00, HOF: 1
TIMESTAMP: 166, UE_ID: 62, CELL_SOURCE_ID: 4, CELL_TARGET_ID: 52, RSRP_SOURCE: -110.16, RSRP_TARGET: -96.63, RSRQ_SOURCE: -3.00, RSRQ_TARGET: -3.00, SINR_SOURCE: 0.39, SINR_TARGET: 15.10, TIME_TO_TRIGGER: 12.00, A3_OFFSET: 10.00, HOF: 1
TIMESTAMP: 174, UE_ID: 87, CELL_SOURCE_ID: 4, CELL_TARGET_ID: 24, RSRP_SOURCE: -111.53, RSRP_TARGET: -101.06, RSRQ_SOURCE: -3.00, RSRQ_TARGET: -3.00, SINR_SOURCE: -1.25, SINR_TARGET: 8.53, TIME_TO_TRIGGER: 12.00, A3_OFFSET: 10.00, HOF: 1
TIMESTAMP: 184, UE_ID: 93, CELL_SOURCE_ID: 34, CELL_TARGET_ID: 37, RSRP_SOURCE: -106.65, RSRP_TARGET: -93.84, RSRQ_SOURCE: -3.00, RSRQ_TARGET: -3.00, SINR_SOURCE: 7.20, SINR_TARGET: 17.26, TIME_TO_TRIGGER: 12.00, A3_OFFSET: 10.00, HOF: 1
TIMESTAMP: 193, UE_ID: 1, CELL_SOURCE_ID: 1, CELL_TARGET_ID: 4, RSRP_SOURCE: -107.27, RSRP_TARGET: -94.45, RSRQ_SOURCE: -3.00, RSRQ_TARGET: -3.00, SINR_SOURCE: 2.27, SINR_TARGET: 12.41, TIME_TO_TRIGGER: 12.00, A3_OFFSET: 10.00, HOF: 1
TIMESTAMP: 193, UE_ID: 5, CELL_SOURCE_ID: 52, CELL_TARGET_ID: 55, RSRP_SOURCE: -102.19, RSRP_TARGET: -88.81, RSRQ_SOURCE: -3.00, RSRQ_TARGET: -3.00, SINR_SOURCE: 10.68, SINR_TARGET: 23.45, TIME_TO_TRIGGER: 12.00, A3_OFFSET: 10.00, HOF: 1
TIMESTAMP: 198, UE_ID: 4, CELL_SOURCE_ID: 19, CELL_TARGET_ID: 55, RSRP_SOURCE: -110.08, RSRP_TARGET: -95.44, RSRQ_SOURCE: -3.00, RSRQ_TARGET: -3.00, SINR_SOURCE: 1.37, SINR_TARGET: 16.82, TIME_TO_TRIGGER: 12.00, A3_OFFSET: 10.00, HOF: 1
TIMESTAMP: 202, UE_ID: 64, CELL_SOURCE_ID: 8, CELL_TARGET_ID: 28, RSRP_SOURCE: -110.90, RSRP_TARGET: -97.72, RSRQ_SOURCE: -3.00, RSRQ_TARGET: -3.00, SINR_SOURCE: -1.68, SINR_TARGET: 15.46, TIME_TO_TRIGGER: 12.00, A3_OFFSET: 10.00, HOF: 1
TIMESTAMP: 218, UE_ID: 51, CELL_SOURCE_ID: 23, CELL_TARGET_ID: 25, RSRP_SOURCE: -110.71, RSRP_TARGET: -99.32, RSRQ_SOURCE: -3.00, RSRQ_TARGET: -3.00, SINR_SOURCE: 2.56, SINR_TARGET: 8.44, TIME_TO_TRIGGER: 12.00, A3_OFFSET: 10.00, HOF: 1
TIMESTAMP: 220, UE_ID: 47, CELL_SOURCE_ID: 3, CELL_TARGET_ID: 11, RSRP_SOURCE: -110.01, RSRP_TARGET: -98.30, RSRQ_SOURCE: -3.00, RSRQ_TARGET: -3.00, SINR_SOURCE: 3.34, SINR_TARGET: 10.77, TIME_TO_TRIGGER: 12.00, A3_OFFSET: 10.00, HOF: 1
TIMESTAMP: 231, UE_ID: 64, CELL_SOURCE_ID: 28, CELL_TARGET_ID: 31, RSRP_SOURCE: -107.04, RSRP_TARGET: -96.07, RSRQ_SOURCE: -3.00, RSRQ_TARGET: -3.00, SINR_SOURCE: 4.75, SINR_TARGET: 14.14, TIME_TO_TRIGGER: 12.00, A3_OFFSET: 10.00, HOF: 1
TIMESTAMP: 265, UE_ID: 48, CELL_SOURCE_ID: 16, CELL_TARGET_ID: 46, RSRP_SOURCE: -110.10, RSRP_TARGET: -64.16, RSRQ_SOURCE: -3.00, RSRQ_TARGET: -3.00, SINR_SOURCE: -0.83, SINR_TARGET: 46.36, TIME_TO_TRIGGER: 12.00, A3_OFFSET: 10.00, HOF: 1
TIMESTAMP: 271, UE_ID: 32, CELL_SOURCE_ID: 47, CELL_TARGET_ID: 49, RSRP_SOURCE: -108.19, RSRP_TARGET: -93.55, RSRQ_SOURCE: -3.00, RSRQ_TARGET: -3.00, SINR_SOURCE: -0.27, SINR_TARGET: 17.06, TIME_TO_TRIGGER: 12.00, A3_OFFSET: 10.00, HOF: 1
TIMESTAMP: 287, UE_ID: 25, CELL_SOURCE_ID: 10, CELL_TARGET_ID: 28, RSRP_SOURCE: -106.67, RSRP_TARGET: -96.16, RSRQ_SOURCE: -3.00, RSRQ_TARGET: -3.00, SINR_SOURCE: 4.20, SINR_TARGET: 14.49, TIME_TO_TRIGGER: 12.00, A3_OFFSET: 10.00, HOF: 1
TIMESTAMP: 300, UE_ID: 48, CELL_SOURCE_ID: 46, CELL_TARGET_ID: 49, RSRP_SOURCE: -110.15, RSRP_TARGET: -99.02, RSRQ_SOURCE: -3.00, RSRQ_TARGET: -3.00, SINR_SOURCE: -0.50, SINR_TARGET: 8.86, TIME_TO_TRIGGER: 12.00, A3_OFFSET: 10.00, HOF: 1
