TIMESTAMP: 12, UE_ID: 249, CELL_SOURCE_ID: 2, CELL_TARGET_ID: 1, RSRP_SOURCE: -54.72, RSRP_TARGET: -46.36, RSRQ_SOURCE: -3.00, RSRQ_TARGET: -3.00, SINR_SOURCE: 55.54, SINR_TARGET: 65.77, TIME_TO_TRIGGER: 8.00, A3_OFFSET: 8.00, HOF: 1
TIMESTAMP: 24, UE_ID: 262, CELL_SOURCE_ID: 2, CELL_TARGET_ID: 1, RSRP_SOURCE: -78.14, RSRP_TARGET: -69.29, RSRQ_SOURCE: -3.00, RSRQ_TARGET: -3.00, SINR_SOURCE: 32.25, SINR_TARGET: 36.83, TIME_TO_TRIGGER: 8.00, A3_OFFSET: 8.00, HOF: 1
TIMESTAMP: 25, UE_ID: 294, CELL_SOURCE_ID: 20, CELL_TARGET_ID: 1, RSRP_SOURCE: -88.23, RSRP_TARGET: -77.38, RSRQ_SOURCE: -3.00, RSRQ_TARGET: -3.00, SINR_SOURCE: 25.04, SINR_TARGET: 30.71, TIME_TO_TRIGGER: 8.00, A3_OFFSET: 8.00, HOF: 1
TIMESTAMP: 26, UE_ID: 246, CELL_SOURCE_ID: 10, CELL_TARGET_ID: 1, RSRP_SOURCE: -90.78, RSRP_TARGET: -70.63, RSRQ_SOURCE: -3.00, RSRQ_TARGET: -3.00, SINR_SOURCE: 23.56, SINR_TARGET: 39.32, TIME_TO_TRIGGER: 8.00, A3_OFFSET: 8.00, HOF: 1
TIMESTAMP: 28, UE_ID: 249, CELL_SOURCE_ID: 1, CELL_TARGET_ID: 2, RSRP_SOURCE: -83.79, RSRP_TARGET: -75.01, RSRQ_SOURCE: -3.00, RSRQ_TARGET: -3.00, SINR_SOURCE: 27.45, SINR_TARGET: 35.24, TIME_TO_TRIGGER: 8.00, A3_OFFSET: 8.00, HOF: 1
TIMESTAMP: 28, UE_ID: 262, CELL_SOURCE_ID: 1, CELL_TARGET_ID: 2, RSRP_SOURCE: -69.81, RSRP_TARGET: -60.97, RSRQ_SOURCE: -3.00, RSRQ_TARGET: -3.00, SINR_SOURCE: 39.09, SINR_TARGET: 49.95, TIME_TO_TRIGGER: 8.00, A3_OFFSET: 8.00, HOF: 1
TIMESTAMP: 29, UE_ID: 248, CELL_SOURCE_ID: 8, CELL_TARGET_ID: 1, RSRP_SOURCE: -83.48, RSRP_TARGET: -69.99, RSRQ_SOURCE: -3.00, RSRQ_TARGET: -3.00, SINR_SOURCE: 26.01, SINR_TARGET: 42.23, TIME_TO_TRIGGER: 8.00, A3_OFFSET: 8.00, HOF: 1
TIMESTAMP: 30, UE_ID: 274, CELL_SOURCE_ID: 8, CELL_TARGET_ID: 1, RSRP_SOURCE: -93.07, RSRP_TARGET: -79.70, RSRQ_SOURCE: -3.00, RSRQ_TARGET: -3.00, SINR_SOURCE: 17.69, SINR_TARGET: 31.36, TIME_TO_TRIGGER: 8.00, A3_OFFSET: 8.00, HOF: 1
TIMESTAMP: 30, UE_ID: 278, CELL_SOURCE_ID: 10, CELL_TARGET_ID: 1, RSRP_SOURCE: -80.84, RSRP_TARGET: -66.91, RSRQ_SOURCE: -3.00, RSRQ_TARGET: -3.00, SINR_SOURCE: 27.89, SINR_TARGET: 41.79, TIME_TO_TRIGGER: 8.00, A3_OFFSET: 8.00, HOF: 1
TIMESTAMP: 34, UE_ID: 262, CELL_SOURCE_ID: 2, CELL_TARGET_ID: 1, RSRP_SOURCE: -84.48, RSRP_TARGET: -73.99, RSRQ_SOURCE: -3.00, RSRQ_TARGET: -3.00, SINR_SOURCE: 27.64, SINR_TARGET: 36.14, TIME_TO_TRIGGER: 8.00, A3_OFFSET: 8.00, HOF: 1
TIMESTAMP: 35, UE_ID: 296, CELL_SOURCE_ID: 3, CELL_TARGET_ID: 1, RSRP_SOURCE: -75.52, RSRP_TARGET: -66.24, RSRQ_SOURCE: -3.00, RSRQ_TARGET: -3.00, SINR_SOURCE: 36.87, SINR_TARGET: 45.22, TIME_TO_TRIGGER: 8.00, A3_OFFSET: 8.00, HOF: 1
TIMESTAMP: 36, UE_ID: 243, CELL_SOURCE_ID: 2, CELL_TARGET_ID: 1, RSRP_SOURCE: -83.30, RSRP_TARGET: -71.73, RSRQ_SOURCE: -3.00, RSRQ_TARGET: -3.00, SINR_SOURCE: 26.08, SINR_TARGET: 36.79, TIME_TO_TRIGGER: 8.00, A3_OFFSET: 8.00, HOF: 1
TIMESTAMP: 39, UE_ID: 293, CELL_SOURCE_ID: 10, CELL_TARGET_ID: 1, RSRP_SOURCE: -82.51, RSRP_TARGET: -58.94, RSRQ_SOURCE: -3.00, RSRQ_TARGET: -3.00, SINR_SOURCE: 26.53, SINR_TARGET: 52.43, TIME_TO_TRIGGER: 8.00, A3_OFFSET: 8.00, HOF: 1
TIMESTAMP: 42, UE_ID: 262, CELL_SOURCE_ID: 1, CELL_TARGET_ID: 2, RSRP_SOURCE: -88.49, RSRP_TARGET: -76.92, RSRQ_SOURCE: -3.00, RSRQ_TARGET: -3.00, SINR_SOURCE: 22.98, SINR_TARGET: 31.43, TIME_TO_TRIGGER: 8.00, A3_OFFSET: 8.00, HOF: 1
TIMESTAMP: 43, UE_ID: 246, CELL_SOURCE_ID: 1, CELL_TARGET_ID: 2, RSRP_SOURCE: -80.38, RSRP_TARGET: -69.60, RSRQ_SOURCE: -3.00, RSRQ_TARGET: -3.00, SINR_SOURCE: 29.31, SINR_TARGET: 40.97, TIME_TO_TRIGGER: 8.00, A3_OFFSET: 8.00, HOF: 1
TIMESTAMP: 44, UE_ID: 244, CELL_SOURCE_ID: 15, CELL_TARGET_ID: 1, RSRP_SOURCE: -87.78, RSRP_TARGET: -74.94, RSRQ_SOURCE: -3.00, RSRQ_TARGET: -3.00, SINR_SOURCE: 24.58, SINR_TARGET: 37.16, TIME_TO_TRIGGER: 8.00, A3_OFFSET: 8.00, HOF: 1
TIMESTAMP: 44, UE_ID: 249, CELL_SOURCE_ID: 2, CELL_TARGET_ID: 1, RSRP_SOURCE: -60.62, RSRP_TARGET: -51.95, RSRQ_SOURCE: -3.00, RSRQ_TARGET: -3.00, SINR_SOURCE: 51.75, SINR_TARGET: 58.05, TIME_TO_TRIGGER: 8.00, A3_OFFSET: 8.00, HOF: 1
TIMESTAMP: 44, UE_ID: 265, CELL_SOURCE_ID: 3, CELL_TARGET_ID: 1, RSRP_SOURCE: -85.71, RSRP_TARGET: -77.54, RSRQ_SOURCE: -3.00, RSRQ_TARGET: -3.00, SINR_SOURCE: 23.04, SINR_TARGET: 32.06, TIME_TO_TRIGGER: 8.00, A3_OFFSET: 8.00, HOF: 1
TIMESTAMP: 44, UE_ID: 273, CELL_SOURCE_ID: 20, CELL_TARGET_ID: 1, RSRP_SOURCE: -86.45, RSRP_TARGET: -75.85, RSRQ_SOURCE: -3.00, RSRQ_TARGET: -3.00, SINR_SOURCE: 23.80, SINR_TARGET: 33.26, TIME_TO_TRIGGER: 8.00, A3_OFFSET: 8.00, HOF: 1
TIMESTAMP: 46, UE_ID: 246, CELL_SOURCE_ID: 2, CELL_TARGET_ID: 1, RSRP_SOURCE: -61.04, RSRP_TARGET: -52.78, RSRQ_SOURCE: -3.00, RSRQ_TARGET: -3.00, SINR_SOURCE: 49.72, SINR_TARGET: 58.59, TIME_TO_TRIGGER: 8.00, A3_OFFSET: 8.00, HOF: 1
TIMESTAMP: 48, UE_ID: 300, CELL_SOURCE_ID: 8, CELL_TARGET_ID: 1, RSRP_SOURCE: -86.58, RSRP_TARGET: -74.44, RSRQ_SOURCE: -3.00, RSRQ_TARGET: -3.00, SINR_SOURCE: 23.82, SINR_TARGET: 40.62, TIME_TO_TRIGGER: 8.00, A3_OFFSET: 8.00, HOF: 1
TIMESTAMP: 52, UE_ID: 243, CELL_SOURCE_ID: 1, CELL_TARGET_ID: 2, RSRP_SOURCE: -84.73, RSRP_TARGET: -76.53, RSRQ_SOURCE: -3.00, RSRQ_TARGET: -3.00, SINR_SOURCE: 26.41, SINR_TARGET: 33.57, TIME_TO_TRIGGER: 8.00, A3_OFFSET: 8.00, HOF: 1
TIMESTAMP: 52, UE_ID: 244, CELL_SOURCE_ID: 1, CELL_TARGET_ID: 2, RSRP_SOURCE: -57.17, RSRP_TARGET: -47.63, RSRQ_SOURCE: -3.00, RSRQ_TARGET: -3.00, SINR_SOURCE: 52.93, SINR_TARGET: 62.86, TIME_TO_TRIGGER: 8.00, A3_OFFSET: 8.00, HOF: 1
TIMESTAMP: 52, UE_ID: 246, CELL_SOURCE_ID: 1, CELL_TARGET_ID: 2, RSRP_SOURCE: -94.59, RSRP_TARGET: -85.17, RSRQ_SOURCE: -3.00, RSRQ_TARGET: -3.00, SINR_SOURCE: 19.59, SINR_TARGET: 23.70, TIME_TO_TRIGGER: 8.00, A3_OFFSET: 8.00, HOF: 1
TIMESTAMP: 52, UE_ID: 249, CELL_SOURCE_ID: 1, CELL_TARGET_ID: 2, RSRP_SOURCE: -98.70, RSRP_TARGET: -88.24, RSRQ_SOURCE: -3.00, RSRQ_TARGET: -3.00, SINR_SOURCE: 9.06, SINR_TARGET: 18.33, TIME_TO_TRIGGER: 8.00, A3_OFFSET: 8.00, HOF: 1
TIMESTAMP: 52, UE_ID: 274, CELL_SOURCE_ID: 1, CELL_TARGET_ID: 2, RSRP_SOURCE: -93.41, RSRP_TARGET: -84.60, RSRQ_SOURCE: -3.00, RSRQ_TARGET: -3.00, SINR_SOURCE: 12.52, SINR_TARGET: 25.43, TIME_TO_TRIGGER: 8.00, A3_OFFSET: 8.00, HOF: 1
TIMESTAMP: 52, UE_ID: 296, CELL_SOURCE_ID: 1, CELL_TARGET_ID: 2, RSRP_SOURCE: -90.98, RSRP_TARGET: -76.52, RSRQ_SOURCE: -3.00, RSRQ_TARGET: -3.00, SINR_SOURCE: 16.29, SINR_TARGET: 35.76, TIME_TO_TRIGGER: 8.00, A3_OFFSET: 8.00, HOF: 1
TIMESTAMP: 63, UE_ID: 243, CELL_SOURCE_ID: 2, CELL_TARGET_ID: 1, RSRP_SOURCE: -90.96, RSRP_TARGET: -79.55, RSRQ_SOURCE: -3.00, RSRQ_TARGET: -3.00, SINR_SOURCE: 20.06, SINR_TARGET: 33.43, TIME_TO_TRIGGER: 8.00, A3_OFFSET: 8.00, HOF: 1
TIMESTAMP: 63, UE_ID: 244, CELL_SOURCE_ID: 2, CELL_TARGET_ID: 1, RSRP_SOURCE: -98.24, RSRP_TARGET: -90.10, RSRQ_SOURCE: -3.00, RSRQ_TARGET: -3.00, SINR_SOURCE: 9.96, SINR_TARGET: 20.91, TIME_TO_TRIGGER: 8.00, A3_OFFSET: 8.00, HOF: 1
TIMESTAMP: 63, UE_ID: 246, CELL_SOURCE_ID: 2, CELL_TARGET_ID: 1, RSRP_SOURCE: -96.44, RSRP_TARGET: -85.44, RSRQ_SOURCE: -3.00, RSRQ_TARGET: -3.00, SINR_SOURCE: 11.93, SINR_TARGET: 24.17, TIME_TO_TRIGGER: 8.00, A3_OFFSET: 8.00, HOF: 1
TIMESTAMP: 63, UE_ID: 291, CELL_SOURCE_ID: 15, CELL_TARGET_ID: 1, RSRP_SOURCE: -92.48, RSRP_TARGET: -83.71, RSRQ_SOURCE: -3.00, RSRQ_TARGET: -3.00, SINR_SOURCE: 15.95, SINR_TARGET: 26.85, TIME_TO_TRIGGER: 8.00, A3_OFFSET: 8.00, HOF: 1
TIMESTAMP: 63, UE_ID: 296, CELL_SOURCE_ID: 2, CELL_TARGET_ID: 1, RSRP_SOURCE: -93.08, RSRP_TARGET: -83.34, RSRQ_SOURCE: -3.00, RSRQ_TARGET: -3.00, SINR_SOURCE: 16.21, SINR_TARGET: 29.62, TIME_TO_TRIGGER: 8.00, A3_OFFSET: 8.00, HOF: 1
TIMESTAMP: 64, UE_ID: 260, CELL_SOURCE_ID: 3, CELL_TARGET_ID: 1, RSRP_SOURCE: -97.32, RSRP_TARGET: -87.88, RSRQ_SOURCE: -3.00, RSRQ_TARGET: -3.00, SINR_SOURCE: 13.67, SINR_TARGET: 22.09, TIME_TO_TRIGGER: 8.00, A3_OFFSET: 8.00, HOF: 1
TIMESTAMP: 64, UE_ID: 290, CELL_SOURCE_ID: 3, CELL_TARGET_ID: 1, RSRP_SOURCE: -102.15, RSRP_TARGET: -93.59, RSRQ_SOURCE: -3.00, RSRQ_TARGET: -3.00, SINR_SOURCE: 11.24, SINR_TARGET: 16.46, TIME_TO_TRIGGER: 8.00, A3_OFFSET: 8.00, HOF: 1
TIMESTAMP: 66, UE_ID: 254, CELL_SOURCE_ID: 17, CELL_TARGET_ID: 4, RSRP_SOURCE: -106.30, RSRP_TARGET: -94.27, RSRQ_SOURCE: -3.00, RSRQ_TARGET: -3.00, SINR_SOURCE: 2.51, SINR_TARGET: 16.59, TIME_TO_TRIGGER: 8.00, A3_OFFSET: 8.00, HOF: 1
TIMESTAMP: 69, UE_ID: 243, CELL_SOURCE_ID: 1, CELL_TARGET_ID: 2, RSRP_SOURCE: -97.72, RSRP_TARGET: -89.37, RSRQ_SOURCE: -3.00, RSRQ_TARGET: -3.00, SINR_SOURCE: 12.95, SINR_TARGET: 20.32, TIME_TO_TRIGGER: 8.00, A3_OFFSET: 8.00, HOF: 1
TIMESTAMP: 69, UE_ID: 253, CELL_SOURCE_ID: 17, CELL_TARGET_ID: 2, RSRP_SOURCE: -102.83, RSRP_TARGET: -94.55, RSRQ_SOURCE: -3.00, RSRQ_TARGET: -3.00, SINR_SOURCE: 7.91, SINR_TARGET: 13.69, TIME_TO_TRIGGER: 8.00, A3_OFFSET: 8.00, HOF: 1
TIMESTAMP: 71, UE_ID: 245, CELL_SOURCE_ID: 9, CELL_TARGET_ID: 1, RSRP_SOURCE: -104.51, RSRP_TARGET: -96.12, RSRQ_SOURCE: -3.00, RSRQ_TARGET: -3.00, SINR_SOURCE: 7.48, SINR_TARGET: 13.51, TIME_TO_TRIGGER: 8.00, A3_OFFSET: 8.00, HOF: 1
TIMESTAMP: 71, UE_ID: 258, CELL_SOURCE_ID: 10, CELL_TARGET_ID: 1, RSRP_SOURCE: -98.02, RSRP_TARGET: -89.82, RSRQ_SOURCE: -3.00, RSRQ_TARGET: -3.00, SINR_SOURCE: 14.04, SINR_TARGET: 20.48, TIME_TO_TRIGGER: 8.00, A3_OFFSET: 8.00, HOF: 1
TIMESTAMP: 71, UE_ID: 272, CELL_SOURCE_ID: 10, CELL_TARGET_ID: 1, RSRP_SOURCE: -97.82, RSRP_TARGET: -86.35, RSRQ_SOURCE: -3.00, RSRQ_TARGET: -3.00, SINR_SOURCE: 12.94, SINR_TARGET: 23.15, TIME_TO_TRIGGER: 8.00, A3_OFFSET: 8.00, HOF: 1
TIMESTAMP: 73, UE_ID: 245, CELL_SOURCE_ID: 1, CELL_TARGET_ID: 3, RSRP_SOURCE: -104.13, RSRP_TARGET: -94.81, RSRQ_SOURCE: -3.00, RSRQ_TARGET: -3.00, SINR_SOURCE: 6.19, SINR_TARGET: 15.16, TIME_TO_TRIGGER: 8.00, A3_OFFSET: 8.00, HOF: 1
TIMESTAMP: 73, UE_ID: 249, CELL_SOURCE_ID: 2, CELL_TARGET_ID: 3, RSRP_SOURCE: -104.07, RSRP_TARGET: -93.61, RSRQ_SOURCE: -3.00, RSRQ_TARGET: -3.00, SINR_SOURCE: 5.72, SINR_TARGET: 18.98, TIME_TO_TRIGGER: 8.00, A3_OFFSET: 8.00, HOF: 1
TIMESTAMP: 73, UE_ID: 253, CELL_SOURCE_ID: 2, CELL_TARGET_ID: 3, RSRP_SOURCE: -100.76, RSRP_TARGET: -91.90, RSRQ_SOURCE: -3.00, RSRQ_TARGET: -3.00, SINR_SOURCE: 10.48, SINR_TARGET: 17.52, TIME_TO_TRIGGER: 8.00, A3_OFFSET: 8.00, HOF: 1
TIMESTAMP: 73, UE_ID: 258, CELL_SOURCE_ID: 1, CELL_TARGET_ID: 3, RSRP_SOURCE: -101.15, RSRP_TARGET: -91.38, RSRQ_SOURCE: -3.00, RSRQ_TARGET: -3.00, SINR_SOURCE: 11.84, SINR_TARGET: 16.59, TIME_TO_TRIGGER: 8.00, A3_OFFSET: 8.00, HOF: 1
TIMESTAMP: 74, UE_ID: 256, CELL_SOURCE_ID: 17, CELL_TARGET_ID: 1, RSRP_SOURCE: -102.96, RSRP_TARGET: -91.32, RSRQ_SOURCE: -3.00, RSRQ_TARGET: -3.00, SINR_SOURCE: 6.97, SINR_TARGET: 19.21, TIME_TO_TRIGGER: 8.00, A3_OFFSET: 8.00, HOF: 1
TIMESTAMP: 75, UE_ID: 251, CELL_SOURCE_ID: 20, CELL_TARGET_ID: 2, RSRP_SOURCE: -106.51, RSRP_TARGET: -97.92, RSRQ_SOURCE: -3.00, RSRQ_TARGET: -3.00, SINR_SOURCE: 4.45, SINR_TARGET: 12.13, TIME_TO_TRIGGER: 8.00, A3_OFFSET: 8.00, HOF: 1
TIMESTAMP: 76, UE_ID: 255, CELL_SOURCE_ID: 8, CELL_TARGET_ID: 2, RSRP_SOURCE: -106.56, RSRP_TARGET: -98.37, RSRQ_SOURCE: -3.00, RSRQ_TARGET: -3.00, SINR_SOURCE: 1.34, SINR_TARGET: 13.16, TIME_TO_TRIGGER: 8.00, A3_OFFSET: 8.00, HOF: 1
TIMESTAMP: 76, UE_ID: 275, CELL_SOURCE_ID: 20, CELL_TARGET_ID: 2, RSRP_SOURCE: -102.18, RSRP_TARGET: -93.61, RSRQ_SOURCE: -3.00, RSRQ_TARGET: -3.00, SINR_SOURCE: 7.64, SINR_TARGET: 13.53, TIME_TO_TRIGGER: 8.00, A3_OFFSET: 8.00, HOF: 1
TIMESTAMP: 77, UE_ID: 244, CELL_SOURCE_ID: 1, CELL_TARGET_ID: 2, RSRP_SOURCE: -94.24, RSRP_TARGET: -86.14, RSRQ_SOURCE: -3.00, RSRQ_TARGET: -3.00, SINR_SOURCE: 15.34, SINR_TARGET: 24.53, TIME_TO_TRIGGER: 8.00, A3_OFFSET: 8.00, HOF: 1
TIMESTAMP: 77, UE_ID: 246, CELL_SOURCE_ID: 1, CELL_TARGET_ID: 2, RSRP_SOURCE: -101.83, RSRP_TARGET: -91.41, RSRQ_SOURCE: -3.00, RSRQ_TARGET: -3.00, SINR_SOURCE: 4.88, SINR_TARGET: 16.92, TIME_TO_TRIGGER: 8.00, A3_OFFSET: 8.00, HOF: 1
TIMESTAMP: 77, UE_ID: 256, CELL_SOURCE_ID: 1, CELL_TARGET_ID: 2, RSRP_SOURCE: -100.90, RSRP_TARGET: -90.56, RSRQ_SOURCE: -3.00, RSRQ_TARGET: -3.00, SINR_SOURCE: 9.19, SINR_TARGET: 20.94, TIME_TO_TRIGGER: 8.00, A3_OFFSET: 8.00, HOF: 1
TIMESTAMP: 77, UE_ID: 296, CELL_SOURCE_ID: 1, CELL_TARGET_ID: 2, RSRP_SOURCE: -95.31, RSRP_TARGET: -81.89, RSRQ_SOURCE: -3.00, RSRQ_TARGET: -3.00, SINR_SOURCE: 9.89, SINR_TARGET: 24.35, TIME_TO_TRIGGER: 8.00, A3_OFFSET: 8.00, HOF: 1
TIMESTAMP: 77, UE_ID: 300, CELL_SOURCE_ID: 1, CELL_TARGET_ID: 2, RSRP_SOURCE: -96.87, RSRP_TARGET: -83.78, RSRQ_SOURCE: -3.00, RSRQ_TARGET: -3.00, SINR_SOURCE: 12.95, SINR_TARGET: 27.53, TIME_TO_TRIGGER: 8.00, A3_OFFSET: 8.00, HOF: 1
TIMESTAMP: 81, UE_ID: 275, CELL_SOURCE_ID: 2, CELL_TARGET_ID: 3, RSRP_SOURCE: -108.64, RSRP_TARGET: -97.52, RSRQ_SOURCE: -3.00, RSRQ_TARGET: -3.00, SINR_SOURCE: -1.08, SINR_TARGET: 12.90, TIME_TO_TRIGGER: 8.00, A3_OFFSET: 8.00, HOF: 1
TIMESTAMP: 82, UE_ID: 296, CELL_SOURCE_ID: 2, CELL_TARGET_ID: 4, RSRP_SOURCE: -102.20, RSRP_TARGET: -88.15, RSRQ_SOURCE: -3.00, RSRQ_TARGET: -3.00, SINR_SOURCE: 7.45, SINR_TARGET: 18.87, TIME_TO_TRIGGER: 8.00, A3_OFFSET: 8.00, HOF: 1
TIMESTAMP: 82, UE_ID: 300, CELL_SOURCE_ID: 2, CELL_TARGET_ID: 4, RSRP_SOURCE: -101.86, RSRP_TARGET: -90.26, RSRQ_SOURCE: -3.00, RSRQ_TARGET: -3.00, SINR_SOURCE: 6.92, SINR_TARGET: 22.81, TIME_TO_TRIGGER: 8.00, A3_OFFSET: 8.00, HOF: 1
TIMESTAMP: 83, UE_ID: 274, CELL_SOURCE_ID: 2, CELL_TARGET_ID: 3, RSRP_SOURCE: -100.94, RSRP_TARGET: -87.72, RSRQ_SOURCE: -3.00, RSRQ_TARGET: -3.00, SINR_SOURCE: 11.61, SINR_TARGET: 22.93, TIME_TO_TRIGGER: 8.00, A3_OFFSET: 8.00, HOF: 1
TIMESTAMP: 84, UE_ID: 262, CELL_SOURCE_ID: 2, CELL_TARGET_ID: 18, RSRP_SOURCE: -107.09, RSRP_TARGET: -95.76, RSRQ_SOURCE: -3.00, RSRQ_TARGET: -3.00, SINR_SOURCE: 3.60, SINR_TARGET: 14.73, TIME_TO_TRIGGER: 8.00, A3_OFFSET: 8.00, HOF: 1
TIMESTAMP: 85, UE_ID: 259, CELL_SOURCE_ID: 12, CELL_TARGET_ID: 2, RSRP_SOURCE: -104.10, RSRP_TARGET: -95.91, RSRQ_SOURCE: -3.00, RSRQ_TARGET: -3.00, SINR_SOURCE: 6.96, SINR_TARGET: 13.63, TIME_TO_TRIGGER: 8.00, A3_OFFSET: 8.00, HOF: 1
TIMESTAMP: 86, UE_ID: 248, CELL_SOURCE_ID: 1, CELL_TARGET_ID: 2, RSRP_SOURCE: -102.60, RSRP_TARGET: -93.19, RSRQ_SOURCE: -3.00, RSRQ_TARGET: -3.00, SINR_SOURCE: 7.74, SINR_TARGET: 18.61, TIME_TO_TRIGGER: 8.00, A3_OFFSET: 8.00, HOF: 1
TIMESTAMP: 87, UE_ID: 245, CELL_SOURCE_ID: 3, CELL_TARGET_ID: 6, RSRP_SOURCE: -103.68, RSRP_TARGET: -94.49, RSRQ_SOURCE: -3.00, RSRQ_TARGET: -3.00, SINR_SOURCE: 7.05, SINR_TARGET: 15.39, TIME_TO_TRIGGER: 8.00, A3_OFFSET: 8.00, HOF: 1
TIMESTAMP: 87, UE_ID: 253, CELL_SOURCE_ID: 3, CELL_TARGET_ID: 6, RSRP_SOURCE: -104.67, RSRP_TARGET: -93.45, RSRQ_SOURCE: -3.00, RSRQ_TARGET: -3.00, SINR_SOURCE: 5.25, SINR_TARGET: 15.57, TIME_TO_TRIGGER: 8.00, A3_OFFSET: 8.00, HOF: 1
TIMESTAMP: 88, UE_ID: 243, CELL_SOURCE_ID: 2, CELL_TARGET_ID: 1, RSRP_SOURCE: -96.54, RSRP_TARGET: -85.99, RSRQ_SOURCE: -3.00, RSRQ_TARGET: -3.00, SINR_SOURCE: 15.82, SINR_TARGET: 21.68, TIME_TO_TRIGGER: 8.00, A3_OFFSET: 8.00, HOF: 1
TIMESTAMP: 88, UE_ID: 246, CELL_SOURCE_ID: 2, CELL_TARGET_ID: 1, RSRP_SOURCE: -105.52, RSRP_TARGET: -96.25, RSRQ_SOURCE: -3.00, RSRQ_TARGET: -3.00, SINR_SOURCE: 2.96, SINR_TARGET: 11.76, TIME_TO_TRIGGER: 8.00, A3_OFFSET: 8.00, HOF: 1
TIMESTAMP: 88, UE_ID: 248, CELL_SOURCE_ID: 2, CELL_TARGET_ID: 1, RSRP_SOURCE: -96.97, RSRP_TARGET: -88.30, RSRQ_SOURCE: -3.00, RSRQ_TARGET: -3.00, SINR_SOURCE: 14.57, SINR_TARGET: 26.10, TIME_TO_TRIGGER: 8.00, A3_OFFSET: 8.00, HOF: 1
TIMESTAMP: 88, UE_ID: 251, CELL_SOURCE_ID: 2, CELL_TARGET_ID: 1, RSRP_SOURCE: -106.82, RSRP_TARGET: -97.72, RSRQ_SOURCE: -3.00, RSRQ_TARGET: -3.00, SINR_SOURCE: 2.12, SINR_TARGET: 10.53, TIME_TO_TRIGGER: 8.00, A3_OFFSET: 8.00, HOF: 1
TIMESTAMP: 92, UE_ID: 247, CELL_SOURCE_ID: 6, CELL_TARGET_ID: 4, RSRP_SOURCE: -105.18, RSRP_TARGET: -95.41, RSRQ_SOURCE: -3.00, RSRQ_TARGET: -3.00, SINR_SOURCE: 3.84, SINR_TARGET: 14.07, TIME_TO_TRIGGER: 8.00, A3_OFFSET: 8.00, HOF: 1
TIMESTAMP: 93, UE_ID: 246, CELL_SOURCE_ID: 1, CELL_TARGET_ID: 2, RSRP_SOURCE: -100.37, RSRP_TARGET: -90.24, RSRQ_SOURCE: -3.00, RSRQ_TARGET: -3.00, SINR_SOURCE: 6.85, SINR_TARGET: 20.46, TIME_TO_TRIGGER: 8.00, A3_OFFSET: 8.00, HOF: 1
TIMESTAMP: 93, UE_ID: 272, CELL_SOURCE_ID: 1, CELL_TARGET_ID: 2, RSRP_SOURCE: -107.54, RSRP_TARGET: -96.98, RSRQ_SOURCE: -3.00, RSRQ_TARGET: -3.00, SINR_SOURCE: 6.98, SINR_TARGET: 14.84, TIME_TO_TRIGGER: 8.00, A3_OFFSET: 8.00, HOF: 1
TIMESTAMP: 93, UE_ID: 277, CELL_SOURCE_ID: 15, CELL_TARGET_ID: 2, RSRP_SOURCE: -102.06, RSRP_TARGET: -89.93, RSRQ_SOURCE: -3.00, RSRQ_TARGET: -3.00, SINR_SOURCE: 6.51, SINR_TARGET: 21.50, TIME_TO_TRIGGER: 8.00, A3_OFFSET: 8.00, HOF: 1
TIMESTAMP: 93, UE_ID: 290, CELL_SOURCE_ID: 1, CELL_TARGET_ID: 2, RSRP_SOURCE: -105.11, RSRP_TARGET: -96.03, RSRQ_SOURCE: -3.00, RSRQ_TARGET: -3.00, SINR_SOURCE: 4.61, SINR_TARGET: 12.54, TIME_TO_TRIGGER: 8.00, A3_OFFSET: 8.00, HOF: 0
TIMESTAMP: 93, UE_ID: 293, CELL_SOURCE_ID: 1, CELL_TARGET_ID: 2, RSRP_SOURCE: -92.86, RSRP_TARGET: -83.02, RSRQ_SOURCE: -3.00, RSRQ_TARGET: -3.00, SINR_SOURCE: 16.22, SINR_TARGET: 25.15, TIME_TO_TRIGGER: 8.00, A3_OFFSET: 8.00, HOF: 1
TIMESTAMP: 94, UE_ID: 274, CELL_SOURCE_ID: 3, CELL_TARGET_ID: 5, RSRP_SOURCE: -107.01, RSRP_TARGET: -94.90, RSRQ_SOURCE: -3.00, RSRQ_TARGET: -3.00, SINR_SOURCE: 2.02, SINR_TARGET: 14.28, TIME_TO_TRIGGER: 8.00, A3_OFFSET: 8.00, HOF: 1
TIMESTAMP: 95, UE_ID: 272, CELL_SOURCE_ID: 2, CELL_TARGET_ID: 1, RSRP_SOURCE: -102.44, RSRP_TARGET: -92.82, RSRQ_SOURCE: -3.00, RSRQ_TARGET: -3.00, SINR_SOURCE: 4.69, SINR_TARGET: 21.74, TIME_TO_TRIGGER: 8.00, A3_OFFSET: 8.00, HOF: 1
TIMESTAMP: 95, UE_ID: 298, CELL_SOURCE_ID: 2, CELL_TARGET_ID: 1, RSRP_SOURCE: -102.29, RSRP_TARGET: -92.13, RSRQ_SOURCE: -3.00, RSRQ_TARGET: -3.00, SINR_SOURCE: 8.03, SINR_TARGET: 14.89, TIME_TO_TRIGGER: 8.00, A3_OFFSET: 8.00, HOF: 1
TIMESTAMP: 97, UE_ID: 254, CELL_SOURCE_ID: 4, CELL_TARGET_ID: 17, RSRP_SOURCE: -106.30, RSRP_TARGET: -96.36, RSRQ_SOURCE: -3.00, RSRQ_TARGET: -3.00, SINR_SOURCE: 2.66, SINR_TARGET: 13.24, TIME_TO_TRIGGER: 8.00, A3_OFFSET: 8.00, HOF: 1
TIMESTAMP: 97, UE_ID: 286, CELL_SOURCE_ID: 4, CELL_TARGET_ID: 1, RSRP_SOURCE: -102.02, RSRP_TARGET: -93.42, RSRQ_SOURCE: -3.00, RSRQ_TARGET: -3.00, SINR_SOURCE: 6.01, SINR_TARGET: 17.08, TIME_TO_TRIGGER: 8.00, A3_OFFSET: 8.00, HOF: 1
TIMESTAMP: 99, UE_ID: 298, CELL_SOURCE_ID: 1, CELL_TARGET_ID: 15, RSRP_SOURCE: -108.15, RSRP_TARGET: -99.13, RSRQ_SOURCE: -3.00, RSRQ_TARGET: -3.00, SINR_SOURCE: 2.43, SINR_TARGET: 8.86, TIME_TO_TRIGGER: 8.00, A3_OFFSET: 8.00, HOF: 1
TIMESTAMP: 100, UE_ID: 254, CELL_SOURCE_ID: 17, CELL_TARGET_ID: 4, RSRP_SOURCE: -106.32, RSRP_TARGET: -96.54, RSRQ_SOURCE: -3.00, RSRQ_TARGET: -3.00, SINR_SOURCE: 3.92, SINR_TARGET: 12.64, TIME_TO_TRIGGER: 8.00, A3_OFFSET: 8.00, HOF: 1
TIMESTAMP: 101, UE_ID: 242, CELL_SOURCE_ID: 17, CELL_TARGET_ID: 1, RSRP_SOURCE: -102.43, RSRP_TARGET: -93.60, RSRQ_SOURCE: -3.00, RSRQ_TARGET: -3.00, SINR_SOURCE: 5.30, SINR_TARGET: 15.03, TIME_TO_TRIGGER: 8.00, A3_OFFSET: 8.00, HOF: 1
TIMESTAMP: 102, UE_ID: 267, CELL_SOURCE_ID: 21, CELL_TARGET_ID: 4, RSRP_SOURCE: -107.83, RSRP_TARGET: -99.12, RSRQ_SOURCE: -3.00, RSRQ_TARGET: -3.00, SINR_SOURCE: 3.54, SINR_TARGET: 8.50, TIME_TO_TRIGGER: 8.00, A3_OFFSET: 8.00, HOF: 1
TIMESTAMP: 103, UE_ID: 281, CELL_SOURCE_ID: 5, CELL_TARGET_ID: 1, RSRP_SOURCE: -101.45, RSRP_TARGET: -91.32, RSRQ_SOURCE: -3.00, RSRQ_TARGET: -3.00, SINR_SOURCE: 8.38, SINR_TARGET: 20.06, TIME_TO_TRIGGER: 8.00, A3_OFFSET: 8.00, HOF: 1
TIMESTAMP: 105, UE_ID: 280, CELL_SOURCE_ID: 17, CELL_TARGET_ID: 1, RSRP_SOURCE: -107.24, RSRP_TARGET: -98.72, RSRQ_SOURCE: -3.00, RSRQ_TARGET: -3.00, SINR_SOURCE: 1.50, SINR_TARGET: 11.00, TIME_TO_TRIGGER: 8.00, A3_OFFSET: 8.00, HOF: 1
TIMESTAMP: 106, UE_ID: 264, CELL_SOURCE_ID: 8, CELL_TARGET_ID: 1, RSRP_SOURCE: -104.02, RSRP_TARGET: -93.90, RSRQ_SOURCE: -3.00, RSRQ_TARGET: -3.00, SINR_SOURCE: 1.57, SINR_TARGET: 16.93, TIME_TO_TRIGGER: 8.00, A3_OFFSET: 8.00, HOF: 1
TIMESTAMP: 110, UE_ID: 272, CELL_SOURCE_ID: 1, CELL_TARGET_ID: 4, RSRP_SOURCE: -102.78, RSRP_TARGET: -91.13, RSRQ_SOURCE: -3.00, RSRQ_TARGET: -3.00, SINR_SOURCE: 6.11, SINR_TARGET: 19.95, TIME_TO_TRIGGER: 8.00, A3_OFFSET: 8.00, HOF: 1
TIMESTAMP: 110, UE_ID: 273, CELL_SOURCE_ID: 1, CELL_TARGET_ID: 4, RSRP_SOURCE: -102.60, RSRP_TARGET: -88.90, RSRQ_SOURCE: -3.00, RSRQ_TARGET: -3.00, SINR_SOURCE: 10.34, SINR_TARGET: 19.85, TIME_TO_TRIGGER: 8.00, A3_OFFSET: 8.00, HOF: 1
TIMESTAMP: 110, UE_ID: 278, CELL_SOURCE_ID: 1, CELL_TARGET_ID: 4, RSRP_SOURCE: -105.44, RSRP_TARGET: -93.96, RSRQ_SOURCE: -3.00, RSRQ_TARGET: -3.00, SINR_SOURCE: 2.07, SINR_TARGET: 13.07, TIME_TO_TRIGGER: 8.00, A3_OFFSET: 8.00, HOF: 1
TIMESTAMP: 110, UE_ID: 291, CELL_SOURCE_ID: 1, CELL_TARGET_ID: 4, RSRP_SOURCE: -100.84, RSRP_TARGET: -92.81, RSRQ_SOURCE: -3.00, RSRQ_TARGET: -3.00, SINR_SOURCE: 10.60, SINR_TARGET: 16.89, TIME_TO_TRIGGER: 8.00, A3_OFFSET: 8.00, HOF: 1
TIMESTAMP: 110, UE_ID: 294, CELL_SOURCE_ID: 1, CELL_TARGET_ID: 4, RSRP_SOURCE: -104.95, RSRP_TARGET: -93.84, RSRQ_SOURCE: -3.00, RSRQ_TARGET: -3.00, SINR_SOURCE: 4.75, SINR_TARGET: 19.47, TIME_TO_TRIGGER: 8.00, A3_OFFSET: 8.00, HOF: 1
TIMESTAMP: 113, UE_ID: 257, CELL_SOURCE_ID: 21, CELL_TARGET_ID: 16, RSRP_SOURCE: -109.94, RSRP_TARGET: -97.37, RSRQ_SOURCE: -3.00, RSRQ_TARGET: -3.00, SINR_SOURCE: 1.80, SINR_TARGET: 8.81, TIME_TO_TRIGGER: 8.00, A3_OFFSET: 8.00, HOF: 1
TIMESTAMP: 116, UE_ID: 259, CELL_SOURCE_ID: 2, CELL_TARGET_ID: 13, RSRP_SOURCE: -105.07, RSRP_TARGET: -96.77, RSRQ_SOURCE: -3.00, RSRQ_TARGET: -3.00, SINR_SOURCE: 7.82, SINR_TARGET: 11.65, TIME_TO_TRIGGER: 8.00, A3_OFFSET: 8.00, HOF: 1
TIMESTAMP: 116, UE_ID: 270, CELL_SOURCE_ID: 6, CELL_TARGET_ID: 1, RSRP_SOURCE: -108.09, RSRP_TARGET: -96.11, RSRQ_SOURCE: -3.00, RSRQ_TARGET: -3.00, SINR_SOURCE: 3.17, SINR_TARGET: 13.41, TIME_TO_TRIGGER: 8.00, A3_OFFSET: 8.00, HOF: 1
TIMESTAMP: 119, UE_ID: 290, CELL_SOURCE_ID: 16, CELL_TARGET_ID: 14, RSRP_SOURCE: -106.99, RSRP_TARGET: -98.87, RSRQ_SOURCE: -3.00, RSRQ_TARGET: -3.00, SINR_SOURCE: 7.14, SINR_TARGET: 14.95, TIME_TO_TRIGGER: 8.00, A3_OFFSET: 8.00, HOF: 1
TIMESTAMP: 120, UE_ID: 243, CELL_SOURCE_ID: 1, CELL_TARGET_ID: 2, RSRP_SOURCE: -97.32, RSRP_TARGET: -83.16, RSRQ_SOURCE: -3.00, RSRQ_TARGET: -3.00, SINR_SOURCE: 14.85, SINR_TARGET: 27.91, TIME_TO_TRIGGER: 8.00, A3_OFFSET: 8.00, HOF: 1
TIMESTAMP: 120, UE_ID: 251, CELL_SOURCE_ID: 16, CELL_TARGET_ID: 2, RSRP_SOURCE: -102.57, RSRP_TARGET: -93.20, RSRQ_SOURCE: -3.00, RSRQ_TARGET: -3.00, SINR_SOURCE: 2.04, SINR_TARGET: 14.02, TIME_TO_TRIGGER: 8.00, A3_OFFSET: 8.00, HOF: 1
TIMESTAMP: 120, UE_ID: 260, CELL_SOURCE_ID: 1, CELL_TARGET_ID: 2, RSRP_SOURCE: -105.04, RSRP_TARGET: -94.74, RSRQ_SOURCE: -3.00, RSRQ_TARGET: -3.00, SINR_SOURCE: 5.33, SINR_TARGET: 16.00, TIME_TO_TRIGGER: 8.00, A3_OFFSET: 8.00, HOF: 1
TIMESTAMP: 120, UE_ID: 264, CELL_SOURCE_ID: 1, CELL_TARGET_ID: 2, RSRP_SOURCE: -105.35, RSRP_TARGET: -96.75, RSRQ_SOURCE: -3.00, RSRQ_TARGET: -3.00, SINR_SOURCE: 4.71, SINR_TARGET: 10.61, TIME_TO_TRIGGER: 8.00, A3_OFFSET: 8.00, HOF: 1
TIMESTAMP: 123, UE_ID: 251, CELL_SOURCE_ID: 2, CELL_TARGET_ID: 1, RSRP_SOURCE: -109.55, RSRP_TARGET: -99.58, RSRQ_SOURCE: -3.00, RSRQ_TARGET: -3.00, SINR_SOURCE: 2.99, SINR_TARGET: 9.49, TIME_TO_TRIGGER: 8.00, A3_OFFSET: 8.00, HOF: 1
TIMESTAMP: 123, UE_ID: 276, CELL_SOURCE_ID: 8, CELL_TARGET_ID: 10, RSRP_SOURCE: -106.37, RSRP_TARGET: -95.66, RSRQ_SOURCE: -3.00, RSRQ_TARGET: -3.00, SINR_SOURCE: 3.14, SINR_TARGET: 13.02, TIME_TO_TRIGGER: 8.00, A3_OFFSET: 8.00, HOF: 1
TIMESTAMP: 127, UE_ID: 273, CELL_SOURCE_ID: 4, CELL_TARGET_ID: 2, RSRP_SOURCE: -109.24, RSRP_TARGET: -98.31, RSRQ_SOURCE: -3.00, RSRQ_TARGET: -3.00, SINR_SOURCE: -0.89, SINR_TARGET: 12.42, TIME_TO_TRIGGER: 8.00, A3_OFFSET: 8.00, HOF: 1
TIMESTAMP: 129, UE_ID: 241, CELL_SOURCE_ID: 2, CELL_TARGET_ID: 7, RSRP_SOURCE: -105.54, RSRP_TARGET: -94.61, RSRQ_SOURCE: -3.00, RSRQ_TARGET: -3.00, SINR_SOURCE: 4.06, SINR_TARGET: 15.68, TIME_TO_TRIGGER: 8.00, A3_OFFSET: 8.00, HOF: 1
TIMESTAMP: 129, UE_ID: 244, CELL_SOURCE_ID: 2, CELL_TARGET_ID: 16, RSRP_SOURCE: -104.03, RSRP_TARGET: -94.91, RSRQ_SOURCE: -3.00, RSRQ_TARGET: -3.00, SINR_SOURCE: 5.36, SINR_TARGET: 14.16, TIME_TO_TRIGGER: 8.00, A3_OFFSET: 8.00, HOF: 1
TIMESTAMP: 129, UE_ID: 276, CELL_SOURCE_ID: 9, CELL_TARGET_ID: 8, RSRP_SOURCE: -107.36, RSRP_TARGET: -98.50, RSRQ_SOURCE: -3.00, RSRQ_TARGET: -3.00, SINR_SOURCE: 2.57, SINR_TARGET: 10.81, TIME_TO_TRIGGER: 8.00, A3_OFFSET: 8.00, HOF: 1
TIMESTAMP: 130, UE_ID: 260, CELL_SOURCE_ID: 2, CELL_TARGET_ID: 18, RSRP_SOURCE: -107.30, RSRP_TARGET: -98.58, RSRQ_SOURCE: -3.00, RSRQ_TARGET: -3.00, SINR_SOURCE: 3.33, SINR_TARGET: 11.59, TIME_TO_TRIGGER: 8.00, A3_OFFSET: 8.00, HOF: 1
TIMESTAMP: 131, UE_ID: 244, CELL_SOURCE_ID: 16, CELL_TARGET_ID: 3, RSRP_SOURCE: -104.13, RSRP_TARGET: -93.90, RSRQ_SOURCE: -3.00, RSRQ_TARGET: -3.00, SINR_SOURCE: 6.49, SINR_TARGET: 17.27, TIME_TO_TRIGGER: 8.00, A3_OFFSET: 8.00, HOF: 1
TIMESTAMP: 131, UE_ID: 283, CELL_SOURCE_ID: 16, CELL_TARGET_ID: 3, RSRP_SOURCE: -106.87, RSRP_TARGET: -98.07, RSRQ_SOURCE: -3.00, RSRQ_TARGET: -3.00, SINR_SOURCE: 3.02, SINR_TARGET: 14.49, TIME_TO_TRIGGER: 8.00, A3_OFFSET: 8.00, HOF: 1
TIMESTAMP: 131, UE_ID: 291, CELL_SOURCE_ID: 4, CELL_TARGET_ID: 3, RSRP_SOURCE: -103.67, RSRP_TARGET: -92.54, RSRQ_SOURCE: -3.00, RSRQ_TARGET: -3.00, SINR_SOURCE: 9.02, SINR_TARGET: 16.62, TIME_TO_TRIGGER: 8.00, A3_OFFSET: 8.00, HOF: 1
TIMESTAMP: 134, UE_ID: 244, CELL_SOURCE_ID: 3, CELL_TARGET_ID: 2, RSRP_SOURCE: -107.19, RSRP_TARGET: -98.62, RSRQ_SOURCE: -3.00, RSRQ_TARGET: -3.00, SINR_SOURCE: 2.25, SINR_TARGET: 7.84, TIME_TO_TRIGGER: 8.00, A3_OFFSET: 8.00, HOF: 1
TIMESTAMP: 134, UE_ID: 283, CELL_SOURCE_ID: 3, CELL_TARGET_ID: 2, RSRP_SOURCE: -109.61, RSRP_TARGET: -97.74, RSRQ_SOURCE: -3.00, RSRQ_TARGET: -3.00, SINR_SOURCE: 1.51, SINR_TARGET: 15.46, TIME_TO_TRIGGER: 8.00, A3_OFFSET: 8.00, HOF: 1
TIMESTAMP: 134, UE_ID: 284, CELL_SOURCE_ID: 21, CELL_TARGET_ID: 19, RSRP_SOURCE: -109.90, RSRP_TARGET: -99.05, RSRQ_SOURCE: -3.00, RSRQ_TARGET: -3.00, SINR_SOURCE: -1.07, SINR_TARGET: 9.30, TIME_TO_TRIGGER: 8.00, A3_OFFSET: 8.00, HOF: 1
TIMESTAMP: 134, UE_ID: 291, CELL_SOURCE_ID: 3, CELL_TARGET_ID: 2, RSRP_SOURCE: -105.97, RSRP_TARGET: -95.61, RSRQ_SOURCE: -3.00, RSRQ_TARGET: -3.00, SINR_SOURCE: 4.51, SINR_TARGET: 12.83, TIME_TO_TRIGGER: 8.00, A3_OFFSET: 8.00, HOF: 1
TIMESTAMP: 138, UE_ID: 296, CELL_SOURCE_ID: 4, CELL_TARGET_ID: 1, RSRP_SOURCE: -105.58, RSRP_TARGET: -94.61, RSRQ_SOURCE: -3.00, RSRQ_TARGET: -3.00, SINR_SOURCE: 5.95, SINR_TARGET: 14.93, TIME_TO_TRIGGER: 8.00, A3_OFFSET: 8.00, HOF: 1
TIMESTAMP: 140, UE_ID: 273, CELL_SOURCE_ID: 2, CELL_TARGET_ID: 4, RSRP_SOURCE: -107.58, RSRP_TARGET: -98.86, RSRQ_SOURCE: -3.00, RSRQ_TARGET: -3.00, SINR_SOURCE: 2.02, SINR_TARGET: 11.33, TIME_TO_TRIGGER: 8.00, A3_OFFSET: 8.00, HOF: 1
TIMESTAMP: 140, UE_ID: 291, CELL_SOURCE_ID: 2, CELL_TARGET_ID: 9, RSRP_SOURCE: -109.68, RSRP_TARGET: -96.88, RSRQ_SOURCE: -3.00, RSRQ_TARGET: -3.00, SINR_SOURCE: -2.26, SINR_TARGET: 12.43, TIME_TO_TRIGGER: 8.00, A3_OFFSET: 8.00, HOF: 1
TIMESTAMP: 140, UE_ID: 300, CELL_SOURCE_ID: 19, CELL_TARGET_ID: 4, RSRP_SOURCE: -104.49, RSRP_TARGET: -91.78, RSRQ_SOURCE: -3.00, RSRQ_TARGET: -3.00, SINR_SOURCE: 4.07, SINR_TARGET: 18.70, TIME_TO_TRIGGER: 8.00, A3_OFFSET: 8.00, HOF: 1
TIMESTAMP: 141, UE_ID: 244, CELL_SOURCE_ID: 2, CELL_TARGET_ID: 5, RSRP_SOURCE: -101.76, RSRP_TARGET: -91.15, RSRQ_SOURCE: -3.00, RSRQ_TARGET: -3.00, SINR_SOURCE: 12.57, SINR_TARGET: 17.43, TIME_TO_TRIGGER: 8.00, A3_OFFSET: 8.00, HOF: 1
TIMESTAMP: 141, UE_ID: 274, CELL_SOURCE_ID: 4, CELL_TARGET_ID: 5, RSRP_SOURCE: -106.04, RSRP_TARGET: -97.92, RSRQ_SOURCE: -3.00, RSRQ_TARGET: -3.00, SINR_SOURCE: 4.03, SINR_TARGET: 9.85, TIME_TO_TRIGGER: 8.00, A3_OFFSET: 8.00, HOF: 1
TIMESTAMP: 141, UE_ID: 289, CELL_SOURCE_ID: 8, CELL_TARGET_ID: 14, RSRP_SOURCE: -108.80, RSRP_TARGET: -95.35, RSRQ_SOURCE: -3.00, RSRQ_TARGET: -3.00, SINR_SOURCE: 0.66, SINR_TARGET: 14.20, TIME_TO_TRIGGER: 8.00, A3_OFFSET: 8.00, HOF: 1
TIMESTAMP: 142, UE_ID: 272, CELL_SOURCE_ID: 5, CELL_TARGET_ID: 6, RSRP_SOURCE: -107.97, RSRP_TARGET: -99.86, RSRQ_SOURCE: -3.00, RSRQ_TARGET: -3.00, SINR_SOURCE: 1.60, SINR_TARGET: 10.75, TIME_TO_TRIGGER: 8.00, A3_OFFSET: 8.00, HOF: 1
TIMESTAMP: 142, UE_ID: 273, CELL_SOURCE_ID: 4, CELL_TARGET_ID: 3, RSRP_SOURCE: -109.16, RSRP_TARGET: -99.42, RSRQ_SOURCE: -3.00, RSRQ_TARGET: -3.00, SINR_SOURCE: 0.42, SINR_TARGET: 12.96, TIME_TO_TRIGGER: 8.00, A3_OFFSET: 8.00, HOF: 1
TIMESTAMP: 143, UE_ID: 256, CELL_SOURCE_ID: 20, CELL_TARGET_ID: 4, RSRP_SOURCE: -109.92, RSRP_TARGET: -98.63, RSRQ_SOURCE: -3.00, RSRQ_TARGET: -3.00, SINR_SOURCE: -0.44, SINR_TARGET: 8.50, TIME_TO_TRIGGER: 8.00, A3_OFFSET: 8.00, HOF: 1
TIMESTAMP: 143, UE_ID: 260, CELL_SOURCE_ID: 18, CELL_TARGET_ID: 1, RSRP_SOURCE: -106.27, RSRP_TARGET: -95.25, RSRQ_SOURCE: -3.00, RSRQ_TARGET: -3.00, SINR_SOURCE: 3.89, SINR_TARGET: 14.64, TIME_TO_TRIGGER: 8.00, A3_OFFSET: 8.00, HOF: 1
TIMESTAMP: 145, UE_ID: 292, CELL_SOURCE_ID: 11, CELL_TARGET_ID: 2, RSRP_SOURCE: -100.87, RSRP_TARGET: -92.78, RSRQ_SOURCE: -3.00, RSRQ_TARGET: -3.00, SINR_SOURCE: 7.20, SINR_TARGET: 18.19, TIME_TO_TRIGGER: 8.00, A3_OFFSET: 8.00, HOF: 1
TIMESTAMP: 146, UE_ID: 248, CELL_SOURCE_ID: 15, CELL_TARGET_ID: 3, RSRP_SOURCE: -107.71, RSRP_TARGET: -99.50, RSRQ_SOURCE: -3.00, RSRQ_TARGET: -3.00, SINR_SOURCE: 0.92, SINR_TARGET: 10.15, TIME_TO_TRIGGER: 8.00, A3_OFFSET: 8.00, HOF: 1
TIMESTAMP: 150, UE_ID: 254, CELL_SOURCE_ID: 4, CELL_TARGET_ID: 5, RSRP_SOURCE: -107.85, RSRP_TARGET: -99.03, RSRQ_SOURCE: -3.00, RSRQ_TARGET: -3.00, SINR_SOURCE: 4.68, SINR_TARGET: 15.03, TIME_TO_TRIGGER: 8.00, A3_OFFSET: 8.00, HOF: 1
TIMESTAMP: 150, UE_ID: 265, CELL_SOURCE_ID: 14, CELL_TARGET_ID: 1, RSRP_SOURCE: -107.09, RSRP_TARGET: -98.29, RSRQ_SOURCE: -3.00, RSRQ_TARGET: -3.00, SINR_SOURCE: 3.75, SINR_TARGET: 9.00, TIME_TO_TRIGGER: 8.00, A3_OFFSET: 8.00, HOF: 1
TIMESTAMP: 152, UE_ID: 246, CELL_SOURCE_ID: 20, CELL_TARGET_ID: 3, RSRP_SOURCE: -104.13, RSRP_TARGET: -95.31, RSRQ_SOURCE: -3.00, RSRQ_TARGET: -3.00, SINR_SOURCE: 7.35, SINR_TARGET: 16.01, TIME_TO_TRIGGER: 8.00, A3_OFFSET: 8.00, HOF: 1
TIMESTAMP: 152, UE_ID: 286, CELL_SOURCE_ID: 10, CELL_TARGET_ID: 7, RSRP_SOURCE: -109.33, RSRP_TARGET: -98.68, RSRQ_SOURCE: -3.00, RSRQ_TARGET: -3.00, SINR_SOURCE: 1.01, SINR_TARGET: 8.33, TIME_TO_TRIGGER: 8.00, A3_OFFSET: 8.00, HOF: 1
TIMESTAMP: 153, UE_ID: 265, CELL_SOURCE_ID: 1, CELL_TARGET_ID: 2, RSRP_SOURCE: -108.49, RSRP_TARGET: -98.81, RSRQ_SOURCE: -3.00, RSRQ_TARGET: -3.00, SINR_SOURCE: 5.08, SINR_TARGET: 11.18, TIME_TO_TRIGGER: 8.00, A3_OFFSET: 8.00, HOF: 1
TIMESTAMP: 154, UE_ID: 296, CELL_SOURCE_ID: 21, CELL_TARGET_ID: 4, RSRP_SOURCE: -108.07, RSRP_TARGET: -97.75, RSRQ_SOURCE: -3.00, RSRQ_TARGET: -3.00, SINR_SOURCE: 3.04, SINR_TARGET: 11.95, TIME_TO_TRIGGER: 8.00, A3_OFFSET: 8.00, HOF: 1
TIMESTAMP: 159, UE_ID: 273, CELL_SOURCE_ID: 12, CELL_TARGET_ID: 2, RSRP_SOURCE: -101.03, RSRP_TARGET: -92.52, RSRQ_SOURCE: -3.00, RSRQ_TARGET: -3.00, SINR_SOURCE: 9.87, SINR_TARGET: 18.97, TIME_TO_TRIGGER: 8.00, A3_OFFSET: 8.00, HOF: 1
TIMESTAMP: 161, UE_ID: 261, CELL_SOURCE_ID: 8, CELL_TARGET_ID: 1, RSRP_SOURCE: -109.97, RSRP_TARGET: -99.22, RSRQ_SOURCE: -3.00, RSRQ_TARGET: -3.00, SINR_SOURCE: -4.23, SINR_TARGET: 8.52, TIME_TO_TRIGGER: 8.00, A3_OFFSET: 8.00, HOF: 1
TIMESTAMP: 163, UE_ID: 260, CELL_SOURCE_ID: 16, CELL_TARGET_ID: 17, RSRP_SOURCE: -108.13, RSRP_TARGET: -96.02, RSRQ_SOURCE: -3.00, RSRQ_TARGET: -3.00, SINR_SOURCE: 0.41, SINR_TARGET: 12.26, TIME_TO_TRIGGER: 8.00, A3_OFFSET: 8.00, HOF: 1
TIMESTAMP: 164, UE_ID: 256, CELL_SOURCE_ID: 1, CELL_TARGET_ID: 7, RSRP_SOURCE: -108.47, RSRP_TARGET: -99.61, RSRQ_SOURCE: -3.00, RSRQ_TARGET: -3.00, SINR_SOURCE: -2.53, SINR_TARGET: 12.06, TIME_TO_TRIGGER: 8.00, A3_OFFSET: 8.00, HOF: 1
TIMESTAMP: 167, UE_ID: 272, CELL_SOURCE_ID: 7, CELL_TARGET_ID: 2, RSRP_SOURCE: -108.14, RSRP_TARGET: -96.60, RSRQ_SOURCE: -3.00, RSRQ_TARGET: -3.00, SINR_SOURCE: 1.36, SINR_TARGET: 15.47, TIME_TO_TRIGGER: 8.00, A3_OFFSET: 8.00, HOF: 1
TIMESTAMP: 168, UE_ID: 273, CELL_SOURCE_ID: 2, CELL_TARGET_ID: 1, RSRP_SOURCE: -105.53, RSRP_TARGET: -97.23, RSRQ_SOURCE: -3.00, RSRQ_TARGET: -3.00, SINR_SOURCE: 11.89, SINR_TARGET: 11.89, TIME_TO_TRIGGER: 8.00, A3_OFFSET: 8.00, HOF: 1
TIMESTAMP: 172, UE_ID: 268, CELL_SOURCE_ID: 9, CELL_TARGET_ID: 10, RSRP_SOURCE: -109.75, RSRP_TARGET: -98.97, RSRQ_SOURCE: -3.00, RSRQ_TARGET: -3.00, SINR_SOURCE: -2.39, SINR_TARGET: 9.89, TIME_TO_TRIGGER: 8.00, A3_OFFSET: 8.00, HOF: 1
TIMESTAMP: 174, UE_ID: 286, CELL_SOURCE_ID: 14, CELL_TARGET_ID: 7, RSRP_SOURCE: -107.45, RSRP_TARGET: -97.69, RSRQ_SOURCE: -3.00, RSRQ_TARGET: -3.00, SINR_SOURCE: 0.22, SINR_TARGET: 13.90, TIME_TO_TRIGGER: 8.00, A3_OFFSET: 8.00, HOF: 1
TIMESTAMP: 175, UE_ID: 259, CELL_SOURCE_ID: 18, CELL_TARGET_ID: 2, RSRP_SOURCE: -105.44, RSRP_TARGET: -95.06, RSRQ_SOURCE: -3.00, RSRQ_TARGET: -3.00, SINR_SOURCE: 0.44, SINR_TARGET: 15.73, TIME_TO_TRIGGER: 8.00, A3_OFFSET: 8.00, HOF: 1
TIMESTAMP: 175, UE_ID: 260, CELL_SOURCE_ID: 18, CELL_TARGET_ID: 1, RSRP_SOURCE: -107.72, RSRP_TARGET: -99.65, RSRQ_SOURCE: -3.00, RSRQ_TARGET: -3.00, SINR_SOURCE: 2.97, SINR_TARGET: 11.13, TIME_TO_TRIGGER: 8.00, A3_OFFSET: 8.00, HOF: 1
TIMESTAMP: 175, UE_ID: 269, CELL_SOURCE_ID: 7, CELL_TARGET_ID: 3, RSRP_SOURCE: -106.12, RSRP_TARGET: -97.02, RSRQ_SOURCE: -3.00, RSRQ_TARGET: -3.00, SINR_SOURCE: 4.02, SINR_TARGET: 12.65, TIME_TO_TRIGGER: 8.00, A3_OFFSET: 8.00, HOF: 0
TIMESTAMP: 181, UE_ID: 286, CELL_SOURCE_ID: 7, CELL_TARGET_ID: 1, RSRP_SOURCE: -109.95, RSRP_TARGET: -99.53, RSRQ_SOURCE: -3.00, RSRQ_TARGET: -3.00, SINR_SOURCE: 0.14, SINR_TARGET: 11.68, TIME_TO_TRIGGER: 8.00, A3_OFFSET: 8.00, HOF: 1
TIMESTAMP: 183, UE_ID: 258, CELL_SOURCE_ID: 14, CELL_TARGET_ID: 10, RSRP_SOURCE: -105.77, RSRP_TARGET: -97.76, RSRQ_SOURCE: -3.00, RSRQ_TARGET: -3.00, SINR_SOURCE: 4.56, SINR_TARGET: 12.01, TIME_TO_TRIGGER: 8.00, A3_OFFSET: 8.00, HOF: 1
TIMESTAMP: 188, UE_ID: 270, CELL_SOURCE_ID: 11, CELL_TARGET_ID: 1, RSRP_SOURCE: -101.99, RSRP_TARGET: -93.43, RSRQ_SOURCE: -3.00, RSRQ_TARGET: -3.00, SINR_SOURCE: 11.17, SINR_TARGET: 18.48, TIME_TO_TRIGGER: 8.00, A3_OFFSET: 8.00, HOF: 1
TIMESTAMP: 192, UE_ID: 241, CELL_SOURCE_ID: 11, CELL_TARGET_ID: 6, RSRP_SOURCE: -107.72, RSRP_TARGET: -99.28, RSRQ_SOURCE: -3.00, RSRQ_TARGET: -3.00, SINR_SOURCE: -0.41, SINR_TARGET: 12.34, TIME_TO_TRIGGER: 8.00, A3_OFFSET: 8.00, HOF: 1
TIMESTAMP: 196, UE_ID: 274, CELL_SOURCE_ID: 19, CELL_TARGET_ID: 4, RSRP_SOURCE: -108.51, RSRP_TARGET: -98.76, RSRQ_SOURCE: -3.00, RSRQ_TARGET: -3.00, SINR_SOURCE: 4.45, SINR_TARGET: 13.53, TIME_TO_TRIGGER: 8.00, A3_OFFSET: 8.00, HOF: 1
TIMESTAMP: 197, UE_ID: 260, CELL_SOURCE_ID: 20, CELL_TARGET_ID: 16, RSRP_SOURCE: -108.90, RSRP_TARGET: -98.41, RSRQ_SOURCE: -3.00, RSRQ_TARGET: -3.00, SINR_SOURCE: 4.79, SINR_TARGET: 9.55, TIME_TO_TRIGGER: 8.00, A3_OFFSET: 8.00, HOF: 1
TIMESTAMP: 197, UE_ID: 293, CELL_SOURCE_ID: 5, CELL_TARGET_ID: 4, RSRP_SOURCE: -107.99, RSRP_TARGET: -99.63, RSRQ_SOURCE: -3.00, RSRQ_TARGET: -3.00, SINR_SOURCE: 1.24, SINR_TARGET: 11.01, TIME_TO_TRIGGER: 8.00, A3_OFFSET: 8.00, HOF: 1
TIMESTAMP: 199, UE_ID: 263, CELL_SOURCE_ID: 7, CELL_TARGET_ID: 8, RSRP_SOURCE: -107.82, RSRP_TARGET: -98.32, RSRQ_SOURCE: -3.00, RSRQ_TARGET: -3.00, SINR_SOURCE: 0.64, SINR_TARGET: 14.87, TIME_TO_TRIGGER: 8.00, A3_OFFSET: 8.00, HOF: 1
TIMESTAMP: 199, UE_ID: 276, CELL_SOURCE_ID: 7, CELL_TARGET_ID: 8, RSRP_SOURCE: -108.21, RSRP_TARGET: -97.52, RSRQ_SOURCE: -3.00, RSRQ_TARGET: -3.00, SINR_SOURCE: 0.64, SINR_TARGET: 14.11, TIME_TO_TRIGGER: 8.00, A3_OFFSET: 8.00, HOF: 1
TIMESTAMP: 200, UE_ID: 244, CELL_SOURCE_ID: 4, CELL_TARGET_ID: 9, RSRP_SOURCE: -109.20, RSRP_TARGET: -99.85, RSRQ_SOURCE: -3.00, RSRQ_TARGET: -3.00, SINR_SOURCE: -0.98, SINR_TARGET: 10.37, TIME_TO_TRIGGER: 8.00, A3_OFFSET: 8.00, HOF: 1
TIMESTAMP: 200, UE_ID: 291, CELL_SOURCE_ID: 10, CELL_TARGET_ID: 2, RSRP_SOURCE: -105.72, RSRP_TARGET: -96.11, RSRQ_SOURCE: -3.00, RSRQ_TARGET: -3.00, SINR_SOURCE: 2.39, SINR_TARGET: 12.39, TIME_TO_TRIGGER: 8.00, A3_OFFSET: 8.00, HOF: 1
TIMESTAMP: 211, UE_ID: 244, CELL_SOURCE_ID: 4, CELL_TARGET_ID: 19, RSRP_SOURCE: -109.80, RSRP_TARGET: -97.80, RSRQ_SOURCE: -3.00, RSRQ_TARGET: -3.00, SINR_SOURCE: 1.24, SINR_TARGET: 12.01, TIME_TO_TRIGGER: 8.00, A3_OFFSET: 8.00, HOF: 1
TIMESTAMP: 215, UE_ID: 280, CELL_SOURCE_ID: 12, CELL_TARGET_ID: 1, RSRP_SOURCE: -97.87, RSRP_TARGET: -89.67, RSRQ_SOURCE: -3.00, RSRQ_TARGET: -3.00, SINR_SOURCE: 14.61, SINR_TARGET: 23.61, TIME_TO_TRIGGER: 8.00, A3_OFFSET: 8.00, HOF: 1
TIMESTAMP: 220, UE_ID: 280, CELL_SOURCE_ID: 1, CELL_TARGET_ID: 10, RSRP_SOURCE: -104.31, RSRP_TARGET: -96.26, RSRQ_SOURCE: -3.00, RSRQ_TARGET: -3.00, SINR_SOURCE: 6.32, SINR_TARGET: 13.34, TIME_TO_TRIGGER: 8.00, A3_OFFSET: 8.00, HOF: 1
TIMESTAMP: 223, UE_ID: 287, CELL_SOURCE_ID: 8, CELL_TARGET_ID: 4, RSRP_SOURCE: -105.25, RSRP_TARGET: -95.57, RSRQ_SOURCE: -3.00, RSRQ_TARGET: -3.00, SINR_SOURCE: 1.94, SINR_TARGET: 14.63, TIME_TO_TRIGGER: 8.00, A3_OFFSET: 8.00, HOF: 1
TIMESTAMP: 229, UE_ID: 286, CELL_SOURCE_ID: 2, CELL_TARGET_ID: 7, RSRP_SOURCE: -105.38, RSRP_TARGET: -72.39, RSRQ_SOURCE: -3.00, RSRQ_TARGET: -3.00, SINR_SOURCE: 6.08, SINR_TARGET: 36.26, TIME_TO_TRIGGER: 8.00, A3_OFFSET: 8.00, HOF: 1
TIMESTAMP: 233, UE_ID: 291, CELL_SOURCE_ID: 9, CELL_TARGET_ID: 4, RSRP_SOURCE: -109.96, RSRP_TARGET: -98.13, RSRQ_SOURCE: -3.00, RSRQ_TARGET: -3.00, SINR_SOURCE: 0.71, SINR_TARGET: 12.67, TIME_TO_TRIGGER: 8.00, A3_OFFSET: 8.00, HOF: 1
TIMESTAMP: 256, UE_ID: 272, CELL_SOURCE_ID: 6, CELL_TARGET_ID: 4, RSRP_SOURCE: -81.11, RSRP_TARGET: -70.44, RSRQ_SOURCE: -3.00, RSRQ_TARGET: -3.00, SINR_SOURCE: 31.45, SINR_TARGET: 40.37, TIME_TO_TRIGGER: 8.00, A3_OFFSET: 8.00, HOF: 1
